travis_fold:start:system_info[0K[33;1mBuild system information[0m
Build language: java
Build id: ''
Job id: ''
[34m[1mBuild image provisioning date and time[0m
Thu Feb  5 15:09:33 UTC 2015
[34m[1mOperating System Details[0m
Distributor ID:	Ubuntu
Description:	Ubuntu 12.04.5 LTS
Release:	12.04
Codename:	precise
[34m[1mLinux Version[0m
3.13.0-29-generic
[34m[1mCookbooks Version[0m
a68419e https://github.com/travis-ci/travis-cookbooks/tree/a68419e
[34m[1mGCC version[0m
gcc (Ubuntu/Linaro 4.6.3-1ubuntu5) 4.6.3
Copyright (C) 2011 Free Software Foundation, Inc.
This is free software; see the source for copying conditions.  There is NO
warranty; not even for MERCHANTABILITY or FITNESS FOR A PARTICULAR PURPOSE.

[34m[1mLLVM version[0m
clang version 3.4 (tags/RELEASE_34/final)
Target: x86_64-unknown-linux-gnu
Thread model: posix
[34m[1mPre-installed Ruby versions[0m
ruby-1.9.3-p551
[34m[1mPre-installed Node.js versions[0m
v0.10.36
[34m[1mPre-installed Go versions[0m
1.4.1
[34m[1mRedis version[0m
redis-server 2.8.19
[34m[1mriak version[0m
2.0.2
[34m[1mMongoDB version[0m
MongoDB 2.4.12
[34m[1mCouchDB version[0m
couchdb 1.6.1
[34m[1mNeo4j version[0m
1.9.4
[34m[1mRabbitMQ Version[0m
3.4.3
[34m[1mElasticSearch version[0m
1.4.0
[34m[1mInstalled Sphinx versions[0m
2.0.10
2.1.9
2.2.6
[34m[1mDefault Sphinx version[0m
2.2.6
[34m[1mInstalled Firefox version[0m
firefox 31.0esr
[34m[1mPhantomJS version[0m
1.9.8
[34m[1mant -version[0m
Apache Ant(TM) version 1.8.2 compiled on December 3 2011
[34m[1mmvn -version[0m
Apache Maven 3.2.5 (12a6b3acb947671f09b81f49094c53f426d8cea1; 2014-12-14T17:29:23+00:00)
Maven home: /usr/local/maven
Java version: 1.7.0_76, vendor: Oracle Corporation
Java home: /usr/lib/jvm/java-7-oracle/jre
Default locale: en_US, platform encoding: ANSI_X3.4-1968
OS name: "linux", version: "3.13.0-29-generic", arch: "amd64", family: "unix"
travis_fold:end:system_info[0K
W: Failed to fetch http://us.archive.ubuntu.com/ubuntu/dists/precise/main/source/Sources  404  Not Found [IP: 91.189.91.39 80]

W: Failed to fetch http://us.archive.ubuntu.com/ubuntu/dists/precise/restricted/source/Sources  404  Not Found [IP: 91.189.91.39 80]

W: Failed to fetch http://us.archive.ubuntu.com/ubuntu/dists/precise/universe/source/Sources  404  Not Found [IP: 91.189.91.39 80]

W: Failed to fetch http://us.archive.ubuntu.com/ubuntu/dists/precise/multiverse/source/Sources  404  Not Found [IP: 91.189.91.39 80]

W: Failed to fetch http://us.archive.ubuntu.com/ubuntu/dists/precise/main/binary-amd64/Packages  404  Not Found [IP: 91.189.91.39 80]

W: Failed to fetch http://us.archive.ubuntu.com/ubuntu/dists/precise/restricted/binary-amd64/Packages  404  Not Found [IP: 91.189.91.39 80]

W: Failed to fetch http://us.archive.ubuntu.com/ubuntu/dists/precise/universe/binary-amd64/Packages  404  Not Found [IP: 91.189.91.39 80]

W: Failed to fetch http://us.archive.ubuntu.com/ubuntu/dists/precise/multiverse/binary-amd64/Packages  404  Not Found [IP: 91.189.91.39 80]

W: Failed to fetch http://us.archive.ubuntu.com/ubuntu/dists/precise/main/binary-i386/Packages  404  Not Found [IP: 91.189.91.39 80]

W: Failed to fetch http://us.archive.ubuntu.com/ubuntu/dists/precise/restricted/binary-i386/Packages  404  Not Found [IP: 91.189.91.39 80]

W: Failed to fetch http://us.archive.ubuntu.com/ubuntu/dists/precise/universe/binary-i386/Packages  404  Not Found [IP: 91.189.91.39 80]

W: Failed to fetch http://us.archive.ubuntu.com/ubuntu/dists/precise/multiverse/binary-i386/Packages  404  Not Found [IP: 91.189.91.39 80]

W: Failed to fetch http://us.archive.ubuntu.com/ubuntu/dists/precise-updates/main/source/Sources  404  Not Found [IP: 91.189.91.39 80]

W: Failed to fetch http://us.archive.ubuntu.com/ubuntu/dists/precise-updates/restricted/source/Sources  404  Not Found [IP: 91.189.91.39 80]

W: Failed to fetch http://us.archive.ubuntu.com/ubuntu/dists/precise-updates/universe/source/Sources  404  Not Found [IP: 91.189.91.39 80]

W: Failed to fetch http://us.archive.ubuntu.com/ubuntu/dists/precise-updates/multiverse/source/Sources  404  Not Found [IP: 91.189.91.39 80]

W: Failed to fetch http://us.archive.ubuntu.com/ubuntu/dists/precise-updates/main/binary-amd64/Packages  404  Not Found [IP: 91.189.91.39 80]

W: Failed to fetch http://us.archive.ubuntu.com/ubuntu/dists/precise-updates/restricted/binary-amd64/Packages  404  Not Found [IP: 91.189.91.39 80]

W: Failed to fetch http://us.archive.ubuntu.com/ubuntu/dists/precise-updates/universe/binary-amd64/Packages  404  Not Found [IP: 91.189.91.39 80]

W: Failed to fetch http://us.archive.ubuntu.com/ubuntu/dists/precise-updates/multiverse/binary-amd64/Packages  404  Not Found [IP: 91.189.91.39 80]

W: Failed to fetch http://us.archive.ubuntu.com/ubuntu/dists/precise-updates/main/binary-i386/Packages  404  Not Found [IP: 91.189.91.39 80]

W: Failed to fetch http://us.archive.ubuntu.com/ubuntu/dists/precise-updates/restricted/binary-i386/Packages  404  Not Found [IP: 91.189.91.39 80]

W: Failed to fetch http://us.archive.ubuntu.com/ubuntu/dists/precise-updates/universe/binary-i386/Packages  404  Not Found [IP: 91.189.91.39 80]

W: Failed to fetch http://us.archive.ubuntu.com/ubuntu/dists/precise-updates/multiverse/binary-i386/Packages  404  Not Found [IP: 91.189.91.39 80]

W: Failed to fetch http://security.ubuntu.com/ubuntu/dists/precise-security/main/source/Sources  404  Not Found [IP: 91.189.91.39 80]

W: Failed to fetch http://security.ubuntu.com/ubuntu/dists/precise-security/restricted/source/Sources  404  Not Found [IP: 91.189.91.39 80]

W: Failed to fetch http://security.ubuntu.com/ubuntu/dists/precise-security/universe/source/Sources  404  Not Found [IP: 91.189.91.39 80]

W: Failed to fetch http://security.ubuntu.com/ubuntu/dists/precise-security/multiverse/source/Sources  404  Not Found [IP: 91.189.91.39 80]

W: Failed to fetch http://security.ubuntu.com/ubuntu/dists/precise-security/main/binary-amd64/Packages  404  Not Found [IP: 91.189.91.39 80]

W: Failed to fetch http://security.ubuntu.com/ubuntu/dists/precise-security/restricted/binary-amd64/Packages  404  Not Found [IP: 91.189.91.39 80]

W: Failed to fetch http://security.ubuntu.com/ubuntu/dists/precise-security/universe/binary-amd64/Packages  404  Not Found [IP: 91.189.91.39 80]

W: Failed to fetch http://security.ubuntu.com/ubuntu/dists/precise-security/multiverse/binary-amd64/Packages  404  Not Found [IP: 91.189.91.39 80]

W: Failed to fetch http://security.ubuntu.com/ubuntu/dists/precise-security/main/binary-i386/Packages  404  Not Found [IP: 91.189.91.39 80]

W: Failed to fetch http://security.ubuntu.com/ubuntu/dists/precise-security/restricted/binary-i386/Packages  404  Not Found [IP: 91.189.91.39 80]

W: Failed to fetch http://security.ubuntu.com/ubuntu/dists/precise-security/universe/binary-i386/Packages  404  Not Found [IP: 91.189.91.39 80]

W: Failed to fetch http://security.ubuntu.com/ubuntu/dists/precise-security/multiverse/binary-i386/Packages  404  Not Found [IP: 91.189.91.39 80]

W: Failed to fetch http://us.archive.ubuntu.com/ubuntu/dists/precise-backports/main/source/Sources  404  Not Found [IP: 91.189.91.39 80]

W: Failed to fetch http://us.archive.ubuntu.com/ubuntu/dists/precise-backports/restricted/source/Sources  404  Not Found [IP: 91.189.91.39 80]

W: Failed to fetch http://us.archive.ubuntu.com/ubuntu/dists/precise-backports/universe/source/Sources  404  Not Found [IP: 91.189.91.39 80]

W: Failed to fetch http://us.archive.ubuntu.com/ubuntu/dists/precise-backports/multiverse/source/Sources  404  Not Found [IP: 91.189.91.39 80]

W: Failed to fetch http://us.archive.ubuntu.com/ubuntu/dists/precise-backports/main/binary-amd64/Packages  404  Not Found [IP: 91.189.91.39 80]

W: Failed to fetch http://us.archive.ubuntu.com/ubuntu/dists/precise-backports/restricted/binary-amd64/Packages  404  Not Found [IP: 91.189.91.39 80]

W: Failed to fetch http://us.archive.ubuntu.com/ubuntu/dists/precise-backports/universe/binary-amd64/Packages  404  Not Found [IP: 91.189.91.39 80]

W: Failed to fetch http://us.archive.ubuntu.com/ubuntu/dists/precise-backports/multiverse/binary-amd64/Packages  404  Not Found [IP: 91.189.91.39 80]

W: Failed to fetch http://us.archive.ubuntu.com/ubuntu/dists/precise-backports/main/binary-i386/Packages  404  Not Found [IP: 91.189.91.39 80]

W: Failed to fetch http://us.archive.ubuntu.com/ubuntu/dists/precise-backports/restricted/binary-i386/Packages  404  Not Found [IP: 91.189.91.39 80]

W: Failed to fetch http://us.archive.ubuntu.com/ubuntu/dists/precise-backports/universe/binary-i386/Packages  404  Not Found [IP: 91.189.91.39 80]

W: Failed to fetch http://us.archive.ubuntu.com/ubuntu/dists/precise-backports/multiverse/binary-i386/Packages  404  Not Found [IP: 91.189.91.39 80]

W: Failed to fetch http://apt.postgresql.org/pub/repos/apt/dists/precise-pgdg/main/binary-amd64/Packages  404  Not Found [IP: 87.238.57.227 80]

W: Failed to fetch http://apt.postgresql.org/pub/repos/apt/dists/precise-pgdg/main/binary-i386/Packages  404  Not Found [IP: 87.238.57.227 80]

W: Failed to fetch http://ppa.launchpad.net/rwky/ppa/ubuntu/dists/precise/main/binary-amd64/Packages  403  Forbidden

W: Failed to fetch http://ppa.launchpad.net/rwky/ppa/ubuntu/dists/precise/main/binary-i386/Packages  403  Forbidden

W: Failed to fetch http://ppa.launchpad.net/travis-ci/zero-mq/ubuntu/dists/precise/main/binary-amd64/Packages  403  Forbidden

W: Failed to fetch http://ppa.launchpad.net/travis-ci/zero-mq/ubuntu/dists/precise/main/binary-i386/Packages  403  Forbidden

W: Failed to fetch http://downloads-distro.mongodb.org/repo/debian-sysvinit/dists/dist/10gen/binary-amd64/Packages  Undetermined Error [IP: 54.175.147.155 80]

W: Failed to fetch http://downloads-distro.mongodb.org/repo/debian-sysvinit/dists/dist/10gen/binary-i386/Packages  Undetermined Error [IP: 54.175.147.155 80]

E: Some index files failed to download. They have been ignored, or old ones used instead.
sed: cannot rename /etc/hosts: Device or resource busy
sed: cannot rename /etc/hosts: Device or resource busy
$ jdk_switcher use openjdk7
Switching to OpenJDK7 (java-1.7.0-openjdk-amd64), JAVA_HOME will be set to /usr/lib/jvm/java-7-openjdk-amd64
$ cd passed/davidmoten/rxjava-jdbc
$ java -Xmx32m -version
java version "1.7.0_75"
OpenJDK Runtime Environment (IcedTea 2.5.4) (7u75-2.5.4-1~precise1)
OpenJDK 64-Bit Server VM (build 24.75-b04, mixed mode)
$ javac -J-Xmx32m -version
javac 1.7.0_75
travis_fold:start:install[0Ktravis_time:start:0a6e625c[0K$ mvn -o install -Dhttps.protocols=TLSv1.2 -Dhttps.protocols=TLSv1.2 -DskipTests=true -Dmaven.javadoc.skip=true -B -V
Apache Maven 3.2.5 (12a6b3acb947671f09b81f49094c53f426d8cea1; 2014-12-14T17:29:23+00:00)
Maven home: /usr/local/maven
Java version: 1.7.0_75, vendor: Oracle Corporation
Java home: /usr/lib/jvm/java-7-openjdk-amd64/jre
Default locale: en_US, platform encoding: UTF-8
OS name: "linux", version: "4.15.0-109-generic", arch: "amd64", family: "unix"
[INFO] Scanning for projects...
[INFO] Inspecting build with total of 1 modules...
[INFO] Installing Nexus Staging features:
[INFO]   ... total of 1 executions of maven-deploy-plugin replaced with nexus-staging-maven-plugin
[INFO]                                                                         
[INFO] ------------------------------------------------------------------------
[INFO] Building rxjava-jdbc 0.5.11-SNAPSHOT
[INFO] ------------------------------------------------------------------------
[INFO] 
[INFO] --- maven-resources-plugin:2.6:resources (default-resources) @ rxjava-jdbc ---
[INFO] Using 'UTF-8' encoding to copy filtered resources.
[INFO] skip non existing resourceDirectory /home/travis/build/passed/davidmoten/rxjava-jdbc/src/main/resources
[INFO] 
[INFO] --- maven-compiler-plugin:3.1:compile (default-compile) @ rxjava-jdbc ---
[INFO] Changes detected - recompiling the module!
[INFO] Compiling 46 source files to /home/travis/build/passed/davidmoten/rxjava-jdbc/target/classes
[INFO] 
[INFO] --- maven-resources-plugin:2.6:testResources (default-testResources) @ rxjava-jdbc ---
[INFO] Using 'UTF-8' encoding to copy filtered resources.
[INFO] Copying 4 resources
[INFO] 
[INFO] --- maven-compiler-plugin:3.1:testCompile (default-testCompile) @ rxjava-jdbc ---
[INFO] Nothing to compile - all classes are up to date
[INFO] 
[INFO] --- maven-surefire-plugin:2.12.4:test (default-test) @ rxjava-jdbc ---
[INFO] Tests are skipped.
[INFO] 
[INFO] --- maven-jar-plugin:2.4:jar (default-jar) @ rxjava-jdbc ---
[INFO] Building jar: /home/travis/build/passed/davidmoten/rxjava-jdbc/target/rxjava-jdbc-0.5.11-SNAPSHOT.jar
[INFO] 
[INFO] --- maven-site-plugin:3.4:attach-descriptor (attach-descriptor) @ rxjava-jdbc ---
[INFO] 
[INFO] --- maven-install-plugin:2.4:install (default-install) @ rxjava-jdbc ---
[INFO] Installing /home/travis/build/passed/davidmoten/rxjava-jdbc/target/rxjava-jdbc-0.5.11-SNAPSHOT.jar to /home/travis/.m2/repository/com/github/davidmoten/rxjava-jdbc/0.5.11-SNAPSHOT/rxjava-jdbc-0.5.11-SNAPSHOT.jar
[INFO] Installing /home/travis/build/passed/davidmoten/rxjava-jdbc/pom.xml to /home/travis/.m2/repository/com/github/davidmoten/rxjava-jdbc/0.5.11-SNAPSHOT/rxjava-jdbc-0.5.11-SNAPSHOT.pom
[INFO] ------------------------------------------------------------------------
[INFO] BUILD SUCCESS
[INFO] ------------------------------------------------------------------------
[INFO] Total time: 19.956 s
[INFO] Finished at: 2022-02-06T05:48:57+00:00
[INFO] Final Memory: 22M/491M
[INFO] ------------------------------------------------------------------------

travis_time:end:0a6e625c:start=1644126516101387791,finish=1644126537655861630,duration=21554473839[0Ktravis_fold:end:install[0Ktravis_time:start:24db3fb1[0K$ mvn test -Dhttps.protocols=TLSv1.2 -Dhttps.protocols=TLSv1.2 -B
[INFO] Scanning for projects...
[INFO] Inspecting build with total of 1 modules...
[INFO] Installing Nexus Staging features:
[INFO]   ... total of 1 executions of maven-deploy-plugin replaced with nexus-staging-maven-plugin
[INFO]                                                                         
[INFO] ------------------------------------------------------------------------
[INFO] Building rxjava-jdbc 0.5.11-SNAPSHOT
[INFO] ------------------------------------------------------------------------
[INFO] 
[INFO] --- maven-resources-plugin:2.6:resources (default-resources) @ rxjava-jdbc ---
[INFO] Using 'UTF-8' encoding to copy filtered resources.
[INFO] skip non existing resourceDirectory /home/travis/build/passed/davidmoten/rxjava-jdbc/src/main/resources
[INFO] 
[INFO] --- maven-compiler-plugin:3.1:compile (default-compile) @ rxjava-jdbc ---
[INFO] Changes detected - recompiling the module!
[INFO] Compiling 46 source files to /home/travis/build/passed/davidmoten/rxjava-jdbc/target/classes
[INFO] 
[INFO] --- maven-resources-plugin:2.6:testResources (default-testResources) @ rxjava-jdbc ---
[INFO] Using 'UTF-8' encoding to copy filtered resources.
[INFO] Copying 4 resources
[INFO] 
[INFO] --- maven-compiler-plugin:3.1:testCompile (default-testCompile) @ rxjava-jdbc ---
[INFO] Nothing to compile - all classes are up to date
[INFO] 
[INFO] --- maven-surefire-plugin:2.12.4:test (default-test) @ rxjava-jdbc ---
[INFO] Surefire report directory: /home/travis/build/passed/davidmoten/rxjava-jdbc/target/surefire-reports

-------------------------------------------------------
 T E S T S
-------------------------------------------------------
Running com.github.davidmoten.rx.DynamicProxyTest
Tests run: 2, Failures: 0, Errors: 0, Skipped: 0, Time elapsed: 0.131 sec
Running com.github.davidmoten.rx.RetryTest
Tests run: 1, Failures: 0, Errors: 0, Skipped: 0, Time elapsed: 0.353 sec
Running com.github.davidmoten.rx.jdbc.ConditionsTest
Tests run: 7, Failures: 0, Errors: 0, Skipped: 0, Time elapsed: 0.002 sec
Running com.github.davidmoten.rx.jdbc.ConnectionDemoTest
Tests run: 1, Failures: 0, Errors: 0, Skipped: 0, Time elapsed: 0.364 sec
Running com.github.davidmoten.rx.jdbc.ConnectionNonClosingTest
Tests run: 1, Failures: 0, Errors: 0, Skipped: 0, Time elapsed: 0.037 sec
Running com.github.davidmoten.rx.jdbc.ConnectionProviderAutoCommittingTest
Tests run: 1, Failures: 0, Errors: 0, Skipped: 0, Time elapsed: 0.023 sec
Running com.github.davidmoten.rx.jdbc.ConnectionProviderFromUrlTest
Tests run: 1, Failures: 0, Errors: 0, Skipped: 0, Time elapsed: 0.001 sec
Running com.github.davidmoten.rx.jdbc.DatabaseAsyncTest
2022-02-06 05:49:04.392 [main] INFO  com.github.davidmoten.rx.RxUtil - 1
2022-02-06 05:49:04.393 [main] INFO  com.github.davidmoten.rx.RxUtil - 2
2022-02-06 05:49:04.393 [main] INFO  com.github.davidmoten.rx.RxUtil - 3
2022-02-06 05:49:04.563 [RxComputationThreadPool-6] INFO  com.github.davidmoten.rx.RxUtil - 0
2022-02-06 05:49:04.565 [RxCachedThreadScheduler-2] INFO  com.github.davidmoten.rx.RxUtil - 21
2022-02-06 05:49:05.341 [main] INFO  com.zaxxer.hikari.HikariDataSource - HikariCP pool HikariPool-0 is starting.
2022-02-06 05:49:05.450 [RxCachedThreadScheduler-2] INFO  com.github.davidmoten.rx.RxUtil - 21
2022-02-06 05:49:05.451 [RxCachedThreadScheduler-1] INFO  com.github.davidmoten.rx.RxUtil - 34
2022-02-06 05:49:05.598 [main] INFO  com.github.davidmoten.rx.RxUtil - rx.Observable@a22a7c7
2022-02-06 05:49:05.598 [main] INFO  com.github.davidmoten.rx.RxUtil - rx.Observable@a22a7c7
2022-02-06 05:49:05.598 [main] INFO  com.github.davidmoten.rx.RxUtil - rx.Observable@6934ff03
2022-02-06 05:49:05.600 [main] INFO  com.github.davidmoten.rx.RxUtil - rx.Observable@770374bf
2022-02-06 05:49:05.600 [main] INFO  com.github.davidmoten.rx.RxUtil - rx.Observable@770374bf
2022-02-06 05:49:05.601 [main] INFO  com.github.davidmoten.rx.RxUtil - rx.Observable@3e5e4a4
2022-02-06 05:49:05.619 [main] INFO  com.github.davidmoten.rx.jdbc.DatabaseTestBase - committed 1
2022-02-06 05:49:05.619 [main] INFO  com.github.davidmoten.rx.jdbc.DatabaseTestBase - gets ok
2022-02-06 05:49:05.620 [main] INFO  com.github.davidmoten.rx.jdbc.DatabaseTestBase - closes ok
Syntax error in SQL statement "ZZZ[*] "; SQL statement:
zzz [42000-178]
Syntax error in SQL statement "ZZZ[*] "; SQL statement:
zzz [42000-178]
2022-02-06 05:49:05.702 [main] INFO  com.zaxxer.hikari.HikariDataSource - HikariCP pool HikariPool-1 is starting.
2022-02-06 05:49:05.709 [main] INFO  com.zaxxer.hikari.pool.HikariPool - HikariCP pool HikariPool-1 is shutting down.
2022-02-06 05:49:05.795 [main] INFO  com.github.davidmoten.rx.jdbc.DatabaseTestBase - committed 1
2022-02-06 05:49:05.795 [main] INFO  com.github.davidmoten.rx.jdbc.DatabaseTestBase - gets ok
2022-02-06 05:49:05.795 [main] INFO  com.github.davidmoten.rx.jdbc.DatabaseTestBase - closes ok
2022-02-06 05:49:05.801 [main] INFO  com.github.davidmoten.rx.RxUtil - rx.Observable@215b9602
2022-02-06 05:49:05.801 [main] INFO  com.github.davidmoten.rx.RxUtil - rx.Observable@215b9602
2022-02-06 05:49:05.801 [main] INFO  com.github.davidmoten.rx.RxUtil - rx.Observable@3d56e6a
2022-02-06 05:49:05.803 [main] INFO  com.github.davidmoten.rx.RxUtil - rx.Observable@640e0e2f
2022-02-06 05:49:05.803 [main] INFO  com.github.davidmoten.rx.RxUtil - rx.Observable@640e0e2f
2022-02-06 05:49:05.803 [main] INFO  com.github.davidmoten.rx.RxUtil - rx.Observable@56c562fa
2022-02-06 05:49:05.869 [main] INFO  com.github.davidmoten.rx.RxUtil - 99
2022-02-06 05:49:05.870 [main] INFO  com.github.davidmoten.rx.RxUtil - 88
2022-02-06 05:49:05.980 [RxComputationThreadPool-7] INFO  com.github.davidmoten.rx.RxUtil - 0
2022-02-06 05:49:05.982 [RxCachedThreadScheduler-3] INFO  com.github.davidmoten.rx.RxUtil - 21
threads=[main]
2022-02-06 05:49:06.023 [main] INFO  com.zaxxer.hikari.HikariDataSource - HikariCP pool HikariPool-2 is starting.
[MARMADUKE, JOSEPH, MARMADUKE, JOSEPH, MARMADUKE, MARMADUKE, MARMADUKE, JOSEPH, MARMADUKE, JOSEPH, MARMADUKE, MARMADUKE]
2022-02-06 05:49:06.117 [main] INFO  com.github.davidmoten.rx.RxUtil - 99
2022-02-06 05:49:06.119 [main] INFO  com.github.davidmoten.rx.RxUtil - 88
2022-02-06 05:49:06.168 [RxCachedThreadScheduler-1] INFO  com.github.davidmoten.rx.RxUtil - 3
Column "NAMEZ" not found; SQL statement:
select namez from person where name=? [42122-178]
Column "NAMEZ" not found; SQL statement:
select namez from person where name=? [42122-178]
Tests run: 98, Failures: 0, Errors: 0, Skipped: 0, Time elapsed: 2.3 sec
Running com.github.davidmoten.rx.jdbc.DatabaseMasterDetailTest
MasterAndDetails [id=1, name=FRED, details=[Detail [id=10, description=a good fellow], Detail [id=11, description=rides his bike]]]
MasterAndDetails [id=2, name=JOHN, details=[Detail [id=20, description=a bit of a bore], Detail [id=21, description=is a good cook]]]
Tests run: 2, Failures: 0, Errors: 0, Skipped: 0, Time elapsed: 0.007 sec
Running com.github.davidmoten.rx.jdbc.DatabaseSyncTest
2022-02-06 05:49:06.369 [main] INFO  com.github.davidmoten.rx.RxUtil - 1
2022-02-06 05:49:06.371 [main] INFO  com.github.davidmoten.rx.RxUtil - 2
2022-02-06 05:49:06.372 [main] INFO  com.github.davidmoten.rx.RxUtil - 3
2022-02-06 05:49:06.504 [RxComputationThreadPool-9] INFO  com.github.davidmoten.rx.RxUtil - 0
2022-02-06 05:49:06.506 [RxComputationThreadPool-9] INFO  com.github.davidmoten.rx.RxUtil - 21
2022-02-06 05:49:06.534 [main] INFO  com.zaxxer.hikari.HikariDataSource - HikariCP pool HikariPool-3 is starting.
2022-02-06 05:49:06.584 [main] INFO  com.github.davidmoten.rx.RxUtil - 21
2022-02-06 05:49:06.585 [main] INFO  com.github.davidmoten.rx.RxUtil - 34
2022-02-06 05:49:06.643 [main] INFO  com.github.davidmoten.rx.RxUtil - rx.Observable@5b4e1b74
2022-02-06 05:49:06.644 [main] INFO  com.github.davidmoten.rx.RxUtil - rx.Observable@5b4e1b74
2022-02-06 05:49:06.644 [main] INFO  com.github.davidmoten.rx.RxUtil - rx.Observable@64ec8b80
2022-02-06 05:49:06.645 [main] INFO  com.github.davidmoten.rx.RxUtil - rx.Observable@4490cee2
2022-02-06 05:49:06.645 [main] INFO  com.github.davidmoten.rx.RxUtil - rx.Observable@4490cee2
2022-02-06 05:49:06.646 [main] INFO  com.github.davidmoten.rx.RxUtil - rx.Observable@7efe7a98
2022-02-06 05:49:06.656 [main] INFO  com.github.davidmoten.rx.jdbc.DatabaseTestBase - committed 1
2022-02-06 05:49:06.656 [main] INFO  com.github.davidmoten.rx.jdbc.DatabaseTestBase - gets ok
2022-02-06 05:49:06.656 [main] INFO  com.github.davidmoten.rx.jdbc.DatabaseTestBase - closes ok
Syntax error in SQL statement "ZZZ[*] "; SQL statement:
zzz [42000-178]
Syntax error in SQL statement "ZZZ[*] "; SQL statement:
zzz [42000-178]
2022-02-06 05:49:06.689 [main] INFO  com.zaxxer.hikari.HikariDataSource - HikariCP pool HikariPool-4 is starting.
2022-02-06 05:49:06.695 [main] INFO  com.zaxxer.hikari.pool.HikariPool - HikariCP pool HikariPool-4 is shutting down.
2022-02-06 05:49:06.704 [main] INFO  com.github.davidmoten.rx.jdbc.DatabaseTestBase - committed 1
2022-02-06 05:49:06.705 [main] INFO  com.github.davidmoten.rx.jdbc.DatabaseTestBase - gets ok
2022-02-06 05:49:06.705 [main] INFO  com.github.davidmoten.rx.jdbc.DatabaseTestBase - closes ok
2022-02-06 05:49:06.708 [main] INFO  com.github.davidmoten.rx.RxUtil - rx.Observable@3b85ead9
2022-02-06 05:49:06.708 [main] INFO  com.github.davidmoten.rx.RxUtil - rx.Observable@3b85ead9
2022-02-06 05:49:06.709 [main] INFO  com.github.davidmoten.rx.RxUtil - rx.Observable@54fd6b16
2022-02-06 05:49:06.710 [main] INFO  com.github.davidmoten.rx.RxUtil - rx.Observable@5c66b7ea
2022-02-06 05:49:06.710 [main] INFO  com.github.davidmoten.rx.RxUtil - rx.Observable@5c66b7ea
2022-02-06 05:49:06.711 [main] INFO  com.github.davidmoten.rx.RxUtil - rx.Observable@5bb4930a
2022-02-06 05:49:06.749 [main] INFO  com.github.davidmoten.rx.RxUtil - 99
2022-02-06 05:49:06.750 [main] INFO  com.github.davidmoten.rx.RxUtil - 88
2022-02-06 05:49:06.856 [RxComputationThreadPool-10] INFO  com.github.davidmoten.rx.RxUtil - 0
2022-02-06 05:49:06.858 [RxComputationThreadPool-10] INFO  com.github.davidmoten.rx.RxUtil - 21
threads=[main]
2022-02-06 05:49:06.883 [main] INFO  com.zaxxer.hikari.HikariDataSource - HikariCP pool HikariPool-5 is starting.
[MARMADUKE, JOSEPH, MARMADUKE, JOSEPH, MARMADUKE, MARMADUKE, MARMADUKE, JOSEPH, MARMADUKE, JOSEPH, MARMADUKE, MARMADUKE]
2022-02-06 05:49:06.940 [main] INFO  com.github.davidmoten.rx.RxUtil - 99
2022-02-06 05:49:06.941 [main] INFO  com.github.davidmoten.rx.RxUtil - 88
2022-02-06 05:49:06.970 [main] INFO  com.github.davidmoten.rx.RxUtil - 3
Column "NAMEZ" not found; SQL statement:
select namez from person where name=? [42122-178]
Column "NAMEZ" not found; SQL statement:
select namez from person where name=? [42122-178]
Tests run: 97, Failures: 0, Errors: 0, Skipped: 0, Time elapsed: 0.778 sec
Running com.github.davidmoten.rx.jdbc.DatabaseViaDataSourceTest
2022-02-06 05:49:07.176 [main] INFO  com.github.davidmoten.rx.RxUtil - 1
2022-02-06 05:49:07.177 [main] INFO  com.github.davidmoten.rx.RxUtil - 2
2022-02-06 05:49:07.178 [main] INFO  com.github.davidmoten.rx.RxUtil - 3
2022-02-06 05:49:07.302 [RxComputationThreadPool-12] INFO  com.github.davidmoten.rx.RxUtil - 0
2022-02-06 05:49:07.303 [RxComputationThreadPool-12] INFO  com.github.davidmoten.rx.RxUtil - 21
2022-02-06 05:49:07.332 [main] INFO  com.zaxxer.hikari.HikariDataSource - HikariCP pool HikariPool-6 is starting.
2022-02-06 05:49:07.376 [main] INFO  com.github.davidmoten.rx.RxUtil - 21
2022-02-06 05:49:07.377 [main] INFO  com.github.davidmoten.rx.RxUtil - 34
2022-02-06 05:49:07.431 [main] INFO  com.github.davidmoten.rx.RxUtil - rx.Observable@41fb404
2022-02-06 05:49:07.431 [main] INFO  com.github.davidmoten.rx.RxUtil - rx.Observable@41fb404
2022-02-06 05:49:07.431 [main] INFO  com.github.davidmoten.rx.RxUtil - rx.Observable@3d6374b9
2022-02-06 05:49:07.433 [main] INFO  com.github.davidmoten.rx.RxUtil - rx.Observable@7dcbf94b
2022-02-06 05:49:07.433 [main] INFO  com.github.davidmoten.rx.RxUtil - rx.Observable@7dcbf94b
2022-02-06 05:49:07.433 [main] INFO  com.github.davidmoten.rx.RxUtil - rx.Observable@5a5beb72
2022-02-06 05:49:07.442 [main] INFO  com.github.davidmoten.rx.jdbc.DatabaseTestBase - committed 1
2022-02-06 05:49:07.442 [main] INFO  com.github.davidmoten.rx.jdbc.DatabaseTestBase - gets ok
2022-02-06 05:49:07.443 [main] INFO  com.github.davidmoten.rx.jdbc.DatabaseTestBase - closes ok
Syntax error in SQL statement "ZZZ[*] "; SQL statement:
zzz [42000-178]
Syntax error in SQL statement "ZZZ[*] "; SQL statement:
zzz [42000-178]
2022-02-06 05:49:07.473 [main] INFO  com.zaxxer.hikari.HikariDataSource - HikariCP pool HikariPool-7 is starting.
2022-02-06 05:49:07.478 [main] INFO  com.zaxxer.hikari.pool.HikariPool - HikariCP pool HikariPool-7 is shutting down.
2022-02-06 05:49:07.487 [main] INFO  com.github.davidmoten.rx.jdbc.DatabaseTestBase - committed 1
2022-02-06 05:49:07.487 [main] INFO  com.github.davidmoten.rx.jdbc.DatabaseTestBase - gets ok
2022-02-06 05:49:07.487 [main] INFO  com.github.davidmoten.rx.jdbc.DatabaseTestBase - closes ok
2022-02-06 05:49:07.490 [main] INFO  com.github.davidmoten.rx.RxUtil - rx.Observable@5d66341b
2022-02-06 05:49:07.490 [main] INFO  com.github.davidmoten.rx.RxUtil - rx.Observable@5d66341b
2022-02-06 05:49:07.491 [main] INFO  com.github.davidmoten.rx.RxUtil - rx.Observable@60e70884
2022-02-06 05:49:07.492 [main] INFO  com.github.davidmoten.rx.RxUtil - rx.Observable@7c83fc35
2022-02-06 05:49:07.492 [main] INFO  com.github.davidmoten.rx.RxUtil - rx.Observable@7c83fc35
2022-02-06 05:49:07.492 [main] INFO  com.github.davidmoten.rx.RxUtil - rx.Observable@3d233b70
2022-02-06 05:49:07.527 [main] INFO  com.github.davidmoten.rx.RxUtil - 99
2022-02-06 05:49:07.528 [main] INFO  com.github.davidmoten.rx.RxUtil - 88
2022-02-06 05:49:07.633 [RxComputationThreadPool-13] INFO  com.github.davidmoten.rx.RxUtil - 0
2022-02-06 05:49:07.636 [RxComputationThreadPool-13] INFO  com.github.davidmoten.rx.RxUtil - 21
threads=[main]
2022-02-06 05:49:07.660 [main] INFO  com.zaxxer.hikari.HikariDataSource - HikariCP pool HikariPool-8 is starting.
[MARMADUKE, JOSEPH, MARMADUKE, JOSEPH, MARMADUKE, MARMADUKE, MARMADUKE, JOSEPH, MARMADUKE, JOSEPH, MARMADUKE, MARMADUKE]
2022-02-06 05:49:07.712 [main] INFO  com.github.davidmoten.rx.RxUtil - 99
2022-02-06 05:49:07.713 [main] INFO  com.github.davidmoten.rx.RxUtil - 88
2022-02-06 05:49:07.741 [main] INFO  com.github.davidmoten.rx.RxUtil - 3
Column "NAMEZ" not found; SQL statement:
select namez from person where name=? [42122-178]
Column "NAMEZ" not found; SQL statement:
select namez from person where name=? [42122-178]
Tests run: 97, Failures: 0, Errors: 0, Skipped: 0, Time elapsed: 0.771 sec
Running com.github.davidmoten.rx.jdbc.QueriesTest
Tests run: 1, Failures: 0, Errors: 0, Skipped: 0, Time elapsed: 0 sec
Running com.github.davidmoten.rx.jdbc.UtilTest
Tests run: 55, Failures: 0, Errors: 0, Skipped: 0, Time elapsed: 0.166 sec
Running com.github.davidmoten.rx.jdbc.tuple.TuplesTest
Tests run: 1, Failures: 0, Errors: 0, Skipped: 0, Time elapsed: 0 sec

Results :

Tests run: 365, Failures: 0, Errors: 0, Skipped: 0

[INFO] ------------------------------------------------------------------------
[INFO] BUILD SUCCESS
[INFO] ------------------------------------------------------------------------
[INFO] Total time: 8.967 s
[INFO] Finished at: 2022-02-06T05:49:08+00:00
[INFO] Final Memory: 16M/491M
[INFO] ------------------------------------------------------------------------

travis_time:end:24db3fb1:start=1644126537666108264,finish=1644126548208557462,duration=10542449198[0K
[32;1mThe command "mvn test -Dhttps.protocols=TLSv1.2 -Dhttps.protocols=TLSv1.2 -B" exited with 0.[0m

Done. Your build exited with 0.
