travis_fold:start:system_info[0K[33;1mBuild system information[0m
Build language: java
Build group: stable
Build dist: precise
Build id: ''
Job id: ''
[34m[1mBuild image provisioning date and time[0m
Thu Feb  5 15:09:33 UTC 2015
[34m[1mOperating System Details[0m
Distributor ID:	Ubuntu
Description:	Ubuntu 12.04.5 LTS
Release:	12.04
Codename:	precise
[34m[1mLinux Version[0m
3.13.0-29-generic
[34m[1mCookbooks Version[0m
a68419e https://github.com/travis-ci/travis-cookbooks/tree/a68419e
[34m[1mGCC version[0m
gcc (Ubuntu/Linaro 4.6.3-1ubuntu5) 4.6.3
Copyright (C) 2011 Free Software Foundation, Inc.
This is free software; see the source for copying conditions.  There is NO
warranty; not even for MERCHANTABILITY or FITNESS FOR A PARTICULAR PURPOSE.

[34m[1mLLVM version[0m
clang version 3.4 (tags/RELEASE_34/final)
Target: x86_64-unknown-linux-gnu
Thread model: posix
[34m[1mPre-installed Ruby versions[0m
ruby-1.9.3-p551
[34m[1mPre-installed Node.js versions[0m
v0.10.36
[34m[1mPre-installed Go versions[0m
1.4.1
[34m[1mRedis version[0m
redis-server 2.8.19
[34m[1mriak version[0m
2.0.2
[34m[1mMongoDB version[0m
MongoDB 2.4.12
[34m[1mCouchDB version[0m
couchdb 1.6.1
[34m[1mNeo4j version[0m
1.9.4
[34m[1mRabbitMQ Version[0m
3.4.3
[34m[1mElasticSearch version[0m
1.4.0
[34m[1mInstalled Sphinx versions[0m
2.0.10
2.1.9
2.2.6
[34m[1mDefault Sphinx version[0m
2.2.6
[34m[1mInstalled Firefox version[0m
firefox 31.0esr
[34m[1mPhantomJS version[0m
1.9.8
[34m[1mant -version[0m
Apache Ant(TM) version 1.8.2 compiled on December 3 2011
[34m[1mmvn -version[0m
Apache Maven 3.2.5 (12a6b3acb947671f09b81f49094c53f426d8cea1; 2014-12-14T17:29:23+00:00)
Maven home: /usr/local/maven
Java version: 1.7.0_76, vendor: Oracle Corporation
Java home: /usr/lib/jvm/java-7-oracle/jre
Default locale: en_US, platform encoding: ANSI_X3.4-1968
OS name: "linux", version: "3.13.0-29-generic", arch: "amd64", family: "unix"
travis_fold:end:system_info[0K
W: Failed to fetch http://security.ubuntu.com/ubuntu/dists/precise-security/main/source/Sources  404  Not Found [IP: 91.189.91.38 80]

W: Failed to fetch http://security.ubuntu.com/ubuntu/dists/precise-security/restricted/source/Sources  404  Not Found [IP: 91.189.91.38 80]

W: Failed to fetch http://security.ubuntu.com/ubuntu/dists/precise-security/universe/source/Sources  404  Not Found [IP: 91.189.91.38 80]

W: Failed to fetch http://security.ubuntu.com/ubuntu/dists/precise-security/multiverse/source/Sources  404  Not Found [IP: 91.189.91.38 80]

W: Failed to fetch http://security.ubuntu.com/ubuntu/dists/precise-security/main/binary-amd64/Packages  404  Not Found [IP: 91.189.91.38 80]

W: Failed to fetch http://security.ubuntu.com/ubuntu/dists/precise-security/restricted/binary-amd64/Packages  404  Not Found [IP: 91.189.91.38 80]

W: Failed to fetch http://security.ubuntu.com/ubuntu/dists/precise-security/universe/binary-amd64/Packages  404  Not Found [IP: 91.189.91.38 80]

W: Failed to fetch http://security.ubuntu.com/ubuntu/dists/precise-security/multiverse/binary-amd64/Packages  404  Not Found [IP: 91.189.91.38 80]

W: Failed to fetch http://security.ubuntu.com/ubuntu/dists/precise-security/main/binary-i386/Packages  404  Not Found [IP: 91.189.91.38 80]

W: Failed to fetch http://security.ubuntu.com/ubuntu/dists/precise-security/restricted/binary-i386/Packages  404  Not Found [IP: 91.189.91.38 80]

W: Failed to fetch http://security.ubuntu.com/ubuntu/dists/precise-security/universe/binary-i386/Packages  404  Not Found [IP: 91.189.91.38 80]

W: Failed to fetch http://security.ubuntu.com/ubuntu/dists/precise-security/multiverse/binary-i386/Packages  404  Not Found [IP: 91.189.91.38 80]

W: Failed to fetch http://us.archive.ubuntu.com/ubuntu/dists/precise/main/source/Sources  404  Not Found [IP: 91.189.91.39 80]

W: Failed to fetch http://us.archive.ubuntu.com/ubuntu/dists/precise/restricted/source/Sources  404  Not Found [IP: 91.189.91.39 80]

W: Failed to fetch http://us.archive.ubuntu.com/ubuntu/dists/precise/universe/source/Sources  404  Not Found [IP: 91.189.91.39 80]

W: Failed to fetch http://us.archive.ubuntu.com/ubuntu/dists/precise/multiverse/source/Sources  404  Not Found [IP: 91.189.91.39 80]

W: Failed to fetch http://us.archive.ubuntu.com/ubuntu/dists/precise/main/binary-amd64/Packages  404  Not Found [IP: 91.189.91.39 80]

W: Failed to fetch http://us.archive.ubuntu.com/ubuntu/dists/precise/restricted/binary-amd64/Packages  404  Not Found [IP: 91.189.91.39 80]

W: Failed to fetch http://us.archive.ubuntu.com/ubuntu/dists/precise/universe/binary-amd64/Packages  404  Not Found [IP: 91.189.91.39 80]

W: Failed to fetch http://us.archive.ubuntu.com/ubuntu/dists/precise/multiverse/binary-amd64/Packages  404  Not Found [IP: 91.189.91.39 80]

W: Failed to fetch http://us.archive.ubuntu.com/ubuntu/dists/precise/main/binary-i386/Packages  404  Not Found [IP: 91.189.91.39 80]

W: Failed to fetch http://us.archive.ubuntu.com/ubuntu/dists/precise/restricted/binary-i386/Packages  404  Not Found [IP: 91.189.91.39 80]

W: Failed to fetch http://us.archive.ubuntu.com/ubuntu/dists/precise/universe/binary-i386/Packages  404  Not Found [IP: 91.189.91.39 80]

W: Failed to fetch http://us.archive.ubuntu.com/ubuntu/dists/precise/multiverse/binary-i386/Packages  404  Not Found [IP: 91.189.91.39 80]

W: Failed to fetch http://us.archive.ubuntu.com/ubuntu/dists/precise-updates/main/source/Sources  404  Not Found [IP: 91.189.91.39 80]

W: Failed to fetch http://us.archive.ubuntu.com/ubuntu/dists/precise-updates/restricted/source/Sources  404  Not Found [IP: 91.189.91.39 80]

W: Failed to fetch http://us.archive.ubuntu.com/ubuntu/dists/precise-updates/universe/source/Sources  404  Not Found [IP: 91.189.91.39 80]

W: Failed to fetch http://us.archive.ubuntu.com/ubuntu/dists/precise-updates/multiverse/source/Sources  404  Not Found [IP: 91.189.91.39 80]

W: Failed to fetch http://us.archive.ubuntu.com/ubuntu/dists/precise-updates/main/binary-amd64/Packages  404  Not Found [IP: 91.189.91.39 80]

W: Failed to fetch http://us.archive.ubuntu.com/ubuntu/dists/precise-updates/restricted/binary-amd64/Packages  404  Not Found [IP: 91.189.91.39 80]

W: Failed to fetch http://us.archive.ubuntu.com/ubuntu/dists/precise-updates/universe/binary-amd64/Packages  404  Not Found [IP: 91.189.91.39 80]

W: Failed to fetch http://us.archive.ubuntu.com/ubuntu/dists/precise-updates/multiverse/binary-amd64/Packages  404  Not Found [IP: 91.189.91.39 80]

W: Failed to fetch http://us.archive.ubuntu.com/ubuntu/dists/precise-updates/main/binary-i386/Packages  404  Not Found [IP: 91.189.91.39 80]

W: Failed to fetch http://us.archive.ubuntu.com/ubuntu/dists/precise-updates/restricted/binary-i386/Packages  404  Not Found [IP: 91.189.91.39 80]

W: Failed to fetch http://us.archive.ubuntu.com/ubuntu/dists/precise-updates/universe/binary-i386/Packages  404  Not Found [IP: 91.189.91.39 80]

W: Failed to fetch http://us.archive.ubuntu.com/ubuntu/dists/precise-updates/multiverse/binary-i386/Packages  404  Not Found [IP: 91.189.91.39 80]

W: Failed to fetch http://us.archive.ubuntu.com/ubuntu/dists/precise-backports/main/source/Sources  404  Not Found [IP: 91.189.91.39 80]

W: Failed to fetch http://us.archive.ubuntu.com/ubuntu/dists/precise-backports/restricted/source/Sources  404  Not Found [IP: 91.189.91.39 80]

W: Failed to fetch http://us.archive.ubuntu.com/ubuntu/dists/precise-backports/universe/source/Sources  404  Not Found [IP: 91.189.91.39 80]

W: Failed to fetch http://us.archive.ubuntu.com/ubuntu/dists/precise-backports/multiverse/source/Sources  404  Not Found [IP: 91.189.91.39 80]

W: Failed to fetch http://us.archive.ubuntu.com/ubuntu/dists/precise-backports/main/binary-amd64/Packages  404  Not Found [IP: 91.189.91.39 80]

W: Failed to fetch http://us.archive.ubuntu.com/ubuntu/dists/precise-backports/restricted/binary-amd64/Packages  404  Not Found [IP: 91.189.91.39 80]

W: Failed to fetch http://us.archive.ubuntu.com/ubuntu/dists/precise-backports/universe/binary-amd64/Packages  404  Not Found [IP: 91.189.91.39 80]

W: Failed to fetch http://us.archive.ubuntu.com/ubuntu/dists/precise-backports/multiverse/binary-amd64/Packages  404  Not Found [IP: 91.189.91.39 80]

W: Failed to fetch http://us.archive.ubuntu.com/ubuntu/dists/precise-backports/main/binary-i386/Packages  404  Not Found [IP: 91.189.91.39 80]

W: Failed to fetch http://us.archive.ubuntu.com/ubuntu/dists/precise-backports/restricted/binary-i386/Packages  404  Not Found [IP: 91.189.91.39 80]

W: Failed to fetch http://us.archive.ubuntu.com/ubuntu/dists/precise-backports/universe/binary-i386/Packages  404  Not Found [IP: 91.189.91.39 80]

W: Failed to fetch http://us.archive.ubuntu.com/ubuntu/dists/precise-backports/multiverse/binary-i386/Packages  404  Not Found [IP: 91.189.91.39 80]

W: Failed to fetch http://apt.postgresql.org/pub/repos/apt/dists/precise-pgdg/main/binary-amd64/Packages  404  Not Found [IP: 87.238.57.227 80]

W: Failed to fetch http://apt.postgresql.org/pub/repos/apt/dists/precise-pgdg/main/binary-i386/Packages  404  Not Found [IP: 87.238.57.227 80]

W: Failed to fetch http://ppa.launchpad.net/rwky/ppa/ubuntu/dists/precise/main/binary-amd64/Packages  403  Forbidden

W: Failed to fetch http://ppa.launchpad.net/rwky/ppa/ubuntu/dists/precise/main/binary-i386/Packages  403  Forbidden

W: Failed to fetch http://ppa.launchpad.net/travis-ci/zero-mq/ubuntu/dists/precise/main/binary-amd64/Packages  403  Forbidden

W: Failed to fetch http://ppa.launchpad.net/travis-ci/zero-mq/ubuntu/dists/precise/main/binary-i386/Packages  403  Forbidden

W: Failed to fetch http://downloads-distro.mongodb.org/repo/debian-sysvinit/dists/dist/10gen/binary-amd64/Packages  Undetermined Error [IP: 54.175.147.155 80]

W: Failed to fetch http://downloads-distro.mongodb.org/repo/debian-sysvinit/dists/dist/10gen/binary-i386/Packages  Undetermined Error [IP: 54.175.147.155 80]

E: Some index files failed to download. They have been ignored, or old ones used instead.
sed: cannot rename /etc/hosts: Device or resource busy
sed: cannot rename /etc/hosts: Device or resource busy
$ jdk_switcher use oraclejdk8
Switching to Oracle JDK8 (java-8-oracle), JAVA_HOME will be set to /usr/lib/jvm/java-8-oracle
$ cd passed/GoClipse/goclipse
$ java -Xmx32m -version
java version "1.8.0_31"
Java(TM) SE Runtime Environment (build 1.8.0_31-b13)
Java HotSpot(TM) 64-Bit Server VM (build 25.31-b07, mixed mode)
$ javac -J-Xmx32m -version
javac 1.8.0_31
travis_fold:start:before_install.1[0Ktravis_time:start:04ae0812[0K$ export DISPLAY=:99.0

travis_time:end:04ae0812:start=1644105151711593804,finish=1644105151720005270,duration=8411466[0Ktravis_fold:end:before_install.1[0Ktravis_fold:start:before_install.2[0Ktravis_time:start:021d9f42[0K$ sh -e /etc/init.d/xvfb start
Starting virtual X frame buffer: Xvfb.

travis_time:end:021d9f42:start=1644105151736353381,finish=1644105151754955859,duration=18602478[0Ktravis_fold:end:before_install.2[0Ktravis_fold:start:install[0Ktravis_time:start:323a3510[0K$ 

travis_time:end:323a3510:start=1644105151763339146,finish=1644105151784626291,duration=21287145[0Ktravis_fold:end:install[0Ktravis_time:start:09e1b452[0K$ export MAVEN_OPTS="-Xmx2g"

travis_time:end:09e1b452:start=1644105151803882850,finish=1644105151813485897,duration=9603047[0K
[32;1mThe command "export MAVEN_OPTS="-Xmx2g"" exited with 0.[0m
travis_time:start:1fdd8aa0[0K$ mvn clean integration-test -Dhttps.protocols=TLSv1.2
Java HotSpot(TM) 64-Bit Server VM warning: ignoring option MaxPermSize=192m; support was removed in 8.0
[INFO] Scanning for projects...
[WARNING] No explicit target runtime environment configuration. Build is platform dependent.
[WARNING] No explicit target runtime environment configuration. Build is platform dependent.
[WARNING] No explicit target runtime environment configuration. Build is platform dependent.
[WARNING] No explicit target runtime environment configuration. Build is platform dependent.
[WARNING] No explicit target runtime environment configuration. Build is platform dependent.
[WARNING] No explicit target runtime environment configuration. Build is platform dependent.
[WARNING] No explicit target runtime environment configuration. Build is platform dependent.
[WARNING] No explicit target runtime environment configuration. Build is platform dependent.
[WARNING] No explicit target runtime environment configuration. Build is platform dependent.
[INFO] Computing target platform for MavenProject: com.googlecode.goclipse:com.googlecode.goclipse.jvmcheck:1.0.0-SNAPSHOT @ /home/travis/build/passed/GoClipse/goclipse/releng/plugin_jvmcheck/pom.xml
[INFO] Adding repository http://archive.eclipse.org/tools/orbit/downloads/drops/R20130517111416/repository
[INFO] Fetching p2.index from http://download.eclipse.org/releases/mars/ (0B of 128B at 0B/s)
[INFO] Adding repository http://download.eclipse.org/releases/mars
[INFO] Fetching p2.index from http://download.eclipse.org/technology/epp/packages/mars/ (0B of 142B at 0B/s)
[INFO] Fetching p2.index from http://download.eclipse.org/releases/mars/201506241002/ (0B of 142B at 0B/s)
[INFO] Fetching p2.index from http://download.eclipse.org/releases/mars/201510021000/ (0B of 142B at 0B/s)
[INFO] Fetching p2.index from http://download.eclipse.org/releases/mars/201602261000/ (0B of 142B at 0B/s)
[INFO] Resolving dependencies of MavenProject: com.googlecode.goclipse:com.googlecode.goclipse.jvmcheck:1.0.0-SNAPSHOT @ /home/travis/build/passed/GoClipse/goclipse/releng/plugin_jvmcheck/pom.xml
[INFO] Resolving class path of MavenProject: com.googlecode.goclipse:com.googlecode.goclipse.jvmcheck:1.0.0-SNAPSHOT @ /home/travis/build/passed/GoClipse/goclipse/releng/plugin_jvmcheck/pom.xml
[INFO] Computing target platform for MavenProject: com.googlecode.goclipse:com.googlecode.goclipse.tooling:0.14.1-SNAPSHOT @ /home/travis/build/passed/GoClipse/goclipse/plugin_tooling/pom.xml
[INFO] Resolving dependencies of MavenProject: com.googlecode.goclipse:com.googlecode.goclipse.tooling:0.14.1-SNAPSHOT @ /home/travis/build/passed/GoClipse/goclipse/plugin_tooling/pom.xml
[INFO] Resolving class path of MavenProject: com.googlecode.goclipse:com.googlecode.goclipse.tooling:0.14.1-SNAPSHOT @ /home/travis/build/passed/GoClipse/goclipse/plugin_tooling/pom.xml
[INFO] Computing target platform for MavenProject: com.googlecode.goclipse:com.googlecode.goclipse.core:0.14.1-SNAPSHOT @ /home/travis/build/passed/GoClipse/goclipse/plugin_ide.core/pom.xml
[INFO] Resolving dependencies of MavenProject: com.googlecode.goclipse:com.googlecode.goclipse.core:0.14.1-SNAPSHOT @ /home/travis/build/passed/GoClipse/goclipse/plugin_ide.core/pom.xml
[INFO] Resolving class path of MavenProject: com.googlecode.goclipse:com.googlecode.goclipse.core:0.14.1-SNAPSHOT @ /home/travis/build/passed/GoClipse/goclipse/plugin_ide.core/pom.xml
[INFO] Computing target platform for MavenProject: com.googlecode.goclipse:com.googlecode.goclipse.core.tests:0.14.1-SNAPSHOT @ /home/travis/build/passed/GoClipse/goclipse/plugin_ide.core.tests/pom.xml
[INFO] Resolving dependencies of MavenProject: com.googlecode.goclipse:com.googlecode.goclipse.core.tests:0.14.1-SNAPSHOT @ /home/travis/build/passed/GoClipse/goclipse/plugin_ide.core.tests/pom.xml
[INFO] Resolving class path of MavenProject: com.googlecode.goclipse:com.googlecode.goclipse.core.tests:0.14.1-SNAPSHOT @ /home/travis/build/passed/GoClipse/goclipse/plugin_ide.core.tests/pom.xml
[INFO] Computing target platform for MavenProject: com.googlecode.goclipse:com.googlecode.goclipse.ui:0.14.1-SNAPSHOT @ /home/travis/build/passed/GoClipse/goclipse/plugin_ide.ui/pom.xml
[INFO] Resolving dependencies of MavenProject: com.googlecode.goclipse:com.googlecode.goclipse.ui:0.14.1-SNAPSHOT @ /home/travis/build/passed/GoClipse/goclipse/plugin_ide.ui/pom.xml
[INFO] Resolving class path of MavenProject: com.googlecode.goclipse:com.googlecode.goclipse.ui:0.14.1-SNAPSHOT @ /home/travis/build/passed/GoClipse/goclipse/plugin_ide.ui/pom.xml
[INFO] Computing target platform for MavenProject: com.googlecode.goclipse:com.googlecode.goclipse.ui.tests:0.14.1-SNAPSHOT @ /home/travis/build/passed/GoClipse/goclipse/plugin_ide.ui.tests/pom.xml
[INFO] Resolving dependencies of MavenProject: com.googlecode.goclipse:com.googlecode.goclipse.ui.tests:0.14.1-SNAPSHOT @ /home/travis/build/passed/GoClipse/goclipse/plugin_ide.ui.tests/pom.xml
[INFO] Resolving class path of MavenProject: com.googlecode.goclipse:com.googlecode.goclipse.ui.tests:0.14.1-SNAPSHOT @ /home/travis/build/passed/GoClipse/goclipse/plugin_ide.ui.tests/pom.xml
[INFO] Computing target platform for MavenProject: com.googlecode.goclipse:com.googlecode.goclipse.debug:0.14.1-SNAPSHOT @ /home/travis/build/passed/GoClipse/goclipse/plugin_ide.debug/pom.xml
[INFO] Resolving dependencies of MavenProject: com.googlecode.goclipse:com.googlecode.goclipse.debug:0.14.1-SNAPSHOT @ /home/travis/build/passed/GoClipse/goclipse/plugin_ide.debug/pom.xml
[INFO] Resolving class path of MavenProject: com.googlecode.goclipse:com.googlecode.goclipse.debug:0.14.1-SNAPSHOT @ /home/travis/build/passed/GoClipse/goclipse/plugin_ide.debug/pom.xml
[INFO] Computing target platform for MavenProject: com.googlecode.goclipse:goclipse_feature:0.14.1-SNAPSHOT @ /home/travis/build/passed/GoClipse/goclipse/feature/pom.xml
[INFO] Resolving dependencies of MavenProject: com.googlecode.goclipse:goclipse_feature:0.14.1-SNAPSHOT @ /home/travis/build/passed/GoClipse/goclipse/feature/pom.xml
[INFO] Resolving class path of MavenProject: com.googlecode.goclipse:goclipse_feature:0.14.1-SNAPSHOT @ /home/travis/build/passed/GoClipse/goclipse/feature/pom.xml
[INFO] Computing target platform for MavenProject: com.googlecode.goclipse:features.repository:1.0.0-SNAPSHOT @ /home/travis/build/passed/GoClipse/goclipse/releng/repository/pom.xml
[INFO] Resolving dependencies of MavenProject: com.googlecode.goclipse:features.repository:1.0.0-SNAPSHOT @ /home/travis/build/passed/GoClipse/goclipse/releng/repository/pom.xml
[INFO] Resolving class path of MavenProject: com.googlecode.goclipse:features.repository:1.0.0-SNAPSHOT @ /home/travis/build/passed/GoClipse/goclipse/releng/repository/pom.xml
[INFO] ------------------------------------------------------------------------
[INFO] Reactor Build Order:
[INFO] 
[INFO] ide-aggregator
[INFO] com.googlecode.goclipse.jvmcheck
[INFO] com.googlecode.goclipse.tooling
[INFO] com.googlecode.goclipse.core
[INFO] com.googlecode.goclipse.core.tests
[INFO] com.googlecode.goclipse.ui
[INFO] com.googlecode.goclipse.ui.tests
[INFO] com.googlecode.goclipse.debug
[INFO] goclipse_feature
[INFO] features.repository
[INFO]                                                                         
[INFO] ------------------------------------------------------------------------
[INFO] Building ide-aggregator 1-SNAPSHOT
[INFO] ------------------------------------------------------------------------
[INFO] 
[INFO] --- maven-clean-plugin:2.5:clean (default-clean) @ ide-aggregator ---
[INFO]                                                                         
[INFO] ------------------------------------------------------------------------
[INFO] Building com.googlecode.goclipse.jvmcheck 1.0.0-SNAPSHOT
[INFO] ------------------------------------------------------------------------
[INFO] 
[INFO] --- maven-clean-plugin:2.5:clean (default-clean) @ com.googlecode.goclipse.jvmcheck ---
[INFO] 
[INFO] --- tycho-packaging-plugin:0.24.0:build-qualifier (default-build-qualifier) @ com.googlecode.goclipse.jvmcheck ---
[INFO] The project's OSGi version is 1.0.0.v202202052352
[INFO] 
[INFO] --- tycho-packaging-plugin:0.24.0:validate-id (default-validate-id) @ com.googlecode.goclipse.jvmcheck ---
[INFO] 
[INFO] --- tycho-packaging-plugin:0.24.0:validate-version (default-validate-version) @ com.googlecode.goclipse.jvmcheck ---
[INFO] 
[INFO] --- maven-resources-plugin:2.4.3:resources (default-resources) @ com.googlecode.goclipse.jvmcheck ---
[INFO] Using 'UTF-8' encoding to copy filtered resources.
[INFO] skip non existing resourceDirectory /home/travis/build/passed/GoClipse/goclipse/releng/plugin_jvmcheck/src/main/resources
[INFO] 
[INFO] --- tycho-compiler-plugin:0.24.0:compile (default-compile) @ com.googlecode.goclipse.jvmcheck ---
[INFO] Compiling 2 source files to /home/travis/build/passed/GoClipse/goclipse/bin-maven/com.googlecode.goclipse.jvmcheck/classes
[INFO] 
[INFO] --- maven-resources-plugin:2.4.3:testResources (default-testResources) @ com.googlecode.goclipse.jvmcheck ---
[INFO] Using 'UTF-8' encoding to copy filtered resources.
[INFO] skip non existing resourceDirectory /home/travis/build/passed/GoClipse/goclipse/releng/plugin_jvmcheck/src/test/resources
[INFO] 
[INFO] --- target-platform-configuration:0.24.0:target-platform (default-target-platform) @ com.googlecode.goclipse.jvmcheck ---
[INFO] 
[INFO] --- tycho-packaging-plugin:0.24.0:package-plugin (default-package-plugin) @ com.googlecode.goclipse.jvmcheck ---
[INFO] Building jar: /home/travis/build/passed/GoClipse/goclipse/bin-maven/com.googlecode.goclipse.jvmcheck/com.googlecode.goclipse.jvmcheck-1.0.0-SNAPSHOT.jar
[INFO] 
[INFO] --- tycho-p2-plugin:0.24.0:p2-metadata-default (default-p2-metadata-default) @ com.googlecode.goclipse.jvmcheck ---
[INFO]                                                                         
[INFO] ------------------------------------------------------------------------
[INFO] Building com.googlecode.goclipse.tooling 0.14.1-SNAPSHOT
[INFO] ------------------------------------------------------------------------
[INFO] 
[INFO] --- maven-clean-plugin:2.5:clean (default-clean) @ com.googlecode.goclipse.tooling ---
[INFO] 
[INFO] --- tycho-packaging-plugin:0.24.0:build-qualifier (default-build-qualifier) @ com.googlecode.goclipse.tooling ---
[INFO] The project's OSGi version is 0.14.1.v202202052352
[INFO] 
[INFO] --- tycho-packaging-plugin:0.24.0:validate-id (default-validate-id) @ com.googlecode.goclipse.tooling ---
[INFO] 
[INFO] --- tycho-packaging-plugin:0.24.0:validate-version (default-validate-version) @ com.googlecode.goclipse.tooling ---
[INFO] 
[INFO] --- maven-resources-plugin:2.4.3:resources (default-resources) @ com.googlecode.goclipse.tooling ---
[INFO] Using 'UTF-8' encoding to copy filtered resources.
[INFO] skip non existing resourceDirectory /home/travis/build/passed/GoClipse/goclipse/plugin_tooling/src/main/resources
[INFO] 
[INFO] --- tycho-compiler-plugin:0.24.0:compile (default-compile) @ com.googlecode.goclipse.tooling ---
[INFO] Compiling 234 source files to /home/travis/build/passed/GoClipse/goclipse/bin-maven/com.googlecode.goclipse.tooling/classes
[INFO] 
[INFO] --- maven-resources-plugin:2.4.3:testResources (default-testResources) @ com.googlecode.goclipse.tooling ---
[INFO] Using 'UTF-8' encoding to copy filtered resources.
[INFO] skip non existing resourceDirectory /home/travis/build/passed/GoClipse/goclipse/plugin_tooling/src/test/resources
[INFO] 
[INFO] --- target-platform-configuration:0.24.0:target-platform (default-target-platform) @ com.googlecode.goclipse.tooling ---
[INFO] 
[INFO] --- tycho-packaging-plugin:0.24.0:package-plugin (default-package-plugin) @ com.googlecode.goclipse.tooling ---
[INFO] Building jar: /home/travis/build/passed/GoClipse/goclipse/bin-maven/com.googlecode.goclipse.tooling/com.googlecode.goclipse.tooling-0.14.1-SNAPSHOT.jar
[INFO] 
[INFO] --- tycho-p2-plugin:0.24.0:p2-metadata-default (default-p2-metadata-default) @ com.googlecode.goclipse.tooling ---
[INFO] 
[INFO] --- tycho-surefire-plugin:0.24.0:test (default-test) @ com.googlecode.goclipse.tooling ---
[INFO] Expected eclipse log file: /home/travis/build/passed/GoClipse/goclipse/bin-maven/com.googlecode.goclipse.tooling/work/data/.metadata/.log
[INFO] Command line:
	[/usr/lib/jvm/java-8-oracle/jre/bin/java, -Dosgi.noShutdown=false, -Dosgi.os=linux, -Dosgi.ws=gtk, -Dosgi.arch=x86_64, -Dosgi.clean=true, -jar, /home/travis/.m2/repository/p2/osgi/bundle/org.eclipse.equinox.launcher/1.3.100.v20150511-1540/org.eclipse.equinox.launcher-1.3.100.v20150511-1540.jar, -data, /home/travis/build/passed/GoClipse/goclipse/bin-maven/com.googlecode.goclipse.tooling/work/data, -install, /home/travis/build/passed/GoClipse/goclipse/bin-maven/com.googlecode.goclipse.tooling/work, -configuration, /home/travis/build/passed/GoClipse/goclipse/bin-maven/com.googlecode.goclipse.tooling/work/configuration, -application, org.eclipse.tycho.surefire.osgibooter.headlesstest, -testproperties, /home/travis/build/passed/GoClipse/goclipse/bin-maven/com.googlecode.goclipse.tooling/surefire.properties]

-------------------------------------------------------
 T E S T S
-------------------------------------------------------
Running com.googlecode.goclipse.tooling.oracle.GoOracleFindDefinitionOperation_Test
====>> WORKING DIR: /tmp/_tests
[==] testResourcesDir: ../plugin_tooling/testdata
===============================  GoOracleFindDefinitionOperation_Test  ===============================
Tests run: 2, Failures: 0, Errors: 0, Skipped: 0, Time elapsed: 0.045 sec - in com.googlecode.goclipse.tooling.oracle.GoOracleFindDefinitionOperation_Test
test(com.googlecode.goclipse.tooling.oracle.GoOracleFindDefinitionOperation_Test)  Time elapsed: 0.009 sec
testCreateProcessBuilder(com.googlecode.goclipse.tooling.oracle.GoOracleFindDefinitionOperation_Test)  Time elapsed: 0.003 sec
Running com.googlecode.goclipse.tooling.oracle.GoOraclePackageDescribeParser_Test
===============================  GoOraclePackageDescribeParser_Test  ===============================
Tests run: 2, Failures: 0, Errors: 0, Skipped: 0, Time elapsed: 0.024 sec - in com.googlecode.goclipse.tooling.oracle.GoOraclePackageDescribeParser_Test
test(com.googlecode.goclipse.tooling.oracle.GoOraclePackageDescribeParser_Test)  Time elapsed: 0.021 sec
testErrorParse(com.googlecode.goclipse.tooling.oracle.GoOraclePackageDescribeParser_Test)  Time elapsed: 0 sec
Running com.googlecode.goclipse.tooling.env.GoEnvironmentTest
===============================  GoEnvironmentTest  ===============================
Tests run: 4, Failures: 0, Errors: 0, Skipped: 0, Time elapsed: 0.093 sec - in com.googlecode.goclipse.tooling.env.GoEnvironmentTest
test_GoPath(com.googlecode.goclipse.tooling.env.GoEnvironmentTest)  Time elapsed: 0.052 sec
test_GoPackageName(com.googlecode.goclipse.tooling.env.GoEnvironmentTest)  Time elapsed: 0.002 sec
testFindSourcePackage(com.googlecode.goclipse.tooling.env.GoEnvironmentTest)  Time elapsed: 0.034 sec
test(com.googlecode.goclipse.tooling.env.GoEnvironmentTest)  Time elapsed: 0 sec
Running com.googlecode.goclipse.tooling.lexer.GoNumberRuleTest
===============================  GoNumberRuleTest  ===============================
Tests run: 1, Failures: 0, Errors: 0, Skipped: 0, Time elapsed: 0.002 sec - in com.googlecode.goclipse.tooling.lexer.GoNumberRuleTest
test(com.googlecode.goclipse.tooling.lexer.GoNumberRuleTest)  Time elapsed: 0.001 sec
Running com.googlecode.goclipse.tooling.GoBuildOutputProcessorTest
===============================  GoBuildOutputProcessorTest  ===============================
Tests run: 1, Failures: 0, Errors: 0, Skipped: 0, Time elapsed: 0.048 sec - in com.googlecode.goclipse.tooling.GoBuildOutputProcessorTest
test(com.googlecode.goclipse.tooling.GoBuildOutputProcessorTest)  Time elapsed: 0.047 sec
Running com.googlecode.goclipse.tooling.GoSourceFileUtilTest
===============================  GoSourceFileUtilTest  ===============================
Tests run: 1, Failures: 0, Errors: 0, Skipped: 0, Time elapsed: 0.003 sec - in com.googlecode.goclipse.tooling.GoSourceFileUtilTest
test(com.googlecode.goclipse.tooling.GoSourceFileUtilTest)  Time elapsed: 0.002 sec
Running melnorme.lang.tooling.parser.lexer.CharacterLexingRule_Test
Tests run: 1, Failures: 0, Errors: 0, Skipped: 0, Time elapsed: 0.001 sec - in melnorme.lang.tooling.parser.lexer.CharacterLexingRule_Test
test(melnorme.lang.tooling.parser.lexer.CharacterLexingRule_Test)  Time elapsed: 0.001 sec
Running melnorme.lang.tooling.parser.TextBlocksReader_Test
Tests run: 1, Failures: 0, Errors: 0, Skipped: 0, Time elapsed: 0.009 sec - in melnorme.lang.tooling.parser.TextBlocksReader_Test
test(melnorme.lang.tooling.parser.TextBlocksReader_Test)  Time elapsed: 0.008 sec
Running melnorme.lang.tooling.ops.util.SourceLinesInfo_Test
===============================  SourceLinesInfo_Test  ===============================
Tests run: 1, Failures: 0, Errors: 0, Skipped: 0, Time elapsed: 0.004 sec - in melnorme.lang.tooling.ops.util.SourceLinesInfo_Test
test(melnorme.lang.tooling.ops.util.SourceLinesInfo_Test)  Time elapsed: 0.003 sec
Running melnorme.lang.tests.NumberRuleTest
===============================  NumberRuleTest  ===============================
Tests run: 1, Failures: 0, Errors: 0, Skipped: 0, Time elapsed: 0.002 sec - in melnorme.lang.tests.NumberRuleTest
test(melnorme.lang.tests.NumberRuleTest)  Time elapsed: 0.001 sec
Running melnorme.lang.utils.parse.ParseSource_Test$StringParseSource_Test
===============================  StringParseSource_Test  ===============================
Tests run: 3, Failures: 0, Errors: 0, Skipped: 0, Time elapsed: 0.004 sec - in melnorme.lang.utils.parse.ParseSource_Test$StringParseSource_Test
test_consumeDelimited(melnorme.lang.utils.parse.ParseSource_Test$StringParseSource_Test)  Time elapsed: 0.001 sec
test(melnorme.lang.utils.parse.ParseSource_Test$StringParseSource_Test)  Time elapsed: 0.001 sec
testConsumeNewline(melnorme.lang.utils.parse.ParseSource_Test$StringParseSource_Test)  Time elapsed: 0.001 sec
Running melnorme.utilbox.concurrency.ExecutorTaskAgent_Test
===============================  ExecutorTaskAgent_Test  ===============================
Tests run: 2, Failures: 0, Errors: 0, Skipped: 0, Time elapsed: 1.608 sec - in melnorme.utilbox.concurrency.ExecutorTaskAgent_Test
testBasic(melnorme.utilbox.concurrency.ExecutorTaskAgent_Test)  Time elapsed: 0.302 sec
testExceptionHandling(melnorme.utilbox.concurrency.ExecutorTaskAgent_Test)  Time elapsed: 1.305 sec
Running melnorme.utilbox.collections.Indexable_Tests
Tests run: 2, Failures: 0, Errors: 0, Skipped: 0, Time elapsed: 0.003 sec - in melnorme.utilbox.collections.Indexable_Tests
testListMethod(melnorme.utilbox.collections.Indexable_Tests)  Time elapsed: 0 sec
testEquals(melnorme.utilbox.collections.Indexable_Tests)  Time elapsed: 0.001 sec
Running melnorme.utilbox.misc.StringUtil_Test
Tests run: 1, Failures: 0, Errors: 0, Skipped: 0, Time elapsed: 0.001 sec - in melnorme.utilbox.misc.StringUtil_Test
testCommonPrefix(melnorme.utilbox.misc.StringUtil_Test)  Time elapsed: 0 sec

Results :

Tests run: 23, Failures: 0, Errors: 0, Skipped: 0

[INFO] All tests passed!
[INFO]                                                                         
[INFO] ------------------------------------------------------------------------
[INFO] Building com.googlecode.goclipse.core 0.14.1-SNAPSHOT
[INFO] ------------------------------------------------------------------------
[INFO] 
[INFO] --- maven-clean-plugin:2.5:clean (default-clean) @ com.googlecode.goclipse.core ---
[INFO] 
[INFO] --- tycho-packaging-plugin:0.24.0:build-qualifier (default-build-qualifier) @ com.googlecode.goclipse.core ---
[INFO] The project's OSGi version is 0.14.1.v202202052352
[INFO] 
[INFO] --- tycho-packaging-plugin:0.24.0:validate-id (default-validate-id) @ com.googlecode.goclipse.core ---
[INFO] 
[INFO] --- tycho-packaging-plugin:0.24.0:validate-version (default-validate-version) @ com.googlecode.goclipse.core ---
[INFO] 
[INFO] --- maven-resources-plugin:2.4.3:resources (default-resources) @ com.googlecode.goclipse.core ---
[INFO] Using 'UTF-8' encoding to copy filtered resources.
[INFO] skip non existing resourceDirectory /home/travis/build/passed/GoClipse/goclipse/plugin_ide.core/src/main/resources
[INFO] 
[INFO] --- tycho-compiler-plugin:0.24.0:compile (default-compile) @ com.googlecode.goclipse.core ---
[INFO] Compiling 138 source files to /home/travis/build/passed/GoClipse/goclipse/bin-maven/com.googlecode.goclipse.core/classes
[INFO] 
[INFO] --- maven-resources-plugin:2.4.3:testResources (default-testResources) @ com.googlecode.goclipse.core ---
[INFO] Using 'UTF-8' encoding to copy filtered resources.
[INFO] skip non existing resourceDirectory /home/travis/build/passed/GoClipse/goclipse/plugin_ide.core/src/test/resources
[INFO] 
[INFO] --- target-platform-configuration:0.24.0:target-platform (default-target-platform) @ com.googlecode.goclipse.core ---
[INFO] 
[INFO] --- tycho-packaging-plugin:0.24.0:package-plugin (default-package-plugin) @ com.googlecode.goclipse.core ---
[INFO] Building jar: /home/travis/build/passed/GoClipse/goclipse/bin-maven/com.googlecode.goclipse.core/com.googlecode.goclipse.core-0.14.1-SNAPSHOT.jar
[INFO] 
[INFO] --- tycho-p2-plugin:0.24.0:p2-metadata-default (default-p2-metadata-default) @ com.googlecode.goclipse.core ---
[INFO]                                                                         
[INFO] ------------------------------------------------------------------------
[INFO] Building com.googlecode.goclipse.core.tests 0.14.1-SNAPSHOT
[INFO] ------------------------------------------------------------------------
[INFO] 
[INFO] --- maven-clean-plugin:2.5:clean (default-clean) @ com.googlecode.goclipse.core.tests ---
[INFO] 
[INFO] --- tycho-packaging-plugin:0.24.0:build-qualifier (default-build-qualifier) @ com.googlecode.goclipse.core.tests ---
[INFO] The project's OSGi version is 0.14.1.v202202052352
[INFO] 
[INFO] --- tycho-packaging-plugin:0.24.0:validate-id (default-validate-id) @ com.googlecode.goclipse.core.tests ---
[INFO] 
[INFO] --- tycho-packaging-plugin:0.24.0:validate-version (default-validate-version) @ com.googlecode.goclipse.core.tests ---
[INFO] 
[INFO] --- maven-resources-plugin:2.4.3:resources (default-resources) @ com.googlecode.goclipse.core.tests ---
[INFO] Using 'UTF-8' encoding to copy filtered resources.
[INFO] skip non existing resourceDirectory /home/travis/build/passed/GoClipse/goclipse/plugin_ide.core.tests/src/main/resources
[INFO] 
[INFO] --- tycho-compiler-plugin:0.24.0:compile (default-compile) @ com.googlecode.goclipse.core.tests ---
[INFO] Compiling 29 source files to /home/travis/build/passed/GoClipse/goclipse/bin-maven/com.googlecode.goclipse.core.tests/classes
[INFO] 
[INFO] --- maven-resources-plugin:2.4.3:testResources (default-testResources) @ com.googlecode.goclipse.core.tests ---
[INFO] Using 'UTF-8' encoding to copy filtered resources.
[INFO] skip non existing resourceDirectory /home/travis/build/passed/GoClipse/goclipse/plugin_ide.core.tests/src/test/resources
[INFO] 
[INFO] --- target-platform-configuration:0.24.0:target-platform (default-target-platform) @ com.googlecode.goclipse.core.tests ---
[INFO] 
[INFO] --- tycho-packaging-plugin:0.24.0:package-plugin (default-package-plugin) @ com.googlecode.goclipse.core.tests ---
[INFO] Building jar: /home/travis/build/passed/GoClipse/goclipse/bin-maven/com.googlecode.goclipse.core.tests/com.googlecode.goclipse.core.tests-0.14.1-SNAPSHOT.jar
[INFO] 
[INFO] --- tycho-p2-plugin:0.24.0:p2-metadata-default (default-p2-metadata-default) @ com.googlecode.goclipse.core.tests ---
[INFO] 
[INFO] --- tycho-surefire-plugin:0.24.0:test (default-test) @ com.googlecode.goclipse.core.tests ---
[INFO] Expected eclipse log file: /home/travis/build/passed/GoClipse/goclipse/bin-maven/com.googlecode.goclipse.core.tests/work/data/.metadata/.log
[INFO] Command line:
	[/usr/lib/jvm/java-8-oracle/jre/bin/java, -Dosgi.noShutdown=false, -Dosgi.os=linux, -Dosgi.ws=gtk, -Dosgi.arch=x86_64, -Dosgi.clean=true, -jar, /home/travis/.m2/repository/p2/osgi/bundle/org.eclipse.equinox.launcher/1.3.100.v20150511-1540/org.eclipse.equinox.launcher-1.3.100.v20150511-1540.jar, -data, /home/travis/build/passed/GoClipse/goclipse/bin-maven/com.googlecode.goclipse.core.tests/work/data, -install, /home/travis/build/passed/GoClipse/goclipse/bin-maven/com.googlecode.goclipse.core.tests/work, -configuration, /home/travis/build/passed/GoClipse/goclipse/bin-maven/com.googlecode.goclipse.core.tests/work/configuration, -application, org.eclipse.tycho.surefire.osgibooter.headlesstest, -testproperties, /home/travis/build/passed/GoClipse/goclipse/bin-maven/com.googlecode.goclipse.core.tests/surefire.properties]

-------------------------------------------------------
 T E S T S
-------------------------------------------------------
Running melnorme.lang.ide.core.engine.StructureModelTest
====>> WORKING DIR: /home/travis/build/passed/GoClipse/goclipse/bin-maven/com.googlecode.goclipse.core.tests/work/data/TestsWD
===============================  StructureModelTest  ===============================
Tests run: 1, Failures: 0, Errors: 0, Skipped: 0, Time elapsed: 0.076 sec - in melnorme.lang.ide.core.engine.StructureModelTest
testWorkflows(melnorme.lang.ide.core.engine.StructureModelTest)  Time elapsed: 0.035 sec
Running melnorme.lang.ide.core.engine.ModelReconcilationTest
===============================  ModelReconcilationTest  ===============================
Tests run: 1, Failures: 0, Errors: 0, Skipped: 0, Time elapsed: 0.129 sec - in melnorme.lang.ide.core.engine.ModelReconcilationTest
test(melnorme.lang.ide.core.engine.ModelReconcilationTest)  Time elapsed: 0.126 sec
Running melnorme.lang.ide.core.text.BlockHeuristicsScannnerTest
===============================  BlockHeuristicsScannnerTest  ===============================
Tests run: 2, Failures: 0, Errors: 0, Skipped: 0, Time elapsed: 0.023 sec - in melnorme.lang.ide.core.text.BlockHeuristicsScannnerTest
testBasic(melnorme.lang.ide.core.text.BlockHeuristicsScannnerTest)  Time elapsed: 0.013 sec
testScanToBlockStart(melnorme.lang.ide.core.text.BlockHeuristicsScannnerTest)  Time elapsed: 0.007 sec
Running melnorme.lang.ide.core.text.BlockHeuristicsScannner_PartitionsTest
===============================  BlockHeuristicsScannner_PartitionsTest  ===============================
Tests run: 4, Failures: 0, Errors: 0, Skipped: 0, Time elapsed: 0.017 sec - in melnorme.lang.ide.core.text.BlockHeuristicsScannner_PartitionsTest
testScanToBlockWithPartitions(melnorme.lang.ide.core.text.BlockHeuristicsScannner_PartitionsTest)  Time elapsed: 0.006 sec
testScanWithPartitions(melnorme.lang.ide.core.text.BlockHeuristicsScannner_PartitionsTest)  Time elapsed: 0.002 sec
testBasic(melnorme.lang.ide.core.text.BlockHeuristicsScannner_PartitionsTest)  Time elapsed: 0.001 sec
testScanToBlockStart(melnorme.lang.ide.core.text.BlockHeuristicsScannner_PartitionsTest)  Time elapsed: 0.004 sec
Running melnorme.lang.ide.core.text.format.LangAutoEditStrategyTest
===============================  LangAutoEditStrategyTest  ===============================
Tests run: 4, Failures: 0, Errors: 0, Skipped: 0, Time elapsed: 0.051 sec - in melnorme.lang.ide.core.text.format.LangAutoEditStrategyTest
testDeindent_onBraceKeypres(melnorme.lang.ide.core.text.format.LangAutoEditStrategyTest)  Time elapsed: 0.004 sec
testSmartIndent(melnorme.lang.ide.core.text.format.LangAutoEditStrategyTest)  Time elapsed: 0.024 sec
testSmartDeIndent(melnorme.lang.ide.core.text.format.LangAutoEditStrategyTest)  Time elapsed: 0.009 sec
testSmartIdent_SyntaxErrors(melnorme.lang.ide.core.text.format.LangAutoEditStrategyTest)  Time elapsed: 0.004 sec
Running melnorme.lang.ide.core.text.CharacterScanner_ReaderHelper_Test$ReaderHelper_ParseSource_Test
===============================  ReaderHelper_ParseSource_Test  ===============================
Tests run: 3, Failures: 0, Errors: 0, Skipped: 0, Time elapsed: 0.011 sec - in melnorme.lang.ide.core.text.CharacterScanner_ReaderHelper_Test$ReaderHelper_ParseSource_Test
test_consumeDelimited(melnorme.lang.ide.core.text.CharacterScanner_ReaderHelper_Test$ReaderHelper_ParseSource_Test)  Time elapsed: 0.003 sec
test(melnorme.lang.ide.core.text.CharacterScanner_ReaderHelper_Test$ReaderHelper_ParseSource_Test)  Time elapsed: 0.002 sec
testConsumeNewline(melnorme.lang.ide.core.text.CharacterScanner_ReaderHelper_Test$ReaderHelper_ParseSource_Test)  Time elapsed: 0.004 sec
Running melnorme.lang.ide.core.text.CharacterScanner_ReaderHelper_Test
Tests run: 1, Failures: 0, Errors: 0, Skipped: 0, Time elapsed: 0.001 sec - in melnorme.lang.ide.core.text.CharacterScanner_ReaderHelper_Test
testBasic(melnorme.lang.ide.core.text.CharacterScanner_ReaderHelper_Test)  Time elapsed: 0 sec
Running melnorme.lang.ide.core.text.FullPatternRule_Test
Tests run: 1, Failures: 0, Errors: 0, Skipped: 0, Time elapsed: 0.004 sec - in melnorme.lang.ide.core.text.FullPatternRule_Test
testBasic(melnorme.lang.ide.core.text.FullPatternRule_Test)  Time elapsed: 0.002 sec
Running melnorme.lang.ide.core.text.TextSourceUtil_Test
===============================  TextSourceUtil_Test  ===============================
Tests run: 2, Failures: 0, Errors: 0, Skipped: 0, Time elapsed: 0.004 sec - in melnorme.lang.ide.core.text.TextSourceUtil_Test
testIndentFunctions(melnorme.lang.ide.core.text.TextSourceUtil_Test)  Time elapsed: 0.002 sec
testNTimes(melnorme.lang.ide.core.text.TextSourceUtil_Test)  Time elapsed: 0 sec
Running melnorme.lang.ide.core.operations.build.BuildManager_Test
===============================  BuildManager_Test  ===============================
Tests run: 3, Failures: 0, Errors: 0, Skipped: 0, Time elapsed: 0.523 sec - in melnorme.lang.ide.core.operations.build.BuildManager_Test
testBuildType(melnorme.lang.ide.core.operations.build.BuildManager_Test)  Time elapsed: 0.054 sec
test(melnorme.lang.ide.core.operations.build.BuildManager_Test)  Time elapsed: 0.337 sec
test_compositeBuildTargetSettings(melnorme.lang.ide.core.operations.build.BuildManager_Test)  Time elapsed: 0.127 sec
Running melnorme.lang.ide.core.operations.build.BuildTargetsSerializer_Test
===============================  BuildTargetsSerializer_Test  ===============================
Tests run: 1, Failures: 0, Errors: 0, Skipped: 0, Time elapsed: 0.012 sec - in melnorme.lang.ide.core.operations.build.BuildTargetsSerializer_Test
test(melnorme.lang.ide.core.operations.build.BuildTargetsSerializer_Test)  Time elapsed: 0.011 sec
Running melnorme.lang.ide.core.project_model.BundleModelManagerTest
===============================  BundleModelManagerTest  ===============================
Tests run: 1, Failures: 0, Errors: 0, Skipped: 0, Time elapsed: 0.006 sec - in melnorme.lang.ide.core.project_model.BundleModelManagerTest
testShutdown(melnorme.lang.ide.core.project_model.BundleModelManagerTest)  Time elapsed: 0.003 sec
Running com.googlecode.goclipse.core.DummyTest
Tests run: 1, Failures: 0, Errors: 0, Skipped: 0, Time elapsed: 0.001 sec - in com.googlecode.goclipse.core.DummyTest
testname(com.googlecode.goclipse.core.DummyTest)  Time elapsed: 0 sec
Running com.googlecode.goclipse.core.GoProjectEnvironmentTest
[==] testResourcesDir: ../plugin_tooling/testdata
===============================  GoProjectEnvironmentTest  ===============================
Tests run: 1, Failures: 0, Errors: 0, Skipped: 0, Time elapsed: 0.724 sec - in com.googlecode.goclipse.core.GoProjectEnvironmentTest
test(com.googlecode.goclipse.core.GoProjectEnvironmentTest)  Time elapsed: 0.719 sec
Running com.googlecode.goclipse.core.engine.GoBuildManagerTest
===============================  GoBuildManagerTest  ===============================
Tests run: 1, Failures: 0, Errors: 0, Skipped: 0, Time elapsed: 0.019 sec - in com.googlecode.goclipse.core.engine.GoBuildManagerTest
test(com.googlecode.goclipse.core.engine.GoBuildManagerTest)  Time elapsed: 0.009 sec

Results :

Tests run: 27, Failures: 0, Errors: 0, Skipped: 0

[INFO] All tests passed!
[INFO]                                                                         
[INFO] ------------------------------------------------------------------------
[INFO] Building com.googlecode.goclipse.ui 0.14.1-SNAPSHOT
[INFO] ------------------------------------------------------------------------
[INFO] 
[INFO] --- maven-clean-plugin:2.5:clean (default-clean) @ com.googlecode.goclipse.ui ---
[INFO] 
[INFO] --- tycho-packaging-plugin:0.24.0:build-qualifier (default-build-qualifier) @ com.googlecode.goclipse.ui ---
[INFO] The project's OSGi version is 0.14.1.v202202052352
[INFO] 
[INFO] --- tycho-packaging-plugin:0.24.0:validate-id (default-validate-id) @ com.googlecode.goclipse.ui ---
[INFO] 
[INFO] --- tycho-packaging-plugin:0.24.0:validate-version (default-validate-version) @ com.googlecode.goclipse.ui ---
[INFO] 
[INFO] --- maven-resources-plugin:2.4.3:resources (default-resources) @ com.googlecode.goclipse.ui ---
[INFO] Using 'UTF-8' encoding to copy filtered resources.
[INFO] skip non existing resourceDirectory /home/travis/build/passed/GoClipse/goclipse/plugin_ide.ui/src/main/resources
[INFO] 
[INFO] --- tycho-compiler-plugin:0.24.0:compile (default-compile) @ com.googlecode.goclipse.ui ---
[INFO] Compiling 334 source files to /home/travis/build/passed/GoClipse/goclipse/bin-maven/com.googlecode.goclipse.ui/classes
[INFO] 
[INFO] --- maven-resources-plugin:2.4.3:testResources (default-testResources) @ com.googlecode.goclipse.ui ---
[INFO] Using 'UTF-8' encoding to copy filtered resources.
[INFO] skip non existing resourceDirectory /home/travis/build/passed/GoClipse/goclipse/plugin_ide.ui/src/test/resources
[INFO] 
[INFO] --- target-platform-configuration:0.24.0:target-platform (default-target-platform) @ com.googlecode.goclipse.ui ---
[INFO] 
[INFO] --- tycho-packaging-plugin:0.24.0:package-plugin (default-package-plugin) @ com.googlecode.goclipse.ui ---
[INFO] Building jar: /home/travis/build/passed/GoClipse/goclipse/bin-maven/com.googlecode.goclipse.ui/com.googlecode.goclipse.ui-0.14.1-SNAPSHOT.jar
[INFO] 
[INFO] --- tycho-p2-plugin:0.24.0:p2-metadata-default (default-p2-metadata-default) @ com.googlecode.goclipse.ui ---
[INFO]                                                                         
[INFO] ------------------------------------------------------------------------
[INFO] Building com.googlecode.goclipse.ui.tests 0.14.1-SNAPSHOT
[INFO] ------------------------------------------------------------------------
[INFO] 
[INFO] --- maven-clean-plugin:2.5:clean (default-clean) @ com.googlecode.goclipse.ui.tests ---
[INFO] 
[INFO] --- tycho-packaging-plugin:0.24.0:build-qualifier (default-build-qualifier) @ com.googlecode.goclipse.ui.tests ---
[INFO] The project's OSGi version is 0.14.1.v202202052352
[INFO] 
[INFO] --- tycho-packaging-plugin:0.24.0:validate-id (default-validate-id) @ com.googlecode.goclipse.ui.tests ---
[INFO] 
[INFO] --- tycho-packaging-plugin:0.24.0:validate-version (default-validate-version) @ com.googlecode.goclipse.ui.tests ---
[INFO] 
[INFO] --- maven-resources-plugin:2.4.3:resources (default-resources) @ com.googlecode.goclipse.ui.tests ---
[INFO] Using 'UTF-8' encoding to copy filtered resources.
[INFO] skip non existing resourceDirectory /home/travis/build/passed/GoClipse/goclipse/plugin_ide.ui.tests/src/main/resources
[INFO] 
[INFO] --- tycho-compiler-plugin:0.24.0:compile (default-compile) @ com.googlecode.goclipse.ui.tests ---
[INFO] Compiling 10 source files to /home/travis/build/passed/GoClipse/goclipse/bin-maven/com.googlecode.goclipse.ui.tests/classes
[INFO] 
[INFO] --- maven-resources-plugin:2.4.3:testResources (default-testResources) @ com.googlecode.goclipse.ui.tests ---
[INFO] Using 'UTF-8' encoding to copy filtered resources.
[INFO] skip non existing resourceDirectory /home/travis/build/passed/GoClipse/goclipse/plugin_ide.ui.tests/src/test/resources
[INFO] 
[INFO] --- target-platform-configuration:0.24.0:target-platform (default-target-platform) @ com.googlecode.goclipse.ui.tests ---
[INFO] 
[INFO] --- tycho-packaging-plugin:0.24.0:package-plugin (default-package-plugin) @ com.googlecode.goclipse.ui.tests ---
[INFO] Building jar: /home/travis/build/passed/GoClipse/goclipse/bin-maven/com.googlecode.goclipse.ui.tests/com.googlecode.goclipse.ui.tests-0.14.1-SNAPSHOT.jar
[INFO] 
[INFO] --- tycho-p2-plugin:0.24.0:p2-metadata-default (default-p2-metadata-default) @ com.googlecode.goclipse.ui.tests ---
[INFO] 
[INFO] --- tycho-surefire-plugin:0.24.0:test (default-test) @ com.googlecode.goclipse.ui.tests ---
[INFO] Expected eclipse log file: /home/travis/build/passed/GoClipse/goclipse/bin-maven/com.googlecode.goclipse.ui.tests/work/data/.metadata/.log
[INFO] Command line:
	[/usr/lib/jvm/java-8-oracle/jre/bin/java, -Dosgi.noShutdown=false, -Dosgi.os=linux, -Dosgi.ws=gtk, -Dosgi.arch=x86_64, -Dosgi.clean=true, -jar, /home/travis/.m2/repository/p2/osgi/bundle/org.eclipse.equinox.launcher/1.3.100.v20150511-1540/org.eclipse.equinox.launcher-1.3.100.v20150511-1540.jar, -data, /home/travis/build/passed/GoClipse/goclipse/bin-maven/com.googlecode.goclipse.ui.tests/work/data, -install, /home/travis/build/passed/GoClipse/goclipse/bin-maven/com.googlecode.goclipse.ui.tests/work, -configuration, /home/travis/build/passed/GoClipse/goclipse/bin-maven/com.googlecode.goclipse.ui.tests/work/configuration, -application, org.eclipse.tycho.surefire.osgibooter.uitest, -testproperties, /home/travis/build/passed/GoClipse/goclipse/bin-maven/com.googlecode.goclipse.ui.tests/surefire.properties]

-------------------------------------------------------
 T E S T S
-------------------------------------------------------
Running melnorme.util.swt.components.fields.FieldComponent_Tests$SpinnerNumberFieldTest
===============================  SpinnerNumberFieldTest  ===============================
Tests run: 1, Failures: 0, Errors: 0, Skipped: 0, Time elapsed: 0.356 sec - in melnorme.util.swt.components.fields.FieldComponent_Tests$SpinnerNumberFieldTest
runTest(melnorme.util.swt.components.fields.FieldComponent_Tests$SpinnerNumberFieldTest)  Time elapsed: 0.334 sec
Running melnorme.util.swt.components.fields.FieldComponent_Tests$RadioSelectionFieldTest
===============================  RadioSelectionFieldTest  ===============================
Tests run: 1, Failures: 0, Errors: 0, Skipped: 0, Time elapsed: 0.015 sec - in melnorme.util.swt.components.fields.FieldComponent_Tests$RadioSelectionFieldTest
runTest(melnorme.util.swt.components.fields.FieldComponent_Tests$RadioSelectionFieldTest)  Time elapsed: 0.012 sec
Running melnorme.util.swt.components.fields.FieldComponent_Tests$CheckBoxFieldTest
===============================  CheckBoxFieldTest  ===============================
Tests run: 1, Failures: 0, Errors: 0, Skipped: 0, Time elapsed: 0.007 sec - in melnorme.util.swt.components.fields.FieldComponent_Tests$CheckBoxFieldTest
runTest(melnorme.util.swt.components.fields.FieldComponent_Tests$CheckBoxFieldTest)  Time elapsed: 0.005 sec
Running melnorme.util.swt.components.fields.FieldComponent_Tests$ColorFieldTest
===============================  ColorFieldTest  ===============================
Tests run: 1, Failures: 0, Errors: 0, Skipped: 0, Time elapsed: 0.014 sec - in melnorme.util.swt.components.fields.FieldComponent_Tests$ColorFieldTest
runTest(melnorme.util.swt.components.fields.FieldComponent_Tests$ColorFieldTest)  Time elapsed: 0.013 sec
Running melnorme.util.swt.components.fields.FieldComponent_Tests$ComboOptionsFieldComponentTest
===============================  ComboOptionsFieldComponentTest  ===============================
Tests run: 1, Failures: 0, Errors: 0, Skipped: 0, Time elapsed: 0.028 sec - in melnorme.util.swt.components.fields.FieldComponent_Tests$ComboOptionsFieldComponentTest
runTest(melnorme.util.swt.components.fields.FieldComponent_Tests$ComboOptionsFieldComponentTest)  Time elapsed: 0.024 sec
Running melnorme.util.swt.components.fields.FieldComponent_Tests$TextFieldTest
===============================  TextFieldTest  ===============================
Tests run: 1, Failures: 0, Errors: 0, Skipped: 0, Time elapsed: 0.007 sec - in melnorme.util.swt.components.fields.FieldComponent_Tests$TextFieldTest
runTest(melnorme.util.swt.components.fields.FieldComponent_Tests$TextFieldTest)  Time elapsed: 0.005 sec
Running melnorme.util.swt.components.fields.FieldComponent_Tests$ComboBoxFieldTest
===============================  ComboBoxFieldTest  ===============================
Tests run: 1, Failures: 0, Errors: 0, Skipped: 0, Time elapsed: 0.009 sec - in melnorme.util.swt.components.fields.FieldComponent_Tests$ComboBoxFieldTest
runTest(melnorme.util.swt.components.fields.FieldComponent_Tests$ComboBoxFieldTest)  Time elapsed: 0.008 sec
Running melnorme.util.swt.components.fields.FieldComponent_Tests$TextField2Test
===============================  TextField2Test  ===============================
Tests run: 1, Failures: 0, Errors: 0, Skipped: 0, Time elapsed: 0.006 sec - in melnorme.util.swt.components.fields.FieldComponent_Tests$TextField2Test
runTest(melnorme.util.swt.components.fields.FieldComponent_Tests$TextField2Test)  Time elapsed: 0.005 sec
Running melnorme.util.swt.components.fields.FieldComponent_Tests$TextField_ExtTest
===============================  TextField_ExtTest  ===============================
Tests run: 1, Failures: 0, Errors: 0, Skipped: 0, Time elapsed: 0.006 sec - in melnorme.util.swt.components.fields.FieldComponent_Tests$TextField_ExtTest
runTest(melnorme.util.swt.components.fields.FieldComponent_Tests$TextField_ExtTest)  Time elapsed: 0.005 sec
Running melnorme.lang.ide.ui.editor.text.LangCompletionProposalTest
====>> WORKING DIR: /home/travis/build/passed/GoClipse/goclipse/bin-maven/com.googlecode.goclipse.ui.tests/work/data/TestsWD
===============================  LangCompletionProposalTest  ===============================
Tests run: 1, Failures: 0, Errors: 0, Skipped: 0, Time elapsed: 2.851 sec - in melnorme.lang.ide.ui.editor.text.LangCompletionProposalTest
testApply(melnorme.lang.ide.ui.editor.text.LangCompletionProposalTest)  Time elapsed: 0.03 sec
Running com.googlecode.goclipse.ui.DummyTest
Tests run: 1, Failures: 0, Errors: 0, Skipped: 0, Time elapsed: 0.001 sec - in com.googlecode.goclipse.ui.DummyTest
testname(com.googlecode.goclipse.ui.DummyTest)  Time elapsed: 0 sec
Running com.googlecode.goclipse.ui.wizards.GoProjectWizardTest
===============================  GoProjectWizardTest  ===============================
Tests run: 4, Failures: 0, Errors: 0, Skipped: 0, Time elapsed: 0.676 sec - in com.googlecode.goclipse.ui.wizards.GoProjectWizardTest
testPage2(com.googlecode.goclipse.ui.wizards.GoProjectWizardTest)  Time elapsed: 0.128 sec
test_P1Validation(com.googlecode.goclipse.ui.wizards.GoProjectWizardTest)  Time elapsed: 0.12 sec
test_P1_Cancel(com.googlecode.goclipse.ui.wizards.GoProjectWizardTest)  Time elapsed: 0.136 sec
test_P1_Finish(com.googlecode.goclipse.ui.wizards.GoProjectWizardTest)  Time elapsed: 0.252 sec

Results :

Tests run: 15, Failures: 0, Errors: 0, Skipped: 0

[INFO] All tests passed!
[INFO]                                                                         
[INFO] ------------------------------------------------------------------------
[INFO] Building com.googlecode.goclipse.debug 0.14.1-SNAPSHOT
[INFO] ------------------------------------------------------------------------
[INFO] 
[INFO] --- maven-clean-plugin:2.5:clean (default-clean) @ com.googlecode.goclipse.debug ---
[INFO] 
[INFO] --- tycho-packaging-plugin:0.24.0:build-qualifier (default-build-qualifier) @ com.googlecode.goclipse.debug ---
[INFO] The project's OSGi version is 0.14.1.v202202052352
[INFO] 
[INFO] --- tycho-packaging-plugin:0.24.0:validate-id (default-validate-id) @ com.googlecode.goclipse.debug ---
[INFO] 
[INFO] --- tycho-packaging-plugin:0.24.0:validate-version (default-validate-version) @ com.googlecode.goclipse.debug ---
[INFO] 
[INFO] --- maven-resources-plugin:2.4.3:resources (default-resources) @ com.googlecode.goclipse.debug ---
[INFO] Using 'UTF-8' encoding to copy filtered resources.
[INFO] skip non existing resourceDirectory /home/travis/build/passed/GoClipse/goclipse/plugin_ide.debug/src/main/resources
[INFO] 
[INFO] --- tycho-compiler-plugin:0.24.0:compile (default-compile) @ com.googlecode.goclipse.debug ---
[INFO] Compiling 32 source files to /home/travis/build/passed/GoClipse/goclipse/bin-maven/com.googlecode.goclipse.debug/classes
[INFO] 
[INFO] --- maven-resources-plugin:2.4.3:testResources (default-testResources) @ com.googlecode.goclipse.debug ---
[INFO] Using 'UTF-8' encoding to copy filtered resources.
[INFO] skip non existing resourceDirectory /home/travis/build/passed/GoClipse/goclipse/plugin_ide.debug/src/test/resources
[INFO] 
[INFO] --- target-platform-configuration:0.24.0:target-platform (default-target-platform) @ com.googlecode.goclipse.debug ---
[INFO] 
[INFO] --- tycho-packaging-plugin:0.24.0:package-plugin (default-package-plugin) @ com.googlecode.goclipse.debug ---
[INFO] Building jar: /home/travis/build/passed/GoClipse/goclipse/bin-maven/com.googlecode.goclipse.debug/com.googlecode.goclipse.debug-0.14.1-SNAPSHOT.jar
[INFO] 
[INFO] --- tycho-p2-plugin:0.24.0:p2-metadata-default (default-p2-metadata-default) @ com.googlecode.goclipse.debug ---
[INFO]                                                                         
[INFO] ------------------------------------------------------------------------
[INFO] Building goclipse_feature 0.14.1-SNAPSHOT
[INFO] ------------------------------------------------------------------------
[INFO] 
[INFO] --- maven-clean-plugin:2.5:clean (default-clean) @ goclipse_feature ---
[INFO] 
[INFO] --- tycho-packaging-plugin:0.24.0:build-qualifier-aggregator (default-build-qualifier-aggregator) @ goclipse_feature ---
[INFO] The project's OSGi version is 0.14.1.v202202052352
[INFO] 
[INFO] --- tycho-packaging-plugin:0.24.0:validate-id (default-validate-id) @ goclipse_feature ---
[INFO] 
[INFO] --- tycho-packaging-plugin:0.24.0:validate-version (default-validate-version) @ goclipse_feature ---
[INFO] 
[INFO] --- target-platform-configuration:0.24.0:target-platform (default-target-platform) @ goclipse_feature ---
[INFO] 
[INFO] --- tycho-packaging-plugin:0.24.0:package-feature (default-package-feature) @ goclipse_feature ---
[INFO] Building jar: /home/travis/build/passed/GoClipse/goclipse/bin-maven/goclipse_feature/goclipse_feature-0.14.1-SNAPSHOT.jar
[INFO] 
[INFO] --- tycho-p2-plugin:0.24.0:p2-metadata-default (default-p2-metadata-default) @ goclipse_feature ---
[INFO] 
[INFO] --- tycho-p2-plugin:0.24.0:feature-p2-metadata (default-feature-p2-metadata) @ goclipse_feature ---
[INFO]                                                                         
[INFO] ------------------------------------------------------------------------
[INFO] Building features.repository 1.0.0-SNAPSHOT
[INFO] ------------------------------------------------------------------------
[INFO] 
[INFO] --- maven-clean-plugin:2.5:clean (default-clean) @ features.repository ---
[INFO] 
[INFO] --- tycho-packaging-plugin:0.24.0:build-qualifier-aggregator (default-build-qualifier-aggregator) @ features.repository ---
[INFO] The project's OSGi version is 1.0.0.v202202052352
[INFO] 
[INFO] --- maven-clean-plugin:2.5:clean (default-clean-1) @ features.repository ---
[INFO] 
[INFO] --- maven-resources-plugin:2.4.3:resources (default-resources) @ features.repository ---
[INFO] Using 'UTF-8' encoding to copy filtered resources.
[INFO] skip non existing resourceDirectory /home/travis/build/passed/GoClipse/goclipse/releng/repository/src/main/resources
[INFO] 
[INFO] --- target-platform-configuration:0.24.0:target-platform (default-target-platform) @ features.repository ---
[INFO] 
[INFO] --- tycho-p2-publisher-plugin:0.24.0:publish-products (default-publish-products) @ features.repository ---
[INFO] 
[INFO] --- tycho-p2-publisher-plugin:0.24.0:publish-categories (default-publish-categories) @ features.repository ---
[INFO] 
[INFO] --- tycho-p2-publisher-plugin:0.24.0:attach-artifacts (default-attach-artifacts) @ features.repository ---
[INFO] 
[INFO] --- tycho-p2-repository-plugin:0.24.0:assemble-repository (default-assemble-repository) @ features.repository ---
[INFO] 
[INFO] --- tycho-p2-repository-plugin:0.24.0:archive-repository (default-archive-repository) @ features.repository ---
[INFO] Building zip: /home/travis/build/passed/GoClipse/goclipse/bin-maven/features.repository/features.repository-1.0.0-SNAPSHOT.zip
[INFO] ------------------------------------------------------------------------
[INFO] Reactor Summary:
[INFO] 
[INFO] ide-aggregator ..................................... SUCCESS [  0.075 s]
[INFO] com.googlecode.goclipse.jvmcheck ................... SUCCESS [  1.901 s]
[INFO] com.googlecode.goclipse.tooling .................... SUCCESS [  9.266 s]
[INFO] com.googlecode.goclipse.core ....................... SUCCESS [  1.599 s]
[INFO] com.googlecode.goclipse.core.tests ................. SUCCESS [  5.409 s]
[INFO] com.googlecode.goclipse.ui ......................... SUCCESS [  4.457 s]
[INFO] com.googlecode.goclipse.ui.tests ................... SUCCESS [ 11.982 s]
[INFO] com.googlecode.goclipse.debug ...................... SUCCESS [  1.539 s]
[INFO] goclipse_feature ................................... SUCCESS [  0.097 s]
[INFO] features.repository ................................ SUCCESS [  1.803 s]
[INFO] ------------------------------------------------------------------------
[INFO] BUILD SUCCESS
[INFO] ------------------------------------------------------------------------
[INFO] Total time: 01:02 min
[INFO] Finished at: 2022-02-05T23:53:36+00:00
[INFO] Final Memory: 82M/463M
[INFO] ------------------------------------------------------------------------

travis_time:end:1fdd8aa0:start=1644105151829216007,finish=1644105217601767386,duration=65772551379[0K
[32;1mThe command "mvn clean integration-test -Dhttps.protocols=TLSv1.2" exited with 0.[0m

Done. Your build exited with 0.
