travis_fold:start:system_info[0K[33;1mBuild system information[0m
Build language: java
Build group: stable
Build dist: precise
Build id: ''
Job id: ''
[34m[1mBuild image provisioning date and time[0m
Thu Feb  5 15:09:33 UTC 2015
[34m[1mOperating System Details[0m
Distributor ID:	Ubuntu
Description:	Ubuntu 12.04.5 LTS
Release:	12.04
Codename:	precise
[34m[1mLinux Version[0m
3.13.0-29-generic
[34m[1mCookbooks Version[0m
a68419e https://github.com/travis-ci/travis-cookbooks/tree/a68419e
[34m[1mGCC version[0m
gcc (Ubuntu/Linaro 4.6.3-1ubuntu5) 4.6.3
Copyright (C) 2011 Free Software Foundation, Inc.
This is free software; see the source for copying conditions.  There is NO
warranty; not even for MERCHANTABILITY or FITNESS FOR A PARTICULAR PURPOSE.

[34m[1mLLVM version[0m
clang version 3.4 (tags/RELEASE_34/final)
Target: x86_64-unknown-linux-gnu
Thread model: posix
[34m[1mPre-installed Ruby versions[0m
ruby-1.9.3-p551
[34m[1mPre-installed Node.js versions[0m
v0.10.36
[34m[1mPre-installed Go versions[0m
1.4.1
[34m[1mRedis version[0m
redis-server 2.8.19
[34m[1mriak version[0m
2.0.2
[34m[1mMongoDB version[0m
MongoDB 2.4.12
[34m[1mCouchDB version[0m
couchdb 1.6.1
[34m[1mNeo4j version[0m
1.9.4
[34m[1mRabbitMQ Version[0m
3.4.3
[34m[1mElasticSearch version[0m
1.4.0
[34m[1mInstalled Sphinx versions[0m
2.0.10
2.1.9
2.2.6
[34m[1mDefault Sphinx version[0m
2.2.6
[34m[1mInstalled Firefox version[0m
firefox 31.0esr
[34m[1mPhantomJS version[0m
1.9.8
[34m[1mant -version[0m
Apache Ant(TM) version 1.8.2 compiled on December 3 2011
[34m[1mmvn -version[0m
Apache Maven 3.2.5 (12a6b3acb947671f09b81f49094c53f426d8cea1; 2014-12-14T17:29:23+00:00)
Maven home: /usr/local/maven
Java version: 1.7.0_76, vendor: Oracle Corporation
Java home: /usr/lib/jvm/java-7-oracle/jre
Default locale: en_US, platform encoding: ANSI_X3.4-1968
OS name: "linux", version: "3.13.0-29-generic", arch: "amd64", family: "unix"
travis_fold:end:system_info[0K
grep: /etc/apt/sources.list.d/*: No such file or directory
W: Failed to fetch http://security.ubuntu.com/ubuntu/dists/precise-security/main/source/Sources  404  Not Found [IP: 91.189.91.39 80]

W: Failed to fetch http://security.ubuntu.com/ubuntu/dists/precise-security/restricted/source/Sources  404  Not Found [IP: 91.189.91.39 80]

W: Failed to fetch http://security.ubuntu.com/ubuntu/dists/precise-security/universe/source/Sources  404  Not Found [IP: 91.189.91.39 80]

W: Failed to fetch http://security.ubuntu.com/ubuntu/dists/precise-security/multiverse/source/Sources  404  Not Found [IP: 91.189.91.39 80]

W: Failed to fetch http://security.ubuntu.com/ubuntu/dists/precise-security/main/binary-amd64/Packages  404  Not Found [IP: 91.189.91.39 80]

W: Failed to fetch http://security.ubuntu.com/ubuntu/dists/precise-security/restricted/binary-amd64/Packages  404  Not Found [IP: 91.189.91.39 80]

W: Failed to fetch http://security.ubuntu.com/ubuntu/dists/precise-security/universe/binary-amd64/Packages  404  Not Found [IP: 91.189.91.39 80]

W: Failed to fetch http://security.ubuntu.com/ubuntu/dists/precise-security/multiverse/binary-amd64/Packages  404  Not Found [IP: 91.189.91.39 80]

W: Failed to fetch http://security.ubuntu.com/ubuntu/dists/precise-security/main/binary-i386/Packages  404  Not Found [IP: 91.189.91.39 80]

W: Failed to fetch http://security.ubuntu.com/ubuntu/dists/precise-security/restricted/binary-i386/Packages  404  Not Found [IP: 91.189.91.39 80]

W: Failed to fetch http://security.ubuntu.com/ubuntu/dists/precise-security/universe/binary-i386/Packages  404  Not Found [IP: 91.189.91.39 80]

W: Failed to fetch http://security.ubuntu.com/ubuntu/dists/precise-security/multiverse/binary-i386/Packages  404  Not Found [IP: 91.189.91.39 80]

W: Failed to fetch http://us.archive.ubuntu.com/ubuntu/dists/precise/main/source/Sources  404  Not Found [IP: 91.189.91.38 80]

W: Failed to fetch http://us.archive.ubuntu.com/ubuntu/dists/precise/restricted/source/Sources  404  Not Found [IP: 91.189.91.38 80]

W: Failed to fetch http://us.archive.ubuntu.com/ubuntu/dists/precise/universe/source/Sources  404  Not Found [IP: 91.189.91.38 80]

W: Failed to fetch http://us.archive.ubuntu.com/ubuntu/dists/precise/multiverse/source/Sources  404  Not Found [IP: 91.189.91.38 80]

W: Failed to fetch http://us.archive.ubuntu.com/ubuntu/dists/precise/main/binary-amd64/Packages  404  Not Found [IP: 91.189.91.38 80]

W: Failed to fetch http://us.archive.ubuntu.com/ubuntu/dists/precise/restricted/binary-amd64/Packages  404  Not Found [IP: 91.189.91.38 80]

W: Failed to fetch http://us.archive.ubuntu.com/ubuntu/dists/precise/universe/binary-amd64/Packages  404  Not Found [IP: 91.189.91.38 80]

W: Failed to fetch http://us.archive.ubuntu.com/ubuntu/dists/precise/multiverse/binary-amd64/Packages  404  Not Found [IP: 91.189.91.38 80]

W: Failed to fetch http://us.archive.ubuntu.com/ubuntu/dists/precise/main/binary-i386/Packages  404  Not Found [IP: 91.189.91.38 80]

W: Failed to fetch http://us.archive.ubuntu.com/ubuntu/dists/precise/restricted/binary-i386/Packages  404  Not Found [IP: 91.189.91.38 80]

W: Failed to fetch http://us.archive.ubuntu.com/ubuntu/dists/precise/universe/binary-i386/Packages  404  Not Found [IP: 91.189.91.38 80]

W: Failed to fetch http://us.archive.ubuntu.com/ubuntu/dists/precise/multiverse/binary-i386/Packages  404  Not Found [IP: 91.189.91.38 80]

W: Failed to fetch http://us.archive.ubuntu.com/ubuntu/dists/precise-updates/main/source/Sources  404  Not Found [IP: 91.189.91.38 80]

W: Failed to fetch http://us.archive.ubuntu.com/ubuntu/dists/precise-updates/restricted/source/Sources  404  Not Found [IP: 91.189.91.38 80]

W: Failed to fetch http://us.archive.ubuntu.com/ubuntu/dists/precise-updates/universe/source/Sources  404  Not Found [IP: 91.189.91.38 80]

W: Failed to fetch http://us.archive.ubuntu.com/ubuntu/dists/precise-updates/multiverse/source/Sources  404  Not Found [IP: 91.189.91.38 80]

W: Failed to fetch http://us.archive.ubuntu.com/ubuntu/dists/precise-updates/main/binary-amd64/Packages  404  Not Found [IP: 91.189.91.38 80]

W: Failed to fetch http://us.archive.ubuntu.com/ubuntu/dists/precise-updates/restricted/binary-amd64/Packages  404  Not Found [IP: 91.189.91.38 80]

W: Failed to fetch http://us.archive.ubuntu.com/ubuntu/dists/precise-updates/universe/binary-amd64/Packages  404  Not Found [IP: 91.189.91.38 80]

W: Failed to fetch http://us.archive.ubuntu.com/ubuntu/dists/precise-updates/multiverse/binary-amd64/Packages  404  Not Found [IP: 91.189.91.38 80]

W: Failed to fetch http://us.archive.ubuntu.com/ubuntu/dists/precise-updates/main/binary-i386/Packages  404  Not Found [IP: 91.189.91.38 80]

W: Failed to fetch http://us.archive.ubuntu.com/ubuntu/dists/precise-updates/restricted/binary-i386/Packages  404  Not Found [IP: 91.189.91.38 80]

W: Failed to fetch http://us.archive.ubuntu.com/ubuntu/dists/precise-updates/universe/binary-i386/Packages  404  Not Found [IP: 91.189.91.38 80]

W: Failed to fetch http://us.archive.ubuntu.com/ubuntu/dists/precise-updates/multiverse/binary-i386/Packages  404  Not Found [IP: 91.189.91.38 80]

W: Failed to fetch http://us.archive.ubuntu.com/ubuntu/dists/precise-backports/main/source/Sources  404  Not Found [IP: 91.189.91.38 80]

W: Failed to fetch http://us.archive.ubuntu.com/ubuntu/dists/precise-backports/restricted/source/Sources  404  Not Found [IP: 91.189.91.38 80]

W: Failed to fetch http://us.archive.ubuntu.com/ubuntu/dists/precise-backports/universe/source/Sources  404  Not Found [IP: 91.189.91.38 80]

W: Failed to fetch http://us.archive.ubuntu.com/ubuntu/dists/precise-backports/multiverse/source/Sources  404  Not Found [IP: 91.189.91.38 80]

W: Failed to fetch http://us.archive.ubuntu.com/ubuntu/dists/precise-backports/main/binary-amd64/Packages  404  Not Found [IP: 91.189.91.38 80]

W: Failed to fetch http://us.archive.ubuntu.com/ubuntu/dists/precise-backports/restricted/binary-amd64/Packages  404  Not Found [IP: 91.189.91.38 80]

W: Failed to fetch http://us.archive.ubuntu.com/ubuntu/dists/precise-backports/universe/binary-amd64/Packages  404  Not Found [IP: 91.189.91.38 80]

W: Failed to fetch http://us.archive.ubuntu.com/ubuntu/dists/precise-backports/multiverse/binary-amd64/Packages  404  Not Found [IP: 91.189.91.38 80]

W: Failed to fetch http://us.archive.ubuntu.com/ubuntu/dists/precise-backports/main/binary-i386/Packages  404  Not Found [IP: 91.189.91.38 80]

W: Failed to fetch http://us.archive.ubuntu.com/ubuntu/dists/precise-backports/restricted/binary-i386/Packages  404  Not Found [IP: 91.189.91.38 80]

W: Failed to fetch http://us.archive.ubuntu.com/ubuntu/dists/precise-backports/universe/binary-i386/Packages  404  Not Found [IP: 91.189.91.38 80]

W: Failed to fetch http://us.archive.ubuntu.com/ubuntu/dists/precise-backports/multiverse/binary-i386/Packages  404  Not Found [IP: 91.189.91.38 80]

E: Some index files failed to download. They have been ignored, or old ones used instead.
sed: cannot rename /etc/hosts: Device or resource busy
sed: cannot rename /etc/hosts: Device or resource busy
$ jdk_switcher use oraclejdk7
Switching to Oracle JDK7 (java-7-oracle), JAVA_HOME will be set to /usr/lib/jvm/java-7-oracle
$ cd passed/google/auto

[33;1mSetting environment variables from .travis.yml[0m
$ export CI_DEPLOY_USERNAME=[secure]
$ export CI_DEPLOY_PASSWORD=[secure]
$ export GH_TOKEN=[secure]

$ java -Xmx32m -version
java version "1.7.0_76"
Java(TM) SE Runtime Environment (build 1.7.0_76-b13)
Java HotSpot(TM) 64-Bit Server VM (build 24.76-b04, mixed mode)
$ javac -J-Xmx32m -version
javac 1.7.0_76
travis_fold:start:install[0Ktravis_time:start:2fb6629f[0K$ mvn -Dhttps.protocols=TLSv1.2 -B -U -f build.pom.xml dependency:go-offline test clean --quiet --fail-never -DskipTests=true
[ERROR] The build could not read 1 project -> [Help 1]
[ERROR]   
[ERROR]   The project  (/home/travis/build/passed/google/auto/build.pom.xml) has 1 error
[ERROR]     Non-readable POM /home/travis/build/passed/google/auto/build.pom.xml: /home/travis/build/passed/google/auto/build.pom.xml (No such file or directory)
[ERROR] 
[ERROR] To see the full stack trace of the errors, re-run Maven with the -e switch.
[ERROR] Re-run Maven using the -X switch to enable full debug logging.
[ERROR] 
[ERROR] For more information about the errors and possible solutions, please read the following articles:
[ERROR] [Help 1] http://cwiki.apache.org/confluence/display/MAVEN/ProjectBuildingException

travis_time:end:2fb6629f:start=1644124328477360924,finish=1644124329800508935,duration=1323148011[0Ktravis_fold:end:install[0Ktravis_time:start:1100fe61[0K$ mvn -Dhttps.protocols=TLSv1.2 -B -U -f build-pom.xml verify --fail-at-end -Dsource.skip=true -Dmaven.javadoc.skip=true
[INFO] Scanning for projects...
[INFO] ------------------------------------------------------------------------
[INFO] Reactor Build Order:
[INFO] 
[INFO] Auto (Parent)
[INFO] Auto Common Libraries
[INFO] AutoFactory
[INFO] AutoService
[INFO] AutoValue
[INFO] build-only
[INFO]                                                                         
[INFO] ------------------------------------------------------------------------
[INFO] Building Auto (Parent) 4-SNAPSHOT
[INFO] ------------------------------------------------------------------------
[INFO] 
[INFO] --- maven-enforcer-plugin:1.0:enforce (enforce-maven) @ auto-parent ---
[INFO]                                                                         
[INFO] ------------------------------------------------------------------------
[INFO] Building Auto Common Libraries 1.0-SNAPSHOT
[INFO] ------------------------------------------------------------------------
[INFO] 
[INFO] --- maven-enforcer-plugin:1.0:enforce (enforce-maven) @ auto-common ---
[INFO] 
[INFO] --- maven-resources-plugin:2.6:resources (default-resources) @ auto-common ---
[INFO] Using 'UTF-8' encoding to copy filtered resources.
[INFO] skip non existing resourceDirectory /home/travis/build/passed/google/auto/common/src/main/resources
[INFO] 
[INFO] --- maven-compiler-plugin:3.1:compile (default-compile) @ auto-common ---
[INFO] Changes detected - recompiling the module!
[INFO] Compiling 7 source files to /home/travis/build/passed/google/auto/common/target/classes
[WARNING] bootstrap class path not set in conjunction with -source 1.6
[INFO] 
[INFO] --- maven-resources-plugin:2.6:testResources (default-testResources) @ auto-common ---
[INFO] Using 'UTF-8' encoding to copy filtered resources.
[INFO] skip non existing resourceDirectory /home/travis/build/passed/google/auto/common/src/test/resources
[INFO] 
[INFO] --- maven-compiler-plugin:3.1:testCompile (default-testCompile) @ auto-common ---
[INFO] Changes detected - recompiling the module!
[INFO] Compiling 7 source files to /home/travis/build/passed/google/auto/common/target/test-classes
[WARNING] bootstrap class path not set in conjunction with -source 1.6
[WARNING] /home/travis/build/passed/google/auto/common/src/test/java/com/google/auto/common/MoreTypesTest.java:[230,5] <T,C>assertThat(java.util.Collection<T>) in com.google.common.truth.Truth has been deprecated
[WARNING] /home/travis/build/passed/google/auto/common/src/test/java/com/google/auto/common/MoreTypesTest.java:[232,5] <T,C>assertThat(java.util.Collection<T>) in com.google.common.truth.Truth has been deprecated
[WARNING] /home/travis/build/passed/google/auto/common/src/test/java/com/google/auto/common/MoreTypesTest.java:[234,5] <T,C>assertThat(java.util.Collection<T>) in com.google.common.truth.Truth has been deprecated
[WARNING] /home/travis/build/passed/google/auto/common/src/test/java/com/google/auto/common/MoreTypesTest.java:[236,5] <T,C>assertThat(java.util.Collection<T>) in com.google.common.truth.Truth has been deprecated
[WARNING] /home/travis/build/passed/google/auto/common/src/test/java/com/google/auto/common/MoreTypesTest.java:[238,5] <T,C>assertThat(java.util.Collection<T>) in com.google.common.truth.Truth has been deprecated
[WARNING] /home/travis/build/passed/google/auto/common/src/test/java/com/google/auto/common/MoreTypesTest.java:[240,5] <T,C>assertThat(java.util.Collection<T>) in com.google.common.truth.Truth has been deprecated
[WARNING] /home/travis/build/passed/google/auto/common/src/test/java/com/google/auto/common/MoreTypesTest.java:[242,5] <T,C>assertThat(java.util.Collection<T>) in com.google.common.truth.Truth has been deprecated
[WARNING] /home/travis/build/passed/google/auto/common/src/test/java/com/google/auto/common/MoreTypesTest.java:[244,5] <T,C>assertThat(java.util.Collection<T>) in com.google.common.truth.Truth has been deprecated
[WARNING] /home/travis/build/passed/google/auto/common/src/test/java/com/google/auto/common/MoreTypesTest.java:[246,5] <T,C>assertThat(java.util.Collection<T>) in com.google.common.truth.Truth has been deprecated
[WARNING] /home/travis/build/passed/google/auto/common/src/test/java/com/google/auto/common/MoreTypesTest.java:[248,5] <T,C>assertThat(java.util.Collection<T>) in com.google.common.truth.Truth has been deprecated
[WARNING] /home/travis/build/passed/google/auto/common/src/test/java/com/google/auto/common/MoreTypesTest.java:[249,5] <T,C>assertThat(java.util.Collection<T>) in com.google.common.truth.Truth has been deprecated
[WARNING] /home/travis/build/passed/google/auto/common/src/test/java/com/google/auto/common/MoreTypesTest.java:[250,5] <T,C>assertThat(java.util.Collection<T>) in com.google.common.truth.Truth has been deprecated
[WARNING] /home/travis/build/passed/google/auto/common/src/test/java/com/google/auto/common/MoreElementsTest.java:[244,5] <T,C>assertThat(java.util.Collection<T>) in com.google.common.truth.Truth has been deprecated
[WARNING] /home/travis/build/passed/google/auto/common/src/test/java/com/google/auto/common/MoreElementsTest.java:[246,5] <T,C>assertThat(java.util.Collection<T>) in com.google.common.truth.Truth has been deprecated
[WARNING] /home/travis/build/passed/google/auto/common/src/test/java/com/google/auto/common/MoreElementsTest.java:[266,5] <T,C>assertThat(java.util.Collection<T>) in com.google.common.truth.Truth has been deprecated
[WARNING] /home/travis/build/passed/google/auto/common/src/test/java/com/google/auto/common/MoreElementsTest.java:[336,5] <T,C>assertThat(java.util.Collection<T>) in com.google.common.truth.Truth has been deprecated
[WARNING] /home/travis/build/passed/google/auto/common/src/test/java/com/google/auto/common/MoreElementsTest.java:[342,5] <T,C>assertThat(java.util.Collection<T>) in com.google.common.truth.Truth has been deprecated
[INFO] 
[INFO] --- maven-surefire-plugin:2.12.4:test (default-test) @ auto-common ---
[INFO] Surefire report directory: /home/travis/build/passed/google/auto/common/target/surefire-reports

-------------------------------------------------------
 T E S T S
-------------------------------------------------------
Running com.google.auto.common.MoreTypesTest
Tests run: 6, Failures: 0, Errors: 0, Skipped: 0, Time elapsed: 1.175 sec
Running com.google.auto.common.BasicAnnotationProcessorTest
Tests run: 6, Failures: 0, Errors: 0, Skipped: 0, Time elapsed: 0.498 sec
Running com.google.auto.common.SuperficialValidationTest
Tests run: 10, Failures: 0, Errors: 0, Skipped: 0, Time elapsed: 0.155 sec
Running com.google.auto.common.MoreElementsTest
Tests run: 15, Failures: 0, Errors: 0, Skipped: 0, Time elapsed: 0.218 sec
Running com.google.auto.common.MoreTypesIsTypeOfTest
Tests run: 13, Failures: 0, Errors: 0, Skipped: 0, Time elapsed: 0.202 sec
Running com.google.auto.common.AnnotationMirrorsTest
Tests run: 5, Failures: 0, Errors: 0, Skipped: 0, Time elapsed: 0.132 sec
Running com.google.auto.common.VisibilityTest
Tests run: 3, Failures: 0, Errors: 0, Skipped: 0, Time elapsed: 0.055 sec

Results :

Tests run: 58, Failures: 0, Errors: 0, Skipped: 0

[INFO] 
[INFO] --- maven-jar-plugin:2.5:jar (default-jar) @ auto-common ---
[INFO] Building jar: /home/travis/build/passed/google/auto/common/target/auto-common-1.0-SNAPSHOT.jar
[INFO]                                                                         
[INFO] ------------------------------------------------------------------------
[INFO] Building AutoFactory 1.0-SNAPSHOT
[INFO] ------------------------------------------------------------------------
[INFO] 
[INFO] --- maven-enforcer-plugin:1.0:enforce (enforce-maven) @ auto-factory ---
[INFO] 
[INFO] --- maven-resources-plugin:2.6:resources (default-resources) @ auto-factory ---
[INFO] Using 'UTF-8' encoding to copy filtered resources.
[INFO] skip non existing resourceDirectory /home/travis/build/passed/google/auto/factory/src/main/resources
[INFO] 
[INFO] --- maven-compiler-plugin:3.1:compile (default-compile) @ auto-factory ---
[INFO] Changes detected - recompiling the module!
[INFO] Compiling 16 source files to /home/travis/build/passed/google/auto/factory/target/classes
[WARNING] bootstrap class path not set in conjunction with -source 1.6
[INFO] 
[INFO] --- maven-resources-plugin:2.6:testResources (default-testResources) @ auto-factory ---
[INFO] Using 'UTF-8' encoding to copy filtered resources.
[INFO] Copying 51 resources
[INFO] 
[INFO] --- maven-compiler-plugin:3.1:testCompile (default-testCompile) @ auto-factory ---
[INFO] Changes detected - recompiling the module!
[INFO] Compiling 2 source files to /home/travis/build/passed/google/auto/factory/target/test-classes
[WARNING] bootstrap class path not set in conjunction with -source 1.6
[WARNING] No processor claimed any of these annotations: org.junit.Test,org.junit.runner.RunWith
[INFO] 
[INFO] --- maven-surefire-plugin:2.12.4:test (default-test) @ auto-factory ---
[INFO] Surefire report directory: /home/travis/build/passed/google/auto/factory/target/surefire-reports

-------------------------------------------------------
 T E S T S
-------------------------------------------------------
Running com.google.auto.factory.processor.AutoFactoryDeclarationTest
Tests run: 1, Failures: 0, Errors: 0, Skipped: 0, Time elapsed: 0.067 sec
Running com.google.auto.factory.processor.AutoFactoryProcessorTest
Tests run: 28, Failures: 0, Errors: 0, Skipped: 0, Time elapsed: 2.025 sec

Results :

Tests run: 29, Failures: 0, Errors: 0, Skipped: 0

[INFO] 
[INFO] --- maven-jar-plugin:2.5:jar (default-jar) @ auto-factory ---
[INFO] Building jar: /home/travis/build/passed/google/auto/factory/target/auto-factory-1.0-SNAPSHOT.jar
[INFO] 
[INFO] --- maven-invoker-plugin:1.8:install (integration-test) @ auto-factory ---
[INFO] Installing /home/travis/build/passed/google/auto/pom.xml to /home/travis/.m2/repository/com/google/auto/auto-parent/4-SNAPSHOT/auto-parent-4-SNAPSHOT.pom
[INFO] Installing /home/travis/build/passed/google/auto/common/pom.xml to /home/travis/.m2/repository/com/google/auto/auto-common/1.0-SNAPSHOT/auto-common-1.0-SNAPSHOT.pom
[INFO] Installing /home/travis/build/passed/google/auto/common/target/auto-common-1.0-SNAPSHOT.jar to /home/travis/.m2/repository/com/google/auto/auto-common/1.0-SNAPSHOT/auto-common-1.0-SNAPSHOT.jar
[INFO] Installing /home/travis/build/passed/google/auto/factory/pom.xml to /home/travis/.m2/repository/com/google/auto/factory/auto-factory/1.0-SNAPSHOT/auto-factory-1.0-SNAPSHOT.pom
[INFO] Installing /home/travis/build/passed/google/auto/factory/target/auto-factory-1.0-SNAPSHOT.jar to /home/travis/.m2/repository/com/google/auto/factory/auto-factory/1.0-SNAPSHOT/auto-factory-1.0-SNAPSHOT.jar
[INFO] 
[INFO] --- maven-invoker-plugin:1.8:run (integration-test) @ auto-factory ---
[INFO] Building: functional/pom.xml
[INFO] [INFO] Scanning for projects...
[INFO] [INFO]                                                                         
[INFO] [INFO] ------------------------------------------------------------------------
[INFO] [INFO] Building Auto-Value Functional Integration Test HEAD-SNAPSHOT
[INFO] [INFO] ------------------------------------------------------------------------
[INFO] [INFO] Downloading: https://repository.apache.org/snapshots/com/google/auto/factory/auto-factory/1.0-SNAPSHOT/maven-metadata.xml
[INFO] [WARNING] Could not transfer metadata com.google.auto.factory:auto-factory:1.0-SNAPSHOT/maven-metadata.xml from/to apache-snapshots (https://repository.apache.org/snapshots/): Connect to repository.apache.org:443 [repository.apache.org/136.243.146.148] failed: Connection timed out
[INFO] [WARNING] Failure to transfer com.google.auto.factory:auto-factory:1.0-SNAPSHOT/maven-metadata.xml from https://repository.apache.org/snapshots/ was cached in the local repository, resolution will not be reattempted until the update interval of apache-snapshots has elapsed or updates are forced. Original error: Could not transfer metadata com.google.auto.factory:auto-factory:1.0-SNAPSHOT/maven-metadata.xml from/to apache-snapshots (https://repository.apache.org/snapshots/): Connect to repository.apache.org:443 [repository.apache.org/136.243.146.148] failed: Connection timed out
[INFO] [INFO] 
[INFO] [INFO] --- maven-resources-plugin:2.6:resources (default-resources) @ functional ---
[INFO] [WARNING] Using platform encoding (UTF-8 actually) to copy filtered resources, i.e. build is platform dependent!
[INFO] [INFO] skip non existing resourceDirectory /home/travis/build/passed/google/auto/factory/target/it/functional/src/main/resources
[INFO] [INFO] 
[INFO] [INFO] --- maven-compiler-plugin:3.1:compile (default-compile) @ functional ---
[INFO] [INFO] Changes detected - recompiling the module!
[INFO] [WARNING] File encoding has not been set, using platform encoding UTF-8, i.e. build is platform dependent!
[INFO] [INFO] Compiling 9 source files to /home/travis/build/passed/google/auto/factory/target/it/functional/target/classes
[INFO] [WARNING] bootstrap class path not set in conjunction with -source 1.6
[INFO] [WARNING] No processor claimed any of these annotations: com.google.auto.factory.Provided,com.google.auto.factory.AutoFactory,com.google.auto.factory.Qualifier,dagger.Component,javax.inject.Qualifier,dagger.Module,dagger.Provides,javax.inject.Inject
[INFO] [WARNING] No processor claimed any of these annotations: com.google.auto.factory.Qualifier,javax.annotation.Generated,javax.inject.Inject
[INFO] [WARNING] No processor claimed any of these annotations: javax.annotation.Generated
[INFO] [INFO] 
[INFO] [INFO] --- maven-resources-plugin:2.6:testResources (default-testResources) @ functional ---
[INFO] [WARNING] Using platform encoding (UTF-8 actually) to copy filtered resources, i.e. build is platform dependent!
[INFO] [INFO] skip non existing resourceDirectory /home/travis/build/passed/google/auto/factory/target/it/functional/src/test/resources
[INFO] [INFO] 
[INFO] [INFO] --- maven-compiler-plugin:3.1:testCompile (default-testCompile) @ functional ---
[INFO] [INFO] Changes detected - recompiling the module!
[INFO] [WARNING] File encoding has not been set, using platform encoding UTF-8, i.e. build is platform dependent!
[INFO] [INFO] Compiling 1 source file to /home/travis/build/passed/google/auto/factory/target/it/functional/target/test-classes
[INFO] [WARNING] bootstrap class path not set in conjunction with -source 1.6
[INFO] [WARNING] No processor claimed any of these annotations: org.junit.Test,org.junit.runner.RunWith
[INFO] [INFO] 
[INFO] [INFO] --- maven-surefire-plugin:2.12.4:test (default-test) @ functional ---
[INFO] [INFO] Surefire report directory: /home/travis/build/passed/google/auto/factory/target/it/functional/target/surefire-reports
[INFO] 
[INFO] -------------------------------------------------------
[INFO]  T E S T S
[INFO] -------------------------------------------------------
[INFO] Running com.google.auto.factory.DependencyInjectionIntegrationTest
[INFO] Tests run: 2, Failures: 0, Errors: 0, Skipped: 0, Time elapsed: 0.489 sec
[INFO] 
[INFO] Results :
[INFO] 
[INFO] Tests run: 2, Failures: 0, Errors: 0, Skipped: 0
[INFO] 
[INFO] [INFO] 
[INFO] [INFO] --- maven-jar-plugin:2.5:jar (default-jar) @ functional ---
[INFO] [INFO] Building jar: /home/travis/build/passed/google/auto/factory/target/it/functional/target/functional-HEAD-SNAPSHOT.jar
[INFO] [INFO] ------------------------------------------------------------------------
[INFO] [INFO] BUILD SUCCESS
[INFO] [INFO] ------------------------------------------------------------------------
[INFO] [INFO] Total time: 02:15 min
[INFO] [INFO] Finished at: 2022-02-06T05:14:42+00:00
[INFO] [INFO] Final Memory: 17M/491M
[INFO] [INFO] ------------------------------------------------------------------------
[INFO] ..SUCCESS (136.6 s)
[INFO] -------------------------------------------------
[INFO] Build Summary:
[INFO]   Passed: 1, Failed: 0, Errors: 0, Skipped: 0
[INFO] -------------------------------------------------
[INFO]                                                                         
[INFO] ------------------------------------------------------------------------
[INFO] Building AutoService 1.0-SNAPSHOT
[INFO] ------------------------------------------------------------------------
[INFO] 
[INFO] --- maven-enforcer-plugin:1.0:enforce (enforce-maven) @ auto-service ---
[INFO] 
[INFO] --- maven-resources-plugin:2.6:resources (default-resources) @ auto-service ---
[INFO] Using 'UTF-8' encoding to copy filtered resources.
[INFO] Copying 1 resource
[INFO] 
[INFO] --- maven-compiler-plugin:3.1:compile (default-compile) @ auto-service ---
[INFO] Changes detected - recompiling the module!
[INFO] Compiling 4 source files to /home/travis/build/passed/google/auto/service/target/classes
[WARNING] bootstrap class path not set in conjunction with -source 1.6
[INFO] 
[INFO] --- maven-resources-plugin:2.6:testResources (default-testResources) @ auto-service ---
[INFO] Using 'UTF-8' encoding to copy filtered resources.
[INFO] Copying 8 resources
[INFO] 
[INFO] --- maven-compiler-plugin:3.1:testCompile (default-testCompile) @ auto-service ---
[INFO] Changes detected - recompiling the module!
[INFO] Compiling 1 source file to /home/travis/build/passed/google/auto/service/target/test-classes
[WARNING] bootstrap class path not set in conjunction with -source 1.6
[INFO] 
[INFO] --- maven-surefire-plugin:2.12.4:test (default-test) @ auto-service ---
[INFO] Surefire report directory: /home/travis/build/passed/google/auto/service/target/surefire-reports

-------------------------------------------------------
 T E S T S
-------------------------------------------------------
Running com.google.auto.service.processor.AutoServiceProcessorTest
Tests run: 1, Failures: 0, Errors: 0, Skipped: 0, Time elapsed: 1.1 sec

Results :

Tests run: 1, Failures: 0, Errors: 0, Skipped: 0

[INFO] 
[INFO] --- maven-jar-plugin:2.5:jar (default-jar) @ auto-service ---
[INFO] Building jar: /home/travis/build/passed/google/auto/service/target/auto-service-1.0-SNAPSHOT.jar
[INFO]                                                                         
[INFO] ------------------------------------------------------------------------
[INFO] Building AutoValue 1.2-SNAPSHOT
[INFO] ------------------------------------------------------------------------
[INFO] 
[INFO] --- maven-enforcer-plugin:1.0:enforce (enforce-maven) @ auto-value ---
[INFO] 
[INFO] --- maven-resources-plugin:2.6:resources (default-resources) @ auto-value ---
[INFO] Using 'UTF-8' encoding to copy filtered resources.
[INFO] Copying 45 resources
[INFO] 
[INFO] --- maven-compiler-plugin:3.1:compile (default-compile) @ auto-value ---
[INFO] Changes detected - recompiling the module!
[INFO] Compiling 41 source files to /home/travis/build/passed/google/auto/value/target/classes
[WARNING] bootstrap class path not set in conjunction with -source 1.6
[INFO] 
[INFO] --- maven-resources-plugin:2.6:testResources (default-testResources) @ auto-value ---
[INFO] Using 'UTF-8' encoding to copy filtered resources.
[INFO] skip non existing resourceDirectory /home/travis/build/passed/google/auto/value/src/test/resources
[INFO] 
[INFO] --- maven-compiler-plugin:3.1:testCompile (default-testCompile) @ auto-value ---
[INFO] Changes detected - recompiling the module!
[INFO] Compiling 17 source files to /home/travis/build/passed/google/auto/value/target/test-classes
[WARNING] bootstrap class path not set in conjunction with -source 1.6
[WARNING] No processor claimed any of these annotations: org.junit.Rule,org.junit.runner.RunWith,org.junit.Before,org.junit.Test
[INFO] 
[INFO] --- maven-surefire-plugin:2.12.4:test (default-test) @ auto-value ---
[INFO] Surefire report directory: /home/travis/build/passed/google/auto/value/target/surefire-reports

-------------------------------------------------------
 T E S T S
-------------------------------------------------------
Running com.google.auto.value.processor.AbstractMethodExtractorTest
Tests run: 3, Failures: 0, Errors: 0, Skipped: 0, Time elapsed: 0.073 sec
Running com.google.auto.value.processor.CompilationTest
Tests run: 48, Failures: 0, Errors: 0, Skipped: 0, Time elapsed: 2.157 sec
Running com.google.auto.value.processor.escapevelocity.ReferenceNodeTest
Tests run: 3, Failures: 0, Errors: 0, Skipped: 0, Time elapsed: 0.001 sec
Running com.google.auto.value.processor.escapevelocity.TemplateTest
Tests run: 58, Failures: 0, Errors: 0, Skipped: 0, Time elapsed: 0.379 sec
Running com.google.auto.value.processor.AutoAnnotationCompilationTest
Tests run: 4, Failures: 0, Errors: 0, Skipped: 0, Time elapsed: 0.26 sec
Running com.google.auto.value.processor.CompilationErrorsTest
Tests run: 7, Failures: 0, Errors: 0, Skipped: 0, Time elapsed: 0.234 sec
Running com.google.auto.value.processor.ReformatterTest
Tests run: 2, Failures: 0, Errors: 0, Skipped: 0, Time elapsed: 0 sec
Running com.google.auto.value.processor.TypeSimplifierTest
Tests run: 2, Failures: 0, Errors: 0, Skipped: 0, Time elapsed: 0.055 sec
Running com.google.auto.value.processor.GeneratedDoesNotExistTest
Tests run: 1, Failures: 0, Errors: 0, Skipped: 0, Time elapsed: 0.032 sec
Running com.google.auto.value.processor.PropertyAnnotationsTest
Tests run: 20, Failures: 0, Errors: 0, Skipped: 0, Time elapsed: 0.84 sec
Running com.google.auto.value.processor.EclipseHackTokenizerTest
Tests run: 1, Failures: 0, Errors: 0, Skipped: 0, Time elapsed: 0 sec
Running com.google.auto.value.processor.AutoAnnotationErrorsTest
Tests run: 10, Failures: 0, Errors: 0, Skipped: 0, Time elapsed: 0.171 sec
Running com.google.auto.value.processor.AbstractMethodListerTest
Tests run: 2, Failures: 0, Errors: 0, Skipped: 0, Time elapsed: 0.003 sec
Running com.google.auto.value.processor.ExtensionTest
Tests run: 3, Failures: 0, Errors: 0, Skipped: 0, Time elapsed: 0.101 sec
Running com.google.auto.value.processor.TemplateVarsTest
Tests run: 6, Failures: 0, Errors: 0, Skipped: 0, Time elapsed: 0.001 sec
Running com.google.auto.value.processor.JavaScannerTest
Tests run: 1, Failures: 0, Errors: 0, Skipped: 0, Time elapsed: 0 sec
Running com.google.auto.value.processor.GuavaCollectionBuildersTest
Tests run: 1, Failures: 0, Errors: 0, Skipped: 0, Time elapsed: 0.101 sec

Results :

Tests run: 172, Failures: 0, Errors: 0, Skipped: 0

[INFO] 
[INFO] --- maven-jar-plugin:2.5:jar (default-jar) @ auto-value ---
[INFO] Building jar: /home/travis/build/passed/google/auto/value/target/auto-value-1.2-SNAPSHOT.jar
[INFO] 
[INFO] --- maven-shade-plugin:3:shade (default) @ auto-value ---
[INFO] Including com.google.auto:auto-common:jar:1.0-SNAPSHOT in the shaded jar.
[INFO] Including com.google.auto.service:auto-service:jar:1.0-rc2 in the shaded jar.
[INFO] Including com.google.guava:guava:jar:18.0 in the shaded jar.
[INFO] Including org.ow2.asm:asm:jar:4.1 in the shaded jar.
[INFO] Minimizing jar com.google.auto.value:auto-value:jar:1.2-SNAPSHOT
[INFO] Minimized 1867 -> 836 (44%)
[INFO] Replacing original artifact with shaded artifact.
[INFO] Replacing /home/travis/build/passed/google/auto/value/target/auto-value-1.2-SNAPSHOT.jar with /home/travis/build/passed/google/auto/value/target/auto-value-1.2-SNAPSHOT-shaded.jar
[INFO] Dependency-reduced POM written at: /home/travis/build/passed/google/auto/value/dependency-reduced-pom.xml
[INFO] Dependency-reduced POM written at: /home/travis/build/passed/google/auto/value/dependency-reduced-pom.xml
[INFO] 
[INFO] --- maven-invoker-plugin:1.8:install (integration-test) @ auto-value ---
[INFO] Installing /home/travis/build/passed/google/auto/pom.xml to /home/travis/.m2/repository/com/google/auto/auto-parent/4-SNAPSHOT/auto-parent-4-SNAPSHOT.pom
[INFO] Installing /home/travis/build/passed/google/auto/common/pom.xml to /home/travis/.m2/repository/com/google/auto/auto-common/1.0-SNAPSHOT/auto-common-1.0-SNAPSHOT.pom
[INFO] Installing /home/travis/build/passed/google/auto/common/target/auto-common-1.0-SNAPSHOT.jar to /home/travis/.m2/repository/com/google/auto/auto-common/1.0-SNAPSHOT/auto-common-1.0-SNAPSHOT.jar
[INFO] Installing /home/travis/build/passed/google/auto/factory/pom.xml to /home/travis/.m2/repository/com/google/auto/factory/auto-factory/1.0-SNAPSHOT/auto-factory-1.0-SNAPSHOT.pom
[INFO] Installing /home/travis/build/passed/google/auto/factory/target/auto-factory-1.0-SNAPSHOT.jar to /home/travis/.m2/repository/com/google/auto/factory/auto-factory/1.0-SNAPSHOT/auto-factory-1.0-SNAPSHOT.jar
[INFO] Installing /home/travis/build/passed/google/auto/service/pom.xml to /home/travis/.m2/repository/com/google/auto/service/auto-service/1.0-SNAPSHOT/auto-service-1.0-SNAPSHOT.pom
[INFO] Installing /home/travis/build/passed/google/auto/service/target/auto-service-1.0-SNAPSHOT.jar to /home/travis/.m2/repository/com/google/auto/service/auto-service/1.0-SNAPSHOT/auto-service-1.0-SNAPSHOT.jar
[INFO] Installing /home/travis/build/passed/google/auto/value/dependency-reduced-pom.xml to /home/travis/.m2/repository/com/google/auto/value/auto-value/1.2-SNAPSHOT/auto-value-1.2-SNAPSHOT.pom
[INFO] Installing /home/travis/build/passed/google/auto/value/target/auto-value-1.2-SNAPSHOT.jar to /home/travis/.m2/repository/com/google/auto/value/auto-value/1.2-SNAPSHOT/auto-value-1.2-SNAPSHOT.jar
[INFO] 
[INFO] --- maven-invoker-plugin:1.8:run (integration-test) @ auto-value ---
[INFO] Building: functional/pom.xml
[INFO] [INFO] Scanning for projects...
[INFO] [INFO]                                                                         
[INFO] [INFO] ------------------------------------------------------------------------
[INFO] [INFO] Building Auto-Value Functional Integration Test HEAD-SNAPSHOT
[INFO] [INFO] ------------------------------------------------------------------------
[INFO] [INFO] Downloading: https://repository.apache.org/snapshots/com/google/auto/value/auto-value/1.2-SNAPSHOT/maven-metadata.xml
[INFO] [WARNING] Could not transfer metadata com.google.auto.value:auto-value:1.2-SNAPSHOT/maven-metadata.xml from/to apache-snapshots (https://repository.apache.org/snapshots/): Connect to repository.apache.org:443 [repository.apache.org/136.243.146.148] failed: Connection timed out
[INFO] [WARNING] Failure to transfer com.google.auto.value:auto-value:1.2-SNAPSHOT/maven-metadata.xml from https://repository.apache.org/snapshots/ was cached in the local repository, resolution will not be reattempted until the update interval of apache-snapshots has elapsed or updates are forced. Original error: Could not transfer metadata com.google.auto.value:auto-value:1.2-SNAPSHOT/maven-metadata.xml from/to apache-snapshots (https://repository.apache.org/snapshots/): Connect to repository.apache.org:443 [repository.apache.org/136.243.146.148] failed: Connection timed out
[INFO] [INFO] 
[INFO] [INFO] --- maven-clean-plugin:2.5:clean (default-clean) @ functional ---
[INFO] [INFO] 
[INFO] [INFO] --- maven-resources-plugin:2.6:resources (default-resources) @ functional ---
[INFO] [WARNING] Using platform encoding (UTF-8 actually) to copy filtered resources, i.e. build is platform dependent!
[INFO] [INFO] skip non existing resourceDirectory /home/travis/build/passed/google/auto/value/target/it/functional/src/main/resources
[INFO] [INFO] 
[INFO] [INFO] --- maven-compiler-plugin:3.1:compile (default-compile) @ functional ---
[INFO] [INFO] Changes detected - recompiling the module!
[INFO] [WARNING] File encoding has not been set, using platform encoding UTF-8, i.e. build is platform dependent!
[INFO] [INFO] Compiling 4 source files to /home/travis/build/passed/google/auto/value/target/it/functional/target/classes
[INFO] [WARNING] bootstrap class path not set in conjunction with -source 1.6
[INFO] [WARNING] No processor claimed any of these annotations: com.google.auto.value.AutoValue,javax.annotation.Nullable
[INFO] [WARNING] No processor claimed any of these annotations: javax.annotation.Generated,javax.annotation.Nullable
[INFO] [INFO] 
[INFO] [INFO] --- maven-resources-plugin:2.6:testResources (default-testResources) @ functional ---
[INFO] [WARNING] Using platform encoding (UTF-8 actually) to copy filtered resources, i.e. build is platform dependent!
[INFO] [INFO] skip non existing resourceDirectory /home/travis/build/passed/google/auto/value/target/it/functional/src/test/resources
[INFO] [INFO] 
[INFO] [INFO] --- maven-compiler-plugin:3.1:testCompile (default-testCompile) @ functional ---
[INFO] [INFO] Changes detected - recompiling the module!
[INFO] [WARNING] File encoding has not been set, using platform encoding UTF-8, i.e. build is platform dependent!
[INFO] [INFO] Compiling 4 source files to /home/travis/build/passed/google/auto/value/target/it/functional/target/test-classes
[INFO] [WARNING] bootstrap class path not set in conjunction with -source 1.6
[INFO] [WARNING] No processor claimed any of these annotations: com.google.auto.value.AutoValue,com.google.auto.value.AutoValueTest.GwtCompatible,com.google.auto.value.AutoValue.Builder,com.google.auto.value.AutoValueTest.AlternativeNullableProperties.Nullable,javax.annotation.Nullable,com.google.auto.value.AutoValueTest.HairyAnnotation
[INFO] [WARNING] No processor claimed any of these annotations: com.google.auto.value.AutoValueTest.GwtCompatible,com.google.auto.value.AutoValueTest.HairyAnnotation,com.google.auto.value.AutoValueTest.AlternativeNullableProperties.Nullable,javax.annotation.Generated,javax.annotation.Nullable
[INFO] [WARNING] /home/travis/build/passed/google/auto/value/target/it/functional/src/test/java/com/google/auto/value/AutoValueTest.java:[631,5] serializable class ComparableList has no definition of serialVersionUID
[INFO] [WARNING] /home/travis/build/passed/google/auto/value/target/it/functional/target/generated-test-sources/test-annotations/com/google/auto/value/AutoValue_AutoValueTest_Serialize.java:[8,8] serializable class com.google.auto.value.AutoValue_AutoValueTest_Serialize has no definition of serialVersionUID
[INFO] [INFO] 
[INFO] [INFO] --- maven-surefire-plugin:2.12.4:test (default-test) @ functional ---
[INFO] [INFO] Surefire report directory: /home/travis/build/passed/google/auto/value/target/it/functional/target/surefire-reports
[INFO] 
[INFO] -------------------------------------------------------
[INFO]  T E S T S
[INFO] -------------------------------------------------------
[INFO] Running com.google.auto.value.AutoValueTest
[INFO] Tests run: 77, Failures: 0, Errors: 0, Skipped: 0, Time elapsed: 1.783 sec
[INFO] Running com.google.auto.value.SimpleValueTypeTest
[INFO] Tests run: 3, Failures: 0, Errors: 0, Skipped: 0, Time elapsed: 2.186 sec
[INFO] Running PackagelessValueTypeTest
[INFO] Tests run: 3, Failures: 0, Errors: 0, Skipped: 0, Time elapsed: 0 sec
[INFO] 
[INFO] Results :
[INFO] 
[INFO] Tests run: 83, Failures: 0, Errors: 0, Skipped: 0
[INFO] 
[INFO] [INFO] 
[INFO] [INFO] --- maven-jar-plugin:2.4:jar (default-jar) @ functional ---
[INFO] [INFO] Building jar: /home/travis/build/passed/google/auto/value/target/it/functional/target/functional-HEAD-SNAPSHOT.jar
[INFO] [INFO] ------------------------------------------------------------------------
[INFO] [INFO] BUILD SUCCESS
[INFO] [INFO] ------------------------------------------------------------------------
[INFO] [INFO] Total time: 02:22 min
[INFO] [INFO] Finished at: 2022-02-06T05:17:19+00:00
[INFO] [INFO] Final Memory: 18M/491M
[INFO] [INFO] ------------------------------------------------------------------------
[INFO] [INFO] Scanning for projects...
[INFO] [INFO]                                                                         
[INFO] [INFO] ------------------------------------------------------------------------
[INFO] [INFO] Building Auto-Value Functional Integration Test HEAD-SNAPSHOT
[INFO] [INFO] ------------------------------------------------------------------------
[INFO] [INFO] Downloading: https://repository.apache.org/snapshots/com/google/auto/value/auto-value/1.2-SNAPSHOT/maven-metadata.xml
[INFO] [WARNING] Could not transfer metadata com.google.auto.value:auto-value:1.2-SNAPSHOT/maven-metadata.xml from/to apache-snapshots (https://repository.apache.org/snapshots/): Connect to repository.apache.org:443 [repository.apache.org/136.243.146.148] failed: Connection timed out
[INFO] [WARNING] Failure to transfer com.google.auto.value:auto-value:1.2-SNAPSHOT/maven-metadata.xml from https://repository.apache.org/snapshots/ was cached in the local repository, resolution will not be reattempted until the update interval of apache-snapshots has elapsed or updates are forced. Original error: Could not transfer metadata com.google.auto.value:auto-value:1.2-SNAPSHOT/maven-metadata.xml from/to apache-snapshots (https://repository.apache.org/snapshots/): Connect to repository.apache.org:443 [repository.apache.org/136.243.146.148] failed: Connection timed out
[INFO] [INFO] 
[INFO] [INFO] --- maven-clean-plugin:2.5:clean (default-clean) @ functional ---
[INFO] [INFO] Deleting /home/travis/build/passed/google/auto/value/target/it/functional/target
[INFO] [INFO] 
[INFO] [INFO] --- maven-resources-plugin:2.6:resources (default-resources) @ functional ---
[INFO] [WARNING] Using platform encoding (UTF-8 actually) to copy filtered resources, i.e. build is platform dependent!
[INFO] [INFO] skip non existing resourceDirectory /home/travis/build/passed/google/auto/value/target/it/functional/src/main/resources
[INFO] [INFO] 
[INFO] [INFO] --- maven-compiler-plugin:3.1:compile (default-compile) @ functional ---
[INFO] [INFO] Changes detected - recompiling the module!
[INFO] [WARNING] File encoding has not been set, using platform encoding UTF-8, i.e. build is platform dependent!
[INFO] [INFO] Compiling 4 source files to /home/travis/build/passed/google/auto/value/target/it/functional/target/classes
[INFO] [WARNING] bootstrap class path not set in conjunction with -source 1.6
[INFO] [WARNING] No processor claimed any of these annotations: com.google.auto.value.AutoValue,javax.annotation.Nullable
[INFO] [WARNING] No processor claimed any of these annotations: javax.annotation.Generated,javax.annotation.Nullable
[INFO] [WARNING] The following options were not recognized by any processor: '[com.google.auto.value.EclipseHackTest]'
[INFO] [INFO] 
[INFO] [INFO] --- maven-resources-plugin:2.6:testResources (default-testResources) @ functional ---
[INFO] [WARNING] Using platform encoding (UTF-8 actually) to copy filtered resources, i.e. build is platform dependent!
[INFO] [INFO] skip non existing resourceDirectory /home/travis/build/passed/google/auto/value/target/it/functional/src/test/resources
[INFO] [INFO] 
[INFO] [INFO] --- maven-compiler-plugin:3.1:testCompile (default-testCompile) @ functional ---
[INFO] [INFO] Changes detected - recompiling the module!
[INFO] [WARNING] File encoding has not been set, using platform encoding UTF-8, i.e. build is platform dependent!
[INFO] [INFO] Compiling 4 source files to /home/travis/build/passed/google/auto/value/target/it/functional/target/test-classes
[INFO] [WARNING] bootstrap class path not set in conjunction with -source 1.6
[INFO] [WARNING] No processor claimed any of these annotations: com.google.auto.value.AutoValue,com.google.auto.value.AutoValueTest.GwtCompatible,com.google.auto.value.AutoValue.Builder,com.google.auto.value.AutoValueTest.AlternativeNullableProperties.Nullable,javax.annotation.Nullable,com.google.auto.value.AutoValueTest.HairyAnnotation
[INFO] [WARNING] No processor claimed any of these annotations: com.google.auto.value.AutoValueTest.GwtCompatible,com.google.auto.value.AutoValueTest.HairyAnnotation,com.google.auto.value.AutoValueTest.AlternativeNullableProperties.Nullable,javax.annotation.Generated,javax.annotation.Nullable
[INFO] [WARNING] The following options were not recognized by any processor: '[com.google.auto.value.EclipseHackTest]'
[INFO] [WARNING] /home/travis/build/passed/google/auto/value/target/it/functional/src/test/java/com/google/auto/value/AutoValueTest.java:[631,5] serializable class ComparableList has no definition of serialVersionUID
[INFO] [WARNING] /home/travis/build/passed/google/auto/value/target/it/functional/target/generated-test-sources/test-annotations/com/google/auto/value/AutoValue_AutoValueTest_Serialize.java:[8,8] serializable class com.google.auto.value.AutoValue_AutoValueTest_Serialize has no definition of serialVersionUID
[INFO] [INFO] 
[INFO] [INFO] --- maven-surefire-plugin:2.12.4:test (default-test) @ functional ---
[INFO] [INFO] Surefire report directory: /home/travis/build/passed/google/auto/value/target/it/functional/target/surefire-reports
[INFO] 
[INFO] -------------------------------------------------------
[INFO]  T E S T S
[INFO] -------------------------------------------------------
[INFO] Running com.google.auto.value.AutoValueTest
[INFO] Tests run: 77, Failures: 0, Errors: 0, Skipped: 0, Time elapsed: 0.267 sec
[INFO] Running com.google.auto.value.SimpleValueTypeTest
[INFO] Tests run: 3, Failures: 0, Errors: 0, Skipped: 0, Time elapsed: 0.098 sec
[INFO] Running PackagelessValueTypeTest
[INFO] Tests run: 3, Failures: 0, Errors: 0, Skipped: 0, Time elapsed: 0.001 sec
[INFO] 
[INFO] Results :
[INFO] 
[INFO] Tests run: 83, Failures: 0, Errors: 0, Skipped: 0
[INFO] 
[INFO] [INFO] 
[INFO] [INFO] --- maven-jar-plugin:2.4:jar (default-jar) @ functional ---
[INFO] [INFO] Building jar: /home/travis/build/passed/google/auto/value/target/it/functional/target/functional-HEAD-SNAPSHOT.jar
[INFO] [INFO] ------------------------------------------------------------------------
[INFO] [INFO] BUILD SUCCESS
[INFO] [INFO] ------------------------------------------------------------------------
[INFO] [INFO] Total time: 02:15 min
[INFO] [INFO] Finished at: 2022-02-06T05:19:46+00:00
[INFO] [INFO] Final Memory: 18M/491M
[INFO] [INFO] ------------------------------------------------------------------------
[INFO] ..SUCCESS (291.2 s)
[INFO] Building: gwtserializer/pom.xml
[INFO] [INFO] Scanning for projects...
[INFO] [WARNING] 
[INFO] [WARNING] Some problems were encountered while building the effective model for com.google.auto.value.it.gwtserializer:gwtserializer:jar:HEAD-SNAPSHOT
[INFO] [WARNING] 'build.plugins.plugin.version' for org.apache.maven.plugins:maven-surefire-plugin is missing. @ line 95, column 15
[INFO] [WARNING] 
[INFO] [WARNING] It is highly recommended to fix these problems because they threaten the stability of your build.
[INFO] [WARNING] 
[INFO] [WARNING] For this reason, future Maven versions might no longer support building such malformed projects.
[INFO] [WARNING] 
[INFO] [INFO]                                                                         
[INFO] [INFO] ------------------------------------------------------------------------
[INFO] [INFO] Building Auto-Value GWT-RPC Serialization Integration Test HEAD-SNAPSHOT
[INFO] [INFO] ------------------------------------------------------------------------
[INFO] [INFO] Downloading: https://repository.apache.org/snapshots/com/google/auto/value/auto-value/1.2-SNAPSHOT/maven-metadata.xml
[INFO] [WARNING] Could not transfer metadata com.google.auto.value:auto-value:1.2-SNAPSHOT/maven-metadata.xml from/to apache-snapshots (https://repository.apache.org/snapshots/): Connect to repository.apache.org:443 [repository.apache.org/136.243.146.148] failed: Connection timed out
[INFO] [WARNING] Failure to transfer com.google.auto.value:auto-value:1.2-SNAPSHOT/maven-metadata.xml from https://repository.apache.org/snapshots/ was cached in the local repository, resolution will not be reattempted until the update interval of apache-snapshots has elapsed or updates are forced. Original error: Could not transfer metadata com.google.auto.value:auto-value:1.2-SNAPSHOT/maven-metadata.xml from/to apache-snapshots (https://repository.apache.org/snapshots/): Connect to repository.apache.org:443 [repository.apache.org/136.243.146.148] failed: Connection timed out
[INFO] [INFO] 
[INFO] [INFO] --- maven-clean-plugin:2.5:clean (default-clean) @ gwtserializer ---
[INFO] [INFO] 
[INFO] [INFO] --- maven-resources-plugin:2.7:resources (default-resources) @ gwtserializer ---
[INFO] [WARNING] Using platform encoding (UTF-8 actually) to copy filtered resources, i.e. build is platform dependent!
[INFO] [INFO] skip non existing resourceDirectory /home/travis/build/passed/google/auto/value/target/it/gwtserializer/src/main/resources
[INFO] [INFO] 
[INFO] [INFO] --- maven-compiler-plugin:3.1:compile (default-compile) @ gwtserializer ---
[INFO] [INFO] No sources to compile
[INFO] [INFO] 
[INFO] [INFO] --- maven-compiler-plugin:3.1:testCompile (default-testCompile) @ gwtserializer ---
[INFO] [INFO] Changes detected - recompiling the module!
[INFO] [WARNING] File encoding has not been set, using platform encoding UTF-8, i.e. build is platform dependent!
[INFO] [INFO] Compiling 2 source files to /home/travis/build/passed/google/auto/value/target/it/gwtserializer/target/test-classes
[INFO] [WARNING] bootstrap class path not set in conjunction with -source 1.6
[INFO] [WARNING] No processor claimed any of these annotations: com.google.auto.value.AutoValue,com.google.auto.value.AutoValue.Builder,com.google.common.annotations.GwtCompatible,com.google.gwt.user.client.rpc.RemoteServiceRelativePath,com.google.common.annotations.GwtIncompatible
[INFO] [WARNING] No processor claimed any of these annotations: com.google.common.annotations.GwtCompatible,javax.annotation.Generated
[INFO] [INFO] 
[INFO] [INFO] --- maven-resources-plugin:2.7:testResources (default-testResources) @ gwtserializer ---
[INFO] [WARNING] Using platform encoding (UTF-8 actually) to copy filtered resources, i.e. build is platform dependent!
[INFO] [INFO] Copying 3 resources
[INFO] [INFO] Copying 12 resources
[INFO] [INFO] 
[INFO] [INFO] --- maven-surefire-plugin:2.12.4:test (default-test) @ gwtserializer ---
[INFO] [INFO] Tests are skipped.
[INFO] [INFO] 
[INFO] [INFO] --- gwt-maven-plugin:1.0-rc-2:test (default) @ gwtserializer ---
[INFO] [INFO] GWT tests report directory: /home/travis/build/passed/google/auto/value/target/it/gwtserializer/target/surefire-reports
[INFO] 
[INFO] -------------------------------------------------------
[INFO]  T E S T S
[INFO] -------------------------------------------------------
[INFO] Running com.google.auto.value.GwtSerializerSuite
[INFO] Feb 06, 2022 5:22:03 AM java.util.prefs.FileSystemPreferences$1 run
[INFO] INFO: Created user preferences directory.
[INFO] Starting http://172.17.0.24:46085/com.google.auto.value.GwtSerializerSuite.JUnit/junit.html?gwt.codesvr=172.17.0.24:37291 on browser FF17
[INFO] 200 - GET /com.google.auto.value.GwtSerializerSuite.JUnit/junit.html?gwt.codesvr=172.17.0.24:37291 (172.17.0.24) 2064 bytes
[INFO] 200 - GET /com.google.auto.value.GwtSerializerSuite.JUnit/com.google.auto.value.GwtSerializerSuite.JUnit.nocache.js (172.17.0.24) 8638 bytes
[INFO] 200 - GET /com.google.auto.value.GwtSerializerSuite.JUnit/com.google.auto.value.GwtSerializerSuite.JUnit.devmode.js (172.17.0.24) 15081 bytes
[INFO] Module com.google.auto.value.GwtSerializerSuite.JUnit has been loaded
[INFO] 200 - POST /com.google.auto.value.GwtSerializerSuite.JUnit/junithost (172.17.0.24) 228 bytes
[INFO] 200 - POST /com.google.auto.value.GwtSerializerSuite.JUnit/test (172.17.0.24) 147 bytes
[INFO] 200 - POST /com.google.auto.value.GwtSerializerSuite.JUnit/junithost (172.17.0.24) 198 bytes
[INFO] 200 - POST /com.google.auto.value.GwtSerializerSuite.JUnit/test (172.17.0.24) 155 bytes
[INFO] 200 - POST /com.google.auto.value.GwtSerializerSuite.JUnit/junithost (172.17.0.24) 197 bytes
[INFO] 200 - POST /com.google.auto.value.GwtSerializerSuite.JUnit/test (172.17.0.24) 108 bytes
[INFO] 200 - POST /com.google.auto.value.GwtSerializerSuite.JUnit/junithost (172.17.0.24) 189 bytes
[INFO] 200 - POST /com.google.auto.value.GwtSerializerSuite.JUnit/test (172.17.0.24) 137 bytes
[INFO] 200 - POST /com.google.auto.value.GwtSerializerSuite.JUnit/junithost (172.17.0.24) 189 bytes
[INFO] 200 - POST /com.google.auto.value.GwtSerializerSuite.JUnit/test (172.17.0.24) 143 bytes
[INFO] 200 - POST /com.google.auto.value.GwtSerializerSuite.JUnit/junithost (172.17.0.24) 188 bytes
[INFO] 200 - POST /com.google.auto.value.GwtSerializerSuite.JUnit/test (172.17.0.24) 98 bytes
[INFO] Tests run: 6, Failures: 0, Errors: 0, Skipped: 0, Time elapsed: 22.85 sec - in com.google.auto.value.GwtSerializerSuite
[INFO] 
[INFO] Results :
[INFO] 
[INFO] Tests run: 6, Failures: 0, Errors: 0, Skipped: 0
[INFO] 
[INFO] [INFO] 
[INFO] [INFO] --- maven-jar-plugin:2.4:jar (default-jar) @ gwtserializer ---
[INFO] [WARNING] JAR will be empty - no content was marked for inclusion!
[INFO] [INFO] Building jar: /home/travis/build/passed/google/auto/value/target/it/gwtserializer/target/gwtserializer-HEAD-SNAPSHOT.jar
[INFO] [INFO] ------------------------------------------------------------------------
[INFO] [INFO] BUILD SUCCESS
[INFO] [INFO] ------------------------------------------------------------------------
[INFO] [INFO] Total time: 02:38 min
[INFO] [INFO] Finished at: 2022-02-06T05:22:26+00:00
[INFO] [INFO] Final Memory: 25M/491M
[INFO] [INFO] ------------------------------------------------------------------------
[INFO] ..SUCCESS (159.8 s)
[INFO] -------------------------------------------------
[INFO] Build Summary:
[INFO]   Passed: 2, Failed: 0, Errors: 0, Skipped: 0
[INFO] -------------------------------------------------
[INFO]                                                                         
[INFO] ------------------------------------------------------------------------
[INFO] Building build-only NO_VERSION
[INFO] ------------------------------------------------------------------------
[INFO] ------------------------------------------------------------------------
[INFO] Reactor Summary:
[INFO] 
[INFO] Auto (Parent) ...................................... SUCCESS [  0.434 s]
[INFO] Auto Common Libraries .............................. SUCCESS [  6.380 s]
[INFO] AutoFactory ........................................ SUCCESS [02:24 min]
[INFO] AutoService ........................................ SUCCESS [  2.238 s]
[INFO] AutoValue .......................................... SUCCESS [07:41 min]
[INFO] build-only ......................................... SUCCESS [  0.000 s]
[INFO] ------------------------------------------------------------------------
[INFO] BUILD SUCCESS
[INFO] ------------------------------------------------------------------------
[INFO] Total time: 10:15 min
[INFO] Finished at: 2022-02-06T05:22:26+00:00
[INFO] Final Memory: 19M/475M
[INFO] ------------------------------------------------------------------------

travis_time:end:1100fe61:start=1644124329811970994,finish=1644124946704963821,duration=616892992827[0K
[32;1mThe command "mvn -Dhttps.protocols=TLSv1.2 -B -U -f build-pom.xml verify --fail-at-end -Dsource.skip=true -Dmaven.javadoc.skip=true" exited with 0.[0m
travis_fold:start:after_success.1[0Ktravis_time:start:130b3d90[0K$ util/generate-latest-docs.sh

travis_time:end:130b3d90:start=1644124946713059764,finish=1644124946748282448,duration=35222684[0Ktravis_fold:end:after_success.1[0Ktravis_fold:start:after_success.2[0Ktravis_time:start:13aa55da[0K$ util/publish-snapshot-on-commit.sh

travis_time:end:13aa55da:start=1644124946756367566,finish=1644124946857897837,duration=101530271[0Ktravis_fold:end:after_success.2[0K
Done. Your build exited with 0.
