travis_fold:start:system_info[0K[33;1mBuild system information[0m
Build language: java
Build group: stable
Build dist: precise
Build id: ''
Job id: ''
[34m[1mBuild image provisioning date and time[0m
Thu Feb  5 15:09:33 UTC 2015
[34m[1mOperating System Details[0m
Distributor ID:	Ubuntu
Description:	Ubuntu 12.04.5 LTS
Release:	12.04
Codename:	precise
[34m[1mLinux Version[0m
3.13.0-29-generic
[34m[1mCookbooks Version[0m
a68419e https://github.com/travis-ci/travis-cookbooks/tree/a68419e
[34m[1mGCC version[0m
gcc (Ubuntu/Linaro 4.6.3-1ubuntu5) 4.6.3
Copyright (C) 2011 Free Software Foundation, Inc.
This is free software; see the source for copying conditions.  There is NO
warranty; not even for MERCHANTABILITY or FITNESS FOR A PARTICULAR PURPOSE.

[34m[1mLLVM version[0m
clang version 3.4 (tags/RELEASE_34/final)
Target: x86_64-unknown-linux-gnu
Thread model: posix
[34m[1mPre-installed Ruby versions[0m
ruby-1.9.3-p551
[34m[1mPre-installed Node.js versions[0m
v0.10.36
[34m[1mPre-installed Go versions[0m
1.4.1
[34m[1mRedis version[0m
redis-server 2.8.19
[34m[1mriak version[0m
2.0.2
[34m[1mMongoDB version[0m
MongoDB 2.4.12
[34m[1mCouchDB version[0m
couchdb 1.6.1
[34m[1mNeo4j version[0m
1.9.4
[34m[1mRabbitMQ Version[0m
3.4.3
[34m[1mElasticSearch version[0m
1.4.0
[34m[1mInstalled Sphinx versions[0m
2.0.10
2.1.9
2.2.6
[34m[1mDefault Sphinx version[0m
2.2.6
[34m[1mInstalled Firefox version[0m
firefox 31.0esr
[34m[1mPhantomJS version[0m
1.9.8
[34m[1mant -version[0m
Apache Ant(TM) version 1.8.2 compiled on December 3 2011
[34m[1mmvn -version[0m
Apache Maven 3.2.5 (12a6b3acb947671f09b81f49094c53f426d8cea1; 2014-12-14T17:29:23+00:00)
Maven home: /usr/local/maven
Java version: 1.7.0_76, vendor: Oracle Corporation
Java home: /usr/lib/jvm/java-7-oracle/jre
Default locale: en_US, platform encoding: ANSI_X3.4-1968
OS name: "linux", version: "3.13.0-29-generic", arch: "amd64", family: "unix"
travis_fold:end:system_info[0K
W: Failed to fetch http://us.archive.ubuntu.com/ubuntu/dists/precise/main/source/Sources  404  Not Found [IP: 91.189.91.38 80]

W: Failed to fetch http://us.archive.ubuntu.com/ubuntu/dists/precise/restricted/source/Sources  404  Not Found [IP: 91.189.91.38 80]

W: Failed to fetch http://us.archive.ubuntu.com/ubuntu/dists/precise/universe/source/Sources  404  Not Found [IP: 91.189.91.38 80]

W: Failed to fetch http://us.archive.ubuntu.com/ubuntu/dists/precise/multiverse/source/Sources  404  Not Found [IP: 91.189.91.38 80]

W: Failed to fetch http://us.archive.ubuntu.com/ubuntu/dists/precise/main/binary-amd64/Packages  404  Not Found [IP: 91.189.91.38 80]

W: Failed to fetch http://us.archive.ubuntu.com/ubuntu/dists/precise/restricted/binary-amd64/Packages  404  Not Found [IP: 91.189.91.38 80]

W: Failed to fetch http://us.archive.ubuntu.com/ubuntu/dists/precise/universe/binary-amd64/Packages  404  Not Found [IP: 91.189.91.38 80]

W: Failed to fetch http://us.archive.ubuntu.com/ubuntu/dists/precise/multiverse/binary-amd64/Packages  404  Not Found [IP: 91.189.91.38 80]

W: Failed to fetch http://us.archive.ubuntu.com/ubuntu/dists/precise/main/binary-i386/Packages  404  Not Found [IP: 91.189.91.38 80]

W: Failed to fetch http://us.archive.ubuntu.com/ubuntu/dists/precise/restricted/binary-i386/Packages  404  Not Found [IP: 91.189.91.38 80]

W: Failed to fetch http://us.archive.ubuntu.com/ubuntu/dists/precise/universe/binary-i386/Packages  404  Not Found [IP: 91.189.91.38 80]

W: Failed to fetch http://us.archive.ubuntu.com/ubuntu/dists/precise/multiverse/binary-i386/Packages  404  Not Found [IP: 91.189.91.38 80]

W: Failed to fetch http://us.archive.ubuntu.com/ubuntu/dists/precise-updates/main/source/Sources  404  Not Found [IP: 91.189.91.38 80]

W: Failed to fetch http://us.archive.ubuntu.com/ubuntu/dists/precise-updates/restricted/source/Sources  404  Not Found [IP: 91.189.91.38 80]

W: Failed to fetch http://us.archive.ubuntu.com/ubuntu/dists/precise-updates/universe/source/Sources  404  Not Found [IP: 91.189.91.38 80]

W: Failed to fetch http://us.archive.ubuntu.com/ubuntu/dists/precise-updates/multiverse/source/Sources  404  Not Found [IP: 91.189.91.38 80]

W: Failed to fetch http://us.archive.ubuntu.com/ubuntu/dists/precise-updates/main/binary-amd64/Packages  404  Not Found [IP: 91.189.91.38 80]

W: Failed to fetch http://us.archive.ubuntu.com/ubuntu/dists/precise-updates/restricted/binary-amd64/Packages  404  Not Found [IP: 91.189.91.38 80]

W: Failed to fetch http://us.archive.ubuntu.com/ubuntu/dists/precise-updates/universe/binary-amd64/Packages  404  Not Found [IP: 91.189.91.38 80]

W: Failed to fetch http://us.archive.ubuntu.com/ubuntu/dists/precise-updates/multiverse/binary-amd64/Packages  404  Not Found [IP: 91.189.91.38 80]

W: Failed to fetch http://us.archive.ubuntu.com/ubuntu/dists/precise-updates/main/binary-i386/Packages  404  Not Found [IP: 91.189.91.38 80]

W: Failed to fetch http://us.archive.ubuntu.com/ubuntu/dists/precise-updates/restricted/binary-i386/Packages  404  Not Found [IP: 91.189.91.38 80]

W: Failed to fetch http://us.archive.ubuntu.com/ubuntu/dists/precise-updates/universe/binary-i386/Packages  404  Not Found [IP: 91.189.91.38 80]

W: Failed to fetch http://us.archive.ubuntu.com/ubuntu/dists/precise-updates/multiverse/binary-i386/Packages  404  Not Found [IP: 91.189.91.38 80]

W: Failed to fetch http://us.archive.ubuntu.com/ubuntu/dists/precise-backports/main/source/Sources  404  Not Found [IP: 91.189.91.38 80]

W: Failed to fetch http://us.archive.ubuntu.com/ubuntu/dists/precise-backports/restricted/source/Sources  404  Not Found [IP: 91.189.91.38 80]

W: Failed to fetch http://us.archive.ubuntu.com/ubuntu/dists/precise-backports/universe/source/Sources  404  Not Found [IP: 91.189.91.38 80]

W: Failed to fetch http://us.archive.ubuntu.com/ubuntu/dists/precise-backports/multiverse/source/Sources  404  Not Found [IP: 91.189.91.38 80]

W: Failed to fetch http://us.archive.ubuntu.com/ubuntu/dists/precise-backports/main/binary-amd64/Packages  404  Not Found [IP: 91.189.91.38 80]

W: Failed to fetch http://us.archive.ubuntu.com/ubuntu/dists/precise-backports/restricted/binary-amd64/Packages  404  Not Found [IP: 91.189.91.38 80]

W: Failed to fetch http://us.archive.ubuntu.com/ubuntu/dists/precise-backports/universe/binary-amd64/Packages  404  Not Found [IP: 91.189.91.38 80]

W: Failed to fetch http://us.archive.ubuntu.com/ubuntu/dists/precise-backports/multiverse/binary-amd64/Packages  404  Not Found [IP: 91.189.91.38 80]

W: Failed to fetch http://us.archive.ubuntu.com/ubuntu/dists/precise-backports/main/binary-i386/Packages  404  Not Found [IP: 91.189.91.38 80]

W: Failed to fetch http://us.archive.ubuntu.com/ubuntu/dists/precise-backports/restricted/binary-i386/Packages  404  Not Found [IP: 91.189.91.38 80]

W: Failed to fetch http://us.archive.ubuntu.com/ubuntu/dists/precise-backports/universe/binary-i386/Packages  404  Not Found [IP: 91.189.91.38 80]

W: Failed to fetch http://us.archive.ubuntu.com/ubuntu/dists/precise-backports/multiverse/binary-i386/Packages  404  Not Found [IP: 91.189.91.38 80]

W: Failed to fetch http://apt.postgresql.org/pub/repos/apt/dists/precise-pgdg/main/binary-amd64/Packages  404  Not Found [IP: 217.196.149.55 80]

W: Failed to fetch http://apt.postgresql.org/pub/repos/apt/dists/precise-pgdg/main/binary-i386/Packages  404  Not Found [IP: 217.196.149.55 80]

W: Failed to fetch http://security.ubuntu.com/ubuntu/dists/precise-security/main/source/Sources  404  Not Found [IP: 91.189.88.142 80]

W: Failed to fetch http://security.ubuntu.com/ubuntu/dists/precise-security/restricted/source/Sources  404  Not Found [IP: 91.189.88.142 80]

W: Failed to fetch http://security.ubuntu.com/ubuntu/dists/precise-security/universe/source/Sources  404  Not Found [IP: 91.189.88.142 80]

W: Failed to fetch http://security.ubuntu.com/ubuntu/dists/precise-security/multiverse/source/Sources  404  Not Found [IP: 91.189.88.142 80]

W: Failed to fetch http://security.ubuntu.com/ubuntu/dists/precise-security/main/binary-amd64/Packages  404  Not Found [IP: 91.189.88.142 80]

W: Failed to fetch http://security.ubuntu.com/ubuntu/dists/precise-security/restricted/binary-amd64/Packages  404  Not Found [IP: 91.189.88.142 80]

W: Failed to fetch http://security.ubuntu.com/ubuntu/dists/precise-security/universe/binary-amd64/Packages  404  Not Found [IP: 91.189.88.142 80]

W: Failed to fetch http://security.ubuntu.com/ubuntu/dists/precise-security/multiverse/binary-amd64/Packages  404  Not Found [IP: 91.189.88.142 80]

W: Failed to fetch http://security.ubuntu.com/ubuntu/dists/precise-security/main/binary-i386/Packages  404  Not Found [IP: 91.189.88.142 80]

W: Failed to fetch http://security.ubuntu.com/ubuntu/dists/precise-security/restricted/binary-i386/Packages  404  Not Found [IP: 91.189.88.142 80]

W: Failed to fetch http://security.ubuntu.com/ubuntu/dists/precise-security/universe/binary-i386/Packages  404  Not Found [IP: 91.189.88.142 80]

W: Failed to fetch http://security.ubuntu.com/ubuntu/dists/precise-security/multiverse/binary-i386/Packages  404  Not Found [IP: 91.189.88.142 80]

W: Failed to fetch http://ppa.launchpad.net/rwky/ppa/ubuntu/dists/precise/main/binary-amd64/Packages  403  Forbidden

W: Failed to fetch http://ppa.launchpad.net/rwky/ppa/ubuntu/dists/precise/main/binary-i386/Packages  403  Forbidden

W: Failed to fetch http://ppa.launchpad.net/travis-ci/zero-mq/ubuntu/dists/precise/main/binary-amd64/Packages  403  Forbidden

W: Failed to fetch http://ppa.launchpad.net/travis-ci/zero-mq/ubuntu/dists/precise/main/binary-i386/Packages  403  Forbidden

W: Failed to fetch http://downloads-distro.mongodb.org/repo/debian-sysvinit/dists/dist/10gen/binary-amd64/Packages  Undetermined Error [IP: 54.175.147.155 80]

W: Failed to fetch http://downloads-distro.mongodb.org/repo/debian-sysvinit/dists/dist/10gen/binary-i386/Packages  Undetermined Error [IP: 54.175.147.155 80]

E: Some index files failed to download. They have been ignored, or old ones used instead.
sed: cannot rename /etc/hosts: Device or resource busy
sed: cannot rename /etc/hosts: Device or resource busy
$ jdk_switcher use oraclejdk8
Switching to Oracle JDK8 (java-8-oracle), JAVA_HOME will be set to /usr/lib/jvm/java-8-oracle
$ cd passed/lviggiano/owner
$ java -Xmx32m -version
java version "1.8.0_31"
Java(TM) SE Runtime Environment (build 1.8.0_31-b13)
Java HotSpot(TM) 64-Bit Server VM (build 25.31-b07, mixed mode)
$ javac -J-Xmx32m -version
javac 1.8.0_31
travis_fold:start:install[0Ktravis_time:start:1d501b5f[0K$ mvn -o install -Dhttps.protocols=TLSv1.2 -DskipTests=true -B
Java HotSpot(TM) 64-Bit Server VM warning: ignoring option MaxPermSize=192m; support was removed in 8.0
[INFO] Scanning for projects...
[INFO] ------------------------------------------------------------------------
[INFO] Reactor Build Order:
[INFO] 
[INFO] OWNER :: Parent
[INFO] OWNER :: Core
[INFO] OWNER :: Site
[INFO] OWNER :: Extras
[INFO] OWNER :: Java 8 Support
[INFO] OWNER :: Java 8 Extras
[INFO] OWNER :: Assembly
[INFO] OWNER :: Examples
[INFO] OWNER :: Examples :: Common
[INFO] OWNER :: Examples :: Hot Reload
[INFO]                                                                         
[INFO] ------------------------------------------------------------------------
[INFO] Building OWNER :: Parent 1.0.10-SNAPSHOT
[INFO] ------------------------------------------------------------------------
[INFO] 
[INFO] --- maven-install-plugin:2.4:install (default-install) @ owner-parent ---
[INFO] Installing /home/travis/build/passed/lviggiano/owner/pom.xml to /home/travis/.m2/repository/org/aeonbits/owner/owner-parent/1.0.10-SNAPSHOT/owner-parent-1.0.10-SNAPSHOT.pom
[INFO]                                                                         
[INFO] ------------------------------------------------------------------------
[INFO] Building OWNER :: Core 1.0.10-SNAPSHOT
[INFO] ------------------------------------------------------------------------
[INFO] 
[INFO] --- maven-resources-plugin:2.6:resources (default-resources) @ owner ---
[INFO] Using 'UTF-8' encoding to copy filtered resources.
[INFO] skip non existing resourceDirectory /home/travis/build/passed/lviggiano/owner/owner/src/main/resources
[INFO] 
[INFO] --- maven-compiler-plugin:3.2:compile (default-compile) @ owner ---
[INFO] Changes detected - recompiling the module!
[INFO] Compiling 51 source files to /home/travis/build/passed/lviggiano/owner/owner/target/classes
[INFO] /home/travis/build/passed/lviggiano/owner/owner/src/main/java/org/aeonbits/owner/PropertiesManager.java: /home/travis/build/passed/lviggiano/owner/owner/src/main/java/org/aeonbits/owner/PropertiesManager.java uses unchecked or unsafe operations.
[INFO] /home/travis/build/passed/lviggiano/owner/owner/src/main/java/org/aeonbits/owner/PropertiesManager.java: Recompile with -Xlint:unchecked for details.
[INFO] 
[INFO] --- maven-bundle-plugin:2.5.3:manifest (bundle-manifest) @ owner ---
[INFO] 
[INFO] --- maven-resources-plugin:2.6:testResources (default-testResources) @ owner ---
[INFO] Using 'UTF-8' encoding to copy filtered resources.
[INFO] Copying 18 resources
[INFO] 
[INFO] --- maven-compiler-plugin:3.2:testCompile (default-testCompile) @ owner ---
[INFO] Nothing to compile - all classes are up to date
[INFO] 
[INFO] --- maven-surefire-plugin:2.12.4:test (default-test) @ owner ---
[INFO] Tests are skipped.
[INFO] 
[INFO] --- maven-jar-plugin:2.5:jar (default-jar) @ owner ---
[INFO] Adding existing MANIFEST to archive. Found under: /home/travis/build/passed/lviggiano/owner/owner/target/classes/META-INF/MANIFEST.MF
[INFO] Building jar: /home/travis/build/passed/lviggiano/owner/owner/target/owner-1.0.10-SNAPSHOT.jar
[INFO] 
[INFO] --- maven-source-plugin:2.4:jar-no-fork (attach-sources) @ owner ---
[INFO] 
[INFO] >>> maven-javadoc-plugin:2.9:javadoc (default) > generate-sources @ owner >>>
[INFO] 
[INFO] <<< maven-javadoc-plugin:2.9:javadoc (default) < generate-sources @ owner <<<
[INFO] 
[INFO] --- maven-javadoc-plugin:2.9:javadoc (default) @ owner ---
[INFO] 
Loading source files for package org.aeonbits.owner...
Loading source files for package org.aeonbits.owner.crypto...
Loading source files for package org.aeonbits.owner.event...
Loading source files for package org.aeonbits.owner.loaders...
Loading source files for package org.aeonbits.owner.util...
Constructing Javadoc information...
Standard Doclet version 1.8.0_31
Building tree for all the packages and classes...
Generating /home/travis/build/passed/lviggiano/owner/owner/target/site/apidocs/org/aeonbits/owner/Accessible.html...
Generating /home/travis/build/passed/lviggiano/owner/owner/target/site/apidocs/org/aeonbits/owner/Config.html...
Generating /home/travis/build/passed/lviggiano/owner/owner/target/site/apidocs/org/aeonbits/owner/Config.ConverterClass.html...
Generating /home/travis/build/passed/lviggiano/owner/owner/target/site/apidocs/org/aeonbits/owner/Config.DecryptorClass.html...
Generating /home/travis/build/passed/lviggiano/owner/owner/target/site/apidocs/org/aeonbits/owner/Config.DefaultValue.html...
Generating /home/travis/build/passed/lviggiano/owner/owner/target/site/apidocs/org/aeonbits/owner/Config.DisableableFeature.html...
Generating /home/travis/build/passed/lviggiano/owner/owner/target/site/apidocs/org/aeonbits/owner/Config.DisableFeature.html...
Generating /home/travis/build/passed/lviggiano/owner/owner/target/site/apidocs/org/aeonbits/owner/Config.EncryptedValue.html...
Generating /home/travis/build/passed/lviggiano/owner/owner/target/site/apidocs/org/aeonbits/owner/Config.HotReload.html...
Generating /home/travis/build/passed/lviggiano/owner/owner/target/site/apidocs/org/aeonbits/owner/Config.HotReloadType.html...
Generating /home/travis/build/passed/lviggiano/owner/owner/target/site/apidocs/org/aeonbits/owner/Config.Key.html...
Generating /home/travis/build/passed/lviggiano/owner/owner/target/site/apidocs/org/aeonbits/owner/Config.LoadPolicy.html...
Generating /home/travis/build/passed/lviggiano/owner/owner/target/site/apidocs/org/aeonbits/owner/Config.LoadType.html...
Generating /home/travis/build/passed/lviggiano/owner/owner/target/site/apidocs/org/aeonbits/owner/Config.PreprocessorClasses.html...
Generating /home/travis/build/passed/lviggiano/owner/owner/target/site/apidocs/org/aeonbits/owner/Config.Separator.html...
Generating /home/travis/build/passed/lviggiano/owner/owner/target/site/apidocs/org/aeonbits/owner/Config.Sources.html...
Generating /home/travis/build/passed/lviggiano/owner/owner/target/site/apidocs/org/aeonbits/owner/Config.TokenizerClass.html...
Generating /home/travis/build/passed/lviggiano/owner/owner/target/site/apidocs/org/aeonbits/owner/ConfigCache.html...
Generating /home/travis/build/passed/lviggiano/owner/owner/target/site/apidocs/org/aeonbits/owner/ConfigFactory.html...
Generating /home/travis/build/passed/lviggiano/owner/owner/target/site/apidocs/org/aeonbits/owner/Converter.html...
Generating /home/travis/build/passed/lviggiano/owner/owner/target/site/apidocs/org/aeonbits/owner/Factory.html...
Generating /home/travis/build/passed/lviggiano/owner/owner/target/site/apidocs/org/aeonbits/owner/Mutable.html...
Generating /home/travis/build/passed/lviggiano/owner/owner/target/site/apidocs/org/aeonbits/owner/Preprocessor.html...
Generating /home/travis/build/passed/lviggiano/owner/owner/target/site/apidocs/org/aeonbits/owner/Reloadable.html...
Generating /home/travis/build/passed/lviggiano/owner/owner/target/site/apidocs/org/aeonbits/owner/Tokenizer.html...
Generating /home/travis/build/passed/lviggiano/owner/owner/target/site/apidocs/org/aeonbits/owner/crypto/AbstractDecryptor.html...
Generating /home/travis/build/passed/lviggiano/owner/owner/target/site/apidocs/org/aeonbits/owner/crypto/AbstractEncryptor.html...
Generating /home/travis/build/passed/lviggiano/owner/owner/target/site/apidocs/org/aeonbits/owner/crypto/Decryptor.html...
Generating /home/travis/build/passed/lviggiano/owner/owner/target/site/apidocs/org/aeonbits/owner/crypto/Encryptor.html...
Generating /home/travis/build/passed/lviggiano/owner/owner/target/site/apidocs/org/aeonbits/owner/crypto/IdentityDecryptor.html...
Generating /home/travis/build/passed/lviggiano/owner/owner/target/site/apidocs/org/aeonbits/owner/event/Event.html...
Generating /home/travis/build/passed/lviggiano/owner/owner/target/site/apidocs/org/aeonbits/owner/event/ReloadEvent.html...
Generating /home/travis/build/passed/lviggiano/owner/owner/target/site/apidocs/org/aeonbits/owner/event/ReloadListener.html...
Generating /home/travis/build/passed/lviggiano/owner/owner/target/site/apidocs/org/aeonbits/owner/event/RollbackBatchException.html...
Generating /home/travis/build/passed/lviggiano/owner/owner/target/site/apidocs/org/aeonbits/owner/event/RollbackException.html...
Generating /home/travis/build/passed/lviggiano/owner/owner/target/site/apidocs/org/aeonbits/owner/event/RollbackOperationException.html...
Generating /home/travis/build/passed/lviggiano/owner/owner/target/site/apidocs/org/aeonbits/owner/event/TransactionalPropertyChangeListener.html...
Generating /home/travis/build/passed/lviggiano/owner/owner/target/site/apidocs/org/aeonbits/owner/event/TransactionalReloadListener.html...
Generating /home/travis/build/passed/lviggiano/owner/owner/target/site/apidocs/org/aeonbits/owner/loaders/Loader.html...
Generating /home/travis/build/passed/lviggiano/owner/owner/target/site/apidocs/org/aeonbits/owner/loaders/PropertiesLoader.html...
Generating /home/travis/build/passed/lviggiano/owner/owner/target/site/apidocs/org/aeonbits/owner/loaders/SystemLoader.html...
Generating /home/travis/build/passed/lviggiano/owner/owner/target/site/apidocs/org/aeonbits/owner/loaders/XMLLoader.html...
Generating /home/travis/build/passed/lviggiano/owner/owner/target/site/apidocs/org/aeonbits/owner/util/Collections.html...
Generating /home/travis/build/passed/lviggiano/owner/owner/target/site/apidocs/org/aeonbits/owner/util/Reflection.html...
Generating /home/travis/build/passed/lviggiano/owner/owner/target/site/apidocs/overview-frame.html...
Generating /home/travis/build/passed/lviggiano/owner/owner/target/site/apidocs/org/aeonbits/owner/package-frame.html...
Generating /home/travis/build/passed/lviggiano/owner/owner/target/site/apidocs/org/aeonbits/owner/package-summary.html...
Generating /home/travis/build/passed/lviggiano/owner/owner/target/site/apidocs/org/aeonbits/owner/package-tree.html...
Generating /home/travis/build/passed/lviggiano/owner/owner/target/site/apidocs/org/aeonbits/owner/crypto/package-frame.html...
Generating /home/travis/build/passed/lviggiano/owner/owner/target/site/apidocs/org/aeonbits/owner/crypto/package-summary.html...
Generating /home/travis/build/passed/lviggiano/owner/owner/target/site/apidocs/org/aeonbits/owner/crypto/package-tree.html...
Generating /home/travis/build/passed/lviggiano/owner/owner/target/site/apidocs/org/aeonbits/owner/event/package-frame.html...
Generating /home/travis/build/passed/lviggiano/owner/owner/target/site/apidocs/org/aeonbits/owner/event/package-summary.html...
Generating /home/travis/build/passed/lviggiano/owner/owner/target/site/apidocs/org/aeonbits/owner/event/package-tree.html...
Generating /home/travis/build/passed/lviggiano/owner/owner/target/site/apidocs/org/aeonbits/owner/loaders/package-frame.html...
Generating /home/travis/build/passed/lviggiano/owner/owner/target/site/apidocs/org/aeonbits/owner/loaders/package-summary.html...
Generating /home/travis/build/passed/lviggiano/owner/owner/target/site/apidocs/org/aeonbits/owner/loaders/package-tree.html...
Generating /home/travis/build/passed/lviggiano/owner/owner/target/site/apidocs/org/aeonbits/owner/util/package-frame.html...
Generating /home/travis/build/passed/lviggiano/owner/owner/target/site/apidocs/org/aeonbits/owner/util/package-summary.html...
Generating /home/travis/build/passed/lviggiano/owner/owner/target/site/apidocs/org/aeonbits/owner/util/package-tree.html...
Generating /home/travis/build/passed/lviggiano/owner/owner/target/site/apidocs/constant-values.html...
Generating /home/travis/build/passed/lviggiano/owner/owner/target/site/apidocs/serialized-form.html...
Generating /home/travis/build/passed/lviggiano/owner/owner/target/site/apidocs/org/aeonbits/owner/class-use/Tokenizer.html...
Generating /home/travis/build/passed/lviggiano/owner/owner/target/site/apidocs/org/aeonbits/owner/class-use/Reloadable.html...
Generating /home/travis/build/passed/lviggiano/owner/owner/target/site/apidocs/org/aeonbits/owner/class-use/Preprocessor.html...
Generating /home/travis/build/passed/lviggiano/owner/owner/target/site/apidocs/org/aeonbits/owner/class-use/Mutable.html...
Generating /home/travis/build/passed/lviggiano/owner/owner/target/site/apidocs/org/aeonbits/owner/class-use/Factory.html...
Generating /home/travis/build/passed/lviggiano/owner/owner/target/site/apidocs/org/aeonbits/owner/class-use/Converter.html...
Generating /home/travis/build/passed/lviggiano/owner/owner/target/site/apidocs/org/aeonbits/owner/class-use/ConfigFactory.html...
Generating /home/travis/build/passed/lviggiano/owner/owner/target/site/apidocs/org/aeonbits/owner/class-use/ConfigCache.html...
Generating /home/travis/build/passed/lviggiano/owner/owner/target/site/apidocs/org/aeonbits/owner/class-use/Config.html...
Generating /home/travis/build/passed/lviggiano/owner/owner/target/site/apidocs/org/aeonbits/owner/class-use/Config.LoadPolicy.html...
Generating /home/travis/build/passed/lviggiano/owner/owner/target/site/apidocs/org/aeonbits/owner/class-use/Config.Sources.html...
Generating /home/travis/build/passed/lviggiano/owner/owner/target/site/apidocs/org/aeonbits/owner/class-use/Config.DefaultValue.html...
Generating /home/travis/build/passed/lviggiano/owner/owner/target/site/apidocs/org/aeonbits/owner/class-use/Config.Key.html...
Generating /home/travis/build/passed/lviggiano/owner/owner/target/site/apidocs/org/aeonbits/owner/class-use/Config.EncryptedValue.html...
Generating /home/travis/build/passed/lviggiano/owner/owner/target/site/apidocs/org/aeonbits/owner/class-use/Config.DecryptorClass.html...
Generating /home/travis/build/passed/lviggiano/owner/owner/target/site/apidocs/org/aeonbits/owner/class-use/Config.LoadType.html...
Generating /home/travis/build/passed/lviggiano/owner/owner/target/site/apidocs/org/aeonbits/owner/class-use/Config.HotReload.html...
Generating /home/travis/build/passed/lviggiano/owner/owner/target/site/apidocs/org/aeonbits/owner/class-use/Config.HotReloadType.html...
Generating /home/travis/build/passed/lviggiano/owner/owner/target/site/apidocs/org/aeonbits/owner/class-use/Config.DisableFeature.html...
Generating /home/travis/build/passed/lviggiano/owner/owner/target/site/apidocs/org/aeonbits/owner/class-use/Config.DisableableFeature.html...
Generating /home/travis/build/passed/lviggiano/owner/owner/target/site/apidocs/org/aeonbits/owner/class-use/Config.Separator.html...
Generating /home/travis/build/passed/lviggiano/owner/owner/target/site/apidocs/org/aeonbits/owner/class-use/Config.TokenizerClass.html...
Generating /home/travis/build/passed/lviggiano/owner/owner/target/site/apidocs/org/aeonbits/owner/class-use/Config.ConverterClass.html...
Generating /home/travis/build/passed/lviggiano/owner/owner/target/site/apidocs/org/aeonbits/owner/class-use/Config.PreprocessorClasses.html...
Generating /home/travis/build/passed/lviggiano/owner/owner/target/site/apidocs/org/aeonbits/owner/class-use/Accessible.html...
Generating /home/travis/build/passed/lviggiano/owner/owner/target/site/apidocs/org/aeonbits/owner/crypto/class-use/IdentityDecryptor.html...
Generating /home/travis/build/passed/lviggiano/owner/owner/target/site/apidocs/org/aeonbits/owner/crypto/class-use/Encryptor.html...
Generating /home/travis/build/passed/lviggiano/owner/owner/target/site/apidocs/org/aeonbits/owner/crypto/class-use/Decryptor.html...
Generating /home/travis/build/passed/lviggiano/owner/owner/target/site/apidocs/org/aeonbits/owner/crypto/class-use/AbstractEncryptor.html...
Generating /home/travis/build/passed/lviggiano/owner/owner/target/site/apidocs/org/aeonbits/owner/crypto/class-use/AbstractDecryptor.html...
Generating /home/travis/build/passed/lviggiano/owner/owner/target/site/apidocs/org/aeonbits/owner/event/class-use/TransactionalReloadListener.html...
Generating /home/travis/build/passed/lviggiano/owner/owner/target/site/apidocs/org/aeonbits/owner/event/class-use/TransactionalPropertyChangeListener.html...
Generating /home/travis/build/passed/lviggiano/owner/owner/target/site/apidocs/org/aeonbits/owner/event/class-use/RollbackOperationException.html...
Generating /home/travis/build/passed/lviggiano/owner/owner/target/site/apidocs/org/aeonbits/owner/event/class-use/RollbackException.html...
Generating /home/travis/build/passed/lviggiano/owner/owner/target/site/apidocs/org/aeonbits/owner/event/class-use/RollbackBatchException.html...
Generating /home/travis/build/passed/lviggiano/owner/owner/target/site/apidocs/org/aeonbits/owner/event/class-use/ReloadListener.html...
Generating /home/travis/build/passed/lviggiano/owner/owner/target/site/apidocs/org/aeonbits/owner/event/class-use/ReloadEvent.html...
Generating /home/travis/build/passed/lviggiano/owner/owner/target/site/apidocs/org/aeonbits/owner/event/class-use/Event.html...
Generating /home/travis/build/passed/lviggiano/owner/owner/target/site/apidocs/org/aeonbits/owner/loaders/class-use/XMLLoader.html...
Generating /home/travis/build/passed/lviggiano/owner/owner/target/site/apidocs/org/aeonbits/owner/loaders/class-use/SystemLoader.html...
Generating /home/travis/build/passed/lviggiano/owner/owner/target/site/apidocs/org/aeonbits/owner/loaders/class-use/PropertiesLoader.html...
Generating /home/travis/build/passed/lviggiano/owner/owner/target/site/apidocs/org/aeonbits/owner/loaders/class-use/Loader.html...
Generating /home/travis/build/passed/lviggiano/owner/owner/target/site/apidocs/org/aeonbits/owner/util/class-use/Reflection.html...
Generating /home/travis/build/passed/lviggiano/owner/owner/target/site/apidocs/org/aeonbits/owner/util/class-use/Collections.html...
Generating /home/travis/build/passed/lviggiano/owner/owner/target/site/apidocs/org/aeonbits/owner/package-use.html...
Generating /home/travis/build/passed/lviggiano/owner/owner/target/site/apidocs/org/aeonbits/owner/crypto/package-use.html...
Generating /home/travis/build/passed/lviggiano/owner/owner/target/site/apidocs/org/aeonbits/owner/event/package-use.html...
Generating /home/travis/build/passed/lviggiano/owner/owner/target/site/apidocs/org/aeonbits/owner/loaders/package-use.html...
Generating /home/travis/build/passed/lviggiano/owner/owner/target/site/apidocs/org/aeonbits/owner/util/package-use.html...
Building index for all the packages and classes...
Generating /home/travis/build/passed/lviggiano/owner/owner/target/site/apidocs/overview-tree.html...
Generating /home/travis/build/passed/lviggiano/owner/owner/target/site/apidocs/index-all.html...
Generating /home/travis/build/passed/lviggiano/owner/owner/target/site/apidocs/deprecated-list.html...
Building index for all classes...
Generating /home/travis/build/passed/lviggiano/owner/owner/target/site/apidocs/allclasses-frame.html...
Generating /home/travis/build/passed/lviggiano/owner/owner/target/site/apidocs/allclasses-noframe.html...
Generating /home/travis/build/passed/lviggiano/owner/owner/target/site/apidocs/index.html...
Generating /home/travis/build/passed/lviggiano/owner/owner/target/site/apidocs/overview-summary.html...
Generating /home/travis/build/passed/lviggiano/owner/owner/target/site/apidocs/help-doc.html...
[INFO] 
[INFO] --- maven-javadoc-plugin:2.9:jar (default) @ owner ---
[INFO] 
Loading source files for package org.aeonbits.owner...
Loading source files for package org.aeonbits.owner.crypto...
Loading source files for package org.aeonbits.owner.event...
Loading source files for package org.aeonbits.owner.loaders...
Loading source files for package org.aeonbits.owner.util...
Constructing Javadoc information...
Standard Doclet version 1.8.0_31
Building tree for all the packages and classes...
Generating /home/travis/build/passed/lviggiano/owner/owner/target/apidocs/org/aeonbits/owner/Accessible.html...
Generating /home/travis/build/passed/lviggiano/owner/owner/target/apidocs/org/aeonbits/owner/Config.html...
Generating /home/travis/build/passed/lviggiano/owner/owner/target/apidocs/org/aeonbits/owner/Config.ConverterClass.html...
Generating /home/travis/build/passed/lviggiano/owner/owner/target/apidocs/org/aeonbits/owner/Config.DecryptorClass.html...
Generating /home/travis/build/passed/lviggiano/owner/owner/target/apidocs/org/aeonbits/owner/Config.DefaultValue.html...
Generating /home/travis/build/passed/lviggiano/owner/owner/target/apidocs/org/aeonbits/owner/Config.DisableableFeature.html...
Generating /home/travis/build/passed/lviggiano/owner/owner/target/apidocs/org/aeonbits/owner/Config.DisableFeature.html...
Generating /home/travis/build/passed/lviggiano/owner/owner/target/apidocs/org/aeonbits/owner/Config.EncryptedValue.html...
Generating /home/travis/build/passed/lviggiano/owner/owner/target/apidocs/org/aeonbits/owner/Config.HotReload.html...
Generating /home/travis/build/passed/lviggiano/owner/owner/target/apidocs/org/aeonbits/owner/Config.HotReloadType.html...
Generating /home/travis/build/passed/lviggiano/owner/owner/target/apidocs/org/aeonbits/owner/Config.Key.html...
Generating /home/travis/build/passed/lviggiano/owner/owner/target/apidocs/org/aeonbits/owner/Config.LoadPolicy.html...
Generating /home/travis/build/passed/lviggiano/owner/owner/target/apidocs/org/aeonbits/owner/Config.LoadType.html...
Generating /home/travis/build/passed/lviggiano/owner/owner/target/apidocs/org/aeonbits/owner/Config.PreprocessorClasses.html...
Generating /home/travis/build/passed/lviggiano/owner/owner/target/apidocs/org/aeonbits/owner/Config.Separator.html...
Generating /home/travis/build/passed/lviggiano/owner/owner/target/apidocs/org/aeonbits/owner/Config.Sources.html...
Generating /home/travis/build/passed/lviggiano/owner/owner/target/apidocs/org/aeonbits/owner/Config.TokenizerClass.html...
Generating /home/travis/build/passed/lviggiano/owner/owner/target/apidocs/org/aeonbits/owner/ConfigCache.html...
Generating /home/travis/build/passed/lviggiano/owner/owner/target/apidocs/org/aeonbits/owner/ConfigFactory.html...
Generating /home/travis/build/passed/lviggiano/owner/owner/target/apidocs/org/aeonbits/owner/Converter.html...
Generating /home/travis/build/passed/lviggiano/owner/owner/target/apidocs/org/aeonbits/owner/Factory.html...
Generating /home/travis/build/passed/lviggiano/owner/owner/target/apidocs/org/aeonbits/owner/Mutable.html...
Generating /home/travis/build/passed/lviggiano/owner/owner/target/apidocs/org/aeonbits/owner/Preprocessor.html...
Generating /home/travis/build/passed/lviggiano/owner/owner/target/apidocs/org/aeonbits/owner/Reloadable.html...
Generating /home/travis/build/passed/lviggiano/owner/owner/target/apidocs/org/aeonbits/owner/Tokenizer.html...
Generating /home/travis/build/passed/lviggiano/owner/owner/target/apidocs/org/aeonbits/owner/crypto/AbstractDecryptor.html...
Generating /home/travis/build/passed/lviggiano/owner/owner/target/apidocs/org/aeonbits/owner/crypto/AbstractEncryptor.html...
Generating /home/travis/build/passed/lviggiano/owner/owner/target/apidocs/org/aeonbits/owner/crypto/Decryptor.html...
Generating /home/travis/build/passed/lviggiano/owner/owner/target/apidocs/org/aeonbits/owner/crypto/Encryptor.html...
Generating /home/travis/build/passed/lviggiano/owner/owner/target/apidocs/org/aeonbits/owner/crypto/IdentityDecryptor.html...
Generating /home/travis/build/passed/lviggiano/owner/owner/target/apidocs/org/aeonbits/owner/event/Event.html...
Generating /home/travis/build/passed/lviggiano/owner/owner/target/apidocs/org/aeonbits/owner/event/ReloadEvent.html...
Generating /home/travis/build/passed/lviggiano/owner/owner/target/apidocs/org/aeonbits/owner/event/ReloadListener.html...
Generating /home/travis/build/passed/lviggiano/owner/owner/target/apidocs/org/aeonbits/owner/event/RollbackBatchException.html...
Generating /home/travis/build/passed/lviggiano/owner/owner/target/apidocs/org/aeonbits/owner/event/RollbackException.html...
Generating /home/travis/build/passed/lviggiano/owner/owner/target/apidocs/org/aeonbits/owner/event/RollbackOperationException.html...
Generating /home/travis/build/passed/lviggiano/owner/owner/target/apidocs/org/aeonbits/owner/event/TransactionalPropertyChangeListener.html...
Generating /home/travis/build/passed/lviggiano/owner/owner/target/apidocs/org/aeonbits/owner/event/TransactionalReloadListener.html...
Generating /home/travis/build/passed/lviggiano/owner/owner/target/apidocs/org/aeonbits/owner/loaders/Loader.html...
Generating /home/travis/build/passed/lviggiano/owner/owner/target/apidocs/org/aeonbits/owner/loaders/PropertiesLoader.html...
Generating /home/travis/build/passed/lviggiano/owner/owner/target/apidocs/org/aeonbits/owner/loaders/SystemLoader.html...
Generating /home/travis/build/passed/lviggiano/owner/owner/target/apidocs/org/aeonbits/owner/loaders/XMLLoader.html...
Generating /home/travis/build/passed/lviggiano/owner/owner/target/apidocs/org/aeonbits/owner/util/Collections.html...
Generating /home/travis/build/passed/lviggiano/owner/owner/target/apidocs/org/aeonbits/owner/util/Reflection.html...
Generating /home/travis/build/passed/lviggiano/owner/owner/target/apidocs/overview-frame.html...
Generating /home/travis/build/passed/lviggiano/owner/owner/target/apidocs/org/aeonbits/owner/package-frame.html...
Generating /home/travis/build/passed/lviggiano/owner/owner/target/apidocs/org/aeonbits/owner/package-summary.html...
Generating /home/travis/build/passed/lviggiano/owner/owner/target/apidocs/org/aeonbits/owner/package-tree.html...
Generating /home/travis/build/passed/lviggiano/owner/owner/target/apidocs/org/aeonbits/owner/crypto/package-frame.html...
Generating /home/travis/build/passed/lviggiano/owner/owner/target/apidocs/org/aeonbits/owner/crypto/package-summary.html...
Generating /home/travis/build/passed/lviggiano/owner/owner/target/apidocs/org/aeonbits/owner/crypto/package-tree.html...
Generating /home/travis/build/passed/lviggiano/owner/owner/target/apidocs/org/aeonbits/owner/event/package-frame.html...
Generating /home/travis/build/passed/lviggiano/owner/owner/target/apidocs/org/aeonbits/owner/event/package-summary.html...
Generating /home/travis/build/passed/lviggiano/owner/owner/target/apidocs/org/aeonbits/owner/event/package-tree.html...
Generating /home/travis/build/passed/lviggiano/owner/owner/target/apidocs/org/aeonbits/owner/loaders/package-frame.html...
Generating /home/travis/build/passed/lviggiano/owner/owner/target/apidocs/org/aeonbits/owner/loaders/package-summary.html...
Generating /home/travis/build/passed/lviggiano/owner/owner/target/apidocs/org/aeonbits/owner/loaders/package-tree.html...
Generating /home/travis/build/passed/lviggiano/owner/owner/target/apidocs/org/aeonbits/owner/util/package-frame.html...
Generating /home/travis/build/passed/lviggiano/owner/owner/target/apidocs/org/aeonbits/owner/util/package-summary.html...
Generating /home/travis/build/passed/lviggiano/owner/owner/target/apidocs/org/aeonbits/owner/util/package-tree.html...
Generating /home/travis/build/passed/lviggiano/owner/owner/target/apidocs/constant-values.html...
Generating /home/travis/build/passed/lviggiano/owner/owner/target/apidocs/serialized-form.html...
Generating /home/travis/build/passed/lviggiano/owner/owner/target/apidocs/org/aeonbits/owner/class-use/Tokenizer.html...
Generating /home/travis/build/passed/lviggiano/owner/owner/target/apidocs/org/aeonbits/owner/class-use/Reloadable.html...
Generating /home/travis/build/passed/lviggiano/owner/owner/target/apidocs/org/aeonbits/owner/class-use/Preprocessor.html...
Generating /home/travis/build/passed/lviggiano/owner/owner/target/apidocs/org/aeonbits/owner/class-use/Mutable.html...
Generating /home/travis/build/passed/lviggiano/owner/owner/target/apidocs/org/aeonbits/owner/class-use/Factory.html...
Generating /home/travis/build/passed/lviggiano/owner/owner/target/apidocs/org/aeonbits/owner/class-use/Converter.html...
Generating /home/travis/build/passed/lviggiano/owner/owner/target/apidocs/org/aeonbits/owner/class-use/ConfigFactory.html...
Generating /home/travis/build/passed/lviggiano/owner/owner/target/apidocs/org/aeonbits/owner/class-use/ConfigCache.html...
Generating /home/travis/build/passed/lviggiano/owner/owner/target/apidocs/org/aeonbits/owner/class-use/Config.html...
Generating /home/travis/build/passed/lviggiano/owner/owner/target/apidocs/org/aeonbits/owner/class-use/Config.LoadPolicy.html...
Generating /home/travis/build/passed/lviggiano/owner/owner/target/apidocs/org/aeonbits/owner/class-use/Config.Sources.html...
Generating /home/travis/build/passed/lviggiano/owner/owner/target/apidocs/org/aeonbits/owner/class-use/Config.DefaultValue.html...
Generating /home/travis/build/passed/lviggiano/owner/owner/target/apidocs/org/aeonbits/owner/class-use/Config.Key.html...
Generating /home/travis/build/passed/lviggiano/owner/owner/target/apidocs/org/aeonbits/owner/class-use/Config.EncryptedValue.html...
Generating /home/travis/build/passed/lviggiano/owner/owner/target/apidocs/org/aeonbits/owner/class-use/Config.DecryptorClass.html...
Generating /home/travis/build/passed/lviggiano/owner/owner/target/apidocs/org/aeonbits/owner/class-use/Config.LoadType.html...
Generating /home/travis/build/passed/lviggiano/owner/owner/target/apidocs/org/aeonbits/owner/class-use/Config.HotReload.html...
Generating /home/travis/build/passed/lviggiano/owner/owner/target/apidocs/org/aeonbits/owner/class-use/Config.HotReloadType.html...
Generating /home/travis/build/passed/lviggiano/owner/owner/target/apidocs/org/aeonbits/owner/class-use/Config.DisableFeature.html...
Generating /home/travis/build/passed/lviggiano/owner/owner/target/apidocs/org/aeonbits/owner/class-use/Config.DisableableFeature.html...
Generating /home/travis/build/passed/lviggiano/owner/owner/target/apidocs/org/aeonbits/owner/class-use/Config.Separator.html...
Generating /home/travis/build/passed/lviggiano/owner/owner/target/apidocs/org/aeonbits/owner/class-use/Config.TokenizerClass.html...
Generating /home/travis/build/passed/lviggiano/owner/owner/target/apidocs/org/aeonbits/owner/class-use/Config.ConverterClass.html...
Generating /home/travis/build/passed/lviggiano/owner/owner/target/apidocs/org/aeonbits/owner/class-use/Config.PreprocessorClasses.html...
Generating /home/travis/build/passed/lviggiano/owner/owner/target/apidocs/org/aeonbits/owner/class-use/Accessible.html...
Generating /home/travis/build/passed/lviggiano/owner/owner/target/apidocs/org/aeonbits/owner/crypto/class-use/IdentityDecryptor.html...
Generating /home/travis/build/passed/lviggiano/owner/owner/target/apidocs/org/aeonbits/owner/crypto/class-use/Encryptor.html...
Generating /home/travis/build/passed/lviggiano/owner/owner/target/apidocs/org/aeonbits/owner/crypto/class-use/Decryptor.html...
Generating /home/travis/build/passed/lviggiano/owner/owner/target/apidocs/org/aeonbits/owner/crypto/class-use/AbstractEncryptor.html...
Generating /home/travis/build/passed/lviggiano/owner/owner/target/apidocs/org/aeonbits/owner/crypto/class-use/AbstractDecryptor.html...
Generating /home/travis/build/passed/lviggiano/owner/owner/target/apidocs/org/aeonbits/owner/event/class-use/TransactionalReloadListener.html...
Generating /home/travis/build/passed/lviggiano/owner/owner/target/apidocs/org/aeonbits/owner/event/class-use/TransactionalPropertyChangeListener.html...
Generating /home/travis/build/passed/lviggiano/owner/owner/target/apidocs/org/aeonbits/owner/event/class-use/RollbackOperationException.html...
Generating /home/travis/build/passed/lviggiano/owner/owner/target/apidocs/org/aeonbits/owner/event/class-use/RollbackException.html...
Generating /home/travis/build/passed/lviggiano/owner/owner/target/apidocs/org/aeonbits/owner/event/class-use/RollbackBatchException.html...
Generating /home/travis/build/passed/lviggiano/owner/owner/target/apidocs/org/aeonbits/owner/event/class-use/ReloadListener.html...
Generating /home/travis/build/passed/lviggiano/owner/owner/target/apidocs/org/aeonbits/owner/event/class-use/ReloadEvent.html...
Generating /home/travis/build/passed/lviggiano/owner/owner/target/apidocs/org/aeonbits/owner/event/class-use/Event.html...
Generating /home/travis/build/passed/lviggiano/owner/owner/target/apidocs/org/aeonbits/owner/loaders/class-use/XMLLoader.html...
Generating /home/travis/build/passed/lviggiano/owner/owner/target/apidocs/org/aeonbits/owner/loaders/class-use/SystemLoader.html...
Generating /home/travis/build/passed/lviggiano/owner/owner/target/apidocs/org/aeonbits/owner/loaders/class-use/PropertiesLoader.html...
Generating /home/travis/build/passed/lviggiano/owner/owner/target/apidocs/org/aeonbits/owner/loaders/class-use/Loader.html...
Generating /home/travis/build/passed/lviggiano/owner/owner/target/apidocs/org/aeonbits/owner/util/class-use/Reflection.html...
Generating /home/travis/build/passed/lviggiano/owner/owner/target/apidocs/org/aeonbits/owner/util/class-use/Collections.html...
Generating /home/travis/build/passed/lviggiano/owner/owner/target/apidocs/org/aeonbits/owner/package-use.html...
Generating /home/travis/build/passed/lviggiano/owner/owner/target/apidocs/org/aeonbits/owner/crypto/package-use.html...
Generating /home/travis/build/passed/lviggiano/owner/owner/target/apidocs/org/aeonbits/owner/event/package-use.html...
Generating /home/travis/build/passed/lviggiano/owner/owner/target/apidocs/org/aeonbits/owner/loaders/package-use.html...
Generating /home/travis/build/passed/lviggiano/owner/owner/target/apidocs/org/aeonbits/owner/util/package-use.html...
Building index for all the packages and classes...
Generating /home/travis/build/passed/lviggiano/owner/owner/target/apidocs/overview-tree.html...
Generating /home/travis/build/passed/lviggiano/owner/owner/target/apidocs/index-all.html...
Generating /home/travis/build/passed/lviggiano/owner/owner/target/apidocs/deprecated-list.html...
Building index for all classes...
Generating /home/travis/build/passed/lviggiano/owner/owner/target/apidocs/allclasses-frame.html...
Generating /home/travis/build/passed/lviggiano/owner/owner/target/apidocs/allclasses-noframe.html...
Generating /home/travis/build/passed/lviggiano/owner/owner/target/apidocs/index.html...
Generating /home/travis/build/passed/lviggiano/owner/owner/target/apidocs/overview-summary.html...
Generating /home/travis/build/passed/lviggiano/owner/owner/target/apidocs/help-doc.html...
[INFO] Building jar: /home/travis/build/passed/lviggiano/owner/owner/target/owner-1.0.10-SNAPSHOT-javadoc.jar
[INFO] 
[INFO] --- maven-install-plugin:2.4:install (default-install) @ owner ---
[INFO] Installing /home/travis/build/passed/lviggiano/owner/owner/target/owner-1.0.10-SNAPSHOT.jar to /home/travis/.m2/repository/org/aeonbits/owner/owner/1.0.10-SNAPSHOT/owner-1.0.10-SNAPSHOT.jar
[INFO] Installing /home/travis/build/passed/lviggiano/owner/owner/pom.xml to /home/travis/.m2/repository/org/aeonbits/owner/owner/1.0.10-SNAPSHOT/owner-1.0.10-SNAPSHOT.pom
[INFO] Installing /home/travis/build/passed/lviggiano/owner/owner/target/owner-1.0.10-SNAPSHOT-sources.jar to /home/travis/.m2/repository/org/aeonbits/owner/owner/1.0.10-SNAPSHOT/owner-1.0.10-SNAPSHOT-sources.jar
[INFO] Installing /home/travis/build/passed/lviggiano/owner/owner/target/owner-1.0.10-SNAPSHOT-javadoc.jar to /home/travis/.m2/repository/org/aeonbits/owner/owner/1.0.10-SNAPSHOT/owner-1.0.10-SNAPSHOT-javadoc.jar
[INFO]                                                                         
[INFO] ------------------------------------------------------------------------
[INFO] Building OWNER :: Site 1.0.10-SNAPSHOT
[INFO] ------------------------------------------------------------------------
[INFO] 
[INFO] --- maven-install-plugin:2.4:install (default-install) @ owner-site ---
[INFO] Installing /home/travis/build/passed/lviggiano/owner/owner-site/pom.xml to /home/travis/.m2/repository/org/aeonbits/owner/owner-site/1.0.10-SNAPSHOT/owner-site-1.0.10-SNAPSHOT.pom
[INFO]                                                                         
[INFO] ------------------------------------------------------------------------
[INFO] Building OWNER :: Extras 1.0.10-SNAPSHOT
[INFO] ------------------------------------------------------------------------
[INFO] 
[INFO] --- maven-resources-plugin:2.6:resources (default-resources) @ owner-extras ---
[INFO] Using 'UTF-8' encoding to copy filtered resources.
[INFO] skip non existing resourceDirectory /home/travis/build/passed/lviggiano/owner/owner-extras/src/main/resources
[INFO] 
[INFO] --- maven-compiler-plugin:3.2:compile (default-compile) @ owner-extras ---
[INFO] Nothing to compile - all classes are up to date
[INFO] 
[INFO] --- maven-bundle-plugin:2.5.3:manifest (bundle-manifest) @ owner-extras ---
[INFO] 
[INFO] --- maven-resources-plugin:2.6:testResources (default-testResources) @ owner-extras ---
[INFO] Using 'UTF-8' encoding to copy filtered resources.
[INFO] skip non existing resourceDirectory /home/travis/build/passed/lviggiano/owner/owner-extras/src/test/resources
[INFO] 
[INFO] --- maven-compiler-plugin:3.2:testCompile (default-testCompile) @ owner-extras ---
[INFO] Nothing to compile - all classes are up to date
[INFO] 
[INFO] --- maven-surefire-plugin:2.12.4:test (default-test) @ owner-extras ---
[INFO] Tests are skipped.
[INFO] 
[INFO] --- maven-jar-plugin:2.5:jar (default-jar) @ owner-extras ---
[INFO] Adding existing MANIFEST to archive. Found under: /home/travis/build/passed/lviggiano/owner/owner-extras/target/classes/META-INF/MANIFEST.MF
[INFO] Building jar: /home/travis/build/passed/lviggiano/owner/owner-extras/target/owner-extras-1.0.10-SNAPSHOT.jar
[INFO] 
[INFO] --- maven-source-plugin:2.4:jar-no-fork (attach-sources) @ owner-extras ---
[INFO] 
[INFO] >>> maven-javadoc-plugin:2.9:javadoc (default) > generate-sources @ owner-extras >>>
[INFO] 
[INFO] <<< maven-javadoc-plugin:2.9:javadoc (default) < generate-sources @ owner-extras <<<
[INFO] 
[INFO] --- maven-javadoc-plugin:2.9:javadoc (default) @ owner-extras ---
[INFO] 
Loading source files for package org.aeonbits.owner.loaders...
Loading source files for package sun.net.www.protocol.zookeeper...
Constructing Javadoc information...
Standard Doclet version 1.8.0_31
Building tree for all the packages and classes...
Generating /home/travis/build/passed/lviggiano/owner/owner-extras/target/site/apidocs/org/aeonbits/owner/loaders/ZooKeeperLoader.html...
Generating /home/travis/build/passed/lviggiano/owner/owner-extras/target/site/apidocs/sun/net/www/protocol/zookeeper/Handler.html...
Generating /home/travis/build/passed/lviggiano/owner/owner-extras/target/site/apidocs/sun/net/www/protocol/zookeeper/NoRetryPolicy.html...
Generating /home/travis/build/passed/lviggiano/owner/owner-extras/target/site/apidocs/sun/net/www/protocol/zookeeper/ZooKeeperConnection.html...
Generating /home/travis/build/passed/lviggiano/owner/owner-extras/target/site/apidocs/sun/net/www/protocol/zookeeper/ZooKeeperConnection.ZooKeeperStream.html...
Generating /home/travis/build/passed/lviggiano/owner/owner-extras/target/site/apidocs/overview-frame.html...
Generating /home/travis/build/passed/lviggiano/owner/owner-extras/target/site/apidocs/org/aeonbits/owner/loaders/package-frame.html...
Generating /home/travis/build/passed/lviggiano/owner/owner-extras/target/site/apidocs/org/aeonbits/owner/loaders/package-summary.html...
Generating /home/travis/build/passed/lviggiano/owner/owner-extras/target/site/apidocs/org/aeonbits/owner/loaders/package-tree.html...
Generating /home/travis/build/passed/lviggiano/owner/owner-extras/target/site/apidocs/sun/net/www/protocol/zookeeper/package-frame.html...
Generating /home/travis/build/passed/lviggiano/owner/owner-extras/target/site/apidocs/sun/net/www/protocol/zookeeper/package-summary.html...
Generating /home/travis/build/passed/lviggiano/owner/owner-extras/target/site/apidocs/sun/net/www/protocol/zookeeper/package-tree.html...
Generating /home/travis/build/passed/lviggiano/owner/owner-extras/target/site/apidocs/constant-values.html...
Generating /home/travis/build/passed/lviggiano/owner/owner-extras/target/site/apidocs/serialized-form.html...
Generating /home/travis/build/passed/lviggiano/owner/owner-extras/target/site/apidocs/org/aeonbits/owner/loaders/class-use/ZooKeeperLoader.html...
Generating /home/travis/build/passed/lviggiano/owner/owner-extras/target/site/apidocs/sun/net/www/protocol/zookeeper/class-use/ZooKeeperConnection.html...
Generating /home/travis/build/passed/lviggiano/owner/owner-extras/target/site/apidocs/sun/net/www/protocol/zookeeper/class-use/ZooKeeperConnection.ZooKeeperStream.html...
Generating /home/travis/build/passed/lviggiano/owner/owner-extras/target/site/apidocs/sun/net/www/protocol/zookeeper/class-use/NoRetryPolicy.html...
Generating /home/travis/build/passed/lviggiano/owner/owner-extras/target/site/apidocs/sun/net/www/protocol/zookeeper/class-use/Handler.html...
Generating /home/travis/build/passed/lviggiano/owner/owner-extras/target/site/apidocs/org/aeonbits/owner/loaders/package-use.html...
Generating /home/travis/build/passed/lviggiano/owner/owner-extras/target/site/apidocs/sun/net/www/protocol/zookeeper/package-use.html...
Building index for all the packages and classes...
Generating /home/travis/build/passed/lviggiano/owner/owner-extras/target/site/apidocs/overview-tree.html...
Generating /home/travis/build/passed/lviggiano/owner/owner-extras/target/site/apidocs/index-all.html...
Generating /home/travis/build/passed/lviggiano/owner/owner-extras/target/site/apidocs/deprecated-list.html...
Building index for all classes...
Generating /home/travis/build/passed/lviggiano/owner/owner-extras/target/site/apidocs/allclasses-frame.html...
Generating /home/travis/build/passed/lviggiano/owner/owner-extras/target/site/apidocs/allclasses-noframe.html...
Generating /home/travis/build/passed/lviggiano/owner/owner-extras/target/site/apidocs/index.html...
Generating /home/travis/build/passed/lviggiano/owner/owner-extras/target/site/apidocs/overview-summary.html...
Generating /home/travis/build/passed/lviggiano/owner/owner-extras/target/site/apidocs/help-doc.html...
[INFO] 
[INFO] --- maven-javadoc-plugin:2.9:jar (default) @ owner-extras ---
[INFO] 
Loading source files for package org.aeonbits.owner.loaders...
Loading source files for package sun.net.www.protocol.zookeeper...
Constructing Javadoc information...
Standard Doclet version 1.8.0_31
Building tree for all the packages and classes...
Generating /home/travis/build/passed/lviggiano/owner/owner-extras/target/apidocs/org/aeonbits/owner/loaders/ZooKeeperLoader.html...
Generating /home/travis/build/passed/lviggiano/owner/owner-extras/target/apidocs/sun/net/www/protocol/zookeeper/Handler.html...
Generating /home/travis/build/passed/lviggiano/owner/owner-extras/target/apidocs/sun/net/www/protocol/zookeeper/NoRetryPolicy.html...
Generating /home/travis/build/passed/lviggiano/owner/owner-extras/target/apidocs/sun/net/www/protocol/zookeeper/ZooKeeperConnection.html...
Generating /home/travis/build/passed/lviggiano/owner/owner-extras/target/apidocs/sun/net/www/protocol/zookeeper/ZooKeeperConnection.ZooKeeperStream.html...
Generating /home/travis/build/passed/lviggiano/owner/owner-extras/target/apidocs/overview-frame.html...
Generating /home/travis/build/passed/lviggiano/owner/owner-extras/target/apidocs/org/aeonbits/owner/loaders/package-frame.html...
Generating /home/travis/build/passed/lviggiano/owner/owner-extras/target/apidocs/org/aeonbits/owner/loaders/package-summary.html...
Generating /home/travis/build/passed/lviggiano/owner/owner-extras/target/apidocs/org/aeonbits/owner/loaders/package-tree.html...
Generating /home/travis/build/passed/lviggiano/owner/owner-extras/target/apidocs/sun/net/www/protocol/zookeeper/package-frame.html...
Generating /home/travis/build/passed/lviggiano/owner/owner-extras/target/apidocs/sun/net/www/protocol/zookeeper/package-summary.html...
Generating /home/travis/build/passed/lviggiano/owner/owner-extras/target/apidocs/sun/net/www/protocol/zookeeper/package-tree.html...
Generating /home/travis/build/passed/lviggiano/owner/owner-extras/target/apidocs/constant-values.html...
Generating /home/travis/build/passed/lviggiano/owner/owner-extras/target/apidocs/serialized-form.html...
Generating /home/travis/build/passed/lviggiano/owner/owner-extras/target/apidocs/org/aeonbits/owner/loaders/class-use/ZooKeeperLoader.html...
Generating /home/travis/build/passed/lviggiano/owner/owner-extras/target/apidocs/sun/net/www/protocol/zookeeper/class-use/ZooKeeperConnection.html...
Generating /home/travis/build/passed/lviggiano/owner/owner-extras/target/apidocs/sun/net/www/protocol/zookeeper/class-use/ZooKeeperConnection.ZooKeeperStream.html...
Generating /home/travis/build/passed/lviggiano/owner/owner-extras/target/apidocs/sun/net/www/protocol/zookeeper/class-use/NoRetryPolicy.html...
Generating /home/travis/build/passed/lviggiano/owner/owner-extras/target/apidocs/sun/net/www/protocol/zookeeper/class-use/Handler.html...
Generating /home/travis/build/passed/lviggiano/owner/owner-extras/target/apidocs/org/aeonbits/owner/loaders/package-use.html...
Generating /home/travis/build/passed/lviggiano/owner/owner-extras/target/apidocs/sun/net/www/protocol/zookeeper/package-use.html...
Building index for all the packages and classes...
Generating /home/travis/build/passed/lviggiano/owner/owner-extras/target/apidocs/overview-tree.html...
Generating /home/travis/build/passed/lviggiano/owner/owner-extras/target/apidocs/index-all.html...
Generating /home/travis/build/passed/lviggiano/owner/owner-extras/target/apidocs/deprecated-list.html...
Building index for all classes...
Generating /home/travis/build/passed/lviggiano/owner/owner-extras/target/apidocs/allclasses-frame.html...
Generating /home/travis/build/passed/lviggiano/owner/owner-extras/target/apidocs/allclasses-noframe.html...
Generating /home/travis/build/passed/lviggiano/owner/owner-extras/target/apidocs/index.html...
Generating /home/travis/build/passed/lviggiano/owner/owner-extras/target/apidocs/overview-summary.html...
Generating /home/travis/build/passed/lviggiano/owner/owner-extras/target/apidocs/help-doc.html...
[INFO] Building jar: /home/travis/build/passed/lviggiano/owner/owner-extras/target/owner-extras-1.0.10-SNAPSHOT-javadoc.jar
[INFO] 
[INFO] --- maven-install-plugin:2.4:install (default-install) @ owner-extras ---
[INFO] Installing /home/travis/build/passed/lviggiano/owner/owner-extras/target/owner-extras-1.0.10-SNAPSHOT.jar to /home/travis/.m2/repository/org/aeonbits/owner/owner-extras/1.0.10-SNAPSHOT/owner-extras-1.0.10-SNAPSHOT.jar
[INFO] Installing /home/travis/build/passed/lviggiano/owner/owner-extras/pom.xml to /home/travis/.m2/repository/org/aeonbits/owner/owner-extras/1.0.10-SNAPSHOT/owner-extras-1.0.10-SNAPSHOT.pom
[INFO] Installing /home/travis/build/passed/lviggiano/owner/owner-extras/target/owner-extras-1.0.10-SNAPSHOT-sources.jar to /home/travis/.m2/repository/org/aeonbits/owner/owner-extras/1.0.10-SNAPSHOT/owner-extras-1.0.10-SNAPSHOT-sources.jar
[INFO] Installing /home/travis/build/passed/lviggiano/owner/owner-extras/target/owner-extras-1.0.10-SNAPSHOT-javadoc.jar to /home/travis/.m2/repository/org/aeonbits/owner/owner-extras/1.0.10-SNAPSHOT/owner-extras-1.0.10-SNAPSHOT-javadoc.jar
[INFO]                                                                         
[INFO] ------------------------------------------------------------------------
[INFO] Building OWNER :: Java 8 Support 1.0.10-SNAPSHOT
[INFO] ------------------------------------------------------------------------
[INFO] 
[INFO] --- maven-resources-plugin:2.6:resources (default-resources) @ owner-java8 ---
[INFO] Using 'UTF-8' encoding to copy filtered resources.
[INFO] skip non existing resourceDirectory /home/travis/build/passed/lviggiano/owner/owner-java8/src/main/resources
[INFO] 
[INFO] --- maven-compiler-plugin:3.2:compile (default-compile) @ owner-java8 ---
[INFO] Nothing to compile - all classes are up to date
[INFO] 
[INFO] --- maven-bundle-plugin:2.5.3:manifest (bundle-manifest) @ owner-java8 ---
[INFO] 
[INFO] --- maven-resources-plugin:2.6:testResources (default-testResources) @ owner-java8 ---
[INFO] Using 'UTF-8' encoding to copy filtered resources.
[INFO] skip non existing resourceDirectory /home/travis/build/passed/lviggiano/owner/owner-java8/src/test/resources
[INFO] 
[INFO] --- maven-compiler-plugin:3.2:testCompile (default-testCompile) @ owner-java8 ---
[INFO] Nothing to compile - all classes are up to date
[INFO] 
[INFO] --- maven-surefire-plugin:2.12.4:test (default-test) @ owner-java8 ---
[INFO] Tests are skipped.
[INFO] 
[INFO] --- maven-jar-plugin:2.5:jar (default-jar) @ owner-java8 ---
[INFO] Adding existing MANIFEST to archive. Found under: /home/travis/build/passed/lviggiano/owner/owner-java8/target/classes/META-INF/MANIFEST.MF
[INFO] Building jar: /home/travis/build/passed/lviggiano/owner/owner-java8/target/owner-java8-1.0.10-SNAPSHOT.jar
[INFO] 
[INFO] --- maven-source-plugin:2.4:jar-no-fork (attach-sources) @ owner-java8 ---
[INFO] Building jar: /home/travis/build/passed/lviggiano/owner/owner-java8/target/owner-java8-1.0.10-SNAPSHOT-sources.jar
[INFO] 
[INFO] >>> maven-javadoc-plugin:2.9:javadoc (default) > generate-sources @ owner-java8 >>>
[INFO] 
[INFO] <<< maven-javadoc-plugin:2.9:javadoc (default) < generate-sources @ owner-java8 <<<
[INFO] 
[INFO] --- maven-javadoc-plugin:2.9:javadoc (default) @ owner-java8 ---
[INFO] 
Loading source files for package org.aeonbits.owner.dummy...
Loading source files for package org.aeonbits.owner.util...
Constructing Javadoc information...
Standard Doclet version 1.8.0_31
Building tree for all the packages and classes...
Generating /home/travis/build/passed/lviggiano/owner/owner-java8/target/site/apidocs/org/aeonbits/owner/dummy/DummyJava8Readme.html...
Generating /home/travis/build/passed/lviggiano/owner/owner-java8/target/site/apidocs/overview-frame.html...
Generating /home/travis/build/passed/lviggiano/owner/owner-java8/target/site/apidocs/org/aeonbits/owner/dummy/package-frame.html...
Generating /home/travis/build/passed/lviggiano/owner/owner-java8/target/site/apidocs/org/aeonbits/owner/dummy/package-summary.html...
Generating /home/travis/build/passed/lviggiano/owner/owner-java8/target/site/apidocs/org/aeonbits/owner/dummy/package-tree.html...
Generating /home/travis/build/passed/lviggiano/owner/owner-java8/target/site/apidocs/org/aeonbits/owner/util/package-frame.html...
Generating /home/travis/build/passed/lviggiano/owner/owner-java8/target/site/apidocs/org/aeonbits/owner/util/package-summary.html...
Generating /home/travis/build/passed/lviggiano/owner/owner-java8/target/site/apidocs/org/aeonbits/owner/util/package-tree.html...
Generating /home/travis/build/passed/lviggiano/owner/owner-java8/target/site/apidocs/constant-values.html...
Generating /home/travis/build/passed/lviggiano/owner/owner-java8/target/site/apidocs/org/aeonbits/owner/dummy/class-use/DummyJava8Readme.html...
Generating /home/travis/build/passed/lviggiano/owner/owner-java8/target/site/apidocs/org/aeonbits/owner/dummy/package-use.html...
Generating /home/travis/build/passed/lviggiano/owner/owner-java8/target/site/apidocs/org/aeonbits/owner/util/package-use.html...
Building index for all the packages and classes...
Generating /home/travis/build/passed/lviggiano/owner/owner-java8/target/site/apidocs/overview-tree.html...
Generating /home/travis/build/passed/lviggiano/owner/owner-java8/target/site/apidocs/index-all.html...
Generating /home/travis/build/passed/lviggiano/owner/owner-java8/target/site/apidocs/deprecated-list.html...
Building index for all classes...
Generating /home/travis/build/passed/lviggiano/owner/owner-java8/target/site/apidocs/allclasses-frame.html...
Generating /home/travis/build/passed/lviggiano/owner/owner-java8/target/site/apidocs/allclasses-noframe.html...
Generating /home/travis/build/passed/lviggiano/owner/owner-java8/target/site/apidocs/index.html...
Generating /home/travis/build/passed/lviggiano/owner/owner-java8/target/site/apidocs/overview-summary.html...
Generating /home/travis/build/passed/lviggiano/owner/owner-java8/target/site/apidocs/help-doc.html...
[INFO] 
[INFO] --- maven-javadoc-plugin:2.9:jar (default) @ owner-java8 ---
[INFO] 
Loading source files for package org.aeonbits.owner.dummy...
Loading source files for package org.aeonbits.owner.util...
Constructing Javadoc information...
Standard Doclet version 1.8.0_31
Building tree for all the packages and classes...
Generating /home/travis/build/passed/lviggiano/owner/owner-java8/target/apidocs/org/aeonbits/owner/dummy/DummyJava8Readme.html...
Generating /home/travis/build/passed/lviggiano/owner/owner-java8/target/apidocs/overview-frame.html...
Generating /home/travis/build/passed/lviggiano/owner/owner-java8/target/apidocs/org/aeonbits/owner/dummy/package-frame.html...
Generating /home/travis/build/passed/lviggiano/owner/owner-java8/target/apidocs/org/aeonbits/owner/dummy/package-summary.html...
Generating /home/travis/build/passed/lviggiano/owner/owner-java8/target/apidocs/org/aeonbits/owner/dummy/package-tree.html...
Generating /home/travis/build/passed/lviggiano/owner/owner-java8/target/apidocs/org/aeonbits/owner/util/package-frame.html...
Generating /home/travis/build/passed/lviggiano/owner/owner-java8/target/apidocs/org/aeonbits/owner/util/package-summary.html...
Generating /home/travis/build/passed/lviggiano/owner/owner-java8/target/apidocs/org/aeonbits/owner/util/package-tree.html...
Generating /home/travis/build/passed/lviggiano/owner/owner-java8/target/apidocs/constant-values.html...
Generating /home/travis/build/passed/lviggiano/owner/owner-java8/target/apidocs/org/aeonbits/owner/dummy/class-use/DummyJava8Readme.html...
Generating /home/travis/build/passed/lviggiano/owner/owner-java8/target/apidocs/org/aeonbits/owner/dummy/package-use.html...
Generating /home/travis/build/passed/lviggiano/owner/owner-java8/target/apidocs/org/aeonbits/owner/util/package-use.html...
Building index for all the packages and classes...
Generating /home/travis/build/passed/lviggiano/owner/owner-java8/target/apidocs/overview-tree.html...
Generating /home/travis/build/passed/lviggiano/owner/owner-java8/target/apidocs/index-all.html...
Generating /home/travis/build/passed/lviggiano/owner/owner-java8/target/apidocs/deprecated-list.html...
Building index for all classes...
Generating /home/travis/build/passed/lviggiano/owner/owner-java8/target/apidocs/allclasses-frame.html...
Generating /home/travis/build/passed/lviggiano/owner/owner-java8/target/apidocs/allclasses-noframe.html...
Generating /home/travis/build/passed/lviggiano/owner/owner-java8/target/apidocs/index.html...
Generating /home/travis/build/passed/lviggiano/owner/owner-java8/target/apidocs/overview-summary.html...
Generating /home/travis/build/passed/lviggiano/owner/owner-java8/target/apidocs/help-doc.html...
[INFO] Building jar: /home/travis/build/passed/lviggiano/owner/owner-java8/target/owner-java8-1.0.10-SNAPSHOT-javadoc.jar
[INFO] 
[INFO] --- maven-install-plugin:2.4:install (default-install) @ owner-java8 ---
[INFO] Installing /home/travis/build/passed/lviggiano/owner/owner-java8/target/owner-java8-1.0.10-SNAPSHOT.jar to /home/travis/.m2/repository/org/aeonbits/owner/owner-java8/1.0.10-SNAPSHOT/owner-java8-1.0.10-SNAPSHOT.jar
[INFO] Installing /home/travis/build/passed/lviggiano/owner/owner-java8/pom.xml to /home/travis/.m2/repository/org/aeonbits/owner/owner-java8/1.0.10-SNAPSHOT/owner-java8-1.0.10-SNAPSHOT.pom
[INFO] Installing /home/travis/build/passed/lviggiano/owner/owner-java8/target/owner-java8-1.0.10-SNAPSHOT-sources.jar to /home/travis/.m2/repository/org/aeonbits/owner/owner-java8/1.0.10-SNAPSHOT/owner-java8-1.0.10-SNAPSHOT-sources.jar
[INFO] Installing /home/travis/build/passed/lviggiano/owner/owner-java8/target/owner-java8-1.0.10-SNAPSHOT-javadoc.jar to /home/travis/.m2/repository/org/aeonbits/owner/owner-java8/1.0.10-SNAPSHOT/owner-java8-1.0.10-SNAPSHOT-javadoc.jar
[INFO]                                                                         
[INFO] ------------------------------------------------------------------------
[INFO] Building OWNER :: Java 8 Extras 1.0.10-SNAPSHOT
[INFO] ------------------------------------------------------------------------
[INFO] 
[INFO] --- maven-resources-plugin:2.6:resources (default-resources) @ owner-java8-extras ---
[INFO] Using 'UTF-8' encoding to copy filtered resources.
[INFO] skip non existing resourceDirectory /home/travis/build/passed/lviggiano/owner/owner-java8-extras/src/main/resources
[INFO] 
[INFO] --- maven-compiler-plugin:3.2:compile (default-compile) @ owner-java8-extras ---
[INFO] Nothing to compile - all classes are up to date
[INFO] 
[INFO] --- maven-bundle-plugin:2.5.3:manifest (bundle-manifest) @ owner-java8-extras ---
[INFO] 
[INFO] --- maven-resources-plugin:2.6:testResources (default-testResources) @ owner-java8-extras ---
[INFO] Using 'UTF-8' encoding to copy filtered resources.
[INFO] skip non existing resourceDirectory /home/travis/build/passed/lviggiano/owner/owner-java8-extras/src/test/resources
[INFO] 
[INFO] --- maven-compiler-plugin:3.2:testCompile (default-testCompile) @ owner-java8-extras ---
[INFO] Nothing to compile - all classes are up to date
[INFO] 
[INFO] --- maven-surefire-plugin:2.12.4:test (default-test) @ owner-java8-extras ---
[INFO] Tests are skipped.
[INFO] 
[INFO] --- maven-jar-plugin:2.5:jar (default-jar) @ owner-java8-extras ---
[INFO] Adding existing MANIFEST to archive. Found under: /home/travis/build/passed/lviggiano/owner/owner-java8-extras/target/classes/META-INF/MANIFEST.MF
[INFO] Building jar: /home/travis/build/passed/lviggiano/owner/owner-java8-extras/target/owner-java8-extras-1.0.10-SNAPSHOT.jar
[INFO] 
[INFO] --- maven-source-plugin:2.4:jar-no-fork (attach-sources) @ owner-java8-extras ---
[INFO] Building jar: /home/travis/build/passed/lviggiano/owner/owner-java8-extras/target/owner-java8-extras-1.0.10-SNAPSHOT-sources.jar
[INFO] 
[INFO] >>> maven-javadoc-plugin:2.9:javadoc (default) > generate-sources @ owner-java8-extras >>>
[INFO] 
[INFO] <<< maven-javadoc-plugin:2.9:javadoc (default) < generate-sources @ owner-java8-extras <<<
[INFO] 
[INFO] --- maven-javadoc-plugin:2.9:javadoc (default) @ owner-java8-extras ---
[INFO] 
Loading source files for package org.aeonbits.owner.converters...
Loading source files for package org.aeonbits.owner.util.bytesize...
Constructing Javadoc information...
Standard Doclet version 1.8.0_31
Building tree for all the packages and classes...
Generating /home/travis/build/passed/lviggiano/owner/owner-java8-extras/target/site/apidocs/org/aeonbits/owner/converters/ByteSizeConverter.html...
Generating /home/travis/build/passed/lviggiano/owner/owner-java8-extras/target/site/apidocs/org/aeonbits/owner/converters/DurationConverter.html...
Generating /home/travis/build/passed/lviggiano/owner/owner-java8-extras/target/site/apidocs/org/aeonbits/owner/util/bytesize/ByteSize.html...
Generating /home/travis/build/passed/lviggiano/owner/owner-java8-extras/target/site/apidocs/org/aeonbits/owner/util/bytesize/ByteSizeStandard.html...
Generating /home/travis/build/passed/lviggiano/owner/owner-java8-extras/target/site/apidocs/org/aeonbits/owner/util/bytesize/ByteSizeUnit.html...
Generating /home/travis/build/passed/lviggiano/owner/owner-java8-extras/target/site/apidocs/overview-frame.html...
Generating /home/travis/build/passed/lviggiano/owner/owner-java8-extras/target/site/apidocs/org/aeonbits/owner/converters/package-frame.html...
Generating /home/travis/build/passed/lviggiano/owner/owner-java8-extras/target/site/apidocs/org/aeonbits/owner/converters/package-summary.html...
Generating /home/travis/build/passed/lviggiano/owner/owner-java8-extras/target/site/apidocs/org/aeonbits/owner/converters/package-tree.html...
Generating /home/travis/build/passed/lviggiano/owner/owner-java8-extras/target/site/apidocs/org/aeonbits/owner/util/bytesize/package-frame.html...
Generating /home/travis/build/passed/lviggiano/owner/owner-java8-extras/target/site/apidocs/org/aeonbits/owner/util/bytesize/package-summary.html...
Generating /home/travis/build/passed/lviggiano/owner/owner-java8-extras/target/site/apidocs/org/aeonbits/owner/util/bytesize/package-tree.html...
Generating /home/travis/build/passed/lviggiano/owner/owner-java8-extras/target/site/apidocs/constant-values.html...
Generating /home/travis/build/passed/lviggiano/owner/owner-java8-extras/target/site/apidocs/org/aeonbits/owner/converters/class-use/DurationConverter.html...
Generating /home/travis/build/passed/lviggiano/owner/owner-java8-extras/target/site/apidocs/org/aeonbits/owner/converters/class-use/ByteSizeConverter.html...
Generating /home/travis/build/passed/lviggiano/owner/owner-java8-extras/target/site/apidocs/org/aeonbits/owner/util/bytesize/class-use/ByteSizeUnit.html...
Generating /home/travis/build/passed/lviggiano/owner/owner-java8-extras/target/site/apidocs/org/aeonbits/owner/util/bytesize/class-use/ByteSizeStandard.html...
Generating /home/travis/build/passed/lviggiano/owner/owner-java8-extras/target/site/apidocs/org/aeonbits/owner/util/bytesize/class-use/ByteSize.html...
Generating /home/travis/build/passed/lviggiano/owner/owner-java8-extras/target/site/apidocs/org/aeonbits/owner/converters/package-use.html...
Generating /home/travis/build/passed/lviggiano/owner/owner-java8-extras/target/site/apidocs/org/aeonbits/owner/util/bytesize/package-use.html...
Building index for all the packages and classes...
Generating /home/travis/build/passed/lviggiano/owner/owner-java8-extras/target/site/apidocs/overview-tree.html...
Generating /home/travis/build/passed/lviggiano/owner/owner-java8-extras/target/site/apidocs/index-all.html...
Generating /home/travis/build/passed/lviggiano/owner/owner-java8-extras/target/site/apidocs/deprecated-list.html...
Building index for all classes...
Generating /home/travis/build/passed/lviggiano/owner/owner-java8-extras/target/site/apidocs/allclasses-frame.html...
Generating /home/travis/build/passed/lviggiano/owner/owner-java8-extras/target/site/apidocs/allclasses-noframe.html...
Generating /home/travis/build/passed/lviggiano/owner/owner-java8-extras/target/site/apidocs/index.html...
Generating /home/travis/build/passed/lviggiano/owner/owner-java8-extras/target/site/apidocs/overview-summary.html...
Generating /home/travis/build/passed/lviggiano/owner/owner-java8-extras/target/site/apidocs/help-doc.html...
[INFO] 
[INFO] --- maven-javadoc-plugin:2.9:jar (default) @ owner-java8-extras ---
[INFO] 
Loading source files for package org.aeonbits.owner.converters...
Loading source files for package org.aeonbits.owner.util.bytesize...
Constructing Javadoc information...
Standard Doclet version 1.8.0_31
Building tree for all the packages and classes...
Generating /home/travis/build/passed/lviggiano/owner/owner-java8-extras/target/apidocs/org/aeonbits/owner/converters/ByteSizeConverter.html...
Generating /home/travis/build/passed/lviggiano/owner/owner-java8-extras/target/apidocs/org/aeonbits/owner/converters/DurationConverter.html...
Generating /home/travis/build/passed/lviggiano/owner/owner-java8-extras/target/apidocs/org/aeonbits/owner/util/bytesize/ByteSize.html...
Generating /home/travis/build/passed/lviggiano/owner/owner-java8-extras/target/apidocs/org/aeonbits/owner/util/bytesize/ByteSizeStandard.html...
Generating /home/travis/build/passed/lviggiano/owner/owner-java8-extras/target/apidocs/org/aeonbits/owner/util/bytesize/ByteSizeUnit.html...
Generating /home/travis/build/passed/lviggiano/owner/owner-java8-extras/target/apidocs/overview-frame.html...
Generating /home/travis/build/passed/lviggiano/owner/owner-java8-extras/target/apidocs/org/aeonbits/owner/converters/package-frame.html...
Generating /home/travis/build/passed/lviggiano/owner/owner-java8-extras/target/apidocs/org/aeonbits/owner/converters/package-summary.html...
Generating /home/travis/build/passed/lviggiano/owner/owner-java8-extras/target/apidocs/org/aeonbits/owner/converters/package-tree.html...
Generating /home/travis/build/passed/lviggiano/owner/owner-java8-extras/target/apidocs/org/aeonbits/owner/util/bytesize/package-frame.html...
Generating /home/travis/build/passed/lviggiano/owner/owner-java8-extras/target/apidocs/org/aeonbits/owner/util/bytesize/package-summary.html...
Generating /home/travis/build/passed/lviggiano/owner/owner-java8-extras/target/apidocs/org/aeonbits/owner/util/bytesize/package-tree.html...
Generating /home/travis/build/passed/lviggiano/owner/owner-java8-extras/target/apidocs/constant-values.html...
Generating /home/travis/build/passed/lviggiano/owner/owner-java8-extras/target/apidocs/org/aeonbits/owner/converters/class-use/DurationConverter.html...
Generating /home/travis/build/passed/lviggiano/owner/owner-java8-extras/target/apidocs/org/aeonbits/owner/converters/class-use/ByteSizeConverter.html...
Generating /home/travis/build/passed/lviggiano/owner/owner-java8-extras/target/apidocs/org/aeonbits/owner/util/bytesize/class-use/ByteSizeUnit.html...
Generating /home/travis/build/passed/lviggiano/owner/owner-java8-extras/target/apidocs/org/aeonbits/owner/util/bytesize/class-use/ByteSizeStandard.html...
Generating /home/travis/build/passed/lviggiano/owner/owner-java8-extras/target/apidocs/org/aeonbits/owner/util/bytesize/class-use/ByteSize.html...
Generating /home/travis/build/passed/lviggiano/owner/owner-java8-extras/target/apidocs/org/aeonbits/owner/converters/package-use.html...
Generating /home/travis/build/passed/lviggiano/owner/owner-java8-extras/target/apidocs/org/aeonbits/owner/util/bytesize/package-use.html...
Building index for all the packages and classes...
Generating /home/travis/build/passed/lviggiano/owner/owner-java8-extras/target/apidocs/overview-tree.html...
Generating /home/travis/build/passed/lviggiano/owner/owner-java8-extras/target/apidocs/index-all.html...
Generating /home/travis/build/passed/lviggiano/owner/owner-java8-extras/target/apidocs/deprecated-list.html...
Building index for all classes...
Generating /home/travis/build/passed/lviggiano/owner/owner-java8-extras/target/apidocs/allclasses-frame.html...
Generating /home/travis/build/passed/lviggiano/owner/owner-java8-extras/target/apidocs/allclasses-noframe.html...
Generating /home/travis/build/passed/lviggiano/owner/owner-java8-extras/target/apidocs/index.html...
Generating /home/travis/build/passed/lviggiano/owner/owner-java8-extras/target/apidocs/overview-summary.html...
Generating /home/travis/build/passed/lviggiano/owner/owner-java8-extras/target/apidocs/help-doc.html...
[INFO] Building jar: /home/travis/build/passed/lviggiano/owner/owner-java8-extras/target/owner-java8-extras-1.0.10-SNAPSHOT-javadoc.jar
[INFO] 
[INFO] --- maven-install-plugin:2.4:install (default-install) @ owner-java8-extras ---
[INFO] Installing /home/travis/build/passed/lviggiano/owner/owner-java8-extras/target/owner-java8-extras-1.0.10-SNAPSHOT.jar to /home/travis/.m2/repository/org/aeonbits/owner/owner-java8-extras/1.0.10-SNAPSHOT/owner-java8-extras-1.0.10-SNAPSHOT.jar
[INFO] Installing /home/travis/build/passed/lviggiano/owner/owner-java8-extras/pom.xml to /home/travis/.m2/repository/org/aeonbits/owner/owner-java8-extras/1.0.10-SNAPSHOT/owner-java8-extras-1.0.10-SNAPSHOT.pom
[INFO] Installing /home/travis/build/passed/lviggiano/owner/owner-java8-extras/target/owner-java8-extras-1.0.10-SNAPSHOT-sources.jar to /home/travis/.m2/repository/org/aeonbits/owner/owner-java8-extras/1.0.10-SNAPSHOT/owner-java8-extras-1.0.10-SNAPSHOT-sources.jar
[INFO] Installing /home/travis/build/passed/lviggiano/owner/owner-java8-extras/target/owner-java8-extras-1.0.10-SNAPSHOT-javadoc.jar to /home/travis/.m2/repository/org/aeonbits/owner/owner-java8-extras/1.0.10-SNAPSHOT/owner-java8-extras-1.0.10-SNAPSHOT-javadoc.jar
[INFO]                                                                         
[INFO] ------------------------------------------------------------------------
[INFO] Building OWNER :: Assembly 1.0.10-SNAPSHOT
[INFO] ------------------------------------------------------------------------
[INFO] 
[INFO] --- maven-assembly-plugin:2.5.2:single (default) @ owner-assembly ---
[INFO] Reading assembly descriptor: src/main/assemblies/bin.xml
[INFO] Building tar: /home/travis/build/passed/lviggiano/owner/target/owner-1.0.10-SNAPSHOT.tar.gz
[WARNING] Entry: owner-1.0.10-SNAPSHOT/examples/owner-examples-common/src/main/java/org/aeonbits/owner/ExamplesBase.java longer than 100 characters.
[WARNING] Resulting tar file can only be processed successfully by GNU compatible tar commands
[WARNING] Entry: owner-1.0.10-SNAPSHOT/examples/owner-examples-hotreload/src/main/java/org/aeonbits/owner/examples/HotReloadExample.java longer than 100 characters.
[INFO] Building tar: /home/travis/build/passed/lviggiano/owner/target/owner-1.0.10-SNAPSHOT.tar.bz2
[WARNING] Entry: owner-1.0.10-SNAPSHOT/examples/owner-examples-common/src/main/java/org/aeonbits/owner/ExamplesBase.java longer than 100 characters.
[WARNING] Resulting tar file can only be processed successfully by GNU compatible tar commands
[WARNING] Entry: owner-1.0.10-SNAPSHOT/examples/owner-examples-hotreload/src/main/java/org/aeonbits/owner/examples/HotReloadExample.java longer than 100 characters.
[INFO] Building zip: /home/travis/build/passed/lviggiano/owner/target/owner-1.0.10-SNAPSHOT.zip
[INFO] 
[INFO] --- maven-install-plugin:2.4:install (default-install) @ owner-assembly ---
[INFO] Installing /home/travis/build/passed/lviggiano/owner/owner-assembly/pom.xml to /home/travis/.m2/repository/org/aeonbits/owner/owner-assembly/1.0.10-SNAPSHOT/owner-assembly-1.0.10-SNAPSHOT.pom
[INFO] Installing /home/travis/build/passed/lviggiano/owner/target/owner-1.0.10-SNAPSHOT.tar.gz to /home/travis/.m2/repository/org/aeonbits/owner/owner-assembly/1.0.10-SNAPSHOT/owner-assembly-1.0.10-SNAPSHOT.tar.gz
[INFO] Installing /home/travis/build/passed/lviggiano/owner/target/owner-1.0.10-SNAPSHOT.tar.bz2 to /home/travis/.m2/repository/org/aeonbits/owner/owner-assembly/1.0.10-SNAPSHOT/owner-assembly-1.0.10-SNAPSHOT.tar.bz2
[INFO] Installing /home/travis/build/passed/lviggiano/owner/target/owner-1.0.10-SNAPSHOT.zip to /home/travis/.m2/repository/org/aeonbits/owner/owner-assembly/1.0.10-SNAPSHOT/owner-assembly-1.0.10-SNAPSHOT.zip
[INFO]                                                                         
[INFO] ------------------------------------------------------------------------
[INFO] Building OWNER :: Examples 1.0.10-SNAPSHOT
[INFO] ------------------------------------------------------------------------
[INFO] 
[INFO] --- maven-install-plugin:2.4:install (default-install) @ owner-examples ---
[INFO] Installing /home/travis/build/passed/lviggiano/owner/owner-examples/pom.xml to /home/travis/.m2/repository/org/aeonbits/owner/owner-examples/1.0.10-SNAPSHOT/owner-examples-1.0.10-SNAPSHOT.pom
[INFO]                                                                         
[INFO] ------------------------------------------------------------------------
[INFO] Building OWNER :: Examples :: Common 1.0.10-SNAPSHOT
[INFO] ------------------------------------------------------------------------
[INFO] 
[INFO] --- maven-resources-plugin:2.6:resources (default-resources) @ owner-examples-common ---
[INFO] Using 'UTF-8' encoding to copy filtered resources.
[INFO] skip non existing resourceDirectory /home/travis/build/passed/lviggiano/owner/owner-examples/owner-examples-common/src/main/resources
[INFO] 
[INFO] --- maven-compiler-plugin:3.2:compile (default-compile) @ owner-examples-common ---
[INFO] Nothing to compile - all classes are up to date
[INFO] 
[INFO] --- maven-resources-plugin:2.6:testResources (default-testResources) @ owner-examples-common ---
[INFO] Using 'UTF-8' encoding to copy filtered resources.
[INFO] skip non existing resourceDirectory /home/travis/build/passed/lviggiano/owner/owner-examples/owner-examples-common/src/test/resources
[INFO] 
[INFO] --- maven-compiler-plugin:3.2:testCompile (default-testCompile) @ owner-examples-common ---
[INFO] No sources to compile
[INFO] 
[INFO] --- maven-surefire-plugin:2.12.4:test (default-test) @ owner-examples-common ---
[INFO] Tests are skipped.
[INFO] 
[INFO] --- maven-jar-plugin:2.5:jar (default-jar) @ owner-examples-common ---
[INFO] 
[INFO] --- maven-install-plugin:2.4:install (default-install) @ owner-examples-common ---
[INFO] Installing /home/travis/build/passed/lviggiano/owner/owner-examples/owner-examples-common/target/owner-examples-common-1.0.10-SNAPSHOT.jar to /home/travis/.m2/repository/org/aeonbits/owner/owner-examples-common/1.0.10-SNAPSHOT/owner-examples-common-1.0.10-SNAPSHOT.jar
[INFO] Installing /home/travis/build/passed/lviggiano/owner/owner-examples/owner-examples-common/pom.xml to /home/travis/.m2/repository/org/aeonbits/owner/owner-examples-common/1.0.10-SNAPSHOT/owner-examples-common-1.0.10-SNAPSHOT.pom
[INFO]                                                                         
[INFO] ------------------------------------------------------------------------
[INFO] Building OWNER :: Examples :: Hot Reload 1.0.10-SNAPSHOT
[INFO] ------------------------------------------------------------------------
[INFO] 
[INFO] --- maven-resources-plugin:2.6:resources (default-resources) @ owner-examples-hotreload ---
[INFO] Using 'UTF-8' encoding to copy filtered resources.
[INFO] skip non existing resourceDirectory /home/travis/build/passed/lviggiano/owner/owner-examples/owner-examples-hotreload/src/main/resources
[INFO] 
[INFO] --- maven-compiler-plugin:3.2:compile (default-compile) @ owner-examples-hotreload ---
[INFO] Nothing to compile - all classes are up to date
[INFO] 
[INFO] --- maven-resources-plugin:2.6:testResources (default-testResources) @ owner-examples-hotreload ---
[INFO] Using 'UTF-8' encoding to copy filtered resources.
[INFO] skip non existing resourceDirectory /home/travis/build/passed/lviggiano/owner/owner-examples/owner-examples-hotreload/src/test/resources
[INFO] 
[INFO] --- maven-compiler-plugin:3.2:testCompile (default-testCompile) @ owner-examples-hotreload ---
[INFO] No sources to compile
[INFO] 
[INFO] --- maven-surefire-plugin:2.12.4:test (default-test) @ owner-examples-hotreload ---
[INFO] Tests are skipped.
[INFO] 
[INFO] --- maven-jar-plugin:2.5:jar (default-jar) @ owner-examples-hotreload ---
[INFO] 
[INFO] --- maven-install-plugin:2.4:install (default-install) @ owner-examples-hotreload ---
[INFO] Installing /home/travis/build/passed/lviggiano/owner/owner-examples/owner-examples-hotreload/target/owner-examples-hotreload-1.0.10-SNAPSHOT.jar to /home/travis/.m2/repository/org/aeonbits/owner/owner-examples-hotreload/1.0.10-SNAPSHOT/owner-examples-hotreload-1.0.10-SNAPSHOT.jar
[INFO] Installing /home/travis/build/passed/lviggiano/owner/owner-examples/owner-examples-hotreload/pom.xml to /home/travis/.m2/repository/org/aeonbits/owner/owner-examples-hotreload/1.0.10-SNAPSHOT/owner-examples-hotreload-1.0.10-SNAPSHOT.pom
[INFO] ------------------------------------------------------------------------
[INFO] Reactor Summary:
[INFO] 
[INFO] OWNER :: Parent .................................... SUCCESS [  0.514 s]
[INFO] OWNER :: Core ...................................... SUCCESS [ 11.623 s]
[INFO] OWNER :: Site ...................................... SUCCESS [  0.098 s]
[INFO] OWNER :: Extras .................................... SUCCESS [  4.217 s]
[INFO] OWNER :: Java 8 Support ............................ SUCCESS [  3.584 s]
[INFO] OWNER :: Java 8 Extras ............................. SUCCESS [  3.559 s]
[INFO] OWNER :: Assembly .................................. SUCCESS [  2.726 s]
[INFO] OWNER :: Examples .................................. SUCCESS [  0.118 s]
[INFO] OWNER :: Examples :: Common ........................ SUCCESS [  0.654 s]
[INFO] OWNER :: Examples :: Hot Reload .................... SUCCESS [  0.403 s]
[INFO] ------------------------------------------------------------------------
[INFO] BUILD SUCCESS
[INFO] ------------------------------------------------------------------------
[INFO] Total time: 29.023 s
[INFO] Finished at: 2022-02-05T06:20:32+00:00
[INFO] Final Memory: 28M/476M
[INFO] ------------------------------------------------------------------------

travis_time:end:1d501b5f:start=1644042002246499266,finish=1644042032578197853,duration=30331698587[0Ktravis_fold:end:install[0Ktravis_time:start:160b9747[0K$ mvn test -Dhttps.protocols=TLSv1.2 -B
Java HotSpot(TM) 64-Bit Server VM warning: ignoring option MaxPermSize=192m; support was removed in 8.0
[INFO] Scanning for projects...
[INFO] ------------------------------------------------------------------------
[INFO] Reactor Build Order:
[INFO] 
[INFO] OWNER :: Parent
[INFO] OWNER :: Core
[INFO] OWNER :: Site
[INFO] OWNER :: Extras
[INFO] OWNER :: Java 8 Support
[INFO] OWNER :: Java 8 Extras
[INFO] OWNER :: Assembly
[INFO] OWNER :: Examples
[INFO] OWNER :: Examples :: Common
[INFO] OWNER :: Examples :: Hot Reload
[INFO]                                                                         
[INFO] ------------------------------------------------------------------------
[INFO] Building OWNER :: Parent 1.0.10-SNAPSHOT
[INFO] ------------------------------------------------------------------------
[INFO]                                                                         
[INFO] ------------------------------------------------------------------------
[INFO] Building OWNER :: Core 1.0.10-SNAPSHOT
[INFO] ------------------------------------------------------------------------
[INFO] 
[INFO] --- maven-resources-plugin:2.6:resources (default-resources) @ owner ---
[INFO] Using 'UTF-8' encoding to copy filtered resources.
[INFO] skip non existing resourceDirectory /home/travis/build/passed/lviggiano/owner/owner/src/main/resources
[INFO] 
[INFO] --- maven-compiler-plugin:3.2:compile (default-compile) @ owner ---
[INFO] Changes detected - recompiling the module!
[INFO] Compiling 51 source files to /home/travis/build/passed/lviggiano/owner/owner/target/classes
[INFO] /home/travis/build/passed/lviggiano/owner/owner/src/main/java/org/aeonbits/owner/PropertiesManager.java: /home/travis/build/passed/lviggiano/owner/owner/src/main/java/org/aeonbits/owner/PropertiesManager.java uses unchecked or unsafe operations.
[INFO] /home/travis/build/passed/lviggiano/owner/owner/src/main/java/org/aeonbits/owner/PropertiesManager.java: Recompile with -Xlint:unchecked for details.
[INFO] 
[INFO] --- maven-bundle-plugin:2.5.3:manifest (bundle-manifest) @ owner ---
[INFO] 
[INFO] --- maven-resources-plugin:2.6:testResources (default-testResources) @ owner ---
[INFO] Using 'UTF-8' encoding to copy filtered resources.
[INFO] Copying 18 resources
[INFO] 
[INFO] --- maven-compiler-plugin:3.2:testCompile (default-testCompile) @ owner ---
[INFO] Nothing to compile - all classes are up to date
[INFO] 
[INFO] --- maven-surefire-plugin:2.12.4:test (default-test) @ owner ---
[INFO] Surefire report directory: /home/travis/build/passed/lviggiano/owner/owner/target/surefire-reports

-------------------------------------------------------
 T E S T S
-------------------------------------------------------
Running org.aeonbits.owner.ConfigFactoryTest
Tests run: 15, Failures: 0, Errors: 0, Skipped: 0, Time elapsed: 0.172 sec
Running org.aeonbits.owner.ConfigTest
Tests run: 10, Failures: 0, Errors: 0, Skipped: 0, Time elapsed: 0.228 sec
Running org.aeonbits.owner.ConfigURIFactoryTest
Tests run: 1, Failures: 0, Errors: 0, Skipped: 0, Time elapsed: 0 sec
Running org.aeonbits.owner.ConfigWithSubstitutionTest
Tests run: 3, Failures: 0, Errors: 0, Skipped: 0, Time elapsed: 0.092 sec
Running org.aeonbits.owner.DisableFeatureTest
Tests run: 6, Failures: 0, Errors: 0, Skipped: 0, Time elapsed: 0.02 sec
Running org.aeonbits.owner.EqualsAndHashCodeTest
Tests run: 6, Failures: 0, Errors: 0, Skipped: 0, Time elapsed: 0.081 sec
Running org.aeonbits.owner.LoaderManagerTest
Tests run: 7, Failures: 0, Errors: 0, Skipped: 0, Time elapsed: 0.116 sec
Running org.aeonbits.owner.PreprocessorTest
Tests run: 4, Failures: 0, Errors: 0, Skipped: 0, Time elapsed: 0.104 sec
Running org.aeonbits.owner.PropertiesInvocationHandlerTest
Tests run: 2, Failures: 0, Errors: 0, Skipped: 0, Time elapsed: 0.226 sec
Running org.aeonbits.owner.StrSubstitutorTest
Tests run: 6, Failures: 0, Errors: 0, Skipped: 0, Time elapsed: 0.001 sec
Running org.aeonbits.owner.SystemVariableExpanderTest
Tests run: 6, Failures: 0, Errors: 0, Skipped: 0, Time elapsed: 0.002 sec
Running org.aeonbits.owner.UndefinedPropertiesTest
Tests run: 3, Failures: 0, Errors: 0, Skipped: 0, Time elapsed: 0.041 sec
Running org.aeonbits.owner.UtilTest
Tests run: 5, Failures: 0, Errors: 0, Skipped: 0, Time elapsed: 0.003 sec
Running org.aeonbits.owner.cache.CacheConfigTest
Tests run: 11, Failures: 0, Errors: 0, Skipped: 0, Time elapsed: 0.085 sec
Running org.aeonbits.owner.crypto.CryptoConfigTest
Tests run: 4, Failures: 0, Errors: 0, Skipped: 0, Time elapsed: 0.296 sec
Running org.aeonbits.owner.debugging.ToStringTest
Tests run: 1, Failures: 0, Errors: 0, Skipped: 0, Time elapsed: 0.031 sec
Running org.aeonbits.owner.event.EventListenerOnReloadTest
Tests run: 9, Failures: 0, Errors: 0, Skipped: 0, Time elapsed: 0.36 sec
Running org.aeonbits.owner.event.EventListenerTest
Tests run: 25, Failures: 0, Errors: 0, Skipped: 0, Time elapsed: 0.194 sec
Running org.aeonbits.owner.event.UnmodifiablePropertiesTest
Tests run: 10, Failures: 0, Errors: 0, Skipped: 0, Time elapsed: 0.002 sec
Running org.aeonbits.owner.importedprops.ImportConfigTest
Tests run: 4, Failures: 0, Errors: 0, Skipped: 0, Time elapsed: 0.103 sec
Running org.aeonbits.owner.importedprops.SystemPropertiesAndEnvTest
Tests run: 1, Failures: 0, Errors: 0, Skipped: 0, Time elapsed: 0.003 sec
Running org.aeonbits.owner.importedprops.WithImportedPropertiesTest
Tests run: 6, Failures: 0, Errors: 0, Skipped: 0, Time elapsed: 0.139 sec
Running org.aeonbits.owner.interfaces.AccessibleConfigTest
Tests run: 9, Failures: 0, Errors: 0, Skipped: 0, Time elapsed: 0.025 sec
Running org.aeonbits.owner.interfaces.MutableConfigTest
Tests run: 7, Failures: 0, Errors: 0, Skipped: 0, Time elapsed: 0.151 sec
Running org.aeonbits.owner.jmx.JMXMBeanTest
Tests run: 2, Failures: 0, Errors: 0, Skipped: 0, Time elapsed: 0.063 sec
Running org.aeonbits.owner.loaders.PropertiesLoaderTest
Tests run: 1, Failures: 0, Errors: 0, Skipped: 0, Time elapsed: 0.001 sec
Running org.aeonbits.owner.loaders.SystemLoaderTest
Tests run: 8, Failures: 0, Errors: 0, Skipped: 0, Time elapsed: 0.093 sec
Running org.aeonbits.owner.loadstrategies.DefaultLoadStrategyTest
Tests run: 3, Failures: 0, Errors: 0, Skipped: 0, Time elapsed: 0.076 sec
Running org.aeonbits.owner.loadstrategies.FirstLoadStrategyTest
Tests run: 6, Failures: 0, Errors: 0, Skipped: 0, Time elapsed: 0.063 sec
Running org.aeonbits.owner.loadstrategies.LoadPathsWithSpacesTest
Tests run: 2, Failures: 0, Errors: 0, Skipped: 0, Time elapsed: 0.188 sec
Running org.aeonbits.owner.loadstrategies.MergeLoadStrategyTest
Tests run: 2, Failures: 0, Errors: 0, Skipped: 0, Time elapsed: 0.088 sec
Running org.aeonbits.owner.multithread.MultiThreadReloadTest
Tests run: 1, Failures: 0, Errors: 0, Skipped: 0, Time elapsed: 0.437 sec
Running org.aeonbits.owner.reload.AsyncAutoReloadTest
Tests run: 2, Failures: 0, Errors: 0, Skipped: 0, Time elapsed: 0.167 sec
Running org.aeonbits.owner.reload.HotReloadWhenURLContainsVariablesTest
Tests run: 1, Failures: 0, Errors: 0, Skipped: 0, Time elapsed: 0.142 sec
Running org.aeonbits.owner.reload.ReloadTest
Tests run: 4, Failures: 0, Errors: 0, Skipped: 0, Time elapsed: 0.108 sec
Running org.aeonbits.owner.reload.SyncAutoReloadTest
Tests run: 4, Failures: 0, Errors: 0, Skipped: 0, Time elapsed: 0.238 sec
Running org.aeonbits.owner.reload.SystemPropertiesReloadTest
Tests run: 1, Failures: 0, Errors: 0, Skipped: 0, Time elapsed: 0.099 sec
Running org.aeonbits.owner.serializable.TestSerialization
Tests run: 1, Failures: 0, Errors: 0, Skipped: 0, Time elapsed: 0.3 sec
Running org.aeonbits.owner.typeconversion.ConverterClassTest
Tests run: 8, Failures: 0, Errors: 0, Skipped: 0, Time elapsed: 0.197 sec
Running org.aeonbits.owner.typeconversion.PrimitiveTypesTest
Tests run: 6, Failures: 0, Errors: 0, Skipped: 0, Time elapsed: 0.061 sec
Running org.aeonbits.owner.typeconversion.SpecialTypesTest
Tests run: 13, Failures: 0, Errors: 0, Skipped: 0, Time elapsed: 0.019 sec
Running org.aeonbits.owner.typeconversion.arrays.ArraySupportTest
Tests run: 8, Failures: 0, Errors: 0, Skipped: 0, Time elapsed: 0.065 sec
Running org.aeonbits.owner.typeconversion.arrays.BasicArrayWithAnnotationTest
Tests run: 2, Failures: 0, Errors: 0, Skipped: 0, Time elapsed: 0.065 sec
Running org.aeonbits.owner.typeconversion.arrays.ConflictingAnnotationResolutionTest
Tests run: 2, Failures: 0, Errors: 0, Skipped: 0, Time elapsed: 0.002 sec
Running org.aeonbits.owner.typeconversion.arrays.ConflictingAnnotationsOnClassLevelTest
Tests run: 1, Failures: 0, Errors: 0, Skipped: 0, Time elapsed: 0.001 sec
Running org.aeonbits.owner.typeconversion.arrays.ConflictingAnnotationsOnMethodLevelTest
Tests run: 1, Failures: 0, Errors: 0, Skipped: 0, Time elapsed: 0.001 sec
Running org.aeonbits.owner.typeconversion.arrays.InvalidAnnotationTest
Tests run: 1, Failures: 0, Errors: 0, Skipped: 0, Time elapsed: 0.037 sec
Running org.aeonbits.owner.typeconversion.arrays.SeparatorAnnotationOnClassLevelTest
Tests run: 3, Failures: 0, Errors: 0, Skipped: 0, Time elapsed: 0.003 sec
Running org.aeonbits.owner.typeconversion.arrays.TokenizerAnnotationOnClassLevelTest
Tests run: 3, Failures: 0, Errors: 0, Skipped: 0, Time elapsed: 0.003 sec
Running org.aeonbits.owner.typeconversion.collections.CollectionSupportTest
Tests run: 8, Failures: 0, Errors: 0, Skipped: 0, Time elapsed: 0.104 sec
Running org.aeonbits.owner.typeconversion.editor.PropertyEditorTest
Tests run: 2, Failures: 0, Errors: 0, Skipped: 0, Time elapsed: 0.078 sec
Running org.aeonbits.owner.util.ReflectionTest
Tests run: 2, Failures: 0, Errors: 0, Skipped: 0, Time elapsed: 0.001 sec
Running org.aeonbits.owner.variableexpansion.KeyExpansionTest
Tests run: 5, Failures: 0, Errors: 0, Skipped: 0, Time elapsed: 0.214 sec
Running org.aeonbits.owner.variableexpansion.PropertyNotSetTest
Tests run: 3, Failures: 0, Errors: 0, Skipped: 0, Time elapsed: 0.076 sec
Running org.aeonbits.owner.variableexpansion.VariableExpansionTest
Tests run: 1, Failures: 0, Errors: 0, Skipped: 0, Time elapsed: 0.082 sec
Running org.aeonbits.owner.xml.XmlSourceTest
Tests run: 6, Failures: 0, Errors: 0, Skipped: 0, Time elapsed: 0.159 sec

Results :

Tests run: 274, Failures: 0, Errors: 0, Skipped: 0

[INFO]                                                                         
[INFO] ------------------------------------------------------------------------
[INFO] Building OWNER :: Site 1.0.10-SNAPSHOT
[INFO] ------------------------------------------------------------------------
[INFO]                                                                         
[INFO] ------------------------------------------------------------------------
[INFO] Building OWNER :: Extras 1.0.10-SNAPSHOT
[INFO] ------------------------------------------------------------------------
[INFO] 
[INFO] --- maven-resources-plugin:2.6:resources (default-resources) @ owner-extras ---
[INFO] Using 'UTF-8' encoding to copy filtered resources.
[INFO] skip non existing resourceDirectory /home/travis/build/passed/lviggiano/owner/owner-extras/src/main/resources
[INFO] 
[INFO] --- maven-compiler-plugin:3.2:compile (default-compile) @ owner-extras ---
[INFO] Nothing to compile - all classes are up to date
[INFO] 
[INFO] --- maven-bundle-plugin:2.5.3:manifest (bundle-manifest) @ owner-extras ---
[INFO] 
[INFO] --- maven-resources-plugin:2.6:testResources (default-testResources) @ owner-extras ---
[INFO] Using 'UTF-8' encoding to copy filtered resources.
[INFO] skip non existing resourceDirectory /home/travis/build/passed/lviggiano/owner/owner-extras/src/test/resources
[INFO] 
[INFO] --- maven-compiler-plugin:3.2:testCompile (default-testCompile) @ owner-extras ---
[INFO] Nothing to compile - all classes are up to date
[INFO] 
[INFO] --- maven-surefire-plugin:2.12.4:test (default-test) @ owner-extras ---
[INFO] Surefire report directory: /home/travis/build/passed/lviggiano/owner/owner-extras/target/surefire-reports

-------------------------------------------------------
 T E S T S
-------------------------------------------------------
Running org.aeonbits.owner.loaders.ZooKeeperLoaderTest
Tests run: 2, Failures: 0, Errors: 0, Skipped: 0, Time elapsed: 5.891 sec

Results :

Tests run: 2, Failures: 0, Errors: 0, Skipped: 0

[INFO]                                                                         
[INFO] ------------------------------------------------------------------------
[INFO] Building OWNER :: Java 8 Support 1.0.10-SNAPSHOT
[INFO] ------------------------------------------------------------------------
[INFO] 
[INFO] --- maven-resources-plugin:2.6:resources (default-resources) @ owner-java8 ---
[INFO] Using 'UTF-8' encoding to copy filtered resources.
[INFO] skip non existing resourceDirectory /home/travis/build/passed/lviggiano/owner/owner-java8/src/main/resources
[INFO] 
[INFO] --- maven-compiler-plugin:3.2:compile (default-compile) @ owner-java8 ---
[INFO] Nothing to compile - all classes are up to date
[INFO] 
[INFO] --- maven-bundle-plugin:2.5.3:manifest (bundle-manifest) @ owner-java8 ---
[INFO] 
[INFO] --- maven-resources-plugin:2.6:testResources (default-testResources) @ owner-java8 ---
[INFO] Using 'UTF-8' encoding to copy filtered resources.
[INFO] skip non existing resourceDirectory /home/travis/build/passed/lviggiano/owner/owner-java8/src/test/resources
[INFO] 
[INFO] --- maven-compiler-plugin:3.2:testCompile (default-testCompile) @ owner-java8 ---
[INFO] Nothing to compile - all classes are up to date
[INFO] 
[INFO] --- maven-surefire-plugin:2.12.4:test (default-test) @ owner-java8 ---
[INFO] Surefire report directory: /home/travis/build/passed/lviggiano/owner/owner-java8/target/surefire-reports

-------------------------------------------------------
 T E S T S
-------------------------------------------------------
Running org.aeonbits.owner.java8.Java8Test
Tests run: 3, Failures: 0, Errors: 0, Skipped: 0, Time elapsed: 0.204 sec

Results :

Tests run: 3, Failures: 0, Errors: 0, Skipped: 0

[INFO]                                                                         
[INFO] ------------------------------------------------------------------------
[INFO] Building OWNER :: Java 8 Extras 1.0.10-SNAPSHOT
[INFO] ------------------------------------------------------------------------
[INFO] 
[INFO] --- maven-resources-plugin:2.6:resources (default-resources) @ owner-java8-extras ---
[INFO] Using 'UTF-8' encoding to copy filtered resources.
[INFO] skip non existing resourceDirectory /home/travis/build/passed/lviggiano/owner/owner-java8-extras/src/main/resources
[INFO] 
[INFO] --- maven-compiler-plugin:3.2:compile (default-compile) @ owner-java8-extras ---
[INFO] Nothing to compile - all classes are up to date
[INFO] 
[INFO] --- maven-bundle-plugin:2.5.3:manifest (bundle-manifest) @ owner-java8-extras ---
[INFO] 
[INFO] --- maven-resources-plugin:2.6:testResources (default-testResources) @ owner-java8-extras ---
[INFO] Using 'UTF-8' encoding to copy filtered resources.
[INFO] skip non existing resourceDirectory /home/travis/build/passed/lviggiano/owner/owner-java8-extras/src/test/resources
[INFO] 
[INFO] --- maven-compiler-plugin:3.2:testCompile (default-testCompile) @ owner-java8-extras ---
[INFO] Nothing to compile - all classes are up to date
[INFO] 
[INFO] --- maven-surefire-plugin:2.12.4:test (default-test) @ owner-java8-extras ---
[INFO] Surefire report directory: /home/travis/build/passed/lviggiano/owner/owner-java8-extras/target/surefire-reports

-------------------------------------------------------
 T E S T S
-------------------------------------------------------
Running org.aeonbits.owner.converters.ByteSizeConverterTest
Tests run: 2, Failures: 0, Errors: 0, Skipped: 0, Time elapsed: 0.226 sec
Running org.aeonbits.owner.converters.DurationConverterTest
Tests run: 4, Failures: 0, Errors: 0, Skipped: 0, Time elapsed: 0.116 sec
Running org.aeonbits.owner.util.bytesize.ByteSizeTest
Tests run: 3, Failures: 0, Errors: 0, Skipped: 0, Time elapsed: 0.004 sec

Results :

Tests run: 9, Failures: 0, Errors: 0, Skipped: 0

[INFO]                                                                         
[INFO] ------------------------------------------------------------------------
[INFO] Building OWNER :: Assembly 1.0.10-SNAPSHOT
[INFO] ------------------------------------------------------------------------
[INFO]                                                                         
[INFO] ------------------------------------------------------------------------
[INFO] Building OWNER :: Examples 1.0.10-SNAPSHOT
[INFO] ------------------------------------------------------------------------
[INFO]                                                                         
[INFO] ------------------------------------------------------------------------
[INFO] Building OWNER :: Examples :: Common 1.0.10-SNAPSHOT
[INFO] ------------------------------------------------------------------------
[INFO] 
[INFO] --- maven-resources-plugin:2.6:resources (default-resources) @ owner-examples-common ---
[INFO] Using 'UTF-8' encoding to copy filtered resources.
[INFO] skip non existing resourceDirectory /home/travis/build/passed/lviggiano/owner/owner-examples/owner-examples-common/src/main/resources
[INFO] 
[INFO] --- maven-compiler-plugin:3.2:compile (default-compile) @ owner-examples-common ---
[INFO] Nothing to compile - all classes are up to date
[INFO] 
[INFO] --- maven-resources-plugin:2.6:testResources (default-testResources) @ owner-examples-common ---
[INFO] Using 'UTF-8' encoding to copy filtered resources.
[INFO] skip non existing resourceDirectory /home/travis/build/passed/lviggiano/owner/owner-examples/owner-examples-common/src/test/resources
[INFO] 
[INFO] --- maven-compiler-plugin:3.2:testCompile (default-testCompile) @ owner-examples-common ---
[INFO] No sources to compile
[INFO] 
[INFO] --- maven-surefire-plugin:2.12.4:test (default-test) @ owner-examples-common ---
[INFO] No tests to run.
[INFO]                                                                         
[INFO] ------------------------------------------------------------------------
[INFO] Building OWNER :: Examples :: Hot Reload 1.0.10-SNAPSHOT
[INFO] ------------------------------------------------------------------------
[INFO] 
[INFO] --- maven-resources-plugin:2.6:resources (default-resources) @ owner-examples-hotreload ---
[INFO] Using 'UTF-8' encoding to copy filtered resources.
[INFO] skip non existing resourceDirectory /home/travis/build/passed/lviggiano/owner/owner-examples/owner-examples-hotreload/src/main/resources
[INFO] 
[INFO] --- maven-compiler-plugin:3.2:compile (default-compile) @ owner-examples-hotreload ---
[INFO] Nothing to compile - all classes are up to date
[INFO] 
[INFO] --- maven-resources-plugin:2.6:testResources (default-testResources) @ owner-examples-hotreload ---
[INFO] Using 'UTF-8' encoding to copy filtered resources.
[INFO] skip non existing resourceDirectory /home/travis/build/passed/lviggiano/owner/owner-examples/owner-examples-hotreload/src/test/resources
[INFO] 
[INFO] --- maven-compiler-plugin:3.2:testCompile (default-testCompile) @ owner-examples-hotreload ---
[INFO] No sources to compile
[INFO] 
[INFO] --- maven-surefire-plugin:2.12.4:test (default-test) @ owner-examples-hotreload ---
[INFO] No tests to run.
[INFO] ------------------------------------------------------------------------
[INFO] Reactor Summary:
[INFO] 
[INFO] OWNER :: Parent .................................... SUCCESS [  0.003 s]
[INFO] OWNER :: Core ...................................... SUCCESS [ 10.634 s]
[INFO] OWNER :: Site ...................................... SUCCESS [  0.013 s]
[INFO] OWNER :: Extras .................................... SUCCESS [  6.344 s]
[INFO] OWNER :: Java 8 Support ............................ SUCCESS [  0.620 s]
[INFO] OWNER :: Java 8 Extras ............................. SUCCESS [  0.889 s]
[INFO] OWNER :: Assembly .................................. SUCCESS [  0.000 s]
[INFO] OWNER :: Examples .................................. SUCCESS [  0.000 s]
[INFO] OWNER :: Examples :: Common ........................ SUCCESS [  0.199 s]
[INFO] OWNER :: Examples :: Hot Reload .................... SUCCESS [  0.015 s]
[INFO] ------------------------------------------------------------------------
[INFO] BUILD SUCCESS
[INFO] ------------------------------------------------------------------------
[INFO] Total time: 19.470 s
[INFO] Finished at: 2022-02-05T06:20:53+00:00
[INFO] Final Memory: 22M/369M
[INFO] ------------------------------------------------------------------------

travis_time:end:160b9747:start=1644042032588432765,finish=1644042053446424769,duration=20857992004[0K
[32;1mThe command "mvn test -Dhttps.protocols=TLSv1.2 -B" exited with 0.[0m
travis_fold:start:after_success[0Ktravis_time:start:01e5de5c[0K$ mvn clean cobertura:cobertura org.eluder.coveralls:coveralls-maven-plugin:cobertura -Dhttps.protocols=TLSv1.2
Java HotSpot(TM) 64-Bit Server VM warning: ignoring option MaxPermSize=192m; support was removed in 8.0
[INFO] Scanning for projects...
[INFO] ------------------------------------------------------------------------
[INFO] Reactor Build Order:
[INFO] 
[INFO] OWNER :: Parent
[INFO] OWNER :: Core
[INFO] OWNER :: Site
[INFO] OWNER :: Extras
[INFO] OWNER :: Java 8 Support
[INFO] OWNER :: Java 8 Extras
[INFO] OWNER :: Assembly
[INFO] OWNER :: Examples
[INFO] OWNER :: Examples :: Common
[INFO] OWNER :: Examples :: Hot Reload
[INFO] ------------------------------------------------------------------------
[INFO] Reactor Summary:
[INFO] 
[INFO] OWNER :: Parent .................................... SKIPPED
[INFO] OWNER :: Core ...................................... SKIPPED
[INFO] OWNER :: Site ...................................... SKIPPED
[INFO] OWNER :: Extras .................................... SKIPPED
[INFO] OWNER :: Java 8 Support ............................ SKIPPED
[INFO] OWNER :: Java 8 Extras ............................. SKIPPED
[INFO] OWNER :: Assembly .................................. SKIPPED
[INFO] OWNER :: Examples .................................. SKIPPED
[INFO] OWNER :: Examples :: Common ........................ SKIPPED
[INFO] OWNER :: Examples :: Hot Reload .................... SKIPPED
[INFO] ------------------------------------------------------------------------
[INFO] BUILD FAILURE
[INFO] ------------------------------------------------------------------------
[INFO] Total time: 0.817 s
[INFO] Finished at: 2022-02-05T06:20:55+00:00
[INFO] Final Memory: 12M/491M
[INFO] ------------------------------------------------------------------------
[ERROR] Could not find goal 'cobertura' in plugin org.eluder.coveralls:coveralls-maven-plugin:3.0.1 among available goals help, report -> [Help 1]
[ERROR] 
[ERROR] To see the full stack trace of the errors, re-run Maven with the -e switch.
[ERROR] Re-run Maven using the -X switch to enable full debug logging.
[ERROR] 
[ERROR] For more information about the errors and possible solutions, please read the following articles:
[ERROR] [Help 1] http://cwiki.apache.org/confluence/display/MAVEN/MojoNotFoundException

travis_time:end:01e5de5c:start=1644042053457757505,finish=1644042055683672508,duration=2225915003[0Ktravis_fold:end:after_success[0K
Done. Your build exited with 0.
