travis_fold:start:system_info[0K[33;1mBuild system information[0m
Build language: java
Build group: stable
Build dist: precise
Build id: ''
Job id: ''
[34m[1mBuild image provisioning date and time[0m
Thu Feb  5 15:09:33 UTC 2015
[34m[1mOperating System Details[0m
Distributor ID:	Ubuntu
Description:	Ubuntu 12.04.5 LTS
Release:	12.04
Codename:	precise
[34m[1mLinux Version[0m
3.13.0-29-generic
[34m[1mCookbooks Version[0m
a68419e https://github.com/travis-ci/travis-cookbooks/tree/a68419e
[34m[1mGCC version[0m
gcc (Ubuntu/Linaro 4.6.3-1ubuntu5) 4.6.3
Copyright (C) 2011 Free Software Foundation, Inc.
This is free software; see the source for copying conditions.  There is NO
warranty; not even for MERCHANTABILITY or FITNESS FOR A PARTICULAR PURPOSE.

[34m[1mLLVM version[0m
clang version 3.4 (tags/RELEASE_34/final)
Target: x86_64-unknown-linux-gnu
Thread model: posix
[34m[1mPre-installed Ruby versions[0m
ruby-1.9.3-p551
[34m[1mPre-installed Node.js versions[0m
v0.10.36
[34m[1mPre-installed Go versions[0m
1.4.1
[34m[1mRedis version[0m
redis-server 2.8.19
[34m[1mriak version[0m
2.0.2
[34m[1mMongoDB version[0m
MongoDB 2.4.12
[34m[1mCouchDB version[0m
couchdb 1.6.1
[34m[1mNeo4j version[0m
1.9.4
[34m[1mRabbitMQ Version[0m
3.4.3
[34m[1mElasticSearch version[0m
1.4.0
[34m[1mInstalled Sphinx versions[0m
2.0.10
2.1.9
2.2.6
[34m[1mDefault Sphinx version[0m
2.2.6
[34m[1mInstalled Firefox version[0m
firefox 31.0esr
[34m[1mPhantomJS version[0m
1.9.8
[34m[1mant -version[0m
Apache Ant(TM) version 1.8.2 compiled on December 3 2011
[34m[1mmvn -version[0m
Apache Maven 3.2.5 (12a6b3acb947671f09b81f49094c53f426d8cea1; 2014-12-14T17:29:23+00:00)
Maven home: /usr/local/maven
Java version: 1.7.0_76, vendor: Oracle Corporation
Java home: /usr/lib/jvm/java-7-oracle/jre
Default locale: en_US, platform encoding: ANSI_X3.4-1968
OS name: "linux", version: "3.13.0-29-generic", arch: "amd64", family: "unix"
travis_fold:end:system_info[0K
W: Failed to fetch http://us.archive.ubuntu.com/ubuntu/dists/precise/main/source/Sources  404  Not Found [IP: 91.189.91.38 80]

W: Failed to fetch http://us.archive.ubuntu.com/ubuntu/dists/precise/restricted/source/Sources  404  Not Found [IP: 91.189.91.38 80]

W: Failed to fetch http://us.archive.ubuntu.com/ubuntu/dists/precise/universe/source/Sources  404  Not Found [IP: 91.189.91.38 80]

W: Failed to fetch http://us.archive.ubuntu.com/ubuntu/dists/precise/multiverse/source/Sources  404  Not Found [IP: 91.189.91.38 80]

W: Failed to fetch http://us.archive.ubuntu.com/ubuntu/dists/precise/main/binary-amd64/Packages  404  Not Found [IP: 91.189.91.38 80]

W: Failed to fetch http://us.archive.ubuntu.com/ubuntu/dists/precise/restricted/binary-amd64/Packages  404  Not Found [IP: 91.189.91.38 80]

W: Failed to fetch http://us.archive.ubuntu.com/ubuntu/dists/precise/universe/binary-amd64/Packages  404  Not Found [IP: 91.189.91.38 80]

W: Failed to fetch http://us.archive.ubuntu.com/ubuntu/dists/precise/multiverse/binary-amd64/Packages  404  Not Found [IP: 91.189.91.38 80]

W: Failed to fetch http://us.archive.ubuntu.com/ubuntu/dists/precise/main/binary-i386/Packages  404  Not Found [IP: 91.189.91.38 80]

W: Failed to fetch http://us.archive.ubuntu.com/ubuntu/dists/precise/restricted/binary-i386/Packages  404  Not Found [IP: 91.189.91.38 80]

W: Failed to fetch http://us.archive.ubuntu.com/ubuntu/dists/precise/universe/binary-i386/Packages  404  Not Found [IP: 91.189.91.38 80]

W: Failed to fetch http://us.archive.ubuntu.com/ubuntu/dists/precise/multiverse/binary-i386/Packages  404  Not Found [IP: 91.189.91.38 80]

W: Failed to fetch http://us.archive.ubuntu.com/ubuntu/dists/precise-updates/main/source/Sources  404  Not Found [IP: 91.189.91.38 80]

W: Failed to fetch http://us.archive.ubuntu.com/ubuntu/dists/precise-updates/restricted/source/Sources  404  Not Found [IP: 91.189.91.38 80]

W: Failed to fetch http://us.archive.ubuntu.com/ubuntu/dists/precise-updates/universe/source/Sources  404  Not Found [IP: 91.189.91.38 80]

W: Failed to fetch http://us.archive.ubuntu.com/ubuntu/dists/precise-updates/multiverse/source/Sources  404  Not Found [IP: 91.189.91.38 80]

W: Failed to fetch http://us.archive.ubuntu.com/ubuntu/dists/precise-updates/main/binary-amd64/Packages  404  Not Found [IP: 91.189.91.38 80]

W: Failed to fetch http://us.archive.ubuntu.com/ubuntu/dists/precise-updates/restricted/binary-amd64/Packages  404  Not Found [IP: 91.189.91.38 80]

W: Failed to fetch http://us.archive.ubuntu.com/ubuntu/dists/precise-updates/universe/binary-amd64/Packages  404  Not Found [IP: 91.189.91.38 80]

W: Failed to fetch http://us.archive.ubuntu.com/ubuntu/dists/precise-updates/multiverse/binary-amd64/Packages  404  Not Found [IP: 91.189.91.38 80]

W: Failed to fetch http://us.archive.ubuntu.com/ubuntu/dists/precise-updates/main/binary-i386/Packages  404  Not Found [IP: 91.189.91.38 80]

W: Failed to fetch http://us.archive.ubuntu.com/ubuntu/dists/precise-updates/restricted/binary-i386/Packages  404  Not Found [IP: 91.189.91.38 80]

W: Failed to fetch http://us.archive.ubuntu.com/ubuntu/dists/precise-updates/universe/binary-i386/Packages  404  Not Found [IP: 91.189.91.38 80]

W: Failed to fetch http://us.archive.ubuntu.com/ubuntu/dists/precise-updates/multiverse/binary-i386/Packages  404  Not Found [IP: 91.189.91.38 80]

W: Failed to fetch http://us.archive.ubuntu.com/ubuntu/dists/precise-backports/main/source/Sources  404  Not Found [IP: 91.189.91.38 80]

W: Failed to fetch http://us.archive.ubuntu.com/ubuntu/dists/precise-backports/restricted/source/Sources  404  Not Found [IP: 91.189.91.38 80]

W: Failed to fetch http://us.archive.ubuntu.com/ubuntu/dists/precise-backports/universe/source/Sources  404  Not Found [IP: 91.189.91.38 80]

W: Failed to fetch http://us.archive.ubuntu.com/ubuntu/dists/precise-backports/multiverse/source/Sources  404  Not Found [IP: 91.189.91.38 80]

W: Failed to fetch http://us.archive.ubuntu.com/ubuntu/dists/precise-backports/main/binary-amd64/Packages  404  Not Found [IP: 91.189.91.38 80]

W: Failed to fetch http://us.archive.ubuntu.com/ubuntu/dists/precise-backports/restricted/binary-amd64/Packages  404  Not Found [IP: 91.189.91.38 80]

W: Failed to fetch http://us.archive.ubuntu.com/ubuntu/dists/precise-backports/universe/binary-amd64/Packages  404  Not Found [IP: 91.189.91.38 80]

W: Failed to fetch http://us.archive.ubuntu.com/ubuntu/dists/precise-backports/multiverse/binary-amd64/Packages  404  Not Found [IP: 91.189.91.38 80]

W: Failed to fetch http://us.archive.ubuntu.com/ubuntu/dists/precise-backports/main/binary-i386/Packages  404  Not Found [IP: 91.189.91.38 80]

W: Failed to fetch http://us.archive.ubuntu.com/ubuntu/dists/precise-backports/restricted/binary-i386/Packages  404  Not Found [IP: 91.189.91.38 80]

W: Failed to fetch http://us.archive.ubuntu.com/ubuntu/dists/precise-backports/universe/binary-i386/Packages  404  Not Found [IP: 91.189.91.38 80]

W: Failed to fetch http://us.archive.ubuntu.com/ubuntu/dists/precise-backports/multiverse/binary-i386/Packages  404  Not Found [IP: 91.189.91.38 80]

W: Failed to fetch http://security.ubuntu.com/ubuntu/dists/precise-security/main/source/Sources  404  Not Found [IP: 91.189.88.152 80]

W: Failed to fetch http://security.ubuntu.com/ubuntu/dists/precise-security/restricted/source/Sources  404  Not Found [IP: 91.189.88.152 80]

W: Failed to fetch http://security.ubuntu.com/ubuntu/dists/precise-security/universe/source/Sources  404  Not Found [IP: 91.189.88.152 80]

W: Failed to fetch http://security.ubuntu.com/ubuntu/dists/precise-security/multiverse/source/Sources  404  Not Found [IP: 91.189.88.152 80]

W: Failed to fetch http://security.ubuntu.com/ubuntu/dists/precise-security/main/binary-amd64/Packages  404  Not Found [IP: 91.189.88.152 80]

W: Failed to fetch http://security.ubuntu.com/ubuntu/dists/precise-security/restricted/binary-amd64/Packages  404  Not Found [IP: 91.189.88.152 80]

W: Failed to fetch http://security.ubuntu.com/ubuntu/dists/precise-security/universe/binary-amd64/Packages  404  Not Found [IP: 91.189.88.152 80]

W: Failed to fetch http://security.ubuntu.com/ubuntu/dists/precise-security/multiverse/binary-amd64/Packages  404  Not Found [IP: 91.189.88.152 80]

W: Failed to fetch http://security.ubuntu.com/ubuntu/dists/precise-security/main/binary-i386/Packages  404  Not Found [IP: 91.189.88.152 80]

W: Failed to fetch http://security.ubuntu.com/ubuntu/dists/precise-security/restricted/binary-i386/Packages  404  Not Found [IP: 91.189.88.152 80]

W: Failed to fetch http://security.ubuntu.com/ubuntu/dists/precise-security/universe/binary-i386/Packages  404  Not Found [IP: 91.189.88.152 80]

W: Failed to fetch http://security.ubuntu.com/ubuntu/dists/precise-security/multiverse/binary-i386/Packages  404  Not Found [IP: 91.189.88.152 80]

W: Failed to fetch http://apt.postgresql.org/pub/repos/apt/dists/precise-pgdg/main/binary-amd64/Packages  404  Not Found [IP: 217.196.149.55 80]

W: Failed to fetch http://apt.postgresql.org/pub/repos/apt/dists/precise-pgdg/main/binary-i386/Packages  404  Not Found [IP: 217.196.149.55 80]

W: Failed to fetch http://ppa.launchpad.net/rwky/ppa/ubuntu/dists/precise/main/binary-amd64/Packages  403  Forbidden

W: Failed to fetch http://ppa.launchpad.net/rwky/ppa/ubuntu/dists/precise/main/binary-i386/Packages  403  Forbidden

W: Failed to fetch http://ppa.launchpad.net/travis-ci/zero-mq/ubuntu/dists/precise/main/binary-amd64/Packages  403  Forbidden

W: Failed to fetch http://ppa.launchpad.net/travis-ci/zero-mq/ubuntu/dists/precise/main/binary-i386/Packages  403  Forbidden

W: Failed to fetch http://downloads-distro.mongodb.org/repo/debian-sysvinit/dists/dist/10gen/binary-amd64/Packages  Undetermined Error [IP: 54.175.147.155 80]

W: Failed to fetch http://downloads-distro.mongodb.org/repo/debian-sysvinit/dists/dist/10gen/binary-i386/Packages  Undetermined Error [IP: 54.175.147.155 80]

E: Some index files failed to download. They have been ignored, or old ones used instead.
sed: cannot rename /etc/hosts: Device or resource busy
sed: cannot rename /etc/hosts: Device or resource busy
$ jdk_switcher use oraclejdk8
Switching to Oracle JDK8 (java-8-oracle), JAVA_HOME will be set to /usr/lib/jvm/java-8-oracle
$ cd passed/orbit/orbit
$ java -Xmx32m -version
java version "1.8.0_31"
Java(TM) SE Runtime Environment (build 1.8.0_31-b13)
Java HotSpot(TM) 64-Bit Server VM (build 25.31-b07, mixed mode)
$ javac -J-Xmx32m -version
javac 1.8.0_31
travis_fold:start:install[0Ktravis_time:start:0f580c1e[0K$ mvn -o install -Dhttps.protocols=TLSv1.2 -Dhttps.protocols=TLSv1.2 -DskipTests=true -Dmaven.javadoc.skip=true -B -V
Java HotSpot(TM) 64-Bit Server VM warning: ignoring option MaxPermSize=192m; support was removed in 8.0
Apache Maven 3.2.5 (12a6b3acb947671f09b81f49094c53f426d8cea1; 2014-12-14T17:29:23+00:00)
Maven home: /usr/local/maven
Java version: 1.8.0_31, vendor: Oracle Corporation
Java home: /usr/lib/jvm/java-8-oracle/jre
Default locale: en_US, platform encoding: UTF-8
OS name: "linux", version: "4.15.0-109-generic", arch: "amd64", family: "unix"
[INFO] Scanning for projects...
[INFO] ------------------------------------------------------------------------
[INFO] Reactor Build Order:
[INFO] 
[INFO] Orbit Internal Parent
[INFO] Orbit Commons
[INFO] Orbit Actors
[INFO] Orbit Core
[INFO] Orbit Default Cluster
[INFO] Orbit Runtime
[INFO] Orbit JSON Utilities
[INFO] Orbit Actor Tests
[INFO] Orbit Actor Benchmarks
[INFO]                                                                         
[INFO] ------------------------------------------------------------------------
[INFO] Building Orbit Internal Parent 0.9.0-SNAPSHOT
[INFO] ------------------------------------------------------------------------
[INFO] 
[INFO] --- maven-install-plugin:2.4:install (default-install) @ orbit-internal-parent ---
[INFO] Installing /home/travis/build/passed/orbit/orbit/pom.xml to /home/travis/.m2/repository/cloud/orbit/orbit-internal-parent/0.9.0-SNAPSHOT/orbit-internal-parent-0.9.0-SNAPSHOT.pom
[INFO]                                                                         
[INFO] ------------------------------------------------------------------------
[INFO] Building Orbit Commons 0.9.0-SNAPSHOT
[INFO] ------------------------------------------------------------------------
[INFO] 
[INFO] --- maven-resources-plugin:2.6:resources (default-resources) @ orbit-commons ---
[INFO] Using 'UTF-8' encoding to copy filtered resources.
[INFO] skip non existing resourceDirectory /home/travis/build/passed/orbit/orbit/commons/src/main/resources
[INFO] 
[INFO] --- maven-compiler-plugin:3.5.1:compile (default-compile) @ orbit-commons ---
[INFO] Nothing to compile - all classes are up to date
[INFO] 
[INFO] --- maven-resources-plugin:2.6:testResources (default-testResources) @ orbit-commons ---
[INFO] Using 'UTF-8' encoding to copy filtered resources.
[INFO] Copying 1 resource
[INFO] 
[INFO] --- maven-compiler-plugin:3.5.1:testCompile (default-testCompile) @ orbit-commons ---
[INFO] Nothing to compile - all classes are up to date
[INFO] 
[INFO] --- maven-surefire-plugin:2.12.4:test (default-test) @ orbit-commons ---
[INFO] Tests are skipped.
[INFO] 
[INFO] --- maven-jar-plugin:2.4:jar (default-jar) @ orbit-commons ---
[INFO] 
[INFO] --- maven-install-plugin:2.4:install (default-install) @ orbit-commons ---
[INFO] Installing /home/travis/build/passed/orbit/orbit/commons/target/orbit-commons-0.9.0-SNAPSHOT.jar to /home/travis/.m2/repository/cloud/orbit/orbit-commons/0.9.0-SNAPSHOT/orbit-commons-0.9.0-SNAPSHOT.jar
[INFO] Installing /home/travis/build/passed/orbit/orbit/commons/pom.xml to /home/travis/.m2/repository/cloud/orbit/orbit-commons/0.9.0-SNAPSHOT/orbit-commons-0.9.0-SNAPSHOT.pom
[INFO]                                                                         
[INFO] ------------------------------------------------------------------------
[INFO] Building Orbit Actors 0.9.0-SNAPSHOT
[INFO] ------------------------------------------------------------------------
[INFO] 
[INFO] >>> ea-async-maven-plugin:1.0.2:instrument (default) > process-classes @ orbit-actors-parent >>>
[INFO] 
[INFO] <<< ea-async-maven-plugin:1.0.2:instrument (default) < process-classes @ orbit-actors-parent <<<
[INFO] 
[INFO] --- ea-async-maven-plugin:1.0.2:instrument (default) @ orbit-actors-parent ---
[INFO] Skipping instrumentation of the main-classes
[INFO] 
[INFO] >>> ea-async-maven-plugin:1.0.2:instrument-test (default) > process-test-classes @ orbit-actors-parent >>>
[INFO] 
[INFO] >>> ea-async-maven-plugin:1.0.2:instrument (default) > process-classes @ orbit-actors-parent >>>
[INFO] 
[INFO] <<< ea-async-maven-plugin:1.0.2:instrument (default) < process-classes @ orbit-actors-parent <<<
[INFO] 
[INFO] --- ea-async-maven-plugin:1.0.2:instrument (default) @ orbit-actors-parent ---
[INFO] Skipping instrumentation of the main-classes
[INFO] 
[INFO] <<< ea-async-maven-plugin:1.0.2:instrument-test (default) < process-test-classes @ orbit-actors-parent <<<
[INFO] 
[INFO] --- ea-async-maven-plugin:1.0.2:instrument-test (default) @ orbit-actors-parent ---
[INFO] Skipping instrumentation of the test-classes
[INFO] 
[INFO] --- maven-install-plugin:2.4:install (default-install) @ orbit-actors-parent ---
[INFO] Installing /home/travis/build/passed/orbit/orbit/actors/pom.xml to /home/travis/.m2/repository/cloud/orbit/orbit-actors-parent/0.9.0-SNAPSHOT/orbit-actors-parent-0.9.0-SNAPSHOT.pom
[INFO]                                                                         
[INFO] ------------------------------------------------------------------------
[INFO] Building Orbit Core 0.9.0-SNAPSHOT
[INFO] ------------------------------------------------------------------------
[INFO] 
[INFO] --- maven-resources-plugin:2.6:resources (default-resources) @ orbit-core ---
[INFO] Using 'UTF-8' encoding to copy filtered resources.
[INFO] Copying 1 resource
[INFO] 
[INFO] --- maven-compiler-plugin:3.5.1:compile (default-compile) @ orbit-core ---
[INFO] Nothing to compile - all classes are up to date
[INFO] 
[INFO] >>> ea-async-maven-plugin:1.0.2:instrument (default) > process-classes @ orbit-core >>>
[INFO] 
[INFO] --- maven-resources-plugin:2.6:resources (default-resources) @ orbit-core ---
[INFO] Using 'UTF-8' encoding to copy filtered resources.
[INFO] Copying 1 resource
[INFO] 
[INFO] --- maven-compiler-plugin:3.5.1:compile (default-compile) @ orbit-core ---
[INFO] Nothing to compile - all classes are up to date
[INFO] 
[INFO] <<< ea-async-maven-plugin:1.0.2:instrument (default) < process-classes @ orbit-core <<<
[INFO] 
[INFO] --- ea-async-maven-plugin:1.0.2:instrument (default) @ orbit-core ---
[INFO] Orbit Async main-classes instrumented: 0
[INFO] 
[INFO] --- maven-resources-plugin:2.6:testResources (default-testResources) @ orbit-core ---
[INFO] Using 'UTF-8' encoding to copy filtered resources.
[INFO] skip non existing resourceDirectory /home/travis/build/passed/orbit/orbit/actors/core/src/test/resources
[INFO] 
[INFO] --- maven-compiler-plugin:3.5.1:testCompile (default-testCompile) @ orbit-core ---
[INFO] Nothing to compile - all classes are up to date
[INFO] 
[INFO] >>> ea-async-maven-plugin:1.0.2:instrument-test (default) > process-test-classes @ orbit-core >>>
[INFO] 
[INFO] --- maven-resources-plugin:2.6:resources (default-resources) @ orbit-core ---
[INFO] Using 'UTF-8' encoding to copy filtered resources.
[INFO] Copying 1 resource
[INFO] 
[INFO] --- maven-compiler-plugin:3.5.1:compile (default-compile) @ orbit-core ---
[INFO] Nothing to compile - all classes are up to date
[INFO] 
[INFO] >>> ea-async-maven-plugin:1.0.2:instrument (default) > process-classes @ orbit-core >>>
[INFO] 
[INFO] --- maven-resources-plugin:2.6:resources (default-resources) @ orbit-core ---
[INFO] Using 'UTF-8' encoding to copy filtered resources.
[INFO] Copying 1 resource
[INFO] 
[INFO] --- maven-compiler-plugin:3.5.1:compile (default-compile) @ orbit-core ---
[INFO] Nothing to compile - all classes are up to date
[INFO] 
[INFO] <<< ea-async-maven-plugin:1.0.2:instrument (default) < process-classes @ orbit-core <<<
[INFO] 
[INFO] --- ea-async-maven-plugin:1.0.2:instrument (default) @ orbit-core ---
[INFO] Orbit Async main-classes instrumented: 0
[INFO] 
[INFO] --- maven-resources-plugin:2.6:testResources (default-testResources) @ orbit-core ---
[INFO] Using 'UTF-8' encoding to copy filtered resources.
[INFO] skip non existing resourceDirectory /home/travis/build/passed/orbit/orbit/actors/core/src/test/resources
[INFO] 
[INFO] --- maven-compiler-plugin:3.5.1:testCompile (default-testCompile) @ orbit-core ---
[INFO] Nothing to compile - all classes are up to date
[INFO] 
[INFO] <<< ea-async-maven-plugin:1.0.2:instrument-test (default) < process-test-classes @ orbit-core <<<
[INFO] 
[INFO] --- ea-async-maven-plugin:1.0.2:instrument-test (default) @ orbit-core ---
[INFO] Orbit Async test-classes instrumented: 0
[INFO] 
[INFO] --- maven-surefire-plugin:2.12.4:test (default-test) @ orbit-core ---
[INFO] Tests are skipped.
[INFO] 
[INFO] --- maven-jar-plugin:2.4:jar (default-jar) @ orbit-core ---
[INFO] 
[INFO] --- maven-shade-plugin:2.4.1:shade (default) @ orbit-core ---
[INFO] Excluding cloud.orbit:orbit-commons:jar:0.9.0-SNAPSHOT from the shaded jar.
[INFO] Excluding org.slf4j:slf4j-api:jar:1.7.21 from the shaded jar.
[INFO] Including com.googlecode.gentyref:gentyref:jar:1.2.0 in the shaded jar.
[INFO] Including org.javassist:javassist:jar:3.20.0-GA in the shaded jar.
[INFO] Including org.ow2.asm:asm:jar:5.0.4 in the shaded jar.
[INFO] Including org.yaml:snakeyaml:jar:1.16 in the shaded jar.
[INFO] Excluding com.ea.async:ea-async:jar:1.0.2 from the shaded jar.
[INFO] Excluding com.ea.agentloader:ea-agent-loader:jar:1.0.0 from the shaded jar.
[INFO] Replacing original artifact with shaded artifact.
[INFO] Replacing /home/travis/build/passed/orbit/orbit/actors/core/target/orbit-core-0.9.0-SNAPSHOT.jar with /home/travis/build/passed/orbit/orbit/actors/core/target/orbit-core-0.9.0-SNAPSHOT-shaded.jar
[INFO] Dependency-reduced POM written at: /home/travis/build/passed/orbit/orbit/actors/core/dependency-reduced-pom.xml
[INFO] Dependency-reduced POM written at: /home/travis/build/passed/orbit/orbit/actors/core/dependency-reduced-pom.xml
[INFO] 
[INFO] --- maven-install-plugin:2.4:install (default-install) @ orbit-core ---
[INFO] Installing /home/travis/build/passed/orbit/orbit/actors/core/target/orbit-core-0.9.0-SNAPSHOT.jar to /home/travis/.m2/repository/cloud/orbit/orbit-core/0.9.0-SNAPSHOT/orbit-core-0.9.0-SNAPSHOT.jar
[INFO] Installing /home/travis/build/passed/orbit/orbit/actors/core/dependency-reduced-pom.xml to /home/travis/.m2/repository/cloud/orbit/orbit-core/0.9.0-SNAPSHOT/orbit-core-0.9.0-SNAPSHOT.pom
[INFO]                                                                         
[INFO] ------------------------------------------------------------------------
[INFO] Building Orbit Default Cluster 0.9.0-SNAPSHOT
[INFO] ------------------------------------------------------------------------
[INFO] 
[INFO] --- maven-resources-plugin:2.6:resources (default-resources) @ orbit-infinispan-cluster ---
[INFO] Using 'UTF-8' encoding to copy filtered resources.
[INFO] Copying 1 resource
[INFO] 
[INFO] --- maven-compiler-plugin:3.5.1:compile (default-compile) @ orbit-infinispan-cluster ---
[INFO] Nothing to compile - all classes are up to date
[INFO] 
[INFO] >>> ea-async-maven-plugin:1.0.2:instrument (default) > process-classes @ orbit-infinispan-cluster >>>
[INFO] 
[INFO] --- maven-resources-plugin:2.6:resources (default-resources) @ orbit-infinispan-cluster ---
[INFO] Using 'UTF-8' encoding to copy filtered resources.
[INFO] Copying 1 resource
[INFO] 
[INFO] --- maven-compiler-plugin:3.5.1:compile (default-compile) @ orbit-infinispan-cluster ---
[INFO] Nothing to compile - all classes are up to date
[INFO] 
[INFO] <<< ea-async-maven-plugin:1.0.2:instrument (default) < process-classes @ orbit-infinispan-cluster <<<
[INFO] 
[INFO] --- ea-async-maven-plugin:1.0.2:instrument (default) @ orbit-infinispan-cluster ---
[INFO] Orbit Async main-classes instrumented: 0
[INFO] 
[INFO] --- maven-resources-plugin:2.6:testResources (default-testResources) @ orbit-infinispan-cluster ---
[INFO] Using 'UTF-8' encoding to copy filtered resources.
[INFO] skip non existing resourceDirectory /home/travis/build/passed/orbit/orbit/actors/infinispan-cluster/src/test/resources
[INFO] 
[INFO] --- maven-compiler-plugin:3.5.1:testCompile (default-testCompile) @ orbit-infinispan-cluster ---
[INFO] No sources to compile
[INFO] 
[INFO] >>> ea-async-maven-plugin:1.0.2:instrument-test (default) > process-test-classes @ orbit-infinispan-cluster >>>
[INFO] 
[INFO] --- maven-resources-plugin:2.6:resources (default-resources) @ orbit-infinispan-cluster ---
[INFO] Using 'UTF-8' encoding to copy filtered resources.
[INFO] Copying 1 resource
[INFO] 
[INFO] --- maven-compiler-plugin:3.5.1:compile (default-compile) @ orbit-infinispan-cluster ---
[INFO] Nothing to compile - all classes are up to date
[INFO] 
[INFO] >>> ea-async-maven-plugin:1.0.2:instrument (default) > process-classes @ orbit-infinispan-cluster >>>
[INFO] 
[INFO] --- maven-resources-plugin:2.6:resources (default-resources) @ orbit-infinispan-cluster ---
[INFO] Using 'UTF-8' encoding to copy filtered resources.
[INFO] Copying 1 resource
[INFO] 
[INFO] --- maven-compiler-plugin:3.5.1:compile (default-compile) @ orbit-infinispan-cluster ---
[INFO] Nothing to compile - all classes are up to date
[INFO] 
[INFO] <<< ea-async-maven-plugin:1.0.2:instrument (default) < process-classes @ orbit-infinispan-cluster <<<
[INFO] 
[INFO] --- ea-async-maven-plugin:1.0.2:instrument (default) @ orbit-infinispan-cluster ---
[INFO] Orbit Async main-classes instrumented: 0
[INFO] 
[INFO] --- maven-resources-plugin:2.6:testResources (default-testResources) @ orbit-infinispan-cluster ---
[INFO] Using 'UTF-8' encoding to copy filtered resources.
[INFO] skip non existing resourceDirectory /home/travis/build/passed/orbit/orbit/actors/infinispan-cluster/src/test/resources
[INFO] 
[INFO] --- maven-compiler-plugin:3.5.1:testCompile (default-testCompile) @ orbit-infinispan-cluster ---
[INFO] No sources to compile
[INFO] 
[INFO] <<< ea-async-maven-plugin:1.0.2:instrument-test (default) < process-test-classes @ orbit-infinispan-cluster <<<
[INFO] 
[INFO] --- ea-async-maven-plugin:1.0.2:instrument-test (default) @ orbit-infinispan-cluster ---
[INFO] Skipping instrumentation of the test-classes
[INFO] 
[INFO] --- maven-surefire-plugin:2.12.4:test (default-test) @ orbit-infinispan-cluster ---
[INFO] Tests are skipped.
[INFO] 
[INFO] --- maven-jar-plugin:2.4:jar (default-jar) @ orbit-infinispan-cluster ---
[INFO] 
[INFO] --- maven-shade-plugin:2.4.1:shade (default) @ orbit-infinispan-cluster ---
[INFO] Excluding org.slf4j:slf4j-api:jar:1.7.21 from the shaded jar.
[INFO] Including org.infinispan:infinispan-embedded:jar:8.1.3.Final in the shaded jar.
[INFO] Excluding org.jboss.spec.javax.transaction:jboss-transaction-api_1.1_spec:jar:1.0.1.Final from the shaded jar.
[INFO] Excluding cloud.orbit:orbit-commons:jar:0.9.0-SNAPSHOT from the shaded jar.
[INFO] Excluding com.ea.async:ea-async:jar:1.0.2 from the shaded jar.
[INFO] Excluding com.ea.agentloader:ea-agent-loader:jar:1.0.0 from the shaded jar.
[INFO] Minimizing jar cloud.orbit:orbit-infinispan-cluster:jar:0.9.0-SNAPSHOT
[INFO] Minimized 8525 -> 2399
[INFO] Replacing original artifact with shaded artifact.
[INFO] Replacing /home/travis/build/passed/orbit/orbit/actors/infinispan-cluster/target/orbit-infinispan-cluster-0.9.0-SNAPSHOT.jar with /home/travis/build/passed/orbit/orbit/actors/infinispan-cluster/target/orbit-infinispan-cluster-0.9.0-SNAPSHOT-shaded.jar
[INFO] Dependency-reduced POM written at: /home/travis/build/passed/orbit/orbit/actors/infinispan-cluster/dependency-reduced-pom.xml
[INFO] Dependency-reduced POM written at: /home/travis/build/passed/orbit/orbit/actors/infinispan-cluster/dependency-reduced-pom.xml
[INFO] 
[INFO] --- maven-install-plugin:2.4:install (default-install) @ orbit-infinispan-cluster ---
[INFO] Installing /home/travis/build/passed/orbit/orbit/actors/infinispan-cluster/target/orbit-infinispan-cluster-0.9.0-SNAPSHOT.jar to /home/travis/.m2/repository/cloud/orbit/orbit-infinispan-cluster/0.9.0-SNAPSHOT/orbit-infinispan-cluster-0.9.0-SNAPSHOT.jar
[INFO] Installing /home/travis/build/passed/orbit/orbit/actors/infinispan-cluster/dependency-reduced-pom.xml to /home/travis/.m2/repository/cloud/orbit/orbit-infinispan-cluster/0.9.0-SNAPSHOT/orbit-infinispan-cluster-0.9.0-SNAPSHOT.pom
[INFO]                                                                         
[INFO] ------------------------------------------------------------------------
[INFO] Building Orbit Runtime 0.9.0-SNAPSHOT
[INFO] ------------------------------------------------------------------------
[INFO] 
[INFO] --- maven-resources-plugin:2.6:resources (default-resources) @ orbit-runtime ---
[INFO] Using 'UTF-8' encoding to copy filtered resources.
[INFO] skip non existing resourceDirectory /home/travis/build/passed/orbit/orbit/actors/runtime/src/main/resources
[INFO] 
[INFO] --- maven-compiler-plugin:3.5.1:compile (default-compile) @ orbit-runtime ---
[INFO] Nothing to compile - all classes are up to date
[INFO] 
[INFO] >>> ea-async-maven-plugin:1.0.2:instrument (default) > process-classes @ orbit-runtime >>>
[INFO] 
[INFO] --- maven-resources-plugin:2.6:resources (default-resources) @ orbit-runtime ---
[INFO] Using 'UTF-8' encoding to copy filtered resources.
[INFO] skip non existing resourceDirectory /home/travis/build/passed/orbit/orbit/actors/runtime/src/main/resources
[INFO] 
[INFO] --- maven-compiler-plugin:3.5.1:compile (default-compile) @ orbit-runtime ---
[INFO] Nothing to compile - all classes are up to date
[INFO] 
[INFO] <<< ea-async-maven-plugin:1.0.2:instrument (default) < process-classes @ orbit-runtime <<<
[INFO] 
[INFO] --- ea-async-maven-plugin:1.0.2:instrument (default) @ orbit-runtime ---
[INFO] Orbit Async main-classes instrumented: 0
[INFO] 
[INFO] --- maven-resources-plugin:2.6:testResources (default-testResources) @ orbit-runtime ---
[INFO] Using 'UTF-8' encoding to copy filtered resources.
[INFO] skip non existing resourceDirectory /home/travis/build/passed/orbit/orbit/actors/runtime/src/test/resources
[INFO] 
[INFO] --- maven-compiler-plugin:3.5.1:testCompile (default-testCompile) @ orbit-runtime ---
[INFO] Nothing to compile - all classes are up to date
[INFO] 
[INFO] >>> ea-async-maven-plugin:1.0.2:instrument-test (default) > process-test-classes @ orbit-runtime >>>
[INFO] 
[INFO] --- maven-resources-plugin:2.6:resources (default-resources) @ orbit-runtime ---
[INFO] Using 'UTF-8' encoding to copy filtered resources.
[INFO] skip non existing resourceDirectory /home/travis/build/passed/orbit/orbit/actors/runtime/src/main/resources
[INFO] 
[INFO] --- maven-compiler-plugin:3.5.1:compile (default-compile) @ orbit-runtime ---
[INFO] Nothing to compile - all classes are up to date
[INFO] 
[INFO] >>> ea-async-maven-plugin:1.0.2:instrument (default) > process-classes @ orbit-runtime >>>
[INFO] 
[INFO] --- maven-resources-plugin:2.6:resources (default-resources) @ orbit-runtime ---
[INFO] Using 'UTF-8' encoding to copy filtered resources.
[INFO] skip non existing resourceDirectory /home/travis/build/passed/orbit/orbit/actors/runtime/src/main/resources
[INFO] 
[INFO] --- maven-compiler-plugin:3.5.1:compile (default-compile) @ orbit-runtime ---
[INFO] Nothing to compile - all classes are up to date
[INFO] 
[INFO] <<< ea-async-maven-plugin:1.0.2:instrument (default) < process-classes @ orbit-runtime <<<
[INFO] 
[INFO] --- ea-async-maven-plugin:1.0.2:instrument (default) @ orbit-runtime ---
[INFO] Orbit Async main-classes instrumented: 0
[INFO] 
[INFO] --- maven-resources-plugin:2.6:testResources (default-testResources) @ orbit-runtime ---
[INFO] Using 'UTF-8' encoding to copy filtered resources.
[INFO] skip non existing resourceDirectory /home/travis/build/passed/orbit/orbit/actors/runtime/src/test/resources
[INFO] 
[INFO] --- maven-compiler-plugin:3.5.1:testCompile (default-testCompile) @ orbit-runtime ---
[INFO] Nothing to compile - all classes are up to date
[INFO] 
[INFO] <<< ea-async-maven-plugin:1.0.2:instrument-test (default) < process-test-classes @ orbit-runtime <<<
[INFO] 
[INFO] --- ea-async-maven-plugin:1.0.2:instrument-test (default) @ orbit-runtime ---
[INFO] Orbit Async test-classes instrumented: 0
[INFO] 
[INFO] --- maven-surefire-plugin:2.12.4:test (default-test) @ orbit-runtime ---
[INFO] Tests are skipped.
[INFO] 
[INFO] --- maven-jar-plugin:2.4:jar (default-jar) @ orbit-runtime ---
[INFO] 
[INFO] --- maven-shade-plugin:2.4.1:shade (default) @ orbit-runtime ---
[INFO] Excluding cloud.orbit:orbit-core:jar:0.9.0-SNAPSHOT from the shaded jar.
[INFO] Excluding org.slf4j:slf4j-api:jar:1.7.21 from the shaded jar.
[INFO] Excluding cloud.orbit:orbit-infinispan-cluster:jar:0.9.0-SNAPSHOT from the shaded jar.
[INFO] Excluding com.github.ben-manes.caffeine:caffeine:jar:2.2.7 from the shaded jar.
[INFO] Including com.esotericsoftware:kryo:jar:3.0.3 in the shaded jar.
[INFO] Including com.esotericsoftware:reflectasm:jar:1.10.1 in the shaded jar.
[INFO] Including org.ow2.asm:asm:jar:5.0.4 in the shaded jar.
[INFO] Including com.esotericsoftware:minlog:jar:1.3.0 in the shaded jar.
[INFO] Including org.objenesis:objenesis:jar:2.1 in the shaded jar.
[INFO] Excluding javax.inject:javax.inject:jar:1 from the shaded jar.
[INFO] Excluding cloud.orbit:orbit-commons:jar:0.9.0-SNAPSHOT from the shaded jar.
[INFO] Excluding com.ea.async:ea-async:jar:1.0.2 from the shaded jar.
[INFO] Excluding com.ea.agentloader:ea-agent-loader:jar:1.0.0 from the shaded jar.
[INFO] Replacing original artifact with shaded artifact.
[INFO] Replacing /home/travis/build/passed/orbit/orbit/actors/runtime/target/orbit-runtime-0.9.0-SNAPSHOT.jar with /home/travis/build/passed/orbit/orbit/actors/runtime/target/orbit-runtime-0.9.0-SNAPSHOT-shaded.jar
[INFO] Dependency-reduced POM written at: /home/travis/build/passed/orbit/orbit/actors/runtime/dependency-reduced-pom.xml
[INFO] Dependency-reduced POM written at: /home/travis/build/passed/orbit/orbit/actors/runtime/dependency-reduced-pom.xml
[INFO] 
[INFO] --- maven-install-plugin:2.4:install (default-install) @ orbit-runtime ---
[INFO] Installing /home/travis/build/passed/orbit/orbit/actors/runtime/target/orbit-runtime-0.9.0-SNAPSHOT.jar to /home/travis/.m2/repository/cloud/orbit/orbit-runtime/0.9.0-SNAPSHOT/orbit-runtime-0.9.0-SNAPSHOT.jar
[INFO] Installing /home/travis/build/passed/orbit/orbit/actors/runtime/dependency-reduced-pom.xml to /home/travis/.m2/repository/cloud/orbit/orbit-runtime/0.9.0-SNAPSHOT/orbit-runtime-0.9.0-SNAPSHOT.pom
[INFO]                                                                         
[INFO] ------------------------------------------------------------------------
[INFO] Building Orbit JSON Utilities 0.9.0-SNAPSHOT
[INFO] ------------------------------------------------------------------------
[INFO] 
[INFO] --- maven-resources-plugin:2.6:resources (default-resources) @ orbit-json ---
[INFO] Using 'UTF-8' encoding to copy filtered resources.
[INFO] skip non existing resourceDirectory /home/travis/build/passed/orbit/orbit/actors/json/src/main/resources
[INFO] 
[INFO] --- maven-compiler-plugin:3.5.1:compile (default-compile) @ orbit-json ---
[INFO] Nothing to compile - all classes are up to date
[INFO] 
[INFO] >>> ea-async-maven-plugin:1.0.2:instrument (default) > process-classes @ orbit-json >>>
[INFO] 
[INFO] --- maven-resources-plugin:2.6:resources (default-resources) @ orbit-json ---
[INFO] Using 'UTF-8' encoding to copy filtered resources.
[INFO] skip non existing resourceDirectory /home/travis/build/passed/orbit/orbit/actors/json/src/main/resources
[INFO] 
[INFO] --- maven-compiler-plugin:3.5.1:compile (default-compile) @ orbit-json ---
[INFO] Nothing to compile - all classes are up to date
[INFO] 
[INFO] <<< ea-async-maven-plugin:1.0.2:instrument (default) < process-classes @ orbit-json <<<
[INFO] 
[INFO] --- ea-async-maven-plugin:1.0.2:instrument (default) @ orbit-json ---
[INFO] Orbit Async main-classes instrumented: 0
[INFO] 
[INFO] --- maven-resources-plugin:2.6:testResources (default-testResources) @ orbit-json ---
[INFO] Using 'UTF-8' encoding to copy filtered resources.
[INFO] skip non existing resourceDirectory /home/travis/build/passed/orbit/orbit/actors/json/src/test/resources
[INFO] 
[INFO] --- maven-compiler-plugin:3.5.1:testCompile (default-testCompile) @ orbit-json ---
[INFO] Nothing to compile - all classes are up to date
[INFO] 
[INFO] >>> ea-async-maven-plugin:1.0.2:instrument-test (default) > process-test-classes @ orbit-json >>>
[INFO] 
[INFO] --- maven-resources-plugin:2.6:resources (default-resources) @ orbit-json ---
[INFO] Using 'UTF-8' encoding to copy filtered resources.
[INFO] skip non existing resourceDirectory /home/travis/build/passed/orbit/orbit/actors/json/src/main/resources
[INFO] 
[INFO] --- maven-compiler-plugin:3.5.1:compile (default-compile) @ orbit-json ---
[INFO] Nothing to compile - all classes are up to date
[INFO] 
[INFO] >>> ea-async-maven-plugin:1.0.2:instrument (default) > process-classes @ orbit-json >>>
[INFO] 
[INFO] --- maven-resources-plugin:2.6:resources (default-resources) @ orbit-json ---
[INFO] Using 'UTF-8' encoding to copy filtered resources.
[INFO] skip non existing resourceDirectory /home/travis/build/passed/orbit/orbit/actors/json/src/main/resources
[INFO] 
[INFO] --- maven-compiler-plugin:3.5.1:compile (default-compile) @ orbit-json ---
[INFO] Nothing to compile - all classes are up to date
[INFO] 
[INFO] <<< ea-async-maven-plugin:1.0.2:instrument (default) < process-classes @ orbit-json <<<
[INFO] 
[INFO] --- ea-async-maven-plugin:1.0.2:instrument (default) @ orbit-json ---
[INFO] Orbit Async main-classes instrumented: 0
[INFO] 
[INFO] --- maven-resources-plugin:2.6:testResources (default-testResources) @ orbit-json ---
[INFO] Using 'UTF-8' encoding to copy filtered resources.
[INFO] skip non existing resourceDirectory /home/travis/build/passed/orbit/orbit/actors/json/src/test/resources
[INFO] 
[INFO] --- maven-compiler-plugin:3.5.1:testCompile (default-testCompile) @ orbit-json ---
[INFO] Nothing to compile - all classes are up to date
[INFO] 
[INFO] <<< ea-async-maven-plugin:1.0.2:instrument-test (default) < process-test-classes @ orbit-json <<<
[INFO] 
[INFO] --- ea-async-maven-plugin:1.0.2:instrument-test (default) @ orbit-json ---
[INFO] Orbit Async test-classes instrumented: 0
[INFO] 
[INFO] --- maven-surefire-plugin:2.12.4:test (default-test) @ orbit-json ---
[INFO] Tests are skipped.
[INFO] 
[INFO] --- maven-jar-plugin:2.4:jar (default-jar) @ orbit-json ---
[INFO] 
[INFO] --- maven-install-plugin:2.4:install (default-install) @ orbit-json ---
[INFO] Installing /home/travis/build/passed/orbit/orbit/actors/json/target/orbit-json-0.9.0-SNAPSHOT.jar to /home/travis/.m2/repository/cloud/orbit/orbit-json/0.9.0-SNAPSHOT/orbit-json-0.9.0-SNAPSHOT.jar
[INFO] Installing /home/travis/build/passed/orbit/orbit/actors/json/pom.xml to /home/travis/.m2/repository/cloud/orbit/orbit-json/0.9.0-SNAPSHOT/orbit-json-0.9.0-SNAPSHOT.pom
[INFO]                                                                         
[INFO] ------------------------------------------------------------------------
[INFO] Building Orbit Actor Tests 0.9.0-SNAPSHOT
[INFO] ------------------------------------------------------------------------
[INFO] 
[INFO] --- maven-resources-plugin:2.6:resources (default-resources) @ orbit-actor-tests ---
[INFO] Using 'UTF-8' encoding to copy filtered resources.
[INFO] skip non existing resourceDirectory /home/travis/build/passed/orbit/orbit/actors/test/actor-tests/src/main/resources
[INFO] 
[INFO] --- maven-compiler-plugin:3.5.1:compile (default-compile) @ orbit-actor-tests ---
[INFO] Nothing to compile - all classes are up to date
[INFO] 
[INFO] >>> ea-async-maven-plugin:1.0.2:instrument (default) > process-classes @ orbit-actor-tests >>>
[INFO] 
[INFO] --- maven-resources-plugin:2.6:resources (default-resources) @ orbit-actor-tests ---
[INFO] Using 'UTF-8' encoding to copy filtered resources.
[INFO] skip non existing resourceDirectory /home/travis/build/passed/orbit/orbit/actors/test/actor-tests/src/main/resources
[INFO] 
[INFO] --- maven-compiler-plugin:3.5.1:compile (default-compile) @ orbit-actor-tests ---
[INFO] Nothing to compile - all classes are up to date
[INFO] 
[INFO] <<< ea-async-maven-plugin:1.0.2:instrument (default) < process-classes @ orbit-actor-tests <<<
[INFO] 
[INFO] --- ea-async-maven-plugin:1.0.2:instrument (default) @ orbit-actor-tests ---
[INFO] Orbit Async main-classes instrumented: 0
[INFO] 
[INFO] --- maven-resources-plugin:2.6:testResources (default-testResources) @ orbit-actor-tests ---
[INFO] Using 'UTF-8' encoding to copy filtered resources.
[INFO] Copying 1 resource
[INFO] 
[INFO] --- maven-compiler-plugin:3.5.1:testCompile (default-testCompile) @ orbit-actor-tests ---
[INFO] Nothing to compile - all classes are up to date
[INFO] 
[INFO] >>> ea-async-maven-plugin:1.0.2:instrument-test (default) > process-test-classes @ orbit-actor-tests >>>
[INFO] 
[INFO] --- maven-resources-plugin:2.6:resources (default-resources) @ orbit-actor-tests ---
[INFO] Using 'UTF-8' encoding to copy filtered resources.
[INFO] skip non existing resourceDirectory /home/travis/build/passed/orbit/orbit/actors/test/actor-tests/src/main/resources
[INFO] 
[INFO] --- maven-compiler-plugin:3.5.1:compile (default-compile) @ orbit-actor-tests ---
[INFO] Nothing to compile - all classes are up to date
[INFO] 
[INFO] >>> ea-async-maven-plugin:1.0.2:instrument (default) > process-classes @ orbit-actor-tests >>>
[INFO] 
[INFO] --- maven-resources-plugin:2.6:resources (default-resources) @ orbit-actor-tests ---
[INFO] Using 'UTF-8' encoding to copy filtered resources.
[INFO] skip non existing resourceDirectory /home/travis/build/passed/orbit/orbit/actors/test/actor-tests/src/main/resources
[INFO] 
[INFO] --- maven-compiler-plugin:3.5.1:compile (default-compile) @ orbit-actor-tests ---
[INFO] Nothing to compile - all classes are up to date
[INFO] 
[INFO] <<< ea-async-maven-plugin:1.0.2:instrument (default) < process-classes @ orbit-actor-tests <<<
[INFO] 
[INFO] --- ea-async-maven-plugin:1.0.2:instrument (default) @ orbit-actor-tests ---
[INFO] Orbit Async main-classes instrumented: 0
[INFO] 
[INFO] --- maven-resources-plugin:2.6:testResources (default-testResources) @ orbit-actor-tests ---
[INFO] Using 'UTF-8' encoding to copy filtered resources.
[INFO] Copying 1 resource
[INFO] 
[INFO] --- maven-compiler-plugin:3.5.1:testCompile (default-testCompile) @ orbit-actor-tests ---
[INFO] Nothing to compile - all classes are up to date
[INFO] 
[INFO] <<< ea-async-maven-plugin:1.0.2:instrument-test (default) < process-test-classes @ orbit-actor-tests <<<
[INFO] 
[INFO] --- ea-async-maven-plugin:1.0.2:instrument-test (default) @ orbit-actor-tests ---
[INFO] Orbit Async test-classes instrumented: 0
[INFO] 
[INFO] --- maven-surefire-plugin:2.12.4:test (default-test) @ orbit-actor-tests ---
[INFO] Tests are skipped.
[INFO] 
[INFO] --- maven-jar-plugin:2.4:jar (default-jar) @ orbit-actor-tests ---
[INFO] 
[INFO] --- maven-install-plugin:2.4:install (default-install) @ orbit-actor-tests ---
[INFO] Installing /home/travis/build/passed/orbit/orbit/actors/test/actor-tests/target/orbit-actor-tests-0.9.0-SNAPSHOT.jar to /home/travis/.m2/repository/cloud/orbit/orbit-actor-tests/0.9.0-SNAPSHOT/orbit-actor-tests-0.9.0-SNAPSHOT.jar
[INFO] Installing /home/travis/build/passed/orbit/orbit/actors/test/actor-tests/pom.xml to /home/travis/.m2/repository/cloud/orbit/orbit-actor-tests/0.9.0-SNAPSHOT/orbit-actor-tests-0.9.0-SNAPSHOT.pom
[INFO]                                                                         
[INFO] ------------------------------------------------------------------------
[INFO] Building Orbit Actor Benchmarks 0.9.0-SNAPSHOT
[INFO] ------------------------------------------------------------------------
[INFO] 
[INFO] --- maven-processor-plugin:2.2.4:process (process) @ orbit-actor-benchmarks ---
[WARNING] No processors specified. Using default discovery mechanism.
[INFO] 
[INFO] --- maven-resources-plugin:2.6:resources (default-resources) @ orbit-actor-benchmarks ---
[INFO] Using 'UTF-8' encoding to copy filtered resources.
[INFO] Copying 1 resource
[INFO] 
[INFO] --- maven-compiler-plugin:3.5.1:compile (default-compile) @ orbit-actor-benchmarks ---
[INFO] Changes detected - recompiling the module!
[INFO] Compiling 12 source files to /home/travis/build/passed/orbit/orbit/actors/test/benchmarks/target/classes
[INFO] 
[INFO] >>> ea-async-maven-plugin:1.0.2:instrument (default) > process-classes @ orbit-actor-benchmarks >>>
[INFO] 
[INFO] --- maven-processor-plugin:2.2.4:process (process) @ orbit-actor-benchmarks ---
[WARNING] No processors specified. Using default discovery mechanism.
[INFO] 
[INFO] --- maven-resources-plugin:2.6:resources (default-resources) @ orbit-actor-benchmarks ---
[INFO] Using 'UTF-8' encoding to copy filtered resources.
[INFO] Copying 1 resource
[INFO] 
[INFO] --- maven-compiler-plugin:3.5.1:compile (default-compile) @ orbit-actor-benchmarks ---
[INFO] Nothing to compile - all classes are up to date
[INFO] 
[INFO] <<< ea-async-maven-plugin:1.0.2:instrument (default) < process-classes @ orbit-actor-benchmarks <<<
[INFO] 
[INFO] --- ea-async-maven-plugin:1.0.2:instrument (default) @ orbit-actor-benchmarks ---
[INFO] Orbit Async main-classes instrumented: 0
[INFO] 
[INFO] --- maven-resources-plugin:2.6:testResources (default-testResources) @ orbit-actor-benchmarks ---
[INFO] Using 'UTF-8' encoding to copy filtered resources.
[INFO] skip non existing resourceDirectory /home/travis/build/passed/orbit/orbit/actors/test/benchmarks/src/test/resources
[INFO] 
[INFO] --- maven-compiler-plugin:3.5.1:testCompile (default-testCompile) @ orbit-actor-benchmarks ---
[INFO] No sources to compile
[INFO] 
[INFO] >>> ea-async-maven-plugin:1.0.2:instrument-test (default) > process-test-classes @ orbit-actor-benchmarks >>>
[INFO] 
[INFO] --- maven-processor-plugin:2.2.4:process (process) @ orbit-actor-benchmarks ---
[WARNING] No processors specified. Using default discovery mechanism.
[INFO] 
[INFO] --- maven-resources-plugin:2.6:resources (default-resources) @ orbit-actor-benchmarks ---
[INFO] Using 'UTF-8' encoding to copy filtered resources.
[INFO] Copying 1 resource
[INFO] 
[INFO] --- maven-compiler-plugin:3.5.1:compile (default-compile) @ orbit-actor-benchmarks ---
[INFO] Changes detected - recompiling the module!
[INFO] Compiling 12 source files to /home/travis/build/passed/orbit/orbit/actors/test/benchmarks/target/classes
[INFO] 
[INFO] >>> ea-async-maven-plugin:1.0.2:instrument (default) > process-classes @ orbit-actor-benchmarks >>>
[INFO] 
[INFO] --- maven-processor-plugin:2.2.4:process (process) @ orbit-actor-benchmarks ---
[WARNING] No processors specified. Using default discovery mechanism.
[INFO] 
[INFO] --- maven-resources-plugin:2.6:resources (default-resources) @ orbit-actor-benchmarks ---
[INFO] Using 'UTF-8' encoding to copy filtered resources.
[INFO] Copying 1 resource
[INFO] 
[INFO] --- maven-compiler-plugin:3.5.1:compile (default-compile) @ orbit-actor-benchmarks ---
[INFO] Nothing to compile - all classes are up to date
[INFO] 
[INFO] <<< ea-async-maven-plugin:1.0.2:instrument (default) < process-classes @ orbit-actor-benchmarks <<<
[INFO] 
[INFO] --- ea-async-maven-plugin:1.0.2:instrument (default) @ orbit-actor-benchmarks ---
[INFO] Orbit Async main-classes instrumented: 0
[INFO] 
[INFO] --- maven-resources-plugin:2.6:testResources (default-testResources) @ orbit-actor-benchmarks ---
[INFO] Using 'UTF-8' encoding to copy filtered resources.
[INFO] skip non existing resourceDirectory /home/travis/build/passed/orbit/orbit/actors/test/benchmarks/src/test/resources
[INFO] 
[INFO] --- maven-compiler-plugin:3.5.1:testCompile (default-testCompile) @ orbit-actor-benchmarks ---
[INFO] No sources to compile
[INFO] 
[INFO] <<< ea-async-maven-plugin:1.0.2:instrument-test (default) < process-test-classes @ orbit-actor-benchmarks <<<
[INFO] 
[INFO] --- ea-async-maven-plugin:1.0.2:instrument-test (default) @ orbit-actor-benchmarks ---
[INFO] Skipping instrumentation of the test-classes
[INFO] 
[INFO] --- maven-surefire-plugin:2.12.4:test (default-test) @ orbit-actor-benchmarks ---
[INFO] Tests are skipped.
[INFO] 
[INFO] --- maven-jar-plugin:2.4:jar (default-jar) @ orbit-actor-benchmarks ---
[INFO] Building jar: /home/travis/build/passed/orbit/orbit/actors/test/benchmarks/target/orbit-actor-benchmarks-0.9.0-SNAPSHOT.jar
[INFO] 
[INFO] --- maven-shade-plugin:2.4.1:shade (default) @ orbit-actor-benchmarks ---
[INFO] Including org.openjdk.jmh:jmh-core:jar:1.12 in the shaded jar.
[INFO] Including net.sf.jopt-simple:jopt-simple:jar:4.6 in the shaded jar.
[INFO] Including org.apache.commons:commons-math3:jar:3.2 in the shaded jar.
[INFO] Including cloud.orbit:orbit-runtime:jar:0.9.0-SNAPSHOT in the shaded jar.
[INFO] Including cloud.orbit:orbit-core:jar:0.9.0-SNAPSHOT in the shaded jar.
[INFO] Including cloud.orbit:orbit-infinispan-cluster:jar:0.9.0-SNAPSHOT in the shaded jar.
[INFO] Including com.github.ben-manes.caffeine:caffeine:jar:2.2.7 in the shaded jar.
[INFO] Including javax.inject:javax.inject:jar:1 in the shaded jar.
[INFO] Including cloud.orbit:orbit-json:jar:0.9.0-SNAPSHOT in the shaded jar.
[INFO] Including com.fasterxml.jackson.core:jackson-databind:jar:2.6.3 in the shaded jar.
[INFO] Including com.fasterxml.jackson.core:jackson-annotations:jar:2.6.0 in the shaded jar.
[INFO] Including org.apache.logging.log4j:log4j-core:jar:2.3 in the shaded jar.
[INFO] Including org.apache.logging.log4j:log4j-api:jar:2.3 in the shaded jar.
[INFO] Including org.apache.logging.log4j:log4j-web:jar:2.3 in the shaded jar.
[INFO] Including org.apache.logging.log4j:log4j-slf4j-impl:jar:2.3 in the shaded jar.
[INFO] Including org.slf4j:slf4j-api:jar:1.7.12 in the shaded jar.
[INFO] Including com.fasterxml.jackson.dataformat:jackson-dataformat-yaml:jar:2.6.1 in the shaded jar.
[INFO] Including com.fasterxml.jackson.core:jackson-core:jar:2.6.1 in the shaded jar.
[INFO] Including org.yaml:snakeyaml:jar:1.15 in the shaded jar.
[INFO] Including cloud.orbit:orbit-commons:jar:0.9.0-SNAPSHOT in the shaded jar.
[INFO] Including com.ea.async:ea-async:jar:1.0.2 in the shaded jar.
[INFO] Including com.ea.agentloader:ea-agent-loader:jar:1.0.0 in the shaded jar.
[INFO] Replacing /home/travis/build/passed/orbit/orbit/actors/test/benchmarks/target/benchmarks.jar with /home/travis/build/passed/orbit/orbit/actors/test/benchmarks/target/orbit-actor-benchmarks-0.9.0-SNAPSHOT-shaded.jar
[INFO] 
[INFO] --- maven-install-plugin:2.4:install (default-install) @ orbit-actor-benchmarks ---
[INFO] Installing /home/travis/build/passed/orbit/orbit/actors/test/benchmarks/target/orbit-actor-benchmarks-0.9.0-SNAPSHOT.jar to /home/travis/.m2/repository/cloud/orbit/orbit-actor-benchmarks/0.9.0-SNAPSHOT/orbit-actor-benchmarks-0.9.0-SNAPSHOT.jar
[INFO] Installing /home/travis/build/passed/orbit/orbit/actors/test/benchmarks/pom.xml to /home/travis/.m2/repository/cloud/orbit/orbit-actor-benchmarks/0.9.0-SNAPSHOT/orbit-actor-benchmarks-0.9.0-SNAPSHOT.pom
[INFO] ------------------------------------------------------------------------
[INFO] Reactor Summary:
[INFO] 
[INFO] Orbit Internal Parent .............................. SUCCESS [  0.520 s]
[INFO] Orbit Commons ...................................... SUCCESS [ 16.442 s]
[INFO] Orbit Actors ....................................... SUCCESS [  0.719 s]
[INFO] Orbit Core ......................................... SUCCESS [01:13 min]
[INFO] Orbit Default Cluster .............................. SUCCESS [ 14.363 s]
[INFO] Orbit Runtime ...................................... SUCCESS [01:09 min]
[INFO] Orbit JSON Utilities ............................... SUCCESS [ 18.896 s]
[INFO] Orbit Actor Tests .................................. SUCCESS [ 25.009 s]
[INFO] Orbit Actor Benchmarks ............................. SUCCESS [ 36.457 s]
[INFO] ------------------------------------------------------------------------
[INFO] BUILD SUCCESS
[INFO] ------------------------------------------------------------------------
[INFO] Total time: 04:16 min
[INFO] Finished at: 2022-02-06T11:10:21+00:00
[INFO] Final Memory: 29M/277M
[INFO] ------------------------------------------------------------------------

travis_time:end:0f580c1e:start=1644145563932306852,finish=1644145821508070458,duration=257575763606[0Ktravis_fold:end:install[0Ktravis_time:start:0b58181e[0K$ mvn test -Dhttps.protocols=TLSv1.2 -Dhttps.protocols=TLSv1.2 -B
Java HotSpot(TM) 64-Bit Server VM warning: ignoring option MaxPermSize=192m; support was removed in 8.0
[INFO] Scanning for projects...
[INFO] ------------------------------------------------------------------------
[INFO] Reactor Build Order:
[INFO] 
[INFO] Orbit Internal Parent
[INFO] Orbit Commons
[INFO] Orbit Actors
[INFO] Orbit Core
[INFO] Orbit Default Cluster
[INFO] Orbit Runtime
[INFO] Orbit JSON Utilities
[INFO] Orbit Actor Tests
[INFO] Orbit Actor Benchmarks
[INFO]                                                                         
[INFO] ------------------------------------------------------------------------
[INFO] Building Orbit Internal Parent 0.9.0-SNAPSHOT
[INFO] ------------------------------------------------------------------------
[INFO]                                                                         
[INFO] ------------------------------------------------------------------------
[INFO] Building Orbit Commons 0.9.0-SNAPSHOT
[INFO] ------------------------------------------------------------------------
[INFO] 
[INFO] --- maven-resources-plugin:2.6:resources (default-resources) @ orbit-commons ---
[INFO] Using 'UTF-8' encoding to copy filtered resources.
[INFO] skip non existing resourceDirectory /home/travis/build/passed/orbit/orbit/commons/src/main/resources
[INFO] 
[INFO] --- maven-compiler-plugin:3.5.1:compile (default-compile) @ orbit-commons ---
[INFO] Nothing to compile - all classes are up to date
[INFO] 
[INFO] --- maven-resources-plugin:2.6:testResources (default-testResources) @ orbit-commons ---
[INFO] Using 'UTF-8' encoding to copy filtered resources.
[INFO] Copying 1 resource
[INFO] 
[INFO] --- maven-compiler-plugin:3.5.1:testCompile (default-testCompile) @ orbit-commons ---
[INFO] Nothing to compile - all classes are up to date
[INFO] 
[INFO] --- maven-surefire-plugin:2.12.4:test (default-test) @ orbit-commons ---
[INFO] Surefire report directory: /home/travis/build/passed/orbit/orbit/commons/target/surefire-reports

-------------------------------------------------------
 T E S T S
-------------------------------------------------------
Running cloud.orbit.concurrent.test.TaskImplementationTest
Tests run: 13, Failures: 0, Errors: 0, Skipped: 0, Time elapsed: 0.258 sec
Running cloud.orbit.concurrent.test.TaskTest
Tests run: 1, Failures: 0, Errors: 0, Skipped: 0, Time elapsed: 0 sec
Running cloud.orbit.util.test.ClassPathTest
Tests run: 1, Failures: 0, Errors: 0, Skipped: 0, Time elapsed: 0.146 sec

Results :

Tests run: 15, Failures: 0, Errors: 0, Skipped: 0

[INFO]                                                                         
[INFO] ------------------------------------------------------------------------
[INFO] Building Orbit Actors 0.9.0-SNAPSHOT
[INFO] ------------------------------------------------------------------------
[INFO] 
[INFO] >>> ea-async-maven-plugin:1.0.2:instrument (default) > process-classes @ orbit-actors-parent >>>
[INFO] 
[INFO] <<< ea-async-maven-plugin:1.0.2:instrument (default) < process-classes @ orbit-actors-parent <<<
[INFO] 
[INFO] --- ea-async-maven-plugin:1.0.2:instrument (default) @ orbit-actors-parent ---
[INFO] Skipping instrumentation of the main-classes
[INFO] 
[INFO] >>> ea-async-maven-plugin:1.0.2:instrument-test (default) > process-test-classes @ orbit-actors-parent >>>
[INFO] 
[INFO] >>> ea-async-maven-plugin:1.0.2:instrument (default) > process-classes @ orbit-actors-parent >>>
[INFO] 
[INFO] <<< ea-async-maven-plugin:1.0.2:instrument (default) < process-classes @ orbit-actors-parent <<<
[INFO] 
[INFO] --- ea-async-maven-plugin:1.0.2:instrument (default) @ orbit-actors-parent ---
[INFO] Skipping instrumentation of the main-classes
[INFO] 
[INFO] <<< ea-async-maven-plugin:1.0.2:instrument-test (default) < process-test-classes @ orbit-actors-parent <<<
[INFO] 
[INFO] --- ea-async-maven-plugin:1.0.2:instrument-test (default) @ orbit-actors-parent ---
[INFO] Skipping instrumentation of the test-classes
[INFO]                                                                         
[INFO] ------------------------------------------------------------------------
[INFO] Building Orbit Core 0.9.0-SNAPSHOT
[INFO] ------------------------------------------------------------------------
[INFO] 
[INFO] --- maven-resources-plugin:2.6:resources (default-resources) @ orbit-core ---
[INFO] Using 'UTF-8' encoding to copy filtered resources.
[INFO] Copying 1 resource
[INFO] 
[INFO] --- maven-compiler-plugin:3.5.1:compile (default-compile) @ orbit-core ---
[INFO] Nothing to compile - all classes are up to date
[INFO] 
[INFO] >>> ea-async-maven-plugin:1.0.2:instrument (default) > process-classes @ orbit-core >>>
[INFO] 
[INFO] --- maven-resources-plugin:2.6:resources (default-resources) @ orbit-core ---
[INFO] Using 'UTF-8' encoding to copy filtered resources.
[INFO] Copying 1 resource
[INFO] 
[INFO] --- maven-compiler-plugin:3.5.1:compile (default-compile) @ orbit-core ---
[INFO] Nothing to compile - all classes are up to date
[INFO] 
[INFO] <<< ea-async-maven-plugin:1.0.2:instrument (default) < process-classes @ orbit-core <<<
[INFO] 
[INFO] --- ea-async-maven-plugin:1.0.2:instrument (default) @ orbit-core ---
[INFO] Orbit Async main-classes instrumented: 0
[INFO] 
[INFO] --- maven-resources-plugin:2.6:testResources (default-testResources) @ orbit-core ---
[INFO] Using 'UTF-8' encoding to copy filtered resources.
[INFO] skip non existing resourceDirectory /home/travis/build/passed/orbit/orbit/actors/core/src/test/resources
[INFO] 
[INFO] --- maven-compiler-plugin:3.5.1:testCompile (default-testCompile) @ orbit-core ---
[INFO] Nothing to compile - all classes are up to date
[INFO] 
[INFO] >>> ea-async-maven-plugin:1.0.2:instrument-test (default) > process-test-classes @ orbit-core >>>
[INFO] 
[INFO] --- maven-resources-plugin:2.6:resources (default-resources) @ orbit-core ---
[INFO] Using 'UTF-8' encoding to copy filtered resources.
[INFO] Copying 1 resource
[INFO] 
[INFO] --- maven-compiler-plugin:3.5.1:compile (default-compile) @ orbit-core ---
[INFO] Nothing to compile - all classes are up to date
[INFO] 
[INFO] >>> ea-async-maven-plugin:1.0.2:instrument (default) > process-classes @ orbit-core >>>
[INFO] 
[INFO] --- maven-resources-plugin:2.6:resources (default-resources) @ orbit-core ---
[INFO] Using 'UTF-8' encoding to copy filtered resources.
[INFO] Copying 1 resource
[INFO] 
[INFO] --- maven-compiler-plugin:3.5.1:compile (default-compile) @ orbit-core ---
[INFO] Nothing to compile - all classes are up to date
[INFO] 
[INFO] <<< ea-async-maven-plugin:1.0.2:instrument (default) < process-classes @ orbit-core <<<
[INFO] 
[INFO] --- ea-async-maven-plugin:1.0.2:instrument (default) @ orbit-core ---
[INFO] Orbit Async main-classes instrumented: 0
[INFO] 
[INFO] --- maven-resources-plugin:2.6:testResources (default-testResources) @ orbit-core ---
[INFO] Using 'UTF-8' encoding to copy filtered resources.
[INFO] skip non existing resourceDirectory /home/travis/build/passed/orbit/orbit/actors/core/src/test/resources
[INFO] 
[INFO] --- maven-compiler-plugin:3.5.1:testCompile (default-testCompile) @ orbit-core ---
[INFO] Nothing to compile - all classes are up to date
[INFO] 
[INFO] <<< ea-async-maven-plugin:1.0.2:instrument-test (default) < process-test-classes @ orbit-core <<<
[INFO] 
[INFO] --- ea-async-maven-plugin:1.0.2:instrument-test (default) @ orbit-core ---
[INFO] Orbit Async test-classes instrumented: 0
[INFO] 
[INFO] --- maven-surefire-plugin:2.12.4:test (default-test) @ orbit-core ---
[INFO] Surefire report directory: /home/travis/build/passed/orbit/orbit/actors/core/target/surefire-reports

-------------------------------------------------------
 T E S T S
-------------------------------------------------------
Running cloud.orbit.actors.runtime.ClassPathSearchTest
SLF4J: Failed to load class "org.slf4j.impl.StaticLoggerBinder".
SLF4J: Defaulting to no-operation (NOP) logger implementation
SLF4J: See http://www.slf4j.org/codes.html#StaticLoggerBinder for further details.
Tests run: 6, Failures: 0, Errors: 0, Skipped: 0, Time elapsed: 2.24 sec

Results :

Tests run: 6, Failures: 0, Errors: 0, Skipped: 0

[INFO]                                                                         
[INFO] ------------------------------------------------------------------------
[INFO] Building Orbit Default Cluster 0.9.0-SNAPSHOT
[INFO] ------------------------------------------------------------------------
[INFO] 
[INFO] --- maven-resources-plugin:2.6:resources (default-resources) @ orbit-infinispan-cluster ---
[INFO] Using 'UTF-8' encoding to copy filtered resources.
[INFO] Copying 1 resource
[INFO] 
[INFO] --- maven-compiler-plugin:3.5.1:compile (default-compile) @ orbit-infinispan-cluster ---
[INFO] Nothing to compile - all classes are up to date
[INFO] 
[INFO] >>> ea-async-maven-plugin:1.0.2:instrument (default) > process-classes @ orbit-infinispan-cluster >>>
[INFO] 
[INFO] --- maven-resources-plugin:2.6:resources (default-resources) @ orbit-infinispan-cluster ---
[INFO] Using 'UTF-8' encoding to copy filtered resources.
[INFO] Copying 1 resource
[INFO] 
[INFO] --- maven-compiler-plugin:3.5.1:compile (default-compile) @ orbit-infinispan-cluster ---
[INFO] Nothing to compile - all classes are up to date
[INFO] 
[INFO] <<< ea-async-maven-plugin:1.0.2:instrument (default) < process-classes @ orbit-infinispan-cluster <<<
[INFO] 
[INFO] --- ea-async-maven-plugin:1.0.2:instrument (default) @ orbit-infinispan-cluster ---
[INFO] Orbit Async main-classes instrumented: 0
[INFO] 
[INFO] --- maven-resources-plugin:2.6:testResources (default-testResources) @ orbit-infinispan-cluster ---
[INFO] Using 'UTF-8' encoding to copy filtered resources.
[INFO] skip non existing resourceDirectory /home/travis/build/passed/orbit/orbit/actors/infinispan-cluster/src/test/resources
[INFO] 
[INFO] --- maven-compiler-plugin:3.5.1:testCompile (default-testCompile) @ orbit-infinispan-cluster ---
[INFO] No sources to compile
[INFO] 
[INFO] >>> ea-async-maven-plugin:1.0.2:instrument-test (default) > process-test-classes @ orbit-infinispan-cluster >>>
[INFO] 
[INFO] --- maven-resources-plugin:2.6:resources (default-resources) @ orbit-infinispan-cluster ---
[INFO] Using 'UTF-8' encoding to copy filtered resources.
[INFO] Copying 1 resource
[INFO] 
[INFO] --- maven-compiler-plugin:3.5.1:compile (default-compile) @ orbit-infinispan-cluster ---
[INFO] Nothing to compile - all classes are up to date
[INFO] 
[INFO] >>> ea-async-maven-plugin:1.0.2:instrument (default) > process-classes @ orbit-infinispan-cluster >>>
[INFO] 
[INFO] --- maven-resources-plugin:2.6:resources (default-resources) @ orbit-infinispan-cluster ---
[INFO] Using 'UTF-8' encoding to copy filtered resources.
[INFO] Copying 1 resource
[INFO] 
[INFO] --- maven-compiler-plugin:3.5.1:compile (default-compile) @ orbit-infinispan-cluster ---
[INFO] Nothing to compile - all classes are up to date
[INFO] 
[INFO] <<< ea-async-maven-plugin:1.0.2:instrument (default) < process-classes @ orbit-infinispan-cluster <<<
[INFO] 
[INFO] --- ea-async-maven-plugin:1.0.2:instrument (default) @ orbit-infinispan-cluster ---
[INFO] Orbit Async main-classes instrumented: 0
[INFO] 
[INFO] --- maven-resources-plugin:2.6:testResources (default-testResources) @ orbit-infinispan-cluster ---
[INFO] Using 'UTF-8' encoding to copy filtered resources.
[INFO] skip non existing resourceDirectory /home/travis/build/passed/orbit/orbit/actors/infinispan-cluster/src/test/resources
[INFO] 
[INFO] --- maven-compiler-plugin:3.5.1:testCompile (default-testCompile) @ orbit-infinispan-cluster ---
[INFO] No sources to compile
[INFO] 
[INFO] <<< ea-async-maven-plugin:1.0.2:instrument-test (default) < process-test-classes @ orbit-infinispan-cluster <<<
[INFO] 
[INFO] --- ea-async-maven-plugin:1.0.2:instrument-test (default) @ orbit-infinispan-cluster ---
[INFO] Skipping instrumentation of the test-classes
[INFO] 
[INFO] --- maven-surefire-plugin:2.12.4:test (default-test) @ orbit-infinispan-cluster ---
[INFO] No tests to run.
[INFO]                                                                         
[INFO] ------------------------------------------------------------------------
[INFO] Building Orbit Runtime 0.9.0-SNAPSHOT
[INFO] ------------------------------------------------------------------------
[INFO] 
[INFO] --- maven-resources-plugin:2.6:resources (default-resources) @ orbit-runtime ---
[INFO] Using 'UTF-8' encoding to copy filtered resources.
[INFO] skip non existing resourceDirectory /home/travis/build/passed/orbit/orbit/actors/runtime/src/main/resources
[INFO] 
[INFO] --- maven-compiler-plugin:3.5.1:compile (default-compile) @ orbit-runtime ---
[INFO] Nothing to compile - all classes are up to date
[INFO] 
[INFO] >>> ea-async-maven-plugin:1.0.2:instrument (default) > process-classes @ orbit-runtime >>>
[INFO] 
[INFO] --- maven-resources-plugin:2.6:resources (default-resources) @ orbit-runtime ---
[INFO] Using 'UTF-8' encoding to copy filtered resources.
[INFO] skip non existing resourceDirectory /home/travis/build/passed/orbit/orbit/actors/runtime/src/main/resources
[INFO] 
[INFO] --- maven-compiler-plugin:3.5.1:compile (default-compile) @ orbit-runtime ---
[INFO] Nothing to compile - all classes are up to date
[INFO] 
[INFO] <<< ea-async-maven-plugin:1.0.2:instrument (default) < process-classes @ orbit-runtime <<<
[INFO] 
[INFO] --- ea-async-maven-plugin:1.0.2:instrument (default) @ orbit-runtime ---
[INFO] Orbit Async main-classes instrumented: 0
[INFO] 
[INFO] --- maven-resources-plugin:2.6:testResources (default-testResources) @ orbit-runtime ---
[INFO] Using 'UTF-8' encoding to copy filtered resources.
[INFO] skip non existing resourceDirectory /home/travis/build/passed/orbit/orbit/actors/runtime/src/test/resources
[INFO] 
[INFO] --- maven-compiler-plugin:3.5.1:testCompile (default-testCompile) @ orbit-runtime ---
[INFO] Nothing to compile - all classes are up to date
[INFO] 
[INFO] >>> ea-async-maven-plugin:1.0.2:instrument-test (default) > process-test-classes @ orbit-runtime >>>
[INFO] 
[INFO] --- maven-resources-plugin:2.6:resources (default-resources) @ orbit-runtime ---
[INFO] Using 'UTF-8' encoding to copy filtered resources.
[INFO] skip non existing resourceDirectory /home/travis/build/passed/orbit/orbit/actors/runtime/src/main/resources
[INFO] 
[INFO] --- maven-compiler-plugin:3.5.1:compile (default-compile) @ orbit-runtime ---
[INFO] Nothing to compile - all classes are up to date
[INFO] 
[INFO] >>> ea-async-maven-plugin:1.0.2:instrument (default) > process-classes @ orbit-runtime >>>
[INFO] 
[INFO] --- maven-resources-plugin:2.6:resources (default-resources) @ orbit-runtime ---
[INFO] Using 'UTF-8' encoding to copy filtered resources.
[INFO] skip non existing resourceDirectory /home/travis/build/passed/orbit/orbit/actors/runtime/src/main/resources
[INFO] 
[INFO] --- maven-compiler-plugin:3.5.1:compile (default-compile) @ orbit-runtime ---
[INFO] Nothing to compile - all classes are up to date
[INFO] 
[INFO] <<< ea-async-maven-plugin:1.0.2:instrument (default) < process-classes @ orbit-runtime <<<
[INFO] 
[INFO] --- ea-async-maven-plugin:1.0.2:instrument (default) @ orbit-runtime ---
[INFO] Orbit Async main-classes instrumented: 0
[INFO] 
[INFO] --- maven-resources-plugin:2.6:testResources (default-testResources) @ orbit-runtime ---
[INFO] Using 'UTF-8' encoding to copy filtered resources.
[INFO] skip non existing resourceDirectory /home/travis/build/passed/orbit/orbit/actors/runtime/src/test/resources
[INFO] 
[INFO] --- maven-compiler-plugin:3.5.1:testCompile (default-testCompile) @ orbit-runtime ---
[INFO] Nothing to compile - all classes are up to date
[INFO] 
[INFO] <<< ea-async-maven-plugin:1.0.2:instrument-test (default) < process-test-classes @ orbit-runtime <<<
[INFO] 
[INFO] --- ea-async-maven-plugin:1.0.2:instrument-test (default) @ orbit-runtime ---
[INFO] Orbit Async test-classes instrumented: 0
[INFO] 
[INFO] --- maven-surefire-plugin:2.12.4:test (default-test) @ orbit-runtime ---
[INFO] Surefire report directory: /home/travis/build/passed/orbit/orbit/actors/runtime/target/surefire-reports

-------------------------------------------------------
 T E S T S
-------------------------------------------------------
Running cloud.orbit.actors.ExecutionSerializerTest
SLF4J: Failed to load class "org.slf4j.impl.StaticLoggerBinder".
SLF4J: Defaulting to no-operation (NOP) logger implementation
SLF4J: See http://www.slf4j.org/codes.html#StaticLoggerBinder for further details.
Tests run: 4, Failures: 0, Errors: 0, Skipped: 0, Time elapsed: 0.355 sec
Running cloud.orbit.actors.cloner.CloneHelperTest
Tests run: 3, Failures: 0, Errors: 0, Skipped: 0, Time elapsed: 0 sec
Running cloud.orbit.actors.extensions.test.LengthFieldHandlerTest
Tests run: 5, Failures: 0, Errors: 0, Skipped: 0, Time elapsed: 1.177 sec
Running cloud.orbit.actors.runtime.ChannelTest
Tests run: 1, Failures: 0, Errors: 0, Skipped: 0, Time elapsed: 0.001 sec

Results :

Tests run: 13, Failures: 0, Errors: 0, Skipped: 0

[INFO]                                                                         
[INFO] ------------------------------------------------------------------------
[INFO] Building Orbit JSON Utilities 0.9.0-SNAPSHOT
[INFO] ------------------------------------------------------------------------
[INFO] 
[INFO] --- maven-resources-plugin:2.6:resources (default-resources) @ orbit-json ---
[INFO] Using 'UTF-8' encoding to copy filtered resources.
[INFO] skip non existing resourceDirectory /home/travis/build/passed/orbit/orbit/actors/json/src/main/resources
[INFO] 
[INFO] --- maven-compiler-plugin:3.5.1:compile (default-compile) @ orbit-json ---
[INFO] Nothing to compile - all classes are up to date
[INFO] 
[INFO] >>> ea-async-maven-plugin:1.0.2:instrument (default) > process-classes @ orbit-json >>>
[INFO] 
[INFO] --- maven-resources-plugin:2.6:resources (default-resources) @ orbit-json ---
[INFO] Using 'UTF-8' encoding to copy filtered resources.
[INFO] skip non existing resourceDirectory /home/travis/build/passed/orbit/orbit/actors/json/src/main/resources
[INFO] 
[INFO] --- maven-compiler-plugin:3.5.1:compile (default-compile) @ orbit-json ---
[INFO] Nothing to compile - all classes are up to date
[INFO] 
[INFO] <<< ea-async-maven-plugin:1.0.2:instrument (default) < process-classes @ orbit-json <<<
[INFO] 
[INFO] --- ea-async-maven-plugin:1.0.2:instrument (default) @ orbit-json ---
[INFO] Orbit Async main-classes instrumented: 0
[INFO] 
[INFO] --- maven-resources-plugin:2.6:testResources (default-testResources) @ orbit-json ---
[INFO] Using 'UTF-8' encoding to copy filtered resources.
[INFO] skip non existing resourceDirectory /home/travis/build/passed/orbit/orbit/actors/json/src/test/resources
[INFO] 
[INFO] --- maven-compiler-plugin:3.5.1:testCompile (default-testCompile) @ orbit-json ---
[INFO] Nothing to compile - all classes are up to date
[INFO] 
[INFO] >>> ea-async-maven-plugin:1.0.2:instrument-test (default) > process-test-classes @ orbit-json >>>
[INFO] 
[INFO] --- maven-resources-plugin:2.6:resources (default-resources) @ orbit-json ---
[INFO] Using 'UTF-8' encoding to copy filtered resources.
[INFO] skip non existing resourceDirectory /home/travis/build/passed/orbit/orbit/actors/json/src/main/resources
[INFO] 
[INFO] --- maven-compiler-plugin:3.5.1:compile (default-compile) @ orbit-json ---
[INFO] Nothing to compile - all classes are up to date
[INFO] 
[INFO] >>> ea-async-maven-plugin:1.0.2:instrument (default) > process-classes @ orbit-json >>>
[INFO] 
[INFO] --- maven-resources-plugin:2.6:resources (default-resources) @ orbit-json ---
[INFO] Using 'UTF-8' encoding to copy filtered resources.
[INFO] skip non existing resourceDirectory /home/travis/build/passed/orbit/orbit/actors/json/src/main/resources
[INFO] 
[INFO] --- maven-compiler-plugin:3.5.1:compile (default-compile) @ orbit-json ---
[INFO] Nothing to compile - all classes are up to date
[INFO] 
[INFO] <<< ea-async-maven-plugin:1.0.2:instrument (default) < process-classes @ orbit-json <<<
[INFO] 
[INFO] --- ea-async-maven-plugin:1.0.2:instrument (default) @ orbit-json ---
[INFO] Orbit Async main-classes instrumented: 0
[INFO] 
[INFO] --- maven-resources-plugin:2.6:testResources (default-testResources) @ orbit-json ---
[INFO] Using 'UTF-8' encoding to copy filtered resources.
[INFO] skip non existing resourceDirectory /home/travis/build/passed/orbit/orbit/actors/json/src/test/resources
[INFO] 
[INFO] --- maven-compiler-plugin:3.5.1:testCompile (default-testCompile) @ orbit-json ---
[INFO] Nothing to compile - all classes are up to date
[INFO] 
[INFO] <<< ea-async-maven-plugin:1.0.2:instrument-test (default) < process-test-classes @ orbit-json <<<
[INFO] 
[INFO] --- ea-async-maven-plugin:1.0.2:instrument-test (default) @ orbit-json ---
[INFO] Orbit Async test-classes instrumented: 0
[INFO] 
[INFO] --- maven-surefire-plugin:2.12.4:test (default-test) @ orbit-json ---
[INFO] Surefire report directory: /home/travis/build/passed/orbit/orbit/actors/json/target/surefire-reports

-------------------------------------------------------
 T E S T S
-------------------------------------------------------
Running cloud.orbit.actors.extensions.json.JsonSerializerTest
SLF4J: Failed to load class "org.slf4j.impl.StaticLoggerBinder".
SLF4J: Defaulting to no-operation (NOP) logger implementation
SLF4J: See http://www.slf4j.org/codes.html#StaticLoggerBinder for further details.
{"messageType":0,"messageId":0,"interfaceId":0,"methodId":0,"payload":[1,2,3]}
{"messageType":0,"messageId":0,"interfaceId":0,"methodId":0,"payload":[1,2,3]}
{"messageType":0,"messageId":0,"interfaceId":0,"methodId":0,"payload":[1,2,3]}
Tests run: 2, Failures: 0, Errors: 0, Skipped: 0, Time elapsed: 0.981 sec

Results :

Tests run: 2, Failures: 0, Errors: 0, Skipped: 0

[INFO]                                                                         
[INFO] ------------------------------------------------------------------------
[INFO] Building Orbit Actor Tests 0.9.0-SNAPSHOT
[INFO] ------------------------------------------------------------------------
[INFO] 
[INFO] --- maven-resources-plugin:2.6:resources (default-resources) @ orbit-actor-tests ---
[INFO] Using 'UTF-8' encoding to copy filtered resources.
[INFO] skip non existing resourceDirectory /home/travis/build/passed/orbit/orbit/actors/test/actor-tests/src/main/resources
[INFO] 
[INFO] --- maven-compiler-plugin:3.5.1:compile (default-compile) @ orbit-actor-tests ---
[INFO] Nothing to compile - all classes are up to date
[INFO] 
[INFO] >>> ea-async-maven-plugin:1.0.2:instrument (default) > process-classes @ orbit-actor-tests >>>
[INFO] 
[INFO] --- maven-resources-plugin:2.6:resources (default-resources) @ orbit-actor-tests ---
[INFO] Using 'UTF-8' encoding to copy filtered resources.
[INFO] skip non existing resourceDirectory /home/travis/build/passed/orbit/orbit/actors/test/actor-tests/src/main/resources
[INFO] 
[INFO] --- maven-compiler-plugin:3.5.1:compile (default-compile) @ orbit-actor-tests ---
[INFO] Nothing to compile - all classes are up to date
[INFO] 
[INFO] <<< ea-async-maven-plugin:1.0.2:instrument (default) < process-classes @ orbit-actor-tests <<<
[INFO] 
[INFO] --- ea-async-maven-plugin:1.0.2:instrument (default) @ orbit-actor-tests ---
[INFO] Orbit Async main-classes instrumented: 0
[INFO] 
[INFO] --- maven-resources-plugin:2.6:testResources (default-testResources) @ orbit-actor-tests ---
[INFO] Using 'UTF-8' encoding to copy filtered resources.
[INFO] Copying 1 resource
[INFO] 
[INFO] --- maven-compiler-plugin:3.5.1:testCompile (default-testCompile) @ orbit-actor-tests ---
[INFO] Nothing to compile - all classes are up to date
[INFO] 
[INFO] >>> ea-async-maven-plugin:1.0.2:instrument-test (default) > process-test-classes @ orbit-actor-tests >>>
[INFO] 
[INFO] --- maven-resources-plugin:2.6:resources (default-resources) @ orbit-actor-tests ---
[INFO] Using 'UTF-8' encoding to copy filtered resources.
[INFO] skip non existing resourceDirectory /home/travis/build/passed/orbit/orbit/actors/test/actor-tests/src/main/resources
[INFO] 
[INFO] --- maven-compiler-plugin:3.5.1:compile (default-compile) @ orbit-actor-tests ---
[INFO] Nothing to compile - all classes are up to date
[INFO] 
[INFO] >>> ea-async-maven-plugin:1.0.2:instrument (default) > process-classes @ orbit-actor-tests >>>
[INFO] 
[INFO] --- maven-resources-plugin:2.6:resources (default-resources) @ orbit-actor-tests ---
[INFO] Using 'UTF-8' encoding to copy filtered resources.
[INFO] skip non existing resourceDirectory /home/travis/build/passed/orbit/orbit/actors/test/actor-tests/src/main/resources
[INFO] 
[INFO] --- maven-compiler-plugin:3.5.1:compile (default-compile) @ orbit-actor-tests ---
[INFO] Nothing to compile - all classes are up to date
[INFO] 
[INFO] <<< ea-async-maven-plugin:1.0.2:instrument (default) < process-classes @ orbit-actor-tests <<<
[INFO] 
[INFO] --- ea-async-maven-plugin:1.0.2:instrument (default) @ orbit-actor-tests ---
[INFO] Orbit Async main-classes instrumented: 0
[INFO] 
[INFO] --- maven-resources-plugin:2.6:testResources (default-testResources) @ orbit-actor-tests ---
[INFO] Using 'UTF-8' encoding to copy filtered resources.
[INFO] Copying 1 resource
[INFO] 
[INFO] --- maven-compiler-plugin:3.5.1:testCompile (default-testCompile) @ orbit-actor-tests ---
[INFO] Nothing to compile - all classes are up to date
[INFO] 
[INFO] <<< ea-async-maven-plugin:1.0.2:instrument-test (default) < process-test-classes @ orbit-actor-tests <<<
[INFO] 
[INFO] --- ea-async-maven-plugin:1.0.2:instrument-test (default) @ orbit-actor-tests ---
[INFO] Orbit Async test-classes instrumented: 0
[INFO] 
[INFO] --- maven-surefire-plugin:2.12.4:test (default-test) @ orbit-actor-tests ---
[INFO] Surefire report directory: /home/travis/build/passed/orbit/orbit/actors/test/actor-tests/target/surefire-reports

-------------------------------------------------------
 T E S T S
-------------------------------------------------------
Running cloud.orbit.actors.test.ActivationFailureTest
[ForkJoinPool-1-worker-43] ERROR cloud.orbit.actors.test.ActivationFailureTest$Hello - Error activating actor for: cloud.orbit.actors.test.ActivationFailureTest$Hello:0
cloud.orbit.exception.UncheckedException: Intentional failure
	at cloud.orbit.actors.test.ActivationFailureTest$HelloActor.activateAsync(ActivationFailureTest.java:57)
	at cloud.orbit.actors.runtime.ActorEntry.activate(ActorEntry.java:152)
	at cloud.orbit.actors.runtime.ActorEntry.doRunInternal(ActorEntry.java:93)
	at cloud.orbit.actors.runtime.ActorEntry.doRun(ActorEntry.java:81)
	at cloud.orbit.actors.runtime.ActorEntry.lambda$run$72(ActorEntry.java:70)
	at cloud.orbit.actors.runtime.ActorEntry$$Lambda$90/987132214.get(Unknown Source)
	at cloud.orbit.actors.runtime.InternalUtils.safeInvoke(InternalUtils.java:187)
	at cloud.orbit.actors.concurrent.WaitFreeMultiExecutionSerializer.lambda$offerJob$50(WaitFreeMultiExecutionSerializer.java:95)
	at cloud.orbit.actors.concurrent.WaitFreeMultiExecutionSerializer$$Lambda$84/1856233816.get(Unknown Source)
	at cloud.orbit.actors.runtime.InternalUtils.safeInvoke(InternalUtils.java:187)
	at cloud.orbit.actors.concurrent.WaitFreeExecutionSerializer.lambda$executeSerialized$51(WaitFreeExecutionSerializer.java:83)
	at cloud.orbit.actors.concurrent.WaitFreeExecutionSerializer$$Lambda$85/2036499093.get(Unknown Source)
	at cloud.orbit.actors.concurrent.WaitFreeExecutionSerializer.tryExecute(WaitFreeExecutionSerializer.java:129)
	at cloud.orbit.actors.concurrent.WaitFreeExecutionSerializer.lambda$tryExecute$52(WaitFreeExecutionSerializer.java:149)
	at cloud.orbit.actors.concurrent.WaitFreeExecutionSerializer$$Lambda$86/1681677884.run(Unknown Source)
	at java.util.concurrent.ForkJoinTask$RunnableExecuteAction.exec(ForkJoinTask.java:1423)
	at java.util.concurrent.ForkJoinTask.doExec(ForkJoinTask.java:289)
	at java.util.concurrent.ForkJoinPool$WorkQueue.runTask(ForkJoinPool.java:902)
	at java.util.concurrent.ForkJoinPool.scan(ForkJoinPool.java:1689)
	at java.util.concurrent.ForkJoinPool.runWorker(ForkJoinPool.java:1644)
	at java.util.concurrent.ForkJoinWorkerThread.run(ForkJoinWorkerThread.java:157)
[ForkJoinPool-1-worker-43] ERROR cloud.orbit.actors.test.ActivationFailureTest$Hello - Error activating actor for: cloud.orbit.actors.test.ActivationFailureTest$Hello:0
cloud.orbit.exception.UncheckedException: Intentional failure
	at cloud.orbit.actors.test.ActivationFailureTest$HelloActor.activateAsync(ActivationFailureTest.java:57)
	at cloud.orbit.actors.runtime.ActorEntry.activate(ActorEntry.java:152)
	at cloud.orbit.actors.runtime.ActorEntry.doRunInternal(ActorEntry.java:93)
	at cloud.orbit.actors.runtime.ActorEntry.doRun(ActorEntry.java:81)
	at cloud.orbit.actors.runtime.ActorEntry.lambda$run$72(ActorEntry.java:70)
	at cloud.orbit.actors.runtime.ActorEntry$$Lambda$90/987132214.get(Unknown Source)
	at cloud.orbit.actors.runtime.InternalUtils.safeInvoke(InternalUtils.java:187)
	at cloud.orbit.actors.concurrent.WaitFreeMultiExecutionSerializer.lambda$offerJob$50(WaitFreeMultiExecutionSerializer.java:95)
	at cloud.orbit.actors.concurrent.WaitFreeMultiExecutionSerializer$$Lambda$84/1856233816.get(Unknown Source)
	at cloud.orbit.actors.runtime.InternalUtils.safeInvoke(InternalUtils.java:187)
	at cloud.orbit.actors.concurrent.WaitFreeExecutionSerializer.lambda$executeSerialized$51(WaitFreeExecutionSerializer.java:83)
	at cloud.orbit.actors.concurrent.WaitFreeExecutionSerializer$$Lambda$85/2036499093.get(Unknown Source)
	at cloud.orbit.actors.concurrent.WaitFreeExecutionSerializer.wrapExecution(WaitFreeExecutionSerializer.java:185)
	at cloud.orbit.actors.concurrent.WaitFreeExecutionSerializer.lambda$tryExecute$52(WaitFreeExecutionSerializer.java:136)
	at cloud.orbit.actors.concurrent.WaitFreeExecutionSerializer$$Lambda$86/1681677884.run(Unknown Source)
	at java.util.concurrent.ForkJoinTask$RunnableExecuteAction.exec(ForkJoinTask.java:1423)
	at java.util.concurrent.ForkJoinTask.doExec(ForkJoinTask.java:289)
	at java.util.concurrent.ForkJoinPool$WorkQueue.runTask(ForkJoinPool.java:902)
	at java.util.concurrent.ForkJoinPool.scan(ForkJoinPool.java:1689)
	at java.util.concurrent.ForkJoinPool.runWorker(ForkJoinPool.java:1644)
	at java.util.concurrent.ForkJoinWorkerThread.run(ForkJoinWorkerThread.java:157)
Message sequence diagram for cloud.orbit.actors.test.ActivationFailureTest.test(ActivationFailureTest.java:69)
file:///home/travis/build/passed/orbit/orbit/actors/test/actor-tests/target/surefire-reports/cloud.orbit.actors.test.ActivationFailureTest-test.messages.puml
Tests run: 1, Failures: 0, Errors: 0, Skipped: 0, Time elapsed: 2.197 sec
Running cloud.orbit.actors.test.AsymmetricalStagesTest
Message sequence diagram for cloud.orbit.actors.test.AsymmetricalStagesTest.waitForNodeTest(AsymmetricalStagesTest.java:156)
file:///home/travis/build/passed/orbit/orbit/actors/test/actor-tests/target/surefire-reports/cloud.orbit.actors.test.AsymmetricalStagesTest-waitForNodeTest.messages.puml
Tests run: 2, Failures: 0, Errors: 0, Skipped: 0, Time elapsed: 0.313 sec
Running cloud.orbit.actors.test.CacheResponseCloneTest
[main] WARN cloud.orbit.actors.net.DefaultHandlerContext - Unprocessed write STOPPING
[main] INFO cloud.orbit.actors.concurrent.WaitFreeMultiExecutionSerializer - Thread pool shutdown complete
[main] WARN cloud.orbit.actors.net.DefaultHandlerContext - Unprocessed write STOPPING
[main] INFO cloud.orbit.actors.concurrent.WaitFreeMultiExecutionSerializer - Thread pool shutdown complete
[main] WARN cloud.orbit.actors.net.DefaultHandlerContext - Unprocessed write STOPPING
[main] INFO cloud.orbit.actors.concurrent.WaitFreeMultiExecutionSerializer - Thread pool shutdown complete
[main] WARN cloud.orbit.actors.net.DefaultHandlerContext - Unprocessed write STOPPING
[main] INFO cloud.orbit.actors.concurrent.WaitFreeMultiExecutionSerializer - Thread pool shutdown complete
Tests run: 4, Failures: 0, Errors: 0, Skipped: 0, Time elapsed: 0.52 sec
Running cloud.orbit.actors.test.CacheResponseTest
[main] WARN cloud.orbit.actors.net.DefaultHandlerContext - Unprocessed write STOPPING
[main] INFO cloud.orbit.actors.concurrent.WaitFreeMultiExecutionSerializer - Thread pool shutdown complete
[main] WARN cloud.orbit.actors.net.DefaultHandlerContext - Unprocessed write STOPPING
[main] INFO cloud.orbit.actors.concurrent.WaitFreeMultiExecutionSerializer - Thread pool shutdown complete
[main] WARN cloud.orbit.actors.net.DefaultHandlerContext - Unprocessed write STOPPING
[main] INFO cloud.orbit.actors.concurrent.WaitFreeMultiExecutionSerializer - Thread pool shutdown complete
[main] WARN cloud.orbit.actors.net.DefaultHandlerContext - Unprocessed write STOPPING
[main] INFO cloud.orbit.actors.concurrent.WaitFreeMultiExecutionSerializer - Thread pool shutdown complete
[main] WARN cloud.orbit.actors.net.DefaultHandlerContext - Unprocessed write STOPPING
[main] INFO cloud.orbit.actors.concurrent.WaitFreeMultiExecutionSerializer - Thread pool shutdown complete
[main] WARN cloud.orbit.actors.net.DefaultHandlerContext - Unprocessed write STOPPING
[main] INFO cloud.orbit.actors.concurrent.WaitFreeMultiExecutionSerializer - Thread pool shutdown complete
Tests run: 6, Failures: 0, Errors: 0, Skipped: 0, Time elapsed: 0.704 sec
Running cloud.orbit.actors.test.ClientTest
[ForkJoinPool-1-worker-60] ERROR cloud.orbit.actors.runtime.Hosting - Timeout waiting for a server capable of handling: cloud.orbit.actors.test.actors.SomeActor
Tests run: 4, Failures: 0, Errors: 0, Skipped: 0, Time elapsed: 0.586 sec
Running cloud.orbit.actors.test.ConsistentHashTest
[main] WARN cloud.orbit.actors.net.DefaultHandlerContext - Unprocessed write STOPPING
[main] INFO cloud.orbit.actors.concurrent.WaitFreeMultiExecutionSerializer - Thread pool shutdown complete
[main] WARN cloud.orbit.actors.net.DefaultHandlerContext - Unprocessed write STOPPING
[main] INFO cloud.orbit.actors.concurrent.WaitFreeMultiExecutionSerializer - Thread pool shutdown complete
[main] WARN cloud.orbit.actors.net.DefaultHandlerContext - Unprocessed write STOPPING
[main] INFO cloud.orbit.actors.concurrent.WaitFreeMultiExecutionSerializer - Thread pool shutdown complete
Tests run: 7, Failures: 0, Errors: 0, Skipped: 0, Time elapsed: 0.692 sec
Running cloud.orbit.actors.test.DeactivationTest
Message sequence diagram for cloud.orbit.actors.test.DeactivationTest.simpleStatelessWorkerDeactivationTest(DeactivationTest.java:82)
file:///home/travis/build/passed/orbit/orbit/actors/test/actor-tests/target/surefire-reports/cloud.orbit.actors.test.DeactivationTest-simpleStatelessWorkerDeactivationTest.messages.puml
Message sequence diagram for cloud.orbit.actors.test.DeactivationTest.simpleCleanupTest(DeactivationTest.java:67)
file:///home/travis/build/passed/orbit/orbit/actors/test/actor-tests/target/surefire-reports/cloud.orbit.actors.test.DeactivationTest-simpleCleanupTest.messages.puml
[ForkJoinPool-1-worker-243] ERROR cloud.orbit.actors.runtime.Hosting - Timeout waiting for a server capable of handling: cloud.orbit.actors.test.actors.SomeActor
Tests run: 9, Failures: 0, Errors: 0, Skipped: 1, Time elapsed: 0.449 sec
Running cloud.orbit.actors.test.DescriptorInitializationTest
Tests run: 1, Failures: 0, Errors: 0, Skipped: 0, Time elapsed: 0.001 sec
Running cloud.orbit.actors.test.DynamicReferencesTest
Tests run: 2, Failures: 0, Errors: 0, Skipped: 0, Time elapsed: 0.013 sec
Running cloud.orbit.actors.test.ExceptionalTest
Tests run: 5, Failures: 0, Errors: 0, Skipped: 0, Time elapsed: 0.094 sec
Running cloud.orbit.actors.test.FailureTest
[main] WARN cloud.orbit.actors.net.DefaultHandlerContext - Unprocessed write STOPPING
[main] INFO cloud.orbit.actors.concurrent.WaitFreeMultiExecutionSerializer - Thread pool shutdown complete
[main] WARN cloud.orbit.actors.net.DefaultHandlerContext - Unprocessed write STOPPING
[main] INFO cloud.orbit.actors.concurrent.WaitFreeMultiExecutionSerializer - Thread pool shutdown complete
[main] WARN cloud.orbit.actors.net.DefaultHandlerContext - Unprocessed write STOPPING
[main] INFO cloud.orbit.actors.concurrent.WaitFreeMultiExecutionSerializer - Thread pool shutdown complete
[main] WARN cloud.orbit.actors.net.DefaultHandlerContext - Unprocessed write STOPPING
[main] INFO cloud.orbit.actors.concurrent.WaitFreeMultiExecutionSerializer - Thread pool shutdown complete
Tests run: 1, Failures: 0, Errors: 0, Skipped: 0, Time elapsed: 0.421 sec
Running cloud.orbit.actors.test.FixedClassIdTest
[ForkJoinPool-1-worker-243] INFO cloud.orbit.actors.test.FixedClassIdTest$Hello - sayHello: bla
Message sequence diagram for cloud.orbit.actors.test.FixedClassIdTest.test(FixedClassIdTest.java:73)
file:///home/travis/build/passed/orbit/orbit/actors/test/actor-tests/target/surefire-reports/cloud.orbit.actors.test.FixedClassIdTest-test.messages.puml
Tests run: 1, Failures: 0, Errors: 0, Skipped: 0, Time elapsed: 0 sec
Running cloud.orbit.actors.test.GeneratedClassNamingTest
Tests run: 1, Failures: 0, Errors: 0, Skipped: 0, Time elapsed: 0.007 sec
Running cloud.orbit.actors.test.GenericActorStateTest
[main] WARN cloud.orbit.actors.net.DefaultHandlerContext - Unprocessed write STOPPING
[main] INFO cloud.orbit.actors.concurrent.WaitFreeMultiExecutionSerializer - Thread pool shutdown complete
Tests run: 1, Failures: 0, Errors: 0, Skipped: 0, Time elapsed: 0.246 sec
Running cloud.orbit.actors.test.LifeCycleTest
Tests run: 2, Failures: 0, Errors: 0, Skipped: 0, Time elapsed: 0.03 sec
Running cloud.orbit.actors.test.MessageTimeoutTest
Tests run: 3, Failures: 0, Errors: 0, Skipped: 0, Time elapsed: 1.376 sec
Running cloud.orbit.actors.test.MessagingTest
Tests run: 2, Failures: 0, Errors: 0, Skipped: 0, Time elapsed: 0.457 sec
Running cloud.orbit.actors.test.MinimalTest
Tests run: 6, Failures: 0, Errors: 0, Skipped: 0, Time elapsed: 0.11 sec
Running cloud.orbit.actors.test.NoIdentityTest
Tests run: 4, Failures: 0, Errors: 0, Skipped: 0, Time elapsed: 0.03 sec
Running cloud.orbit.actors.test.ObserverDownTest
[main] WARN cloud.orbit.actors.net.DefaultHandlerContext - Unprocessed write STOPPING
[main] INFO cloud.orbit.actors.concurrent.WaitFreeMultiExecutionSerializer - Thread pool shutdown complete
Tests run: 1, Failures: 0, Errors: 0, Skipped: 0, Time elapsed: 0.113 sec
Running cloud.orbit.actors.test.ObserverTest
Message sequence diagram for cloud.orbit.actors.test.ObserverTest.observerGarbageCollectionAndCleanup(ObserverTest.java:200)
file:///home/travis/build/passed/orbit/orbit/actors/test/actor-tests/target/surefire-reports/cloud.orbit.actors.test.ObserverTest-observerGarbageCollectionAndCleanup.messages.puml
Tests run: 7, Failures: 0, Errors: 0, Skipped: 0, Time elapsed: 0.358 sec
Running cloud.orbit.actors.test.OnlyIfActivatedTest
Tests run: 1, Failures: 0, Errors: 0, Skipped: 0, Time elapsed: 0.035 sec
Running cloud.orbit.actors.test.ReactivationTest
Message sequence diagram for cloud.orbit.actors.test.ReactivationTest.twoStagesSameActor(ReactivationTest.java:76)
file:///home/travis/build/passed/orbit/orbit/actors/test/actor-tests/target/surefire-reports/cloud.orbit.actors.test.ReactivationTest-twoStagesSameActor.messages.puml
Tests run: 1, Failures: 0, Errors: 0, Skipped: 0, Time elapsed: 0.055 sec
Running cloud.orbit.actors.test.RuntimeIdentityTest
Tests run: 1, Failures: 0, Errors: 0, Skipped: 0, Time elapsed: 0.02 sec
Running cloud.orbit.actors.test.ShutdownTest
[main] INFO basicShutdownTest - stage1: Stage{state=RUNNING, runtimeIdentity='Orbit[sliqKbyNpw0z_zw-a-v1tC]'}
[main] INFO basicShutdownTest - client1: Stage{state=RUNNING, runtimeIdentity='Orbit[mPNP4Up8VRE1si0o4CmmiA]'}
[ForkJoinPool-1-worker-159] INFO cloud.orbit.actors.test.ShutdownTest$Shut - doSomething: Stage{state=RUNNING, runtimeIdentity='Orbit[sliqKbyNpw0z_zw-a-v1tC]'}
[main] INFO basicShutdownTest - stage2: Stage{state=RUNNING, runtimeIdentity='Orbit[sdjl6UuVswXPBsIvxhcLgA]'}
[main] WARN cloud.orbit.actors.net.DefaultHandlerContext - Unprocessed write STOPPING
[main] INFO cloud.orbit.actors.concurrent.WaitFreeMultiExecutionSerializer - Thread pool shutdown complete
[ForkJoinPool-1-worker-86] INFO cloud.orbit.actors.test.ShutdownTest$Shut - doSomething: Stage{state=RUNNING, runtimeIdentity='Orbit[sdjl6UuVswXPBsIvxhcLgA]'}
[ForkJoinPool-1-worker-86] INFO cloud.orbit.actors.test.ShutdownTest$Shut - releasing executing
[Time-limited test] INFO asyncShutdownTest - released
[ForkJoinPool.commonPool-worker-57] WARN cloud.orbit.actors.net.DefaultHandlerContext - Unprocessed write STOPPING
[Time-limited test] INFO asyncShutdownTest - releasing canFinish
[ForkJoinPool.commonPool-worker-57] INFO cloud.orbit.actors.concurrent.WaitFreeMultiExecutionSerializer - Thread pool shutdown complete
Tests run: 2, Failures: 0, Errors: 0, Skipped: 0, Time elapsed: 0.241 sec
Running cloud.orbit.actors.test.TimerTest
Tests run: 1, Failures: 0, Errors: 0, Skipped: 0, Time elapsed: 0.047 sec
Running cloud.orbit.actors.test.client.ClientLocalObjectsTest
Tests run: 1, Failures: 0, Errors: 0, Skipped: 1, Time elapsed: 0 sec
Running cloud.orbit.actors.test.client.RemoteClientTest
Message sequence diagram for cloud.orbit.actors.test.client.RemoteClientTest.timeoutTest(RemoteClientTest.java:119)
file:///home/travis/build/passed/orbit/orbit/actors/test/actor-tests/target/surefire-reports/cloud.orbit.actors.test.client.RemoteClientTest-timeoutTest.messages.puml
[ForkJoinPool-1-worker-86] WARN cloud.orbit.actors.runtime.Messaging - Received response for pending request which timed out (took > 30000ms) message id: 4, type: 2 for Hello.releaseThenAcquire.
Message sequence diagram for cloud.orbit.actors.test.client.RemoteClientTest.callServer(RemoteClientTest.java:90)
file:///home/travis/build/passed/orbit/orbit/actors/test/actor-tests/target/surefire-reports/cloud.orbit.actors.test.client.RemoteClientTest-callServer.messages.puml
Tests run: 2, Failures: 0, Errors: 0, Skipped: 0, Time elapsed: 1.055 sec
Running cloud.orbit.actors.test.reentrant.ReentrantTest
[main] WARN cloud.orbit.actors.net.DefaultHandlerContext - Unprocessed write STOPPING
[main] INFO cloud.orbit.actors.concurrent.WaitFreeMultiExecutionSerializer - Thread pool shutdown complete
[Time-limited test] WARN cloud.orbit.actors.net.DefaultHandlerContext - Unprocessed write STOPPING
[Time-limited test] INFO cloud.orbit.actors.concurrent.WaitFreeMultiExecutionSerializer - Thread pool shutdown complete
Message sequence diagram for cloud.orbit.actors.test.reentrant.ReentrantTest.testReentrantMethod(ReentrantTest.java:118)
file:///home/travis/build/passed/orbit/orbit/actors/test/actor-tests/target/surefire-reports/cloud.orbit.actors.test.reentrant.ReentrantTest-testReentrantMethod.messages.puml
[Time-limited test] WARN cloud.orbit.actors.net.DefaultHandlerContext - Unprocessed write STOPPING
[Time-limited test] INFO cloud.orbit.actors.concurrent.WaitFreeMultiExecutionSerializer - Thread pool shutdown complete
Tests run: 3, Failures: 0, Errors: 0, Skipped: 0, Time elapsed: 5.365 sec
Running cloud.orbit.actors.test.samples.DemoTest
[ForkJoinPool-1-worker-34] INFO cloud.orbit.actors.test.samples.DemoTest$Bank - bank activated!
[ForkJoinPool-1-worker-34] INFO cloud.orbit.actors.test.samples.DemoTest$Bank - adding: 1000
[ForkJoinPool-1-worker-34] INFO cloud.orbit.actors.test.samples.DemoTest$Bank - getBalance: 1000
[ForkJoinPool-1-worker-34] INFO cloud.orbit.actors.test.samples.DemoTest$Bank - getBalance: 100
[ForkJoinPool-1-worker-34] INFO cloud.orbit.actors.test.samples.DemoTest$Bank - bank deactivated!!!
[main] WARN cloud.orbit.actors.net.DefaultHandlerContext - Unprocessed write STOPPING
[main] INFO cloud.orbit.actors.concurrent.WaitFreeMultiExecutionSerializer - Thread pool shutdown complete
[ForkJoinPool-1-worker-34] INFO cloud.orbit.actors.test.samples.DemoTest$Bank - bank activated!
[ForkJoinPool-1-worker-34] INFO cloud.orbit.actors.test.samples.DemoTest$Bank - getBalance: 100
Message sequence diagram for cloud.orbit.actors.test.samples.DemoTest.actorDemo(DemoTest.java:148)
file:///home/travis/build/passed/orbit/orbit/actors/test/actor-tests/target/surefire-reports/cloud.orbit.actors.test.samples.DemoTest-actorDemo.messages.puml
[ForkJoinPool.commonPool-worker-45] WARN cloud.orbit.actors.net.DefaultHandlerContext - Unprocessed write STOPPING
[ForkJoinPool-1-worker-86] INFO cloud.orbit.actors.test.samples.DemoTest$Bank - bank deactivated!!!
Tests run: 1, Failures: 0, Errors: 0, Skipped: 0, Time elapsed: 0.2 sec
Running cloud.orbit.actors.test.samples.SimpleTest
[ForkJoinPool-1-worker-86] INFO cloud.orbit.actors.test.samples.SimpleTest$Hello - sayHello: bla
Message sequence diagram for cloud.orbit.actors.test.samples.SimpleTest.singleActorSingleStageTest(SimpleTest.java:68)
file:///home/travis/build/passed/orbit/orbit/actors/test/actor-tests/target/surefire-reports/cloud.orbit.actors.test.samples.SimpleTest-singleActorSingleStageTest.messages.puml
Tests run: 1, Failures: 0, Errors: 0, Skipped: 0, Time elapsed: 0.03 sec
Running cloud.orbit.actors.test.serialization.JsonReferenceSerializationTest
Tests run: 8, Failures: 0, Errors: 0, Skipped: 0, Time elapsed: 0.025 sec
Running cloud.orbit.actors.test.serialization.ReferenceSerializationTest
[ForkJoinPool.commonPool-worker-45] INFO cloud.orbit.actors.concurrent.WaitFreeMultiExecutionSerializer - Thread pool shutdown complete
Tests run: 6, Failures: 0, Errors: 0, Skipped: 0, Time elapsed: 0.127 sec
Running cloud.orbit.actors.test.stateless.StatelessActorTest
Message sequence diagram for cloud.orbit.actors.test.stateless.StatelessActorTest.simpleStatelessTwoStages(StatelessActorTest.java:103)
file:///home/travis/build/passed/orbit/orbit/actors/test/actor-tests/target/surefire-reports/cloud.orbit.actors.test.stateless.StatelessActorTest-simpleStatelessTwoStages.messages.puml
Message sequence diagram for cloud.orbit.actors.test.stateless.StatelessActorTest.simpleStatelessTest(StatelessActorTest.java:64)
file:///home/travis/build/passed/orbit/orbit/actors/test/actor-tests/target/surefire-reports/cloud.orbit.actors.test.stateless.StatelessActorTest-simpleStatelessTest.messages.puml
[main] WARN cloud.orbit.actors.net.DefaultHandlerContext - Unprocessed write STOPPING
[main] INFO cloud.orbit.actors.concurrent.WaitFreeMultiExecutionSerializer - Thread pool shutdown complete
[main] WARN cloud.orbit.actors.net.DefaultHandlerContext - Unprocessed write STOPPING
[main] INFO cloud.orbit.actors.concurrent.WaitFreeMultiExecutionSerializer - Thread pool shutdown complete
[main] WARN cloud.orbit.actors.net.DefaultHandlerContext - Unprocessed write STOPPING
[main] INFO cloud.orbit.actors.concurrent.WaitFreeMultiExecutionSerializer - Thread pool shutdown complete
Message sequence diagram for cloud.orbit.actors.test.stateless.StatelessActorTest.simpleStatelessThreeStages(StatelessActorTest.java:124)
file:///home/travis/build/passed/orbit/orbit/actors/test/actor-tests/target/surefire-reports/cloud.orbit.actors.test.stateless.StatelessActorTest-simpleStatelessThreeStages.messages.puml
Tests run: 8, Failures: 0, Errors: 0, Skipped: 0, Time elapsed: 1.702 sec
Running cloud.orbit.actors.test.stateless.StatelessDeactivationTest
Message sequence diagram for cloud.orbit.actors.test.stateless.StatelessDeactivationTest.deactivationOnTimeOut(StatelessDeactivationTest.java:97)
file:///home/travis/build/passed/orbit/orbit/actors/test/actor-tests/target/surefire-reports/cloud.orbit.actors.test.stateless.StatelessDeactivationTest-deactivationOnTimeOut.messages.puml
[main] WARN cloud.orbit.actors.net.DefaultHandlerContext - Unprocessed write STOPPING
[main] INFO cloud.orbit.actors.concurrent.WaitFreeMultiExecutionSerializer - Thread pool shutdown complete
Message sequence diagram for cloud.orbit.actors.test.stateless.StatelessDeactivationTest.deactivationOnStageStop(StatelessDeactivationTest.java:83)
file:///home/travis/build/passed/orbit/orbit/actors/test/actor-tests/target/surefire-reports/cloud.orbit.actors.test.stateless.StatelessDeactivationTest-deactivationOnStageStop.messages.puml
Tests run: 2, Failures: 0, Errors: 0, Skipped: 0, Time elapsed: 0.141 sec
Running cloud.orbit.actors.test.stateless.StatelessStateTest
[main] WARN cloud.orbit.actors.net.DefaultHandlerContext - Unprocessed write STOPPING
[main] INFO cloud.orbit.actors.concurrent.WaitFreeMultiExecutionSerializer - Thread pool shutdown complete
Message sequence diagram for cloud.orbit.actors.test.stateless.StatelessStateTest.testStatePersistence(StatelessStateTest.java:93)
file:///home/travis/build/passed/orbit/orbit/actors/test/actor-tests/target/surefire-reports/cloud.orbit.actors.test.stateless.StatelessStateTest-testStatePersistence.messages.puml
Tests run: 1, Failures: 0, Errors: 0, Skipped: 0, Time elapsed: 0.131 sec
Running cloud.orbit.actors.test.stateless.StatelessWithTimersTest
[main] WARN cloud.orbit.actors.net.DefaultHandlerContext - Unprocessed write STOPPING
[main] INFO cloud.orbit.actors.concurrent.WaitFreeMultiExecutionSerializer - Thread pool shutdown complete
Tests run: 2, Failures: 0, Errors: 0, Skipped: 0, Time elapsed: 0.334 sec
Running cloud.orbit.actors.test.storage.MultipleStorageTest
[main] WARN cloud.orbit.actors.net.DefaultHandlerContext - Unprocessed write STOPPING
[main] INFO cloud.orbit.actors.concurrent.WaitFreeMultiExecutionSerializer - Thread pool shutdown complete
Message sequence diagram for cloud.orbit.actors.test.storage.MultipleStorageTest.checkWritesTest(MultipleStorageTest.java:93)
file:///home/travis/build/passed/orbit/orbit/actors/test/actor-tests/target/surefire-reports/cloud.orbit.actors.test.storage.MultipleStorageTest-checkWritesTest.messages.puml
Tests run: 1, Failures: 0, Errors: 0, Skipped: 0, Time elapsed: 0.001 sec
Running cloud.orbit.actors.test.storage.NoStorageTest
Tests run: 2, Failures: 0, Errors: 0, Skipped: 0, Time elapsed: 0.054 sec
Running cloud.orbit.actors.test.storage.PersistenceTest
[main] WARN cloud.orbit.actors.net.DefaultHandlerContext - Unprocessed write STOPPING
[main] INFO cloud.orbit.actors.concurrent.WaitFreeMultiExecutionSerializer - Thread pool shutdown complete
[main] WARN cloud.orbit.actors.net.DefaultHandlerContext - Unprocessed write STOPPING
[main] INFO cloud.orbit.actors.concurrent.WaitFreeMultiExecutionSerializer - Thread pool shutdown complete
Message sequence diagram for cloud.orbit.actors.test.storage.PersistenceTest.checkReads(PersistenceTest.java:84)
file:///home/travis/build/passed/orbit/orbit/actors/test/actor-tests/target/surefire-reports/cloud.orbit.actors.test.storage.PersistenceTest-checkReads.messages.puml
Tests run: 3, Failures: 0, Errors: 0, Skipped: 0, Time elapsed: 0.268 sec
Running cloud.orbit.actors.test.streams.SimpleStreamTest
Message sequence diagram for cloud.orbit.actors.test.streams.SimpleStreamTest.test(SimpleStreamTest.java:57)
file:///home/travis/build/passed/orbit/orbit/actors/test/actor-tests/target/surefire-reports/cloud.orbit.actors.test.streams.SimpleStreamTest-test.messages.puml
[ForkJoinPool.commonPool-worker-2] WARN cloud.orbit.actors.net.DefaultHandlerContext - Unprocessed write STOPPING
Tests run: 1, Failures: 0, Errors: 0, Skipped: 0, Time elapsed: 0.062 sec
Running cloud.orbit.actors.test.streams.StreamActorDeactivationTest
[ForkJoinPool-1-worker-92] INFO cloud.orbit.actors.test.streams.StreamActorDeactivationTest$Hello - doSubscribe
[ForkJoinPool-1-worker-92] INFO cloud.orbit.actors.test.streams.StreamActorDeactivationTest$Hello - doSubscribe
Message sequence diagram for cloud.orbit.actors.test.streams.StreamActorDeactivationTest.testDeactivate(StreamActorDeactivationTest.java:106)
file:///home/travis/build/passed/orbit/orbit/actors/test/actor-tests/target/surefire-reports/cloud.orbit.actors.test.streams.StreamActorDeactivationTest-testDeactivate.messages.puml
Tests run: 1, Failures: 0, Errors: 0, Skipped: 0, Time elapsed: 0.044 sec
Running cloud.orbit.actors.test.streams.StreamMessageDispatcherTest
Message sequence diagram for cloud.orbit.actors.test.streams.StreamMessageDispatcherTest.testStreamMessageDispatcher(StreamMessageDispatcherTest.java:81)
file:///home/travis/build/passed/orbit/orbit/actors/test/actor-tests/target/surefire-reports/cloud.orbit.actors.test.streams.StreamMessageDispatcherTest-testStreamMessageDispatcher.messages.puml
Tests run: 1, Failures: 0, Errors: 0, Skipped: 0, Time elapsed: 0.017 sec
Running cloud.orbit.actors.test.streams.StreamPersistenceTest
[ForkJoinPool-1-worker-92] INFO cloud.orbit.actors.test.streams.StreamPersistenceTest$Hello - doSubscribe
[Time-limited test] WARN cloud.orbit.actors.net.DefaultHandlerContext - Unprocessed write STOPPING
[ForkJoinPool.commonPool-worker-2] INFO cloud.orbit.actors.concurrent.WaitFreeMultiExecutionSerializer - Thread pool shutdown complete
[Time-limited test] INFO cloud.orbit.actors.concurrent.WaitFreeMultiExecutionSerializer - Thread pool shutdown complete
Message sequence diagram for cloud.orbit.actors.test.streams.StreamPersistenceTest.testStreamPersistence(StreamPersistenceTest.java:111)
file:///home/travis/build/passed/orbit/orbit/actors/test/actor-tests/target/surefire-reports/cloud.orbit.actors.test.streams.StreamPersistenceTest-testStreamPersistence.messages.puml
Tests run: 1, Failures: 0, Errors: 0, Skipped: 0, Time elapsed: 0.14 sec
Running cloud.orbit.actors.test.streams.StreamReferenceTest
Message sequence diagram for cloud.orbit.actors.test.streams.StreamReferenceTest.testStreamReferenceWithRemoteStage(StreamReferenceTest.java:124)
file:///home/travis/build/passed/orbit/orbit/actors/test/actor-tests/target/surefire-reports/cloud.orbit.actors.test.streams.StreamReferenceTest-testStreamReferenceWithRemoteStage.messages.puml
Message sequence diagram for cloud.orbit.actors.test.streams.StreamReferenceTest.testStreamReferenceWithRemoteClient(StreamReferenceTest.java:95)
file:///home/travis/build/passed/orbit/orbit/actors/test/actor-tests/target/surefire-reports/cloud.orbit.actors.test.streams.StreamReferenceTest-testStreamReferenceWithRemoteClient.messages.puml
Tests run: 2, Failures: 0, Errors: 0, Skipped: 0, Time elapsed: 0.099 sec
Running cloud.orbit.actors.test.streams.StreamStatelessDeactivationTest
[ForkJoinPool-1-worker-2] INFO cloud.orbit.actors.test.streams.StreamStatelessDeactivationTest$StatelessHello - doSubscribe
[ForkJoinPool-1-worker-2] INFO cloud.orbit.actors.test.streams.StreamStatelessDeactivationTest$StatelessHello - doSubscribe
Message sequence diagram for cloud.orbit.actors.test.streams.StreamStatelessDeactivationTest.testDeactivate(StreamStatelessDeactivationTest.java:108)
file:///home/travis/build/passed/orbit/orbit/actors/test/actor-tests/target/surefire-reports/cloud.orbit.actors.test.streams.StreamStatelessDeactivationTest-testDeactivate.messages.puml
Tests run: 1, Failures: 0, Errors: 0, Skipped: 0, Time elapsed: 0.042 sec
Running cloud.orbit.actors.test.streams.StreamTest
Message sequence diagram for cloud.orbit.actors.test.streams.StreamTest.testUnSubscription(StreamTest.java:220)
file:///home/travis/build/passed/orbit/orbit/actors/test/actor-tests/target/surefire-reports/cloud.orbit.actors.test.streams.StreamTest-testUnSubscription.messages.puml
Message sequence diagram for cloud.orbit.actors.test.streams.StreamTest.test3Stages(StreamTest.java:150)
file:///home/travis/build/passed/orbit/orbit/actors/test/actor-tests/target/surefire-reports/cloud.orbit.actors.test.streams.StreamTest-test3Stages.messages.puml
[Time-limited test] WARN cloud.orbit.actors.net.DefaultHandlerContext - Unprocessed write STOPPING
[Time-limited test] INFO cloud.orbit.actors.concurrent.WaitFreeMultiExecutionSerializer - Thread pool shutdown complete
Message sequence diagram for cloud.orbit.actors.test.streams.StreamTest.testStreamPersistence(StreamTest.java:92)
file:///home/travis/build/passed/orbit/orbit/actors/test/actor-tests/target/surefire-reports/cloud.orbit.actors.test.streams.StreamTest-testStreamPersistence.messages.puml
Message sequence diagram for cloud.orbit.actors.test.streams.StreamTest.test(StreamTest.java:63)
file:///home/travis/build/passed/orbit/orbit/actors/test/actor-tests/target/surefire-reports/cloud.orbit.actors.test.streams.StreamTest-test.messages.puml
Message sequence diagram for cloud.orbit.actors.test.streams.StreamTest.test3StagesAndGc(StreamTest.java:186)
file:///home/travis/build/passed/orbit/orbit/actors/test/actor-tests/target/surefire-reports/cloud.orbit.actors.test.streams.StreamTest-test3StagesAndGc.messages.puml
Message sequence diagram for cloud.orbit.actors.test.streams.StreamTest.test2Stages(StreamTest.java:116)
file:///home/travis/build/passed/orbit/orbit/actors/test/actor-tests/target/surefire-reports/cloud.orbit.actors.test.streams.StreamTest-test2Stages.messages.puml
Tests run: 6, Failures: 0, Errors: 0, Skipped: 0, Time elapsed: 0.765 sec
Running cloud.orbit.actors.test.streams.StreamWithActorsTest
[ForkJoinPool-1-worker-204] INFO cloud.orbit.actors.test.streams.StreamWithActorsTest$Hello - activateAsync
[ForkJoinPool-1-worker-204] INFO cloud.orbit.actors.test.streams.StreamWithActorsTest$Hello - doSubscribe hash:1873779900
Message sequence diagram for cloud.orbit.actors.test.streams.StreamWithActorsTest.test2stages(StreamWithActorsTest.java:121)
file:///home/travis/build/passed/orbit/orbit/actors/test/actor-tests/target/surefire-reports/cloud.orbit.actors.test.streams.StreamWithActorsTest-test2stages.messages.puml
[ForkJoinPool-1-worker-92] INFO cloud.orbit.actors.test.streams.StreamWithActorsTest$Hello - activateAsync
[ForkJoinPool-1-worker-92] INFO cloud.orbit.actors.test.streams.StreamWithActorsTest$Hello - doSubscribe hash:655503887
[ForkJoinPool-1-worker-92] INFO cloud.orbit.actors.test.streams.StreamWithActorsTest$Hello - doUnSubscribe hash:655503887
Message sequence diagram for cloud.orbit.actors.test.streams.StreamWithActorsTest.testUnSubscribe2(StreamWithActorsTest.java:168)
file:///home/travis/build/passed/orbit/orbit/actors/test/actor-tests/target/surefire-reports/cloud.orbit.actors.test.streams.StreamWithActorsTest-testUnSubscribe2.messages.puml
[ForkJoinPool-1-worker-2] INFO cloud.orbit.actors.test.streams.StreamWithActorsTest$Hello - activateAsync
[ForkJoinPool-1-worker-2] INFO cloud.orbit.actors.test.streams.StreamWithActorsTest$Hello - doSubscribe hash:146001512
Message sequence diagram for cloud.orbit.actors.test.streams.StreamWithActorsTest.test(StreamWithActorsTest.java:108)
file:///home/travis/build/passed/orbit/orbit/actors/test/actor-tests/target/surefire-reports/cloud.orbit.actors.test.streams.StreamWithActorsTest-test.messages.puml
[ForkJoinPool-1-worker-204] INFO cloud.orbit.actors.test.streams.StreamWithActorsTest$Hello - activateAsync
[ForkJoinPool-1-worker-204] INFO cloud.orbit.actors.test.streams.StreamWithActorsTest$Hello - doSubscribe hash:1702252240
Message sequence diagram for cloud.orbit.actors.test.streams.StreamWithActorsTest.test2stagesWithDeliveryNotification(StreamWithActorsTest.java:136)
file:///home/travis/build/passed/orbit/orbit/actors/test/actor-tests/target/surefire-reports/cloud.orbit.actors.test.streams.StreamWithActorsTest-test2stagesWithDeliveryNotification.messages.puml
[ForkJoinPool-1-worker-163] INFO cloud.orbit.actors.test.streams.StreamWithActorsTest$Hello - activateAsync
[ForkJoinPool-1-worker-163] INFO cloud.orbit.actors.test.streams.StreamWithActorsTest$Hello - doSubscribe hash:876848312
[ForkJoinPool-1-worker-92] INFO cloud.orbit.actors.test.streams.StreamWithActorsTest$Hello - activateAsync
[ForkJoinPool-1-worker-92] INFO cloud.orbit.actors.test.streams.StreamWithActorsTest$Hello - doSubscribe hash:160097698
Message sequence diagram for cloud.orbit.actors.test.streams.StreamWithActorsTest.test2SubscriberActors(StreamWithActorsTest.java:190)
file:///home/travis/build/passed/orbit/orbit/actors/test/actor-tests/target/surefire-reports/cloud.orbit.actors.test.streams.StreamWithActorsTest-test2SubscriberActors.messages.puml
[ForkJoinPool-1-worker-92] INFO cloud.orbit.actors.test.streams.StreamWithActorsTest$Hello - activateAsync
[ForkJoinPool-1-worker-92] INFO cloud.orbit.actors.test.streams.StreamWithActorsTest$Hello - doSubscribe hash:385874891
[ForkJoinPool-1-worker-163] INFO cloud.orbit.actors.test.streams.StreamWithActorsTest$Hello - doUnSubscribe hash:385874891
Message sequence diagram for cloud.orbit.actors.test.streams.StreamWithActorsTest.testUnSubscribe(StreamWithActorsTest.java:151)
file:///home/travis/build/passed/orbit/orbit/actors/test/actor-tests/target/surefire-reports/cloud.orbit.actors.test.streams.StreamWithActorsTest-testUnSubscribe.messages.puml
Tests run: 6, Failures: 0, Errors: 0, Skipped: 0, Time elapsed: 0.117 sec
Running cloud.orbit.actors.test.streams.StreamWithClientTest
Message sequence diagram for cloud.orbit.actors.test.streams.StreamWithClientTest.testMessageClass(StreamWithClientTest.java:186)
file:///home/travis/build/passed/orbit/orbit/actors/test/actor-tests/target/surefire-reports/cloud.orbit.actors.test.streams.StreamWithClientTest-testMessageClass.messages.puml
[Time-limited test] INFO testUnsubscribe - subscribing
[Time-limited test] INFO testUnsubscribe - unsubscribing
[Time-limited test] INFO testUnsubscribe - subscribing again
Message sequence diagram for cloud.orbit.actors.test.streams.StreamWithClientTest.testUnsubscribe(StreamWithClientTest.java:143)
file:///home/travis/build/passed/orbit/orbit/actors/test/actor-tests/target/surefire-reports/cloud.orbit.actors.test.streams.StreamWithClientTest-testUnsubscribe.messages.puml
Message sequence diagram for cloud.orbit.actors.test.streams.StreamWithClientTest.test(StreamWithClientTest.java:97)
file:///home/travis/build/passed/orbit/orbit/actors/test/actor-tests/target/surefire-reports/cloud.orbit.actors.test.streams.StreamWithClientTest-test.messages.puml
Message sequence diagram for cloud.orbit.actors.test.streams.StreamWithClientTest.testMessageClassJsonTypeInfo(StreamWithClientTest.java:214)
file:///home/travis/build/passed/orbit/orbit/actors/test/actor-tests/target/surefire-reports/cloud.orbit.actors.test.streams.StreamWithClientTest-testMessageClassJsonTypeInfo.messages.puml
Tests run: 4, Failures: 0, Errors: 0, Skipped: 0, Time elapsed: 0.137 sec
Running cloud.orbit.actors.transactions.DisjunctTransactionTest
[ForkJoinPool-1-worker-204] INFO cloud.orbit.actors.transactions.DisjunctTransactionTest$Disjunct - activate
[ForkJoinPool-1-worker-2] INFO cloud.orbit.actors.transactions.DisjunctTransactionTest$Disjunct - activate
[ForkJoinPool-1-worker-2] INFO cloud.orbit.actors.transactions.DisjunctTransactionTest$Disjunct - activate
[ForkJoinPool-1-worker-49] INFO cloud.orbit.actors.transactions.DisjunctTransactionTest$Disjunct - activate
[ForkJoinPool-1-worker-204] INFO cloud.orbit.actors.transactions.DisjunctTransactionTest$Disjunct - activate
[ForkJoinPool-1-worker-49] INFO cloud.orbit.actors.transactions.DisjunctTransactionTest$Disjunct - activate
[ForkJoinPool-1-worker-204] INFO cloud.orbit.actors.transactions.DisjunctTransactionTest$Disjunct - activate
Message sequence diagram for cloud.orbit.actors.transactions.DisjunctTransactionTest.remoteFailureInTheFirst(DisjunctTransactionTest.java:230)
file:///home/travis/build/passed/orbit/orbit/actors/test/actor-tests/target/surefire-reports/cloud.orbit.actors.transactions.DisjunctTransactionTest-remoteFailureInTheFirst.messages.puml
[ForkJoinPool-1-worker-163] INFO cloud.orbit.actors.transactions.DisjunctTransactionTest$Disjunct - activate
[ForkJoinPool-1-worker-163] INFO cloud.orbit.actors.transactions.DisjunctTransactionTest$Disjunct - activate
Tests run: 6, Failures: 0, Errors: 0, Skipped: 0, Time elapsed: 0.332 sec
Running cloud.orbit.actors.transactions.EventPersistenceTest
[main] WARN cloud.orbit.actors.net.DefaultHandlerContext - Unprocessed write STOPPING
[main] INFO cloud.orbit.actors.concurrent.WaitFreeMultiExecutionSerializer - Thread pool shutdown complete
Tests run: 4, Failures: 0, Errors: 0, Skipped: 0, Time elapsed: 0.188 sec
Running cloud.orbit.actors.transactions.EventTypeTest
[main] WARN cloud.orbit.actors.net.DefaultHandlerContext - Unprocessed write STOPPING
[main] INFO cloud.orbit.actors.concurrent.WaitFreeMultiExecutionSerializer - Thread pool shutdown complete
{cloud.orbit.actors.transactions.Transaction:7ByzSpuSN6w49Mkj={"actors":["java.util.LinkedHashSet",["!!cloud.orbit.actors.transactions.EventTypeTest$Jimmy 1"]],"children":["java.util.LinkedHashSet",[]],"parentTransactionId":null,"canceled":false,"startTime":1644145862433}, cloud.orbit.actors.transactions.Transaction:Av-Hqsbv6yfY7ff0={"actors":["java.util.LinkedHashSet",["!!cloud.orbit.actors.transactions.EventTypeTest$Jimmy 1"]],"children":["java.util.LinkedHashSet",[]],"parentTransactionId":null,"canceled":false,"startTime":1644145862438}, cloud.orbit.actors.transactions.EventTypeTest$Jimmy:1={"events":["java.util.ArrayList",[{"timestamp":1644145862433,"transactionId":"7ByzSpuSN6w49Mkj","methodName":"incrementBalance","params":[3]},{"timestamp":1644145862433,"transactionId":"7ByzSpuSN6w49Mkj","methodName":"incrementBalanceWithFloat","params":[["java.lang.Float",3.0]]},{"timestamp":1644145862433,"transactionId":"7ByzSpuSN6w49Mkj","methodName":"returnInt","params":[]},{"timestamp":1644145862433,"transactionId":"7ByzSpuSN6w49Mkj","methodName":"returnDouble","params":[]},{"timestamp":1644145862433,"transactionId":"7ByzSpuSN6w49Mkj","methodName":"returnLong","params":[]},{"timestamp":1644145862433,"transactionId":"7ByzSpuSN6w49Mkj","methodName":"returnWLong","params":[]},{"timestamp":1644145862433,"transactionId":"7ByzSpuSN6w49Mkj","methodName":"returnObject","params":[]},{"timestamp":1644145862433,"transactionId":"7ByzSpuSN6w49Mkj","methodName":"returnTask","params":[]},{"timestamp":1644145862438,"transactionId":"Av-Hqsbv6yfY7ff0","methodName":"incrementBalance","params":[5]},{"timestamp":1644145862438,"transactionId":"Av-Hqsbv6yfY7ff0","methodName":"incrementBalanceWithFloat","params":[["java.lang.Float",5.0]]},{"timestamp":1644145862438,"transactionId":"Av-Hqsbv6yfY7ff0","methodName":"returnInt","params":[]},{"timestamp":1644145862438,"transactionId":"Av-Hqsbv6yfY7ff0","methodName":"returnDouble","params":[]},{"timestamp":1644145862438,"transactionId":"Av-Hqsbv6yfY7ff0","methodName":"returnLong","params":[]},{"timestamp":1644145862438,"transactionId":"Av-Hqsbv6yfY7ff0","methodName":"returnWLong","params":[]},{"timestamp":1644145862438,"transactionId":"Av-Hqsbv6yfY7ff0","methodName":"returnObject","params":[]},{"timestamp":1644145862438,"transactionId":"Av-Hqsbv6yfY7ff0","methodName":"returnTask","params":[]},{"timestamp":1644145862547,"transactionId":"ec_iEh3Ra5H5PPzZ","methodName":"incrementBalance","params":[7]},{"timestamp":1644145862547,"transactionId":"ec_iEh3Ra5H5PPzZ","methodName":"incrementBalanceWithFloat","params":[["java.lang.Float",7.0]]},{"timestamp":1644145862547,"transactionId":"ec_iEh3Ra5H5PPzZ","methodName":"returnInt","params":[]},{"timestamp":1644145862547,"transactionId":"ec_iEh3Ra5H5PPzZ","methodName":"returnDouble","params":[]},{"timestamp":1644145862547,"transactionId":"ec_iEh3Ra5H5PPzZ","methodName":"returnLong","params":[]},{"timestamp":1644145862547,"transactionId":"ec_iEh3Ra5H5PPzZ","methodName":"returnWLong","params":[]},{"timestamp":1644145862547,"transactionId":"ec_iEh3Ra5H5PPzZ","methodName":"returnObject","params":[]},{"timestamp":1644145862547,"transactionId":"ec_iEh3Ra5H5PPzZ","methodName":"returnTask","params":[]}]],"balance":30}, cloud.orbit.actors.transactions.Transaction:ec_iEh3Ra5H5PPzZ={"actors":["java.util.LinkedHashSet",["!!cloud.orbit.actors.transactions.EventTypeTest$Jimmy 1"]],"children":["java.util.LinkedHashSet",[]],"parentTransactionId":null,"canceled":false,"startTime":1644145862547}}
Tests run: 2, Failures: 0, Errors: 0, Skipped: 0, Time elapsed: 0.166 sec
Running cloud.orbit.actors.transactions.NestedTransactionTest
Message sequence diagram for cloud.orbit.actors.transactions.NestedTransactionTest.remoteNestingFailureInOuter(NestedTransactionTest.java:226)
file:///home/travis/build/passed/orbit/orbit/actors/test/actor-tests/target/surefire-reports/cloud.orbit.actors.transactions.NestedTransactionTest-remoteNestingFailureInOuter.messages.puml
Message sequence diagram for cloud.orbit.actors.transactions.NestedTransactionTest.nestingFailureInOuter(NestedTransactionTest.java:176)
file:///home/travis/build/passed/orbit/orbit/actors/test/actor-tests/target/surefire-reports/cloud.orbit.actors.transactions.NestedTransactionTest-nestingFailureInOuter.messages.puml
Message sequence diagram for cloud.orbit.actors.transactions.NestedTransactionTest.remoteNestingFailureInNested(NestedTransactionTest.java:204)
file:///home/travis/build/passed/orbit/orbit/actors/test/actor-tests/target/surefire-reports/cloud.orbit.actors.transactions.NestedTransactionTest-remoteNestingFailureInNested.messages.puml
Tests run: 6, Failures: 0, Errors: 0, Skipped: 0, Time elapsed: 0.102 sec
Running cloud.orbit.actors.transactions.SimpleTransactionTest
Message sequence diagram for cloud.orbit.actors.transactions.SimpleTransactionTest.simpleTransactionFailure(SimpleTransactionTest.java:130)
file:///home/travis/build/passed/orbit/orbit/actors/test/actor-tests/target/surefire-reports/cloud.orbit.actors.transactions.SimpleTransactionTest-simpleTransactionFailure.messages.puml
Message sequence diagram for cloud.orbit.actors.transactions.SimpleTransactionTest.simpleTransaction(SimpleTransactionTest.java:114)
file:///home/travis/build/passed/orbit/orbit/actors/test/actor-tests/target/surefire-reports/cloud.orbit.actors.transactions.SimpleTransactionTest-simpleTransaction.messages.puml
Tests run: 3, Failures: 0, Errors: 0, Skipped: 0, Time elapsed: 0.005 sec
Running cloud.orbit.actors.transactions.TransactionTest
Message sequence diagram for cloud.orbit.actors.transactions.TransactionTest.successfulTransaction(TransactionTest.java:199)
file:///home/travis/build/passed/orbit/orbit/actors/test/actor-tests/target/surefire-reports/cloud.orbit.actors.transactions.TransactionTest-successfulTransaction.messages.puml
Message sequence diagram for cloud.orbit.actors.transactions.TransactionTest.failedTransaction(TransactionTest.java:220)
file:///home/travis/build/passed/orbit/orbit/actors/test/actor-tests/target/surefire-reports/cloud.orbit.actors.transactions.TransactionTest-failedTransaction.messages.puml
not enough funds: 50 > 4
Message sequence diagram for cloud.orbit.actors.transactions.TransactionTest.failedTransaction2(TransactionTest.java:251)
file:///home/travis/build/passed/orbit/orbit/actors/test/actor-tests/target/surefire-reports/cloud.orbit.actors.transactions.TransactionTest-failedTransaction2.messages.puml
Tests run: 3, Failures: 0, Errors: 0, Skipped: 0, Time elapsed: 1.136 sec
Running cloud.orbit.actors.transactions.TreeTransactionTest
Message sequence diagram for cloud.orbit.actors.transactions.TreeTransactionTest.treeCancellation(TreeTransactionTest.java:130)
file:///home/travis/build/passed/orbit/orbit/actors/test/actor-tests/target/surefire-reports/cloud.orbit.actors.transactions.TreeTransactionTest-treeCancellation.messages.puml
Tests run: 2, Failures: 0, Errors: 0, Skipped: 0, Time elapsed: 0.051 sec

Results :

Tests run: 166, Failures: 0, Errors: 0, Skipped: 2

[INFO]                                                                         
[INFO] ------------------------------------------------------------------------
[INFO] Building Orbit Actor Benchmarks 0.9.0-SNAPSHOT
[INFO] ------------------------------------------------------------------------
[INFO] 
[INFO] --- maven-processor-plugin:2.2.4:process (process) @ orbit-actor-benchmarks ---
[WARNING] No processors specified. Using default discovery mechanism.
[INFO] 
[INFO] --- maven-resources-plugin:2.6:resources (default-resources) @ orbit-actor-benchmarks ---
[INFO] Using 'UTF-8' encoding to copy filtered resources.
[INFO] Copying 1 resource
[INFO] 
[INFO] --- maven-compiler-plugin:3.5.1:compile (default-compile) @ orbit-actor-benchmarks ---
[INFO] Changes detected - recompiling the module!
[INFO] Compiling 12 source files to /home/travis/build/passed/orbit/orbit/actors/test/benchmarks/target/classes
[INFO] 
[INFO] >>> ea-async-maven-plugin:1.0.2:instrument (default) > process-classes @ orbit-actor-benchmarks >>>
[INFO] 
[INFO] --- maven-processor-plugin:2.2.4:process (process) @ orbit-actor-benchmarks ---
[WARNING] No processors specified. Using default discovery mechanism.
[INFO] 
[INFO] --- maven-resources-plugin:2.6:resources (default-resources) @ orbit-actor-benchmarks ---
[INFO] Using 'UTF-8' encoding to copy filtered resources.
[INFO] Copying 1 resource
[INFO] 
[INFO] --- maven-compiler-plugin:3.5.1:compile (default-compile) @ orbit-actor-benchmarks ---
[INFO] Nothing to compile - all classes are up to date
[INFO] 
[INFO] <<< ea-async-maven-plugin:1.0.2:instrument (default) < process-classes @ orbit-actor-benchmarks <<<
[INFO] 
[INFO] --- ea-async-maven-plugin:1.0.2:instrument (default) @ orbit-actor-benchmarks ---
[INFO] Orbit Async main-classes instrumented: 0
[INFO] 
[INFO] --- maven-resources-plugin:2.6:testResources (default-testResources) @ orbit-actor-benchmarks ---
[INFO] Using 'UTF-8' encoding to copy filtered resources.
[INFO] skip non existing resourceDirectory /home/travis/build/passed/orbit/orbit/actors/test/benchmarks/src/test/resources
[INFO] 
[INFO] --- maven-compiler-plugin:3.5.1:testCompile (default-testCompile) @ orbit-actor-benchmarks ---
[INFO] No sources to compile
[INFO] 
[INFO] >>> ea-async-maven-plugin:1.0.2:instrument-test (default) > process-test-classes @ orbit-actor-benchmarks >>>
[INFO] 
[INFO] --- maven-processor-plugin:2.2.4:process (process) @ orbit-actor-benchmarks ---
[WARNING] No processors specified. Using default discovery mechanism.
[INFO] 
[INFO] --- maven-resources-plugin:2.6:resources (default-resources) @ orbit-actor-benchmarks ---
[INFO] Using 'UTF-8' encoding to copy filtered resources.
[INFO] Copying 1 resource
[INFO] 
[INFO] --- maven-compiler-plugin:3.5.1:compile (default-compile) @ orbit-actor-benchmarks ---
[INFO] Nothing to compile - all classes are up to date
[INFO] 
[INFO] >>> ea-async-maven-plugin:1.0.2:instrument (default) > process-classes @ orbit-actor-benchmarks >>>
[INFO] 
[INFO] --- maven-processor-plugin:2.2.4:process (process) @ orbit-actor-benchmarks ---
[WARNING] No processors specified. Using default discovery mechanism.
[INFO] 
[INFO] --- maven-resources-plugin:2.6:resources (default-resources) @ orbit-actor-benchmarks ---
[INFO] Using 'UTF-8' encoding to copy filtered resources.
[INFO] Copying 1 resource
[INFO] 
[INFO] --- maven-compiler-plugin:3.5.1:compile (default-compile) @ orbit-actor-benchmarks ---
[INFO] Changes detected - recompiling the module!
[INFO] Compiling 12 source files to /home/travis/build/passed/orbit/orbit/actors/test/benchmarks/target/classes
[INFO] 
[INFO] <<< ea-async-maven-plugin:1.0.2:instrument (default) < process-classes @ orbit-actor-benchmarks <<<
[INFO] 
[INFO] --- ea-async-maven-plugin:1.0.2:instrument (default) @ orbit-actor-benchmarks ---
[INFO] Orbit Async main-classes instrumented: 0
[INFO] 
[INFO] --- maven-resources-plugin:2.6:testResources (default-testResources) @ orbit-actor-benchmarks ---
[INFO] Using 'UTF-8' encoding to copy filtered resources.
[INFO] skip non existing resourceDirectory /home/travis/build/passed/orbit/orbit/actors/test/benchmarks/src/test/resources
[INFO] 
[INFO] --- maven-compiler-plugin:3.5.1:testCompile (default-testCompile) @ orbit-actor-benchmarks ---
[INFO] No sources to compile
[INFO] 
[INFO] <<< ea-async-maven-plugin:1.0.2:instrument-test (default) < process-test-classes @ orbit-actor-benchmarks <<<
[INFO] 
[INFO] --- ea-async-maven-plugin:1.0.2:instrument-test (default) @ orbit-actor-benchmarks ---
[INFO] Skipping instrumentation of the test-classes
[INFO] 
[INFO] --- maven-surefire-plugin:2.12.4:test (default-test) @ orbit-actor-benchmarks ---
[INFO] No tests to run.
[INFO] ------------------------------------------------------------------------
[INFO] Reactor Summary:
[INFO] 
[INFO] Orbit Internal Parent .............................. SUCCESS [  0.002 s]
[INFO] Orbit Commons ...................................... SUCCESS [  5.016 s]
[INFO] Orbit Actors ....................................... SUCCESS [  0.208 s]
[INFO] Orbit Core ......................................... SUCCESS [  3.225 s]
[INFO] Orbit Default Cluster .............................. SUCCESS [  0.705 s]
[INFO] Orbit Runtime ...................................... SUCCESS [  2.903 s]
[INFO] Orbit JSON Utilities ............................... SUCCESS [  2.181 s]
[INFO] Orbit Actor Tests .................................. SUCCESS [ 27.150 s]
[INFO] Orbit Actor Benchmarks ............................. SUCCESS [  2.430 s]
[INFO] ------------------------------------------------------------------------
[INFO] BUILD SUCCESS
[INFO] ------------------------------------------------------------------------
[INFO] Total time: 44.002 s
[INFO] Finished at: 2022-02-06T11:11:06+00:00
[INFO] Final Memory: 25M/293M
[INFO] ------------------------------------------------------------------------

travis_time:end:0b58181e:start=1644145821518507984,finish=1644145866803431865,duration=45284923881[0K
[32;1mThe command "mvn test -Dhttps.protocols=TLSv1.2 -Dhttps.protocols=TLSv1.2 -B" exited with 0.[0m

Done. Your build exited with 0.
