travis_fold:start:system_info[0K[33;1mBuild system information[0m
Build language: java
Build group: stable
Build dist: trusty
Build id: ''
Job id: ''
Runtime kernel version: 4.15.0-109-generic
[34m[1mBuild image provisioning date and time[0m
Tue Dec  5 20:11:19 UTC 2017
[34m[1mOperating System Details[0m
Distributor ID:	Ubuntu
Description:	Ubuntu 14.04.5 LTS
Release:	14.04
Codename:	trusty
[34m[1mCookbooks Version[0m
7c2c6a6 https://github.com/travis-ci/travis-cookbooks/tree/7c2c6a6
[34m[1mgit version[0m
git version 2.15.1
[34m[1mbash version[0m
GNU bash, version 4.3.11(1)-release (x86_64-pc-linux-gnu)
[34m[1mgcc version[0m
gcc (Ubuntu 4.8.4-2ubuntu1~14.04.3) 4.8.4
Copyright (C) 2013 Free Software Foundation, Inc.
This is free software; see the source for copying conditions.  There is NO
warranty; not even for MERCHANTABILITY or FITNESS FOR A PARTICULAR PURPOSE.

[34m[1mdocker version[0m
Client:
 Version:      17.09.0-ce
 API version:  1.32
 Go version:   go1.8.3
 Git commit:   afdb6d4
 Built:        Tue Sep 26 22:39:28 2017
 OS/Arch:      linux/amd64
[34m[1mclang version[0m
clang version 5.0.0 (tags/RELEASE_500/final)
Target: x86_64-unknown-linux-gnu
Thread model: posix
InstalledDir: /usr/local/clang-5.0.0/bin
[34m[1mjq version[0m
jq-1.5
[34m[1mbats version[0m
Bats 0.4.0
[34m[1mshellcheck version[0m
0.4.6
[34m[1mshfmt version[0m
v2.0.0
[34m[1mccache version[0m
ccache version 3.1.9

Copyright (C) 2002-2007 Andrew Tridgell
Copyright (C) 2009-2011 Joel Rosdahl

This program is free software; you can redistribute it and/or modify it under
the terms of the GNU General Public License as published by the Free Software
Foundation; either version 3 of the License, or (at your option) any later
version.
[34m[1mcmake version[0m
cmake version 3.9.2

CMake suite maintained and supported by Kitware (kitware.com/cmake).
[34m[1mheroku version[0m
heroku-cli/6.14.39-addc925 (linux-x64) node-v9.2.0
[34m[1mimagemagick version[0m
Version: ImageMagick 6.7.7-10 2017-07-31 Q16 http://www.imagemagick.org
[34m[1mmd5deep version[0m
4.2
[34m[1mmercurial version[0m
Mercurial Distributed SCM (version 4.2.2)
(see https://mercurial-scm.org for more information)

Copyright (C) 2005-2017 Matt Mackall and others
This is free software; see the source for copying conditions. There is NO
warranty; not even for MERCHANTABILITY or FITNESS FOR A PARTICULAR PURPOSE.
[34m[1mmysql version[0m
mysql  Ver 14.14 Distrib 5.6.33, for debian-linux-gnu (x86_64) using  EditLine wrapper
[34m[1mopenssl version[0m
OpenSSL 1.0.1f 6 Jan 2014
[34m[1mpacker version[0m
Packer v1.0.2

Your version of Packer is out of date! The latest version
is 1.1.2. You can update by downloading from www.packer.io
[34m[1mpostgresql client version[0m
psql (PostgreSQL) 9.6.6
[34m[1mragel version[0m
Ragel State Machine Compiler version 6.8 Feb 2013
Copyright (c) 2001-2009 by Adrian Thurston
[34m[1msubversion version[0m
svn, version 1.8.8 (r1568071)
   compiled Aug 10 2017, 17:20:39 on x86_64-pc-linux-gnu

Copyright (C) 2013 The Apache Software Foundation.
This software consists of contributions made by many people;
see the NOTICE file for more information.
Subversion is open source software, see http://subversion.apache.org/

The following repository access (RA) modules are available:

* ra_svn : Module for accessing a repository using the svn network protocol.
  - with Cyrus SASL authentication
  - handles 'svn' scheme
* ra_local : Module for accessing a repository on local disk.
  - handles 'file' scheme
* ra_serf : Module for accessing a repository via WebDAV protocol using serf.
  - using serf 1.3.3
  - handles 'http' scheme
  - handles 'https' scheme

[34m[1msudo version[0m
Sudo version 1.8.9p5
Configure options: --prefix=/usr -v --with-all-insults --with-pam --with-fqdn --with-logging=syslog --with-logfac=authpriv --with-env-editor --with-editor=/usr/bin/editor --with-timeout=15 --with-password-timeout=0 --with-passprompt=[sudo] password for %p:  --without-lecture --with-tty-tickets --disable-root-mailer --enable-admin-flag --with-sendmail=/usr/sbin/sendmail --with-timedir=/var/lib/sudo --mandir=/usr/share/man --libexecdir=/usr/lib/sudo --with-sssd --with-sssd-lib=/usr/lib/x86_64-linux-gnu --with-selinux
Sudoers policy plugin version 1.8.9p5
Sudoers file grammar version 43

Sudoers path: /etc/sudoers
Authentication methods: 'pam'
Syslog facility if syslog is being used for logging: authpriv
Syslog priority to use when user authenticates successfully: notice
Syslog priority to use when user authenticates unsuccessfully: alert
Send mail if the user is not in sudoers
Use a separate timestamp for each user/tty combo
Lecture user the first time they run sudo
Root may run sudo
Allow some information gathering to give useful error messages
Require fully-qualified hostnames in the sudoers file
Visudo will honor the EDITOR environment variable
Set the LOGNAME and USER environment variables
Length at which to wrap log file lines (0 for no wrap): 80
Authentication timestamp timeout: 15.0 minutes
Password prompt timeout: 0.0 minutes
Number of tries to enter a password: 3
Umask to use or 0777 to use user's: 022
Path to mail program: /usr/sbin/sendmail
Flags for mail program: -t
Address to send mail to: root
Subject line for mail messages: *** SECURITY information for %h ***
Incorrect password message: Sorry, try again.
Path to authentication timestamp dir: /var/lib/sudo
Default password prompt: [sudo] password for %p: 
Default user to run commands as: root
Value to override user's $PATH with: /usr/local/sbin:/usr/local/bin:/usr/sbin:/usr/bin:/sbin:/bin:/snap/bin
Path to the editor for use by visudo: /usr/bin/editor
When to require a password for 'list' pseudocommand: any
When to require a password for 'verify' pseudocommand: all
File descriptors >= 3 will be closed before executing a command
Environment variables to check for sanity:
	TZ
	TERM
	LINGUAS
	LC_*
	LANGUAGE
	LANG
	COLORTERM
Environment variables to remove:
	RUBYOPT
	RUBYLIB
	PYTHONUSERBASE
	PYTHONINSPECT
	PYTHONPATH
	PYTHONHOME
	TMPPREFIX
	ZDOTDIR
	READNULLCMD
	NULLCMD
	FPATH
	PERL5DB
	PERL5OPT
	PERL5LIB
	PERLLIB
	PERLIO_DEBUG 
	JAVA_TOOL_OPTIONS
	SHELLOPTS
	GLOBIGNORE
	PS4
	BASH_ENV
	ENV
	TERMCAP
	TERMPATH
	TERMINFO_DIRS
	TERMINFO
	_RLD*
	LD_*
	PATH_LOCALE
	NLSPATH
	HOSTALIASES
	RES_OPTIONS
	LOCALDOMAIN
	CDPATH
	IFS
Environment variables to preserve:
	JAVA_HOME
	TRAVIS
	CI
	DEBIAN_FRONTEND
	XAUTHORIZATION
	XAUTHORITY
	PS2
	PS1
	PATH
	LS_COLORS
	KRB5CCNAME
	HOSTNAME
	HOME
	DISPLAY
	COLORS
Locale to use while parsing sudoers: C
Directory in which to store input/output logs: /var/log/sudo-io
File in which to store the input/output log: %{seq}
Add an entry to the utmp/utmpx file when allocating a pty
PAM service name to use
PAM service name to use for login shells
Create a new PAM session for the command to run in
Maximum I/O log sequence number: 0

Local IP address and netmask pairs:
	172.17.0.2/255.255.0.0

Sudoers I/O plugin version 1.8.9p5
[34m[1mgzip version[0m
gzip 1.6
Copyright (C) 2007, 2010, 2011 Free Software Foundation, Inc.
Copyright (C) 1993 Jean-loup Gailly.
This is free software.  You may redistribute copies of it under the terms of
the GNU General Public License <http://www.gnu.org/licenses/gpl.html>.
There is NO WARRANTY, to the extent permitted by law.

Written by Jean-loup Gailly.
[34m[1mzip version[0m
Copyright (c) 1990-2008 Info-ZIP - Type 'zip "-L"' for software license.
This is Zip 3.0 (July 5th 2008), by Info-ZIP.
Currently maintained by E. Gordon.  Please send bug reports to
the authors using the web page at www.info-zip.org; see README for details.

Latest sources and executables are at ftp://ftp.info-zip.org/pub/infozip,
as of above date; see http://www.info-zip.org/ for other sites.

Compiled with gcc 4.8.2 for Unix (Linux ELF) on Oct 21 2013.

Zip special compilation options:
	USE_EF_UT_TIME       (store Universal Time)
	BZIP2_SUPPORT        (bzip2 library version 1.0.6, 6-Sept-2010)
	    bzip2 code and library copyright (c) Julian R Seward
	    (See the bzip2 license for terms of use)
	SYMLINK_SUPPORT      (symbolic links supported)
	LARGE_FILE_SUPPORT   (can read and write large files on file system)
	ZIP64_SUPPORT        (use Zip64 to store large files in archives)
	UNICODE_SUPPORT      (store and read UTF-8 Unicode paths)
	STORE_UNIX_UIDs_GIDs (store UID/GID sizes/values using new extra field)
	UIDGID_NOT_16BIT     (old Unix 16-bit UID/GID extra field not used)
	[encryption, version 2.91 of 05 Jan 2007] (modified for Zip 3)

Encryption notice:
	The encryption code of this program is not copyrighted and is
	put in the public domain.  It was originally written in Europe
	and, to the best of our knowledge, can be freely distributed
	in both source and object forms from any country, including
	the USA under License Exception TSU of the U.S. Export
	Administration Regulations (section 740.13(e)) of 6 June 2002.

Zip environment options:
             ZIP:  [none]
          ZIPOPT:  [none]
[34m[1mvim version[0m
VIM - Vi IMproved 7.4 (2013 Aug 10, compiled Nov 24 2016 16:43:18)
Included patches: 1-52
Extra patches: 8.0.0056
Modified by pkg-vim-maintainers@lists.alioth.debian.org
Compiled by buildd@
Huge version without GUI.  Features included (+) or not (-):
+acl             +farsi           +mouse_netterm   +syntax
+arabic          +file_in_path    +mouse_sgr       +tag_binary
+autocmd         +find_in_path    -mouse_sysmouse  +tag_old_static
-balloon_eval    +float           +mouse_urxvt     -tag_any_white
-browse          +folding         +mouse_xterm     -tcl
++builtin_terms  -footer          +multi_byte      +terminfo
+byte_offset     +fork()          +multi_lang      +termresponse
+cindent         +gettext         -mzscheme        +textobjects
-clientserver    -hangul_input    +netbeans_intg   +title
-clipboard       +iconv           +path_extra      -toolbar
+cmdline_compl   +insert_expand   -perl            +user_commands
+cmdline_hist    +jumplist        +persistent_undo +vertsplit
+cmdline_info    +keymap          +postscript      +virtualedit
+comments        +langmap         +printer         +visual
+conceal         +libcall         +profile         +visualextra
+cryptv          +linebreak       +python          +viminfo
+cscope          +lispindent      -python3         +vreplace
+cursorbind      +listcmds        +quickfix        +wildignore
+cursorshape     +localmap        +reltime         +wildmenu
+dialog_con      -lua             +rightleft       +windows
+diff            +menu            -ruby            +writebackup
+digraphs        +mksession       +scrollbind      -X11
-dnd             +modify_fname    +signs           -xfontset
-ebcdic          +mouse           +smartindent     -xim
+emacs_tags      -mouseshape      -sniff           -xsmp
+eval            +mouse_dec       +startuptime     -xterm_clipboard
+ex_extra        +mouse_gpm       +statusline      -xterm_save
+extra_search    -mouse_jsbterm   -sun_workshop    -xpm
   system vimrc file: "$VIM/vimrc"
     user vimrc file: "$HOME/.vimrc"
 2nd user vimrc file: "~/.vim/vimrc"
      user exrc file: "$HOME/.exrc"
  fall-back for $VIM: "/usr/share/vim"
Compilation: gcc -c -I. -Iproto -DHAVE_CONFIG_H     -g -O2 -fstack-protector --param=ssp-buffer-size=4 -Wformat -Werror=format-security -U_FORTIFY_SOURCE -D_FORTIFY_SOURCE=1      
Linking: gcc   -Wl,-Bsymbolic-functions -Wl,-z,relro -Wl,--as-needed -o vim        -lm -ltinfo -lnsl  -lselinux  -lacl -lattr -lgpm -ldl    -L/usr/lib/python2.7/config-x86_64-linux-gnu -lpython2.7 -lpthread -ldl -lutil -lm -Xlinker -export-dynamic -Wl,-O1 -Wl,-Bsymbolic-functions      
[34m[1miptables version[0m
iptables v1.4.21
[34m[1mcurl version[0m
curl 7.35.0 (x86_64-pc-linux-gnu) libcurl/7.35.0 OpenSSL/1.0.1f zlib/1.2.8 libidn/1.28 librtmp/2.3
[34m[1mwget version[0m
GNU Wget 1.15 built on linux-gnu.
[34m[1mrsync version[0m
rsync  version 3.1.0  protocol version 31
[34m[1mgimme version[0m
v1.2.0
[34m[1mnvm version[0m
0.33.6
[34m[1mperlbrew version[0m
/home/travis/perl5/perlbrew/bin/perlbrew  - App::perlbrew/0.80
[34m[1mphpenv version[0m
rbenv 1.1.1-25-g6aa70b6
[34m[1mrvm version[0m
rvm 1.29.3 (latest) by Michal Papis, Piotr Kuczynski, Wayne E. Seguin [https://rvm.io]
[34m[1mdefault ruby version[0m
ruby 2.4.1p111 (2017-03-22 revision 58053) [x86_64-linux]
[34m[1mCouchDB version[0m
couchdb 1.6.1
[34m[1mElasticSearch version[0m
5.5.0
[34m[1mInstalled Firefox version[0m
firefox 56.0.2
[34m[1mMongoDB version[0m
MongoDB 3.4.10
[34m[1mPhantomJS version[0m
2.1.1
[34m[1mPre-installed PostgreSQL versions[0m
9.2.24
9.3.20
9.4.15
9.5.10
9.6.6
[34m[1mRabbitMQ Version[0m
3.6.14
[34m[1mRedis version[0m
redis-server 4.0.6
[34m[1mriak version[0m
2.2.3
[34m[1mPre-installed Go versions[0m
1.7.4
[34m[1mant version[0m
Apache Ant(TM) version 1.9.3 compiled on April 8 2014
[34m[1mmvn version[0m
Apache Maven 3.5.2 (138edd61fd100ec658bfa2d307c43b76940a5d7d; 2017-10-18T07:58:13Z)
Maven home: /usr/local/maven-3.5.2
Java version: 1.8.0_151, vendor: Oracle Corporation
Java home: /usr/lib/jvm/java-8-oracle/jre
Default locale: en_US, platform encoding: UTF-8
OS name: "linux", version: "4.4.0-101-generic", arch: "amd64", family: "unix"
[34m[1mgradle version[0m

------------------------------------------------------------
Gradle 4.0.1
------------------------------------------------------------

Build time:   2017-07-07 14:02:41 UTC
Revision:     38e5dc0f772daecca1d2681885d3d85414eb6826

Groovy:       2.4.11
Ant:          Apache Ant(TM) version 1.9.6 compiled on June 29 2015
JVM:          1.8.0_151 (Oracle Corporation 25.151-b12)
OS:           Linux 4.4.0-101-generic amd64

[34m[1mlein version[0m
Leiningen 2.8.1 on Java 1.8.0_151 Java HotSpot(TM) 64-Bit Server VM
[34m[1mPre-installed Node.js versions[0m
v4.8.6
v6.12.0
v6.12.1
v8.9
v8.9.1
[34m[1mphpenv versions[0m
  system
  5.6
* 5.6.32 (set by /home/travis/.phpenv/version)
  7.0
  7.0.25
  7.1
  7.1.11
  hhvm
  hhvm-stable
[34m[1mcomposer --version[0m
Composer version 1.5.2 2017-09-11 16:59:25
[34m[1mPre-installed Ruby versions[0m
ruby-2.2.7
ruby-2.3.4
ruby-2.4.1
travis_fold:end:system_info[0K
[31;1mTimeout waiting for network availability.[0m
sed: cannot rename /etc/hosts: Device or resource busy
travis_fold:start:docker_mtu[0Ktee: /etc/docker/daemon.json: No such file or directory
docker: unrecognized service
travis_fold:end:docker_mtu[0Ktravis_fold:start:resolvconf[0Kinitctl: Unable to connect to Upstart: Failed to connect to socket /com/ubuntu/upstart: Connection refused
 * Restarting resolvconf...
   ...done.
travis_fold:end:resolvconf[0K
travis_fold:start:install_jdk[0K[33;1mInstalling oraclejdk8[0m
$ jdk_switcher use "oraclejdk8"
Switching to Oracle JDK8 (java-8-oracle), JAVA_HOME will be set to /usr/lib/jvm/java-8-oracle
travis_fold:end:install_jdk[0K
$ cd passed/SonarSource/sonar-xml


[33;1mSetting environment variables from .travis.yml[0m
$ export TEST=ci

travis_fold:start:cache.1[0KSetting up build cache
$ export CASHER_DIR=${TRAVIS_HOME}/.casher
travis_time:start:12c2f149[0K$ Installing caching utilities
curl: (6) Could not resolve host: https

[31;1mThe command "eval curl -sf  -o $CASHER_DIR/bin/casher https:///files/casher " failed. Retrying, 2 of 3.[0m

curl: (6) Could not resolve host: https

[31;1mThe command "eval curl -sf  -o $CASHER_DIR/bin/casher https:///files/casher " failed. Retrying, 3 of 3.[0m

curl: (6) Could not resolve host: https

[31;1mThe command "eval curl -sf  -o $CASHER_DIR/bin/casher https:///files/casher " failed 3 times.[0m

travis_time:end:12c2f149:start=1644092219506399479,finish=1644092231718468441,duration=12212068962[0Ktravis_time:start:0be75116[0K$ Installing caching utilities from the Travis CI server (https:///files/casher) failed, failing over to using GitHub (https://raw.githubusercontent.com/travis-ci/casher/bash/bin/casher)
travis_time:end:0be75116:start=1644092231725991109,finish=1644092231934313918,duration=208322809[0Ktravis_time:start:00030430[0Ktravis_time:end:00030430:start=1644092231946069796,finish=1644092231952257815,duration=6188019[0Ktravis_time:start:03134598[0Kattempting to download cache archive[0m
[31;1mcould not download cache[0m
travis_time:end:03134598:start=1644092231961060435,finish=1644092233458300264,duration=1497239829[0Ktravis_time:start:2d0bb94a[0Ktravis_time:end:2d0bb94a:start=1644092233465538530,finish=1644092233470330077,duration=4791547[0Ktravis_time:start:10adc5d6[0Kadding /home/travis/.m2/repository to cache[0m
travis_time:end:10adc5d6:start=1644092233478651782,finish=1644092236069292650,duration=2590640868[0Ktravis_fold:end:cache.1[0K
$ java -Xmx32m -version
java version "1.8.0_151"
Java(TM) SE Runtime Environment (build 1.8.0_151-b12)
Java HotSpot(TM) 64-Bit Server VM (build 25.151-b12, mixed mode)
$ javac -J-Xmx32m -version
javac 1.8.0_151
travis_fold:start:install[0Ktravis_time:start:11f1fcfa[0K$ true
travis_time:end:11f1fcfa:start=1644092236366579280,finish=1644092236370720321,duration=4141041[0Ktravis_fold:end:install[0Ktravis_time:start:03462700[0K$ ./travis.sh
Copy public Maven settings
Setting .npmrc
Setup Maven 3.5.2
Maven 3.5.2 installed
fatal: --unshallow on a complete repository does not make sense
======= Build, no analysis, no deploy
Apache Maven 3.5.2 (138edd61fd100ec658bfa2d307c43b76940a5d7d; 2017-10-18T07:58:13Z)
Maven home: /home/travis/maven/apache-maven-3.5.2
Java version: 1.8.0_151, vendor: Oracle Corporation
Java home: /usr/lib/jvm/java-8-oracle/jre
Default locale: en_US, platform encoding: UTF-8
OS name: "linux", version: "4.15.0-109-generic", arch: "amd64", family: "unix"
[INFO] Error stacktraces are turned on.
[INFO] Scanning for projects...
[INFO] ------------------------------------------------------------------------
[INFO] Reactor Build Order:
[INFO] 
[INFO] SonarXML
[INFO] SonarXML :: SonarQube Plugin
[INFO] 
[INFO] ------------------------------------------------------------------------
[INFO] Building SonarXML 1.6.0-SNAPSHOT
[INFO] ------------------------------------------------------------------------
[INFO] 
[INFO] --- buildnumber-maven-plugin:1.4:create (default) @ xml ---
[INFO] Executing: /bin/sh -c cd '/home/travis/build/passed/SonarSource/sonar-xml' && 'git' 'rev-parse' '--verify' 'HEAD'
[INFO] Working directory: /home/travis/build/passed/SonarSource/sonar-xml
[INFO] Storing buildNumber: a27487a2e9298f7f5a2aa42e574424917c352b3b at timestamp: 1644092239754
[INFO] Storing buildScmBranch: master
[INFO] 
[INFO] --- maven-enforcer-plugin:3.0.0-M1:enforce (enforce) @ xml ---
[INFO] 
[INFO] --- license-maven-plugin:3.0:check (enforce-license-headers) @ xml ---
[INFO] Checking licenses...
[INFO] 
[INFO] --- beanshell-maven-plugin:1.4:run (compute-artifact-display-version) @ xml ---
[INFO] Executing Script
[INFO] file class java.lang.Object
[INFO] script class java.lang.String
[INFO] evaluating script if (! "1.6.0-SNAPSHOT".endsWith("-SNAPSHOT")) { [+ 14 omitted line(s)]
[INFO] 
[INFO] --- maven-source-plugin:3.0.1:jar-no-fork (attach-sources) @ xml ---
[INFO] 
[INFO] ------------------------------------------------------------------------
[INFO] Building SonarXML :: SonarQube Plugin 1.6.0-SNAPSHOT
[INFO] ------------------------------------------------------------------------
[INFO] 
[INFO] --- buildnumber-maven-plugin:1.4:create (default) @ sonar-xml-plugin ---
[INFO] 
[INFO] --- maven-enforcer-plugin:3.0.0-M1:enforce (enforce) @ sonar-xml-plugin ---
[INFO] 
[INFO] --- license-maven-plugin:3.0:check (enforce-license-headers) @ sonar-xml-plugin ---
[INFO] Checking licenses...
[INFO] 
[INFO] --- sonar-packaging-maven-plugin:1.18.0.372:check (default-check) @ sonar-xml-plugin ---
[INFO] 
[INFO] --- beanshell-maven-plugin:1.4:run (compute-artifact-display-version) @ sonar-xml-plugin ---
[INFO] Executing Script
[INFO] file class java.lang.Object
[INFO] script class java.lang.String
[INFO] evaluating script if (! "1.6.0-SNAPSHOT".endsWith("-SNAPSHOT")) { [+ 14 omitted line(s)]
[INFO] 
[INFO] --- maven-resources-plugin:3.0.2:resources (default-resources) @ sonar-xml-plugin ---
[INFO] Using 'UTF-8' encoding to copy filtered resources.
[INFO] Copying 42 resources
[INFO] 
[INFO] --- maven-compiler-plugin:3.7.0:compile (default-compile) @ sonar-xml-plugin ---
[INFO] Nothing to compile - all classes are up to date
[INFO] 
[INFO] --- maven-resources-plugin:3.0.2:testResources (default-testResources) @ sonar-xml-plugin ---
[INFO] Using 'UTF-8' encoding to copy filtered resources.
[INFO] Copying 26 resources
[INFO] 
[INFO] --- maven-compiler-plugin:3.7.0:testCompile (default-testCompile) @ sonar-xml-plugin ---
[INFO] Nothing to compile - all classes are up to date
[INFO] 
[INFO] --- maven-surefire-plugin:2.22.0:test (default-test) @ sonar-xml-plugin ---
[INFO] Surefire report directory: /home/travis/build/passed/SonarSource/sonar-xml/sonar-xml-plugin/target/surefire-reports
[INFO] 
[INFO] -------------------------------------------------------
[INFO]  T E S T S
[INFO] -------------------------------------------------------
[INFO] Running org.sonar.plugins.xml.rules.XmlSonarWayProfileTest
[INFO] Tests run: 1, Failures: 0, Errors: 0, Skipped: 0, Time elapsed: 1.341 s - in org.sonar.plugins.xml.rules.XmlSonarWayProfileTest
[INFO] Running org.sonar.plugins.xml.XmlPluginTest
[INFO] Tests run: 2, Failures: 0, Errors: 0, Skipped: 0, Time elapsed: 0.702 s - in org.sonar.plugins.xml.XmlPluginTest
[INFO] Running org.sonar.plugins.xml.language.XmlTest
[INFO] Tests run: 2, Failures: 0, Errors: 0, Skipped: 0, Time elapsed: 0.011 s - in org.sonar.plugins.xml.language.XmlTest
[INFO] Running org.sonar.plugins.xml.checks.CharBeforePrologCheckTest
[INFO] Tests run: 3, Failures: 0, Errors: 0, Skipped: 0, Time elapsed: 1.51 s - in org.sonar.plugins.xml.checks.CharBeforePrologCheckTest
[INFO] Running org.sonar.plugins.xml.checks.XmlSourceCodeTest
WARN  Unable to analyse file file:///home/travis/build/passed/SonarSource/sonar-xml/sonar-xml-plugin/src/test/resources/unknown.xml
java.nio.file.NoSuchFileException: /home/travis/build/passed/SonarSource/sonar-xml/sonar-xml-plugin/src/test/resources/unknown.xml
	at sun.nio.fs.UnixException.translateToIOException(UnixException.java:86)
	at sun.nio.fs.UnixException.rethrowAsIOException(UnixException.java:102)
	at sun.nio.fs.UnixException.rethrowAsIOException(UnixException.java:107)
	at sun.nio.fs.UnixFileSystemProvider.newByteChannel(UnixFileSystemProvider.java:214)
	at java.nio.file.Files.newByteChannel(Files.java:361)
	at java.nio.file.Files.newByteChannel(Files.java:407)
	at java.nio.file.spi.FileSystemProvider.newInputStream(FileSystemProvider.java:384)
	at java.nio.file.Files.newInputStream(Files.java:152)
	at org.sonar.api.batch.fs.internal.DefaultInputFile.inputStream(DefaultInputFile.java:84)
	at org.sonar.api.batch.fs.internal.DefaultInputFile.contents(DefaultInputFile.java:94)
	at org.sonar.plugins.xml.checks.XmlFile.checkForCharactersBeforeProlog(XmlFile.java:76)
	at org.sonar.plugins.xml.checks.XmlFile.<init>(XmlFile.java:63)
	at org.sonar.plugins.xml.checks.XmlSourceCodeTest.createXmlSourceCode(XmlSourceCodeTest.java:49)
	at org.sonar.plugins.xml.checks.XmlSourceCodeTest.unknown_file(XmlSourceCodeTest.java:38)
	at sun.reflect.NativeMethodAccessorImpl.invoke0(Native Method)
	at sun.reflect.NativeMethodAccessorImpl.invoke(NativeMethodAccessorImpl.java:62)
	at sun.reflect.DelegatingMethodAccessorImpl.invoke(DelegatingMethodAccessorImpl.java:43)
	at java.lang.reflect.Method.invoke(Method.java:498)
	at org.junit.runners.model.FrameworkMethod$1.runReflectiveCall(FrameworkMethod.java:45)
	at org.junit.internal.runners.model.ReflectiveCallable.run(ReflectiveCallable.java:15)
	at org.junit.runners.model.FrameworkMethod.invokeExplosively(FrameworkMethod.java:42)
	at org.junit.internal.runners.statements.InvokeMethod.evaluate(InvokeMethod.java:20)
	at org.junit.rules.ExpectedException$ExpectedExceptionStatement.evaluate(ExpectedException.java:110)
	at org.junit.rules.RunRules.evaluate(RunRules.java:18)
	at org.junit.runners.ParentRunner.runLeaf(ParentRunner.java:263)
	at org.junit.runners.BlockJUnit4ClassRunner.runChild(BlockJUnit4ClassRunner.java:68)
	at org.junit.runners.BlockJUnit4ClassRunner.runChild(BlockJUnit4ClassRunner.java:47)
	at org.junit.runners.ParentRunner$3.run(ParentRunner.java:231)
	at org.junit.runners.ParentRunner$1.schedule(ParentRunner.java:60)
	at org.junit.runners.ParentRunner.runChildren(ParentRunner.java:229)
	at org.junit.runners.ParentRunner.access$000(ParentRunner.java:50)
	at org.junit.runners.ParentRunner$2.evaluate(ParentRunner.java:222)
	at org.junit.runners.ParentRunner.run(ParentRunner.java:300)
	at org.apache.maven.surefire.junit4.JUnit4Provider.execute(JUnit4Provider.java:365)
	at org.apache.maven.surefire.junit4.JUnit4Provider.executeWithRerun(JUnit4Provider.java:273)
	at org.apache.maven.surefire.junit4.JUnit4Provider.executeTestSet(JUnit4Provider.java:238)
	at org.apache.maven.surefire.junit4.JUnit4Provider.invoke(JUnit4Provider.java:159)
	at org.apache.maven.surefire.booter.ForkedBooter.invokeProviderInSameClassLoader(ForkedBooter.java:383)
	at org.apache.maven.surefire.booter.ForkedBooter.runSuitesInProcess(ForkedBooter.java:344)
	at org.apache.maven.surefire.booter.ForkedBooter.execute(ForkedBooter.java:125)
	at org.apache.maven.surefire.booter.ForkedBooter.main(ForkedBooter.java:417)
[INFO] Tests run: 1, Failures: 0, Errors: 0, Skipped: 0, Time elapsed: 0.005 s - in org.sonar.plugins.xml.checks.XmlSourceCodeTest
[INFO] Running org.sonar.plugins.xml.XmlSensorTest
WARN  Unable to parse file file:///home/travis/build/passed/SonarSource/sonar-xml/sonar-xml-plugin/src/test/resources/checks/generic/wrong-ampersand.xhtml
WARN  Cause: org.xml.sax.SAXParseException; lineNumber: 7; columnNumber: 27; Element type "as.length" must be followed by either attribute specifications, ">" or "/>".
WARN  Unable to parse file file:///home/travis/build/passed/SonarSource/sonar-xml/sonar-xml-plugin/src/test/resources/checks/generic/wrong-ampersand.xhtml
WARN  Cause: org.xml.sax.SAXParseException; lineNumber: 7; columnNumber: 27; Element type "as.length" must be followed by either attribute specifications, ">" or "/>".
WARN  Invalid character encountered in file /tmp/junit5358665001796025493/junit3157724091942035380/utf16.xml at line 1 for encoding UTF-8. Please fix file content or configure the encoding to be used using property 'sonar.sourceEncoding'.
[INFO] Tests run: 7, Failures: 0, Errors: 0, Skipped: 0, Time elapsed: 4.254 s - in org.sonar.plugins.xml.XmlSensorTest
[INFO] Running org.sonar.plugins.xml.LineCountDataTest
[INFO] Tests run: 1, Failures: 0, Errors: 0, Skipped: 0, Time elapsed: 0.367 s - in org.sonar.plugins.xml.LineCountDataTest
[INFO] Running org.sonar.plugins.xml.parsers.LineCountParserTest
[INFO] Tests run: 4, Failures: 0, Errors: 0, Skipped: 0, Time elapsed: 0.299 s - in org.sonar.plugins.xml.parsers.LineCountParserTest
[INFO] Running org.sonar.plugins.xml.newparser.NewXmlParserTest
[Fatal Error] :1:10: The entity "ouml" was referenced, but not declared.
[INFO] Tests run: 13, Failures: 0, Errors: 0, Skipped: 0, Time elapsed: 0.045 s - in org.sonar.plugins.xml.newparser.NewXmlParserTest
[INFO] Running org.sonar.plugins.xml.checks.NewlineCheckTest
[INFO] Tests run: 7, Failures: 0, Errors: 0, Skipped: 0, Time elapsed: 0.033 s - in org.sonar.plugins.xml.checks.NewlineCheckTest
[INFO] Running org.sonar.plugins.xml.schemas.DetectSchemaParserTest
[INFO] Tests run: 3, Failures: 0, Errors: 0, Skipped: 0, Time elapsed: 0.596 s - in org.sonar.plugins.xml.schemas.DetectSchemaParserTest
[INFO] Running org.sonar.plugins.xml.checks.XmlSchemaCheckTest
WARN  Could not find schema does-not-exist
WARN  Cannot validate file file:///home/travis/build/passed/SonarSource/sonar-xml/sonar-xml-plugin/src/test/resources/checks/generic/TenderNed-Aankondigingen.xhtml
WARN  Cause: org.sonar.plugins.xml.checks.XmlSchemaCheck$SchemaNotFoundException: Could not load schema "does-not-exist"
INFO  Validating file:///home/travis/build/passed/SonarSource/sonar-xml/sonar-xml-plugin/src/test/resources/checks/generic/TenderNed-Aankondigingen.xhtml with schema src/main/resources/org/sonar/plugins/xml/schemas/xhtml1/xhtml1-frameset.xsd
INFO  Validating file:///home/travis/build/passed/SonarSource/sonar-xml/sonar-xml-plugin/src/test/resources/checks/generic/catalog.xml with schema src/test/resources/checks/generic/catalog.xsd
INFO  Validating file:///home/travis/build/passed/SonarSource/sonar-xml/sonar-xml-plugin/pom.xml with schema http://maven.apache.org/POM/4.0.0
INFO  Validating file:///home/travis/build/passed/SonarSource/sonar-xml/sonar-xml-plugin/src/test/resources/checks/generic/TenderNed-Aankondigingen.xhtml with schema -//W3C//DTD XHTML 1.0 Strict//EN
INFO  Validating file:///home/travis/build/passed/SonarSource/sonar-xml/sonar-xml-plugin/src/test/resources/checks/generic/create-salesorder.xhtml with schema xhtml1-transitional
INFO  Validating file:///home/travis/build/passed/SonarSource/sonar-xml/sonar-xml-plugin/src/test/resources/checks/generic/create-salesorder2.xhtml with schema http://java.sun.com/jsf/core
INFO  Validating file:///home/travis/build/passed/SonarSource/sonar-xml/sonar-xml-plugin/src/test/resources/checks/generic/create-salesorder2.xhtml with schema http://java.sun.com/jsf/html
INFO  Validating file:///home/travis/build/passed/SonarSource/sonar-xml/sonar-xml-plugin/src/test/resources/checks/generic/catalog.xml with schema src/test/resources/checks/generic/catalog.xsd
WARN  Could not validate file file:///home/travis/build/passed/SonarSource/sonar-xml/sonar-xml-plugin/src/test/resources/checks/generic/catalog.xml
WARN  Reason: Unable to create schema for [src/test/resources/checks/XmlSchemaCheck/invalid.xsd]
WARN  Cause:  org.xml.sax.SAXParseException; Premature end of file.
INFO  Validating file:///home/travis/build/passed/SonarSource/sonar-xml/sonar-xml-plugin/src/test/resources/checks/generic/catalog.xml with schema /org/sonar/plugins/xml/schemas/xml.xsd
INFO  Validating file:///home/travis/build/passed/SonarSource/sonar-xml/sonar-xml-plugin/src/test/resources/checks/generic/catalog.xml with schema file:/home/travis/build/passed/SonarSource/sonar-xml/sonar-xml-plugin/src/test/resources/checks/generic/catalog.xsd
INFO  Validating file:///home/travis/build/passed/SonarSource/sonar-xml/sonar-xml-plugin/src/test/resources/checks/generic/TenderNed-Aankondigingen.xhtml with schema xhtml1-strict
INFO  Validating file:///home/travis/build/passed/SonarSource/sonar-xml/sonar-xml-plugin/src/test/resources/checks/generic/create-salesorder.xhtml with schema xhtml1-transitional
INFO  Validating file:///home/travis/build/passed/SonarSource/sonar-xml/sonar-xml-plugin/src/test/resources/checks/XmlSchemaCheck/dtd_and_xsd/entities.xml with schema src/test/resources/checks/XmlSchemaCheck/dtd_and_xsd/entities.xsd
WARN  Unable to validate file file:///home/travis/build/passed/SonarSource/sonar-xml/sonar-xml-plugin/src/test/resources/checks/XmlSchemaCheck/dtd_and_xsd/entities.xml
WARN  Cause: /home/travis/build/passed/SonarSource/sonar-xml/sonar-xml-plugin/nested.xml (No such file or directory)
WARN  Could not find schema http://redone/cbs/apiEntities
WARN  Cannot validate file file:///home/travis/build/passed/SonarSource/sonar-xml/sonar-xml-plugin/src/test/resources/checks/XmlSchemaCheck/dtd_and_xsd/entities.xml
WARN  Cause: org.sonar.plugins.xml.checks.XmlSchemaCheck$SchemaNotFoundException: Could not load schema "http://redone/cbs/apiEntities"
WARN  Could not validate file file:///home/travis/build/passed/SonarSource/sonar-xml/sonar-xml-plugin/src/test/resources/checks/XmlSchemaCheck/using_default_namespace.xml
WARN  Reason: Unable to create schema for [http://www.springframework.org/schema/beans]
WARN  Cause:  org.xml.sax.SAXParseException; lineNumber: 1; columnNumber: 55; White spaces are required between publicId and systemId.
WARN  Could not validate file file:///home/travis/build/passed/SonarSource/sonar-xml/sonar-xml-plugin/src/test/resources/checks/XmlSchemaCheck/dtd_and_xsd/entities.xsd
WARN  Reason: Unable to create schema for [http://www.w3.org/2001/XMLSchema]
WARN  Cause:  org.xml.sax.SAXParseException; lineNumber: 7; columnNumber: 18; s4s-elt-character: Non-whitespace characters are not allowed in schema elements other than 'xs:appinfo' and 'xs:documentation'. Saw 'XML Schema'.
[INFO] Tests run: 20, Failures: 0, Errors: 0, Skipped: 0, Time elapsed: 7.319 s - in org.sonar.plugins.xml.checks.XmlSchemaCheckTest
[INFO] Running org.sonar.plugins.xml.checks.IllegalTabCheckTest
[INFO] Tests run: 2, Failures: 0, Errors: 0, Skipped: 0, Time elapsed: 0.001 s - in org.sonar.plugins.xml.checks.IllegalTabCheckTest
[INFO] Running org.sonar.plugins.xml.checks.XPathCheckTest
[INFO] Tests run: 6, Failures: 0, Errors: 0, Skipped: 0, Time elapsed: 0.705 s - in org.sonar.plugins.xml.checks.XPathCheckTest
[INFO] Running org.sonar.plugins.xml.checks.IndentCheckTest
[INFO] Tests run: 8, Failures: 0, Errors: 0, Skipped: 0, Time elapsed: 0.022 s - in org.sonar.plugins.xml.checks.IndentCheckTest
[INFO] Running org.sonar.plugins.xml.parsers.SaxParserTest
[INFO] Tests run: 1, Failures: 0, Errors: 0, Skipped: 0, Time elapsed: 0.001 s - in org.sonar.plugins.xml.parsers.SaxParserTest
[INFO] Running org.sonar.plugins.xml.checks.CheckRepositoryTest
[INFO] Tests run: 4, Failures: 0, Errors: 0, Skipped: 0, Time elapsed: 0.006 s - in org.sonar.plugins.xml.checks.CheckRepositoryTest
[INFO] Running org.sonar.plugins.xml.checks.XmlFileTest
[INFO] Tests run: 4, Failures: 0, Errors: 0, Skipped: 0, Time elapsed: 0.862 s - in org.sonar.plugins.xml.checks.XmlFileTest
[INFO] Running org.sonar.plugins.xml.rules.XmlRulesDefinitionTest
[INFO] Tests run: 1, Failures: 0, Errors: 0, Skipped: 0, Time elapsed: 0.585 s - in org.sonar.plugins.xml.rules.XmlRulesDefinitionTest
[INFO] Running org.sonar.plugins.xml.UtilsTest
[INFO] Tests run: 3, Failures: 0, Errors: 0, Skipped: 0, Time elapsed: 0.013 s - in org.sonar.plugins.xml.UtilsTest
[INFO] Running org.sonar.plugins.xml.LineCounterTest
[INFO] Tests run: 3, Failures: 0, Errors: 0, Skipped: 0, Time elapsed: 0.239 s - in org.sonar.plugins.xml.LineCounterTest
[INFO] Running org.sonar.plugins.xml.highlighting.XmlHighlightingTest
[INFO] Tests run: 24, Failures: 0, Errors: 0, Skipped: 0, Time elapsed: 0.506 s - in org.sonar.plugins.xml.highlighting.XmlHighlightingTest
[INFO] 
[INFO] Results:
[INFO] 
[INFO] Tests run: 120, Failures: 0, Errors: 0, Skipped: 0
[INFO] 
[INFO] 
[INFO] --- sonar-packaging-maven-plugin:1.18.0.372:sonar-plugin (default-sonar-plugin) @ sonar-xml-plugin ---
[INFO] -------------------------------------------------------
[INFO] Plugin definition in update center
[INFO]     Key: xml
[INFO]     Name: SonarXML
[INFO]     Description: Code Analyzer for XML
[INFO]     Version: 1.6.0-SNAPSHOT
[INFO]     Display Version: 1.6.0-SNAPSHOT
[INFO]     Entry-point Class: org.sonar.plugins.xml.XmlPlugin
[INFO]     Required Plugins: 
[INFO]     Does the plugin support SonarLint?: false
[INFO]     Use Child-first ClassLoader: false
[INFO]     Base Plugin: 
[INFO]     Homepage URL: http://redirect.sonarsource.com/plugins/xml.html
[INFO]     Minimal SonarQube Version: 6.7
[INFO]     Licensing: GNU LGPL 3
[INFO]     Organization: SonarSource
[INFO]     Organization URL: http://www.sonarsource.com
[INFO]     Terms and Conditions: 
[INFO]     Issue Tracker URL: https://jira.sonarsource.com/browse/SONARXML
[INFO]     Build date: 2022-02-05T20:17:53+0000
[INFO]     Sources URL: https://github.com/SonarSource/sonar-xml
[INFO]     Developers: SonarSource Team
[INFO] Skip packaging of dependencies
[INFO] -------------------------------------------------------
[INFO] Building jar: /home/travis/build/passed/SonarSource/sonar-xml/sonar-xml-plugin/target/sonar-xml-plugin-1.6.0-SNAPSHOT.jar
[INFO] 
[INFO] --- maven-shade-plugin:3.1.0:shade (default) @ sonar-xml-plugin ---
[INFO] Including commons-lang:commons-lang:jar:2.6 in the shaded jar.
[INFO] Including org.sonarsource.analyzer-commons:sonar-analyzer-commons:jar:1.5.0.178 in the shaded jar.
[INFO] Including xalan:xalan:jar:2.7.2 in the shaded jar.
[INFO] Including xalan:serializer:jar:2.7.2 in the shaded jar.
[INFO] Including xerces:xercesImpl:jar:2.8.1 in the shaded jar.
[INFO] Including xml-apis:xml-apis:jar:1.3.03 in the shaded jar.
[INFO] Including com.fasterxml.woodstox:woodstox-core:jar:5.0.3 in the shaded jar.
[INFO] Including org.codehaus.woodstox:stax2-api:jar:3.1.4 in the shaded jar.
[INFO] Minimizing jar org.sonarsource.xml:sonar-xml-plugin:sonar-plugin:1.6.0-SNAPSHOT
[INFO] org.apache.xerces.dom3.as.ASObject not removed because it was specifically included
[INFO] org.apache.xerces.parsers.XML11DTDConfiguration not removed because it was specifically included
[INFO] org.apache.xerces.impl.xs.util.XSGrammarPool not removed because it was specifically included
[INFO] org.apache.xerces.parsers.CachingParserPool not removed because it was specifically included
[INFO] org.apache.wml.WMLTimerElement not removed because it was specifically included
[INFO] org.apache.xerces.dom3.as.ASModel not removed because it was specifically included
[INFO] org.apache.xerces.xpointer.XPointerPart not removed because it was specifically included
[INFO] org.apache.html.dom.HTMLOptionElementImpl not removed because it was specifically included
[INFO] org.apache.xerces.impl.xs.XSLoaderImpl$XSGrammarMerger not removed because it was specifically included
[INFO] org.apache.wml.dom.WMLInputElementImpl not removed because it was specifically included
[INFO] org.apache.xml.serialize.SecuritySupport not removed because it was specifically included
[INFO] org.apache.xerces.xinclude.XInclude11TextReader not removed because it was specifically included
[INFO] org.apache.wml.dom.WMLTableElementImpl not removed because it was specifically included
[INFO] org.apache.wml.dom.WMLDoElementImpl not removed because it was specifically included
[INFO] org.apache.wml.WMLSelectElement not removed because it was specifically included
[INFO] org.apache.xerces.parsers.SecurityConfiguration not removed because it was specifically included
[INFO] org.apache.xml.serialize.Method not removed because it was specifically included
[INFO] org.apache.xerces.jaxp.validation.SoftReferenceGrammarPool$Entry not removed because it was specifically included
[INFO] org.apache.xerces.xinclude.XIncludeTextReader not removed because it was specifically included
[INFO] org.apache.xerces.jaxp.validation.SoftReferenceGrammarPool not removed because it was specifically included
[INFO] org.apache.wml.WMLCardElement not removed because it was specifically included
[INFO] org.apache.wml.WMLBrElement not removed because it was specifically included
[INFO] org.apache.xerces.parsers.XIncludeParserConfiguration not removed because it was specifically included
[INFO] org.apache.wml.dom.WMLSetvarElementImpl not removed because it was specifically included
[INFO] org.apache.xerces.jaxp.validation.DraconianErrorHandler not removed because it was specifically included
[INFO] org.apache.html.dom.HTMLObjectElementImpl not removed because it was specifically included
[INFO] org.apache.wml.dom.WMLPostfieldElementImpl not removed because it was specifically included
[INFO] org.apache.wml.WMLTdElement not removed because it was specifically included
[INFO] org.apache.xerces.xinclude.XIncludeNamespaceSupport not removed because it was specifically included
[INFO] org.apache.wml.dom.WMLMetaElementImpl not removed because it was specifically included
[INFO] org.apache.xerces.util.SynchronizedSymbolTable not removed because it was specifically included
[INFO] org.apache.xerces.dom3.as.ASObjectList not removed because it was specifically included
[INFO] org.w3c.dom.html.HTMLDOMImplementation not removed because it was specifically included
[INFO] org.apache.xerces.jaxp.validation.Util not removed because it was specifically included
[INFO] org.apache.xerces.impl.dv.dtd.XML11DTDDVFactoryImpl not removed because it was specifically included
[INFO] org.apache.xerces.impl.dv.dtd.XML11IDDatatypeValidator not removed because it was specifically included
[INFO] org.apache.html.dom.HTMLTableCellElementImpl not removed because it was specifically included
[INFO] org.apache.xerces.dom3.as.ElementEditAS not removed because it was specifically included
[INFO] org.apache.xml.serialize.HTMLdtd not removed because it was specifically included
[INFO] org.apache.xerces.parsers.DTDConfiguration not removed because it was specifically included
[INFO] org.apache.xerces.parsers.XML11NonValidatingConfiguration not removed because it was specifically included
[INFO] org.apache.wml.dom.WMLPrevElementImpl not removed because it was specifically included
[INFO] org.apache.html.dom.HTMLTextAreaElementImpl not removed because it was specifically included
[INFO] org.apache.html.dom.HTMLHeadingElementImpl not removed because it was specifically included
[INFO] org.apache.xerces.dom3.as.ASNotationDeclaration not removed because it was specifically included
[INFO] org.apache.html.dom.HTMLHeadElementImpl not removed because it was specifically included
[INFO] org.apache.html.dom.HTMLAppletElementImpl not removed because it was specifically included
[INFO] org.apache.html.dom.HTMLAreaElementImpl not removed because it was specifically included
[INFO] org.apache.xerces.xinclude.SecuritySupport$3 not removed because it was specifically included
[INFO] org.apache.xerces.xinclude.SecuritySupport$4 not removed because it was specifically included
[INFO] org.apache.xerces.xinclude.SecuritySupport$5 not removed because it was specifically included
[INFO] org.apache.xerces.xinclude.SecuritySupport$6 not removed because it was specifically included
[INFO] org.apache.xerces.xinclude.SecuritySupport$1 not removed because it was specifically included
[INFO] org.apache.xerces.xinclude.SecuritySupport$2 not removed because it was specifically included
[INFO] org.apache.xerces.xinclude.SecuritySupport$7 not removed because it was specifically included
[INFO] org.apache.xerces.xinclude.SecuritySupport$8 not removed because it was specifically included
[INFO] org.apache.xerces.impl.dv.dtd.ListDatatypeValidator not removed because it was specifically included
[INFO] org.apache.wml.dom.WMLStrongElementImpl not removed because it was specifically included
[INFO] org.apache.wml.dom.WMLUElementImpl not removed because it was specifically included
[INFO] org.apache.xerces.parsers.IntegratedParserConfiguration not removed because it was specifically included
[INFO] org.apache.xerces.dom3.as.ASDataType not removed because it was specifically included
[INFO] org.apache.xerces.impl.xs.opti.DefaultText not removed because it was specifically included
[INFO] org.apache.xerces.jaxp.validation.DOMResultBuilder not removed because it was specifically included
[INFO] org.apache.xerces.util.ShadowedSymbolTable not removed because it was specifically included
[INFO] org.apache.html.dom.HTMLFieldSetElementImpl not removed because it was specifically included
[INFO] org.apache.xerces.dom3.as.NodeEditAS not removed because it was specifically included
[INFO] org.apache.wml.dom.WMLElementImpl not removed because it was specifically included
[INFO] org.apache.xerces.xs.XSConstants not removed because it was specifically included
[INFO] org.apache.wml.WMLOneventElement not removed because it was specifically included
[INFO] org.apache.html.dom.HTMLElementImpl not removed because it was specifically included
[INFO] org.apache.html.dom.HTMLMenuElementImpl not removed because it was specifically included
[INFO] org.apache.html.dom.HTMLHtmlElementImpl not removed because it was specifically included
[INFO] org.apache.html.dom.HTMLImageElementImpl not removed because it was specifically included
[INFO] org.apache.html.dom.HTMLMapElementImpl not removed because it was specifically included
[INFO] org.apache.xml.serialize.ObjectFactory not removed because it was specifically included
[INFO] org.apache.wml.WMLDOMImplementation not removed because it was specifically included
[INFO] org.apache.wml.dom.WMLAnchorElementImpl not removed because it was specifically included
[INFO] org.apache.xerces.xs.XSImplementation not removed because it was specifically included
[INFO] org.apache.wml.WMLSmallElement not removed because it was specifically included
[INFO] org.apache.xerces.dom3.as.ASAttributeDeclaration not removed because it was specifically included
[INFO] org.apache.xerces.jaxp.validation.XMLSchemaFactory not removed because it was specifically included
[INFO] org.apache.html.dom.HTMLDivElementImpl not removed because it was specifically included
[INFO] org.apache.xerces.parsers.XPointerParserConfiguration not removed because it was specifically included
[INFO] org.apache.xerces.dom3.as.ASContentModel not removed because it was specifically included
[INFO] org.apache.xerces.dom3.as.DOMImplementationAS not removed because it was specifically included
[INFO] org.apache.xerces.jaxp.validation.SimpleXMLSchema not removed because it was specifically included
[INFO] org.apache.wml.WMLElement not removed because it was specifically included
[INFO] org.apache.xerces.jaxp.validation.ValidatorHandlerImpl$ResolutionForwarder not removed because it was specifically included
[INFO] org.apache.xerces.dom3.as.DOMASException not removed because it was specifically included
[INFO] org.apache.html.dom.HTMLDirectoryElementImpl not removed because it was specifically included
[INFO] org.apache.xerces.xinclude.ObjectFactory$ConfigurationError not removed because it was specifically included
[INFO] org.apache.html.dom.HTMLUListElementImpl not removed because it was specifically included
[INFO] org.apache.xerces.parsers.XIncludeAwareParserConfiguration not removed because it was specifically included
[INFO] org.apache.xerces.impl.xs.opti.TextImpl not removed because it was specifically included
[INFO] org.apache.xml.serialize.SerializerFactoryImpl not removed because it was specifically included
[INFO] org.apache.xerces.impl.XMLNamespaceBinder not removed because it was specifically included
[INFO] org.apache.wml.WMLEmElement not removed because it was specifically included
[INFO] org.apache.xerces.dom3.as.CharacterDataEditAS not removed because it was specifically included
[INFO] org.apache.xerces.parsers.XMLGrammarParser not removed because it was specifically included
[INFO] org.apache.xml.serialize.SerializerFactory not removed because it was specifically included
[INFO] org.apache.xerces.dom3.as.ASNamedObjectMap not removed because it was specifically included
[INFO] org.apache.html.dom.ObjectFactory not removed because it was specifically included
[INFO] org.apache.xerces.jaxp.validation.SoftReferenceGrammarPool$SoftGrammarReference not removed because it was specifically included
[INFO] org.apache.html.dom.HTMLTableSectionElementImpl not removed because it was specifically included
[INFO] org.apache.xerces.xni.XMLDocumentFragmentHandler not removed because it was specifically included
[INFO] org.apache.xerces.jaxp.validation.StreamValidatorHelper not removed because it was specifically included
[INFO] org.apache.wml.WMLOptionElement not removed because it was specifically included
[INFO] org.apache.wml.WMLTemplateElement not removed because it was specifically included
[INFO] org.apache.xerces.impl.xs.XSLoaderImpl not removed because it was specifically included
[INFO] org.apache.wml.dom.WMLPElementImpl not removed because it was specifically included
[INFO] org.apache.html.dom.HTMLTitleElementImpl not removed because it was specifically included
[INFO] org.apache.xerces.jaxp.validation.XMLSchemaFactory$XMLGrammarPoolImplExtension not removed because it was specifically included
[INFO] org.apache.xerces.impl.dv.xs.FullDVFactory not removed because it was specifically included
[INFO] org.apache.xerces.parsers.StandardParserConfiguration not removed because it was specifically included
[INFO] org.apache.wml.WMLIElement not removed because it was specifically included
[INFO] org.apache.xerces.dom.ASDOMImplementationImpl not removed because it was specifically included
[INFO] org.apache.xerces.dom3.as.ASElementDeclaration not removed because it was specifically included
[INFO] org.apache.wml.dom.WMLRefreshElementImpl not removed because it was specifically included
[INFO] org.apache.xerces.jaxp.validation.ReadOnlyGrammarPool not removed because it was specifically included
[INFO] org.apache.xerces.jaxp.validation.ValidatorHandlerImpl$1 not removed because it was specifically included
[INFO] org.apache.wml.WMLInputElement not removed because it was specifically included
[INFO] org.apache.xerces.xinclude.ObjectFactory not removed because it was specifically included
[INFO] org.apache.wml.WMLTrElement not removed because it was specifically included
[INFO] org.apache.wml.dom.WMLCardElementImpl not removed because it was specifically included
[INFO] org.apache.html.dom.HTMLModElementImpl not removed because it was specifically included
[INFO] org.apache.wml.WMLImgElement not removed because it was specifically included
[INFO] org.apache.html.dom.HTMLMetaElementImpl not removed because it was specifically included
[INFO] org.apache.xerces.parsers.DOMASBuilderImpl not removed because it was specifically included
[INFO] org.apache.xerces.dom3.as.DocumentEditAS not removed because it was specifically included
[INFO] org.apache.xerces.xpointer.ShortHandPointer not removed because it was specifically included
[INFO] org.apache.wml.dom.WMLHeadElementImpl not removed because it was specifically included
[INFO] org.apache.xerces.parsers.CachingParserPool$ShadowedGrammarPool not removed because it was specifically included
[INFO] org.apache.xerces.impl.dv.dtd.NOTATIONDatatypeValidator not removed because it was specifically included
[INFO] org.apache.xerces.impl.dv.dtd.StringDatatypeValidator not removed because it was specifically included
[INFO] org.apache.xerces.dom3.as.DOMASWriter not removed because it was specifically included
[INFO] org.apache.html.dom.ObjectFactory$ConfigurationError not removed because it was specifically included
[INFO] org.apache.html.dom.HTMLLabelElementImpl not removed because it was specifically included
[INFO] org.apache.xerces.xinclude.MultipleScopeNamespaceSupport not removed because it was specifically included
[INFO] org.apache.wml.dom.WMLTimerElementImpl not removed because it was specifically included
[INFO] org.apache.xerces.jaxp.validation.ValidatorHelper not removed because it was specifically included
[INFO] org.apache.xerces.xpointer.XPointerHandler$Tokens not removed because it was specifically included
[INFO] org.apache.xerces.xpointer.XPointerMessageFormatter not removed because it was specifically included
[INFO] org.apache.xml.serialize.LineSeparator not removed because it was specifically included
[INFO] org.apache.xml.serialize.ObjectFactory$ConfigurationError not removed because it was specifically included
[INFO] org.apache.wml.dom.WMLAElementImpl not removed because it was specifically included
[INFO] org.apache.xerces.jaxp.validation.XMLSchema not removed because it was specifically included
[INFO] org.apache.xerces.jaxp.validation.EmptyXMLSchema not removed because it was specifically included
[INFO] org.apache.wml.WMLUElement not removed because it was specifically included
[INFO] org.apache.html.dom.HTMLBaseElementImpl not removed because it was specifically included
[INFO] org.apache.xerces.xpointer.ElementSchemePointer$1 not removed because it was specifically included
[INFO] org.apache.wml.WMLOptgroupElement not removed because it was specifically included
[INFO] org.apache.html.dom.HTMLDOMImplementationImpl not removed because it was specifically included
[INFO] org.apache.html.dom.HTMLTableRowElementImpl not removed because it was specifically included
[INFO] org.apache.html.dom.HTMLQuoteElementImpl not removed because it was specifically included
[INFO] org.apache.xerces.impl.dv.xs.BaseDVFactory not removed because it was specifically included
[INFO] org.apache.xerces.xpointer.XPointerHandler$1 not removed because it was specifically included
[INFO] org.apache.html.dom.HTMLScriptElementImpl not removed because it was specifically included
[INFO] org.apache.html.dom.HTMLSelectElementImpl not removed because it was specifically included
[INFO] org.apache.xerces.dom.DOMImplementationSourceImpl not removed because it was specifically included
[INFO] org.apache.wml.WMLPrevElement not removed because it was specifically included
[INFO] org.apache.xerces.jaxp.validation.WeakReferenceXMLSchema not removed because it was specifically included
[INFO] org.apache.wml.WMLTableElement not removed because it was specifically included
[INFO] org.apache.xerces.xinclude.XIncludeMessageFormatter not removed because it was specifically included
[INFO] org.apache.wml.dom.WMLDocumentImpl not removed because it was specifically included
[INFO] org.apache.html.dom.HTMLIFrameElementImpl not removed because it was specifically included
[INFO] org.apache.wml.dom.WMLSmallElementImpl not removed because it was specifically included
[INFO] org.apache.html.dom.CollectionIndex not removed because it was specifically included
[INFO] org.apache.wml.dom.WMLBigElementImpl not removed because it was specifically included
[INFO] org.apache.xerces.dom3.as.DocumentAS not removed because it was specifically included
[INFO] org.apache.wml.dom.WMLOptgroupElementImpl not removed because it was specifically included
[INFO] org.apache.xerces.impl.dv.dtd.IDREFDatatypeValidator not removed because it was specifically included
[INFO] org.apache.xerces.jaxp.validation.ValidatorHandlerImpl not removed because it was specifically included
[INFO] org.apache.wml.WMLBElement not removed because it was specifically included
[INFO] org.apache.wml.dom.WMLAccessElementImpl not removed because it was specifically included
[INFO] org.apache.wml.WMLAElement not removed because it was specifically included
[INFO] org.apache.xml.serialize.TextSerializer not removed because it was specifically included
[INFO] org.apache.html.dom.HTMLFrameElementImpl not removed because it was specifically included
[INFO] org.apache.html.dom.HTMLFormElementImpl not removed because it was specifically included
[INFO] org.apache.html.dom.NameNodeListImpl not removed because it was specifically included
[INFO] org.apache.xerces.parsers.XMLGrammarCachingConfiguration not removed because it was specifically included
[INFO] org.apache.xerces.impl.XML11NamespaceBinder not removed because it was specifically included
[INFO] org.apache.wml.WMLFieldsetElement not removed because it was specifically included
[INFO] org.apache.xerces.util.XMLGrammarPoolImpl$Entry not removed because it was specifically included
[INFO] org.apache.xml.serialize.SecuritySupport$8 not removed because it was specifically included
[INFO] org.apache.html.dom.SecuritySupport not removed because it was specifically included
[INFO] org.apache.xml.serialize.SecuritySupport$4 not removed because it was specifically included
[INFO] org.apache.xml.serialize.SecuritySupport$5 not removed because it was specifically included
[INFO] org.apache.html.dom.HTMLButtonElementImpl not removed because it was specifically included
[INFO] org.apache.xml.serialize.SecuritySupport$6 not removed because it was specifically included
[INFO] org.apache.xml.serialize.SecuritySupport$7 not removed because it was specifically included
[INFO] org.apache.xml.serialize.SecuritySupport$1 not removed because it was specifically included
[INFO] org.apache.xml.serialize.SecuritySupport$2 not removed because it was specifically included
[INFO] org.apache.xml.serialize.SecuritySupport$3 not removed because it was specifically included
[INFO] org.apache.xerces.dom.ASModelImpl not removed because it was specifically included
[INFO] org.apache.xerces.xpointer.ElementSchemePointer$Scanner not removed because it was specifically included
[INFO] org.apache.xerces.impl.dv.dtd.XML11IDREFDatatypeValidator not removed because it was specifically included
[INFO] org.apache.xerces.xpointer.ElementSchemePointer$Tokens not removed because it was specifically included
[INFO] org.apache.wml.WMLNoopElement not removed because it was specifically included
[INFO] org.apache.xerces.dom3.as.ASEntityDeclaration not removed because it was specifically included
[INFO] org.apache.wml.dom.WMLDOMImplementationImpl not removed because it was specifically included
[INFO] org.apache.html.dom.HTMLTableColElementImpl not removed because it was specifically included
[INFO] org.apache.xerces.jaxp.validation.DOMDocumentHandler not removed because it was specifically included
[INFO] org.apache.xerces.xpointer.XPointerProcessor not removed because it was specifically included
[INFO] org.apache.wml.WMLDocument not removed because it was specifically included
[INFO] org.apache.xerces.impl.dv.dtd.ENTITYDatatypeValidator not removed because it was specifically included
[INFO] org.apache.xerces.impl.dv.dtd.NMTOKENDatatypeValidator not removed because it was specifically included
[INFO] org.apache.wml.dom.WMLIElementImpl not removed because it was specifically included
[INFO] org.apache.xerces.jaxp.validation.XMLSchemaValidatorComponentManager not removed because it was specifically included
[INFO] org.apache.html.dom.HTMLLegendElementImpl not removed because it was specifically included
[INFO] org.apache.xerces.util.XMLCatalogResolver not removed because it was specifically included
[INFO] org.apache.wml.WMLStrongElement not removed because it was specifically included
[INFO] org.apache.xerces.parsers.XMLGrammarPreparser not removed because it was specifically included
[INFO] org.apache.html.dom.HTMLOListElementImpl not removed because it was specifically included
[INFO] org.apache.xerces.util.XMLGrammarPoolImpl not removed because it was specifically included
[INFO] org.apache.xerces.impl.xs.XSImplementationImpl not removed because it was specifically included
[INFO] org.apache.xerces.parsers.XMLDocumentParser not removed because it was specifically included
[INFO] org.apache.html.dom.HTMLParagraphElementImpl not removed because it was specifically included
[INFO] org.apache.xml.serialize.HTMLSerializer not removed because it was specifically included
[INFO] org.apache.wml.dom.WMLOptionElementImpl not removed because it was specifically included
[INFO] org.apache.xerces.jaxp.validation.AbstractXMLSchema not removed because it was specifically included
[INFO] org.apache.wml.WMLDoElement not removed because it was specifically included
[INFO] org.apache.wml.WMLWmlElement not removed because it was specifically included
[INFO] org.apache.wml.dom.WMLBrElementImpl not removed because it was specifically included
[INFO] org.apache.xerces.util.JAXPNamespaceContextWrapper$1 not removed because it was specifically included
[INFO] org.apache.html.dom.HTMLCollectionImpl not removed because it was specifically included
[INFO] org.apache.wml.dom.WMLTrElementImpl not removed because it was specifically included
[INFO] org.apache.html.dom.HTMLHRElementImpl not removed because it was specifically included
[INFO] org.apache.wml.WMLPostfieldElement not removed because it was specifically included
[INFO] org.apache.wml.dom.WMLBElementImpl not removed because it was specifically included
[INFO] org.apache.wml.WMLPElement not removed because it was specifically included
[INFO] org.apache.html.dom.HTMLDListElementImpl not removed because it was specifically included
[INFO] org.apache.wml.WMLGoElement not removed because it was specifically included
[INFO] org.apache.xerces.xpointer.XPointerHandler not removed because it was specifically included
[INFO] org.apache.wml.dom.WMLTemplateElementImpl not removed because it was specifically included
[INFO] org.apache.xerces.jaxp.validation.DOMValidatorHelper not removed because it was specifically included
[INFO] org.apache.html.dom.HTMLInputElementImpl not removed because it was specifically included
[INFO] org.apache.xerces.jaxp.validation.XMLSchemaFactory$XMLGrammarPoolWrapper not removed because it was specifically included
[INFO] org.apache.xerces.dom.DOMImplementationListImpl not removed because it was specifically included
[INFO] org.apache.wml.dom.WMLTdElementImpl not removed because it was specifically included
[INFO] org.apache.xerces.parsers.CachingParserPool$SynchronizedGrammarPool not removed because it was specifically included
[INFO] org.apache.xerces.xpointer.XPointerErrorHandler not removed because it was specifically included
[INFO] org.apache.xerces.xinclude.XIncludeHandler$UnparsedEntity not removed because it was specifically included
[INFO] org.apache.xerces.util.JAXPNamespaceContextWrapper not removed because it was specifically included
[INFO] org.apache.xerces.jaxp.validation.ValidatorImpl not removed because it was specifically included
[INFO] org.apache.wml.dom.WMLSelectElementImpl not removed because it was specifically included
[INFO] org.apache.xerces.impl.dv.dtd.IDDatatypeValidator not removed because it was specifically included
[INFO] org.apache.html.dom.HTMLStyleElementImpl not removed because it was specifically included
[INFO] org.apache.wml.WMLMetaElement not removed because it was specifically included
[INFO] org.apache.wml.dom.WMLWmlElementImpl not removed because it was specifically included
[INFO] org.apache.wml.WMLRefreshElement not removed because it was specifically included
[INFO] org.apache.xerces.impl.Version not removed because it was specifically included
[INFO] org.apache.html.dom.HTMLOptGroupElementImpl not removed because it was specifically included
[INFO] org.apache.html.dom.HTMLTableElementImpl not removed because it was specifically included
[INFO] org.apache.html.dom.HTMLDocumentImpl not removed because it was specifically included
[INFO] org.apache.wml.WMLSetvarElement not removed because it was specifically included
[INFO] org.apache.wml.dom.WMLFieldsetElementImpl not removed because it was specifically included
[INFO] org.apache.xerces.xpointer.ElementSchemePointer not removed because it was specifically included
[INFO] org.apache.html.dom.SecuritySupport$7 not removed because it was specifically included
[INFO] org.apache.html.dom.SecuritySupport$6 not removed because it was specifically included
[INFO] org.apache.html.dom.SecuritySupport$8 not removed because it was specifically included
[INFO] org.apache.html.dom.HTMLIsIndexElementImpl not removed because it was specifically included
[INFO] org.apache.html.dom.SecuritySupport$1 not removed because it was specifically included
[INFO] org.apache.html.dom.SecuritySupport$3 not removed because it was specifically included
[INFO] org.apache.html.dom.SecuritySupport$2 not removed because it was specifically included
[INFO] org.apache.html.dom.SecuritySupport$5 not removed because it was specifically included
[INFO] org.apache.html.dom.SecuritySupport$4 not removed because it was specifically included
[INFO] org.apache.html.dom.HTMLBaseFontElementImpl not removed because it was specifically included
[INFO] org.apache.xerces.xinclude.XIncludeHandler not removed because it was specifically included
[INFO] org.apache.html.dom.HTMLLinkElementImpl not removed because it was specifically included
[INFO] org.apache.wml.dom.WMLEmElementImpl not removed because it was specifically included
[INFO] org.apache.html.dom.HTMLLIElementImpl not removed because it was specifically included
[INFO] org.apache.html.dom.HTMLFrameSetElementImpl not removed because it was specifically included
[INFO] org.apache.xerces.xinclude.XIncludeHandler$Notation not removed because it was specifically included
[INFO] org.apache.html.dom.HTMLTableCaptionElementImpl not removed because it was specifically included
[INFO] org.apache.xerces.impl.dv.dtd.XML11NMTOKENDatatypeValidator not removed because it was specifically included
[INFO] org.apache.html.dom.HTMLAnchorElementImpl not removed because it was specifically included
[INFO] org.apache.wml.dom.WMLOneventElementImpl not removed because it was specifically included
[INFO] org.apache.wml.WMLAnchorElement not removed because it was specifically included
[INFO] org.apache.xerces.jaxp.DocumentBuilderImpl not removed because it was specifically included
[INFO] org.apache.wml.WMLHeadElement not removed because it was specifically included
[INFO] org.apache.xerces.jaxp.validation.DOMResultAugmentor not removed because it was specifically included
[INFO] org.apache.xerces.jaxp.validation.JAXPValidationMessageFormatter not removed because it was specifically included
[INFO] org.apache.html.dom.HTMLFontElementImpl not removed because it was specifically included
[INFO] org.apache.xml.serialize.XHTMLSerializer not removed because it was specifically included
[INFO] org.apache.xerces.parsers.NonValidatingConfiguration not removed because it was specifically included
[INFO] org.apache.xerces.impl.dv.dtd.DTDDVFactoryImpl not removed because it was specifically included
[INFO] org.apache.xerces.jaxp.validation.ValidatorHandlerImpl$XMLSchemaTypeInfoProvider not removed because it was specifically included
[INFO] org.apache.xerces.xinclude.SecuritySupport not removed because it was specifically included
[INFO] org.apache.html.dom.HTMLPreElementImpl not removed because it was specifically included
[INFO] org.apache.html.dom.HTMLBodyElementImpl not removed because it was specifically included
[INFO] org.apache.wml.dom.WMLNoopElementImpl not removed because it was specifically included
[INFO] org.apache.wml.dom.WMLImgElementImpl not removed because it was specifically included
[INFO] org.apache.html.dom.HTMLFormControl not removed because it was specifically included
[INFO] org.apache.wml.WMLBigElement not removed because it was specifically included
[INFO] org.apache.wml.WMLAccessElement not removed because it was specifically included
[INFO] org.apache.xerces.jaxp.validation.DOMValidatorHelper$DOMNamespaceContext not removed because it was specifically included
[INFO] org.apache.html.dom.HTMLBRElementImpl not removed because it was specifically included
[INFO] org.apache.xerces.xpointer.XPointerHandler$Scanner not removed because it was specifically included
[INFO] org.apache.xerces.dom3.as.DOMASBuilder not removed because it was specifically included
[INFO] org.apache.html.dom.HTMLParamElementImpl not removed because it was specifically included
[INFO] org.apache.wml.dom.WMLGoElementImpl not removed because it was specifically included
[INFO] org.apache.xerces.jaxp.DocumentBuilderFactoryImpl not removed because it was specifically included
[INFO] org.apache.xerces.parsers.DTDParser not removed because it was specifically included
[INFO] org.apache.xerces.dom.DOMXSImplementationSourceImpl not removed because it was specifically included
[INFO] org.apache.html.dom.HTMLBuilder not removed because it was specifically included
[INFO] Minimized 3417 -> 1267 (37%)
[INFO] Replacing original artifact with shaded artifact.
[INFO] Replacing /home/travis/build/passed/SonarSource/sonar-xml/sonar-xml-plugin/target/sonar-xml-plugin-1.6.0-SNAPSHOT.jar with /home/travis/build/passed/SonarSource/sonar-xml/sonar-xml-plugin/target/sonar-xml-plugin-1.6.0-SNAPSHOT-shaded.jar
[INFO] 
[INFO] --- maven-source-plugin:3.0.1:jar-no-fork (attach-sources) @ sonar-xml-plugin ---
[INFO] Building jar: /home/travis/build/passed/SonarSource/sonar-xml/sonar-xml-plugin/target/sonar-xml-plugin-1.6.0-SNAPSHOT-sources.jar
[INFO] ------------------------------------------------------------------------
[INFO] Reactor Summary:
[INFO] 
[INFO] SonarXML ........................................... SUCCESS [  1.528 s]
[INFO] SonarXML :: SonarQube Plugin ....................... SUCCESS [01:27 min]
[INFO] ------------------------------------------------------------------------
[INFO] BUILD SUCCESS
[INFO] ------------------------------------------------------------------------
[INFO] Total time: 01:30 min
[INFO] Finished at: 2022-02-05T20:18:48Z
[INFO] Final Memory: 35M/1679M
[INFO] ------------------------------------------------------------------------
travis_time:end:03462700:start=1644092236378836584,finish=1644092328818593328,duration=92439756744[0K[32;1mThe command "./travis.sh" exited with 0.[0m

travis_fold:start:cache.2[0Kstore build cache
travis_time:start:0e153d60[0Ktravis_time:end:0e153d60:start=1644092328827909217,finish=1644092328833703278,duration=5794061[0Ktravis_time:start:01304070[0K[32;1mchanges detected, packing new archive[0m
[32;1muploading /[0m
[31;1mfailed to upload cache[0m
travis_time:end:01304070:start=1644092328841595598,finish=1644092332398794576,duration=3557198978[0Ktravis_fold:end:cache.2[0K

Done. Your build exited with 0.
