travis_fold:start:system_info[0K[33;1mBuild system information[0m
Build language: java
Build group: stable
Build dist: precise
Build id: ''
Job id: ''
[34m[1mBuild image provisioning date and time[0m
Thu Feb  5 15:09:33 UTC 2015
[34m[1mOperating System Details[0m
Distributor ID:	Ubuntu
Description:	Ubuntu 12.04.5 LTS
Release:	12.04
Codename:	precise
[34m[1mLinux Version[0m
3.13.0-29-generic
[34m[1mCookbooks Version[0m
a68419e https://github.com/travis-ci/travis-cookbooks/tree/a68419e
[34m[1mGCC version[0m
gcc (Ubuntu/Linaro 4.6.3-1ubuntu5) 4.6.3
Copyright (C) 2011 Free Software Foundation, Inc.
This is free software; see the source for copying conditions.  There is NO
warranty; not even for MERCHANTABILITY or FITNESS FOR A PARTICULAR PURPOSE.

[34m[1mLLVM version[0m
clang version 3.4 (tags/RELEASE_34/final)
Target: x86_64-unknown-linux-gnu
Thread model: posix
[34m[1mPre-installed Ruby versions[0m
ruby-1.9.3-p551
[34m[1mPre-installed Node.js versions[0m
v0.10.36
[34m[1mPre-installed Go versions[0m
1.4.1
[34m[1mRedis version[0m
redis-server 2.8.19
[34m[1mriak version[0m
2.0.2
[34m[1mMongoDB version[0m
MongoDB 2.4.12
[34m[1mCouchDB version[0m
couchdb 1.6.1
[34m[1mNeo4j version[0m
1.9.4
[34m[1mRabbitMQ Version[0m
3.4.3
[34m[1mElasticSearch version[0m
1.4.0
[34m[1mInstalled Sphinx versions[0m
2.0.10
2.1.9
2.2.6
[34m[1mDefault Sphinx version[0m
2.2.6
[34m[1mInstalled Firefox version[0m
firefox 31.0esr
[34m[1mPhantomJS version[0m
1.9.8
[34m[1mant -version[0m
Apache Ant(TM) version 1.8.2 compiled on December 3 2011
[34m[1mmvn -version[0m
Apache Maven 3.2.5 (12a6b3acb947671f09b81f49094c53f426d8cea1; 2014-12-14T17:29:23+00:00)
Maven home: /usr/local/maven
Java version: 1.7.0_76, vendor: Oracle Corporation
Java home: /usr/lib/jvm/java-7-oracle/jre
Default locale: en_US, platform encoding: ANSI_X3.4-1968
OS name: "linux", version: "3.13.0-29-generic", arch: "amd64", family: "unix"
travis_fold:end:system_info[0K
W: Failed to fetch http://apt.postgresql.org/pub/repos/apt/dists/precise-pgdg/main/binary-amd64/Packages  404  Not Found [IP: 72.32.157.246 80]

W: Failed to fetch http://apt.postgresql.org/pub/repos/apt/dists/precise-pgdg/main/binary-i386/Packages  404  Not Found [IP: 72.32.157.246 80]

W: Failed to fetch http://us.archive.ubuntu.com/ubuntu/dists/precise/main/source/Sources  404  Not Found [IP: 91.189.91.39 80]

W: Failed to fetch http://us.archive.ubuntu.com/ubuntu/dists/precise/restricted/source/Sources  404  Not Found [IP: 91.189.91.39 80]

W: Failed to fetch http://us.archive.ubuntu.com/ubuntu/dists/precise/universe/source/Sources  404  Not Found [IP: 91.189.91.39 80]

W: Failed to fetch http://us.archive.ubuntu.com/ubuntu/dists/precise/multiverse/source/Sources  404  Not Found [IP: 91.189.91.39 80]

W: Failed to fetch http://us.archive.ubuntu.com/ubuntu/dists/precise/main/binary-amd64/Packages  404  Not Found [IP: 91.189.91.39 80]

W: Failed to fetch http://us.archive.ubuntu.com/ubuntu/dists/precise/restricted/binary-amd64/Packages  404  Not Found [IP: 91.189.91.39 80]

W: Failed to fetch http://us.archive.ubuntu.com/ubuntu/dists/precise/universe/binary-amd64/Packages  404  Not Found [IP: 91.189.91.39 80]

W: Failed to fetch http://us.archive.ubuntu.com/ubuntu/dists/precise/multiverse/binary-amd64/Packages  404  Not Found [IP: 91.189.91.39 80]

W: Failed to fetch http://us.archive.ubuntu.com/ubuntu/dists/precise/main/binary-i386/Packages  404  Not Found [IP: 91.189.91.39 80]

W: Failed to fetch http://us.archive.ubuntu.com/ubuntu/dists/precise/restricted/binary-i386/Packages  404  Not Found [IP: 91.189.91.39 80]

W: Failed to fetch http://us.archive.ubuntu.com/ubuntu/dists/precise/universe/binary-i386/Packages  404  Not Found [IP: 91.189.91.39 80]

W: Failed to fetch http://us.archive.ubuntu.com/ubuntu/dists/precise/multiverse/binary-i386/Packages  404  Not Found [IP: 91.189.91.39 80]

W: Failed to fetch http://us.archive.ubuntu.com/ubuntu/dists/precise-updates/main/source/Sources  404  Not Found [IP: 91.189.91.39 80]

W: Failed to fetch http://us.archive.ubuntu.com/ubuntu/dists/precise-updates/restricted/source/Sources  404  Not Found [IP: 91.189.91.39 80]

W: Failed to fetch http://us.archive.ubuntu.com/ubuntu/dists/precise-updates/universe/source/Sources  404  Not Found [IP: 91.189.91.39 80]

W: Failed to fetch http://us.archive.ubuntu.com/ubuntu/dists/precise-updates/multiverse/source/Sources  404  Not Found [IP: 91.189.91.39 80]

W: Failed to fetch http://us.archive.ubuntu.com/ubuntu/dists/precise-updates/main/binary-amd64/Packages  404  Not Found [IP: 91.189.91.39 80]

W: Failed to fetch http://us.archive.ubuntu.com/ubuntu/dists/precise-updates/restricted/binary-amd64/Packages  404  Not Found [IP: 91.189.91.39 80]

W: Failed to fetch http://us.archive.ubuntu.com/ubuntu/dists/precise-updates/universe/binary-amd64/Packages  404  Not Found [IP: 91.189.91.39 80]

W: Failed to fetch http://us.archive.ubuntu.com/ubuntu/dists/precise-updates/multiverse/binary-amd64/Packages  404  Not Found [IP: 91.189.91.39 80]

W: Failed to fetch http://us.archive.ubuntu.com/ubuntu/dists/precise-updates/main/binary-i386/Packages  404  Not Found [IP: 91.189.91.39 80]

W: Failed to fetch http://us.archive.ubuntu.com/ubuntu/dists/precise-updates/restricted/binary-i386/Packages  404  Not Found [IP: 91.189.91.39 80]

W: Failed to fetch http://us.archive.ubuntu.com/ubuntu/dists/precise-updates/universe/binary-i386/Packages  404  Not Found [IP: 91.189.91.39 80]

W: Failed to fetch http://us.archive.ubuntu.com/ubuntu/dists/precise-updates/multiverse/binary-i386/Packages  404  Not Found [IP: 91.189.91.39 80]

W: Failed to fetch http://us.archive.ubuntu.com/ubuntu/dists/precise-backports/main/source/Sources  404  Not Found [IP: 91.189.91.39 80]

W: Failed to fetch http://us.archive.ubuntu.com/ubuntu/dists/precise-backports/restricted/source/Sources  404  Not Found [IP: 91.189.91.39 80]

W: Failed to fetch http://us.archive.ubuntu.com/ubuntu/dists/precise-backports/universe/source/Sources  404  Not Found [IP: 91.189.91.39 80]

W: Failed to fetch http://us.archive.ubuntu.com/ubuntu/dists/precise-backports/multiverse/source/Sources  404  Not Found [IP: 91.189.91.39 80]

W: Failed to fetch http://us.archive.ubuntu.com/ubuntu/dists/precise-backports/main/binary-amd64/Packages  404  Not Found [IP: 91.189.91.39 80]

W: Failed to fetch http://us.archive.ubuntu.com/ubuntu/dists/precise-backports/restricted/binary-amd64/Packages  404  Not Found [IP: 91.189.91.39 80]

W: Failed to fetch http://us.archive.ubuntu.com/ubuntu/dists/precise-backports/universe/binary-amd64/Packages  404  Not Found [IP: 91.189.91.39 80]

W: Failed to fetch http://us.archive.ubuntu.com/ubuntu/dists/precise-backports/multiverse/binary-amd64/Packages  404  Not Found [IP: 91.189.91.39 80]

W: Failed to fetch http://us.archive.ubuntu.com/ubuntu/dists/precise-backports/main/binary-i386/Packages  404  Not Found [IP: 91.189.91.39 80]

W: Failed to fetch http://us.archive.ubuntu.com/ubuntu/dists/precise-backports/restricted/binary-i386/Packages  404  Not Found [IP: 91.189.91.39 80]

W: Failed to fetch http://us.archive.ubuntu.com/ubuntu/dists/precise-backports/universe/binary-i386/Packages  404  Not Found [IP: 91.189.91.39 80]

W: Failed to fetch http://us.archive.ubuntu.com/ubuntu/dists/precise-backports/multiverse/binary-i386/Packages  404  Not Found [IP: 91.189.91.39 80]

W: Failed to fetch http://security.ubuntu.com/ubuntu/dists/precise-security/main/source/Sources  404  Not Found [IP: 91.189.88.152 80]

W: Failed to fetch http://security.ubuntu.com/ubuntu/dists/precise-security/restricted/source/Sources  404  Not Found [IP: 91.189.88.152 80]

W: Failed to fetch http://security.ubuntu.com/ubuntu/dists/precise-security/universe/source/Sources  404  Not Found [IP: 91.189.88.152 80]

W: Failed to fetch http://security.ubuntu.com/ubuntu/dists/precise-security/multiverse/source/Sources  404  Not Found [IP: 91.189.88.152 80]

W: Failed to fetch http://security.ubuntu.com/ubuntu/dists/precise-security/main/binary-amd64/Packages  404  Not Found [IP: 91.189.88.152 80]

W: Failed to fetch http://security.ubuntu.com/ubuntu/dists/precise-security/restricted/binary-amd64/Packages  404  Not Found [IP: 91.189.88.152 80]

W: Failed to fetch http://security.ubuntu.com/ubuntu/dists/precise-security/universe/binary-amd64/Packages  404  Not Found [IP: 91.189.88.152 80]

W: Failed to fetch http://security.ubuntu.com/ubuntu/dists/precise-security/multiverse/binary-amd64/Packages  404  Not Found [IP: 91.189.88.152 80]

W: Failed to fetch http://security.ubuntu.com/ubuntu/dists/precise-security/main/binary-i386/Packages  404  Not Found [IP: 91.189.88.152 80]

W: Failed to fetch http://security.ubuntu.com/ubuntu/dists/precise-security/restricted/binary-i386/Packages  404  Not Found [IP: 91.189.88.152 80]

W: Failed to fetch http://security.ubuntu.com/ubuntu/dists/precise-security/universe/binary-i386/Packages  404  Not Found [IP: 91.189.88.152 80]

W: Failed to fetch http://security.ubuntu.com/ubuntu/dists/precise-security/multiverse/binary-i386/Packages  404  Not Found [IP: 91.189.88.152 80]

W: Failed to fetch http://ppa.launchpad.net/rwky/ppa/ubuntu/dists/precise/main/binary-amd64/Packages  403  Forbidden

W: Failed to fetch http://ppa.launchpad.net/rwky/ppa/ubuntu/dists/precise/main/binary-i386/Packages  403  Forbidden

W: Failed to fetch http://ppa.launchpad.net/travis-ci/zero-mq/ubuntu/dists/precise/main/binary-amd64/Packages  403  Forbidden

W: Failed to fetch http://ppa.launchpad.net/travis-ci/zero-mq/ubuntu/dists/precise/main/binary-i386/Packages  403  Forbidden

W: Failed to fetch http://downloads-distro.mongodb.org/repo/debian-sysvinit/dists/dist/10gen/binary-amd64/Packages  Undetermined Error [IP: 52.206.222.245 80]

W: Failed to fetch http://downloads-distro.mongodb.org/repo/debian-sysvinit/dists/dist/10gen/binary-i386/Packages  Undetermined Error [IP: 52.206.222.245 80]

E: Some index files failed to download. They have been ignored, or old ones used instead.
sed: cannot rename /etc/hosts: Device or resource busy
sed: cannot rename /etc/hosts: Device or resource busy
$ jdk_switcher use oraclejdk7
Switching to Oracle JDK7 (java-7-oracle), JAVA_HOME will be set to /usr/lib/jvm/java-7-oracle
$ cd passed/twilio/twilio-java
$ java -Xmx32m -version
java version "1.7.0_76"
Java(TM) SE Runtime Environment (build 1.7.0_76-b13)
Java HotSpot(TM) 64-Bit Server VM (build 24.76-b04, mixed mode)
$ javac -J-Xmx32m -version
javac 1.7.0_76
travis_fold:start:install[0Ktravis_time:start:01649a94[0K$ mvn -o install -Dhttps.protocols=TLSv1.2 -Dhttps.protocols=TLSv1.2 -Dhttps.protocols=TLSv1.2 -DskipTests=true -Dmaven.javadoc.skip=true -B -V
Apache Maven 3.2.5 (12a6b3acb947671f09b81f49094c53f426d8cea1; 2014-12-14T17:29:23+00:00)
Maven home: /usr/local/maven
Java version: 1.7.0_76, vendor: Oracle Corporation
Java home: /usr/lib/jvm/java-7-oracle/jre
Default locale: en_US, platform encoding: UTF-8
OS name: "linux", version: "4.15.0-109-generic", arch: "amd64", family: "unix"
[INFO] Scanning for projects...
[INFO]                                                                         
[INFO] ------------------------------------------------------------------------
[INFO] Building twilio 7.12.1-SNAPSHOT
[INFO] ------------------------------------------------------------------------
[INFO] 
[INFO] --- maven-enforcer-plugin:1.0:enforce (enforce-maven) @ twilio ---
[INFO] 
[INFO] --- maven-resources-plugin:2.6:resources (default-resources) @ twilio ---
[INFO] Using 'UTF-8' encoding to copy filtered resources.
[INFO] skip non existing resourceDirectory /home/travis/build/passed/twilio/twilio-java/src/main/resources
[INFO] 
[INFO] --- maven-compiler-plugin:3.5:compile (default-compile) @ twilio ---
[INFO] Nothing to compile - all classes are up to date
[INFO] 
[INFO] --- maven-resources-plugin:2.6:testResources (default-testResources) @ twilio ---
[INFO] Using 'UTF-8' encoding to copy filtered resources.
[INFO] skip non existing resourceDirectory /home/travis/build/passed/twilio/twilio-java/src/test/resources
[INFO] 
[INFO] --- maven-compiler-plugin:3.5:testCompile (default-testCompile) @ twilio ---
[INFO] Nothing to compile - all classes are up to date
[INFO] 
[INFO] --- maven-surefire-plugin:2.20:test (default-test) @ twilio ---
[INFO] Tests are skipped.
[INFO] 
[INFO] --- maven-jar-plugin:2.4:jar (default-jar) @ twilio ---
[INFO] 
[INFO] --- maven-assembly-plugin:2.3:single (make-assembly) @ twilio ---
[INFO] META-INF/MANIFEST.MF already added, skipping
[INFO] META-INF/MANIFEST.MF already added, skipping
[INFO] META-INF/MANIFEST.MF already added, skipping
[INFO] META-INF/MANIFEST.MF already added, skipping
[INFO] META-INF/MANIFEST.MF already added, skipping
[INFO] META-INF/LICENSE already added, skipping
[INFO] META-INF/MANIFEST.MF already added, skipping
[INFO] META-INF/LICENSE already added, skipping
[INFO] META-INF/NOTICE already added, skipping
[INFO] META-INF/MANIFEST.MF already added, skipping
[INFO] META-INF/NOTICE already added, skipping
[INFO] META-INF/LICENSE already added, skipping
[INFO] META-INF/MANIFEST.MF already added, skipping
[INFO] META-INF/DEPENDENCIES already added, skipping
[INFO] META-INF/NOTICE already added, skipping
[INFO] META-INF/LICENSE already added, skipping
[INFO] META-INF/MANIFEST.MF already added, skipping
[INFO] META-INF/NOTICE.txt already added, skipping
[INFO] META-INF/LICENSE.txt already added, skipping
[INFO] META-INF/MANIFEST.MF already added, skipping
[INFO] META-INF/LICENSE.txt already added, skipping
[INFO] META-INF/NOTICE.txt already added, skipping
[INFO] META-INF/MANIFEST.MF already added, skipping
[INFO] META-INF/LICENSE.txt already added, skipping
[INFO] META-INF/MANIFEST.MF already added, skipping
[INFO] META-INF/MANIFEST.MF already added, skipping
[INFO] META-INF/LICENSE.txt already added, skipping
[INFO] META-INF/MANIFEST.MF already added, skipping
[INFO] Building jar: /home/travis/build/passed/twilio/twilio-java/target/twilio-7.12.1-SNAPSHOT-jar-with-dependencies.jar
[INFO] META-INF/MANIFEST.MF already added, skipping
[INFO] META-INF/MANIFEST.MF already added, skipping
[INFO] META-INF/MANIFEST.MF already added, skipping
[INFO] META-INF/MANIFEST.MF already added, skipping
[INFO] META-INF/MANIFEST.MF already added, skipping
[INFO] META-INF/LICENSE already added, skipping
[INFO] META-INF/MANIFEST.MF already added, skipping
[INFO] META-INF/LICENSE already added, skipping
[INFO] META-INF/NOTICE already added, skipping
[INFO] META-INF/MANIFEST.MF already added, skipping
[INFO] META-INF/NOTICE already added, skipping
[INFO] META-INF/LICENSE already added, skipping
[INFO] META-INF/MANIFEST.MF already added, skipping
[INFO] META-INF/DEPENDENCIES already added, skipping
[INFO] META-INF/NOTICE already added, skipping
[INFO] META-INF/LICENSE already added, skipping
[INFO] META-INF/MANIFEST.MF already added, skipping
[INFO] META-INF/NOTICE.txt already added, skipping
[INFO] META-INF/LICENSE.txt already added, skipping
[INFO] META-INF/MANIFEST.MF already added, skipping
[INFO] META-INF/LICENSE.txt already added, skipping
[INFO] META-INF/NOTICE.txt already added, skipping
[INFO] META-INF/MANIFEST.MF already added, skipping
[INFO] META-INF/LICENSE.txt already added, skipping
[INFO] META-INF/MANIFEST.MF already added, skipping
[INFO] META-INF/MANIFEST.MF already added, skipping
[INFO] META-INF/LICENSE.txt already added, skipping
[INFO] META-INF/MANIFEST.MF already added, skipping
[INFO] 
[INFO] >>> maven-source-plugin:2.1.2:jar (attach-sources) > generate-sources @ twilio >>>
[INFO] 
[INFO] --- maven-enforcer-plugin:1.0:enforce (enforce-maven) @ twilio ---
[INFO] 
[INFO] <<< maven-source-plugin:2.1.2:jar (attach-sources) < generate-sources @ twilio <<<
[INFO] 
[INFO] --- maven-source-plugin:2.1.2:jar (attach-sources) @ twilio ---
[INFO] Building jar: /home/travis/build/passed/twilio/twilio-java/target/twilio-7.12.1-SNAPSHOT-sources.jar
[INFO] 
[INFO] --- maven-install-plugin:2.4:install (default-install) @ twilio ---
[INFO] Installing /home/travis/build/passed/twilio/twilio-java/target/twilio-7.12.1-SNAPSHOT.jar to /home/travis/.m2/repository/com/twilio/sdk/twilio/7.12.1-SNAPSHOT/twilio-7.12.1-SNAPSHOT.jar
[INFO] Installing /home/travis/build/passed/twilio/twilio-java/pom.xml to /home/travis/.m2/repository/com/twilio/sdk/twilio/7.12.1-SNAPSHOT/twilio-7.12.1-SNAPSHOT.pom
[INFO] Installing /home/travis/build/passed/twilio/twilio-java/target/twilio-7.12.1-SNAPSHOT-jar-with-dependencies.jar to /home/travis/.m2/repository/com/twilio/sdk/twilio/7.12.1-SNAPSHOT/twilio-7.12.1-SNAPSHOT-jar-with-dependencies.jar
[INFO] Installing /home/travis/build/passed/twilio/twilio-java/target/twilio-7.12.1-SNAPSHOT-sources.jar to /home/travis/.m2/repository/com/twilio/sdk/twilio/7.12.1-SNAPSHOT/twilio-7.12.1-SNAPSHOT-sources.jar
[INFO] ------------------------------------------------------------------------
[INFO] BUILD SUCCESS
[INFO] ------------------------------------------------------------------------
[INFO] Total time: 02:04 min
[INFO] Finished at: 2022-02-05T19:13:48+00:00
[INFO] Final Memory: 14M/482M
[INFO] ------------------------------------------------------------------------

travis_time:end:01649a94:start=1644088303300866706,finish=1644088428887760504,duration=125586893798[0Ktravis_fold:end:install[0Ktravis_time:start:03aeed1b[0K$ mvn test -Dhttps.protocols=TLSv1.2 -Dhttps.protocols=TLSv1.2 -Dhttps.protocols=TLSv1.2 -B
[INFO] Scanning for projects...
[INFO]                                                                         
[INFO] ------------------------------------------------------------------------
[INFO] Building twilio 7.12.1-SNAPSHOT
[INFO] ------------------------------------------------------------------------
[INFO] 
[INFO] --- maven-enforcer-plugin:1.0:enforce (enforce-maven) @ twilio ---
[INFO] 
[INFO] --- maven-resources-plugin:2.6:resources (default-resources) @ twilio ---
[INFO] Using 'UTF-8' encoding to copy filtered resources.
[INFO] skip non existing resourceDirectory /home/travis/build/passed/twilio/twilio-java/src/main/resources
[INFO] 
[INFO] --- maven-compiler-plugin:3.5:compile (default-compile) @ twilio ---
[INFO] Nothing to compile - all classes are up to date
[INFO] 
[INFO] --- maven-resources-plugin:2.6:testResources (default-testResources) @ twilio ---
[INFO] Using 'UTF-8' encoding to copy filtered resources.
[INFO] skip non existing resourceDirectory /home/travis/build/passed/twilio/twilio-java/src/test/resources
[INFO] 
[INFO] --- maven-compiler-plugin:3.5:testCompile (default-testCompile) @ twilio ---
[INFO] Nothing to compile - all classes are up to date
[INFO] 
[INFO] --- maven-surefire-plugin:2.20:test (default-test) @ twilio ---
[INFO] 
[INFO] -------------------------------------------------------
[INFO]  T E S T S
[INFO] -------------------------------------------------------
[INFO] Running com.twilio.base.ReaderTest
[INFO] Running com.twilio.converter.CurrencyDeserializerTest
[INFO] Running com.twilio.TwilioTest
[INFO] Running com.twilio.converter.PrefixedCollapsibleMapTest
[INFO] Running com.twilio.converter.DateConverterTest
[INFO] Running com.twilio.converter.PromoterTest
[INFO] Running com.twilio.exception.ApiExceptionTest
[INFO] Running com.twilio.http.NetworkHttpClientTest
[INFO] Tests run: 4, Failures: 0, Errors: 0, Skipped: 0, Time elapsed: 1.822 s - in com.twilio.converter.PrefixedCollapsibleMapTest
[INFO] Tests run: 2, Failures: 0, Errors: 0, Skipped: 0, Time elapsed: 1.823 s - in com.twilio.converter.PromoterTest
[INFO] Running com.twilio.http.RequestTest
[INFO] Running com.twilio.http.ResponseTest
[INFO] Tests run: 5, Failures: 0, Errors: 0, Skipped: 0, Time elapsed: 1.817 s - in com.twilio.exception.ApiExceptionTest
[INFO] Tests run: 9, Failures: 0, Errors: 0, Skipped: 0, Time elapsed: 1.932 s - in com.twilio.converter.DateConverterTest
[INFO] Running com.twilio.jwt.accesstoken.AccessTokenTest
[INFO] Running com.twilio.jwt.client.ClientCapabilityTest
SLF4J: Failed to load class "org.slf4j.impl.StaticLoggerBinder".
SLF4J: Defaulting to no-operation (NOP) logger implementation
SLF4J: See http://www.slf4j.org/codes.html#StaticLoggerBinder for further details.
SLF4J: Failed to load class "org.slf4j.impl.StaticLoggerBinder".
SLF4J: Defaulting to no-operation (NOP) logger implementation
SLF4J: See http://www.slf4j.org/codes.html#StaticLoggerBinder for further details.
[INFO] Tests run: 18, Failures: 0, Errors: 0, Skipped: 0, Time elapsed: 0.184 s - in com.twilio.http.RequestTest
[INFO] Running com.twilio.jwt.client.EventStreamScopeTest
[INFO] Tests run: 2, Failures: 0, Errors: 0, Skipped: 0, Time elapsed: 0.227 s - in com.twilio.http.ResponseTest
[INFO] Tests run: 2, Failures: 0, Errors: 0, Skipped: 0, Time elapsed: 2.399 s - in com.twilio.converter.CurrencyDeserializerTest
[INFO] Running com.twilio.jwt.client.OutgoingClientScopeTest
[INFO] Tests run: 1, Failures: 0, Errors: 0, Skipped: 0, Time elapsed: 0.004 s - in com.twilio.jwt.client.EventStreamScopeTest
[INFO] Tests run: 6, Failures: 0, Errors: 0, Skipped: 0, Time elapsed: 2.385 s - in com.twilio.TwilioTest
[INFO] Running com.twilio.jwt.client.IncomingClientScopeTest
[INFO] Running com.twilio.jwt.taskrouter.PolicyTest
[INFO] Running com.twilio.jwt.taskrouter.PolicyUtilsTest
[INFO] Tests run: 1, Failures: 0, Errors: 0, Skipped: 0, Time elapsed: 0.011 s - in com.twilio.jwt.client.IncomingClientScopeTest
[INFO] Tests run: 2, Failures: 0, Errors: 0, Skipped: 0, Time elapsed: 0.01 s - in com.twilio.jwt.taskrouter.PolicyUtilsTest
[INFO] Running com.twilio.jwt.taskrouter.TaskRouterCapabilityTest
[INFO] Running com.twilio.jwt.taskrouter.UrlUtilsTest
[INFO] Tests run: 1, Failures: 0, Errors: 0, Skipped: 0, Time elapsed: 0.013 s - in com.twilio.jwt.client.OutgoingClientScopeTest
[INFO] Running com.twilio.jwt.validation.RequestCanonicalizerTest
SLF4J: Failed to load class "org.slf4j.impl.StaticLoggerBinder".
SLF4J: Defaulting to no-operation (NOP) logger implementation
SLF4J: See http://www.slf4j.org/codes.html#StaticLoggerBinder for further details.
[INFO] Tests run: 9, Failures: 0, Errors: 0, Skipped: 0, Time elapsed: 2.462 s - in com.twilio.base.ReaderTest
[INFO] Tests run: 18, Failures: 0, Errors: 0, Skipped: 0, Time elapsed: 0.022 s - in com.twilio.jwt.taskrouter.UrlUtilsTest
[INFO] Running com.twilio.jwt.validation.ValidationTokenTest
[INFO] Running com.twilio.rest.accounts.v1.credential.PublicKeyTest
[INFO] Tests run: 19, Failures: 0, Errors: 0, Skipped: 0, Time elapsed: 0.087 s - in com.twilio.jwt.validation.RequestCanonicalizerTest
[INFO] Running com.twilio.rest.api.v2010.AccountTest
[INFO] Tests run: 2, Failures: 0, Errors: 0, Skipped: 0, Time elapsed: 0.587 s - in com.twilio.jwt.client.ClientCapabilityTest
[INFO] Running com.twilio.rest.api.v2010.account.AddressTest
[INFO] Tests run: 9, Failures: 0, Errors: 0, Skipped: 0, Time elapsed: 0.608 s - in com.twilio.jwt.accesstoken.AccessTokenTest
[INFO] Running com.twilio.rest.api.v2010.account.ApplicationTest
[INFO] Tests run: 1, Failures: 0, Errors: 0, Skipped: 0, Time elapsed: 0.36 s - in com.twilio.jwt.taskrouter.PolicyTest
[INFO] Running com.twilio.rest.api.v2010.account.AuthorizedConnectAppTest
[INFO] Tests run: 2, Failures: 0, Errors: 0, Skipped: 0, Time elapsed: 0.585 s - in com.twilio.jwt.taskrouter.TaskRouterCapabilityTest
[INFO] Running com.twilio.rest.api.v2010.account.AvailablePhoneNumberCountryTest
SLF4J: Failed to load class "org.slf4j.impl.StaticLoggerBinder".
SLF4J: Defaulting to no-operation (NOP) logger implementation
SLF4J: See http://www.slf4j.org/codes.html#StaticLoggerBinder for further details.
[INFO] Tests run: 9, Failures: 0, Errors: 0, Skipped: 0, Time elapsed: 4.131 s - in com.twilio.http.NetworkHttpClientTest
[INFO] Running com.twilio.rest.api.v2010.account.CallTest
[INFO] Tests run: 5, Failures: 0, Errors: 0, Skipped: 0, Time elapsed: 1.248 s - in com.twilio.rest.api.v2010.account.AvailablePhoneNumberCountryTest
[INFO] Running com.twilio.rest.api.v2010.account.ConferenceTest
[INFO] Tests run: 5, Failures: 0, Errors: 0, Skipped: 0, Time elapsed: 1.502 s - in com.twilio.rest.api.v2010.account.AuthorizedConnectAppTest
[INFO] Running com.twilio.rest.api.v2010.account.ConnectAppTest
[INFO] Tests run: 3, Failures: 0, Errors: 0, Skipped: 0, Time elapsed: 1.871 s - in com.twilio.jwt.validation.ValidationTokenTest
[INFO] Running com.twilio.rest.api.v2010.account.IncomingPhoneNumberTest
[INFO] Tests run: 9, Failures: 0, Errors: 0, Skipped: 0, Time elapsed: 1.85 s - in com.twilio.rest.api.v2010.AccountTest
[INFO] Running com.twilio.rest.api.v2010.account.KeyTest
[INFO] Tests run: 11, Failures: 0, Errors: 0, Skipped: 0, Time elapsed: 1.922 s - in com.twilio.rest.accounts.v1.credential.PublicKeyTest
[INFO] Running com.twilio.rest.api.v2010.account.MessageTest
[INFO] Tests run: 11, Failures: 0, Errors: 0, Skipped: 0, Time elapsed: 2.104 s - in com.twilio.rest.api.v2010.account.ApplicationTest
[INFO] Running com.twilio.rest.api.v2010.account.NewKeyTest
[INFO] Tests run: 11, Failures: 0, Errors: 0, Skipped: 0, Time elapsed: 2.217 s - in com.twilio.rest.api.v2010.account.AddressTest
[INFO] Running com.twilio.rest.api.v2010.account.NewSigningKeyTest
[INFO] Tests run: 7, Failures: 0, Errors: 0, Skipped: 0, Time elapsed: 0.924 s - in com.twilio.rest.api.v2010.account.ConferenceTest
[INFO] Running com.twilio.rest.api.v2010.account.NotificationTest
[INFO] Tests run: 2, Failures: 0, Errors: 0, Skipped: 0, Time elapsed: 0.249 s - in com.twilio.rest.api.v2010.account.NewKeyTest
[INFO] Running com.twilio.rest.api.v2010.account.OutgoingCallerIdTest
[INFO] Tests run: 7, Failures: 0, Errors: 0, Skipped: 0, Time elapsed: 0.793 s - in com.twilio.rest.api.v2010.account.ConnectAppTest
[INFO] Running com.twilio.rest.api.v2010.account.QueueTest
[INFO] Tests run: 2, Failures: 0, Errors: 0, Skipped: 0, Time elapsed: 0.264 s - in com.twilio.rest.api.v2010.account.NewSigningKeyTest
[INFO] Running com.twilio.rest.api.v2010.account.RecordingTest
[INFO] Tests run: 9, Failures: 0, Errors: 0, Skipped: 0, Time elapsed: 1.021 s - in com.twilio.rest.api.v2010.account.KeyTest
[INFO] Running com.twilio.rest.api.v2010.account.ShortCodeTest
[INFO] Tests run: 11, Failures: 0, Errors: 0, Skipped: 0, Time elapsed: 1.318 s - in com.twilio.rest.api.v2010.account.MessageTest
[INFO] Running com.twilio.rest.api.v2010.account.SigningKeyTest
[INFO] Tests run: 11, Failures: 0, Errors: 0, Skipped: 0, Time elapsed: 1.879 s - in com.twilio.rest.api.v2010.account.CallTest
[INFO] Running com.twilio.rest.api.v2010.account.TokenTest
[INFO] Tests run: 7, Failures: 0, Errors: 0, Skipped: 0, Time elapsed: 0.959 s - in com.twilio.rest.api.v2010.account.RecordingTest
[INFO] Running com.twilio.rest.api.v2010.account.TranscriptionTest
[INFO] Tests run: 7, Failures: 0, Errors: 0, Skipped: 0, Time elapsed: 1.016 s - in com.twilio.rest.api.v2010.account.NotificationTest
[INFO] Running com.twilio.rest.api.v2010.account.ValidationRequestTest
[INFO] Tests run: 9, Failures: 0, Errors: 0, Skipped: 0, Time elapsed: 1.099 s - in com.twilio.rest.api.v2010.account.OutgoingCallerIdTest
[INFO] Running com.twilio.rest.api.v2010.account.address.DependentPhoneNumberTest
[INFO] Tests run: 7, Failures: 0, Errors: 0, Skipped: 0, Time elapsed: 1.129 s - in com.twilio.rest.api.v2010.account.ShortCodeTest
[INFO] Tests run: 2, Failures: 0, Errors: 0, Skipped: 0, Time elapsed: 0.504 s - in com.twilio.rest.api.v2010.account.TokenTest
[INFO] Running com.twilio.rest.api.v2010.account.availablephonenumbercountry.LocalTest
[INFO] Running com.twilio.rest.api.v2010.account.availablephonenumbercountry.MobileTest
[INFO] Tests run: 11, Failures: 0, Errors: 0, Skipped: 0, Time elapsed: 2.255 s - in com.twilio.rest.api.v2010.account.IncomingPhoneNumberTest
[INFO] Running com.twilio.rest.api.v2010.account.availablephonenumbercountry.TollFreeTest
[INFO] Tests run: 2, Failures: 0, Errors: 0, Skipped: 0, Time elapsed: 0.315 s - in com.twilio.rest.api.v2010.account.ValidationRequestTest
[INFO] Running com.twilio.rest.api.v2010.account.call.FeedbackSummaryTest
[INFO] Tests run: 3, Failures: 0, Errors: 0, Skipped: 0, Time elapsed: 0.394 s - in com.twilio.rest.api.v2010.account.address.DependentPhoneNumberTest
[INFO] Running com.twilio.rest.api.v2010.account.call.FeedbackTest
[INFO] Tests run: 3, Failures: 0, Errors: 0, Skipped: 0, Time elapsed: 0.436 s - in com.twilio.rest.api.v2010.account.availablephonenumbercountry.LocalTest
[INFO] Running com.twilio.rest.api.v2010.account.call.NotificationTest
[INFO] Tests run: 3, Failures: 0, Errors: 0, Skipped: 0, Time elapsed: 0.428 s - in com.twilio.rest.api.v2010.account.availablephonenumbercountry.TollFreeTest
[INFO] Tests run: 3, Failures: 0, Errors: 0, Skipped: 0, Time elapsed: 0.574 s - in com.twilio.rest.api.v2010.account.availablephonenumbercountry.MobileTest
[INFO] Tests run: 11, Failures: 0, Errors: 0, Skipped: 0, Time elapsed: 1.821 s - in com.twilio.rest.api.v2010.account.QueueTest
[INFO] Tests run: 9, Failures: 0, Errors: 0, Skipped: 0, Time elapsed: 1.376 s - in com.twilio.rest.api.v2010.account.SigningKeyTest
[INFO] Running com.twilio.rest.api.v2010.account.call.RecordingTest
[INFO] Running com.twilio.rest.api.v2010.account.conference.ParticipantTest
[INFO] Running com.twilio.rest.api.v2010.account.incomingphonenumber.LocalTest
[INFO] Running com.twilio.rest.api.v2010.account.incomingphonenumber.MobileTest
[INFO] Tests run: 7, Failures: 0, Errors: 0, Skipped: 0, Time elapsed: 1.046 s - in com.twilio.rest.api.v2010.account.TranscriptionTest
[INFO] Running com.twilio.rest.api.v2010.account.incomingphonenumber.TollFreeTest
[INFO] Tests run: 6, Failures: 0, Errors: 0, Skipped: 0, Time elapsed: 0.874 s - in com.twilio.rest.api.v2010.account.call.FeedbackTest
[INFO] Running com.twilio.rest.api.v2010.account.message.FeedbackTest
[INFO] Tests run: 6, Failures: 0, Errors: 0, Skipped: 0, Time elapsed: 1.069 s - in com.twilio.rest.api.v2010.account.call.FeedbackSummaryTest
[INFO] Running com.twilio.rest.api.v2010.account.message.MediaTest
[INFO] Tests run: 7, Failures: 0, Errors: 0, Skipped: 0, Time elapsed: 0.765 s - in com.twilio.rest.api.v2010.account.call.NotificationTest
[INFO] Running com.twilio.rest.api.v2010.account.queue.MemberTest
[INFO] Tests run: 5, Failures: 0, Errors: 0, Skipped: 0, Time elapsed: 0.796 s - in com.twilio.rest.api.v2010.account.incomingphonenumber.LocalTest
[INFO] Tests run: 2, Failures: 0, Errors: 0, Skipped: 0, Time elapsed: 0.257 s - in com.twilio.rest.api.v2010.account.message.FeedbackTest
[INFO] Running com.twilio.rest.api.v2010.account.recording.AddOnResultTest
[INFO] Running com.twilio.rest.api.v2010.account.recording.TranscriptionTest
[INFO] Tests run: 5, Failures: 0, Errors: 0, Skipped: 0, Time elapsed: 0.729 s - in com.twilio.rest.api.v2010.account.incomingphonenumber.TollFreeTest
[INFO] Running com.twilio.rest.api.v2010.account.recording.addonresult.PayloadTest
[INFO] Tests run: 5, Failures: 0, Errors: 0, Skipped: 0, Time elapsed: 0.883 s - in com.twilio.rest.api.v2010.account.incomingphonenumber.MobileTest
[INFO] Running com.twilio.rest.api.v2010.account.sip.CredentialListTest
[INFO] Tests run: 7, Failures: 0, Errors: 0, Skipped: 0, Time elapsed: 1.104 s - in com.twilio.rest.api.v2010.account.call.RecordingTest
[INFO] Running com.twilio.rest.api.v2010.account.sip.DomainTest
[INFO] Tests run: 7, Failures: 0, Errors: 0, Skipped: 0, Time elapsed: 1.021 s - in com.twilio.rest.api.v2010.account.message.MediaTest
[INFO] Running com.twilio.rest.api.v2010.account.sip.IpAccessControlListTest
[INFO] Tests run: 7, Failures: 0, Errors: 0, Skipped: 0, Time elapsed: 0.904 s - in com.twilio.rest.api.v2010.account.queue.MemberTest
[INFO] Running com.twilio.rest.api.v2010.account.sip.credentiallist.CredentialTest
[INFO] Tests run: 12, Failures: 0, Errors: 0, Skipped: 0, Time elapsed: 1.797 s - in com.twilio.rest.api.v2010.account.conference.ParticipantTest
[INFO] Running com.twilio.rest.api.v2010.account.sip.domain.CredentialListMappingTest
[INFO] Tests run: 7, Failures: 0, Errors: 0, Skipped: 0, Time elapsed: 0.982 s - in com.twilio.rest.api.v2010.account.recording.TranscriptionTest
[INFO] Running com.twilio.rest.api.v2010.account.sip.domain.IpAccessControlListMappingTest
[INFO] Tests run: 7, Failures: 0, Errors: 0, Skipped: 0, Time elapsed: 1.115 s - in com.twilio.rest.api.v2010.account.recording.AddOnResultTest
[INFO] Running com.twilio.rest.api.v2010.account.sip.ipaccesscontrollist.IpAddressTest
[INFO] Tests run: 7, Failures: 0, Errors: 0, Skipped: 0, Time elapsed: 1.308 s - in com.twilio.rest.api.v2010.account.recording.addonresult.PayloadTest
[INFO] Running com.twilio.rest.api.v2010.account.usage.RecordTest
[INFO] Tests run: 3, Failures: 0, Errors: 0, Skipped: 0, Time elapsed: 0.479 s - in com.twilio.rest.api.v2010.account.usage.RecordTest
[INFO] Running com.twilio.rest.api.v2010.account.usage.TriggerTest
[INFO] Tests run: 11, Failures: 0, Errors: 0, Skipped: 0, Time elapsed: 1.609 s - in com.twilio.rest.api.v2010.account.sip.DomainTest
[INFO] Tests run: 11, Failures: 0, Errors: 0, Skipped: 0, Time elapsed: 1.834 s - in com.twilio.rest.api.v2010.account.sip.CredentialListTest
[INFO] Running com.twilio.rest.api.v2010.account.usage.record.DailyTest
[INFO] Running com.twilio.rest.api.v2010.account.usage.record.AllTimeTest
[INFO] Tests run: 11, Failures: 0, Errors: 0, Skipped: 0, Time elapsed: 1.383 s - in com.twilio.rest.api.v2010.account.sip.IpAccessControlListTest
[INFO] Running com.twilio.rest.api.v2010.account.usage.record.LastMonthTest
[INFO] Tests run: 9, Failures: 0, Errors: 0, Skipped: 0, Time elapsed: 1.199 s - in com.twilio.rest.api.v2010.account.sip.domain.IpAccessControlListMappingTest
[INFO] Running com.twilio.rest.api.v2010.account.usage.record.MonthlyTest
[INFO] Tests run: 3, Failures: 0, Errors: 0, Skipped: 0, Time elapsed: 0.333 s - in com.twilio.rest.api.v2010.account.usage.record.DailyTest
[INFO] Running com.twilio.rest.api.v2010.account.usage.record.ThisMonthTest
[INFO] Tests run: 3, Failures: 0, Errors: 0, Skipped: 0, Time elapsed: 0.336 s - in com.twilio.rest.api.v2010.account.usage.record.AllTimeTest
[INFO] Running com.twilio.rest.api.v2010.account.usage.record.TodayTest
[INFO] Tests run: 11, Failures: 0, Errors: 0, Skipped: 0, Time elapsed: 1.527 s - in com.twilio.rest.api.v2010.account.sip.credentiallist.CredentialTest
[INFO] Running com.twilio.rest.api.v2010.account.usage.record.YearlyTest
[INFO] Tests run: 9, Failures: 0, Errors: 0, Skipped: 0, Time elapsed: 1.5 s - in com.twilio.rest.api.v2010.account.sip.domain.CredentialListMappingTest
[INFO] Running com.twilio.rest.api.v2010.account.usage.record.YesterdayTest
[INFO] Tests run: 11, Failures: 0, Errors: 0, Skipped: 0, Time elapsed: 1.468 s - in com.twilio.rest.api.v2010.account.sip.ipaccesscontrollist.IpAddressTest
[INFO] Running com.twilio.rest.chat.v1.CredentialTest
[INFO] Tests run: 3, Failures: 0, Errors: 0, Skipped: 0, Time elapsed: 0.507 s - in com.twilio.rest.api.v2010.account.usage.record.LastMonthTest
[INFO] Running com.twilio.rest.chat.v1.ServiceTest
[INFO] Tests run: 3, Failures: 0, Errors: 0, Skipped: 0, Time elapsed: 0.687 s - in com.twilio.rest.api.v2010.account.usage.record.ThisMonthTest
[INFO] Running com.twilio.rest.chat.v1.service.ChannelTest
[INFO] Tests run: 3, Failures: 0, Errors: 0, Skipped: 0, Time elapsed: 0.566 s - in com.twilio.rest.api.v2010.account.usage.record.YearlyTest
[INFO] Running com.twilio.rest.chat.v1.service.RoleTest
[INFO] Tests run: 3, Failures: 0, Errors: 0, Skipped: 0, Time elapsed: 0.811 s - in com.twilio.rest.api.v2010.account.usage.record.MonthlyTest
[INFO] Running com.twilio.rest.chat.v1.service.UserTest
[INFO] Tests run: 3, Failures: 0, Errors: 0, Skipped: 0, Time elapsed: 0.541 s - in com.twilio.rest.api.v2010.account.usage.record.YesterdayTest
[INFO] Running com.twilio.rest.chat.v1.service.channel.InviteTest
[INFO] Tests run: 3, Failures: 0, Errors: 0, Skipped: 0, Time elapsed: 0.779 s - in com.twilio.rest.api.v2010.account.usage.record.TodayTest
[INFO] Running com.twilio.rest.chat.v1.service.channel.MemberTest
[INFO] Tests run: 11, Failures: 0, Errors: 0, Skipped: 0, Time elapsed: 1.722 s - in com.twilio.rest.api.v2010.account.usage.TriggerTest
[INFO] Running com.twilio.rest.chat.v1.service.channel.MessageTest
[INFO] Tests run: 11, Failures: 0, Errors: 0, Skipped: 0, Time elapsed: 1.9 s - in com.twilio.rest.chat.v1.ServiceTest
[INFO] Running com.twilio.rest.chat.v1.service.user.UserChannelTest
[INFO] Tests run: 9, Failures: 0, Errors: 0, Skipped: 0, Time elapsed: 1.528 s - in com.twilio.rest.chat.v1.service.channel.InviteTest
[INFO] Tests run: 11, Failures: 0, Errors: 0, Skipped: 0, Time elapsed: 1.78 s - in com.twilio.rest.chat.v1.service.RoleTest
[INFO] Tests run: 11, Failures: 0, Errors: 0, Skipped: 0, Time elapsed: 1.958 s - in com.twilio.rest.chat.v1.CredentialTest
[INFO] Tests run: 12, Failures: 0, Errors: 0, Skipped: 0, Time elapsed: 1.685 s - in com.twilio.rest.chat.v1.service.channel.MemberTest
[INFO] Tests run: 11, Failures: 0, Errors: 0, Skipped: 0, Time elapsed: 1.794 s - in com.twilio.rest.chat.v1.service.ChannelTest
[INFO] Tests run: 11, Failures: 0, Errors: 0, Skipped: 0, Time elapsed: 1.818 s - in com.twilio.rest.chat.v1.service.UserTest
[INFO] Running com.twilio.rest.chat.v2.CredentialTest
[INFO] Running com.twilio.rest.chat.v2.ServiceTest
[INFO] Running com.twilio.rest.chat.v2.service.ChannelTest
[INFO] Running com.twilio.rest.chat.v2.service.RoleTest
[INFO] Running com.twilio.rest.chat.v2.service.UserTest
[INFO] Running com.twilio.rest.chat.v2.service.channel.InviteTest
[INFO] Tests run: 3, Failures: 0, Errors: 0, Skipped: 0, Time elapsed: 0.368 s - in com.twilio.rest.chat.v1.service.user.UserChannelTest
[INFO] Running com.twilio.rest.chat.v2.service.channel.MemberTest
[INFO] Tests run: 12, Failures: 0, Errors: 0, Skipped: 0, Time elapsed: 2.05 s - in com.twilio.rest.chat.v1.service.channel.MessageTest
[INFO] Running com.twilio.rest.chat.v2.service.channel.MessageTest
[INFO] Tests run: 11, Failures: 0, Errors: 0, Skipped: 0, Time elapsed: 1.764 s - in com.twilio.rest.chat.v2.service.RoleTest
[INFO] Tests run: 11, Failures: 0, Errors: 0, Skipped: 0, Time elapsed: 1.765 s - in com.twilio.rest.chat.v2.service.UserTest
[INFO] Running com.twilio.rest.ipmessaging.v1.CredentialTest
[INFO] Running com.twilio.rest.chat.v2.service.user.UserChannelTest
[INFO] Tests run: 11, Failures: 0, Errors: 0, Skipped: 0, Time elapsed: 1.838 s - in com.twilio.rest.chat.v2.ServiceTest
[INFO] Running com.twilio.rest.ipmessaging.v1.ServiceTest
[INFO] Tests run: 9, Failures: 0, Errors: 0, Skipped: 0, Time elapsed: 1.845 s - in com.twilio.rest.chat.v2.service.channel.InviteTest
[INFO] Running com.twilio.rest.ipmessaging.v1.service.ChannelTest
[INFO] Tests run: 11, Failures: 0, Errors: 0, Skipped: 0, Time elapsed: 1.912 s - in com.twilio.rest.chat.v2.service.ChannelTest
[INFO] Running com.twilio.rest.ipmessaging.v1.service.RoleTest
[INFO] Tests run: 11, Failures: 0, Errors: 0, Skipped: 0, Time elapsed: 2.018 s - in com.twilio.rest.chat.v2.CredentialTest
[INFO] Running com.twilio.rest.ipmessaging.v1.service.UserTest
[INFO] Tests run: 3, Failures: 0, Errors: 0, Skipped: 0, Time elapsed: 0.659 s - in com.twilio.rest.chat.v2.service.user.UserChannelTest
[INFO] Running com.twilio.rest.ipmessaging.v1.service.channel.InviteTest
[INFO] Tests run: 12, Failures: 0, Errors: 0, Skipped: 0, Time elapsed: 2.42 s - in com.twilio.rest.chat.v2.service.channel.MemberTest
[INFO] Running com.twilio.rest.ipmessaging.v1.service.channel.MemberTest
[INFO] Tests run: 12, Failures: 0, Errors: 0, Skipped: 0, Time elapsed: 1.924 s - in com.twilio.rest.chat.v2.service.channel.MessageTest
[INFO] Running com.twilio.rest.ipmessaging.v1.service.channel.MessageTest
[INFO] Tests run: 11, Failures: 0, Errors: 0, Skipped: 0, Time elapsed: 1.577 s - in com.twilio.rest.ipmessaging.v1.service.RoleTest
[INFO] Tests run: 11, Failures: 0, Errors: 0, Skipped: 0, Time elapsed: 1.509 s - in com.twilio.rest.ipmessaging.v1.service.ChannelTest
[INFO] Running com.twilio.rest.ipmessaging.v1.service.user.UserChannelTest
[INFO] Running com.twilio.rest.ipmessaging.v2.CredentialTest
[INFO] Tests run: 11, Failures: 0, Errors: 0, Skipped: 0, Time elapsed: 1.545 s - in com.twilio.rest.ipmessaging.v1.service.UserTest
[INFO] Running com.twilio.rest.ipmessaging.v2.ServiceTest
[INFO] Tests run: 11, Failures: 0, Errors: 0, Skipped: 0, Time elapsed: 1.924 s - in com.twilio.rest.ipmessaging.v1.ServiceTest
[INFO] Running com.twilio.rest.ipmessaging.v2.service.ChannelTest
[INFO] Tests run: 11, Failures: 0, Errors: 0, Skipped: 0, Time elapsed: 2.046 s - in com.twilio.rest.ipmessaging.v1.CredentialTest
[INFO] Running com.twilio.rest.ipmessaging.v2.service.RoleTest
[INFO] Tests run: 3, Failures: 0, Errors: 0, Skipped: 0, Time elapsed: 0.47 s - in com.twilio.rest.ipmessaging.v1.service.user.UserChannelTest
[INFO] Tests run: 11, Failures: 0, Errors: 0, Skipped: 0, Time elapsed: 1.371 s - in com.twilio.rest.ipmessaging.v2.CredentialTest
[INFO] Tests run: 9, Failures: 0, Errors: 0, Skipped: 0, Time elapsed: 2.033 s - in com.twilio.rest.ipmessaging.v1.service.channel.InviteTest
[INFO] Running com.twilio.rest.ipmessaging.v2.service.UserTest
[INFO] Running com.twilio.rest.ipmessaging.v2.service.channel.InviteTest
[INFO] Running com.twilio.rest.ipmessaging.v2.service.channel.MemberTest
[INFO] Tests run: 12, Failures: 0, Errors: 0, Skipped: 0, Time elapsed: 2.315 s - in com.twilio.rest.ipmessaging.v1.service.channel.MessageTest
[INFO] Running com.twilio.rest.ipmessaging.v2.service.channel.MessageTest
[INFO] Tests run: 11, Failures: 0, Errors: 0, Skipped: 0, Time elapsed: 1.598 s - in com.twilio.rest.ipmessaging.v2.ServiceTest
[INFO] Running com.twilio.rest.ipmessaging.v2.service.user.UserChannelTest
[INFO] Tests run: 12, Failures: 0, Errors: 0, Skipped: 0, Time elapsed: 2.812 s - in com.twilio.rest.ipmessaging.v1.service.channel.MemberTest
[INFO] Tests run: 11, Failures: 0, Errors: 0, Skipped: 0, Time elapsed: 1.972 s - in com.twilio.rest.ipmessaging.v2.service.ChannelTest
[INFO] Running com.twilio.rest.monitor.v1.AlertTest
[INFO] Running com.twilio.rest.lookups.v1.PhoneNumberTest
[INFO] Tests run: 11, Failures: 0, Errors: 0, Skipped: 0, Time elapsed: 2.102 s - in com.twilio.rest.ipmessaging.v2.service.RoleTest
[INFO] Tests run: 3, Failures: 0, Errors: 0, Skipped: 0, Time elapsed: 0.551 s - in com.twilio.rest.ipmessaging.v2.service.user.UserChannelTest
[INFO] Running com.twilio.rest.monitor.v1.EventTest
[INFO] Running com.twilio.rest.pricing.v1.messaging.CountryTest
[INFO] Tests run: 11, Failures: 0, Errors: 0, Skipped: 0, Time elapsed: 1.78 s - in com.twilio.rest.ipmessaging.v2.service.UserTest
[INFO] Running com.twilio.rest.pricing.v1.phonenumber.CountryTest
[INFO] Tests run: 2, Failures: 0, Errors: 0, Skipped: 0, Time elapsed: 0.513 s - in com.twilio.rest.lookups.v1.PhoneNumberTest
[INFO] Running com.twilio.rest.pricing.v1.voice.CountryTest
[INFO] Tests run: 9, Failures: 0, Errors: 0, Skipped: 0, Time elapsed: 2.139 s - in com.twilio.rest.ipmessaging.v2.service.channel.InviteTest
[INFO] Running com.twilio.rest.pricing.v1.voice.NumberTest
[INFO] Tests run: 12, Failures: 0, Errors: 0, Skipped: 0, Time elapsed: 2.478 s - in com.twilio.rest.ipmessaging.v2.service.channel.MessageTest
[INFO] Running com.twilio.rest.taskrouter.v1.WorkspaceTest
[INFO] Tests run: 5, Failures: 0, Errors: 0, Skipped: 0, Time elapsed: 1.23 s - in com.twilio.rest.pricing.v1.messaging.CountryTest
[INFO] Running com.twilio.rest.taskrouter.v1.workspace.ActivityTest
[INFO] Tests run: 12, Failures: 0, Errors: 0, Skipped: 0, Time elapsed: 2.779 s - in com.twilio.rest.ipmessaging.v2.service.channel.MemberTest
[INFO] Running com.twilio.rest.taskrouter.v1.workspace.EventTest
[INFO] Tests run: 5, Failures: 0, Errors: 0, Skipped: 0, Time elapsed: 1.172 s - in com.twilio.rest.pricing.v1.phonenumber.CountryTest
[INFO] Tests run: 2, Failures: 0, Errors: 0, Skipped: 0, Time elapsed: 0.815 s - in com.twilio.rest.pricing.v1.voice.NumberTest
[INFO] Running com.twilio.rest.taskrouter.v1.workspace.TaskChannelTest
[INFO] Running com.twilio.rest.taskrouter.v1.workspace.TaskQueueTest
[INFO] Tests run: 5, Failures: 0, Errors: 0, Skipped: 0, Time elapsed: 1.44 s - in com.twilio.rest.monitor.v1.EventTest
[INFO] Running com.twilio.rest.taskrouter.v1.workspace.TaskTest
[INFO] Tests run: 7, Failures: 0, Errors: 0, Skipped: 0, Time elapsed: 1.787 s - in com.twilio.rest.monitor.v1.AlertTest
[INFO] Running com.twilio.rest.taskrouter.v1.workspace.WorkerTest
[INFO] Tests run: 5, Failures: 0, Errors: 0, Skipped: 0, Time elapsed: 1.901 s - in com.twilio.rest.pricing.v1.voice.CountryTest
[INFO] Running com.twilio.rest.taskrouter.v1.workspace.WorkflowTest
[INFO] Tests run: 5, Failures: 0, Errors: 0, Skipped: 0, Time elapsed: 1.121 s - in com.twilio.rest.taskrouter.v1.workspace.TaskChannelTest
[INFO] Running com.twilio.rest.taskrouter.v1.workspace.WorkspaceStatisticsTest
[INFO] Tests run: 5, Failures: 0, Errors: 0, Skipped: 0, Time elapsed: 1.308 s - in com.twilio.rest.taskrouter.v1.workspace.EventTest
[INFO] Running com.twilio.rest.taskrouter.v1.workspace.task.ReservationTest
[INFO] Tests run: 2, Failures: 0, Errors: 0, Skipped: 0, Time elapsed: 0.454 s - in com.twilio.rest.taskrouter.v1.workspace.WorkspaceStatisticsTest
[INFO] Running com.twilio.rest.taskrouter.v1.workspace.taskqueue.TaskQueueStatisticsTest
[INFO] Tests run: 2, Failures: 0, Errors: 0, Skipped: 0, Time elapsed: 0.249 s - in com.twilio.rest.taskrouter.v1.workspace.taskqueue.TaskQueueStatisticsTest
[INFO] Running com.twilio.rest.taskrouter.v1.workspace.taskqueue.TaskQueuesStatisticsTest
[INFO] Tests run: 11, Failures: 0, Errors: 0, Skipped: 0, Time elapsed: 2.68 s - in com.twilio.rest.taskrouter.v1.WorkspaceTest
[INFO] Running com.twilio.rest.taskrouter.v1.workspace.worker.ReservationTest
[INFO] Tests run: 12, Failures: 0, Errors: 0, Skipped: 0, Time elapsed: 2.477 s - in com.twilio.rest.taskrouter.v1.workspace.TaskTest
[INFO] Running com.twilio.rest.taskrouter.v1.workspace.worker.WorkerChannelTest
[INFO] Tests run: 11, Failures: 0, Errors: 0, Skipped: 0, Time elapsed: 2.778 s - in com.twilio.rest.taskrouter.v1.workspace.ActivityTest
[INFO] Running com.twilio.rest.taskrouter.v1.workspace.worker.WorkerStatisticsTest
[INFO] Tests run: 11, Failures: 0, Errors: 0, Skipped: 0, Time elapsed: 2.541 s - in com.twilio.rest.taskrouter.v1.workspace.WorkerTest
[INFO] Running com.twilio.rest.taskrouter.v1.workspace.worker.WorkersStatisticsTest
[INFO] Tests run: 7, Failures: 0, Errors: 0, Skipped: 0, Time elapsed: 1.702 s - in com.twilio.rest.taskrouter.v1.workspace.task.ReservationTest
[INFO] Running com.twilio.rest.taskrouter.v1.workspace.workflow.WorkflowStatisticsTest
[INFO] Tests run: 3, Failures: 0, Errors: 0, Skipped: 0, Time elapsed: 0.742 s - in com.twilio.rest.taskrouter.v1.workspace.taskqueue.TaskQueuesStatisticsTest
[INFO] Tests run: 2, Failures: 0, Errors: 0, Skipped: 0, Time elapsed: 0.307 s - in com.twilio.rest.taskrouter.v1.workspace.worker.WorkerStatisticsTest
[INFO] Running com.twilio.rest.trunking.v1.TrunkTest
[INFO] Running com.twilio.rest.trunking.v1.trunk.CredentialListTest
[INFO] Tests run: 11, Failures: 0, Errors: 0, Skipped: 0, Time elapsed: 2.205 s - in com.twilio.rest.taskrouter.v1.workspace.WorkflowTest
[INFO] Running com.twilio.rest.trunking.v1.trunk.IpAccessControlListTest
[INFO] Tests run: 11, Failures: 0, Errors: 0, Skipped: 0, Time elapsed: 3.089 s - in com.twilio.rest.taskrouter.v1.workspace.TaskQueueTest
[INFO] Running com.twilio.rest.trunking.v1.trunk.OriginationUrlTest
[INFO] Tests run: 2, Failures: 0, Errors: 0, Skipped: 0, Time elapsed: 0.428 s - in com.twilio.rest.taskrouter.v1.workspace.worker.WorkersStatisticsTest
[INFO] Running com.twilio.rest.trunking.v1.trunk.PhoneNumberTest
[INFO] Tests run: 2, Failures: 0, Errors: 0, Skipped: 0, Time elapsed: 0.386 s - in com.twilio.rest.taskrouter.v1.workspace.workflow.WorkflowStatisticsTest
[INFO] Running com.twilio.rest.video.v1.RecordingTest
[INFO] Tests run: 7, Failures: 0, Errors: 0, Skipped: 0, Time elapsed: 1.739 s - in com.twilio.rest.taskrouter.v1.workspace.worker.ReservationTest
[INFO] Running com.twilio.rest.video.v1.RoomTest
[INFO] Tests run: 7, Failures: 0, Errors: 0, Skipped: 0, Time elapsed: 1.67 s - in com.twilio.rest.taskrouter.v1.workspace.worker.WorkerChannelTest
[INFO] Running com.twilio.rest.video.v1.room.RoomRecordingTest
[INFO] Tests run: 6, Failures: 0, Errors: 0, Skipped: 0, Time elapsed: 1.475 s - in com.twilio.rest.video.v1.RecordingTest
[INFO] Running com.twilio.security.RequestValidatorTest
[INFO] Tests run: 1, Failures: 0, Errors: 0, Skipped: 0, Time elapsed: 0.093 s - in com.twilio.security.RequestValidatorTest
[INFO] Running com.twilio.taskrouter.WorkflowRuleTargetTest
[INFO] Tests run: 2, Failures: 0, Errors: 0, Skipped: 0, Time elapsed: 0.029 s - in com.twilio.taskrouter.WorkflowRuleTargetTest
[INFO] Running com.twilio.taskrouter.WorkflowTest
[INFO] Tests run: 9, Failures: 0, Errors: 0, Skipped: 0, Time elapsed: 1.769 s - in com.twilio.rest.trunking.v1.trunk.IpAccessControlListTest
[INFO] Running com.twilio.twiml.BodyTest
[INFO] Tests run: 2, Failures: 0, Errors: 0, Skipped: 0, Time elapsed: 0.027 s - in com.twilio.taskrouter.WorkflowTest
[INFO] Tests run: 2, Failures: 0, Errors: 0, Skipped: 0, Time elapsed: 0.057 s - in com.twilio.twiml.BodyTest
[INFO] Running com.twilio.twiml.ConferenceTest
[INFO] Running com.twilio.twiml.ClientTest
[INFO] Tests run: 4, Failures: 0, Errors: 0, Skipped: 0, Time elapsed: 0.045 s - in com.twilio.twiml.ConferenceTest
[INFO] Running com.twilio.twiml.DialTest
[INFO] Tests run: 2, Failures: 0, Errors: 0, Skipped: 0, Time elapsed: 0.057 s - in com.twilio.twiml.ClientTest
[INFO] Running com.twilio.twiml.EnqueueTaskTest
[INFO] Tests run: 2, Failures: 0, Errors: 0, Skipped: 0, Time elapsed: 0.018 s - in com.twilio.twiml.EnqueueTaskTest
[INFO] Running com.twilio.twiml.EnqueueTest
[INFO] Tests run: 2, Failures: 0, Errors: 0, Skipped: 0, Time elapsed: 0.008 s - in com.twilio.twiml.EnqueueTest
[INFO] Running com.twilio.twiml.GatherTest
[INFO] Tests run: 4, Failures: 0, Errors: 0, Skipped: 0, Time elapsed: 0.077 s - in com.twilio.twiml.DialTest
[INFO] Running com.twilio.twiml.HangupTest
[INFO] Tests run: 2, Failures: 0, Errors: 0, Skipped: 0, Time elapsed: 0.005 s - in com.twilio.twiml.HangupTest
[INFO] Running com.twilio.twiml.LeaveTest
[INFO] Tests run: 2, Failures: 0, Errors: 0, Skipped: 0, Time elapsed: 0.047 s - in com.twilio.twiml.GatherTest
[INFO] Running com.twilio.twiml.MediaTest
[INFO] Tests run: 2, Failures: 0, Errors: 0, Skipped: 0, Time elapsed: 0.005 s - in com.twilio.twiml.LeaveTest
[INFO] Running com.twilio.twiml.MessageTest
[INFO] Tests run: 2, Failures: 0, Errors: 0, Skipped: 0, Time elapsed: 0.005 s - in com.twilio.twiml.MediaTest
[INFO] Running com.twilio.twiml.MessagingResponseTest
[INFO] Tests run: 2, Failures: 0, Errors: 0, Skipped: 0, Time elapsed: 0.015 s - in com.twilio.twiml.MessageTest
[INFO] Running com.twilio.twiml.NumberTest
[INFO] Tests run: 2, Failures: 0, Errors: 0, Skipped: 0, Time elapsed: 0.019 s - in com.twilio.twiml.MessagingResponseTest
[INFO] Running com.twilio.twiml.PauseTest
[INFO] Tests run: 4, Failures: 0, Errors: 0, Skipped: 0, Time elapsed: 0.01 s - in com.twilio.twiml.PauseTest
[INFO] Tests run: 2, Failures: 0, Errors: 0, Skipped: 0, Time elapsed: 0.01 s - in com.twilio.twiml.NumberTest
[INFO] Tests run: 5, Failures: 0, Errors: 0, Skipped: 0, Time elapsed: 1.099 s - in com.twilio.rest.video.v1.room.RoomRecordingTest
[INFO] Running com.twilio.twiml.PlayTest
[INFO] Running com.twilio.twiml.QueueTest
[INFO] Running com.twilio.twiml.RecordTest
[INFO] Tests run: 2, Failures: 0, Errors: 0, Skipped: 0, Time elapsed: 0.008 s - in com.twilio.twiml.PlayTest
[INFO] Running com.twilio.twiml.RedirectTest
[INFO] Tests run: 2, Failures: 0, Errors: 0, Skipped: 0, Time elapsed: 0.011 s - in com.twilio.twiml.QueueTest
[INFO] Running com.twilio.twiml.RejectTest
[INFO] Tests run: 2, Failures: 0, Errors: 0, Skipped: 0, Time elapsed: 0.007 s - in com.twilio.twiml.RedirectTest
[INFO] Running com.twilio.twiml.SayTest
[INFO] Tests run: 2, Failures: 0, Errors: 0, Skipped: 0, Time elapsed: 0.008 s - in com.twilio.twiml.RejectTest
[INFO] Running com.twilio.twiml.SipTest
[INFO] Tests run: 2, Failures: 0, Errors: 0, Skipped: 0, Time elapsed: 0.007 s - in com.twilio.twiml.SayTest
[INFO] Running com.twilio.twiml.SmsTest
[INFO] Tests run: 2, Failures: 0, Errors: 0, Skipped: 0, Time elapsed: 0.009 s - in com.twilio.twiml.SipTest
[INFO] Running com.twilio.twiml.TaskTest
[INFO] Tests run: 2, Failures: 0, Errors: 0, Skipped: 0, Time elapsed: 0.009 s - in com.twilio.twiml.SmsTest
[INFO] Running com.twilio.twiml.VoiceResponseTest
[INFO] Tests run: 3, Failures: 0, Errors: 0, Skipped: 0, Time elapsed: 0.011 s - in com.twilio.twiml.TaskTest
[INFO] Running com.twilio.type.FeedbackIssueTest
[INFO] Tests run: 1, Failures: 0, Errors: 0, Skipped: 0, Time elapsed: 0.004 s - in com.twilio.type.FeedbackIssueTest
[INFO] Tests run: 2, Failures: 0, Errors: 0, Skipped: 0, Time elapsed: 0.064 s - in com.twilio.twiml.RecordTest
[INFO] Running com.twilio.type.IceServerTest
[INFO] Running com.twilio.type.InboundCallPriceTest
[INFO] Tests run: 1, Failures: 0, Errors: 0, Skipped: 0, Time elapsed: 0.007 s - in com.twilio.type.IceServerTest
[INFO] Running com.twilio.type.InboundSmsPriceTest
[INFO] Tests run: 3, Failures: 0, Errors: 0, Skipped: 0, Time elapsed: 0.016 s - in com.twilio.type.InboundCallPriceTest
[INFO] Tests run: 2, Failures: 0, Errors: 0, Skipped: 0, Time elapsed: 0.009 s - in com.twilio.type.InboundSmsPriceTest
[INFO] Running com.twilio.type.OutboundCallPriceTest
[INFO] Running com.twilio.type.OutboundPrefixPriceTest
[INFO] Tests run: 1, Failures: 0, Errors: 0, Skipped: 0, Time elapsed: 0.003 s - in com.twilio.type.OutboundCallPriceTest
[INFO] Running com.twilio.type.OutboundSmsPriceTest
[INFO] Tests run: 1, Failures: 0, Errors: 0, Skipped: 0, Time elapsed: 0.004 s - in com.twilio.type.OutboundPrefixPriceTest
[INFO] Running com.twilio.type.PhoneNumberCapabilitiesTest
[INFO] Tests run: 11, Failures: 0, Errors: 0, Skipped: 0, Time elapsed: 2.42 s - in com.twilio.rest.trunking.v1.trunk.OriginationUrlTest
[INFO] Running com.twilio.type.PhoneNumberPriceTest
[INFO] Tests run: 1, Failures: 0, Errors: 0, Skipped: 0, Time elapsed: 0.009 s - in com.twilio.type.OutboundSmsPriceTest
[INFO] Tests run: 2, Failures: 0, Errors: 0, Skipped: 0, Time elapsed: 0.079 s - in com.twilio.twiml.VoiceResponseTest
[INFO] Tests run: 2, Failures: 0, Errors: 0, Skipped: 0, Time elapsed: 0.01 s - in com.twilio.type.PhoneNumberCapabilitiesTest
[INFO] Tests run: 9, Failures: 0, Errors: 0, Skipped: 0, Time elapsed: 2.657 s - in com.twilio.rest.trunking.v1.trunk.CredentialListTest
[INFO] Tests run: 2, Failures: 0, Errors: 0, Skipped: 0, Time elapsed: 0.013 s - in com.twilio.type.PhoneNumberPriceTest
[INFO] Tests run: 9, Failures: 0, Errors: 0, Skipped: 0, Time elapsed: 2.336 s - in com.twilio.rest.trunking.v1.trunk.PhoneNumberTest
[INFO] Tests run: 11, Failures: 0, Errors: 0, Skipped: 0, Time elapsed: 2.766 s - in com.twilio.rest.trunking.v1.TrunkTest
[INFO] Tests run: 9, Failures: 0, Errors: 0, Skipped: 0, Time elapsed: 1.799 s - in com.twilio.rest.video.v1.RoomTest
[INFO] 
[INFO] Results:
[INFO] 
[INFO] Tests run: 1160, Failures: 0, Errors: 0, Skipped: 0
[INFO] 
[INFO] ------------------------------------------------------------------------
[INFO] BUILD SUCCESS
[INFO] ------------------------------------------------------------------------
[INFO] Total time: 41.372 s
[INFO] Finished at: 2022-02-05T19:14:31+00:00
[INFO] Final Memory: 10M/491M
[INFO] ------------------------------------------------------------------------

travis_time:end:03aeed1b:start=1644088428897711135,finish=1644088472082735350,duration=43185024215[0K
[32;1mThe command "mvn test -Dhttps.protocols=TLSv1.2 -Dhttps.protocols=TLSv1.2 -Dhttps.protocols=TLSv1.2 -B" exited with 0.[0m

Done. Your build exited with 0.
