travis_fold:start:system_info[0K[33;1mBuild system information[0m
Build language: java
Build id: ''
Job id: ''
[34m[1mBuild image provisioning date and time[0m
Thu Feb  5 15:09:33 UTC 2015
[34m[1mOperating System Details[0m
Distributor ID:	Ubuntu
Description:	Ubuntu 12.04.5 LTS
Release:	12.04
Codename:	precise
[34m[1mLinux Version[0m
3.13.0-29-generic
[34m[1mCookbooks Version[0m
a68419e https://github.com/travis-ci/travis-cookbooks/tree/a68419e
[34m[1mGCC version[0m
gcc (Ubuntu/Linaro 4.6.3-1ubuntu5) 4.6.3
Copyright (C) 2011 Free Software Foundation, Inc.
This is free software; see the source for copying conditions.  There is NO
warranty; not even for MERCHANTABILITY or FITNESS FOR A PARTICULAR PURPOSE.

[34m[1mLLVM version[0m
clang version 3.4 (tags/RELEASE_34/final)
Target: x86_64-unknown-linux-gnu
Thread model: posix
[34m[1mPre-installed Ruby versions[0m
ruby-1.9.3-p551
[34m[1mPre-installed Node.js versions[0m
v0.10.36
[34m[1mPre-installed Go versions[0m
1.4.1
[34m[1mRedis version[0m
redis-server 2.8.19
[34m[1mriak version[0m
2.0.2
[34m[1mMongoDB version[0m
MongoDB 2.4.12
[34m[1mCouchDB version[0m
couchdb 1.6.1
[34m[1mNeo4j version[0m
1.9.4
[34m[1mRabbitMQ Version[0m
3.4.3
[34m[1mElasticSearch version[0m
1.4.0
[34m[1mInstalled Sphinx versions[0m
2.0.10
2.1.9
2.2.6
[34m[1mDefault Sphinx version[0m
2.2.6
[34m[1mInstalled Firefox version[0m
firefox 31.0esr
[34m[1mPhantomJS version[0m
1.9.8
[34m[1mant -version[0m
Apache Ant(TM) version 1.8.2 compiled on December 3 2011
[34m[1mmvn -version[0m
Apache Maven 3.2.5 (12a6b3acb947671f09b81f49094c53f426d8cea1; 2014-12-14T17:29:23+00:00)
Maven home: /usr/local/maven
Java version: 1.7.0_76, vendor: Oracle Corporation
Java home: /usr/lib/jvm/java-7-oracle/jre
Default locale: en_US, platform encoding: ANSI_X3.4-1968
OS name: "linux", version: "3.13.0-29-generic", arch: "amd64", family: "unix"
travis_fold:end:system_info[0K
W: Failed to fetch http://us.archive.ubuntu.com/ubuntu/dists/precise/main/source/Sources  404  Not Found [IP: 91.189.91.39 80]

W: Failed to fetch http://us.archive.ubuntu.com/ubuntu/dists/precise/restricted/source/Sources  404  Not Found [IP: 91.189.91.39 80]

W: Failed to fetch http://us.archive.ubuntu.com/ubuntu/dists/precise/universe/source/Sources  404  Not Found [IP: 91.189.91.39 80]

W: Failed to fetch http://us.archive.ubuntu.com/ubuntu/dists/precise/multiverse/source/Sources  404  Not Found [IP: 91.189.91.39 80]

W: Failed to fetch http://us.archive.ubuntu.com/ubuntu/dists/precise/main/binary-amd64/Packages  404  Not Found [IP: 91.189.91.39 80]

W: Failed to fetch http://us.archive.ubuntu.com/ubuntu/dists/precise/restricted/binary-amd64/Packages  404  Not Found [IP: 91.189.91.39 80]

W: Failed to fetch http://us.archive.ubuntu.com/ubuntu/dists/precise/universe/binary-amd64/Packages  404  Not Found [IP: 91.189.91.39 80]

W: Failed to fetch http://us.archive.ubuntu.com/ubuntu/dists/precise/multiverse/binary-amd64/Packages  404  Not Found [IP: 91.189.91.39 80]

W: Failed to fetch http://us.archive.ubuntu.com/ubuntu/dists/precise/main/binary-i386/Packages  404  Not Found [IP: 91.189.91.39 80]

W: Failed to fetch http://us.archive.ubuntu.com/ubuntu/dists/precise/restricted/binary-i386/Packages  404  Not Found [IP: 91.189.91.39 80]

W: Failed to fetch http://us.archive.ubuntu.com/ubuntu/dists/precise/universe/binary-i386/Packages  404  Not Found [IP: 91.189.91.39 80]

W: Failed to fetch http://us.archive.ubuntu.com/ubuntu/dists/precise/multiverse/binary-i386/Packages  404  Not Found [IP: 91.189.91.39 80]

W: Failed to fetch http://us.archive.ubuntu.com/ubuntu/dists/precise-updates/main/source/Sources  404  Not Found [IP: 91.189.91.39 80]

W: Failed to fetch http://us.archive.ubuntu.com/ubuntu/dists/precise-updates/restricted/source/Sources  404  Not Found [IP: 91.189.91.39 80]

W: Failed to fetch http://us.archive.ubuntu.com/ubuntu/dists/precise-updates/universe/source/Sources  404  Not Found [IP: 91.189.91.39 80]

W: Failed to fetch http://us.archive.ubuntu.com/ubuntu/dists/precise-updates/multiverse/source/Sources  404  Not Found [IP: 91.189.91.39 80]

W: Failed to fetch http://us.archive.ubuntu.com/ubuntu/dists/precise-updates/main/binary-amd64/Packages  404  Not Found [IP: 91.189.91.39 80]

W: Failed to fetch http://us.archive.ubuntu.com/ubuntu/dists/precise-updates/restricted/binary-amd64/Packages  404  Not Found [IP: 91.189.91.39 80]

W: Failed to fetch http://us.archive.ubuntu.com/ubuntu/dists/precise-updates/universe/binary-amd64/Packages  404  Not Found [IP: 91.189.91.39 80]

W: Failed to fetch http://us.archive.ubuntu.com/ubuntu/dists/precise-updates/multiverse/binary-amd64/Packages  404  Not Found [IP: 91.189.91.39 80]

W: Failed to fetch http://us.archive.ubuntu.com/ubuntu/dists/precise-updates/main/binary-i386/Packages  404  Not Found [IP: 91.189.91.39 80]

W: Failed to fetch http://us.archive.ubuntu.com/ubuntu/dists/precise-updates/restricted/binary-i386/Packages  404  Not Found [IP: 91.189.91.39 80]

W: Failed to fetch http://us.archive.ubuntu.com/ubuntu/dists/precise-updates/universe/binary-i386/Packages  404  Not Found [IP: 91.189.91.39 80]

W: Failed to fetch http://us.archive.ubuntu.com/ubuntu/dists/precise-updates/multiverse/binary-i386/Packages  404  Not Found [IP: 91.189.91.39 80]

W: Failed to fetch http://us.archive.ubuntu.com/ubuntu/dists/precise-backports/main/source/Sources  404  Not Found [IP: 91.189.91.39 80]

W: Failed to fetch http://us.archive.ubuntu.com/ubuntu/dists/precise-backports/restricted/source/Sources  404  Not Found [IP: 91.189.91.39 80]

W: Failed to fetch http://us.archive.ubuntu.com/ubuntu/dists/precise-backports/universe/source/Sources  404  Not Found [IP: 91.189.91.39 80]

W: Failed to fetch http://us.archive.ubuntu.com/ubuntu/dists/precise-backports/multiverse/source/Sources  404  Not Found [IP: 91.189.91.39 80]

W: Failed to fetch http://us.archive.ubuntu.com/ubuntu/dists/precise-backports/main/binary-amd64/Packages  404  Not Found [IP: 91.189.91.39 80]

W: Failed to fetch http://us.archive.ubuntu.com/ubuntu/dists/precise-backports/restricted/binary-amd64/Packages  404  Not Found [IP: 91.189.91.39 80]

W: Failed to fetch http://us.archive.ubuntu.com/ubuntu/dists/precise-backports/universe/binary-amd64/Packages  404  Not Found [IP: 91.189.91.39 80]

W: Failed to fetch http://us.archive.ubuntu.com/ubuntu/dists/precise-backports/multiverse/binary-amd64/Packages  404  Not Found [IP: 91.189.91.39 80]

W: Failed to fetch http://us.archive.ubuntu.com/ubuntu/dists/precise-backports/main/binary-i386/Packages  404  Not Found [IP: 91.189.91.39 80]

W: Failed to fetch http://us.archive.ubuntu.com/ubuntu/dists/precise-backports/restricted/binary-i386/Packages  404  Not Found [IP: 91.189.91.39 80]

W: Failed to fetch http://us.archive.ubuntu.com/ubuntu/dists/precise-backports/universe/binary-i386/Packages  404  Not Found [IP: 91.189.91.39 80]

W: Failed to fetch http://us.archive.ubuntu.com/ubuntu/dists/precise-backports/multiverse/binary-i386/Packages  404  Not Found [IP: 91.189.91.39 80]

W: Failed to fetch http://security.ubuntu.com/ubuntu/dists/precise-security/main/source/Sources  404  Not Found [IP: 91.189.88.142 80]

W: Failed to fetch http://security.ubuntu.com/ubuntu/dists/precise-security/restricted/source/Sources  404  Not Found [IP: 91.189.88.142 80]

W: Failed to fetch http://security.ubuntu.com/ubuntu/dists/precise-security/universe/source/Sources  404  Not Found [IP: 91.189.88.142 80]

W: Failed to fetch http://security.ubuntu.com/ubuntu/dists/precise-security/multiverse/source/Sources  404  Not Found [IP: 91.189.88.142 80]

W: Failed to fetch http://security.ubuntu.com/ubuntu/dists/precise-security/main/binary-amd64/Packages  404  Not Found [IP: 91.189.88.142 80]

W: Failed to fetch http://security.ubuntu.com/ubuntu/dists/precise-security/restricted/binary-amd64/Packages  404  Not Found [IP: 91.189.88.142 80]

W: Failed to fetch http://security.ubuntu.com/ubuntu/dists/precise-security/universe/binary-amd64/Packages  404  Not Found [IP: 91.189.88.142 80]

W: Failed to fetch http://security.ubuntu.com/ubuntu/dists/precise-security/multiverse/binary-amd64/Packages  404  Not Found [IP: 91.189.88.142 80]

W: Failed to fetch http://security.ubuntu.com/ubuntu/dists/precise-security/main/binary-i386/Packages  404  Not Found [IP: 91.189.88.142 80]

W: Failed to fetch http://security.ubuntu.com/ubuntu/dists/precise-security/restricted/binary-i386/Packages  404  Not Found [IP: 91.189.88.142 80]

W: Failed to fetch http://security.ubuntu.com/ubuntu/dists/precise-security/universe/binary-i386/Packages  404  Not Found [IP: 91.189.88.142 80]

W: Failed to fetch http://security.ubuntu.com/ubuntu/dists/precise-security/multiverse/binary-i386/Packages  404  Not Found [IP: 91.189.88.142 80]

W: Failed to fetch http://apt.postgresql.org/pub/repos/apt/dists/precise-pgdg/main/binary-amd64/Packages  404  Not Found [IP: 147.75.85.69 80]

W: Failed to fetch http://apt.postgresql.org/pub/repos/apt/dists/precise-pgdg/main/binary-i386/Packages  404  Not Found [IP: 147.75.85.69 80]

W: Failed to fetch http://ppa.launchpad.net/rwky/ppa/ubuntu/dists/precise/main/binary-amd64/Packages  403  Forbidden

W: Failed to fetch http://ppa.launchpad.net/rwky/ppa/ubuntu/dists/precise/main/binary-i386/Packages  403  Forbidden

W: Failed to fetch http://ppa.launchpad.net/travis-ci/zero-mq/ubuntu/dists/precise/main/binary-amd64/Packages  403  Forbidden

W: Failed to fetch http://ppa.launchpad.net/travis-ci/zero-mq/ubuntu/dists/precise/main/binary-i386/Packages  403  Forbidden

W: Failed to fetch http://downloads-distro.mongodb.org/repo/debian-sysvinit/dists/dist/10gen/binary-amd64/Packages  Undetermined Error [IP: 54.175.147.155 80]

W: Failed to fetch http://downloads-distro.mongodb.org/repo/debian-sysvinit/dists/dist/10gen/binary-i386/Packages  Undetermined Error [IP: 54.175.147.155 80]

E: Some index files failed to download. They have been ignored, or old ones used instead.
sed: cannot rename /etc/hosts: Device or resource busy
sed: cannot rename /etc/hosts: Device or resource busy
$ jdk_switcher use oraclejdk7
Switching to Oracle JDK7 (java-7-oracle), JAVA_HOME will be set to /usr/lib/jvm/java-7-oracle
$ cd passed/davidmoten/rxjava-jdbc
$ java -Xmx32m -version
java version "1.7.0_76"
Java(TM) SE Runtime Environment (build 1.7.0_76-b13)
Java HotSpot(TM) 64-Bit Server VM (build 24.76-b04, mixed mode)
$ javac -J-Xmx32m -version
javac 1.7.0_76
travis_fold:start:install[0Ktravis_time:start:1f17e5f4[0K$ mvn -o install -Dhttps.protocols=TLSv1.2 -Dhttps.protocols=TLSv1.2 -DskipTests=true -Dmaven.javadoc.skip=true -B -V
Apache Maven 3.2.5 (12a6b3acb947671f09b81f49094c53f426d8cea1; 2014-12-14T17:29:23+00:00)
Maven home: /usr/local/maven
Java version: 1.7.0_76, vendor: Oracle Corporation
Java home: /usr/lib/jvm/java-7-oracle/jre
Default locale: en_US, platform encoding: UTF-8
OS name: "linux", version: "4.15.0-109-generic", arch: "amd64", family: "unix"
[INFO] Scanning for projects...
[INFO] Inspecting build with total of 1 modules...
[INFO] Installing Nexus Staging features:
[INFO]   ... total of 1 executions of maven-deploy-plugin replaced with nexus-staging-maven-plugin
[INFO]                                                                         
[INFO] ------------------------------------------------------------------------
[INFO] Building rxjava-jdbc 0.6.4-SNAPSHOT
[INFO] ------------------------------------------------------------------------
[INFO] 
[INFO] --- maven-resources-plugin:2.6:resources (default-resources) @ rxjava-jdbc ---
[INFO] Using 'UTF-8' encoding to copy filtered resources.
[INFO] skip non existing resourceDirectory /home/travis/build/passed/davidmoten/rxjava-jdbc/src/main/resources
[INFO] 
[INFO] --- maven-compiler-plugin:3.1:compile (default-compile) @ rxjava-jdbc ---
[INFO] Changes detected - recompiling the module!
[INFO] Compiling 48 source files to /home/travis/build/passed/davidmoten/rxjava-jdbc/target/classes
[INFO] 
[INFO] --- maven-resources-plugin:2.6:testResources (default-testResources) @ rxjava-jdbc ---
[INFO] Using 'UTF-8' encoding to copy filtered resources.
[INFO] Copying 4 resources
[INFO] 
[INFO] --- maven-compiler-plugin:3.1:testCompile (default-testCompile) @ rxjava-jdbc ---
[INFO] Nothing to compile - all classes are up to date
[INFO] 
[INFO] --- maven-surefire-plugin:2.12.4:test (default-test) @ rxjava-jdbc ---
[INFO] Tests are skipped.
[INFO] 
[INFO] --- maven-jar-plugin:2.4:jar (default-jar) @ rxjava-jdbc ---
[INFO] Building jar: /home/travis/build/passed/davidmoten/rxjava-jdbc/target/rxjava-jdbc-0.6.4-SNAPSHOT.jar
[INFO] 
[INFO] --- maven-site-plugin:3.4:attach-descriptor (attach-descriptor) @ rxjava-jdbc ---
[INFO] 
[INFO] --- maven-install-plugin:2.4:install (default-install) @ rxjava-jdbc ---
[INFO] Installing /home/travis/build/passed/davidmoten/rxjava-jdbc/target/rxjava-jdbc-0.6.4-SNAPSHOT.jar to /home/travis/.m2/repository/com/github/davidmoten/rxjava-jdbc/0.6.4-SNAPSHOT/rxjava-jdbc-0.6.4-SNAPSHOT.jar
[INFO] Installing /home/travis/build/passed/davidmoten/rxjava-jdbc/pom.xml to /home/travis/.m2/repository/com/github/davidmoten/rxjava-jdbc/0.6.4-SNAPSHOT/rxjava-jdbc-0.6.4-SNAPSHOT.pom
[INFO] ------------------------------------------------------------------------
[INFO] BUILD SUCCESS
[INFO] ------------------------------------------------------------------------
[INFO] Total time: 14.293 s
[INFO] Finished at: 2022-01-30T04:05:56+00:00
[INFO] Final Memory: 22M/491M
[INFO] ------------------------------------------------------------------------

travis_time:end:1f17e5f4:start=1643515540987165576,finish=1643515557137987365,duration=16150821789[0Ktravis_fold:end:install[0Ktravis_time:start:28b754bc[0K$ mvn test -Dhttps.protocols=TLSv1.2 -Dhttps.protocols=TLSv1.2 -B
[INFO] Scanning for projects...
[INFO] Inspecting build with total of 1 modules...
[INFO] Installing Nexus Staging features:
[INFO]   ... total of 1 executions of maven-deploy-plugin replaced with nexus-staging-maven-plugin
[INFO]                                                                         
[INFO] ------------------------------------------------------------------------
[INFO] Building rxjava-jdbc 0.6.4-SNAPSHOT
[INFO] ------------------------------------------------------------------------
[INFO] 
[INFO] --- maven-resources-plugin:2.6:resources (default-resources) @ rxjava-jdbc ---
[INFO] Using 'UTF-8' encoding to copy filtered resources.
[INFO] skip non existing resourceDirectory /home/travis/build/passed/davidmoten/rxjava-jdbc/src/main/resources
[INFO] 
[INFO] --- maven-compiler-plugin:3.1:compile (default-compile) @ rxjava-jdbc ---
[INFO] Changes detected - recompiling the module!
[INFO] Compiling 48 source files to /home/travis/build/passed/davidmoten/rxjava-jdbc/target/classes
[INFO] 
[INFO] --- maven-resources-plugin:2.6:testResources (default-testResources) @ rxjava-jdbc ---
[INFO] Using 'UTF-8' encoding to copy filtered resources.
[INFO] Copying 4 resources
[INFO] 
[INFO] --- maven-compiler-plugin:3.1:testCompile (default-testCompile) @ rxjava-jdbc ---
[INFO] Nothing to compile - all classes are up to date
[INFO] 
[INFO] --- maven-surefire-plugin:2.12.4:test (default-test) @ rxjava-jdbc ---
[INFO] Surefire report directory: /home/travis/build/passed/davidmoten/rxjava-jdbc/target/surefire-reports

-------------------------------------------------------
 T E S T S
-------------------------------------------------------
Running com.github.davidmoten.rx.DynamicProxyTest
Tests run: 2, Failures: 0, Errors: 0, Skipped: 0, Time elapsed: 0.067 sec
Running com.github.davidmoten.rx.RetryTest
Tests run: 1, Failures: 0, Errors: 0, Skipped: 0, Time elapsed: 0.464 sec
Running com.github.davidmoten.rx.jdbc.ColumnNotFoundTest
Tests run: 1, Failures: 0, Errors: 0, Skipped: 0, Time elapsed: 0.551 sec
Running com.github.davidmoten.rx.jdbc.ConditionsTest
Tests run: 7, Failures: 0, Errors: 0, Skipped: 0, Time elapsed: 0.008 sec
Running com.github.davidmoten.rx.jdbc.ConnectionDemoTest
Tests run: 1, Failures: 0, Errors: 0, Skipped: 0, Time elapsed: 0 sec
Running com.github.davidmoten.rx.jdbc.ConnectionNonClosingTest
Tests run: 1, Failures: 0, Errors: 0, Skipped: 0, Time elapsed: 0.053 sec
Running com.github.davidmoten.rx.jdbc.ConnectionProviderAutoCommittingTest
Tests run: 1, Failures: 0, Errors: 0, Skipped: 0, Time elapsed: 0.04 sec
Running com.github.davidmoten.rx.jdbc.ConnectionProviderFromUrlTest
Tests run: 1, Failures: 0, Errors: 0, Skipped: 0, Time elapsed: 0.031 sec
Running com.github.davidmoten.rx.jdbc.DatabaseAsyncTest
2022-01-30 04:06:04.768 [main] INFO  com.github.davidmoten.rx.RxUtil - 1
2022-01-30 04:06:04.769 [main] INFO  com.github.davidmoten.rx.RxUtil - 2
2022-01-30 04:06:04.769 [main] INFO  com.github.davidmoten.rx.RxUtil - 3
2022-01-30 04:06:04.939 [RxComputationThreadPool-5] INFO  com.github.davidmoten.rx.RxUtil - 0
2022-01-30 04:06:04.941 [RxCachedThreadScheduler-1] INFO  com.github.davidmoten.rx.RxUtil - 21
[FRED, JOSEPH, MARMADUKE]
2022-01-30 04:06:05.750 [main] INFO  com.zaxxer.hikari.HikariDataSource - HikariCP pool HikariPool-0 is starting.
2022-01-30 04:06:05.877 [RxCachedThreadScheduler-2] INFO  com.github.davidmoten.rx.RxUtil - 21
2022-01-30 04:06:05.879 [RxCachedThreadScheduler-1] INFO  com.github.davidmoten.rx.RxUtil - 34
2022-01-30 04:06:06.068 [main] INFO  com.github.davidmoten.rx.RxUtil - rx.Observable@132ca201
2022-01-30 04:06:06.069 [main] INFO  com.github.davidmoten.rx.RxUtil - rx.Observable@132ca201
2022-01-30 04:06:06.069 [main] INFO  com.github.davidmoten.rx.RxUtil - rx.Observable@573ff97c
2022-01-30 04:06:06.072 [main] INFO  com.github.davidmoten.rx.RxUtil - rx.Observable@7ae1fc0d
2022-01-30 04:06:06.072 [main] INFO  com.github.davidmoten.rx.RxUtil - rx.Observable@7ae1fc0d
2022-01-30 04:06:06.072 [main] INFO  com.github.davidmoten.rx.RxUtil - rx.Observable@a6af882
2022-01-30 04:06:06.091 [main] INFO  com.github.davidmoten.rx.jdbc.DatabaseTestBase - committed 1
2022-01-30 04:06:06.091 [main] INFO  com.github.davidmoten.rx.jdbc.DatabaseTestBase - gets ok
2022-01-30 04:06:06.091 [main] INFO  com.github.davidmoten.rx.jdbc.DatabaseTestBase - closes ok
Syntax error in SQL statement "ZZZ[*] "; SQL statement:
zzz [42000-178]
Syntax error in SQL statement "ZZZ[*] "; SQL statement:
zzz [42000-178]
2022-01-30 04:06:06.177 [main] INFO  com.zaxxer.hikari.HikariDataSource - HikariCP pool HikariPool-1 is starting.
2022-01-30 04:06:06.185 [main] INFO  com.zaxxer.hikari.pool.HikariPool - HikariCP pool HikariPool-1 is shutting down.
2022-01-30 04:06:06.250 [main] INFO  com.github.davidmoten.rx.jdbc.DatabaseTestBase - committed 1
2022-01-30 04:06:06.250 [main] INFO  com.github.davidmoten.rx.jdbc.DatabaseTestBase - gets ok
2022-01-30 04:06:06.250 [main] INFO  com.github.davidmoten.rx.jdbc.DatabaseTestBase - closes ok
2022-01-30 04:06:06.255 [main] INFO  com.github.davidmoten.rx.RxUtil - rx.Observable@4391f225
2022-01-30 04:06:06.256 [main] INFO  com.github.davidmoten.rx.RxUtil - rx.Observable@4391f225
2022-01-30 04:06:06.256 [main] INFO  com.github.davidmoten.rx.RxUtil - rx.Observable@22b07dcb
2022-01-30 04:06:06.258 [main] INFO  com.github.davidmoten.rx.RxUtil - rx.Observable@e888e0
2022-01-30 04:06:06.258 [main] INFO  com.github.davidmoten.rx.RxUtil - rx.Observable@e888e0
2022-01-30 04:06:06.258 [main] INFO  com.github.davidmoten.rx.RxUtil - rx.Observable@22722a97
2022-01-30 04:06:06.343 [main] INFO  com.github.davidmoten.rx.RxUtil - 99
2022-01-30 04:06:06.345 [main] INFO  com.github.davidmoten.rx.RxUtil - 88
2022-01-30 04:06:06.456 [RxComputationThreadPool-6] INFO  com.github.davidmoten.rx.RxUtil - 0
2022-01-30 04:06:06.458 [RxCachedThreadScheduler-1] INFO  com.github.davidmoten.rx.RxUtil - 21
threads=[main]
2022-01-30 04:06:06.520 [main] INFO  com.zaxxer.hikari.HikariDataSource - HikariCP pool HikariPool-2 is starting.
[MARMADUKE, JOSEPH, MARMADUKE, JOSEPH, MARMADUKE, MARMADUKE, MARMADUKE, JOSEPH, MARMADUKE, JOSEPH, MARMADUKE, MARMADUKE]
2022-01-30 04:06:06.615 [main] INFO  com.github.davidmoten.rx.RxUtil - 99
2022-01-30 04:06:06.617 [main] INFO  com.github.davidmoten.rx.RxUtil - 88
2022-01-30 04:06:06.738 [RxCachedThreadScheduler-1] INFO  com.github.davidmoten.rx.RxUtil - 3
Column "NAMEZ" not found; SQL statement:
select namez from person where name=? [42122-178]
Column "NAMEZ" not found; SQL statement:
select namez from person where name=? [42122-178]
Tests run: 114, Failures: 0, Errors: 0, Skipped: 0, Time elapsed: 2.358 sec
Running com.github.davidmoten.rx.jdbc.DatabaseDerbyTest
Tests run: 1, Failures: 0, Errors: 0, Skipped: 1, Time elapsed: 0 sec
Running com.github.davidmoten.rx.jdbc.DatabaseMasterDetailTest
MasterAndDetails [id=1, name=FRED, details=[Detail [id=10, description=a good fellow], Detail [id=11, description=rides his bike]]]
MasterAndDetails [id=2, name=JOHN, details=[Detail [id=20, description=a bit of a bore], Detail [id=21, description=is a good cook]]]
Tests run: 2, Failures: 0, Errors: 0, Skipped: 0, Time elapsed: 0.009 sec
Running com.github.davidmoten.rx.jdbc.DatabaseSyncTest
2022-01-30 04:06:06.959 [main] INFO  com.github.davidmoten.rx.RxUtil - 1
2022-01-30 04:06:06.960 [main] INFO  com.github.davidmoten.rx.RxUtil - 2
2022-01-30 04:06:06.961 [main] INFO  com.github.davidmoten.rx.RxUtil - 3
2022-01-30 04:06:07.097 [RxComputationThreadPool-8] INFO  com.github.davidmoten.rx.RxUtil - 0
2022-01-30 04:06:07.099 [RxComputationThreadPool-8] INFO  com.github.davidmoten.rx.RxUtil - 21
[FRED, JOSEPH, MARMADUKE]
2022-01-30 04:06:07.137 [main] INFO  com.zaxxer.hikari.HikariDataSource - HikariCP pool HikariPool-3 is starting.
2022-01-30 04:06:07.199 [main] INFO  com.github.davidmoten.rx.RxUtil - 21
2022-01-30 04:06:07.200 [main] INFO  com.github.davidmoten.rx.RxUtil - 34
2022-01-30 04:06:07.279 [main] INFO  com.github.davidmoten.rx.RxUtil - rx.Observable@2dc671b6
2022-01-30 04:06:07.280 [main] INFO  com.github.davidmoten.rx.RxUtil - rx.Observable@2dc671b6
2022-01-30 04:06:07.280 [main] INFO  com.github.davidmoten.rx.RxUtil - rx.Observable@3f537b34
2022-01-30 04:06:07.282 [main] INFO  com.github.davidmoten.rx.RxUtil - rx.Observable@4d4d3015
2022-01-30 04:06:07.282 [main] INFO  com.github.davidmoten.rx.RxUtil - rx.Observable@4d4d3015
2022-01-30 04:06:07.282 [main] INFO  com.github.davidmoten.rx.RxUtil - rx.Observable@68fda59
2022-01-30 04:06:07.296 [main] INFO  com.github.davidmoten.rx.jdbc.DatabaseTestBase - committed 1
2022-01-30 04:06:07.296 [main] INFO  com.github.davidmoten.rx.jdbc.DatabaseTestBase - gets ok
2022-01-30 04:06:07.297 [main] INFO  com.github.davidmoten.rx.jdbc.DatabaseTestBase - closes ok
Syntax error in SQL statement "ZZZ[*] "; SQL statement:
zzz [42000-178]
Syntax error in SQL statement "ZZZ[*] "; SQL statement:
zzz [42000-178]
2022-01-30 04:06:07.341 [main] INFO  com.zaxxer.hikari.HikariDataSource - HikariCP pool HikariPool-4 is starting.
2022-01-30 04:06:07.347 [main] INFO  com.zaxxer.hikari.pool.HikariPool - HikariCP pool HikariPool-4 is shutting down.
2022-01-30 04:06:07.359 [main] INFO  com.github.davidmoten.rx.jdbc.DatabaseTestBase - committed 1
2022-01-30 04:06:07.359 [main] INFO  com.github.davidmoten.rx.jdbc.DatabaseTestBase - gets ok
2022-01-30 04:06:07.359 [main] INFO  com.github.davidmoten.rx.jdbc.DatabaseTestBase - closes ok
2022-01-30 04:06:07.362 [main] INFO  com.github.davidmoten.rx.RxUtil - rx.Observable@389c6ad9
2022-01-30 04:06:07.363 [main] INFO  com.github.davidmoten.rx.RxUtil - rx.Observable@389c6ad9
2022-01-30 04:06:07.363 [main] INFO  com.github.davidmoten.rx.RxUtil - rx.Observable@252ae998
2022-01-30 04:06:07.364 [main] INFO  com.github.davidmoten.rx.RxUtil - rx.Observable@45ea27
2022-01-30 04:06:07.365 [main] INFO  com.github.davidmoten.rx.RxUtil - rx.Observable@45ea27
2022-01-30 04:06:07.365 [main] INFO  com.github.davidmoten.rx.RxUtil - rx.Observable@6e0fa694
2022-01-30 04:06:07.414 [main] INFO  com.github.davidmoten.rx.RxUtil - 99
2022-01-30 04:06:07.415 [main] INFO  com.github.davidmoten.rx.RxUtil - 88
2022-01-30 04:06:07.521 [RxComputationThreadPool-9] INFO  com.github.davidmoten.rx.RxUtil - 0
2022-01-30 04:06:07.522 [RxComputationThreadPool-9] INFO  com.github.davidmoten.rx.RxUtil - 21
threads=[main]
2022-01-30 04:06:07.565 [main] INFO  com.zaxxer.hikari.HikariDataSource - HikariCP pool HikariPool-5 is starting.
[MARMADUKE, JOSEPH, MARMADUKE, JOSEPH, MARMADUKE, MARMADUKE, MARMADUKE, JOSEPH, MARMADUKE, JOSEPH, MARMADUKE, MARMADUKE]
2022-01-30 04:06:07.634 [main] INFO  com.github.davidmoten.rx.RxUtil - 99
2022-01-30 04:06:07.635 [main] INFO  com.github.davidmoten.rx.RxUtil - 88
2022-01-30 04:06:07.683 [main] INFO  com.github.davidmoten.rx.RxUtil - 3
Column "NAMEZ" not found; SQL statement:
select namez from person where name=? [42122-178]
Column "NAMEZ" not found; SQL statement:
select namez from person where name=? [42122-178]
Tests run: 113, Failures: 0, Errors: 0, Skipped: 0, Time elapsed: 0.918 sec
Running com.github.davidmoten.rx.jdbc.DatabaseViaDataSourceTest
2022-01-30 04:06:07.916 [main] INFO  com.github.davidmoten.rx.RxUtil - 1
2022-01-30 04:06:07.917 [main] INFO  com.github.davidmoten.rx.RxUtil - 2
2022-01-30 04:06:07.918 [main] INFO  com.github.davidmoten.rx.RxUtil - 3
2022-01-30 04:06:08.046 [RxComputationThreadPool-11] INFO  com.github.davidmoten.rx.RxUtil - 0
2022-01-30 04:06:08.049 [RxComputationThreadPool-11] INFO  com.github.davidmoten.rx.RxUtil - 21
[FRED, JOSEPH, MARMADUKE]
2022-01-30 04:06:08.081 [main] INFO  com.zaxxer.hikari.HikariDataSource - HikariCP pool HikariPool-6 is starting.
2022-01-30 04:06:08.135 [main] INFO  com.github.davidmoten.rx.RxUtil - 21
2022-01-30 04:06:08.135 [main] INFO  com.github.davidmoten.rx.RxUtil - 34
2022-01-30 04:06:08.203 [main] INFO  com.github.davidmoten.rx.RxUtil - rx.Observable@69b24aa6
2022-01-30 04:06:08.203 [main] INFO  com.github.davidmoten.rx.RxUtil - rx.Observable@69b24aa6
2022-01-30 04:06:08.203 [main] INFO  com.github.davidmoten.rx.RxUtil - rx.Observable@38430e80
2022-01-30 04:06:08.204 [main] INFO  com.github.davidmoten.rx.RxUtil - rx.Observable@4ed03254
2022-01-30 04:06:08.205 [main] INFO  com.github.davidmoten.rx.RxUtil - rx.Observable@4ed03254
2022-01-30 04:06:08.205 [main] INFO  com.github.davidmoten.rx.RxUtil - rx.Observable@46985138
2022-01-30 04:06:08.215 [main] INFO  com.github.davidmoten.rx.jdbc.DatabaseTestBase - committed 1
2022-01-30 04:06:08.215 [main] INFO  com.github.davidmoten.rx.jdbc.DatabaseTestBase - gets ok
2022-01-30 04:06:08.215 [main] INFO  com.github.davidmoten.rx.jdbc.DatabaseTestBase - closes ok
Syntax error in SQL statement "ZZZ[*] "; SQL statement:
zzz [42000-178]
Syntax error in SQL statement "ZZZ[*] "; SQL statement:
zzz [42000-178]
2022-01-30 04:06:08.253 [main] INFO  com.zaxxer.hikari.HikariDataSource - HikariCP pool HikariPool-7 is starting.
2022-01-30 04:06:08.262 [main] INFO  com.zaxxer.hikari.pool.HikariPool - HikariCP pool HikariPool-7 is shutting down.
2022-01-30 04:06:08.273 [main] INFO  com.github.davidmoten.rx.jdbc.DatabaseTestBase - committed 1
2022-01-30 04:06:08.273 [main] INFO  com.github.davidmoten.rx.jdbc.DatabaseTestBase - gets ok
2022-01-30 04:06:08.273 [main] INFO  com.github.davidmoten.rx.jdbc.DatabaseTestBase - closes ok
2022-01-30 04:06:08.277 [main] INFO  com.github.davidmoten.rx.RxUtil - rx.Observable@233c779c
2022-01-30 04:06:08.277 [main] INFO  com.github.davidmoten.rx.RxUtil - rx.Observable@233c779c
2022-01-30 04:06:08.278 [main] INFO  com.github.davidmoten.rx.RxUtil - rx.Observable@56d0b4d6
2022-01-30 04:06:08.279 [main] INFO  com.github.davidmoten.rx.RxUtil - rx.Observable@19c21cf9
2022-01-30 04:06:08.279 [main] INFO  com.github.davidmoten.rx.RxUtil - rx.Observable@19c21cf9
2022-01-30 04:06:08.279 [main] INFO  com.github.davidmoten.rx.RxUtil - rx.Observable@16fc2ca5
2022-01-30 04:06:08.325 [main] INFO  com.github.davidmoten.rx.RxUtil - 99
2022-01-30 04:06:08.326 [main] INFO  com.github.davidmoten.rx.RxUtil - 88
2022-01-30 04:06:08.432 [RxComputationThreadPool-12] INFO  com.github.davidmoten.rx.RxUtil - 0
2022-01-30 04:06:08.434 [RxComputationThreadPool-12] INFO  com.github.davidmoten.rx.RxUtil - 21
threads=[main]
2022-01-30 04:06:08.471 [main] INFO  com.zaxxer.hikari.HikariDataSource - HikariCP pool HikariPool-8 is starting.
[MARMADUKE, JOSEPH, MARMADUKE, JOSEPH, MARMADUKE, MARMADUKE, MARMADUKE, JOSEPH, MARMADUKE, JOSEPH, MARMADUKE, MARMADUKE]
2022-01-30 04:06:08.531 [main] INFO  com.github.davidmoten.rx.RxUtil - 99
2022-01-30 04:06:08.531 [main] INFO  com.github.davidmoten.rx.RxUtil - 88
2022-01-30 04:06:08.568 [main] INFO  com.github.davidmoten.rx.RxUtil - 3
Column "NAMEZ" not found; SQL statement:
select namez from person where name=? [42122-178]
Column "NAMEZ" not found; SQL statement:
select namez from person where name=? [42122-178]
Tests run: 113, Failures: 0, Errors: 0, Skipped: 0, Time elapsed: 0.875 sec
Running com.github.davidmoten.rx.jdbc.NamedParametersTest
Tests run: 4, Failures: 0, Errors: 0, Skipped: 0, Time elapsed: 0.001 sec
Running com.github.davidmoten.rx.jdbc.QueriesTest
Tests run: 1, Failures: 0, Errors: 0, Skipped: 0, Time elapsed: 0 sec
Running com.github.davidmoten.rx.jdbc.UtilTest
Tests run: 60, Failures: 0, Errors: 0, Skipped: 0, Time elapsed: 0.126 sec
Running com.github.davidmoten.rx.jdbc.tuple.TuplesTest
Tests run: 1, Failures: 0, Errors: 0, Skipped: 0, Time elapsed: 0 sec

Results :

Tests run: 424, Failures: 0, Errors: 0, Skipped: 1

[INFO] ------------------------------------------------------------------------
[INFO] BUILD SUCCESS
[INFO] ------------------------------------------------------------------------
[INFO] Total time: 10.180 s
[INFO] Finished at: 2022-01-30T04:06:08+00:00
[INFO] Final Memory: 16M/491M
[INFO] ------------------------------------------------------------------------

travis_time:end:28b754bc:start=1643515557152056846,finish=1643515569091706328,duration=11939649482[0K
[32;1mThe command "mvn test -Dhttps.protocols=TLSv1.2 -Dhttps.protocols=TLSv1.2 -B" exited with 0.[0m

Done. Your build exited with 0.
