travis_fold:start:system_info[0K[33;1mBuild system information[0m
Build language: java
Build group: stable
Build dist: precise
Build id: ''
Job id: ''
[34m[1mBuild image provisioning date and time[0m
Thu Feb  5 15:09:33 UTC 2015
[34m[1mOperating System Details[0m
Distributor ID:	Ubuntu
Description:	Ubuntu 12.04.5 LTS
Release:	12.04
Codename:	precise
[34m[1mLinux Version[0m
3.13.0-29-generic
[34m[1mCookbooks Version[0m
a68419e https://github.com/travis-ci/travis-cookbooks/tree/a68419e
[34m[1mGCC version[0m
gcc (Ubuntu/Linaro 4.6.3-1ubuntu5) 4.6.3
Copyright (C) 2011 Free Software Foundation, Inc.
This is free software; see the source for copying conditions.  There is NO
warranty; not even for MERCHANTABILITY or FITNESS FOR A PARTICULAR PURPOSE.

[34m[1mLLVM version[0m
clang version 3.4 (tags/RELEASE_34/final)
Target: x86_64-unknown-linux-gnu
Thread model: posix
[34m[1mPre-installed Ruby versions[0m
ruby-1.9.3-p551
[34m[1mPre-installed Node.js versions[0m
v0.10.36
[34m[1mPre-installed Go versions[0m
1.4.1
[34m[1mRedis version[0m
redis-server 2.8.19
[34m[1mriak version[0m
2.0.2
[34m[1mMongoDB version[0m
MongoDB 2.4.12
[34m[1mCouchDB version[0m
couchdb 1.6.1
[34m[1mNeo4j version[0m
1.9.4
[34m[1mRabbitMQ Version[0m
3.4.3
[34m[1mElasticSearch version[0m
1.4.0
[34m[1mInstalled Sphinx versions[0m
2.0.10
2.1.9
2.2.6
[34m[1mDefault Sphinx version[0m
2.2.6
[34m[1mInstalled Firefox version[0m
firefox 31.0esr
[34m[1mPhantomJS version[0m
1.9.8
[34m[1mant -version[0m
Apache Ant(TM) version 1.8.2 compiled on December 3 2011
[34m[1mmvn -version[0m
Apache Maven 3.2.5 (12a6b3acb947671f09b81f49094c53f426d8cea1; 2014-12-14T17:29:23+00:00)
Maven home: /usr/local/maven
Java version: 1.7.0_76, vendor: Oracle Corporation
Java home: /usr/lib/jvm/java-7-oracle/jre
Default locale: en_US, platform encoding: ANSI_X3.4-1968
OS name: "linux", version: "3.13.0-29-generic", arch: "amd64", family: "unix"
travis_fold:end:system_info[0K
W: Failed to fetch http://apt.postgresql.org/pub/repos/apt/dists/precise-pgdg/main/binary-amd64/Packages  404  Not Found [IP: 72.32.157.246 80]

W: Failed to fetch http://apt.postgresql.org/pub/repos/apt/dists/precise-pgdg/main/binary-i386/Packages  404  Not Found [IP: 72.32.157.246 80]

W: Failed to fetch http://security.ubuntu.com/ubuntu/dists/precise-security/main/source/Sources  404  Not Found [IP: 91.189.91.38 80]

W: Failed to fetch http://security.ubuntu.com/ubuntu/dists/precise-security/restricted/source/Sources  404  Not Found [IP: 91.189.91.38 80]

W: Failed to fetch http://security.ubuntu.com/ubuntu/dists/precise-security/universe/source/Sources  404  Not Found [IP: 91.189.91.38 80]

W: Failed to fetch http://security.ubuntu.com/ubuntu/dists/precise-security/multiverse/source/Sources  404  Not Found [IP: 91.189.91.38 80]

W: Failed to fetch http://security.ubuntu.com/ubuntu/dists/precise-security/main/binary-amd64/Packages  404  Not Found [IP: 91.189.91.38 80]

W: Failed to fetch http://security.ubuntu.com/ubuntu/dists/precise-security/restricted/binary-amd64/Packages  404  Not Found [IP: 91.189.91.38 80]

W: Failed to fetch http://security.ubuntu.com/ubuntu/dists/precise-security/universe/binary-amd64/Packages  404  Not Found [IP: 91.189.91.38 80]

W: Failed to fetch http://security.ubuntu.com/ubuntu/dists/precise-security/multiverse/binary-amd64/Packages  404  Not Found [IP: 91.189.91.38 80]

W: Failed to fetch http://security.ubuntu.com/ubuntu/dists/precise-security/main/binary-i386/Packages  404  Not Found [IP: 91.189.91.38 80]

W: Failed to fetch http://security.ubuntu.com/ubuntu/dists/precise-security/restricted/binary-i386/Packages  404  Not Found [IP: 91.189.91.38 80]

W: Failed to fetch http://security.ubuntu.com/ubuntu/dists/precise-security/universe/binary-i386/Packages  404  Not Found [IP: 91.189.91.38 80]

W: Failed to fetch http://security.ubuntu.com/ubuntu/dists/precise-security/multiverse/binary-i386/Packages  404  Not Found [IP: 91.189.91.38 80]

W: Failed to fetch http://us.archive.ubuntu.com/ubuntu/dists/precise/main/source/Sources  404  Not Found [IP: 91.189.91.39 80]

W: Failed to fetch http://us.archive.ubuntu.com/ubuntu/dists/precise/restricted/source/Sources  404  Not Found [IP: 91.189.91.39 80]

W: Failed to fetch http://us.archive.ubuntu.com/ubuntu/dists/precise/universe/source/Sources  404  Not Found [IP: 91.189.91.39 80]

W: Failed to fetch http://us.archive.ubuntu.com/ubuntu/dists/precise/multiverse/source/Sources  404  Not Found [IP: 91.189.91.39 80]

W: Failed to fetch http://us.archive.ubuntu.com/ubuntu/dists/precise/main/binary-amd64/Packages  404  Not Found [IP: 91.189.91.39 80]

W: Failed to fetch http://us.archive.ubuntu.com/ubuntu/dists/precise/restricted/binary-amd64/Packages  404  Not Found [IP: 91.189.91.39 80]

W: Failed to fetch http://us.archive.ubuntu.com/ubuntu/dists/precise/universe/binary-amd64/Packages  404  Not Found [IP: 91.189.91.39 80]

W: Failed to fetch http://us.archive.ubuntu.com/ubuntu/dists/precise/multiverse/binary-amd64/Packages  404  Not Found [IP: 91.189.91.39 80]

W: Failed to fetch http://us.archive.ubuntu.com/ubuntu/dists/precise/main/binary-i386/Packages  404  Not Found [IP: 91.189.91.39 80]

W: Failed to fetch http://us.archive.ubuntu.com/ubuntu/dists/precise/restricted/binary-i386/Packages  404  Not Found [IP: 91.189.91.39 80]

W: Failed to fetch http://us.archive.ubuntu.com/ubuntu/dists/precise/universe/binary-i386/Packages  404  Not Found [IP: 91.189.91.39 80]

W: Failed to fetch http://us.archive.ubuntu.com/ubuntu/dists/precise/multiverse/binary-i386/Packages  404  Not Found [IP: 91.189.91.39 80]

W: Failed to fetch http://us.archive.ubuntu.com/ubuntu/dists/precise-updates/main/source/Sources  404  Not Found [IP: 91.189.91.39 80]

W: Failed to fetch http://us.archive.ubuntu.com/ubuntu/dists/precise-updates/restricted/source/Sources  404  Not Found [IP: 91.189.91.39 80]

W: Failed to fetch http://us.archive.ubuntu.com/ubuntu/dists/precise-updates/universe/source/Sources  404  Not Found [IP: 91.189.91.39 80]

W: Failed to fetch http://us.archive.ubuntu.com/ubuntu/dists/precise-updates/multiverse/source/Sources  404  Not Found [IP: 91.189.91.39 80]

W: Failed to fetch http://us.archive.ubuntu.com/ubuntu/dists/precise-updates/main/binary-amd64/Packages  404  Not Found [IP: 91.189.91.39 80]

W: Failed to fetch http://us.archive.ubuntu.com/ubuntu/dists/precise-updates/restricted/binary-amd64/Packages  404  Not Found [IP: 91.189.91.39 80]

W: Failed to fetch http://us.archive.ubuntu.com/ubuntu/dists/precise-updates/universe/binary-amd64/Packages  404  Not Found [IP: 91.189.91.39 80]

W: Failed to fetch http://us.archive.ubuntu.com/ubuntu/dists/precise-updates/multiverse/binary-amd64/Packages  404  Not Found [IP: 91.189.91.39 80]

W: Failed to fetch http://us.archive.ubuntu.com/ubuntu/dists/precise-updates/main/binary-i386/Packages  404  Not Found [IP: 91.189.91.39 80]

W: Failed to fetch http://us.archive.ubuntu.com/ubuntu/dists/precise-updates/restricted/binary-i386/Packages  404  Not Found [IP: 91.189.91.39 80]

W: Failed to fetch http://us.archive.ubuntu.com/ubuntu/dists/precise-updates/universe/binary-i386/Packages  404  Not Found [IP: 91.189.91.39 80]

W: Failed to fetch http://us.archive.ubuntu.com/ubuntu/dists/precise-updates/multiverse/binary-i386/Packages  404  Not Found [IP: 91.189.91.39 80]

W: Failed to fetch http://us.archive.ubuntu.com/ubuntu/dists/precise-backports/main/source/Sources  404  Not Found [IP: 91.189.91.39 80]

W: Failed to fetch http://us.archive.ubuntu.com/ubuntu/dists/precise-backports/restricted/source/Sources  404  Not Found [IP: 91.189.91.39 80]

W: Failed to fetch http://us.archive.ubuntu.com/ubuntu/dists/precise-backports/universe/source/Sources  404  Not Found [IP: 91.189.91.39 80]

W: Failed to fetch http://us.archive.ubuntu.com/ubuntu/dists/precise-backports/multiverse/source/Sources  404  Not Found [IP: 91.189.91.39 80]

W: Failed to fetch http://us.archive.ubuntu.com/ubuntu/dists/precise-backports/main/binary-amd64/Packages  404  Not Found [IP: 91.189.91.39 80]

W: Failed to fetch http://us.archive.ubuntu.com/ubuntu/dists/precise-backports/restricted/binary-amd64/Packages  404  Not Found [IP: 91.189.91.39 80]

W: Failed to fetch http://us.archive.ubuntu.com/ubuntu/dists/precise-backports/universe/binary-amd64/Packages  404  Not Found [IP: 91.189.91.39 80]

W: Failed to fetch http://us.archive.ubuntu.com/ubuntu/dists/precise-backports/multiverse/binary-amd64/Packages  404  Not Found [IP: 91.189.91.39 80]

W: Failed to fetch http://us.archive.ubuntu.com/ubuntu/dists/precise-backports/main/binary-i386/Packages  404  Not Found [IP: 91.189.91.39 80]

W: Failed to fetch http://us.archive.ubuntu.com/ubuntu/dists/precise-backports/restricted/binary-i386/Packages  404  Not Found [IP: 91.189.91.39 80]

W: Failed to fetch http://us.archive.ubuntu.com/ubuntu/dists/precise-backports/universe/binary-i386/Packages  404  Not Found [IP: 91.189.91.39 80]

W: Failed to fetch http://us.archive.ubuntu.com/ubuntu/dists/precise-backports/multiverse/binary-i386/Packages  404  Not Found [IP: 91.189.91.39 80]

W: Failed to fetch http://ppa.launchpad.net/rwky/ppa/ubuntu/dists/precise/main/binary-amd64/Packages  403  Forbidden

W: Failed to fetch http://ppa.launchpad.net/rwky/ppa/ubuntu/dists/precise/main/binary-i386/Packages  403  Forbidden

W: Failed to fetch http://ppa.launchpad.net/travis-ci/zero-mq/ubuntu/dists/precise/main/binary-amd64/Packages  403  Forbidden

W: Failed to fetch http://ppa.launchpad.net/travis-ci/zero-mq/ubuntu/dists/precise/main/binary-i386/Packages  403  Forbidden

W: Failed to fetch http://downloads-distro.mongodb.org/repo/debian-sysvinit/dists/dist/10gen/binary-amd64/Packages  Undetermined Error [IP: 54.175.147.155 80]

W: Failed to fetch http://downloads-distro.mongodb.org/repo/debian-sysvinit/dists/dist/10gen/binary-i386/Packages  Undetermined Error [IP: 54.175.147.155 80]

E: Some index files failed to download. They have been ignored, or old ones used instead.
sed: cannot rename /etc/hosts: Device or resource busy
sed: cannot rename /etc/hosts: Device or resource busy
$ jdk_switcher use oraclejdk8
Switching to Oracle JDK8 (java-8-oracle), JAVA_HOME will be set to /usr/lib/jvm/java-8-oracle
$ cd passed/jcabi/jcabi-s3

[33;1mSetting environment variables from .travis.yml[0m
$ export MAVEN_OPTS="-Xmx256m"
$ export JAVA_OPTS="-Xmx256m"

travis_fold:start:cache.1[0KSetting up build cache
$ export CASHER_DIR=$HOME/.casher
travis_fold:end:cache.1[0K$ java -Xmx32m -version
java version "1.8.0_31"
Java(TM) SE Runtime Environment (build 1.8.0_31-b13)
Java HotSpot(TM) 64-Bit Server VM (build 25.31-b07, mixed mode)
$ javac -J-Xmx32m -version
javac 1.8.0_31
travis_fold:start:before_install.1[0Ktravis_time:start:103555dd[0K$ rvm install 2.3.0
Already installed ruby-2.3.0.
To reinstall use:

    rvm reinstall ruby-2.3.0


travis_time:end:103555dd:start=1643432626644343209,finish=1643432626825490468,duration=181147259[0Ktravis_fold:end:before_install.1[0Ktravis_fold:start:before_install.2[0Ktravis_time:start:00adb946[0K$ rvm use 2.3.0
Using /home/travis/.rvm/gems/ruby-2.3.0

travis_time:end:00adb946:start=1643432626832316088,finish=1643432627148397378,duration=316081290[0Ktravis_fold:end:before_install.2[0Ktravis_fold:start:install.1[0KSuccessfully installed pdd-0.20.8
Parsing documentation for pdd-0.20.8
Installing ri documentation for pdd-0.20.8
Done installing documentation for pdd after 1 seconds
1 gem installed
travis_fold:end:install.1[0Ktravis_fold:start:install.2[0Ktravis_time:start:1f859148[0K$ gem install est
/home/travis/.rvm/rubies/ruby-2.3.0/lib/ruby/2.3.0/open3.rb:199: warning: Insecure world writable dir /usr/local/bin in PATH, mode 040757
Successfully installed slop-3.6.0
Successfully installed mini_portile-0.6.2
Building native extensions. This could take a while...
Successfully installed nokogiri-1.6.6.4
Successfully installed est-0.3.4
Parsing documentation for slop-3.6.0
Installing ri documentation for slop-3.6.0
Parsing documentation for mini_portile-0.6.2
Installing ri documentation for mini_portile-0.6.2
Parsing documentation for nokogiri-1.6.6.4
Installing ri documentation for nokogiri-1.6.6.4
Parsing documentation for est-0.3.4
Installing ri documentation for est-0.3.4
Done installing documentation for slop, mini_portile, nokogiri, est after 4 seconds
4 gems installed

travis_time:end:1f859148:start=1643432629323596049,finish=1643432706949000436,duration=77625404387[0Ktravis_fold:end:install.2[0Ktravis_time:start:00bb9f00[0K$ set -e

travis_time:end:00bb9f00:start=1643432706960659344,finish=1643432706969119500,duration=8460156[0K
[32;1mThe command "set -e" exited with 0.[0m
travis_time:start:052f525a[0K$ mvn clean install -Pqulice --errors --batch-mode
Java HotSpot(TM) 64-Bit Server VM warning: ignoring option MaxPermSize=192m; support was removed in 8.0
[INFO] Error stacktraces are turned on.
[INFO] Scanning for projects...
[INFO]                                                                         
[INFO] ------------------------------------------------------------------------
[INFO] Building jcabi-s3 1.0-SNAPSHOT
[INFO] ------------------------------------------------------------------------
[INFO] 
[INFO] --- maven-clean-plugin:3.0.0:clean (default-clean) @ jcabi-s3 ---
[INFO] 
[INFO] --- maven-enforcer-plugin:1.4.1:enforce (enforce-maven) @ jcabi-s3 ---
[INFO] 
[INFO] --- buildnumber-maven-plugin:1.4:create (jcabi-build-number) @ jcabi-s3 ---
[INFO] ShortRevision tag detected. The value is '7'.
[INFO] Executing: /bin/sh -c cd '/home/travis/build/passed/jcabi/jcabi-s3' && 'git' 'rev-parse' '--verify' '--short=7' 'HEAD'
[INFO] Working directory: /home/travis/build/passed/jcabi/jcabi-s3
[INFO] Storing buildNumber: a1baac7 at timestamp: 2022-01-29T05:05:10
[INFO] Storing buildScmBranch: master
[INFO] 
[INFO] --- buildnumber-maven-plugin:1.4:create-timestamp (jcabi-build-number) @ jcabi-s3 ---
[INFO] 
[INFO] --- maven-resources-plugin:3.0.1:resources (default-resources) @ jcabi-s3 ---
[INFO] Using 'UTF-8' encoding to copy filtered resources.
[INFO] skip non existing resourceDirectory /home/travis/build/passed/jcabi/jcabi-s3/src/main/resources
[INFO] 
[INFO] --- maven-compiler-plugin:3.6.0:compile (default-compile) @ jcabi-s3 ---
[INFO] Changes detected - recompiling the module!
[INFO] Compiling 20 source files to /home/travis/build/passed/jcabi/jcabi-s3/target/classes
[INFO] 
[INFO] --- jcabi-maven-plugin:0.14.1:ajc (jcabi-ajc-compile) @ jcabi-s3 ---
[INFO] jcabi-aspects 0.18/55a5c13 started new daemon thread jcabi-loggable for watching of @Loggable annotated methods
[INFO] Unwoven classes will be copied to /home/travis/build/passed/jcabi/jcabi-s3/target/unwoven
[INFO] Created temp dir /home/travis/build/passed/jcabi/jcabi-s3/target/jcabi-ajc
[INFO] jcabi-aspects 0.18/55a5c13 started new daemon thread jcabi-cacheable for automated cleaning of expired @Cacheable values

125 warnings
[INFO] ajc result: 125 file(s) processed, 0 pointcut(s) woven, 0 error(s), 0 warning(s)
[INFO] 
[INFO] --- maven-resources-plugin:3.0.1:testResources (default-testResources) @ jcabi-s3 ---
[INFO] Using 'UTF-8' encoding to copy filtered resources.
[INFO] Copying 2 resources
[INFO] 
[INFO] --- maven-compiler-plugin:3.6.0:testCompile (default-testCompile) @ jcabi-s3 ---
[INFO] Changes detected - recompiling the module!
[INFO] Compiling 9 source files to /home/travis/build/passed/jcabi/jcabi-s3/target/test-classes
[INFO] 
[INFO] --- jcabi-maven-plugin:0.14.1:ajc (jcabi-ajc-test-compile) @ jcabi-s3 ---
[INFO] Unwoven test classes will be copied to /home/travis/build/passed/jcabi/jcabi-s3/target/unwoven-test
[INFO] Created temp dir /home/travis/build/passed/jcabi/jcabi-s3/target/jcabi-ajc-test

28 warnings
[INFO] ajc result: 12 file(s) processed, 0 pointcut(s) woven, 0 error(s), 0 warning(s)
[INFO] 
[INFO] --- maven-surefire-plugin:2.19.1:test (default-test) @ jcabi-s3 ---
[INFO] Surefire report directory: /home/travis/build/passed/jcabi/jcabi-s3/target/surefire-reports
[INFO] parallel='all', perCoreThreadCount=true, threadCount=4, useUnlimitedThreads=false, threadCountSuites=0, threadCountClasses=0, threadCountMethods=0, parallelOptimized=true

-------------------------------------------------------
 T E S T S
-------------------------------------------------------
Running com.jcabi.s3.AwsOcketTest
[[0;37mINFO[m] pool-1-thread-9 com.jcabi.s3.AwsOcket: loaded 20 byte(s) from ocket 'test.txt' in bucket 'null' in 5ms (etag=null)
[[2;37mDEBUG[m] pool-1-thread-9 com.jcabi.s3.AwsOcket: #read('some text â‚¬\n	test'): in 5.49ms
[[2;37mDEBUG[m] pool-1-thread-11 com.jcabi.s3.AwsOcket: #meta(): thrown com.jcabi.s3.OcketNotFoundException(ocket 'test-99.txt' not found in 'null', can't fetch meta()) out of com.jcabi.s3.AwsOcket#meta_aroundBody4[120] in 4ms
[[0;37mINFO[m] pool-1-thread-14 com.jcabi.s3.AwsOcket: saved 0 byte(s) to ocket 'test-3.txt' in bucket 'null' in 17ms (etag=null)
[[2;37mDEBUG[m] pool-1-thread-14 com.jcabi.s3.AwsOcket: #write(java.io.ByteArrayInputStream@30519973, com.amazonaws.services.s3.model.ObjectMetadata@597379ce): in 17.88ms
Tests run: 3, Failures: 0, Errors: 0, Skipped: 0, Time elapsed: 0.815 sec - in com.jcabi.s3.AwsOcketTest
Running com.jcabi.s3.AwsBucketTest
[[2;37mDEBUG[m] pool-1-thread-13 com.jcabi.s3.AwsBucket: #exists(): thrown java.io.IOException(failed to check existence of 'throwing.bucket.com' bucket) out of com.jcabi.s3.AwsBucket#exists_aroundBody6[103] in 5ms
[[2;37mDEBUG[m] pool-1-thread-15 com.jcabi.s3.AwsBucket: Does bucket 'non.existing.bucket.com' exist? false
[[2;37mDEBUG[m] pool-1-thread-15 com.jcabi.s3.AwsBucket: #exists(): false in 5.01ms
[[2;37mDEBUG[m] pool-1-thread-16 com.jcabi.s3.AwsBucket: Does bucket 'existing.bucket.com' exist? true
[[2;37mDEBUG[m] pool-1-thread-16 com.jcabi.s3.AwsBucket: #exists(): true in 5.01ms
[[2;37mDEBUG[m] pool-1-thread-17 com.jcabi.s3.AwsBucket: #ocket('test'): test in 4.90ms
Tests run: 4, Failures: 0, Errors: 0, Skipped: 0, Time elapsed: 0.754 sec - in com.jcabi.s3.AwsBucketTest
Running com.jcabi.s3.mock.MkOcketTest
[[2;37mDEBUG[m] pool-1-thread-12 com.jcabi.s3.mock.MkRegion: #bucket('test'): com.jcabi.s3.mock.MkBucket@3644cd in 6.19ms
[[2;37mDEBUG[m] pool-1-thread-12 com.jcabi.s3.mock.MkBucket: #ocket('hello.txt'): com.jcabi.s3.mock.MkOcket@53c4e693 in 4.14ms
[[2;37mDEBUG[m] pool-1-thread-12 com.jcabi.s3.mock.MkOcket: #write(java.io.ByteArrayInputStream@198b6266, com.amazonaws.services.s3.model.ObjectMetadata@21d7f2e1): in 344.79Âµs
[[2;37mDEBUG[m] pool-1-thread-12 com.jcabi.s3.Ocket$Text: #write('hello, world!', 'text/plain'): in 2.65ms
[[2;37mDEBUG[m] pool-1-thread-12 com.jcabi.s3.Ocket$Text: #write('hello, world!'): in 4.05ms
[[2;37mDEBUG[m] pool-1-thread-12 com.jcabi.s3.mock.MkOcket: #key(): 'hello.txt' in 13.04Âµs
[[2;37mDEBUG[m] pool-1-thread-12 com.jcabi.s3.mock.MkBucket: #ocket('hello.txt'): com.jcabi.s3.mock.MkOcket@53c4e693 in 25.38Âµs
[[2;37mDEBUG[m] pool-1-thread-12 com.jcabi.s3.mock.MkOcket: #meta(): com.amazonaws.services.s3.model.ObjectMetadata@1cc45c12 in 37.45ms
[[2;37mDEBUG[m] pool-1-thread-12 com.jcabi.s3.Ocket$Text: #meta(): com.amazonaws.services.s3.model.ObjectMetadata@1cc45c12 in 38.13ms
[[2;37mDEBUG[m] pool-1-thread-5 com.jcabi.s3.mock.MkRegion: #bucket('test'): com.jcabi.s3.mock.MkBucket@3644cd in 6.16ms
[[2;37mDEBUG[m] pool-1-thread-5 com.jcabi.s3.mock.MkBucket: #ocket('hello.txt'): com.jcabi.s3.mock.MkOcket@53c4e693 in 4.01ms
[[2;37mDEBUG[m] pool-1-thread-5 com.jcabi.s3.mock.MkOcket: #key(): 'hello.txt' in 28.22Âµs
[[2;37mDEBUG[m] pool-1-thread-5 com.jcabi.s3.mock.MkBucket: #ocket('hello.txt'): com.jcabi.s3.mock.MkOcket@53c4e693 in 74.65Âµs
[[2;37mDEBUG[m] pool-1-thread-5 com.jcabi.s3.mock.MkOcket: #meta(): com.amazonaws.services.s3.model.ObjectMetadata@279717a5 in 38.22ms
[[2;37mDEBUG[m] pool-1-thread-5 com.jcabi.s3.Ocket$Text: #meta(): com.amazonaws.services.s3.model.ObjectMetadata@279717a5 in 39.21ms
Tests run: 2, Failures: 0, Errors: 0, Skipped: 0, Time elapsed: 0.194 sec - in com.jcabi.s3.mock.MkOcketTest
Running com.jcabi.s3.mock.MkBucketTest
[[2;37mDEBUG[m] pool-1-thread-10 com.jcabi.s3.mock.MkRegion: #bucket('test'): com.jcabi.s3.mock.MkBucket@3644cd in 3.51ms
[[2;37mDEBUG[m] pool-1-thread-10 com.jcabi.s3.mock.MkBucket: #ocket('a/first.txt'): com.jcabi.s3.mock.MkOcket@58820143 in 1.66ms
[[2;37mDEBUG[m] pool-1-thread-10 com.jcabi.s3.mock.MkOcket: #write(java.io.ByteArrayInputStream@2c2f9deb, com.amazonaws.services.s3.model.ObjectMetadata@183d40f5): in 265.57Âµs
[[2;37mDEBUG[m] pool-1-thread-10 com.jcabi.s3.Ocket$Text: #write('', 'text/plain'): in 4.40ms
[[2;37mDEBUG[m] pool-1-thread-10 com.jcabi.s3.Ocket$Text: #write(''): in 5.41ms
[[2;37mDEBUG[m] pool-1-thread-10 com.jcabi.s3.mock.MkBucket: #ocket('a/b/hello.txt'): com.jcabi.s3.mock.MkOcket@f60fec78 in 30.02Âµs
[[2;37mDEBUG[m] pool-1-thread-10 com.jcabi.s3.mock.MkOcket: #write(java.io.ByteArrayInputStream@220e45f5, com.amazonaws.services.s3.model.ObjectMetadata@43b59aff): in 207.65Âµs
[[2;37mDEBUG[m] pool-1-thread-10 com.jcabi.s3.Ocket$Text: #write('', 'text/plain'): in 1.34ms
[[2;37mDEBUG[m] pool-1-thread-10 com.jcabi.s3.Ocket$Text: #write(''): in 2.41ms
[[2;37mDEBUG[m] pool-1-thread-10 com.jcabi.s3.mock.MkBucket: #ocket('a/b/f/2.txt'): com.jcabi.s3.mock.MkOcket@8bf5ba2f in 33.74Âµs
[[2;37mDEBUG[m] pool-1-thread-10 com.jcabi.s3.mock.MkOcket: #write(java.io.ByteArrayInputStream@132587a7, com.amazonaws.services.s3.model.ObjectMetadata@616d47de): in 167.01Âµs
[[2;37mDEBUG[m] pool-1-thread-10 com.jcabi.s3.Ocket$Text: #write('', 'text/plain'): in 677.54Âµs
[[2;37mDEBUG[m] pool-1-thread-10 com.jcabi.s3.Ocket$Text: #write(''): in 1.14ms
[[2;37mDEBUG[m] pool-1-thread-10 com.jcabi.s3.mock.MkBucket: #ocket('a/b/c/d/3.txt'): com.jcabi.s3.mock.MkOcket@14a35042 in 22.27Âµs
[[2;37mDEBUG[m] pool-1-thread-10 com.jcabi.s3.mock.MkOcket: #write(java.io.ByteArrayInputStream@311c97eb, com.amazonaws.services.s3.model.ObjectMetadata@5e118155): in 282.30Âµs
[[2;37mDEBUG[m] pool-1-thread-10 com.jcabi.s3.Ocket$Text: #write('', 'text/plain'): in 771.97Âµs
[[2;37mDEBUG[m] pool-1-thread-10 com.jcabi.s3.Ocket$Text: #write(''): in 1.14ms
[[2;37mDEBUG[m] pool-1-thread-10 com.jcabi.s3.mock.MkBucket: #list('a/b'): '[a/b/hello.txt, a/b/f/2.txt, a/b/c/d/3.txt]' in 41.30ms
[[2;37mDEBUG[m] pool-1-thread-10 com.jcabi.s3.Bucket$Prefixed: #list(''): '[/hello.txt, /f/2.txt, /c/d/3.txt]' in 59.62ms
[[2;37mDEBUG[m] pool-1-thread-6 com.jcabi.s3.mock.MkRegion: #bucket('foo'): com.jcabi.s3.mock.MkBucket@18d01 in 6.16ms
[[2;37mDEBUG[m] pool-1-thread-6 com.jcabi.s3.mock.MkBucket: #ocket('1/foo.txt'): com.jcabi.s3.mock.MkOcket@4b2460a5 in 1.61ms
[[2;37mDEBUG[m] pool-1-thread-6 com.jcabi.s3.mock.MkOcket: #write(java.io.ByteArrayInputStream@5fbb25f8, com.amazonaws.services.s3.model.ObjectMetadata@2ed4afe7): in 546.00Âµs
[[2;37mDEBUG[m] pool-1-thread-6 com.jcabi.s3.Ocket$Text: #write('', 'text/plain'): in 2.44ms
[[2;37mDEBUG[m] pool-1-thread-6 com.jcabi.s3.Ocket$Text: #write(''): in 3.80ms
[[2;37mDEBUG[m] pool-1-thread-6 com.jcabi.s3.mock.MkBucket: #ocket('1/2/foo.txt'): com.jcabi.s3.mock.MkOcket@38aacb48 in 29.80Âµs
[[2;37mDEBUG[m] pool-1-thread-6 com.jcabi.s3.mock.MkOcket: #write(java.io.ByteArrayInputStream@d56e77f, com.amazonaws.services.s3.model.ObjectMetadata@25eff00c): in 212.83Âµs
[[2;37mDEBUG[m] pool-1-thread-6 com.jcabi.s3.Ocket$Text: #write('', 'text/plain'): in 1.66ms
[[2;37mDEBUG[m] pool-1-thread-6 com.jcabi.s3.Ocket$Text: #write(''): in 2.40ms
[[2;37mDEBUG[m] pool-1-thread-6 com.jcabi.s3.mock.MkBucket: #ocket('1/2/3/foo.txt'): com.jcabi.s3.mock.MkOcket@7285882c in 23.79Âµs
[[2;37mDEBUG[m] pool-1-thread-6 com.jcabi.s3.mock.MkOcket: #write(java.io.ByteArrayInputStream@237d85ac, com.amazonaws.services.s3.model.ObjectMetadata@285dbdb3): in 212.16Âµs
[[2;37mDEBUG[m] pool-1-thread-6 com.jcabi.s3.Ocket$Text: #write('', 'text/plain'): in 882.53Âµs
[[2;37mDEBUG[m] pool-1-thread-6 com.jcabi.s3.Ocket$Text: #write(''): in 1.54ms
[[2;37mDEBUG[m] pool-1-thread-6 com.jcabi.s3.mock.MkBucket: #list('1/'): '[1/foo.txt, 1/2/foo.txt, 1/2/3/foo.txt]' in 41.29ms
[[2;37mDEBUG[m] pool-1-thread-6 com.jcabi.s3.Bucket$Prefixed: #list(''): '[foo.txt, 2/foo.txt, 2/3/foo.txt]' in 59.61ms
Tests run: 2, Failures: 0, Errors: 0, Skipped: 0, Time elapsed: 0.223 sec - in com.jcabi.s3.mock.MkBucketTest
Running com.jcabi.s3.mock.MkRegionTest
[[2;37mDEBUG[m] pool-1-thread-8 com.jcabi.s3.mock.MkRegion: #bucket('test'): com.jcabi.s3.mock.MkBucket@3644cd in 6.41ms
[[2;37mDEBUG[m] pool-1-thread-8 com.jcabi.s3.mock.MkBucket: #ocket('hello.txt'): com.jcabi.s3.mock.MkOcket@53c4e693 in 4.03ms
[[2;37mDEBUG[m] pool-1-thread-8 com.jcabi.s3.mock.MkOcket: #write(java.io.ByteArrayInputStream@2a660cb6, com.amazonaws.services.s3.model.ObjectMetadata@5c7d29f2): in 547.25Âµs
[[2;37mDEBUG[m] pool-1-thread-8 com.jcabi.s3.Ocket$Text: #write('hello, world!', 'text/plain'): in 1.93ms
[[2;37mDEBUG[m] pool-1-thread-8 com.jcabi.s3.Ocket$Text: #write('hello, world!'): in 3.38ms
[[2;37mDEBUG[m] pool-1-thread-8 com.jcabi.s3.mock.MkOcket: #key(): 'hello.txt' in 11.88Âµs
[[2;37mDEBUG[m] pool-1-thread-8 com.jcabi.s3.mock.MkBucket: #ocket('hello.txt'): com.jcabi.s3.mock.MkOcket@53c4e693 in 21.40Âµs
[[2;37mDEBUG[m] pool-1-thread-8 com.jcabi.s3.mock.MkOcket: #read('hello, world!'): in 172.20Âµs
[[2;37mDEBUG[m] pool-1-thread-8 com.jcabi.s3.Ocket$Text: #read(): 'hello, world!' in 889.67Âµs
Tests run: 1, Failures: 0, Errors: 0, Skipped: 0, Time elapsed: 0.157 sec - in com.jcabi.s3.mock.MkRegionTest

Results :

Tests run: 12, Failures: 0, Errors: 0, Skipped: 0

[INFO] 
[INFO] --- jcabi-maven-plugin:0.14.1:versionalize (jcabi-versionalize-packages) @ jcabi-s3 ---
[INFO] Versionalizing /home/travis/build/passed/jcabi/jcabi-s3/target/classes directory
[[0;37mINFO[m] org.hibernate.validator.internal.util.Version: HV000001: Hibernate Validator 5.1.2.Final
[INFO] JSR-303 validator org.hibernate.validator.internal.engine.ValidatorImpl instantiated by jcabi-aspects 0.18/55a5c13
[INFO] File /home/travis/build/passed/jcabi/jcabi-s3/target/classes/com/jcabi/s3/com-jcabi-jcabi-s3-jar.txt added
[INFO] File /home/travis/build/passed/jcabi/jcabi-s3/target/classes/com/jcabi/s3/cached/com-jcabi-jcabi-s3-jar.txt added
[INFO] File /home/travis/build/passed/jcabi/jcabi-s3/target/classes/com/jcabi/s3/mock/com-jcabi-jcabi-s3-jar.txt added
[INFO] File /home/travis/build/passed/jcabi/jcabi-s3/target/classes/com/jcabi/s3/retry/com-jcabi-jcabi-s3-jar.txt added
[INFO] 
[INFO] --- maven-jar-plugin:3.0.2:jar (default-jar) @ jcabi-s3 ---
[INFO] Building jar: /home/travis/build/passed/jcabi/jcabi-s3/target/jcabi-s3-1.0-SNAPSHOT.jar
[INFO] 
[INFO] --- maven-assembly-plugin:3.0.0:single (assemble-all) @ jcabi-s3 ---
[INFO] Building jar: /home/travis/build/passed/jcabi/jcabi-s3/target/jcabi-s3-1.0-SNAPSHOT-jar-with-dependencies.jar
[INFO] 
[INFO] --- maven-failsafe-plugin:2.19.1:integration-test (default) @ jcabi-s3 ---
[WARNING] useSystemClassloader setting has no effect when not forking
[INFO] Failsafe report directory: /home/travis/build/passed/jcabi/jcabi-s3/target/failsafe-reports
[INFO] parallel='all', perCoreThreadCount=true, threadCount=8, useUnlimitedThreads=false, threadCountSuites=0, threadCountClasses=0, threadCountMethods=0, parallelOptimized=true
Running com.jcabi.s3.RegionITCase
SLF4J: The following loggers will not work because they were created
SLF4J: during the default configuration phase of the underlying logging system.
SLF4J: See also http://www.slf4j.org/codes.html#substituteLogger
SLF4J: com.jcabi.s3.BucketRule$1
SLF4J: com.jcabi.s3.BucketRule$1
SLF4J: com.jcabi.s3.BucketRule$1
SLF4J: com.jcabi.s3.BucketRule$1
SLF4J: com.jcabi.s3.BucketRule$1
SLF4J: com.jcabi.s3.BucketRule$1
SLF4J: com.jcabi.s3.BucketRule$1
SLF4J: com.jcabi.s3.BucketRule$1
SLF4J: com.jcabi.s3.BucketRule$1
[[0;33mWARN[m] pool-1-thread-6 com.jcabi.s3.BucketRule$1: system property failsafe.s3.key is not set, skipping
Tests run: 1, Failures: 0, Errors: 0, Skipped: 0, Time elapsed: 0.062 sec - in com.jcabi.s3.RegionITCase
Running com.jcabi.s3.AwsOcketITCase
Tests run: 4, Failures: 0, Errors: 0, Skipped: 0, Time elapsed: 0.026 sec - in com.jcabi.s3.AwsOcketITCase
Running com.jcabi.s3.AwsBucketITCase
Tests run: 5, Failures: 0, Errors: 0, Skipped: 0, Time elapsed: 0.026 sec - in com.jcabi.s3.AwsBucketITCase

Results :

Tests run: 10, Failures: 0, Errors: 0, Skipped: 0

[INFO] 
[INFO] --- maven-failsafe-plugin:2.19.1:verify (default) @ jcabi-s3 ---
[INFO] Failsafe report directory: /home/travis/build/passed/jcabi/jcabi-s3/target/failsafe-reports
[INFO] 
[INFO] --- qulice-maven-plugin:0.17.1:check (jcabi-check) @ jcabi-s3 ---
log4j:WARN No appenders could be found for logger (com.puppycrawl.tools.checkstyle.ConfigurationLoader).
log4j:WARN Please initialize the log4j system properly.
log4j:WARN See http://logging.apache.org/log4j/1.2/faq.html#noconfig for more info.
[INFO] Starting PMD validator
[INFO] No PMD violations found in 31 files
[INFO] Finishing PMD validator
[INFO] Starting FindBugs validator
[INFO] Finishing FindBugs validator
[INFO] Starting XML validator
[INFO] /src/site/site.xml: to be validated
[WARNING] Failed to validate file /src/site/site.xml against schema(s). Cause: java.lang.IllegalStateException: org.xml.sax.SAXParseException; systemId: http://maven.apache.org/xsd/decoration-1.3.0.xsd; lineNumber: 1; columnNumber: 1; Premature end of file.
[INFO] Finishing XML validator
[INFO] Starting CodeNarc validator
[INFO] CodeNarc not required since no groovy files in /home/travis/build/passed/jcabi/jcabi-s3/src
[INFO] Finishing CodeNarc validator
[INFO] Calling org.apache.maven.plugins:maven-enforcer-plugin:1.0-beta-1:enforce...
[INFO] Calling com.ning.maven.plugins:maven-duplicate-finder-plugin:1.0.7:check...
[INFO] Checking compile classpath
[INFO] Checking runtime classpath
[INFO] This is not an SVN project
[INFO] Calling org.codehaus.mojo:cobertura-maven-plugin:2.5.1:check...
[INFO] Cannot perform check, instrumentation not performed - skipping.
[INFO] No dependency problems found
[INFO] Calling org.codehaus.mojo:jslint-maven-plugin:1.0.1:jslint...
[INFO] Qulice quality check completed in 21s
[INFO] 
[INFO] --- maven-install-plugin:2.5.2:install (default-install) @ jcabi-s3 ---
[INFO] Installing /home/travis/build/passed/jcabi/jcabi-s3/target/jcabi-s3-1.0-SNAPSHOT.jar to /home/travis/.m2/repository/com/jcabi/jcabi-s3/1.0-SNAPSHOT/jcabi-s3-1.0-SNAPSHOT.jar
[INFO] Installing /home/travis/build/passed/jcabi/jcabi-s3/pom.xml to /home/travis/.m2/repository/com/jcabi/jcabi-s3/1.0-SNAPSHOT/jcabi-s3-1.0-SNAPSHOT.pom
[INFO] Installing /home/travis/build/passed/jcabi/jcabi-s3/target/jcabi-s3-1.0-SNAPSHOT-jar-with-dependencies.jar to /home/travis/.m2/repository/com/jcabi/jcabi-s3/1.0-SNAPSHOT/jcabi-s3-1.0-SNAPSHOT-jar-with-dependencies.jar
[INFO] ------------------------------------------------------------------------
[INFO] BUILD SUCCESS
[INFO] ------------------------------------------------------------------------
[INFO] Total time: 52.468 s
[INFO] Finished at: 2022-01-29T05:06:00+00:00
[INFO] Final Memory: 53M/490M
[INFO] ------------------------------------------------------------------------

travis_time:end:052f525a:start=1643432706979926428,finish=1643432765588604777,duration=58608678349[0K
[32;1mThe command "mvn clean install -Pqulice --errors --batch-mode" exited with 0.[0m
travis_time:start:2ffbfb7b[0K$ mvn clean
Java HotSpot(TM) 64-Bit Server VM warning: ignoring option MaxPermSize=192m; support was removed in 8.0
[INFO] Scanning for projects...
[INFO]                                                                         
[INFO] ------------------------------------------------------------------------
[INFO] Building jcabi-s3 1.0-SNAPSHOT
[INFO] ------------------------------------------------------------------------
[INFO] 
[INFO] --- maven-clean-plugin:3.0.0:clean (default-clean) @ jcabi-s3 ---
[INFO] Deleting /home/travis/build/passed/jcabi/jcabi-s3/target
[INFO] ------------------------------------------------------------------------
[INFO] BUILD SUCCESS
[INFO] ------------------------------------------------------------------------
[INFO] Total time: 1.465 s
[INFO] Finished at: 2022-01-29T05:06:08+00:00
[INFO] Final Memory: 14M/491M
[INFO] ------------------------------------------------------------------------

travis_time:end:2ffbfb7b:start=1643432765599562997,finish=1643432768504327087,duration=2904764090[0K
[32;1mThe command "mvn clean" exited with 0.[0m
travis_time:start:11e2f9b8[0K$ pdd --source=$(pwd) --file=/dev/null
Found 7 lines in /home/travis/build/passed/jcabi/jcabi-s3/.pdd
My version is 0.20.8
Ruby version is 2.3.0 at x86_64-linux
Reading from root dir /home/travis/build/passed/jcabi/jcabi-s3
Excluding target/**/*
Excluding src/main/resources/images/**/*
/home/travis/.rvm/gems/ruby-2.3.0/gems/pdd-0.20.8/lib/pdd/sources.rb:87: warning: Insecure world writable dir /home/travis/build/passed/jcabi/jcabi-s3/. in PATH, mode 040777
Reading .0pdd.yml ...
Reading .gitattributes ...
Reading .gitignore ...
Reading .pdd ...
Reading .rultor.yml ...
Reading .travis.yml ...
Reading LICENSE.txt ...
Reading README.md ...
Reading TEAM.md ...
Reading est/jcabi-s3.est ...
Reading pom.xml ...
Reading src/main/aspect/README.txt ...
Reading src/main/java/com/jcabi/s3/AwsBucket.java ...
Reading src/main/java/com/jcabi/s3/AwsListIterator.java ...
Reading src/main/java/com/jcabi/s3/AwsOcket.java ...
Reading src/main/java/com/jcabi/s3/Bucket.java ...
Reading src/main/java/com/jcabi/s3/Ocket.java ...
Reading src/main/java/com/jcabi/s3/OcketNotFoundException.java ...
Reading src/main/java/com/jcabi/s3/Region.java ...
Reading src/main/java/com/jcabi/s3/cached/CdBucket.java ...
Reading src/main/java/com/jcabi/s3/cached/CdOcket.java ...
Reading src/main/java/com/jcabi/s3/cached/CdRegion.java ...
Reading src/main/java/com/jcabi/s3/cached/package-info.java ...
Reading src/main/java/com/jcabi/s3/mock/MkBucket.java ...
Reading src/main/java/com/jcabi/s3/mock/MkOcket.java ...
Reading src/main/java/com/jcabi/s3/mock/MkRegion.java ...
Reading src/main/java/com/jcabi/s3/mock/package-info.java ...
Reading src/main/java/com/jcabi/s3/package-info.java ...
Reading src/main/java/com/jcabi/s3/retry/ReBucket.java ...
Reading src/main/java/com/jcabi/s3/retry/ReOcket.java ...
Reading src/main/java/com/jcabi/s3/retry/ReRegion.java ...
Reading src/main/java/com/jcabi/s3/retry/package-info.java ...
Reading src/site/apt/example-cached.apt.vm ...
Reading src/site/apt/example-list.apt.vm ...
Reading src/site/apt/example-read.apt.vm ...
Reading src/site/apt/index.apt.vm ...
Reading src/site/resources/CNAME ...
Reading src/site/site.xml ...
Reading src/test/java/com/jcabi/s3/AwsBucketITCase.java ...
Reading src/test/java/com/jcabi/s3/AwsBucketTest.java ...
Reading src/test/java/com/jcabi/s3/AwsOcketITCase.java ...
Reading src/test/java/com/jcabi/s3/AwsOcketTest.java ...
Reading src/test/java/com/jcabi/s3/BucketRule.java ...
Reading src/test/java/com/jcabi/s3/RegionITCase.java ...
Reading src/test/java/com/jcabi/s3/mock/MkBucketTest.java ...
Reading src/test/java/com/jcabi/s3/mock/MkOcketTest.java ...
Reading src/test/java/com/jcabi/s3/mock/MkRegionTest.java ...
Reading src/test/java/com/jcabi/s3/mock/package-info.java ...
Reading src/test/java/com/jcabi/s3/package-info.java ...
Reading src/test/resources/META-INF/mime.types ...
Reading src/test/resources/log4j.properties ...

travis_time:end:11e2f9b8:start=1643432768515399118,finish=1643432772430515268,duration=3915116150[0K
[32;1mThe command "pdd --source=$(pwd) --file=/dev/null" exited with 0.[0m
travis_time:start:01620d6c[0K$ est --dir=est --file=/dev/null

travis_time:end:01620d6c:start=1643432772442411032,finish=1643432772715642565,duration=273231533[0K
[32;1mThe command "est --dir=est --file=/dev/null" exited with 0.[0m
travis_fold:start:cache.2[0Kstore build cache
travis_fold:end:cache.2[0K
Done. Your build exited with 0.
