travis_fold:start:system_info[0K[33;1mBuild system information[0m
Build language: java
Build group: stable
Build dist: precise
Build id: ''
Job id: ''
[34m[1mBuild image provisioning date and time[0m
Thu Feb  5 15:09:33 UTC 2015
[34m[1mOperating System Details[0m
Distributor ID:	Ubuntu
Description:	Ubuntu 12.04.5 LTS
Release:	12.04
Codename:	precise
[34m[1mLinux Version[0m
3.13.0-29-generic
[34m[1mCookbooks Version[0m
a68419e https://github.com/travis-ci/travis-cookbooks/tree/a68419e
[34m[1mGCC version[0m
gcc (Ubuntu/Linaro 4.6.3-1ubuntu5) 4.6.3
Copyright (C) 2011 Free Software Foundation, Inc.
This is free software; see the source for copying conditions.  There is NO
warranty; not even for MERCHANTABILITY or FITNESS FOR A PARTICULAR PURPOSE.

[34m[1mLLVM version[0m
clang version 3.4 (tags/RELEASE_34/final)
Target: x86_64-unknown-linux-gnu
Thread model: posix
[34m[1mPre-installed Ruby versions[0m
ruby-1.9.3-p551
[34m[1mPre-installed Node.js versions[0m
v0.10.36
[34m[1mPre-installed Go versions[0m
1.4.1
[34m[1mRedis version[0m
redis-server 2.8.19
[34m[1mriak version[0m
2.0.2
[34m[1mMongoDB version[0m
MongoDB 2.4.12
[34m[1mCouchDB version[0m
couchdb 1.6.1
[34m[1mNeo4j version[0m
1.9.4
[34m[1mRabbitMQ Version[0m
3.4.3
[34m[1mElasticSearch version[0m
1.4.0
[34m[1mInstalled Sphinx versions[0m
2.0.10
2.1.9
2.2.6
[34m[1mDefault Sphinx version[0m
2.2.6
[34m[1mInstalled Firefox version[0m
firefox 31.0esr
[34m[1mPhantomJS version[0m
1.9.8
[34m[1mant -version[0m
Apache Ant(TM) version 1.8.2 compiled on December 3 2011
[34m[1mmvn -version[0m
Apache Maven 3.2.5 (12a6b3acb947671f09b81f49094c53f426d8cea1; 2014-12-14T17:29:23+00:00)
Maven home: /usr/local/maven
Java version: 1.7.0_76, vendor: Oracle Corporation
Java home: /usr/lib/jvm/java-7-oracle/jre
Default locale: en_US, platform encoding: ANSI_X3.4-1968
OS name: "linux", version: "3.13.0-29-generic", arch: "amd64", family: "unix"
travis_fold:end:system_info[0K
W: Failed to fetch http://security.ubuntu.com/ubuntu/dists/precise-security/main/source/Sources  404  Not Found [IP: 91.189.91.38 80]

W: Failed to fetch http://security.ubuntu.com/ubuntu/dists/precise-security/restricted/source/Sources  404  Not Found [IP: 91.189.91.38 80]

W: Failed to fetch http://security.ubuntu.com/ubuntu/dists/precise-security/universe/source/Sources  404  Not Found [IP: 91.189.91.38 80]

W: Failed to fetch http://security.ubuntu.com/ubuntu/dists/precise-security/multiverse/source/Sources  404  Not Found [IP: 91.189.91.38 80]

W: Failed to fetch http://security.ubuntu.com/ubuntu/dists/precise-security/main/binary-amd64/Packages  404  Not Found [IP: 91.189.91.38 80]

W: Failed to fetch http://security.ubuntu.com/ubuntu/dists/precise-security/restricted/binary-amd64/Packages  404  Not Found [IP: 91.189.91.38 80]

W: Failed to fetch http://security.ubuntu.com/ubuntu/dists/precise-security/universe/binary-amd64/Packages  404  Not Found [IP: 91.189.91.38 80]

W: Failed to fetch http://security.ubuntu.com/ubuntu/dists/precise-security/multiverse/binary-amd64/Packages  404  Not Found [IP: 91.189.91.38 80]

W: Failed to fetch http://security.ubuntu.com/ubuntu/dists/precise-security/main/binary-i386/Packages  404  Not Found [IP: 91.189.91.38 80]

W: Failed to fetch http://security.ubuntu.com/ubuntu/dists/precise-security/restricted/binary-i386/Packages  404  Not Found [IP: 91.189.91.38 80]

W: Failed to fetch http://security.ubuntu.com/ubuntu/dists/precise-security/universe/binary-i386/Packages  404  Not Found [IP: 91.189.91.38 80]

W: Failed to fetch http://security.ubuntu.com/ubuntu/dists/precise-security/multiverse/binary-i386/Packages  404  Not Found [IP: 91.189.91.38 80]

W: Failed to fetch http://us.archive.ubuntu.com/ubuntu/dists/precise/main/source/Sources  404  Not Found [IP: 91.189.91.38 80]

W: Failed to fetch http://us.archive.ubuntu.com/ubuntu/dists/precise/restricted/source/Sources  404  Not Found [IP: 91.189.91.38 80]

W: Failed to fetch http://us.archive.ubuntu.com/ubuntu/dists/precise/universe/source/Sources  404  Not Found [IP: 91.189.91.38 80]

W: Failed to fetch http://us.archive.ubuntu.com/ubuntu/dists/precise/multiverse/source/Sources  404  Not Found [IP: 91.189.91.38 80]

W: Failed to fetch http://us.archive.ubuntu.com/ubuntu/dists/precise/main/binary-amd64/Packages  404  Not Found [IP: 91.189.91.38 80]

W: Failed to fetch http://us.archive.ubuntu.com/ubuntu/dists/precise/restricted/binary-amd64/Packages  404  Not Found [IP: 91.189.91.38 80]

W: Failed to fetch http://us.archive.ubuntu.com/ubuntu/dists/precise/universe/binary-amd64/Packages  404  Not Found [IP: 91.189.91.38 80]

W: Failed to fetch http://us.archive.ubuntu.com/ubuntu/dists/precise/multiverse/binary-amd64/Packages  404  Not Found [IP: 91.189.91.38 80]

W: Failed to fetch http://us.archive.ubuntu.com/ubuntu/dists/precise/main/binary-i386/Packages  404  Not Found [IP: 91.189.91.38 80]

W: Failed to fetch http://us.archive.ubuntu.com/ubuntu/dists/precise/restricted/binary-i386/Packages  404  Not Found [IP: 91.189.91.38 80]

W: Failed to fetch http://us.archive.ubuntu.com/ubuntu/dists/precise/universe/binary-i386/Packages  404  Not Found [IP: 91.189.91.38 80]

W: Failed to fetch http://us.archive.ubuntu.com/ubuntu/dists/precise/multiverse/binary-i386/Packages  404  Not Found [IP: 91.189.91.38 80]

W: Failed to fetch http://us.archive.ubuntu.com/ubuntu/dists/precise-updates/main/source/Sources  404  Not Found [IP: 91.189.91.38 80]

W: Failed to fetch http://us.archive.ubuntu.com/ubuntu/dists/precise-updates/restricted/source/Sources  404  Not Found [IP: 91.189.91.38 80]

W: Failed to fetch http://us.archive.ubuntu.com/ubuntu/dists/precise-updates/universe/source/Sources  404  Not Found [IP: 91.189.91.38 80]

W: Failed to fetch http://us.archive.ubuntu.com/ubuntu/dists/precise-updates/multiverse/source/Sources  404  Not Found [IP: 91.189.91.38 80]

W: Failed to fetch http://us.archive.ubuntu.com/ubuntu/dists/precise-updates/main/binary-amd64/Packages  404  Not Found [IP: 91.189.91.38 80]

W: Failed to fetch http://us.archive.ubuntu.com/ubuntu/dists/precise-updates/restricted/binary-amd64/Packages  404  Not Found [IP: 91.189.91.38 80]

W: Failed to fetch http://us.archive.ubuntu.com/ubuntu/dists/precise-updates/universe/binary-amd64/Packages  404  Not Found [IP: 91.189.91.38 80]

W: Failed to fetch http://us.archive.ubuntu.com/ubuntu/dists/precise-updates/multiverse/binary-amd64/Packages  404  Not Found [IP: 91.189.91.38 80]

W: Failed to fetch http://us.archive.ubuntu.com/ubuntu/dists/precise-updates/main/binary-i386/Packages  404  Not Found [IP: 91.189.91.38 80]

W: Failed to fetch http://us.archive.ubuntu.com/ubuntu/dists/precise-updates/restricted/binary-i386/Packages  404  Not Found [IP: 91.189.91.38 80]

W: Failed to fetch http://us.archive.ubuntu.com/ubuntu/dists/precise-updates/universe/binary-i386/Packages  404  Not Found [IP: 91.189.91.38 80]

W: Failed to fetch http://us.archive.ubuntu.com/ubuntu/dists/precise-updates/multiverse/binary-i386/Packages  404  Not Found [IP: 91.189.91.38 80]

W: Failed to fetch http://us.archive.ubuntu.com/ubuntu/dists/precise-backports/main/source/Sources  404  Not Found [IP: 91.189.91.38 80]

W: Failed to fetch http://us.archive.ubuntu.com/ubuntu/dists/precise-backports/restricted/source/Sources  404  Not Found [IP: 91.189.91.38 80]

W: Failed to fetch http://us.archive.ubuntu.com/ubuntu/dists/precise-backports/universe/source/Sources  404  Not Found [IP: 91.189.91.38 80]

W: Failed to fetch http://us.archive.ubuntu.com/ubuntu/dists/precise-backports/multiverse/source/Sources  404  Not Found [IP: 91.189.91.38 80]

W: Failed to fetch http://us.archive.ubuntu.com/ubuntu/dists/precise-backports/main/binary-amd64/Packages  404  Not Found [IP: 91.189.91.38 80]

W: Failed to fetch http://us.archive.ubuntu.com/ubuntu/dists/precise-backports/restricted/binary-amd64/Packages  404  Not Found [IP: 91.189.91.38 80]

W: Failed to fetch http://us.archive.ubuntu.com/ubuntu/dists/precise-backports/universe/binary-amd64/Packages  404  Not Found [IP: 91.189.91.38 80]

W: Failed to fetch http://us.archive.ubuntu.com/ubuntu/dists/precise-backports/multiverse/binary-amd64/Packages  404  Not Found [IP: 91.189.91.38 80]

W: Failed to fetch http://us.archive.ubuntu.com/ubuntu/dists/precise-backports/main/binary-i386/Packages  404  Not Found [IP: 91.189.91.38 80]

W: Failed to fetch http://us.archive.ubuntu.com/ubuntu/dists/precise-backports/restricted/binary-i386/Packages  404  Not Found [IP: 91.189.91.38 80]

W: Failed to fetch http://us.archive.ubuntu.com/ubuntu/dists/precise-backports/universe/binary-i386/Packages  404  Not Found [IP: 91.189.91.38 80]

W: Failed to fetch http://us.archive.ubuntu.com/ubuntu/dists/precise-backports/multiverse/binary-i386/Packages  404  Not Found [IP: 91.189.91.38 80]

W: Failed to fetch http://apt.postgresql.org/pub/repos/apt/dists/precise-pgdg/main/binary-amd64/Packages  404  Not Found [IP: 147.75.85.69 80]

W: Failed to fetch http://apt.postgresql.org/pub/repos/apt/dists/precise-pgdg/main/binary-i386/Packages  404  Not Found [IP: 147.75.85.69 80]

W: Failed to fetch http://ppa.launchpad.net/rwky/ppa/ubuntu/dists/precise/main/binary-amd64/Packages  403  Forbidden

W: Failed to fetch http://ppa.launchpad.net/rwky/ppa/ubuntu/dists/precise/main/binary-i386/Packages  403  Forbidden

W: Failed to fetch http://ppa.launchpad.net/travis-ci/zero-mq/ubuntu/dists/precise/main/binary-amd64/Packages  403  Forbidden

W: Failed to fetch http://ppa.launchpad.net/travis-ci/zero-mq/ubuntu/dists/precise/main/binary-i386/Packages  403  Forbidden

W: Failed to fetch http://downloads-distro.mongodb.org/repo/debian-sysvinit/dists/dist/10gen/binary-amd64/Packages  Undetermined Error [IP: 54.175.147.155 80]

W: Failed to fetch http://downloads-distro.mongodb.org/repo/debian-sysvinit/dists/dist/10gen/binary-i386/Packages  Undetermined Error [IP: 54.175.147.155 80]

E: Some index files failed to download. They have been ignored, or old ones used instead.
sed: cannot rename /etc/hosts: Device or resource busy
sed: cannot rename /etc/hosts: Device or resource busy
$ jdk_switcher use openjdk7
Switching to OpenJDK7 (java-1.7.0-openjdk-amd64), JAVA_HOME will be set to /usr/lib/jvm/java-7-openjdk-amd64
$ cd passed/Whiley/WhileyCompiler
$ java -Xmx32m -version
java version "1.7.0_75"
OpenJDK Runtime Environment (IcedTea 2.5.4) (7u75-2.5.4-1~precise1)
OpenJDK 64-Bit Server VM (build 24.75-b04, mixed mode)
$ javac -J-Xmx32m -version
javac 1.7.0_75
travis_time:start:0bb222d6[0K$ ant build-all test-all
Buildfile: /home/travis/build/passed/Whiley/WhileyCompiler/build.xml

build-all:

compile-wybs:

build:
    [mkdir] Created dir: /home/travis/build/passed/Whiley/WhileyCompiler/modules/wybs/tmp
   [delete] Deleting directory /home/travis/build/passed/Whiley/WhileyCompiler/modules/wybs/tmp
     [echo] =============================================
     [echo] BUILT: lib/wybs-v0.3.37.jar
     [echo] =============================================

compile-wycs:
     [wyrl] Compiling 0 wyrl file(s)
     [wyrl] Compiling 0 wyrl file(s)
     [wycs] Compiled 0 source file(s)

build:
    [mkdir] Created dir: /home/travis/build/passed/Whiley/WhileyCompiler/modules/wycs/tmp
   [delete] Deleting directory /home/travis/build/passed/Whiley/WhileyCompiler/modules/wycs/tmp
     [echo] =============================================
     [echo] BUILT: lib/wycs-v0.3.37.jar
     [echo] =============================================

compile-wyil:

build:
    [mkdir] Created dir: /home/travis/build/passed/Whiley/WhileyCompiler/modules/wyil/tmp
   [delete] Deleting directory /home/travis/build/passed/Whiley/WhileyCompiler/modules/wyil/tmp
     [echo] =============================================
     [echo] BUILT: lib/wyil-v0.3.37.jar
     [echo] =============================================

compile-wyc:

build:
    [mkdir] Created dir: /home/travis/build/passed/Whiley/WhileyCompiler/modules/wyc/tmp
   [delete] Deleting directory /home/travis/build/passed/Whiley/WhileyCompiler/modules/wyc/tmp
     [echo] =============================================
     [echo] BUILT: lib/wyc-v0.3.37.jar
     [echo] =============================================

compile-wyrt:
      [wyc] Compiled 0 source file(s)

build:
     [echo] =============================================
     [echo] BUILT: lib/wyrt-v0.3.37.jar
     [echo] =============================================

compile-wyjc:
     [wyjc] Compiled 0 source file(s)

build:
    [mkdir] Created dir: /home/travis/build/passed/Whiley/WhileyCompiler/modules/wyjc/tmp
   [delete] Deleting directory /home/travis/build/passed/Whiley/WhileyCompiler/modules/wyjc/tmp
     [echo] =============================================
     [echo] BUILT: lib/wyjc-v0.3.37.jar
     [echo] =============================================

build-all:

compile-wybs:

build:
    [mkdir] Created dir: /home/travis/build/passed/Whiley/WhileyCompiler/modules/wybs/tmp
   [delete] Deleting directory /home/travis/build/passed/Whiley/WhileyCompiler/modules/wybs/tmp
     [echo] =============================================
     [echo] BUILT: lib/wybs-v0.3.37.jar
     [echo] =============================================

compile-wycs:
     [wyrl] Compiling 0 wyrl file(s)
     [wyrl] Compiling 0 wyrl file(s)
     [wycs] Compiled 0 source file(s)

build:
    [mkdir] Created dir: /home/travis/build/passed/Whiley/WhileyCompiler/modules/wycs/tmp
   [delete] Deleting directory /home/travis/build/passed/Whiley/WhileyCompiler/modules/wycs/tmp
     [echo] =============================================
     [echo] BUILT: lib/wycs-v0.3.37.jar
     [echo] =============================================

compile-wyil:

build:
    [mkdir] Created dir: /home/travis/build/passed/Whiley/WhileyCompiler/modules/wyil/tmp
   [delete] Deleting directory /home/travis/build/passed/Whiley/WhileyCompiler/modules/wyil/tmp
     [echo] =============================================
     [echo] BUILT: lib/wyil-v0.3.37.jar
     [echo] =============================================

compile-wyc:

build:
    [mkdir] Created dir: /home/travis/build/passed/Whiley/WhileyCompiler/modules/wyc/tmp
   [delete] Deleting directory /home/travis/build/passed/Whiley/WhileyCompiler/modules/wyc/tmp
     [echo] =============================================
     [echo] BUILT: lib/wyc-v0.3.37.jar
     [echo] =============================================

compile-wyrt:
      [wyc] Compiled 0 source file(s)

build:
     [echo] =============================================
     [echo] BUILT: lib/wyrt-v0.3.37.jar
     [echo] =============================================

compile-wyjc:
     [wyjc] Compiled 0 source file(s)

build:
    [mkdir] Created dir: /home/travis/build/passed/Whiley/WhileyCompiler/modules/wyjc/tmp
   [delete] Deleting directory /home/travis/build/passed/Whiley/WhileyCompiler/modules/wyjc/tmp
     [echo] =============================================
     [echo] BUILT: lib/wyjc-v0.3.37.jar
     [echo] =============================================

test-all:

test:

test:

test:

compile-wyc:

test-compile-wyc:

test:
    [junit] Running wyc.testing.AllInvalidTests
    [junit] Testsuite: wyc.testing.AllInvalidTests
    [junit] Tests run: 164, Failures: 0, Errors: 0, Time elapsed: 155.541 sec
    [junit] Tests run: 164, Failures: 0, Errors: 0, Time elapsed: 155.541 sec
    [junit] ------------- Standard Error -----------------
    [junit] WARNING: version numbering unavailable
    [junit] ------------- ---------------- ---------------
    [junit] 
    [junit] Testcase: RealAdd_Invalid_1 took 18.391 sec
    [junit] Testcase: RealConvert_Invalid_1 took 22.879 sec
    [junit] Testcase: RealConvert_Invalid_2 took 0.689 sec
    [junit] Testcase: Coercion_Invalid_1 took 1.797 sec
    [junit] Testcase: Coercion_Invalid_2 took 0.632 sec
    [junit] Testcase: RecursiveType_Invalid_3 took 0.304 sec
    [junit] Testcase: RecursiveType_Invalid_5 took 0.786 sec
    [junit] Testcase: Parameter_Invalid_1 took 0.979 sec
    [junit] Testcase: Parameter_Invalid_2 took 0.221 sec
    [junit] Testcase: Return_Invalid_10 took 0.508 sec
    [junit] Testcase: Return_Invalid_11 took 0.407 sec
    [junit] Testcase: TupleDefine_Invalid_1 took 0.011 sec
    [junit] Testcase: ListAssign_Invalid_1 took 0.93 sec
    [junit] Testcase: Assign_Invalid_1 took 0.455 sec
    [junit] Testcase: Assign_Invalid_2 took 0.007 sec
    [junit] Testcase: Assign_Invalid_3 took 0.506 sec
    [junit] Testcase: Assign_Invalid_4 took 0.119 sec
    [junit] Testcase: Assign_Invalid_5 took 0.548 sec
    [junit] Testcase: Assign_Invalid_6 took 0.54 sec
    [junit] Testcase: Assign_Invalid_7 took 0.836 sec
    [junit] Testcase: Assign_Invalid_8 took 0.007 sec
    [junit] Testcase: Assign_Invalid_9 took 0.499 sec
    [junit] Testcase: XOR_Invalid_1 took 0.681 sec
    [junit] Testcase: Record_Invalid_1 took 0.325 sec
    [junit] Testcase: Record_Invalid_2 took 0.636 sec
    [junit] Testcase: Record_Invalid_3 took 0.009 sec
    [junit] Testcase: Switch_Invalid_1 took 0.948 sec
    [junit] Testcase: Switch_Invalid_2 took 0.012 sec
    [junit] Testcase: Switch_Invalid_3 took 0.519 sec
    [junit] Testcase: Switch_Invalid_4 took 0.313 sec
    [junit] Testcase: Switch_Invalid_5 took 1.094 sec
    [junit] Testcase: Switch_Invalid_7 took 0.007 sec
    [junit] Testcase: ConstrainedInt_Invalid_2 took 2.127 sec
    [junit] Testcase: ConstrainedInt_Invalid_3 took 0.914 sec
    [junit] Testcase: ConstrainedInt_Invalid_4 took 1.469 sec
    [junit] Testcase: ConstrainedInt_Invalid_5 took 2.471 sec
    [junit] Testcase: ConstrainedInt_Invalid_6 took 0.426 sec
    [junit] Testcase: Assert_Invalid_1 took 0.44 sec
    [junit] Testcase: Assert_Invalid_2 took 0.864 sec
    [junit] Testcase: MethodCall_Invalid_1 took 1.183 sec
    [junit] Testcase: MethodCall_Invalid_2 took 0.925 sec
    [junit] Testcase: MethodCall_Invalid_3 took 0.008 sec
    [junit] Testcase: MethodCall_Invalid_4 took 1.082 sec
    [junit] Testcase: MethodCall_Invalid_5 took 1.093 sec
    [junit] Testcase: MethodCall_Invalid_6 took 1.087 sec
    [junit] Testcase: MethodCall_Invalid_7 took 1.047 sec
    [junit] Testcase: MethodCall_Invalid_8 took 0.834 sec
    [junit] Testcase: While_Invalid_1 took 1.175 sec
    [junit] Testcase: While_Invalid_2 took 0.566 sec
    [junit] Testcase: While_Invalid_3 took 1.137 sec
    [junit] Testcase: While_Invalid_4 took 0.666 sec
    [junit] Testcase: While_Invalid_5 took 0.007 sec
    [junit] Testcase: While_Invalid_6 took 0.732 sec
    [junit] Testcase: While_Invalid_7 took 2.858 sec
    [junit] Testcase: While_Invalid_8 took 0.752 sec
    [junit] Testcase: While_Invalid_9 took 0.687 sec
    [junit] Testcase: While_Invalid_10 took 0.31 sec
    [junit] Testcase: While_Invalid_11 took 1.011 sec
    [junit] Testcase: While_Invalid_13 took 0.893 sec
    [junit] Testcase: ConstrainedList_Invalid_1 took 1.242 sec
    [junit] Testcase: Quantifiers_Invalid_1 took 0.967 sec
    [junit] Testcase: Quantifiers_Invalid_2 took 1.216 sec
    [junit] Testcase: Quantifiers_Invalid_3 took 1.136 sec
    [junit] Testcase: Quantifiers_Invalid_4 took 0.848 sec
    [junit] Testcase: Quantifiers_Invalid_5 took 0.963 sec
    [junit] Testcase: Quantifiers_Invalid_6 took 1.268 sec
    [junit] Testcase: Quantifiers_Invalid_7 took 0.964 sec
    [junit] Testcase: Quantifiers_Invalid_8 took 1.065 sec
    [junit] Testcase: Byte_Invalid_1 took 0.982 sec
    [junit] Testcase: Requires_Invalid_1 took 1.012 sec
    [junit] Testcase: Constant_Invalid_2 took 0.944 sec
    [junit] Testcase: UnionType_Invalid_1 took 0.655 sec
    [junit] Testcase: UnionType_Invalid_2 took 0.01 sec
    [junit] Testcase: UnionType_Invalid_3 took 1.215 sec
    [junit] Testcase: UnionType_Invalid_4 took 0.9 sec
    [junit] Testcase: UnionType_Invalid_5 took 1.121 sec
    [junit] Testcase: UnionType_Invalid_6 took 0.938 sec
    [junit] Testcase: TypeEquals_Invalid_1 took 0.616 sec
    [junit] Testcase: TypeEquals_Invalid_2 took 0.007 sec
    [junit] Testcase: TypeEquals_Invalid_6 took 1.002 sec
    [junit] Testcase: RealDiv_Invalid_1 took 0.791 sec
    [junit] Testcase: RealDiv_Invalid_2 took 0.386 sec
    [junit] Testcase: ListGenerator_Invalid_1 took 1.149 sec
    [junit] Testcase: ListGenerator_Invalid_2 took 0.989 sec
    [junit] Testcase: ListGenerator_Invalid_3 took 1.048 sec
    [junit] Testcase: ListGenerator_Invalid_4 took 1.181 sec
    [junit] Testcase: ListLength_Invalid_1 took 0.957 sec
    [junit] Testcase: ListLength_Invalid_3 took 1.071 sec
    [junit] Testcase: Ensures_Invalid_1 took 1.173 sec
    [junit] Testcase: Ensures_Invalid_2 took 0.866 sec
    [junit] Testcase: Ensures_Invalid_3 took 1.058 sec
    [junit] Testcase: Process_Invalid_1 took 0.8 sec
    [junit] Testcase: Cast_Invalid_1 took 1.015 sec
    [junit] Testcase: Cast_Invalid_2 took 0.574 sec
    [junit] Testcase: Cast_Invalid_3 took 0.008 sec
    [junit] Testcase: Cast_Invalid_4 took 0.344 sec
    [junit] Testcase: IntDiv_Invalid_1 took 0.151 sec
    [junit] Testcase: ListConversion_Invalid_1 took 1.07 sec
    [junit] Testcase: Return_Invalid_1 took 0.346 sec
    [junit] Testcase: Return_Invalid_2 took 0.444 sec
    [junit] Testcase: Return_Invalid_3 took 0.005 sec
    [junit] Testcase: Return_Invalid_4 took 0.594 sec
    [junit] Testcase: Return_Invalid_5 took 0.004 sec
    [junit] Testcase: Return_Invalid_6 took 0.454 sec
    [junit] Testcase: Return_Invalid_7 took 0.008 sec
    [junit] Testcase: Return_Invalid_8 took 0.459 sec
    [junit] Testcase: Return_Invalid_9 took 0.381 sec
    [junit] Testcase: VarDecl_Invalid_1 took 0.335 sec
    [junit] Testcase: VarDecl_Invalid_2 took 1.096 sec
    [junit] Testcase: VarDecl_Invalid_3 took 0.557 sec
    [junit] Testcase: If_Invalid_1 took 0.612 sec
    [junit] Testcase: If_Invalid_2 took 0.005 sec
    [junit] Testcase: If_Invalid_4 took 0.609 sec
    [junit] Testcase: If_Invalid_5 took 0.005 sec
    [junit] Testcase: FunctionRef_Invalid_1 took 0.626 sec
    [junit] Testcase: FunctionRef_Invalid_2 took 0.267 sec
    [junit] Testcase: FunctionRef_Invalid_3 took 0.008 sec
    [junit] Testcase: FunctionRef_Invalid_4 took 0.374 sec
    [junit] Testcase: FunctionRef_Invalid_5 took 0.31 sec
    [junit] Testcase: FunctionRef_Invalid_6 took 0.005 sec
    [junit] Testcase: FunctionRef_Invalid_7 took 0.411 sec
    [junit] Testcase: MultiAssign_Invalid_1 took 0.361 sec
    [junit] Testcase: ConstrainedRecord_Invalid_1 took 0.594 sec
    [junit] Testcase: NegationType_Invalid_1 took 0.005 sec
    [junit] Testcase: NegationType_Invalid_3 took 0.584 sec
    [junit] Testcase: ProcessAccess_Invalid_1 took 0.659 sec
    [junit] Testcase: ProcessAccess_Invalid_2 took 0.01 sec
    [junit] Testcase: ProcessAccess_Invalid_3 took 0.333 sec
    [junit] Testcase: Remainder_Invalid_1 took 0.285 sec
    [junit] Testcase: Remainder_Invalid_2 took 0.514 sec
    [junit] Testcase: Remainder_Invalid_3 took 0.004 sec
    [junit] Testcase: Import_Invalid_1 took 0.397 sec
    [junit] Testcase: ListEmpty_Invalid_1 took 0.009 sec
    [junit] Testcase: ListEmpty_Invalid_2 took 1.135 sec
    [junit] Testcase: OpenRecord_Invalid_3 took 0.364 sec
    [junit] Testcase: OpenRecord_Invalid_4 took 0.007 sec
    [junit] Testcase: OpenRecord_Invalid_5 took 0.444 sec
    [junit] Testcase: OpenRecord_Invalid_6 took 0.007 sec
    [junit] Testcase: OpenRecord_Invalid_7 took 0.454 sec
    [junit] Testcase: DefiniteAssign_Invalid_1 took 0.286 sec
    [junit] Testcase: DefiniteAssign_Invalid_2 took 0.446 sec
    [junit] Testcase: DefiniteAssign_Invalid_3 took 0.171 sec
    [junit] Testcase: DefiniteAssign_Invalid_4 took 0.824 sec
    [junit] Testcase: Function_Invalid_1 took 0.008 sec
    [junit] Testcase: Function_Invalid_3 took 0.769 sec
    [junit] Testcase: Function_Invalid_4 took 0.299 sec
    [junit] Testcase: ListAccess_Invalid_1 took 0.579 sec
    [junit] Testcase: ListAccess_Invalid_2 took 0.906 sec
    [junit] Testcase: ListAccess_Invalid_3 took 0.81 sec
    [junit] Testcase: ListAccess_Invalid_4 took 0.632 sec
    [junit] Testcase: ListAccess_Invalid_5 took 0.734 sec
    [junit] Testcase: List_Invalid_1 took 0.777 sec
    [junit] Testcase: List_Invalid_2 took 0.624 sec
    [junit] Testcase: List_Invalid_3 took 0.103 sec
    [junit] Testcase: List_Invalid_4 took 0.005 sec
    [junit] Testcase: List_Invalid_5 took 0.466 sec
    [junit] Testcase: List_Invalid_6 took 0.005 sec
    [junit] Testcase: List_Invalid_7 took 0.54 sec
    [junit] Testcase: Subtype_Invalid_1 took 0.186 sec
    [junit] Testcase: Subtype_Invalid_2 took 0.745 sec
    [junit] Testcase: Subtype_Invalid_3 took 1.153 sec
    [junit] Testcase: Subtype_Invalid_4 took 0.846 sec
    [junit] Testcase: Subtype_Invalid_5 took 1.022 sec
    [junit] Testcase: Subtype_Invalid_7 took 0.961 sec
    [junit] Running wyc.testing.AllValidTests
    [junit] Testsuite: wyc.testing.AllValidTests
    [junit] Tests run: 461, Failures: 0, Errors: 0, Time elapsed: 272.924 sec
    [junit] Tests run: 461, Failures: 0, Errors: 0, Time elapsed: 272.924 sec
    [junit] ------------- Standard Error -----------------
    [junit] WARNING: version numbering unavailable
    [junit] ------------- ---------------- ---------------
    [junit] 
    [junit] Testcase: TypeEquals_Valid_1 took 7.103 sec
    [junit] Testcase: TypeEquals_Valid_2 took 0.555 sec
    [junit] Testcase: TypeEquals_Valid_3 took 0.5 sec
    [junit] Testcase: TypeEquals_Valid_5 took 0.712 sec
    [junit] Testcase: TypeEquals_Valid_6 took 0.691 sec
    [junit] Testcase: TypeEquals_Valid_7 took 0.487 sec
    [junit] Testcase: TypeEquals_Valid_8 took 0.575 sec
    [junit] Testcase: TypeEquals_Valid_9 took 0.521 sec
    [junit] Testcase: RecordAccess_Valid_1 took 0.543 sec
    [junit] Testcase: RecordAccess_Valid_2 took 0.484 sec
    [junit] Testcase: Byte_Valid_1 took 0.654 sec
    [junit] Testcase: Byte_Valid_2 took 7.531 sec
    [junit] Testcase: Byte_Valid_3 took 7.137 sec
    [junit] Testcase: Byte_Valid_4 took 7.06 sec
    [junit] Testcase: Byte_Valid_5 took 0.706 sec
    [junit] Testcase: Byte_Valid_6 took 0.628 sec
    [junit] Testcase: Byte_Valid_7 took 0.681 sec
    [junit] Testcase: Byte_Valid_8 took 0.653 sec
    [junit] Testcase: Byte_Valid_9 took 0.868 sec
    [junit] Testcase: ConstrainedList_Valid_11 took 0.766 sec
    [junit] Testcase: ConstrainedList_Valid_12 took 0.703 sec
    [junit] Testcase: ConstrainedList_Valid_14 took 0.564 sec
    [junit] Testcase: ConstrainedList_Valid_15 took 0.592 sec
    [junit] Testcase: ConstrainedList_Valid_16 took 0.383 sec
    [junit] Testcase: ConstrainedList_Valid_17 took 0.789 sec
    [junit] Testcase: ConstrainedList_Valid_18 took 0.82 sec
    [junit] Testcase: ConstrainedList_Valid_19 took 0.758 sec
    [junit] Testcase: ConstrainedList_Valid_20 took 0.58 sec
    [junit] Testcase: ConstrainedList_Valid_21 took 0.622 sec
    [junit] Testcase: ConstrainedList_Valid_22 took 0.616 sec
    [junit] Testcase: ConstrainedList_Valid_23 took 0.956 sec
    [junit] Testcase: ConstrainedList_Valid_25 took 0.592 sec
    [junit] Testcase: ConstrainedList_Valid_26 took 0.763 sec
    [junit] Testcase: ConstrainedList_Valid_27 took 0.565 sec
    [junit] Testcase: ConstrainedList_Valid_28 took 0.734 sec
    [junit] Testcase: Resolution_Valid_1 took 0.471 sec
    [junit] Testcase: IfElse_Valid_1 took 0.63 sec
    [junit] Testcase: IfElse_Valid_2 took 0.707 sec
    [junit] Testcase: IfElse_Valid_3 took 0.493 sec
    [junit] Testcase: IfElse_Valid_4 took 0.592 sec
    [junit] Testcase: IfElse_Valid_5 took 0.567 sec
    [junit] Testcase: ListGenerator_Valid_10 took 0.618 sec
    [junit] Testcase: ListGenerator_Valid_11 took 0.696 sec
    [junit] Testcase: ListGenerator_Valid_12 took 0.537 sec
    [junit] Testcase: RecordDefine_Valid_1 took 0.7 sec
    [junit] Testcase: RecordDefine_Valid_2 took 0.717 sec
    [junit] Testcase: Function_Valid_12 took 0.679 sec
    [junit] Testcase: Function_Valid_13 took 0.477 sec
    [junit] Testcase: Function_Valid_14 took 0.695 sec
    [junit] Testcase: Function_Valid_16 took 0.453 sec
    [junit] Testcase: Function_Valid_17 took 0.514 sec
    [junit] Testcase: Function_Valid_18 took 0.567 sec
    [junit] Testcase: Function_Valid_20 took 0.562 sec
    [junit] Testcase: Function_Valid_21 took 0.638 sec
    [junit] Testcase: RecursiveType_Valid_10 took 0.609 sec
    [junit] Testcase: RecursiveType_Valid_11 took 0.534 sec
    [junit] Testcase: RecursiveType_Valid_13 took 0.611 sec
    [junit] Testcase: RecursiveType_Valid_14 took 0.427 sec
    [junit] Testcase: RecursiveType_Valid_15 took 0.548 sec
    [junit] Testcase: RecursiveType_Valid_16 took 0.514 sec
    [junit] Testcase: RecursiveType_Valid_17 took 0.619 sec
    [junit] Testcase: RecursiveType_Valid_18 took 0.71 sec
    [junit] Testcase: RecursiveType_Valid_19 took 0.398 sec
    [junit] Testcase: RecursiveType_Valid_20 took 0.583 sec
    [junit] Testcase: RecursiveType_Valid_21 took 0.538 sec
    [junit] Testcase: RecursiveType_Valid_23 took 0.514 sec
    [junit] Testcase: RecursiveType_Valid_24 took 0.358 sec
    [junit] Testcase: RecursiveType_Valid_25 took 0.549 sec
    [junit] Testcase: RecursiveType_Valid_26 took 0.448 sec
    [junit] Testcase: RecursiveType_Valid_27 took 0.875 sec
    [junit] Testcase: UnionType_Valid_10 took 0.595 sec
    [junit] Testcase: UnionType_Valid_11 took 0.693 sec
    [junit] Testcase: UnionType_Valid_12 took 0.53 sec
    [junit] Testcase: UnionType_Valid_13 took 0.462 sec
    [junit] Testcase: UnionType_Valid_14 took 0.787 sec
    [junit] Testcase: UnionType_Valid_15 took 0.399 sec
    [junit] Testcase: UnionType_Valid_16 took 0.575 sec
    [junit] Testcase: UnionType_Valid_17 took 0.563 sec
    [junit] Testcase: UnionType_Valid_18 took 0.651 sec
    [junit] Testcase: UnionType_Valid_19 took 0.621 sec
    [junit] Testcase: UnionType_Valid_20 took 0.607 sec
    [junit] Testcase: UnionType_Valid_21 took 0.533 sec
    [junit] Testcase: UnionType_Valid_22 took 0.45 sec
    [junit] Testcase: UnionType_Valid_23 took 0.539 sec
    [junit] Testcase: ListConversion_Valid_1 took 0.656 sec
    [junit] Testcase: RealDiv_Valid_1 took 0.623 sec
    [junit] Testcase: RealDiv_Valid_2 took 0.541 sec
    [junit] Testcase: RealDiv_Valid_3 took 0.494 sec
    [junit] Testcase: RealDiv_Valid_4 took 0.535 sec
    [junit] Testcase: RealDiv_Valid_5 took 0.823 sec
    [junit] Testcase: RealDiv_Valid_6 took 0.666 sec
    [junit] Testcase: RealDiv_Valid_7 took 0.743 sec
    [junit] Testcase: DoWhile_Valid_1 took 0.723 sec
    [junit] Testcase: DoWhile_Valid_2 took 0.654 sec
    [junit] Testcase: DoWhile_Valid_3 took 0.856 sec
    [junit] Testcase: DoWhile_Valid_5 took 0.511 sec
    [junit] Testcase: DoWhile_Valid_6 took 0.744 sec
    [junit] Testcase: Subtype_Valid_10 took 0.597 sec
    [junit] Testcase: Subtype_Valid_11 took 0.521 sec
    [junit] Testcase: Subtype_Valid_12 took 0.823 sec
    [junit] Testcase: Subtype_Valid_13 took 0.582 sec
    [junit] Testcase: Subtype_Valid_14 took 0.685 sec
    [junit] Testcase: Access_Valid_1 took 0.812 sec
    [junit] Testcase: Access_Valid_2 took 0.57 sec
    [junit] Testcase: ListEmpty_Valid_1 took 0.903 sec
    [junit] Testcase: ConstrainedInt_Valid_1 took 0.551 sec
    [junit] Testcase: ConstrainedInt_Valid_2 took 0.903 sec
    [junit] Testcase: ConstrainedInt_Valid_3 took 0.621 sec
    [junit] Testcase: ConstrainedInt_Valid_4 took 0.736 sec
    [junit] Testcase: ConstrainedInt_Valid_5 took 0.657 sec
    [junit] Testcase: ConstrainedInt_Valid_6 took 0.623 sec
    [junit] Testcase: ConstrainedInt_Valid_8 took 0.544 sec
    [junit] Testcase: MultiLineComment_Valid_1 took 0.827 sec
    [junit] Testcase: MultiLineComment_Valid_2 took 0.624 sec
    [junit] Testcase: Define_Valid_1 took 0.658 sec
    [junit] Testcase: Define_Valid_2 took 0.655 sec
    [junit] Testcase: Define_Valid_3 took 0.655 sec
    [junit] Testcase: Define_Valid_4 took 0.84 sec
    [junit] Testcase: While_Valid_10 took 0.679 sec
    [junit] Testcase: While_Valid_11 took 1.251 sec
    [junit] Testcase: While_Valid_12 took 0.743 sec
    [junit] Testcase: While_Valid_14 took 0.593 sec
    [junit] Testcase: While_Valid_16 took 0.774 sec
    [junit] Testcase: While_Valid_17 took 0.545 sec
    [junit] Testcase: While_Valid_18 took 0.951 sec
    [junit] Testcase: While_Valid_19 took 0.514 sec
    [junit] Testcase: While_Valid_20 took 0.763 sec
    [junit] Testcase: While_Valid_21 took 0.692 sec
    [junit] Testcase: While_Valid_22 took 0.617 sec
    [junit] Testcase: While_Valid_23 took 0.815 sec
    [junit] Testcase: While_Valid_24 took 0.766 sec
    [junit] Testcase: While_Valid_25 took 0.664 sec
    [junit] Testcase: While_Valid_26 took 0.882 sec
    [junit] Testcase: While_Valid_27 took 0.554 sec
    [junit] Testcase: While_Valid_28 took 0.439 sec
    [junit] Testcase: While_Valid_29 took 0.577 sec
    [junit] Testcase: While_Valid_30 took 0.438 sec
    [junit] Testcase: While_Valid_31 took 0.563 sec
    [junit] Testcase: While_Valid_32 took 0.574 sec
    [junit] Testcase: While_Valid_33 took 0.532 sec
    [junit] Testcase: While_Valid_34 took 0.582 sec
    [junit] Testcase: While_Valid_35 took 0.513 sec
    [junit] Testcase: While_Valid_36 took 0.8 sec
    [junit] Testcase: While_Valid_37 took 1.385 sec
    [junit] Testcase: While_Valid_38 took 0.913 sec
    [junit] Testcase: While_Valid_39 took 0.783 sec
    [junit] Testcase: While_Valid_40 took 0.6 sec
    [junit] Testcase: While_Valid_41 took 0.414 sec
    [junit] Testcase: While_Valid_42 took 0.67 sec
    [junit] Testcase: While_Valid_43 took 0.696 sec
    [junit] Testcase: While_Valid_44 took 0.541 sec
    [junit] Testcase: While_Valid_45 took 0.571 sec
    [junit] Testcase: While_Valid_46 took 0.405 sec
    [junit] Testcase: FunctionRef_Valid_10 took 0.592 sec
    [junit] Testcase: FunctionRef_Valid_11 took 0.481 sec
    [junit] Testcase: FunctionRef_Valid_12 took 0.421 sec
    [junit] Testcase: ListLength_Valid_1 took 0.507 sec
    [junit] Testcase: ListLength_Valid_2 took 0.483 sec
    [junit] Testcase: ListLength_Valid_3 took 0.435 sec
    [junit] Testcase: TypeEquals_Valid_10 took 0.676 sec
    [junit] Testcase: TypeEquals_Valid_11 took 0.684 sec
    [junit] Testcase: TypeEquals_Valid_12 took 0.386 sec
    [junit] Testcase: TypeEquals_Valid_14 took 0.581 sec
    [junit] Testcase: TypeEquals_Valid_15 took 0.432 sec
    [junit] Testcase: TypeEquals_Valid_16 took 0.704 sec
    [junit] Testcase: TypeEquals_Valid_17 took 0.411 sec
    [junit] Testcase: TypeEquals_Valid_18 took 0.631 sec
    [junit] Testcase: TypeEquals_Valid_19 took 0.598 sec
    [junit] Testcase: TypeEquals_Valid_21 took 0.394 sec
    [junit] Testcase: TypeEquals_Valid_24 took 0.33 sec
    [junit] Testcase: TypeEquals_Valid_25 took 0.454 sec
    [junit] Testcase: TypeEquals_Valid_27 took 0.433 sec
    [junit] Testcase: TypeEquals_Valid_28 took 0.473 sec
    [junit] Testcase: TypeEquals_Valid_29 took 0.572 sec
    [junit] Testcase: TypeEquals_Valid_30 took 0.397 sec
    [junit] Testcase: TypeEquals_Valid_31 took 0.396 sec
    [junit] Testcase: TypeEquals_Valid_32 took 0.428 sec
    [junit] Testcase: TypeEquals_Valid_33 took 0.34 sec
    [junit] Testcase: TypeEquals_Valid_34 took 0.512 sec
    [junit] Testcase: TypeEquals_Valid_35 took 0.454 sec
    [junit] Testcase: TypeEquals_Valid_39 took 0.627 sec
    [junit] Testcase: TypeEquals_Valid_40 took 0.496 sec
    [junit] Testcase: TypeEquals_Valid_42 took 0.487 sec
    [junit] Testcase: TypeEquals_Valid_43 took 0.391 sec
    [junit] Testcase: TypeEquals_Valid_44 took 0.365 sec
    [junit] Testcase: TypeEquals_Valid_45 took 0.497 sec
    [junit] Testcase: TypeEquals_Valid_46 took 0.458 sec
    [junit] Testcase: TypeEquals_Valid_47 took 0.438 sec
    [junit] Testcase: VarDecl_Valid_1 took 0.297 sec
    [junit] Testcase: VarDecl_Valid_2 took 0.602 sec
    [junit] Testcase: VarDecl_Valid_3 took 0.442 sec
    [junit] Testcase: VarDecl_Valid_4 took 0.51 sec
    [junit] Testcase: Skip_Valid_1 took 0.584 sec
    [junit] Testcase: Syntax_Valid_1 took 0.6 sec
    [junit] Testcase: MethodCall_Valid_1 took 0.365 sec
    [junit] Testcase: MethodCall_Valid_2 took 0.338 sec
    [junit] Testcase: MethodCall_Valid_3 took 0.544 sec
    [junit] Testcase: MethodCall_Valid_4 took 0.405 sec
    [junit] Testcase: While_Valid_1 took 0.504 sec
    [junit] Testcase: While_Valid_2 took 0.586 sec
    [junit] Testcase: While_Valid_3 took 0.336 sec
    [junit] Testcase: While_Valid_9 took 0.415 sec
    [junit] Testcase: ConstrainedReference_Valid_1 took 0.507 sec
    [junit] Testcase: HexAssign_Valid_1 took 0.504 sec
    [junit] Testcase: RealConst_Valid_1 took 0.616 sec
    [junit] Testcase: BoolFun_Valid_1 took 0.586 sec
    [junit] Testcase: ListGenerator_Valid_1 took 0.506 sec
    [junit] Testcase: ListGenerator_Valid_2 took 0.627 sec
    [junit] Testcase: ListGenerator_Valid_3 took 0.454 sec
    [junit] Testcase: ListGenerator_Valid_5 took 0.43 sec
    [junit] Testcase: ListGenerator_Valid_6 took 0.486 sec
    [junit] Testcase: ListGenerator_Valid_7 took 0.566 sec
    [junit] Testcase: ListGenerator_Valid_8 took 0.442 sec
    [junit] Testcase: ListGenerator_Valid_9 took 0.451 sec
    [junit] Testcase: BoolReturn_Valid_1 took 0.37 sec
    [junit] Testcase: Method_Valid_1 took 0.375 sec
    [junit] Testcase: Requires_Valid_1 took 0.447 sec
    [junit] Testcase: Import_Valid_1 took 0.491 sec
    [junit] Testcase: Import_Valid_2 took 0.44 sec
    [junit] Testcase: Import_Valid_3 took 0.338 sec
    [junit] Testcase: Import_Valid_6 took 0.429 sec
    [junit] Testcase: LengthOf_Valid_1 took 0.57 sec
    [junit] Testcase: LengthOf_Valid_4 took 0.612 sec
    [junit] Testcase: LengthOf_Valid_5 took 0.582 sec
    [junit] Testcase: RecordAssign_Valid_1 took 0.651 sec
    [junit] Testcase: RecordAssign_Valid_2 took 0.572 sec
    [junit] Testcase: RecordAssign_Valid_3 took 0.513 sec
    [junit] Testcase: RecordAssign_Valid_4 took 0.489 sec
    [junit] Testcase: RecordAssign_Valid_5 took 0.725 sec
    [junit] Testcase: RecordAssign_Valid_6 took 0.574 sec
    [junit] Testcase: RecordAssign_Valid_7 took 0.605 sec
    [junit] Testcase: RecordAssign_Valid_8 took 0.514 sec
    [junit] Testcase: RecordAssign_Valid_9 took 0.422 sec
    [junit] Testcase: Subtype_Valid_1 took 0.746 sec
    [junit] Testcase: Subtype_Valid_2 took 0.471 sec
    [junit] Testcase: Subtype_Valid_3 took 0.477 sec
    [junit] Testcase: Subtype_Valid_4 took 0.757 sec
    [junit] Testcase: Subtype_Valid_5 took 0.506 sec
    [junit] Testcase: Subtype_Valid_6 took 0.512 sec
    [junit] Testcase: Subtype_Valid_7 took 0.405 sec
    [junit] Testcase: Subtype_Valid_8 took 0.568 sec
    [junit] Testcase: Subtype_Valid_9 took 0.665 sec
    [junit] Testcase: RealNeg_Valid_1 took 0.554 sec
    [junit] Testcase: RealNeg_Valid_2 took 0.531 sec
    [junit] Testcase: BoolIfElse_Valid_1 took 0.701 sec
    [junit] Testcase: BoolIfElse_Valid_2 took 0.399 sec
    [junit] Testcase: EffectiveList_Valid_1 took 0.402 sec
    [junit] Testcase: IntConst_Valid_1 took 0.502 sec
    [junit] Testcase: Reference_Valid_1 took 0.504 sec
    [junit] Testcase: Reference_Valid_2 took 0.405 sec
    [junit] Testcase: Reference_Valid_3 took 0.533 sec
    [junit] Testcase: Reference_Valid_4 took 0.501 sec
    [junit] Testcase: Reference_Valid_5 took 0.541 sec
    [junit] Testcase: BoolList_Valid_1 took 0.463 sec
    [junit] Testcase: BoolList_Valid_2 took 0.512 sec
    [junit] Testcase: BoolList_Valid_3 took 0.463 sec
    [junit] Testcase: Update_Valid_2 took 0.43 sec
    [junit] Testcase: Switch_Valid_10 took 0.458 sec
    [junit] Testcase: Switch_Valid_11 took 0.506 sec
    [junit] Testcase: Switch_Valid_12 took 0.569 sec
    [junit] Testcase: Switch_Valid_13 took 0.505 sec
    [junit] Testcase: Coercion_Valid_1 took 0.463 sec
    [junit] Testcase: Coercion_Valid_2 took 0.453 sec
    [junit] Testcase: Coercion_Valid_3 took 0.509 sec
    [junit] Testcase: Coercion_Valid_7 took 0.533 sec
    [junit] Testcase: Coercion_Valid_9 took 0.37 sec
    [junit] Testcase: BoolRequires_Valid_1 took 0.497 sec
    [junit] Testcase: ConstrainedRecord_Valid_1 took 0.449 sec
    [junit] Testcase: ConstrainedRecord_Valid_2 took 0.471 sec
    [junit] Testcase: ConstrainedRecord_Valid_3 took 0.422 sec
    [junit] Testcase: ConstrainedRecord_Valid_4 took 0.545 sec
    [junit] Testcase: ConstrainedRecord_Valid_5 took 0.531 sec
    [junit] Testcase: ConstrainedRecord_Valid_6 took 0.575 sec
    [junit] Testcase: ConstrainedRecord_Valid_8 took 0.521 sec
    [junit] Testcase: ConstrainedRecord_Valid_9 took 0.53 sec
    [junit] Testcase: IntOp_Valid_1 took 0.5 sec
    [junit] Testcase: Process_Valid_10 took 0.444 sec
    [junit] Testcase: Process_Valid_11 took 0.444 sec
    [junit] Testcase: Process_Valid_12 took 0.462 sec
    [junit] Testcase: BoolRecord_Valid_1 took 0.497 sec
    [junit] Testcase: BoolRecord_Valid_2 took 0.421 sec
    [junit] Testcase: Complex_Valid_1 took 0.474 sec
    [junit] Testcase: Complex_Valid_2 took 0.542 sec
    [junit] Testcase: Complex_Valid_4 took 0.703 sec
    [junit] Testcase: Complex_Valid_5 took 0.478 sec
    [junit] Testcase: Complex_Valid_6 took 0.416 sec
    [junit] Testcase: Complex_Valid_7 took 0.553 sec
    [junit] Testcase: Complex_Valid_8 took 0.664 sec
    [junit] Testcase: Quantifiers_Valid_1 took 0.49 sec
    [junit] Testcase: MessageSend_Valid_1 took 0.347 sec
    [junit] Testcase: MessageSend_Valid_2 took 0.42 sec
    [junit] Testcase: MessageSend_Valid_3 took 0.492 sec
    [junit] Testcase: MessageSend_Valid_4 took 0.433 sec
    [junit] Testcase: MessageSend_Valid_5 took 0.427 sec
    [junit] Testcase: OpenRecord_Valid_10 took 0.443 sec
    [junit] Testcase: NegationType_Valid_1 took 0.819 sec
    [junit] Testcase: NegationType_Valid_2 took 0.32 sec
    [junit] Testcase: NegationType_Valid_4 took 0.331 sec
    [junit] Testcase: ListAccess_Valid_1 took 0.437 sec
    [junit] Testcase: ListAccess_Valid_3 took 0.534 sec
    [junit] Testcase: ListAccess_Valid_5 took 0.502 sec
    [junit] Testcase: ListAccess_Valid_8 took 0.389 sec
    [junit] Testcase: ListAccess_Valid_9 took 0.423 sec
    [junit] Testcase: Process_Valid_1 took 0.496 sec
    [junit] Testcase: Process_Valid_2 took 0.407 sec
    [junit] Testcase: Process_Valid_3 took 0.515 sec
    [junit] Testcase: Process_Valid_4 took 0.429 sec
    [junit] Testcase: Process_Valid_5 took 0.409 sec
    [junit] Testcase: Process_Valid_6 took 0.342 sec
    [junit] Testcase: Process_Valid_7 took 0.499 sec
    [junit] Testcase: Process_Valid_8 took 0.469 sec
    [junit] Testcase: Process_Valid_9 took 0.45 sec
    [junit] Testcase: DecimalAssignment_Valid_1 took 0.441 sec
    [junit] Testcase: ConstrainedList_Valid_1 took 0.423 sec
    [junit] Testcase: ConstrainedList_Valid_2 took 0.44 sec
    [junit] Testcase: ConstrainedList_Valid_3 took 0.407 sec
    [junit] Testcase: ConstrainedList_Valid_4 took 0.44 sec
    [junit] Testcase: ConstrainedList_Valid_5 took 0.631 sec
    [junit] Testcase: ConstrainedList_Valid_6 took 0.487 sec
    [junit] Testcase: ConstrainedList_Valid_7 took 0.505 sec
    [junit] Testcase: ConstrainedList_Valid_8 took 0.369 sec
    [junit] Testcase: ConstrainedList_Valid_9 took 0.464 sec
    [junit] Testcase: RealSub_Valid_1 took 0.437 sec
    [junit] Testcase: RealSub_Valid_2 took 0.52 sec
    [junit] Testcase: RealSub_Valid_3 took 0.466 sec
    [junit] Testcase: FunctionRef_Valid_1 took 0.472 sec
    [junit] Testcase: FunctionRef_Valid_3 took 0.459 sec
    [junit] Testcase: FunctionRef_Valid_4 took 0.601 sec
    [junit] Testcase: FunctionRef_Valid_5 took 0.59 sec
    [junit] Testcase: FunctionRef_Valid_6 took 0.554 sec
    [junit] Testcase: FunctionRef_Valid_7 took 0.377 sec
    [junit] Testcase: FunctionRef_Valid_8 took 0.395 sec
    [junit] Testcase: FunctionRef_Valid_9 took 0.33 sec
    [junit] Testcase: RecordConversion_Valid_1 took 0.537 sec
    [junit] Testcase: Ensures_Valid_1 took 0.449 sec
    [junit] Testcase: Ensures_Valid_2 took 0.434 sec
    [junit] Testcase: Ensures_Valid_3 took 0.473 sec
    [junit] Testcase: Ensures_Valid_4 took 0.46 sec
    [junit] Testcase: Ensures_Valid_5 took 0.692 sec
    [junit] Testcase: Ensures_Valid_6 took 0.448 sec
    [junit] Testcase: Ensures_Valid_7 took 0.318 sec
    [junit] Testcase: Ensures_Valid_8 took 0.63 sec
    [junit] Testcase: Function_Valid_1 took 0.343 sec
    [junit] Testcase: Function_Valid_2 took 0.457 sec
    [junit] Testcase: Function_Valid_3 took 0.434 sec
    [junit] Testcase: Function_Valid_4 took 0.325 sec
    [junit] Testcase: Function_Valid_5 took 0.485 sec
    [junit] Testcase: Function_Valid_6 took 0.477 sec
    [junit] Testcase: Function_Valid_7 took 0.961 sec
    [junit] Testcase: Function_Valid_8 took 0.601 sec
    [junit] Testcase: Function_Valid_9 took 0.918 sec
    [junit] Testcase: OpenRecord_Valid_1 took 0.615 sec
    [junit] Testcase: OpenRecord_Valid_2 took 0.515 sec
    [junit] Testcase: OpenRecord_Valid_3 took 0.513 sec
    [junit] Testcase: OpenRecord_Valid_4 took 0.435 sec
    [junit] Testcase: OpenRecord_Valid_5 took 0.346 sec
    [junit] Testcase: OpenRecord_Valid_6 took 0.466 sec
    [junit] Testcase: OpenRecord_Valid_7 took 0.409 sec
    [junit] Testcase: OpenRecord_Valid_8 took 0.492 sec
    [junit] Testcase: OpenRecord_Valid_9 took 0.326 sec
    [junit] Testcase: ListEquals_Valid_1 took 0.409 sec
    [junit] Testcase: Constant_Valid_3 took 0.482 sec
    [junit] Testcase: UnionType_Valid_1 took 0.645 sec
    [junit] Testcase: UnionType_Valid_2 took 0.358 sec
    [junit] Testcase: UnionType_Valid_3 took 0.343 sec
    [junit] Testcase: UnionType_Valid_4 took 0.4 sec
    [junit] Testcase: UnionType_Valid_5 took 0.415 sec
    [junit] Testcase: UnionType_Valid_6 took 0.385 sec
    [junit] Testcase: UnionType_Valid_7 took 0.334 sec
    [junit] Testcase: UnionType_Valid_8 took 0.386 sec
    [junit] Testcase: UnionType_Valid_9 took 0.514 sec
    [junit] Testcase: ListAssign_Valid_11 took 0.437 sec
    [junit] Testcase: MethodRef_Valid_1 took 0.431 sec
    [junit] Testcase: MethodRef_Valid_2 took 0.477 sec
    [junit] Testcase: Lambda_Valid_1 took 0.686 sec
    [junit] Testcase: Lambda_Valid_2 took 0.522 sec
    [junit] Testcase: Lambda_Valid_3 took 0.531 sec
    [junit] Testcase: Lambda_Valid_4 took 0.557 sec
    [junit] Testcase: Lambda_Valid_5 took 0.477 sec
    [junit] Testcase: Lambda_Valid_6 took 0.381 sec
    [junit] Testcase: Lambda_Valid_7 took 0.42 sec
    [junit] Testcase: Lambda_Valid_8 took 0.373 sec
    [junit] Testcase: Lambda_Valid_9 took 0.525 sec
    [junit] Testcase: Real_Valid_1 took 0.513 sec
    [junit] Testcase: IntDefine_Valid_1 took 0.472 sec
    [junit] Testcase: IntDefine_Valid_2 took 0.458 sec
    [junit] Testcase: Cast_Valid_1 took 0.445 sec
    [junit] Testcase: Cast_Valid_2 took 0.375 sec
    [junit] Testcase: Cast_Valid_3 took 0.438 sec
    [junit] Testcase: Cast_Valid_4 took 0.524 sec
    [junit] Testcase: Cast_Valid_5 took 0.499 sec
    [junit] Testcase: Cast_Valid_6 took 0.421 sec
    [junit] Testcase: IntMul_Valid_1 took 0.37 sec
    [junit] Testcase: IntMul_Valid_2 took 0.448 sec
    [junit] Testcase: Remainder_Valid_1 took 0.421 sec
    [junit] Testcase: MessageRef_Valid_1 took 0.416 sec
    [junit] Testcase: MessageRef_Valid_2 took 0.538 sec
    [junit] Testcase: BoolAssign_Valid_1 took 0.57 sec
    [junit] Testcase: BoolAssign_Valid_2 took 0.47 sec
    [junit] Testcase: BoolAssign_Valid_3 took 0.357 sec
    [junit] Testcase: BoolAssign_Valid_4 took 0.446 sec
    [junit] Testcase: BoolAssign_Valid_5 took 0.362 sec
    [junit] Testcase: BoolAssign_Valid_6 took 0.336 sec
    [junit] Testcase: RecursiveType_Valid_1 took 0.399 sec
    [junit] Testcase: RecursiveType_Valid_2 took 0.389 sec
    [junit] Testcase: RecursiveType_Valid_6 took 0.374 sec
    [junit] Testcase: RecursiveType_Valid_7 took 0.584 sec
    [junit] Testcase: RecursiveType_Valid_8 took 0.537 sec
    [junit] Testcase: RecursiveType_Valid_9 took 0.351 sec
    [junit] Testcase: RecordAssign_Valid_10 took 0.332 sec
    [junit] Testcase: IntEquals_Valid_1 took 0.365 sec
    [junit] Testcase: ConstrainedRecord_Valid_10 took 0.362 sec
    [junit] Testcase: Contractive_Valid_2 took 0.483 sec
    [junit] Testcase: String_Valid_1 took 0.382 sec
    [junit] Testcase: String_Valid_2 took 0.421 sec
    [junit] Testcase: String_Valid_3 took 0.326 sec
    [junit] Testcase: String_Valid_4 took 0.399 sec
    [junit] Testcase: String_Valid_5 took 0.545 sec
    [junit] Testcase: String_Valid_6 took 0.398 sec
    [junit] Testcase: Switch_Valid_1 took 0.517 sec
    [junit] Testcase: Switch_Valid_2 took 0.52 sec
    [junit] Testcase: Switch_Valid_1 took 0.517 sec
    [junit] Testcase: Switch_Valid_3 took 0.402 sec
    [junit] Testcase: Switch_Valid_4 took 0.417 sec
    [junit] Testcase: Switch_Valid_5 took 0.523 sec
    [junit] Testcase: Switch_Valid_6 took 0.589 sec
    [junit] Testcase: Switch_Valid_7 took 0.532 sec
    [junit] Testcase: Switch_Valid_8 took 0.485 sec
    [junit] Testcase: Switch_Valid_9 took 0.412 sec
    [junit] Testcase: SingleLineComment_Valid_1 took 0.624 sec
    [junit] Testcase: ProcessAccess_Valid_1 took 0.873 sec
    [junit] Testcase: ProcessAccess_Valid_2 took 0.593 sec
    [junit] Testcase: IntDiv_Valid_1 took 1.513 sec
    [junit] Testcase: IntDiv_Valid_3 took 0.435 sec
    [junit] Testcase: IntDiv_Valid_4 took 0.342 sec
    [junit] Testcase: IntDiv_Valid_5 took 0.659 sec
    [junit] Testcase: Return_Valid_1 took 0.41 sec
    [junit] Testcase: ConstrainedInt_Valid_10 took 0.642 sec
    [junit] Testcase: ConstrainedInt_Valid_12 took 0.451 sec
    [junit] Testcase: ConstrainedInt_Valid_13 took 0.421 sec
    [junit] Testcase: ConstrainedInt_Valid_15 took 0.482 sec
    [junit] Testcase: ConstrainedInt_Valid_16 took 0.443 sec
    [junit] Testcase: ConstrainedInt_Valid_17 took 0.488 sec
    [junit] Testcase: ConstrainedInt_Valid_18 took 0.574 sec
    [junit] Testcase: ConstrainedInt_Valid_19 took 0.407 sec
    [junit] Testcase: ConstrainedInt_Valid_20 took 0.545 sec
    [junit] Testcase: ConstrainedInt_Valid_21 took 0.369 sec
    [junit] Testcase: ConstrainedInt_Valid_22 took 0.254 sec
    [junit] Testcase: ConstrainedInt_Valid_23 took 0.401 sec
    [junit] Testcase: ConstrainedInt_Valid_24 took 0.387 sec
    [junit] Testcase: ConstrainedUnion_Valid_1 took 0.445 sec
    [junit] Testcase: ListAssign_Valid_1 took 0.503 sec
    [junit] Testcase: ListAssign_Valid_2 took 0.464 sec
    [junit] Testcase: ListAssign_Valid_3 took 0.509 sec
    [junit] Testcase: ListAssign_Valid_4 took 0.42 sec
    [junit] Testcase: ListAssign_Valid_5 took 0.366 sec
    [junit] Testcase: ListAssign_Valid_6 took 0.355 sec
    [junit] Testcase: ListAssign_Valid_7 took 0.524 sec
    [junit] Testcase: ListAssign_Valid_8 took 0.574 sec
    [junit] Testcase: ListAssign_Valid_9 took 0.376 sec
    [junit] Testcase: Assume_Valid_1 took 0.423 sec
    [junit] Testcase: Assume_Valid_2 took 0.556 sec
    [junit] Running wyc.testing.AllValidVerificationTests
    [junit] Testsuite: wyc.testing.AllValidVerificationTests
    [junit] Tests run: 367, Failures: 0, Errors: 0, Time elapsed: 199.91 sec
    [junit] Tests run: 367, Failures: 0, Errors: 0, Time elapsed: 199.91 sec
    [junit] ------------- Standard Error -----------------
    [junit] WARNING: version numbering unavailable
    [junit] ------------- ---------------- ---------------
    [junit] 
    [junit] Testcase: TypeEquals_Valid_1 took 1.335 sec
    [junit] Testcase: TypeEquals_Valid_5 took 0.184 sec
    [junit] Testcase: TypeEquals_Valid_6 took 0.279 sec
    [junit] Testcase: TypeEquals_Valid_7 took 0.187 sec
    [junit] Testcase: TypeEquals_Valid_8 took 0.198 sec
    [junit] Testcase: TypeEquals_Valid_9 took 0.165 sec
    [junit] Testcase: RecordAccess_Valid_1 took 0.15 sec
    [junit] Testcase: RecordAccess_Valid_2 took 0.171 sec
    [junit] Testcase: Byte_Valid_1 took 0.231 sec
    [junit] Testcase: Byte_Valid_2 took 1.51 sec
    [junit] Testcase: Byte_Valid_3 took 0.488 sec
    [junit] Testcase: Byte_Valid_4 took 0.461 sec
    [junit] Testcase: Byte_Valid_5 took 0.413 sec
    [junit] Testcase: Byte_Valid_6 took 0.266 sec
    [junit] Testcase: Byte_Valid_7 took 0.348 sec
    [junit] Testcase: Byte_Valid_8 took 0.269 sec
    [junit] Testcase: Byte_Valid_9 took 0.256 sec
    [junit] Testcase: ConstrainedList_Valid_11 took 0.204 sec
    [junit] Testcase: ConstrainedList_Valid_12 took 0.152 sec
    [junit] Testcase: ConstrainedList_Valid_14 took 0.235 sec
    [junit] Testcase: ConstrainedList_Valid_15 took 0.169 sec
    [junit] Testcase: ConstrainedList_Valid_25 took 0.218 sec
    [junit] Testcase: ConstrainedList_Valid_27 took 0.242 sec
    [junit] Testcase: Resolution_Valid_1 took 0.185 sec
    [junit] Testcase: IfElse_Valid_1 took 0.219 sec
    [junit] Testcase: IfElse_Valid_2 took 0.225 sec
    [junit] Testcase: IfElse_Valid_3 took 0.177 sec
    [junit] Testcase: IfElse_Valid_5 took 0.197 sec
    [junit] Testcase: ListGenerator_Valid_10 took 0.188 sec
    [junit] Testcase: ListGenerator_Valid_11 took 0.21 sec
    [junit] Testcase: RecordDefine_Valid_1 took 0.196 sec
    [junit] Testcase: RecordDefine_Valid_2 took 0.185 sec
    [junit] Testcase: Function_Valid_12 took 0.18 sec
    [junit] Testcase: Function_Valid_13 took 0.202 sec
    [junit] Testcase: Function_Valid_14 took 0.186 sec
    [junit] Testcase: Function_Valid_16 took 0.168 sec
    [junit] Testcase: Function_Valid_17 took 0.185 sec
    [junit] Testcase: Function_Valid_18 took 0.365 sec
    [junit] Testcase: Function_Valid_20 took 0.194 sec
    [junit] Testcase: Function_Valid_21 took 0.301 sec
    [junit] Testcase: RecursiveType_Valid_10 took 0.224 sec
    [junit] Testcase: RecursiveType_Valid_13 took 0.231 sec
    [junit] Testcase: RecursiveType_Valid_15 took 0.206 sec
    [junit] Testcase: UnionType_Valid_10 took 0.186 sec
    [junit] Testcase: UnionType_Valid_11 took 0.201 sec
    [junit] Testcase: UnionType_Valid_12 took 0.211 sec
    [junit] Testcase: UnionType_Valid_13 took 0.205 sec
    [junit] Testcase: UnionType_Valid_15 took 0.208 sec
    [junit] Testcase: UnionType_Valid_16 took 0.179 sec
    [junit] Testcase: UnionType_Valid_17 took 0.184 sec
    [junit] Testcase: UnionType_Valid_18 took 0.214 sec
    [junit] Testcase: UnionType_Valid_19 took 0.185 sec
    [junit] Testcase: UnionType_Valid_20 took 0.412 sec
    [junit] Testcase: UnionType_Valid_21 took 0.253 sec
    [junit] Testcase: UnionType_Valid_23 took 0.193 sec
    [junit] Testcase: ListConversion_Valid_1 took 0.186 sec
    [junit] Testcase: RealDiv_Valid_1 took 0.196 sec
    [junit] Testcase: RealDiv_Valid_2 took 0.161 sec
    [junit] Testcase: RealDiv_Valid_3 took 0.213 sec
    [junit] Testcase: RealDiv_Valid_4 took 0.195 sec
    [junit] Testcase: RealDiv_Valid_6 took 0.181 sec
    [junit] Testcase: RealDiv_Valid_7 took 0.192 sec
    [junit] Testcase: DoWhile_Valid_1 took 0.232 sec
    [junit] Testcase: DoWhile_Valid_2 took 0.196 sec
    [junit] Testcase: DoWhile_Valid_3 took 0.19 sec
    [junit] Testcase: DoWhile_Valid_5 took 0.254 sec
    [junit] Testcase: DoWhile_Valid_6 took 0.311 sec
    [junit] Testcase: Access_Valid_1 took 0.242 sec
    [junit] Testcase: Access_Valid_2 took 0.289 sec
    [junit] Testcase: ListEmpty_Valid_1 took 0.178 sec
    [junit] Testcase: ConstrainedInt_Valid_1 took 0.172 sec
    [junit] Testcase: ConstrainedInt_Valid_2 took 0.19 sec
    [junit] Testcase: ConstrainedInt_Valid_3 took 0.199 sec
    [junit] Testcase: ConstrainedInt_Valid_4 took 0.187 sec
    [junit] Testcase: ConstrainedInt_Valid_5 took 0.19 sec
    [junit] Testcase: ConstrainedInt_Valid_6 took 0.386 sec
    [junit] Testcase: MultiLineComment_Valid_1 took 0.182 sec
    [junit] Testcase: MultiLineComment_Valid_2 took 0.181 sec
    [junit] Testcase: Define_Valid_1 took 0.194 sec
    [junit] Testcase: Define_Valid_2 took 0.19 sec
    [junit] Testcase: Define_Valid_3 took 0.194 sec
    [junit] Testcase: Define_Valid_4 took 0.191 sec
    [junit] Testcase: While_Valid_10 took 0.25 sec
    [junit] Testcase: While_Valid_12 took 0.425 sec
    [junit] Testcase: While_Valid_14 took 0.208 sec
    [junit] Testcase: While_Valid_17 took 0.218 sec
    [junit] Testcase: While_Valid_18 took 0.267 sec
    [junit] Testcase: While_Valid_19 took 0.338 sec
    [junit] Testcase: While_Valid_20 took 0.191 sec
    [junit] Testcase: While_Valid_21 took 0.603 sec
    [junit] Testcase: While_Valid_24 took 0.266 sec
    [junit] Testcase: While_Valid_25 took 0.22 sec
    [junit] Testcase: While_Valid_28 took 0.323 sec
    [junit] Testcase: While_Valid_29 took 0.568 sec
    [junit] Testcase: While_Valid_30 took 0.296 sec
    [junit] Testcase: While_Valid_31 took 0.299 sec
    [junit] Testcase: While_Valid_32 took 0.322 sec
    [junit] Testcase: While_Valid_33 took 0.333 sec
    [junit] Testcase: While_Valid_35 took 1.48 sec
    [junit] Testcase: While_Valid_36 took 1.246 sec
    [junit] Testcase: While_Valid_38 took 2.687 sec
    [junit] Testcase: While_Valid_39 took 0.256 sec
    [junit] Testcase: While_Valid_40 took 0.263 sec
    [junit] Testcase: While_Valid_41 took 0.781 sec
    [junit] Testcase: While_Valid_43 took 0.663 sec
    [junit] Testcase: While_Valid_44 took 0.436 sec
    [junit] Testcase: While_Valid_45 took 0.661 sec
    [junit] Testcase: While_Valid_46 took 0.259 sec
    [junit] Testcase: While_Valid_47 took 0.415 sec
    [junit] Testcase: FunctionRef_Valid_12 took 0.185 sec
    [junit] Testcase: ListLength_Valid_1 took 0.189 sec
    [junit] Testcase: ListLength_Valid_2 took 0.186 sec
    [junit] Testcase: ListLength_Valid_3 took 0.206 sec
    [junit] Testcase: TypeEquals_Valid_10 took 0.191 sec
    [junit] Testcase: TypeEquals_Valid_11 took 0.171 sec
    [junit] Testcase: TypeEquals_Valid_12 took 0.198 sec
    [junit] Testcase: TypeEquals_Valid_14 took 0.19 sec
    [junit] Testcase: TypeEquals_Valid_15 took 0.183 sec
    [junit] Testcase: TypeEquals_Valid_16 took 0.178 sec
    [junit] Testcase: TypeEquals_Valid_17 took 0.174 sec
    [junit] Testcase: TypeEquals_Valid_18 took 0.187 sec
    [junit] Testcase: TypeEquals_Valid_19 took 0.189 sec
    [junit] Testcase: TypeEquals_Valid_21 took 0.184 sec
    [junit] Testcase: TypeEquals_Valid_24 took 0.21 sec
    [junit] Testcase: TypeEquals_Valid_27 took 0.2 sec
    [junit] Testcase: TypeEquals_Valid_28 took 0.199 sec
    [junit] Testcase: TypeEquals_Valid_29 took 0.219 sec
    [junit] Testcase: TypeEquals_Valid_31 took 0.224 sec
    [junit] Testcase: TypeEquals_Valid_32 took 0.543 sec
    [junit] Testcase: TypeEquals_Valid_33 took 0.212 sec
    [junit] Testcase: TypeEquals_Valid_34 took 0.205 sec
    [junit] Testcase: TypeEquals_Valid_35 took 0.2 sec
    [junit] Testcase: TypeEquals_Valid_39 took 0.214 sec
    [junit] Testcase: TypeEquals_Valid_40 took 0.218 sec
    [junit] Testcase: TypeEquals_Valid_42 took 0.22 sec
    [junit] Testcase: TypeEquals_Valid_43 took 0.192 sec
    [junit] Testcase: TypeEquals_Valid_44 took 0.202 sec
    [junit] Testcase: TypeEquals_Valid_46 took 0.253 sec
    [junit] Testcase: TypeEquals_Valid_47 took 0.206 sec
    [junit] Testcase: VarDecl_Valid_1 took 0.22 sec
    [junit] Testcase: VarDecl_Valid_2 took 0.239 sec
    [junit] Testcase: VarDecl_Valid_3 took 0.245 sec
    [junit] Testcase: VarDecl_Valid_4 took 0.209 sec
    [junit] Testcase: Skip_Valid_1 took 0.228 sec
    [junit] Testcase: Syntax_Valid_1 took 0.24 sec
    [junit] Testcase: MethodCall_Valid_1 took 0.206 sec
    [junit] Testcase: MethodCall_Valid_2 took 0.209 sec
    [junit] Testcase: MethodCall_Valid_3 took 0.236 sec
    [junit] Testcase: MethodCall_Valid_4 took 0.432 sec
    [junit] Testcase: While_Valid_1 took 0.491 sec
    [junit] Testcase: While_Valid_7 took 0.718 sec
    [junit] Testcase: While_Valid_9 took 0.428 sec
    [junit] Testcase: HexAssign_Valid_1 took 0.227 sec
    [junit] Testcase: RealConst_Valid_1 took 0.218 sec
    [junit] Testcase: BoolFun_Valid_1 took 0.215 sec
    [junit] Testcase: ListGenerator_Valid_1 took 0.396 sec
    [junit] Testcase: ListGenerator_Valid_2 took 0.191 sec
    [junit] Testcase: ListGenerator_Valid_3 took 0.241 sec
    [junit] Testcase: ListGenerator_Valid_5 took 0.208 sec
    [junit] Testcase: ListGenerator_Valid_6 took 0.268 sec
    [junit] Testcase: ListGenerator_Valid_7 took 0.246 sec
    [junit] Testcase: ListGenerator_Valid_8 took 0.367 sec
    [junit] Testcase: ListGenerator_Valid_9 took 0.498 sec
    [junit] Testcase: BoolReturn_Valid_1 took 0.366 sec
    [junit] Testcase: Requires_Valid_1 took 0.293 sec
    [junit] Testcase: Import_Valid_1 took 0.414 sec
    [junit] Testcase: Import_Valid_2 took 0.374 sec
    [junit] Testcase: Import_Valid_3 took 0.354 sec
    [junit] Testcase: Import_Valid_6 took 0.401 sec
    [junit] Testcase: LengthOf_Valid_1 took 0.267 sec
    [junit] Testcase: LengthOf_Valid_4 took 0.245 sec
    [junit] Testcase: LengthOf_Valid_5 took 0.252 sec
    [junit] Testcase: RecordAssign_Valid_1 took 0.263 sec
    [junit] Testcase: RecordAssign_Valid_3 took 0.38 sec
    [junit] Testcase: RecordAssign_Valid_4 took 0.295 sec
    [junit] Testcase: RecordAssign_Valid_5 took 0.27 sec
    [junit] Testcase: RecordAssign_Valid_6 took 0.511 sec
    [junit] Testcase: RecordAssign_Valid_7 took 0.37 sec
    [junit] Testcase: RecordAssign_Valid_8 took 0.441 sec
    [junit] Testcase: RecordAssign_Valid_9 took 0.39 sec
    [junit] Testcase: Subtype_Valid_2 took 0.362 sec
    [junit] Testcase: Subtype_Valid_3 took 0.372 sec
    [junit] Testcase: Subtype_Valid_4 took 0.395 sec
    [junit] Testcase: Subtype_Valid_5 took 0.382 sec
    [junit] Testcase: Subtype_Valid_6 took 0.342 sec
    [junit] Testcase: Subtype_Valid_8 took 0.639 sec
    [junit] Testcase: Subtype_Valid_9 took 0.617 sec
    [junit] Testcase: RealNeg_Valid_1 took 0.539 sec
    [junit] Testcase: RealNeg_Valid_2 took 0.342 sec
    [junit] Testcase: BoolIfElse_Valid_1 took 0.326 sec
    [junit] Testcase: BoolIfElse_Valid_2 took 0.345 sec
    [junit] Testcase: EffectiveList_Valid_1 took 1.141 sec
    [junit] Testcase: IntConst_Valid_1 took 0.319 sec
    [junit] Testcase: Reference_Valid_1 took 0.482 sec
    [junit] Testcase: Reference_Valid_4 took 0.429 sec
    [junit] Testcase: Reference_Valid_5 took 0.359 sec
    [junit] Testcase: BoolList_Valid_1 took 0.423 sec
    [junit] Testcase: BoolList_Valid_2 took 0.558 sec
    [junit] Testcase: Update_Valid_2 took 0.26 sec
    [junit] Testcase: Switch_Valid_10 took 0.661 sec
    [junit] Testcase: Switch_Valid_11 took 0.981 sec
    [junit] Testcase: Switch_Valid_12 took 0.454 sec
    [junit] Testcase: Switch_Valid_13 took 0.443 sec
    [junit] Testcase: Coercion_Valid_1 took 0.415 sec
    [junit] Testcase: Coercion_Valid_2 took 0.326 sec
    [junit] Testcase: Coercion_Valid_3 took 0.297 sec
    [junit] Testcase: Coercion_Valid_7 took 0.221 sec
    [junit] Testcase: Coercion_Valid_9 took 0.233 sec
    [junit] Testcase: BoolRequires_Valid_1 took 0.226 sec
    [junit] Testcase: ConstrainedRecord_Valid_1 took 0.229 sec
    [junit] Testcase: ConstrainedRecord_Valid_2 took 0.235 sec
    [junit] Testcase: ConstrainedRecord_Valid_3 took 0.301 sec
    [junit] Testcase: ConstrainedRecord_Valid_4 took 0.255 sec
    [junit] Testcase: ConstrainedRecord_Valid_5 took 0.277 sec
    [junit] Testcase: ConstrainedRecord_Valid_6 took 0.367 sec
    [junit] Testcase: IntOp_Valid_1 took 0.247 sec
    [junit] Testcase: Process_Valid_11 took 0.194 sec
    [junit] Testcase: Process_Valid_12 took 0.208 sec
    [junit] Testcase: BoolRecord_Valid_2 took 0.201 sec
    [junit] Testcase: Quantifiers_Valid_1 took 0.205 sec
    [junit] Testcase: MessageSend_Valid_1 took 0.206 sec
    [junit] Testcase: MessageSend_Valid_2 took 0.205 sec
    [junit] Testcase: MessageSend_Valid_3 took 0.25 sec
    [junit] Testcase: MessageSend_Valid_4 took 0.251 sec
    [junit] Testcase: MessageSend_Valid_5 took 0.238 sec
    [junit] Testcase: OpenRecord_Valid_10 took 0.205 sec
    [junit] Testcase: NegationType_Valid_1 took 0.22 sec
    [junit] Testcase: NegationType_Valid_2 took 0.199 sec
    [junit] Testcase: NegationType_Valid_4 took 0.22 sec
    [junit] Testcase: ListAccess_Valid_1 took 0.22 sec
    [junit] Testcase: ListAccess_Valid_3 took 0.317 sec
    [junit] Testcase: ListAccess_Valid_5 took 0.419 sec
    [junit] Testcase: ListAccess_Valid_8 took 0.59 sec
    [junit] Testcase: ListAccess_Valid_9 took 0.239 sec
    [junit] Testcase: Process_Valid_2 took 0.208 sec
    [junit] Testcase: Process_Valid_3 took 0.203 sec
    [junit] Testcase: Process_Valid_4 took 0.285 sec
    [junit] Testcase: Process_Valid_5 took 0.364 sec
    [junit] Testcase: Process_Valid_6 took 0.713 sec
    [junit] Testcase: Process_Valid_7 took 0.839 sec
    [junit] Testcase: Process_Valid_8 took 0.773 sec
    [junit] Testcase: DecimalAssignment_Valid_1 took 1.072 sec
    [junit] Testcase: ConstrainedList_Valid_3 took 2.157 sec
    [junit] Testcase: ConstrainedList_Valid_5 took 0.437 sec
    [junit] Testcase: ConstrainedList_Valid_9 took 0.648 sec
    [junit] Testcase: RealSub_Valid_1 took 0.326 sec
    [junit] Testcase: RealSub_Valid_2 took 0.531 sec
    [junit] Testcase: RealSub_Valid_3 took 0.229 sec
    [junit] Testcase: FunctionRef_Valid_1 took 0.239 sec
    [junit] Testcase: FunctionRef_Valid_3 took 0.251 sec
    [junit] Testcase: FunctionRef_Valid_5 took 0.374 sec
    [junit] Testcase: FunctionRef_Valid_6 took 0.36 sec
    [junit] Testcase: FunctionRef_Valid_7 took 0.569 sec
    [junit] Testcase: FunctionRef_Valid_8 took 0.984 sec
    [junit] Testcase: FunctionRef_Valid_9 took 0.512 sec
    [junit] Testcase: RecordConversion_Valid_1 took 0.425 sec
    [junit] Testcase: Ensures_Valid_1 took 0.237 sec
    [junit] Testcase: Ensures_Valid_2 took 0.305 sec
    [junit] Testcase: Ensures_Valid_4 took 0.242 sec
    [junit] Testcase: Ensures_Valid_5 took 0.438 sec
    [junit] Testcase: Ensures_Valid_7 took 0.559 sec
    [junit] Testcase: Ensures_Valid_8 took 0.402 sec
    [junit] Testcase: Function_Valid_1 took 0.322 sec
    [junit] Testcase: Function_Valid_2 took 0.363 sec
    [junit] Testcase: Function_Valid_3 took 0.41 sec
    [junit] Testcase: Function_Valid_4 took 0.304 sec
    [junit] Testcase: Function_Valid_5 took 0.314 sec
    [junit] Testcase: Function_Valid_6 took 34.321 sec
    [junit] Testcase: Function_Valid_7 took 1.038 sec
    [junit] Testcase: Function_Valid_8 took 31.972 sec
    [junit] Testcase: Function_Valid_9 took 0.936 sec
    [junit] Testcase: OpenRecord_Valid_1 took 0.364 sec
    [junit] Testcase: OpenRecord_Valid_2 took 0.3 sec
    [junit] Testcase: OpenRecord_Valid_3 took 0.368 sec
    [junit] Testcase: OpenRecord_Valid_4 took 0.454 sec
    [junit] Testcase: OpenRecord_Valid_5 took 0.453 sec
    [junit] Testcase: OpenRecord_Valid_6 took 0.32 sec
    [junit] Testcase: OpenRecord_Valid_7 took 0.281 sec
    [junit] Testcase: OpenRecord_Valid_8 took 0.307 sec
    [junit] Testcase: OpenRecord_Valid_9 took 0.291 sec
    [junit] Testcase: ListEquals_Valid_1 took 0.479 sec
    [junit] Testcase: Constant_Valid_3 took 0.274 sec
    [junit] Testcase: UnionType_Valid_1 took 0.36 sec
    [junit] Testcase: UnionType_Valid_3 took 0.292 sec
    [junit] Testcase: UnionType_Valid_4 took 0.257 sec
    [junit] Testcase: UnionType_Valid_5 took 0.268 sec
    [junit] Testcase: UnionType_Valid_6 took 0.34 sec
    [junit] Testcase: UnionType_Valid_7 took 0.331 sec
    [junit] Testcase: UnionType_Valid_8 took 0.371 sec
    [junit] Testcase: UnionType_Valid_9 took 0.307 sec
    [junit] Testcase: ListAssign_Valid_11 took 0.37 sec
    [junit] Testcase: MethodRef_Valid_1 took 0.286 sec
    [junit] Testcase: MethodRef_Valid_2 took 0.297 sec
    [junit] Testcase: Lambda_Valid_1 took 0.271 sec
    [junit] Testcase: Lambda_Valid_2 took 0.303 sec
    [junit] Testcase: Lambda_Valid_5 took 0.31 sec
    [junit] Testcase: Lambda_Valid_6 took 0.313 sec
    [junit] Testcase: Lambda_Valid_8 took 0.382 sec
    [junit] Testcase: Real_Valid_1 took 0.351 sec
    [junit] Testcase: IntDefine_Valid_1 took 0.301 sec
    [junit] Testcase: IntDefine_Valid_2 took 0.324 sec
    [junit] Testcase: Cast_Valid_1 took 0.259 sec
    [junit] Testcase: Cast_Valid_2 took 0.303 sec
    [junit] Testcase: Cast_Valid_3 took 0.289 sec
    [junit] Testcase: Cast_Valid_4 took 0.323 sec
    [junit] Testcase: Cast_Valid_6 took 0.291 sec
    [junit] Testcase: IntMul_Valid_1 took 0.324 sec
    [junit] Testcase: IntMul_Valid_2 took 0.345 sec
    [junit] Testcase: Remainder_Valid_1 took 0.273 sec
    [junit] Testcase: MessageRef_Valid_1 took 0.348 sec
    [junit] Testcase: MessageRef_Valid_2 took 0.328 sec
    [junit] Testcase: BoolAssign_Valid_1 took 0.221 sec
    [junit] Testcase: BoolAssign_Valid_2 took 0.466 sec
    [junit] Testcase: BoolAssign_Valid_3 took 0.302 sec
    [junit] Testcase: BoolAssign_Valid_4 took 0.253 sec
    [junit] Testcase: BoolAssign_Valid_5 took 0.357 sec
    [junit] Testcase: BoolAssign_Valid_6 took 0.348 sec
    [junit] Testcase: RecursiveType_Valid_1 took 0.327 sec
    [junit] Testcase: RecursiveType_Valid_6 took 0.211 sec
    [junit] Testcase: RecursiveType_Valid_8 took 0.321 sec
    [junit] Testcase: RecursiveType_Valid_9 took 0.261 sec
    [junit] Testcase: RecordAssign_Valid_10 took 0.258 sec
    [junit] Testcase: IntEquals_Valid_1 took 0.233 sec
    [junit] Testcase: Contractive_Valid_2 took 0.3 sec
    [junit] Testcase: String_Valid_1 took 0.319 sec
    [junit] Testcase: String_Valid_2 took 0.334 sec
    [junit] Testcase: String_Valid_3 took 0.378 sec
    [junit] Testcase: String_Valid_4 took 0.365 sec
    [junit] Testcase: String_Valid_5 took 0.394 sec
    [junit] Testcase: String_Valid_6 took 1.733 sec
    [junit] Testcase: Switch_Valid_1 took 0.305 sec
    [junit] Testcase: Switch_Valid_2 took 0.295 sec
    [junit] Testcase: Switch_Valid_3 took 0.259 sec
    [junit] Testcase: Switch_Valid_4 took 0.256 sec
    [junit] Testcase: Switch_Valid_5 took 0.37 sec
    [junit] Testcase: Switch_Valid_6 took 0.255 sec
    [junit] Testcase: Switch_Valid_7 took 0.235 sec
    [junit] Testcase: Switch_Valid_8 took 0.273 sec
    [junit] Testcase: Switch_Valid_9 took 0.266 sec
    [junit] Testcase: SingleLineComment_Valid_1 took 0.294 sec
    [junit] Testcase: ProcessAccess_Valid_1 took 0.268 sec
    [junit] Testcase: ProcessAccess_Valid_2 took 0.332 sec
    [junit] Testcase: IntDiv_Valid_1 took 0.256 sec
    [junit] Testcase: IntDiv_Valid_4 took 0.299 sec
    [junit] Testcase: IntDiv_Valid_5 took 0.427 sec
    [junit] Testcase: ConstrainedInt_Valid_10 took 0.552 sec
    [junit] Testcase: ConstrainedInt_Valid_12 took 0.363 sec
    [junit] Testcase: ConstrainedInt_Valid_13 took 0.342 sec
    [junit] Testcase: ConstrainedInt_Valid_15 took 0.317 sec
    [junit] Testcase: ConstrainedInt_Valid_16 took 3.085 sec
    [junit] Testcase: ConstrainedInt_Valid_17 took 0.253 sec
    [junit] Testcase: ConstrainedInt_Valid_18 took 0.258 sec
    [junit] Testcase: ConstrainedInt_Valid_19 took 0.267 sec
    [junit] Testcase: ConstrainedInt_Valid_20 took 0.236 sec
    [junit] Testcase: ConstrainedInt_Valid_21 took 0.231 sec
    [junit] Testcase: ConstrainedInt_Valid_23 took 0.235 sec
    [junit] Testcase: ConstrainedInt_Valid_24 took 0.352 sec
    [junit] Testcase: ConstrainedUnion_Valid_1 took 0.277 sec
    [junit] Testcase: ListAssign_Valid_2 took 0.28 sec
    [junit] Testcase: ListAssign_Valid_3 took 0.277 sec
    [junit] Testcase: ListAssign_Valid_4 took 0.343 sec
    [junit] Testcase: ListAssign_Valid_5 took 1.511 sec
    [junit] Testcase: ListAssign_Valid_7 took 0.318 sec
    [junit] Testcase: ListAssign_Valid_8 took 0.293 sec
    [junit] Testcase: ListAssign_Valid_9 took 0.298 sec
    [junit] Testcase: Assume_Valid_1 took 0.306 sec
    [junit] Testcase: Assume_Valid_2 took 0.307 sec

test:

test:

BUILD SUCCESSFUL
Total time: 11 minutes 55 seconds

travis_time:end:0bb222d6:start=1643479686909398151,finish=1643480402345874786,duration=715436476635[0K
[32;1mThe command "ant build-all test-all" exited with 0.[0m

Done. Your build exited with 0.
