travis_fold:start:system_info[0K[33;1mBuild system information[0m
Build language: java
Build group: stable
Build dist: precise
Build id: ''
Job id: ''
[34m[1mBuild image provisioning date and time[0m
Thu Feb  5 15:09:33 UTC 2015
[34m[1mOperating System Details[0m
Distributor ID:	Ubuntu
Description:	Ubuntu 12.04.5 LTS
Release:	12.04
Codename:	precise
[34m[1mLinux Version[0m
3.13.0-29-generic
[34m[1mCookbooks Version[0m
a68419e https://github.com/travis-ci/travis-cookbooks/tree/a68419e
[34m[1mGCC version[0m
gcc (Ubuntu/Linaro 4.6.3-1ubuntu5) 4.6.3
Copyright (C) 2011 Free Software Foundation, Inc.
This is free software; see the source for copying conditions.  There is NO
warranty; not even for MERCHANTABILITY or FITNESS FOR A PARTICULAR PURPOSE.

[34m[1mLLVM version[0m
clang version 3.4 (tags/RELEASE_34/final)
Target: x86_64-unknown-linux-gnu
Thread model: posix
[34m[1mPre-installed Ruby versions[0m
ruby-1.9.3-p551
[34m[1mPre-installed Node.js versions[0m
v0.10.36
[34m[1mPre-installed Go versions[0m
1.4.1
[34m[1mRedis version[0m
redis-server 2.8.19
[34m[1mriak version[0m
2.0.2
[34m[1mMongoDB version[0m
MongoDB 2.4.12
[34m[1mCouchDB version[0m
couchdb 1.6.1
[34m[1mNeo4j version[0m
1.9.4
[34m[1mRabbitMQ Version[0m
3.4.3
[34m[1mElasticSearch version[0m
1.4.0
[34m[1mInstalled Sphinx versions[0m
2.0.10
2.1.9
2.2.6
[34m[1mDefault Sphinx version[0m
2.2.6
[34m[1mInstalled Firefox version[0m
firefox 31.0esr
[34m[1mPhantomJS version[0m
1.9.8
[34m[1mant -version[0m
Apache Ant(TM) version 1.8.2 compiled on December 3 2011
[34m[1mmvn -version[0m
Apache Maven 3.2.5 (12a6b3acb947671f09b81f49094c53f426d8cea1; 2014-12-14T17:29:23+00:00)
Maven home: /usr/local/maven
Java version: 1.7.0_76, vendor: Oracle Corporation
Java home: /usr/lib/jvm/java-7-oracle/jre
Default locale: en_US, platform encoding: ANSI_X3.4-1968
OS name: "linux", version: "3.13.0-29-generic", arch: "amd64", family: "unix"
travis_fold:end:system_info[0K
W: Failed to fetch http://apt.postgresql.org/pub/repos/apt/dists/precise-pgdg/main/binary-amd64/Packages  404  Not Found [IP: 72.32.157.246 80]

W: Failed to fetch http://apt.postgresql.org/pub/repos/apt/dists/precise-pgdg/main/binary-i386/Packages  404  Not Found [IP: 72.32.157.246 80]

W: Failed to fetch http://us.archive.ubuntu.com/ubuntu/dists/precise/main/source/Sources  404  Not Found [IP: 91.189.91.39 80]

W: Failed to fetch http://us.archive.ubuntu.com/ubuntu/dists/precise/restricted/source/Sources  404  Not Found [IP: 91.189.91.39 80]

W: Failed to fetch http://us.archive.ubuntu.com/ubuntu/dists/precise/universe/source/Sources  404  Not Found [IP: 91.189.91.39 80]

W: Failed to fetch http://us.archive.ubuntu.com/ubuntu/dists/precise/multiverse/source/Sources  404  Not Found [IP: 91.189.91.39 80]

W: Failed to fetch http://us.archive.ubuntu.com/ubuntu/dists/precise/main/binary-amd64/Packages  404  Not Found [IP: 91.189.91.39 80]

W: Failed to fetch http://us.archive.ubuntu.com/ubuntu/dists/precise/restricted/binary-amd64/Packages  404  Not Found [IP: 91.189.91.39 80]

W: Failed to fetch http://us.archive.ubuntu.com/ubuntu/dists/precise/universe/binary-amd64/Packages  404  Not Found [IP: 91.189.91.39 80]

W: Failed to fetch http://us.archive.ubuntu.com/ubuntu/dists/precise/multiverse/binary-amd64/Packages  404  Not Found [IP: 91.189.91.39 80]

W: Failed to fetch http://us.archive.ubuntu.com/ubuntu/dists/precise/main/binary-i386/Packages  404  Not Found [IP: 91.189.91.39 80]

W: Failed to fetch http://us.archive.ubuntu.com/ubuntu/dists/precise/restricted/binary-i386/Packages  404  Not Found [IP: 91.189.91.39 80]

W: Failed to fetch http://us.archive.ubuntu.com/ubuntu/dists/precise/universe/binary-i386/Packages  404  Not Found [IP: 91.189.91.39 80]

W: Failed to fetch http://us.archive.ubuntu.com/ubuntu/dists/precise/multiverse/binary-i386/Packages  404  Not Found [IP: 91.189.91.39 80]

W: Failed to fetch http://us.archive.ubuntu.com/ubuntu/dists/precise-updates/main/source/Sources  404  Not Found [IP: 91.189.91.39 80]

W: Failed to fetch http://us.archive.ubuntu.com/ubuntu/dists/precise-updates/restricted/source/Sources  404  Not Found [IP: 91.189.91.39 80]

W: Failed to fetch http://us.archive.ubuntu.com/ubuntu/dists/precise-updates/universe/source/Sources  404  Not Found [IP: 91.189.91.39 80]

W: Failed to fetch http://us.archive.ubuntu.com/ubuntu/dists/precise-updates/multiverse/source/Sources  404  Not Found [IP: 91.189.91.39 80]

W: Failed to fetch http://us.archive.ubuntu.com/ubuntu/dists/precise-updates/main/binary-amd64/Packages  404  Not Found [IP: 91.189.91.39 80]

W: Failed to fetch http://us.archive.ubuntu.com/ubuntu/dists/precise-updates/restricted/binary-amd64/Packages  404  Not Found [IP: 91.189.91.39 80]

W: Failed to fetch http://us.archive.ubuntu.com/ubuntu/dists/precise-updates/universe/binary-amd64/Packages  404  Not Found [IP: 91.189.91.39 80]

W: Failed to fetch http://us.archive.ubuntu.com/ubuntu/dists/precise-updates/multiverse/binary-amd64/Packages  404  Not Found [IP: 91.189.91.39 80]

W: Failed to fetch http://us.archive.ubuntu.com/ubuntu/dists/precise-updates/main/binary-i386/Packages  404  Not Found [IP: 91.189.91.39 80]

W: Failed to fetch http://us.archive.ubuntu.com/ubuntu/dists/precise-updates/restricted/binary-i386/Packages  404  Not Found [IP: 91.189.91.39 80]

W: Failed to fetch http://us.archive.ubuntu.com/ubuntu/dists/precise-updates/universe/binary-i386/Packages  404  Not Found [IP: 91.189.91.39 80]

W: Failed to fetch http://us.archive.ubuntu.com/ubuntu/dists/precise-updates/multiverse/binary-i386/Packages  404  Not Found [IP: 91.189.91.39 80]

W: Failed to fetch http://us.archive.ubuntu.com/ubuntu/dists/precise-backports/main/source/Sources  404  Not Found [IP: 91.189.91.39 80]

W: Failed to fetch http://us.archive.ubuntu.com/ubuntu/dists/precise-backports/restricted/source/Sources  404  Not Found [IP: 91.189.91.39 80]

W: Failed to fetch http://us.archive.ubuntu.com/ubuntu/dists/precise-backports/universe/source/Sources  404  Not Found [IP: 91.189.91.39 80]

W: Failed to fetch http://us.archive.ubuntu.com/ubuntu/dists/precise-backports/multiverse/source/Sources  404  Not Found [IP: 91.189.91.39 80]

W: Failed to fetch http://us.archive.ubuntu.com/ubuntu/dists/precise-backports/main/binary-amd64/Packages  404  Not Found [IP: 91.189.91.39 80]

W: Failed to fetch http://us.archive.ubuntu.com/ubuntu/dists/precise-backports/restricted/binary-amd64/Packages  404  Not Found [IP: 91.189.91.39 80]

W: Failed to fetch http://us.archive.ubuntu.com/ubuntu/dists/precise-backports/universe/binary-amd64/Packages  404  Not Found [IP: 91.189.91.39 80]

W: Failed to fetch http://us.archive.ubuntu.com/ubuntu/dists/precise-backports/multiverse/binary-amd64/Packages  404  Not Found [IP: 91.189.91.39 80]

W: Failed to fetch http://us.archive.ubuntu.com/ubuntu/dists/precise-backports/main/binary-i386/Packages  404  Not Found [IP: 91.189.91.39 80]

W: Failed to fetch http://us.archive.ubuntu.com/ubuntu/dists/precise-backports/restricted/binary-i386/Packages  404  Not Found [IP: 91.189.91.39 80]

W: Failed to fetch http://us.archive.ubuntu.com/ubuntu/dists/precise-backports/universe/binary-i386/Packages  404  Not Found [IP: 91.189.91.39 80]

W: Failed to fetch http://us.archive.ubuntu.com/ubuntu/dists/precise-backports/multiverse/binary-i386/Packages  404  Not Found [IP: 91.189.91.39 80]

W: Failed to fetch http://security.ubuntu.com/ubuntu/dists/precise-security/main/source/Sources  404  Not Found [IP: 91.189.88.142 80]

W: Failed to fetch http://security.ubuntu.com/ubuntu/dists/precise-security/restricted/source/Sources  404  Not Found [IP: 91.189.88.142 80]

W: Failed to fetch http://security.ubuntu.com/ubuntu/dists/precise-security/universe/source/Sources  404  Not Found [IP: 91.189.88.142 80]

W: Failed to fetch http://security.ubuntu.com/ubuntu/dists/precise-security/multiverse/source/Sources  404  Not Found [IP: 91.189.88.142 80]

W: Failed to fetch http://security.ubuntu.com/ubuntu/dists/precise-security/main/binary-amd64/Packages  404  Not Found [IP: 91.189.88.142 80]

W: Failed to fetch http://security.ubuntu.com/ubuntu/dists/precise-security/restricted/binary-amd64/Packages  404  Not Found [IP: 91.189.88.142 80]

W: Failed to fetch http://security.ubuntu.com/ubuntu/dists/precise-security/universe/binary-amd64/Packages  404  Not Found [IP: 91.189.88.142 80]

W: Failed to fetch http://security.ubuntu.com/ubuntu/dists/precise-security/multiverse/binary-amd64/Packages  404  Not Found [IP: 91.189.88.142 80]

W: Failed to fetch http://security.ubuntu.com/ubuntu/dists/precise-security/main/binary-i386/Packages  404  Not Found [IP: 91.189.88.142 80]

W: Failed to fetch http://security.ubuntu.com/ubuntu/dists/precise-security/restricted/binary-i386/Packages  404  Not Found [IP: 91.189.88.142 80]

W: Failed to fetch http://security.ubuntu.com/ubuntu/dists/precise-security/universe/binary-i386/Packages  404  Not Found [IP: 91.189.88.142 80]

W: Failed to fetch http://security.ubuntu.com/ubuntu/dists/precise-security/multiverse/binary-i386/Packages  404  Not Found [IP: 91.189.88.142 80]

W: Failed to fetch http://ppa.launchpad.net/rwky/ppa/ubuntu/dists/precise/main/binary-amd64/Packages  403  Forbidden

W: Failed to fetch http://ppa.launchpad.net/rwky/ppa/ubuntu/dists/precise/main/binary-i386/Packages  403  Forbidden

W: Failed to fetch http://ppa.launchpad.net/travis-ci/zero-mq/ubuntu/dists/precise/main/binary-amd64/Packages  403  Forbidden

W: Failed to fetch http://ppa.launchpad.net/travis-ci/zero-mq/ubuntu/dists/precise/main/binary-i386/Packages  403  Forbidden

W: Failed to fetch http://downloads-distro.mongodb.org/repo/debian-sysvinit/dists/dist/10gen/binary-amd64/Packages  Undetermined Error [IP: 54.175.147.155 80]

W: Failed to fetch http://downloads-distro.mongodb.org/repo/debian-sysvinit/dists/dist/10gen/binary-i386/Packages  Undetermined Error [IP: 54.175.147.155 80]

E: Some index files failed to download. They have been ignored, or old ones used instead.
sed: cannot rename /etc/hosts: Device or resource busy
sed: cannot rename /etc/hosts: Device or resource busy
$ jdk_switcher use oraclejdk8
Switching to Oracle JDK8 (java-8-oracle), JAVA_HOME will be set to /usr/lib/jvm/java-8-oracle
$ cd passed/winder/Universal-G-Code-Sender
$ java -Xmx32m -version
java version "1.8.0_31"
Java(TM) SE Runtime Environment (build 1.8.0_31-b13)
Java HotSpot(TM) 64-Bit Server VM (build 25.31-b07, mixed mode)
$ javac -J-Xmx32m -version
javac 1.8.0_31
travis_fold:start:install[0Ktravis_time:start:07cfc100[0K$ mvn -o install -Dhttps.protocols=TLSv1.2 -DskipTests=true -Dmaven.javadoc.skip=true -B -V
Java HotSpot(TM) 64-Bit Server VM warning: ignoring option MaxPermSize=192m; support was removed in 8.0
Apache Maven 3.2.5 (12a6b3acb947671f09b81f49094c53f426d8cea1; 2014-12-14T17:29:23+00:00)
Maven home: /usr/local/maven
Java version: 1.8.0_31, vendor: Oracle Corporation
Java home: /usr/lib/jvm/java-8-oracle/jre
Default locale: en_US, platform encoding: UTF-8
OS name: "linux", version: "4.15.0-109-generic", arch: "amd64", family: "unix"
[INFO] Scanning for projects...
[INFO]                                                                         
[INFO] ------------------------------------------------------------------------
[INFO] Building UGS 2.0
[INFO] ------------------------------------------------------------------------
[INFO] 
[INFO] --- jacoco-maven-plugin:0.7.5.201505241946:prepare-agent (default) @ UGS ---
[INFO] argLine set to -javaagent:/home/travis/.m2/repository/org/jacoco/org.jacoco.agent/0.7.5.201505241946/org.jacoco.agent-0.7.5.201505241946-runtime.jar=destfile=/home/travis/build/passed/winder/Universal-G-Code-Sender/target/jacoco.exec
[INFO] 
[INFO] --- maven-resources-plugin:2.6:resources (default-resources) @ UGS ---
[INFO] Using 'UTF-8' encoding to copy filtered resources.
[INFO] Copying 30 resources
[INFO] Copying 1 resource
[INFO] 
[INFO] --- maven-compiler-plugin:3.1:compile (default-compile) @ UGS ---
[INFO] Nothing to compile - all classes are up to date
[INFO] 
[INFO] --- maven-resources-plugin:2.6:testResources (default-testResources) @ UGS ---
[INFO] Using 'UTF-8' encoding to copy filtered resources.
[INFO] skip non existing resourceDirectory /home/travis/build/passed/winder/Universal-G-Code-Sender/src/test/resources
[INFO] 
[INFO] --- maven-compiler-plugin:3.1:testCompile (default-testCompile) @ UGS ---
[INFO] Nothing to compile - all classes are up to date
[INFO] 
[INFO] --- maven-surefire-plugin:2.12.4:test (default-test) @ UGS ---
[INFO] Tests are skipped.
[INFO] 
[INFO] --- jacoco-maven-plugin:0.7.5.201505241946:report (report) @ UGS ---
[INFO] Analyzed bundle 'UGS' with 167 classes
[INFO] 
[INFO] --- maven-jar-plugin:2.5:jar (default-jar) @ UGS ---
[INFO] Building jar: /home/travis/build/passed/winder/Universal-G-Code-Sender/target/UGS-2.0.jar
[INFO] 
[INFO] --- maven-shade-plugin:2.4.1:shade (default) @ UGS ---
[INFO] Including net.glxn:qrgen:jar:1.3 in the shaded jar.
[INFO] Including org.jogamp.gluegen:gluegen-rt-main:jar:2.3.2 in the shaded jar.
[INFO] Including org.jogamp.gluegen:gluegen-rt:jar:2.3.2 in the shaded jar.
[INFO] Excluding org.jogamp.gluegen:gluegen-rt:jar:natives-android-aarch64:2.3.2 from the shaded jar.
[INFO] Excluding org.jogamp.gluegen:gluegen-rt:jar:natives-android-armv6:2.3.2 from the shaded jar.
[INFO] Excluding org.jogamp.gluegen:gluegen-rt:jar:natives-linux-amd64:2.3.2 from the shaded jar.
[INFO] Excluding org.jogamp.gluegen:gluegen-rt:jar:natives-linux-armv6:2.3.2 from the shaded jar.
[INFO] Excluding org.jogamp.gluegen:gluegen-rt:jar:natives-linux-armv6hf:2.3.2 from the shaded jar.
[INFO] Excluding org.jogamp.gluegen:gluegen-rt:jar:natives-linux-i586:2.3.2 from the shaded jar.
[INFO] Excluding org.jogamp.gluegen:gluegen-rt:jar:natives-macosx-universal:2.3.2 from the shaded jar.
[INFO] Excluding org.jogamp.gluegen:gluegen-rt:jar:natives-solaris-amd64:2.3.2 from the shaded jar.
[INFO] Excluding org.jogamp.gluegen:gluegen-rt:jar:natives-solaris-i586:2.3.2 from the shaded jar.
[INFO] Excluding org.jogamp.gluegen:gluegen-rt:jar:natives-windows-amd64:2.3.2 from the shaded jar.
[INFO] Excluding org.jogamp.gluegen:gluegen-rt:jar:natives-windows-i586:2.3.2 from the shaded jar.
[INFO] Including org.jogamp.jogl:jogl-all-main:jar:2.3.2 in the shaded jar.
[INFO] Including org.jogamp.jogl:jogl-all:jar:2.3.2 in the shaded jar.
[INFO] Excluding org.jogamp.jogl:jogl-all:jar:natives-android-aarch64:2.3.2 from the shaded jar.
[INFO] Excluding org.jogamp.jogl:jogl-all:jar:natives-android-armv6:2.3.2 from the shaded jar.
[INFO] Excluding org.jogamp.jogl:jogl-all:jar:natives-linux-amd64:2.3.2 from the shaded jar.
[INFO] Excluding org.jogamp.jogl:jogl-all:jar:natives-linux-armv6:2.3.2 from the shaded jar.
[INFO] Excluding org.jogamp.jogl:jogl-all:jar:natives-linux-armv6hf:2.3.2 from the shaded jar.
[INFO] Excluding org.jogamp.jogl:jogl-all:jar:natives-linux-i586:2.3.2 from the shaded jar.
[INFO] Excluding org.jogamp.jogl:jogl-all:jar:natives-macosx-universal:2.3.2 from the shaded jar.
[INFO] Excluding org.jogamp.jogl:jogl-all:jar:natives-solaris-amd64:2.3.2 from the shaded jar.
[INFO] Excluding org.jogamp.jogl:jogl-all:jar:natives-solaris-i586:2.3.2 from the shaded jar.
[INFO] Excluding org.jogamp.jogl:jogl-all:jar:natives-windows-amd64:2.3.2 from the shaded jar.
[INFO] Excluding org.jogamp.jogl:jogl-all:jar:natives-windows-i586:2.3.2 from the shaded jar.
[INFO] Including javax.vecmath:vecmath:jar:1.5.2 in the shaded jar.
[INFO] Including javax.media:jmf:jar:2.1.1e in the shaded jar.
[INFO] Including org.swinglabs:swing-layout:jar:1.0.3 in the shaded jar.
[INFO] Including org.eclipse.jetty:jetty-server:jar:8.1.16.v20140903 in the shaded jar.
[INFO] Including org.eclipse.jetty.orbit:javax.servlet:jar:3.0.0.v201112011016 in the shaded jar.
[INFO] Including org.eclipse.jetty:jetty-continuation:jar:8.1.16.v20140903 in the shaded jar.
[INFO] Including org.eclipse.jetty:jetty-http:jar:8.1.16.v20140903 in the shaded jar.
[INFO] Including org.eclipse.jetty:jetty-io:jar:8.1.16.v20140903 in the shaded jar.
[INFO] Including org.eclipse.jetty:jetty-util:jar:8.1.16.v20140903 in the shaded jar.
[INFO] Including com.google.code.gson:gson:jar:2.2.4 in the shaded jar.
[INFO] Including org.apache.commons:commons-lang3:jar:3.3.1 in the shaded jar.
[INFO] Including org.scream3r:jssc:jar:2.8.0 in the shaded jar.
[INFO] Including com.google.zxing:javase:jar:3.2.0 in the shaded jar.
[INFO] Including com.google.zxing:core:jar:3.2.0 in the shaded jar.
[INFO] Including com.google.guava:guava:jar:19.0 in the shaded jar.
[INFO] Including commons-io:commons-io:jar:2.4 in the shaded jar.
[INFO] Replacing /home/travis/build/passed/winder/Universal-G-Code-Sender/target/UniversalGcodeSender.jar with /home/travis/build/passed/winder/Universal-G-Code-Sender/target/UGS-2.0-shaded.jar
[INFO] 
[INFO] --- maven-install-plugin:2.4:install (default-install) @ UGS ---
[INFO] Installing /home/travis/build/passed/winder/Universal-G-Code-Sender/target/UGS-2.0.jar to /home/travis/.m2/repository/com/willwinder/universalgcodesender/UGS/2.0/UGS-2.0.jar
[INFO] Installing /home/travis/build/passed/winder/Universal-G-Code-Sender/pom.xml to /home/travis/.m2/repository/com/willwinder/universalgcodesender/UGS/2.0/UGS-2.0.pom
[INFO] ------------------------------------------------------------------------
[INFO] BUILD SUCCESS
[INFO] ------------------------------------------------------------------------
[INFO] Total time: 28.405 s
[INFO] Finished at: 2022-01-30T13:05:58+00:00
[INFO] Final Memory: 25M/331M
[INFO] ------------------------------------------------------------------------

travis_time:end:07cfc100:start=1643547929169770998,finish=1643547958971443023,duration=29801672025[0Ktravis_fold:end:install[0Ktravis_fold:start:before_script[0Ktravis_time:start:0220fc50[0K$ pip install --user codecov
Requirement already satisfied (use --upgrade to upgrade): codecov in /home/travis/.local/lib/python2.7/site-packages
Requirement already satisfied (use --upgrade to upgrade): coverage in /home/travis/.local/lib/python2.7/site-packages (from codecov)
Requirement already satisfied (use --upgrade to upgrade): requests>=2.7.9 in /home/travis/.local/lib/python2.7/site-packages (from codecov)
Requirement already satisfied (use --upgrade to upgrade): idna<3,>=2.5 in /home/travis/.local/lib/python2.7/site-packages (from requests>=2.7.9->codecov)
Requirement already satisfied (use --upgrade to upgrade): certifi>=2017.4.17 in /home/travis/.local/lib/python2.7/site-packages (from requests>=2.7.9->codecov)
Requirement already satisfied (use --upgrade to upgrade): urllib3!=1.25.0,!=1.25.1,<1.26,>=1.21.1 in /home/travis/.local/lib/python2.7/site-packages (from requests>=2.7.9->codecov)
Requirement already satisfied (use --upgrade to upgrade): chardet<4,>=3.0.2 in /home/travis/.local/lib/python2.7/site-packages (from requests>=2.7.9->codecov)

travis_time:end:0220fc50:start=1643547958980346290,finish=1643547961373758365,duration=2393412075[0Ktravis_fold:end:before_script[0Ktravis_time:start:09f86a38[0K$ mvn test -Dhttps.protocols=TLSv1.2 -B
Java HotSpot(TM) 64-Bit Server VM warning: ignoring option MaxPermSize=192m; support was removed in 8.0
[INFO] Scanning for projects...
[INFO]                                                                         
[INFO] ------------------------------------------------------------------------
[INFO] Building UGS 2.0
[INFO] ------------------------------------------------------------------------
[INFO] 
[INFO] --- jacoco-maven-plugin:0.7.5.201505241946:prepare-agent (default) @ UGS ---
[INFO] argLine set to -javaagent:/home/travis/.m2/repository/org/jacoco/org.jacoco.agent/0.7.5.201505241946/org.jacoco.agent-0.7.5.201505241946-runtime.jar=destfile=/home/travis/build/passed/winder/Universal-G-Code-Sender/target/jacoco.exec
[INFO] 
[INFO] --- maven-resources-plugin:2.6:resources (default-resources) @ UGS ---
[INFO] Using 'UTF-8' encoding to copy filtered resources.
[INFO] Copying 30 resources
[INFO] Copying 1 resource
[INFO] 
[INFO] --- maven-compiler-plugin:3.1:compile (default-compile) @ UGS ---
[INFO] Nothing to compile - all classes are up to date
[INFO] 
[INFO] --- maven-resources-plugin:2.6:testResources (default-testResources) @ UGS ---
[INFO] Using 'UTF-8' encoding to copy filtered resources.
[INFO] skip non existing resourceDirectory /home/travis/build/passed/winder/Universal-G-Code-Sender/src/test/resources
[INFO] 
[INFO] --- maven-compiler-plugin:3.1:testCompile (default-testCompile) @ UGS ---
[INFO] Nothing to compile - all classes are up to date
[INFO] 
[INFO] --- maven-surefire-plugin:2.12.4:test (default-test) @ UGS ---
[INFO] Surefire report directory: /home/travis/build/passed/winder/Universal-G-Code-Sender/target/surefire-reports

-------------------------------------------------------
 T E S T S
-------------------------------------------------------
Running com.willwinder.universalgcodesender.AbstractControllerTest
commandSent
queueStream
rawResponseHandler
-N/A Abstract Function-
rowsStatExceptions
queueStream
isStreamingFile
queueCommands
commandComplete
commandSent
softReset
-N/A Implementation Specific Function-
queueStream
beginStreaming
-Covered by testQueueCommands-
getSendDuration
resetCoordinatesToZero
-N/A Implementation Specific Function-
queueCommands
performHomingCycle
-N/A Implementation Specific Function-
viewParserState
-N/A Implementation Specific Function-
queueStream
getCommandCreator
issueSoftReset
-N/A Implementation Specific Function-
statusUpdatesRateValueChanged
-N/A Abstract Function-
resetCoordinateToZero
-N/A Implementation Specific Function-
queueCommand
toggleCheckMode
-N/A Implementation Specific Function-
returnToHome
-N/A Implementation Specific Function-
killAlarmLock
-N/A Implementation Specific Function-
statusUpdatesEnabledValueChanged
-N/A Abstract Function-
Tests run: 33, Failures: 0, Errors: 0, Skipped: 9, Time elapsed: 3.552 sec
Running com.willwinder.universalgcodesender.BufferedCommunicatorTest
closeCommPort
pauseSend
streamCommands
openCommPort
getBufferSize
processedCommand
-N/A for abstract class-
sendingCommand
-N/A for abstract class-
areActiveCommands
cancelSend
responseMessage
sendByteImmediately
queueStringForComm
Tests run: 15, Failures: 0, Errors: 0, Skipped: 1, Time elapsed: 0.002 sec
Running com.willwinder.universalgcodesender.CommUtilsTest
checkRoomInBuffer
getSizeOfBuffer
Tests run: 3, Failures: 0, Errors: 0, Skipped: 0, Time elapsed: 0.001 sec
Running com.willwinder.universalgcodesender.GcodePreprocessorUtilsTest
removeAllWhitespace
parseCodes
overrideSpeed
removeComment
parseComment
truncateDecimals
Tests run: 6, Failures: 0, Errors: 0, Skipped: 0, Time elapsed: 0.001 sec
Running com.willwinder.universalgcodesender.GrblCommunicatorTest
closeCommPort
-not testing RXTX.
softReset
openCommPort
-not testing RXTX.
pauseSend
streamCommands
areActiveCommands
cancelSend
sendByteImmediately
queueStringForComm
Tests run: 9, Failures: 0, Errors: 0, Skipped: 0, Time elapsed: 0.007 sec
Running com.willwinder.universalgcodesender.GrblControllerTest
appendGcodeFile
rawResponseListener
closeCommPort/isCommOpen
isStreamingFile
commandComplete
openCommPort/isCommOpen
verboseMessageForConsole
testRowsAsteriskMethods
beginStreaming
messageForConsole
preprocessAndAppendGcodeCommand
resumeStreaming
addListener
getSendDuration
queueStringForComm
performHomingCycle
pauseStreaming
cancelSend
getGrblVersion
issueSoftReset
isReadyToStreamFile
Tests run: 21, Failures: 0, Errors: 0, Skipped: 0, Time elapsed: 6.055 sec
Running com.willwinder.universalgcodesender.GrblUtilsTest
getKillAlarmLockCommand
getVersionDouble
getVersionLetter
isGrblStatusString
getViewParserStateCommand
getGrblStatusCapabilities
getWorkPositionFromStatusString
isRealTimeCapable
isGrblVersionString
getResetCoordCommand
getStateFromStatusString
getMachinePositionFromStatusString
getReturnToHomeCommand
getHomingCommand
getToggleCheckModeCommand
Tests run: 15, Failures: 0, Errors: 0, Skipped: 0, Time elapsed: 0.004 sec
Running com.willwinder.universalgcodesender.UtilsTest
formattedMillis
processFile
timeSince
millisSince
Tests run: 4, Failures: 0, Errors: 0, Skipped: 0, Time elapsed: 0.002 sec
Running com.willwinder.universalgcodesender.model.GUIBackendTest
Tests run: 1, Failures: 0, Errors: 0, Skipped: 1, Time elapsed: 0 sec
Running com.willwinder.universalgcodesender.pendantui.PendantUITest
2022-01-30 13:06:16.962:INFO:oejs.Server:jetty-8.1.16.v20140903
2022-01-30 13:06:17.025:INFO:oejs.AbstractConnector:Started SelectChannelConnector@0.0.0.0:23123
Listening on: http://172.17.0.32:23123
2022-01-30 13:06:17.774:INFO:oejsh.ContextHandler:stopped o.e.j.s.h.ContextHandler{/getSystemState,file:/home/travis/build/passed/winder/Universal-G-Code-Sender/target/classes/resources/pendantUI/}
2022-01-30 13:06:17.774:INFO:oejsh.ContextHandler:stopped o.e.j.s.h.ContextHandler{/adjustManualLocation,file:/home/travis/build/passed/winder/Universal-G-Code-Sender/target/classes/resources/pendantUI/}
2022-01-30 13:06:17.775:INFO:oejsh.ContextHandler:stopped o.e.j.s.h.ContextHandler{/sendGcode,file:/home/travis/build/passed/winder/Universal-G-Code-Sender/target/classes/resources/pendantUI/}
2022-01-30 13:06:17.775:INFO:oejsh.ContextHandler:stopped o.e.j.s.h.ContextHandler{/config,file:/home/travis/build/passed/winder/Universal-G-Code-Sender/target/classes/resources/pendantUI/}
Listening on: http://172.17.0.32:8080
Tests run: 7, Failures: 0, Errors: 0, Skipped: 0, Time elapsed: 1.07 sec
Running com.willwinder.universalgcodesender.uielements.CommandTextAreaTest
Tests run: 3, Failures: 0, Errors: 0, Skipped: 0, Time elapsed: 0.095 sec
Running com.willwinder.universalgcodesender.uielements.LengthLimitedDocumentTest
insertString
Tests run: 1, Failures: 0, Errors: 0, Skipped: 0, Time elapsed: 0.001 sec
Running com.willwinder.universalgcodesender.utils.GcodeStreamTest
Tests run: 1, Failures: 0, Errors: 0, Skipped: 0, Time elapsed: 1.883 sec

Results :

Tests run: 119, Failures: 0, Errors: 0, Skipped: 11

[INFO] 
[INFO] --- jacoco-maven-plugin:0.7.5.201505241946:report (report) @ UGS ---
[INFO] Analyzed bundle 'UGS' with 167 classes
[INFO] ------------------------------------------------------------------------
[INFO] BUILD SUCCESS
[INFO] ------------------------------------------------------------------------
[INFO] Total time: 18.149 s
[INFO] Finished at: 2022-01-30T13:06:20+00:00
[INFO] Final Memory: 14M/336M
[INFO] ------------------------------------------------------------------------

travis_time:end:09f86a38:start=1643547961383040382,finish=1643547981034937605,duration=19651897223[0K
[32;1mThe command "mvn test -Dhttps.protocols=TLSv1.2 -B" exited with 0.[0m
travis_fold:start:after_success.1[0Ktravis_time:start:00e6f5f4[0K$ codecov

      _____          _
     / ____|        | |
    | |     ___   __| | ___  ___ _____   __
    | |    / _ \ / _  |/ _ \/ __/ _ \ \ / /
    | |___| (_) | (_| |  __/ (_| (_) \ V /
     \_____\___/ \____|\___|\___\___/ \_/
                                    v2.1.9

[90m==>[0m Detecting CI provider
    Travis Detected
  -> Got branch from git/hg
  -> Got sha from git/hg
[90m==>[0m Preparing upload
[90m==>[0m Processing gcov (disable by -X gcov)
[90m==>[0m Collecting reports
    [32m+[0m /home/travis/build/passed/winder/Universal-G-Code-Sender/target/site/jacoco/jacoco.xml bytes=736376
[90m==>[0m Appending environment variables
    [32m+[0m TRAVIS_JDK_VERSION
    [32m+[0m TRAVIS_OS_NAME
[90m==>[0m Uploading
    .url https://codecov.io
    .query pr=false&service=travis&package=py2.1.9&branch=master&commit=96f8e890d412b237c4dcd38162aaf1f53f06d63e&slug=winder%2FUniversal-G-Code-Sender
    Gzipping contents..
    Compressed contents to 53331 bytes
    Pinging Codecov...
[41mError:[0m[91m HTTPSConnectionPool(host='codecov.io', port=443): Max retries exceeded with url: /upload/v4?pr=false&service=travis&package=py2.1.9&branch=master&commit=96f8e890d412b237c4dcd38162aaf1f53f06d63e&slug=winder%2FUniversal-G-Code-Sender (Caused by SSLError(CertificateError("hostname 'codecov.io' doesn't match either of 'codecov.com', 'www.codecov.com', 'blog.codecov.com', 'codecove.io', 'www.codecove.io', 'blog.codecove.io'",),))[0m
[42mTip:[0m[32m See an example jdk repo: https://github.com/codecov/example-jdk[0m

travis_time:end:00e6f5f4:start=1643547981045090764,finish=1643547988342120723,duration=7297029959[0Ktravis_fold:end:after_success.1[0Ktravis_fold:start:after_success.2[0Ktravis_time:start:0ce6e00c[0K$ mvn package assembly:assembly -Dhttps.protocols=TLSv1.2
Java HotSpot(TM) 64-Bit Server VM warning: ignoring option MaxPermSize=192m; support was removed in 8.0
[INFO] Scanning for projects...
[INFO]                                                                         
[INFO] ------------------------------------------------------------------------
[INFO] Building UGS 2.0
[INFO] ------------------------------------------------------------------------
[INFO] 
[INFO] --- jacoco-maven-plugin:0.7.5.201505241946:prepare-agent (default) @ UGS ---
[INFO] argLine set to -javaagent:/home/travis/.m2/repository/org/jacoco/org.jacoco.agent/0.7.5.201505241946/org.jacoco.agent-0.7.5.201505241946-runtime.jar=destfile=/home/travis/build/passed/winder/Universal-G-Code-Sender/target/jacoco.exec
[INFO] 
[INFO] --- maven-resources-plugin:2.6:resources (default-resources) @ UGS ---
[INFO] Using 'UTF-8' encoding to copy filtered resources.
[INFO] Copying 30 resources
[INFO] Copying 1 resource
[INFO] 
[INFO] --- maven-compiler-plugin:3.1:compile (default-compile) @ UGS ---
[INFO] Nothing to compile - all classes are up to date
[INFO] 
[INFO] --- maven-resources-plugin:2.6:testResources (default-testResources) @ UGS ---
[INFO] Using 'UTF-8' encoding to copy filtered resources.
[INFO] skip non existing resourceDirectory /home/travis/build/passed/winder/Universal-G-Code-Sender/src/test/resources
[INFO] 
[INFO] --- maven-compiler-plugin:3.1:testCompile (default-testCompile) @ UGS ---
[INFO] Nothing to compile - all classes are up to date
[INFO] 
[INFO] --- maven-surefire-plugin:2.12.4:test (default-test) @ UGS ---
[INFO] Surefire report directory: /home/travis/build/passed/winder/Universal-G-Code-Sender/target/surefire-reports

-------------------------------------------------------
 T E S T S
-------------------------------------------------------
Running com.willwinder.universalgcodesender.AbstractControllerTest
commandSent
queueStream
rawResponseHandler
-N/A Abstract Function-
rowsStatExceptions
queueStream
isStreamingFile
queueCommands
commandComplete
commandSent
softReset
-N/A Implementation Specific Function-
queueStream
beginStreaming
-Covered by testQueueCommands-
getSendDuration
resetCoordinatesToZero
-N/A Implementation Specific Function-
queueCommands
performHomingCycle
-N/A Implementation Specific Function-
viewParserState
-N/A Implementation Specific Function-
queueStream
getCommandCreator
issueSoftReset
-N/A Implementation Specific Function-
statusUpdatesRateValueChanged
-N/A Abstract Function-
resetCoordinateToZero
-N/A Implementation Specific Function-
queueCommand
toggleCheckMode
-N/A Implementation Specific Function-
returnToHome
-N/A Implementation Specific Function-
killAlarmLock
-N/A Implementation Specific Function-
statusUpdatesEnabledValueChanged
-N/A Abstract Function-
Tests run: 33, Failures: 0, Errors: 0, Skipped: 9, Time elapsed: 3.482 sec
Running com.willwinder.universalgcodesender.BufferedCommunicatorTest
closeCommPort
pauseSend
streamCommands
openCommPort
getBufferSize
processedCommand
-N/A for abstract class-
sendingCommand
-N/A for abstract class-
areActiveCommands
cancelSend
responseMessage
sendByteImmediately
queueStringForComm
Tests run: 15, Failures: 0, Errors: 0, Skipped: 1, Time elapsed: 0.072 sec
Running com.willwinder.universalgcodesender.CommUtilsTest
checkRoomInBuffer
getSizeOfBuffer
Tests run: 3, Failures: 0, Errors: 0, Skipped: 0, Time elapsed: 0.001 sec
Running com.willwinder.universalgcodesender.GcodePreprocessorUtilsTest
removeAllWhitespace
parseCodes
overrideSpeed
removeComment
parseComment
truncateDecimals
Tests run: 6, Failures: 0, Errors: 0, Skipped: 0, Time elapsed: 0.028 sec
Running com.willwinder.universalgcodesender.GrblCommunicatorTest
closeCommPort
-not testing RXTX.
softReset
openCommPort
-not testing RXTX.
pauseSend
streamCommands
areActiveCommands
cancelSend
sendByteImmediately
queueStringForComm
Tests run: 9, Failures: 0, Errors: 0, Skipped: 0, Time elapsed: 0.007 sec
Running com.willwinder.universalgcodesender.GrblControllerTest
appendGcodeFile
rawResponseListener
closeCommPort/isCommOpen
isStreamingFile
commandComplete
openCommPort/isCommOpen
verboseMessageForConsole
testRowsAsteriskMethods
beginStreaming
messageForConsole
preprocessAndAppendGcodeCommand
resumeStreaming
addListener
getSendDuration
queueStringForComm
performHomingCycle
pauseStreaming
cancelSend
getGrblVersion
issueSoftReset
isReadyToStreamFile
Tests run: 21, Failures: 0, Errors: 0, Skipped: 0, Time elapsed: 6.044 sec
Running com.willwinder.universalgcodesender.GrblUtilsTest
getKillAlarmLockCommand
getVersionDouble
getVersionLetter
isGrblStatusString
getViewParserStateCommand
getGrblStatusCapabilities
getWorkPositionFromStatusString
isRealTimeCapable
isGrblVersionString
getResetCoordCommand
getStateFromStatusString
getMachinePositionFromStatusString
getReturnToHomeCommand
getHomingCommand
getToggleCheckModeCommand
Tests run: 15, Failures: 0, Errors: 0, Skipped: 0, Time elapsed: 0.005 sec
Running com.willwinder.universalgcodesender.UtilsTest
formattedMillis
processFile
timeSince
millisSince
Tests run: 4, Failures: 0, Errors: 0, Skipped: 0, Time elapsed: 0.002 sec
Running com.willwinder.universalgcodesender.model.GUIBackendTest
Tests run: 1, Failures: 0, Errors: 0, Skipped: 1, Time elapsed: 0 sec
Running com.willwinder.universalgcodesender.pendantui.PendantUITest
2022-01-30 13:06:42.608:INFO:oejs.Server:jetty-8.1.16.v20140903
2022-01-30 13:06:42.685:INFO:oejs.AbstractConnector:Started SelectChannelConnector@0.0.0.0:23123
Listening on: http://172.17.0.32:23123
2022-01-30 13:06:43.418:INFO:oejsh.ContextHandler:stopped o.e.j.s.h.ContextHandler{/getSystemState,file:/home/travis/build/passed/winder/Universal-G-Code-Sender/target/classes/resources/pendantUI/}
2022-01-30 13:06:43.419:INFO:oejsh.ContextHandler:stopped o.e.j.s.h.ContextHandler{/adjustManualLocation,file:/home/travis/build/passed/winder/Universal-G-Code-Sender/target/classes/resources/pendantUI/}
2022-01-30 13:06:43.419:INFO:oejsh.ContextHandler:stopped o.e.j.s.h.ContextHandler{/sendGcode,file:/home/travis/build/passed/winder/Universal-G-Code-Sender/target/classes/resources/pendantUI/}
2022-01-30 13:06:43.419:INFO:oejsh.ContextHandler:stopped o.e.j.s.h.ContextHandler{/config,file:/home/travis/build/passed/winder/Universal-G-Code-Sender/target/classes/resources/pendantUI/}
Listening on: http://172.17.0.32:8080
Tests run: 7, Failures: 0, Errors: 0, Skipped: 0, Time elapsed: 1.054 sec
Running com.willwinder.universalgcodesender.uielements.CommandTextAreaTest
Tests run: 3, Failures: 0, Errors: 0, Skipped: 0, Time elapsed: 0.087 sec
Running com.willwinder.universalgcodesender.uielements.LengthLimitedDocumentTest
insertString
Tests run: 1, Failures: 0, Errors: 0, Skipped: 0, Time elapsed: 0.003 sec
Running com.willwinder.universalgcodesender.utils.GcodeStreamTest
Tests run: 1, Failures: 0, Errors: 0, Skipped: 0, Time elapsed: 1.94 sec

Results :

Tests run: 119, Failures: 0, Errors: 0, Skipped: 11

[INFO] 
[INFO] --- jacoco-maven-plugin:0.7.5.201505241946:report (report) @ UGS ---
[INFO] Analyzed bundle 'UGS' with 167 classes
[INFO] 
[INFO] --- maven-jar-plugin:2.5:jar (default-jar) @ UGS ---
[INFO] Building jar: /home/travis/build/passed/winder/Universal-G-Code-Sender/target/UGS-2.0.jar
[INFO] 
[INFO] --- maven-shade-plugin:2.4.1:shade (default) @ UGS ---
[INFO] Including net.glxn:qrgen:jar:1.3 in the shaded jar.
[INFO] Including org.jogamp.gluegen:gluegen-rt-main:jar:2.3.2 in the shaded jar.
[INFO] Including org.jogamp.gluegen:gluegen-rt:jar:2.3.2 in the shaded jar.
[INFO] Excluding org.jogamp.gluegen:gluegen-rt:jar:natives-android-aarch64:2.3.2 from the shaded jar.
[INFO] Excluding org.jogamp.gluegen:gluegen-rt:jar:natives-android-armv6:2.3.2 from the shaded jar.
[INFO] Excluding org.jogamp.gluegen:gluegen-rt:jar:natives-linux-amd64:2.3.2 from the shaded jar.
[INFO] Excluding org.jogamp.gluegen:gluegen-rt:jar:natives-linux-armv6:2.3.2 from the shaded jar.
[INFO] Excluding org.jogamp.gluegen:gluegen-rt:jar:natives-linux-armv6hf:2.3.2 from the shaded jar.
[INFO] Excluding org.jogamp.gluegen:gluegen-rt:jar:natives-linux-i586:2.3.2 from the shaded jar.
[INFO] Excluding org.jogamp.gluegen:gluegen-rt:jar:natives-macosx-universal:2.3.2 from the shaded jar.
[INFO] Excluding org.jogamp.gluegen:gluegen-rt:jar:natives-solaris-amd64:2.3.2 from the shaded jar.
[INFO] Excluding org.jogamp.gluegen:gluegen-rt:jar:natives-solaris-i586:2.3.2 from the shaded jar.
[INFO] Excluding org.jogamp.gluegen:gluegen-rt:jar:natives-windows-amd64:2.3.2 from the shaded jar.
[INFO] Excluding org.jogamp.gluegen:gluegen-rt:jar:natives-windows-i586:2.3.2 from the shaded jar.
[INFO] Including org.jogamp.jogl:jogl-all-main:jar:2.3.2 in the shaded jar.
[INFO] Including org.jogamp.jogl:jogl-all:jar:2.3.2 in the shaded jar.
[INFO] Excluding org.jogamp.jogl:jogl-all:jar:natives-android-aarch64:2.3.2 from the shaded jar.
[INFO] Excluding org.jogamp.jogl:jogl-all:jar:natives-android-armv6:2.3.2 from the shaded jar.
[INFO] Excluding org.jogamp.jogl:jogl-all:jar:natives-linux-amd64:2.3.2 from the shaded jar.
[INFO] Excluding org.jogamp.jogl:jogl-all:jar:natives-linux-armv6:2.3.2 from the shaded jar.
[INFO] Excluding org.jogamp.jogl:jogl-all:jar:natives-linux-armv6hf:2.3.2 from the shaded jar.
[INFO] Excluding org.jogamp.jogl:jogl-all:jar:natives-linux-i586:2.3.2 from the shaded jar.
[INFO] Excluding org.jogamp.jogl:jogl-all:jar:natives-macosx-universal:2.3.2 from the shaded jar.
[INFO] Excluding org.jogamp.jogl:jogl-all:jar:natives-solaris-amd64:2.3.2 from the shaded jar.
[INFO] Excluding org.jogamp.jogl:jogl-all:jar:natives-solaris-i586:2.3.2 from the shaded jar.
[INFO] Excluding org.jogamp.jogl:jogl-all:jar:natives-windows-amd64:2.3.2 from the shaded jar.
[INFO] Excluding org.jogamp.jogl:jogl-all:jar:natives-windows-i586:2.3.2 from the shaded jar.
[INFO] Including javax.vecmath:vecmath:jar:1.5.2 in the shaded jar.
[INFO] Including javax.media:jmf:jar:2.1.1e in the shaded jar.
[INFO] Including org.swinglabs:swing-layout:jar:1.0.3 in the shaded jar.
[INFO] Including org.eclipse.jetty:jetty-server:jar:8.1.16.v20140903 in the shaded jar.
[INFO] Including org.eclipse.jetty.orbit:javax.servlet:jar:3.0.0.v201112011016 in the shaded jar.
[INFO] Including org.eclipse.jetty:jetty-continuation:jar:8.1.16.v20140903 in the shaded jar.
[INFO] Including org.eclipse.jetty:jetty-http:jar:8.1.16.v20140903 in the shaded jar.
[INFO] Including org.eclipse.jetty:jetty-io:jar:8.1.16.v20140903 in the shaded jar.
[INFO] Including org.eclipse.jetty:jetty-util:jar:8.1.16.v20140903 in the shaded jar.
[INFO] Including com.google.code.gson:gson:jar:2.2.4 in the shaded jar.
[INFO] Including org.apache.commons:commons-lang3:jar:3.3.1 in the shaded jar.
[INFO] Including org.scream3r:jssc:jar:2.8.0 in the shaded jar.
[INFO] Including com.google.zxing:javase:jar:3.2.0 in the shaded jar.
[INFO] Including com.google.zxing:core:jar:3.2.0 in the shaded jar.
[INFO] Including com.google.guava:guava:jar:19.0 in the shaded jar.
[INFO] Including commons-io:commons-io:jar:2.4 in the shaded jar.
[INFO] Replacing /home/travis/build/passed/winder/Universal-G-Code-Sender/target/UniversalGcodeSender.jar with /home/travis/build/passed/winder/Universal-G-Code-Sender/target/UGS-2.0-shaded.jar
[INFO]                                                                         
[INFO] ------------------------------------------------------------------------
[INFO] Building UGS 2.0
[INFO] ------------------------------------------------------------------------
[INFO] 
[INFO] >>> maven-assembly-plugin:2.5.3:assembly (default-cli) > package @ UGS >>>
[INFO] 
[INFO] --- jacoco-maven-plugin:0.7.5.201505241946:prepare-agent (default) @ UGS ---
[INFO] argLine set to -javaagent:/home/travis/.m2/repository/org/jacoco/org.jacoco.agent/0.7.5.201505241946/org.jacoco.agent-0.7.5.201505241946-runtime.jar=destfile=/home/travis/build/passed/winder/Universal-G-Code-Sender/target/jacoco.exec
[INFO] 
[INFO] --- maven-resources-plugin:2.6:resources (default-resources) @ UGS ---
[INFO] Using 'UTF-8' encoding to copy filtered resources.
[INFO] Copying 30 resources
[INFO] Copying 1 resource
[INFO] 
[INFO] --- maven-compiler-plugin:3.1:compile (default-compile) @ UGS ---
[INFO] Nothing to compile - all classes are up to date
[INFO] 
[INFO] --- maven-resources-plugin:2.6:testResources (default-testResources) @ UGS ---
[INFO] Using 'UTF-8' encoding to copy filtered resources.
[INFO] skip non existing resourceDirectory /home/travis/build/passed/winder/Universal-G-Code-Sender/src/test/resources
[INFO] 
[INFO] --- maven-compiler-plugin:3.1:testCompile (default-testCompile) @ UGS ---
[INFO] Nothing to compile - all classes are up to date
[INFO] 
[INFO] --- maven-surefire-plugin:2.12.4:test (default-test) @ UGS ---
[INFO] Skipping execution of surefire because it has already been run for this configuration
[INFO] 
[INFO] --- jacoco-maven-plugin:0.7.5.201505241946:report (report) @ UGS ---
[INFO] Analyzed bundle 'UGS' with 167 classes
[INFO] 
[INFO] --- maven-jar-plugin:2.5:jar (default-jar) @ UGS ---
[INFO] Building jar: /home/travis/build/passed/winder/Universal-G-Code-Sender/target/UGS-2.0.jar
[INFO] 
[INFO] --- maven-shade-plugin:2.4.1:shade (default) @ UGS ---
[INFO] Including net.glxn:qrgen:jar:1.3 in the shaded jar.
[INFO] Including org.jogamp.gluegen:gluegen-rt-main:jar:2.3.2 in the shaded jar.
[INFO] Including org.jogamp.gluegen:gluegen-rt:jar:2.3.2 in the shaded jar.
[INFO] Excluding org.jogamp.gluegen:gluegen-rt:jar:natives-android-aarch64:2.3.2 from the shaded jar.
[INFO] Excluding org.jogamp.gluegen:gluegen-rt:jar:natives-android-armv6:2.3.2 from the shaded jar.
[INFO] Excluding org.jogamp.gluegen:gluegen-rt:jar:natives-linux-amd64:2.3.2 from the shaded jar.
[INFO] Excluding org.jogamp.gluegen:gluegen-rt:jar:natives-linux-armv6:2.3.2 from the shaded jar.
[INFO] Excluding org.jogamp.gluegen:gluegen-rt:jar:natives-linux-armv6hf:2.3.2 from the shaded jar.
[INFO] Excluding org.jogamp.gluegen:gluegen-rt:jar:natives-linux-i586:2.3.2 from the shaded jar.
[INFO] Excluding org.jogamp.gluegen:gluegen-rt:jar:natives-macosx-universal:2.3.2 from the shaded jar.
[INFO] Excluding org.jogamp.gluegen:gluegen-rt:jar:natives-solaris-amd64:2.3.2 from the shaded jar.
[INFO] Excluding org.jogamp.gluegen:gluegen-rt:jar:natives-solaris-i586:2.3.2 from the shaded jar.
[INFO] Excluding org.jogamp.gluegen:gluegen-rt:jar:natives-windows-amd64:2.3.2 from the shaded jar.
[INFO] Excluding org.jogamp.gluegen:gluegen-rt:jar:natives-windows-i586:2.3.2 from the shaded jar.
[INFO] Including org.jogamp.jogl:jogl-all-main:jar:2.3.2 in the shaded jar.
[INFO] Including org.jogamp.jogl:jogl-all:jar:2.3.2 in the shaded jar.
[INFO] Excluding org.jogamp.jogl:jogl-all:jar:natives-android-aarch64:2.3.2 from the shaded jar.
[INFO] Excluding org.jogamp.jogl:jogl-all:jar:natives-android-armv6:2.3.2 from the shaded jar.
[INFO] Excluding org.jogamp.jogl:jogl-all:jar:natives-linux-amd64:2.3.2 from the shaded jar.
[INFO] Excluding org.jogamp.jogl:jogl-all:jar:natives-linux-armv6:2.3.2 from the shaded jar.
[INFO] Excluding org.jogamp.jogl:jogl-all:jar:natives-linux-armv6hf:2.3.2 from the shaded jar.
[INFO] Excluding org.jogamp.jogl:jogl-all:jar:natives-linux-i586:2.3.2 from the shaded jar.
[INFO] Excluding org.jogamp.jogl:jogl-all:jar:natives-macosx-universal:2.3.2 from the shaded jar.
[INFO] Excluding org.jogamp.jogl:jogl-all:jar:natives-solaris-amd64:2.3.2 from the shaded jar.
[INFO] Excluding org.jogamp.jogl:jogl-all:jar:natives-solaris-i586:2.3.2 from the shaded jar.
[INFO] Excluding org.jogamp.jogl:jogl-all:jar:natives-windows-amd64:2.3.2 from the shaded jar.
[INFO] Excluding org.jogamp.jogl:jogl-all:jar:natives-windows-i586:2.3.2 from the shaded jar.
[INFO] Including javax.vecmath:vecmath:jar:1.5.2 in the shaded jar.
[INFO] Including javax.media:jmf:jar:2.1.1e in the shaded jar.
[INFO] Including org.swinglabs:swing-layout:jar:1.0.3 in the shaded jar.
[INFO] Including org.eclipse.jetty:jetty-server:jar:8.1.16.v20140903 in the shaded jar.
[INFO] Including org.eclipse.jetty.orbit:javax.servlet:jar:3.0.0.v201112011016 in the shaded jar.
[INFO] Including org.eclipse.jetty:jetty-continuation:jar:8.1.16.v20140903 in the shaded jar.
[INFO] Including org.eclipse.jetty:jetty-http:jar:8.1.16.v20140903 in the shaded jar.
[INFO] Including org.eclipse.jetty:jetty-io:jar:8.1.16.v20140903 in the shaded jar.
[INFO] Including org.eclipse.jetty:jetty-util:jar:8.1.16.v20140903 in the shaded jar.
[INFO] Including com.google.code.gson:gson:jar:2.2.4 in the shaded jar.
[INFO] Including org.apache.commons:commons-lang3:jar:3.3.1 in the shaded jar.
[INFO] Including org.scream3r:jssc:jar:2.8.0 in the shaded jar.
[INFO] Including com.google.zxing:javase:jar:3.2.0 in the shaded jar.
[INFO] Including com.google.zxing:core:jar:3.2.0 in the shaded jar.
[INFO] Including com.google.guava:guava:jar:19.0 in the shaded jar.
[INFO] Including commons-io:commons-io:jar:2.4 in the shaded jar.
[INFO] Replacing /home/travis/build/passed/winder/Universal-G-Code-Sender/target/UniversalGcodeSender.jar with /home/travis/build/passed/winder/Universal-G-Code-Sender/target/UGS-2.0-shaded.jar
[INFO] 
[INFO] <<< maven-assembly-plugin:2.5.3:assembly (default-cli) < package @ UGS <<<
[INFO] 
[INFO] --- maven-assembly-plugin:2.5.3:assembly (default-cli) @ UGS ---
[INFO] Reading assembly descriptor: src/assembly/assembly.xml
[WARNING] The assembly descriptor contains a filesystem-root relative reference,which is not cross platform compatible /
[WARNING] The assembly descriptor contains a filesystem-root relative reference,which is not cross platform compatible /
[INFO] Building zip: /home/travis/build/passed/winder/Universal-G-Code-Sender/target/UniversalGcodeSender.zip
[INFO] ------------------------------------------------------------------------
[INFO] BUILD SUCCESS
[INFO] ------------------------------------------------------------------------
[INFO] Total time: 30.063 s
[INFO] Finished at: 2022-01-30T13:06:59+00:00
[INFO] Final Memory: 19M/321M
[INFO] ------------------------------------------------------------------------

travis_time:end:0ce6e00c:start=1643547988353475328,finish=1643548028790435605,duration=40436960277[0Ktravis_fold:end:after_success.2[0Ktravis_fold:start:after_success.3[0Ktravis_time:start:11484dcb[0K$ mkdir -p UGSPlatform/UGSLib/release/modules/ext/ugs/

travis_time:end:11484dcb:start=1643548028798482329,finish=1643548028806664100,duration=8181771[0Ktravis_fold:end:after_success.3[0Ktravis_fold:start:after_success.4[0Ktravis_time:start:092ecac6[0K$ cp target/UniversalGcodeSender.jar "UGSPlatform/UGSLib/release/modules/ext/ugs/Universal G-Code Sender.jar"

travis_time:end:092ecac6:start=1643548028815122367,finish=1643548028838814464,duration=23692097[0Ktravis_fold:end:after_success.4[0Ktravis_fold:start:after_success.5[0Ktravis_time:start:32692cf2[0K$ cd UGSPlatform

travis_time:end:32692cf2:start=1643548028848780330,finish=1643548028856854541,duration=8074211[0Ktravis_fold:end:after_success.5[0Ktravis_fold:start:after_success.6[0Ktravis_time:start:0e688880[0K$ ant build-zip
Buildfile: /home/travis/build/passed/winder/Universal-G-Code-Sender/UGSPlatform/build.xml

download:
     [echo] Downloading clusters ide|platform
      [get] Getting: http://deadlock.netbeans.org/hudson/job/nbms-and-javadoc/lastStableBuild/artifact/nbbuild/netbeans/harness/tasks.jar
      [get] To: /tmp/tasks.jar
      [get] Error getting http://deadlock.netbeans.org/hudson/job/nbms-and-javadoc/lastStableBuild/artifact/nbbuild/netbeans/harness/tasks.jar to /tmp/tasks.jar

BUILD FAILED
/home/travis/build/passed/winder/Universal-G-Code-Sender/UGSPlatform/build.xml:8: The following error occurred while executing this line:
/home/travis/build/passed/winder/Universal-G-Code-Sender/UGSPlatform/nbproject/build-impl.xml:41: The following error occurred while executing this line:
/home/travis/build/passed/winder/Universal-G-Code-Sender/UGSPlatform/nbproject/platform.xml:27: java.net.ConnectException: Connection timed out
	at java.net.PlainSocketImpl.socketConnect(Native Method)
	at java.net.AbstractPlainSocketImpl.doConnect(AbstractPlainSocketImpl.java:345)
	at java.net.AbstractPlainSocketImpl.connectToAddress(AbstractPlainSocketImpl.java:206)
	at java.net.AbstractPlainSocketImpl.connect(AbstractPlainSocketImpl.java:188)
	at java.net.SocksSocketImpl.connect(SocksSocketImpl.java:392)
	at java.net.Socket.connect(Socket.java:589)
	at java.net.Socket.connect(Socket.java:538)
	at sun.net.NetworkClient.doConnect(NetworkClient.java:180)
	at sun.net.www.http.HttpClient.openServer(HttpClient.java:432)
	at sun.net.www.http.HttpClient.openServer(HttpClient.java:527)
	at sun.net.www.http.HttpClient.<init>(HttpClient.java:211)
	at sun.net.www.http.HttpClient.New(HttpClient.java:308)
	at sun.net.www.http.HttpClient.New(HttpClient.java:326)
	at sun.net.www.protocol.http.HttpURLConnection.getNewHttpClient(HttpURLConnection.java:1168)
	at sun.net.www.protocol.http.HttpURLConnection.plainConnect0(HttpURLConnection.java:1104)
	at sun.net.www.protocol.http.HttpURLConnection.plainConnect(HttpURLConnection.java:998)
	at sun.net.www.protocol.http.HttpURLConnection.connect(HttpURLConnection.java:932)
	at org.apache.tools.ant.taskdefs.Get$GetThread.openConnection(Get.java:660)
	at org.apache.tools.ant.taskdefs.Get$GetThread.get(Get.java:579)
	at org.apache.tools.ant.taskdefs.Get$GetThread.run(Get.java:569)

Total time: 2 minutes 11 seconds

travis_time:end:0e688880:start=1643548028867147984,finish=1643548160856826366,duration=131989678382[0Ktravis_fold:end:after_success.6[0K
Done. Your build exited with 0.
