travis_fold:start:system_info[0K[33;1mBuild system information[0m
Build language: java
Build group: stable
Build dist: precise
Build id: ''
Job id: ''
[34m[1mBuild image provisioning date and time[0m
Thu Feb  5 15:09:33 UTC 2015
[34m[1mOperating System Details[0m
Distributor ID:	Ubuntu
Description:	Ubuntu 12.04.5 LTS
Release:	12.04
Codename:	precise
[34m[1mLinux Version[0m
3.13.0-29-generic
[34m[1mCookbooks Version[0m
a68419e https://github.com/travis-ci/travis-cookbooks/tree/a68419e
[34m[1mGCC version[0m
gcc (Ubuntu/Linaro 4.6.3-1ubuntu5) 4.6.3
Copyright (C) 2011 Free Software Foundation, Inc.
This is free software; see the source for copying conditions.  There is NO
warranty; not even for MERCHANTABILITY or FITNESS FOR A PARTICULAR PURPOSE.

[34m[1mLLVM version[0m
clang version 3.4 (tags/RELEASE_34/final)
Target: x86_64-unknown-linux-gnu
Thread model: posix
[34m[1mPre-installed Ruby versions[0m
ruby-1.9.3-p551
[34m[1mPre-installed Node.js versions[0m
v0.10.36
[34m[1mPre-installed Go versions[0m
1.4.1
[34m[1mRedis version[0m
redis-server 2.8.19
[34m[1mriak version[0m
2.0.2
[34m[1mMongoDB version[0m
MongoDB 2.4.12
[34m[1mCouchDB version[0m
couchdb 1.6.1
[34m[1mNeo4j version[0m
1.9.4
[34m[1mRabbitMQ Version[0m
3.4.3
[34m[1mElasticSearch version[0m
1.4.0
[34m[1mInstalled Sphinx versions[0m
2.0.10
2.1.9
2.2.6
[34m[1mDefault Sphinx version[0m
2.2.6
[34m[1mInstalled Firefox version[0m
firefox 31.0esr
[34m[1mPhantomJS version[0m
1.9.8
[34m[1mant -version[0m
Apache Ant(TM) version 1.8.2 compiled on December 3 2011
[34m[1mmvn -version[0m
Apache Maven 3.2.5 (12a6b3acb947671f09b81f49094c53f426d8cea1; 2014-12-14T17:29:23+00:00)
Maven home: /usr/local/maven
Java version: 1.7.0_76, vendor: Oracle Corporation
Java home: /usr/lib/jvm/java-7-oracle/jre
Default locale: en_US, platform encoding: ANSI_X3.4-1968
OS name: "linux", version: "3.13.0-29-generic", arch: "amd64", family: "unix"
travis_fold:end:system_info[0K
grep: /etc/apt/sources.list.d/*: No such file or directory
sed: cannot rename /etc/hosts: Device or resource busy
sed: cannot rename /etc/hosts: Device or resource busy
$ jdk_switcher use oraclejdk8
Switching to Oracle JDK8 (java-8-oracle), JAVA_HOME will be set to /usr/lib/jvm/java-8-oracle
$ cd passed/google/auto
$ java -Xmx32m -version
java version "1.8.0_31"
Java(TM) SE Runtime Environment (build 1.8.0_31-b13)
Java HotSpot(TM) 64-Bit Server VM (build 25.31-b07, mixed mode)
$ javac -J-Xmx32m -version
javac 1.8.0_31
travis_fold:start:install[0Ktravis_time:start:05973bbc[0K$ mvn -Dhttps.protocols=TLSv1.2 -B -U -f build-pom.xml dependency:go-offline test clean --quiet --fail-never -DskipTests=true
Java HotSpot(TM) 64-Bit Server VM warning: ignoring option MaxPermSize=192m; support was removed in 8.0

travis_time:end:05973bbc:start=1616875841610111666,finish=1616875876335061841,duration=34724950175[0Ktravis_fold:end:install[0Ktravis_time:start:1b263121[0K$ mvn -Dhttps.protocols=TLSv1.2 -B -U -f build-pom.xml verify --fail-at-end -Dsource.skip=true -Dmaven.javadoc.skip=true
Java HotSpot(TM) 64-Bit Server VM warning: ignoring option MaxPermSize=192m; support was removed in 8.0
[INFO] Scanning for projects...
[INFO] ------------------------------------------------------------------------
[INFO] Reactor Build Order:
[INFO] 
[INFO] Auto (Parent)
[INFO] Auto Common Libraries
[INFO] AutoFactory
[INFO] AutoService
[INFO] AutoValue
[INFO] build-only
[INFO]                                                                         
[INFO] ------------------------------------------------------------------------
[INFO] Building Auto (Parent) 4-SNAPSHOT
[INFO] ------------------------------------------------------------------------
[INFO] 
[INFO] --- maven-enforcer-plugin:1.0:enforce (enforce-maven) @ auto-parent ---
[INFO]                                                                         
[INFO] ------------------------------------------------------------------------
[INFO] Building Auto Common Libraries 1.0-SNAPSHOT
[INFO] ------------------------------------------------------------------------
[INFO] 
[INFO] --- maven-enforcer-plugin:1.0:enforce (enforce-maven) @ auto-common ---
[INFO] 
[INFO] --- maven-resources-plugin:2.6:resources (default-resources) @ auto-common ---
[INFO] Using 'UTF-8' encoding to copy filtered resources.
[INFO] skip non existing resourceDirectory /home/travis/build/passed/google/auto/common/src/main/resources
[INFO] 
[INFO] --- maven-compiler-plugin:3.1:compile (default-compile) @ auto-common ---
[INFO] Changes detected - recompiling the module!
[INFO] Compiling 8 source files to /home/travis/build/passed/google/auto/common/target/classes
[WARNING] bootstrap class path not set in conjunction with -source 1.6
[INFO] 
[INFO] --- maven-resources-plugin:2.6:testResources (default-testResources) @ auto-common ---
[INFO] Using 'UTF-8' encoding to copy filtered resources.
[INFO] skip non existing resourceDirectory /home/travis/build/passed/google/auto/common/src/test/resources
[INFO] 
[INFO] --- maven-compiler-plugin:3.1:testCompile (default-testCompile) @ auto-common ---
[INFO] Changes detected - recompiling the module!
[INFO] Compiling 8 source files to /home/travis/build/passed/google/auto/common/target/test-classes
[WARNING] bootstrap class path not set in conjunction with -source 1.6
[WARNING] No processor claimed any of these annotations: com.google.auto.common.AnnotationMirrorsTest.OuterWithValueArray,org.junit.runner.RunWith,org.junit.runners.Parameterized.Parameters,org.junit.Test,javax.annotation.processing.SupportedAnnotationTypes,com.google.auto.common.AnnotationMirrorsTest.Stringy,com.google.auto.common.AnnotationMirrorsTest.AnnotatedOuter,org.junit.Rule,com.google.auto.common.AnnotationMirrorsTest.DefaultingOuter,com.google.auto.common.MoreElementsTest.InnerAnnotation,com.google.auto.common.AnnotationMirrorsTest.Outer,org.junit.Before,com.google.auto.common.AnnotationMirrorsTest.SimpleAnnotation
[WARNING] /home/travis/build/passed/google/auto/common/src/test/java/com/google/auto/common/MoreElementsTest.java:[389,21] getLocalAndInheritedMethods(javax.lang.model.element.TypeElement,javax.lang.model.util.Elements) in com.google.auto.common.MoreElements has been deprecated
[WARNING] /home/travis/build/passed/google/auto/common/src/test/java/com/google/auto/common/MoreElementsTest.java:[395,21] getLocalAndInheritedMethods(javax.lang.model.element.TypeElement,javax.lang.model.util.Elements) in com.google.auto.common.MoreElements has been deprecated
[INFO] 
[INFO] --- maven-surefire-plugin:2.12.4:test (default-test) @ auto-common ---
[INFO] Surefire report directory: /home/travis/build/passed/google/auto/common/target/surefire-reports
[INFO] Downloading: https://repo.maven.apache.org/maven2/org/apache/maven/surefire/surefire-junit4/2.12.4/surefire-junit4-2.12.4.pom
[INFO] Downloaded: https://repo.maven.apache.org/maven2/org/apache/maven/surefire/surefire-junit4/2.12.4/surefire-junit4-2.12.4.pom (3 KB at 6.1 KB/sec)
[INFO] Downloading: https://repo.maven.apache.org/maven2/org/apache/maven/surefire/surefire-providers/2.12.4/surefire-providers-2.12.4.pom
[INFO] Downloaded: https://repo.maven.apache.org/maven2/org/apache/maven/surefire/surefire-providers/2.12.4/surefire-providers-2.12.4.pom (3 KB at 79.1 KB/sec)
[INFO] Downloading: https://repo.maven.apache.org/maven2/org/apache/maven/surefire/surefire-junit4/2.12.4/surefire-junit4-2.12.4.jar
[INFO] Downloaded: https://repo.maven.apache.org/maven2/org/apache/maven/surefire/surefire-junit4/2.12.4/surefire-junit4-2.12.4.jar (37 KB at 680.3 KB/sec)

-------------------------------------------------------
 T E S T S
-------------------------------------------------------
Running com.google.auto.common.BasicAnnotationProcessorTest
Tests run: 6, Failures: 0, Errors: 0, Skipped: 0, Time elapsed: 1.121 sec
Running com.google.auto.common.VisibilityTest
Tests run: 3, Failures: 0, Errors: 0, Skipped: 0, Time elapsed: 0.075 sec
Running com.google.auto.common.OverridesTest
Tests run: 24, Failures: 0, Errors: 0, Skipped: 0, Time elapsed: 2.276 sec
Running com.google.auto.common.AnnotationMirrorsTest
Tests run: 5, Failures: 0, Errors: 0, Skipped: 0, Time elapsed: 0.144 sec
Running com.google.auto.common.MoreTypesIsTypeOfTest
Tests run: 13, Failures: 0, Errors: 0, Skipped: 0, Time elapsed: 0.255 sec
Running com.google.auto.common.SuperficialValidationTest
Tests run: 10, Failures: 0, Errors: 0, Skipped: 0, Time elapsed: 0.108 sec
Running com.google.auto.common.MoreElementsTest
Tests run: 17, Failures: 0, Errors: 0, Skipped: 0, Time elapsed: 0.22 sec
Running com.google.auto.common.MoreTypesTest
Tests run: 6, Failures: 0, Errors: 0, Skipped: 0, Time elapsed: 0.12 sec

Results :

Tests run: 84, Failures: 0, Errors: 0, Skipped: 0

[INFO] 
[INFO] --- maven-jar-plugin:2.6:jar (default-jar) @ auto-common ---
[INFO] Downloading: https://repo.maven.apache.org/maven2/org/apache/maven/reporting/maven-reporting-api/2.2.1/maven-reporting-api-2.2.1.pom
[INFO] Downloaded: https://repo.maven.apache.org/maven2/org/apache/maven/reporting/maven-reporting-api/2.2.1/maven-reporting-api-2.2.1.pom (2 KB at 86.1 KB/sec)
[INFO] Downloading: https://repo.maven.apache.org/maven2/org/apache/maven/reporting/maven-reporting/2.2.1/maven-reporting-2.2.1.pom
[INFO] Downloaded: https://repo.maven.apache.org/maven2/org/apache/maven/reporting/maven-reporting/2.2.1/maven-reporting-2.2.1.pom (2 KB at 67.1 KB/sec)
[INFO] Downloading: https://repo.maven.apache.org/maven2/org/apache/maven/doxia/doxia-sink-api/1.1/doxia-sink-api-1.1.pom
[INFO] Downloaded: https://repo.maven.apache.org/maven2/org/apache/maven/doxia/doxia-sink-api/1.1/doxia-sink-api-1.1.pom (2 KB at 86.6 KB/sec)
[INFO] Downloading: https://repo.maven.apache.org/maven2/org/apache/maven/doxia/doxia/1.1/doxia-1.1.pom
[INFO] Downloaded: https://repo.maven.apache.org/maven2/org/apache/maven/doxia/doxia/1.1/doxia-1.1.pom (15 KB at 549.0 KB/sec)
[INFO] Downloading: https://repo.maven.apache.org/maven2/org/apache/maven/doxia/doxia-logging-api/1.1/doxia-logging-api-1.1.pom
[INFO] Downloaded: https://repo.maven.apache.org/maven2/org/apache/maven/doxia/doxia-logging-api/1.1/doxia-logging-api-1.1.pom (2 KB at 59.2 KB/sec)
[INFO] Downloading: https://repo.maven.apache.org/maven2/commons-cli/commons-cli/1.2/commons-cli-1.2.pom
[INFO] Downloaded: https://repo.maven.apache.org/maven2/commons-cli/commons-cli/1.2/commons-cli-1.2.pom (8 KB at 268.7 KB/sec)
[INFO] Downloading: https://repo.maven.apache.org/maven2/org/apache/commons/commons-parent/11/commons-parent-11.pom
[INFO] Downloaded: https://repo.maven.apache.org/maven2/org/apache/commons/commons-parent/11/commons-parent-11.pom (25 KB at 617.2 KB/sec)
[INFO] Downloading: https://repo.maven.apache.org/maven2/org/apache/maven/maven-archiver/2.6/maven-archiver-2.6.pom
[INFO] Downloaded: https://repo.maven.apache.org/maven2/org/apache/maven/maven-archiver/2.6/maven-archiver-2.6.pom (5 KB at 150.7 KB/sec)
[INFO] Downloading: https://repo.maven.apache.org/maven2/org/apache/maven/shared/maven-shared-components/20/maven-shared-components-20.pom
[INFO] Downloaded: https://repo.maven.apache.org/maven2/org/apache/maven/shared/maven-shared-components/20/maven-shared-components-20.pom (5 KB at 207.8 KB/sec)
[INFO] Downloading: https://repo.maven.apache.org/maven2/org/apache/maven/maven-parent/24/maven-parent-24.pom
[INFO] Downloaded: https://repo.maven.apache.org/maven2/org/apache/maven/maven-parent/24/maven-parent-24.pom (37 KB at 900.8 KB/sec)
[INFO] Downloading: https://repo.maven.apache.org/maven2/org/apache/apache/14/apache-14.pom
[INFO] Downloaded: https://repo.maven.apache.org/maven2/org/apache/apache/14/apache-14.pom (15 KB at 434.6 KB/sec)
[INFO] Downloading: https://repo.maven.apache.org/maven2/org/apache/maven/shared/maven-shared-utils/0.7/maven-shared-utils-0.7.pom
[INFO] Downloaded: https://repo.maven.apache.org/maven2/org/apache/maven/shared/maven-shared-utils/0.7/maven-shared-utils-0.7.pom (5 KB at 212.8 KB/sec)
[INFO] Downloading: https://repo.maven.apache.org/maven2/org/codehaus/plexus/plexus-archiver/2.8.1/plexus-archiver-2.8.1.pom
[INFO] Downloaded: https://repo.maven.apache.org/maven2/org/codehaus/plexus/plexus-archiver/2.8.1/plexus-archiver-2.8.1.pom (5 KB at 174.8 KB/sec)
[INFO] Downloading: https://repo.maven.apache.org/maven2/org/codehaus/plexus/plexus-utils/3.0.20/plexus-utils-3.0.20.pom
[INFO] Downloaded: https://repo.maven.apache.org/maven2/org/codehaus/plexus/plexus-utils/3.0.20/plexus-utils-3.0.20.pom (4 KB at 161.8 KB/sec)
[INFO] Downloading: https://repo.maven.apache.org/maven2/org/codehaus/plexus/plexus-io/2.3.2/plexus-io-2.3.2.pom
[INFO] Downloaded: https://repo.maven.apache.org/maven2/org/codehaus/plexus/plexus-io/2.3.2/plexus-io-2.3.2.pom (3 KB at 107.9 KB/sec)
[INFO] Downloading: https://repo.maven.apache.org/maven2/org/apache/commons/commons-compress/1.9/commons-compress-1.9.pom
[INFO] Downloaded: https://repo.maven.apache.org/maven2/org/apache/commons/commons-compress/1.9/commons-compress-1.9.pom (12 KB at 446.6 KB/sec)
[INFO] Downloading: https://repo.maven.apache.org/maven2/org/apache/commons/commons-parent/34/commons-parent-34.pom
[INFO] Downloaded: https://repo.maven.apache.org/maven2/org/apache/commons/commons-parent/34/commons-parent-34.pom (55 KB at 1214.0 KB/sec)
[INFO] Downloading: https://repo.maven.apache.org/maven2/org/codehaus/plexus/plexus-interpolation/1.21/plexus-interpolation-1.21.pom
[INFO] Downloaded: https://repo.maven.apache.org/maven2/org/codehaus/plexus/plexus-interpolation/1.21/plexus-interpolation-1.21.pom (2 KB at 79.2 KB/sec)
[INFO] Downloading: https://repo.maven.apache.org/maven2/org/codehaus/plexus/plexus-archiver/2.9/plexus-archiver-2.9.pom
[INFO] Downloaded: https://repo.maven.apache.org/maven2/org/codehaus/plexus/plexus-archiver/2.9/plexus-archiver-2.9.pom (5 KB at 224.5 KB/sec)
[INFO] Downloading: https://repo.maven.apache.org/maven2/org/codehaus/plexus/plexus-io/2.4/plexus-io-2.4.pom
[INFO] Downloaded: https://repo.maven.apache.org/maven2/org/codehaus/plexus/plexus-io/2.4/plexus-io-2.4.pom (4 KB at 202.3 KB/sec)
[INFO] Downloading: https://repo.maven.apache.org/maven2/commons-io/commons-io/2.2/commons-io-2.2.pom
[INFO] Downloaded: https://repo.maven.apache.org/maven2/commons-io/commons-io/2.2/commons-io-2.2.pom (11 KB at 414.4 KB/sec)
[INFO] Downloading: https://repo.maven.apache.org/maven2/org/apache/commons/commons-parent/24/commons-parent-24.pom
[INFO] Downloaded: https://repo.maven.apache.org/maven2/org/apache/commons/commons-parent/24/commons-parent-24.pom (47 KB at 961.6 KB/sec)
[INFO] Downloading: https://repo.maven.apache.org/maven2/org/slf4j/slf4j-jdk14/1.5.6/slf4j-jdk14-1.5.6.jar
[INFO] Downloading: https://repo.maven.apache.org/maven2/org/slf4j/slf4j-api/1.5.6/slf4j-api-1.5.6.jar
[INFO] Downloading: https://repo.maven.apache.org/maven2/org/slf4j/jcl-over-slf4j/1.5.6/jcl-over-slf4j-1.5.6.jar
[INFO] Downloading: https://repo.maven.apache.org/maven2/org/apache/maven/reporting/maven-reporting-api/2.2.1/maven-reporting-api-2.2.1.jar
[INFO] Downloading: https://repo.maven.apache.org/maven2/org/apache/maven/doxia/doxia-sink-api/1.1/doxia-sink-api-1.1.jar
[INFO] Downloaded: https://repo.maven.apache.org/maven2/org/slf4j/slf4j-jdk14/1.5.6/slf4j-jdk14-1.5.6.jar (9 KB at 318.8 KB/sec)
[INFO] Downloading: https://repo.maven.apache.org/maven2/org/apache/maven/doxia/doxia-logging-api/1.1/doxia-logging-api-1.1.jar
[INFO] Downloaded: https://repo.maven.apache.org/maven2/org/apache/maven/doxia/doxia-logging-api/1.1/doxia-logging-api-1.1.jar (12 KB at 221.4 KB/sec)
[INFO] Downloading: https://repo.maven.apache.org/maven2/commons-cli/commons-cli/1.2/commons-cli-1.2.jar
[INFO] Downloaded: https://repo.maven.apache.org/maven2/org/apache/maven/doxia/doxia-sink-api/1.1/doxia-sink-api-1.1.jar (13 KB at 236.1 KB/sec)
[INFO] Downloading: https://repo.maven.apache.org/maven2/backport-util-concurrent/backport-util-concurrent/3.1/backport-util-concurrent-3.1.jar
[INFO] Downloaded: https://repo.maven.apache.org/maven2/org/apache/maven/reporting/maven-reporting-api/2.2.1/maven-reporting-api-2.2.1.jar (10 KB at 156.7 KB/sec)
[INFO] Downloading: https://repo.maven.apache.org/maven2/org/sonatype/plexus/plexus-sec-dispatcher/1.3/plexus-sec-dispatcher-1.3.jar
[INFO] Downloaded: https://repo.maven.apache.org/maven2/org/slf4j/jcl-over-slf4j/1.5.6/jcl-over-slf4j-1.5.6.jar (17 KB at 259.2 KB/sec)
[INFO] Downloading: https://repo.maven.apache.org/maven2/org/sonatype/plexus/plexus-cipher/1.4/plexus-cipher-1.4.jar
[INFO] Downloaded: https://repo.maven.apache.org/maven2/org/slf4j/slf4j-api/1.5.6/slf4j-api-1.5.6.jar (22 KB at 287.0 KB/sec)
[INFO] Downloading: https://repo.maven.apache.org/maven2/org/codehaus/plexus/plexus-interpolation/1.11/plexus-interpolation-1.11.jar
[INFO] Downloaded: https://repo.maven.apache.org/maven2/org/sonatype/plexus/plexus-cipher/1.4/plexus-cipher-1.4.jar (14 KB at 146.4 KB/sec)
[INFO] Downloading: https://repo.maven.apache.org/maven2/org/apache/maven/shared/maven-shared-utils/0.7/maven-shared-utils-0.7.jar
[INFO] Downloaded: https://repo.maven.apache.org/maven2/commons-cli/commons-cli/1.2/commons-cli-1.2.jar (41 KB at 405.6 KB/sec)
[INFO] Downloading: https://repo.maven.apache.org/maven2/org/codehaus/plexus/plexus-io/2.4/plexus-io-2.4.jar
[INFO] Downloaded: https://repo.maven.apache.org/maven2/org/sonatype/plexus/plexus-sec-dispatcher/1.3/plexus-sec-dispatcher-1.3.jar (28 KB at 273.4 KB/sec)
[INFO] Downloading: https://repo.maven.apache.org/maven2/org/apache/commons/commons-compress/1.9/commons-compress-1.9.jar
[INFO] Downloaded: https://repo.maven.apache.org/maven2/org/codehaus/plexus/plexus-interpolation/1.11/plexus-interpolation-1.11.jar (50 KB at 421.5 KB/sec)
[INFO] Downloaded: https://repo.maven.apache.org/maven2/org/codehaus/plexus/plexus-io/2.4/plexus-io-2.4.jar (80 KB at 509.8 KB/sec)
[INFO] Downloaded: https://repo.maven.apache.org/maven2/org/apache/maven/shared/maven-shared-utils/0.7/maven-shared-utils-0.7.jar (167 KB at 907.7 KB/sec)
[INFO] Downloaded: https://repo.maven.apache.org/maven2/backport-util-concurrent/backport-util-concurrent/3.1/backport-util-concurrent-3.1.jar (324 KB at 1542.6 KB/sec)
[INFO] Downloaded: https://repo.maven.apache.org/maven2/org/apache/commons/commons-compress/1.9/commons-compress-1.9.jar (370 KB at 1333.4 KB/sec)
[INFO] Building jar: /home/travis/build/passed/google/auto/common/target/auto-common-1.0-SNAPSHOT.jar
[INFO]                                                                         
[INFO] ------------------------------------------------------------------------
[INFO] Building AutoFactory 1.0-SNAPSHOT
[INFO] ------------------------------------------------------------------------
[INFO] 
[INFO] --- maven-enforcer-plugin:1.0:enforce (enforce-maven) @ auto-factory ---
[INFO] 
[INFO] --- maven-resources-plugin:2.6:resources (default-resources) @ auto-factory ---
[INFO] Using 'UTF-8' encoding to copy filtered resources.
[INFO] skip non existing resourceDirectory /home/travis/build/passed/google/auto/factory/src/main/resources
[INFO] 
[INFO] --- maven-compiler-plugin:3.1:compile (default-compile) @ auto-factory ---
[INFO] Changes detected - recompiling the module!
[INFO] Compiling 17 source files to /home/travis/build/passed/google/auto/factory/target/classes
[WARNING] bootstrap class path not set in conjunction with -source 1.6
[WARNING] No processor claimed any of these annotations: com.google.auto.value.AutoValue,com.google.auto.value.AutoValue.Builder
[WARNING] No processor claimed any of these annotations: javax.annotation.Generated
[INFO] 
[INFO] --- maven-resources-plugin:2.6:testResources (default-testResources) @ auto-factory ---
[INFO] Using 'UTF-8' encoding to copy filtered resources.
[INFO] Copying 67 resources
[INFO] 
[INFO] --- maven-compiler-plugin:3.1:testCompile (default-testCompile) @ auto-factory ---
[INFO] Changes detected - recompiling the module!
[INFO] Compiling 2 source files to /home/travis/build/passed/google/auto/factory/target/test-classes
[WARNING] bootstrap class path not set in conjunction with -source 1.6
[WARNING] No processor claimed any of these annotations: org.junit.runner.RunWith,org.junit.Test
[INFO] 
[INFO] --- maven-surefire-plugin:2.12.4:test (default-test) @ auto-factory ---
[INFO] Surefire report directory: /home/travis/build/passed/google/auto/factory/target/surefire-reports

-------------------------------------------------------
 T E S T S
-------------------------------------------------------
Running com.google.auto.factory.processor.AutoFactoryDeclarationTest
Tests run: 1, Failures: 0, Errors: 0, Skipped: 0, Time elapsed: 0.059 sec
Running com.google.auto.factory.processor.AutoFactoryProcessorTest
Tests run: 36, Failures: 0, Errors: 0, Skipped: 0, Time elapsed: 4.543 sec

Results :

Tests run: 37, Failures: 0, Errors: 0, Skipped: 0

[INFO] 
[INFO] --- maven-jar-plugin:2.6:jar (default-jar) @ auto-factory ---
[INFO] Building jar: /home/travis/build/passed/google/auto/factory/target/auto-factory-1.0-SNAPSHOT.jar
[INFO] 
[INFO] --- maven-invoker-plugin:1.8:install (integration-test) @ auto-factory ---
[INFO] Downloading: https://repo.maven.apache.org/maven2/org/apache/maven/shared/maven-invoker/2.1.1/maven-invoker-2.1.1.pom
[INFO] Downloaded: https://repo.maven.apache.org/maven2/org/apache/maven/shared/maven-invoker/2.1.1/maven-invoker-2.1.1.pom (6 KB at 226.4 KB/sec)
[INFO] Downloading: https://repo.maven.apache.org/maven2/org/apache/maven/reporting/maven-reporting-impl/2.1/maven-reporting-impl-2.1.pom
[INFO] Downloaded: https://repo.maven.apache.org/maven2/org/apache/maven/reporting/maven-reporting-impl/2.1/maven-reporting-impl-2.1.pom (5 KB at 94.0 KB/sec)
[INFO] Downloading: https://repo.maven.apache.org/maven2/org/apache/maven/maven-project/2.0.10/maven-project-2.0.10.pom
[INFO] Downloaded: https://repo.maven.apache.org/maven2/org/apache/maven/maven-project/2.0.10/maven-project-2.0.10.pom (3 KB at 163.5 KB/sec)
[INFO] Downloading: https://repo.maven.apache.org/maven2/org/apache/maven/maven/2.0.10/maven-2.0.10.pom
[INFO] Downloaded: https://repo.maven.apache.org/maven2/org/apache/maven/maven/2.0.10/maven-2.0.10.pom (24 KB at 878.3 KB/sec)
[INFO] Downloading: https://repo.maven.apache.org/maven2/org/apache/maven/maven-settings/2.0.10/maven-settings-2.0.10.pom
[INFO] Downloaded: https://repo.maven.apache.org/maven2/org/apache/maven/maven-settings/2.0.10/maven-settings-2.0.10.pom (3 KB at 84.1 KB/sec)
[INFO] Downloading: https://repo.maven.apache.org/maven2/org/apache/maven/maven-model/2.0.10/maven-model-2.0.10.pom
[INFO] Downloaded: https://repo.maven.apache.org/maven2/org/apache/maven/maven-model/2.0.10/maven-model-2.0.10.pom (4 KB at 162.9 KB/sec)
[INFO] Downloading: https://repo.maven.apache.org/maven2/org/codehaus/plexus/plexus-interpolation/1.1/plexus-interpolation-1.1.pom
[INFO] Downloaded: https://repo.maven.apache.org/maven2/org/codehaus/plexus/plexus-interpolation/1.1/plexus-interpolation-1.1.pom (2 KB at 93.6 KB/sec)
[INFO] Downloading: https://repo.maven.apache.org/maven2/org/apache/maven/maven-profile/2.0.10/maven-profile-2.0.10.pom
[INFO] Downloaded: https://repo.maven.apache.org/maven2/org/apache/maven/maven-profile/2.0.10/maven-profile-2.0.10.pom (3 KB at 120.3 KB/sec)
[INFO] Downloading: https://repo.maven.apache.org/maven2/org/apache/maven/maven-artifact-manager/2.0.10/maven-artifact-manager-2.0.10.pom
[INFO] Downloaded: https://repo.maven.apache.org/maven2/org/apache/maven/maven-artifact-manager/2.0.10/maven-artifact-manager-2.0.10.pom (3 KB at 146.5 KB/sec)
[INFO] Downloading: https://repo.maven.apache.org/maven2/org/apache/maven/maven-repository-metadata/2.0.10/maven-repository-metadata-2.0.10.pom
[INFO] Downloaded: https://repo.maven.apache.org/maven2/org/apache/maven/maven-repository-metadata/2.0.10/maven-repository-metadata-2.0.10.pom (3 KB at 119.0 KB/sec)
[INFO] Downloading: https://repo.maven.apache.org/maven2/org/apache/maven/maven-artifact/2.0.10/maven-artifact-2.0.10.pom
[INFO] Downloaded: https://repo.maven.apache.org/maven2/org/apache/maven/maven-artifact/2.0.10/maven-artifact-2.0.10.pom (2 KB at 98.9 KB/sec)
[INFO] Downloading: https://repo.maven.apache.org/maven2/org/apache/maven/maven-plugin-registry/2.0.10/maven-plugin-registry-2.0.10.pom
[INFO] Downloaded: https://repo.maven.apache.org/maven2/org/apache/maven/maven-plugin-registry/2.0.10/maven-plugin-registry-2.0.10.pom (2 KB at 103.6 KB/sec)
[INFO] Downloading: https://repo.maven.apache.org/maven2/org/apache/maven/maven-plugin-api/2.0.10/maven-plugin-api-2.0.10.pom
[INFO] Downloaded: https://repo.maven.apache.org/maven2/org/apache/maven/maven-plugin-api/2.0.10/maven-plugin-api-2.0.10.pom (2 KB at 76.8 KB/sec)
[INFO] Downloading: https://repo.maven.apache.org/maven2/org/apache/maven/doxia/doxia-sink-api/1.1.2/doxia-sink-api-1.1.2.pom
[INFO] Downloaded: https://repo.maven.apache.org/maven2/org/apache/maven/doxia/doxia-sink-api/1.1.2/doxia-sink-api-1.1.2.pom (2 KB at 69.9 KB/sec)
[INFO] Downloading: https://repo.maven.apache.org/maven2/org/apache/maven/doxia/doxia/1.1.2/doxia-1.1.2.pom
[INFO] Downloaded: https://repo.maven.apache.org/maven2/org/apache/maven/doxia/doxia/1.1.2/doxia-1.1.2.pom (18 KB at 572.0 KB/sec)
[INFO] Downloading: https://repo.maven.apache.org/maven2/org/apache/maven/doxia/doxia-logging-api/1.1.2/doxia-logging-api-1.1.2.pom
[INFO] Downloaded: https://repo.maven.apache.org/maven2/org/apache/maven/doxia/doxia-logging-api/1.1.2/doxia-logging-api-1.1.2.pom (2 KB at 70.1 KB/sec)
[INFO] Downloading: https://repo.maven.apache.org/maven2/org/apache/maven/doxia/doxia-core/1.1.2/doxia-core-1.1.2.pom
[INFO] Downloaded: https://repo.maven.apache.org/maven2/org/apache/maven/doxia/doxia-core/1.1.2/doxia-core-1.1.2.pom (4 KB at 191.2 KB/sec)
[INFO] Downloading: https://repo.maven.apache.org/maven2/org/codehaus/plexus/plexus-utils/1.5.12/plexus-utils-1.5.12.pom
[INFO] Downloaded: https://repo.maven.apache.org/maven2/org/codehaus/plexus/plexus-utils/1.5.12/plexus-utils-1.5.12.pom (6 KB at 250.1 KB/sec)
[INFO] Downloading: https://repo.maven.apache.org/maven2/xerces/xercesImpl/2.8.1/xercesImpl-2.8.1.pom
[INFO] Downloaded: https://repo.maven.apache.org/maven2/xerces/xercesImpl/2.8.1/xercesImpl-2.8.1.pom (3 KB at 126.8 KB/sec)
[INFO] Downloading: https://repo.maven.apache.org/maven2/xml-apis/xml-apis/1.3.03/xml-apis-1.3.03.pom
[INFO] Downloaded: https://repo.maven.apache.org/maven2/xml-apis/xml-apis/1.3.03/xml-apis-1.3.03.pom (738 B at 45.0 KB/sec)
[INFO] Downloading: https://repo.maven.apache.org/maven2/org/apache/apache/1/apache-1.pom
[INFO] Downloaded: https://repo.maven.apache.org/maven2/org/apache/apache/1/apache-1.pom (4 KB at 185.0 KB/sec)
[INFO] Downloading: https://repo.maven.apache.org/maven2/commons-httpclient/commons-httpclient/3.1/commons-httpclient-3.1.pom
[INFO] Downloaded: https://repo.maven.apache.org/maven2/commons-httpclient/commons-httpclient/3.1/commons-httpclient-3.1.pom (8 KB at 291.6 KB/sec)
[INFO] Downloading: https://repo.maven.apache.org/maven2/commons-codec/commons-codec/1.2/commons-codec-1.2.pom
[INFO] Downloaded: https://repo.maven.apache.org/maven2/commons-codec/commons-codec/1.2/commons-codec-1.2.pom (4 KB at 196.6 KB/sec)
[INFO] Downloading: https://repo.maven.apache.org/maven2/org/apache/maven/doxia/doxia-site-renderer/1.1.2/doxia-site-renderer-1.1.2.pom
[INFO] Downloaded: https://repo.maven.apache.org/maven2/org/apache/maven/doxia/doxia-site-renderer/1.1.2/doxia-site-renderer-1.1.2.pom (6 KB at 259.9 KB/sec)
[INFO] Downloading: https://repo.maven.apache.org/maven2/org/apache/maven/doxia/doxia-sitetools/1.1.2/doxia-sitetools-1.1.2.pom
[INFO] Downloaded: https://repo.maven.apache.org/maven2/org/apache/maven/doxia/doxia-sitetools/1.1.2/doxia-sitetools-1.1.2.pom (15 KB at 533.1 KB/sec)
[INFO] Downloading: https://repo.maven.apache.org/maven2/org/apache/maven/doxia/doxia-decoration-model/1.1.2/doxia-decoration-model-1.1.2.pom
[INFO] Downloaded: https://repo.maven.apache.org/maven2/org/apache/maven/doxia/doxia-decoration-model/1.1.2/doxia-decoration-model-1.1.2.pom (3 KB at 145.3 KB/sec)
[INFO] Downloading: https://repo.maven.apache.org/maven2/org/apache/maven/doxia/doxia-module-xhtml/1.1.2/doxia-module-xhtml-1.1.2.pom
[INFO] Downloaded: https://repo.maven.apache.org/maven2/org/apache/maven/doxia/doxia-module-xhtml/1.1.2/doxia-module-xhtml-1.1.2.pom (2 KB at 82.3 KB/sec)
[INFO] Downloading: https://repo.maven.apache.org/maven2/org/apache/maven/doxia/doxia-modules/1.1.2/doxia-modules-1.1.2.pom
[INFO] Downloaded: https://repo.maven.apache.org/maven2/org/apache/maven/doxia/doxia-modules/1.1.2/doxia-modules-1.1.2.pom (3 KB at 132.2 KB/sec)
[INFO] Downloading: https://repo.maven.apache.org/maven2/org/apache/maven/doxia/doxia-module-fml/1.1.2/doxia-module-fml-1.1.2.pom
[INFO] Downloaded: https://repo.maven.apache.org/maven2/org/apache/maven/doxia/doxia-module-fml/1.1.2/doxia-module-fml-1.1.2.pom (6 KB at 255.5 KB/sec)
[INFO] Downloading: https://repo.maven.apache.org/maven2/org/apache/maven/shared/maven-script-interpreter/1.1/maven-script-interpreter-1.1.pom
[INFO] Downloaded: https://repo.maven.apache.org/maven2/org/apache/maven/shared/maven-script-interpreter/1.1/maven-script-interpreter-1.1.pom (4 KB at 97.9 KB/sec)
[INFO] Downloading: https://repo.maven.apache.org/maven2/org/codehaus/groovy/groovy/2.0.1/groovy-2.0.1.pom
[INFO] Downloaded: https://repo.maven.apache.org/maven2/org/codehaus/groovy/groovy/2.0.1/groovy-2.0.1.pom (16 KB at 473.5 KB/sec)
[INFO] Downloading: https://repo.maven.apache.org/maven2/antlr/antlr/2.7.7/antlr-2.7.7.pom
[INFO] Downloaded: https://repo.maven.apache.org/maven2/antlr/antlr/2.7.7/antlr-2.7.7.pom (632 B at 36.3 KB/sec)
[INFO] Downloading: https://repo.maven.apache.org/maven2/org/ow2/asm/asm-tree/4.0/asm-tree-4.0.pom
[INFO] Downloaded: https://repo.maven.apache.org/maven2/org/ow2/asm/asm-tree/4.0/asm-tree-4.0.pom (3 KB at 107.0 KB/sec)
[INFO] Downloading: https://repo.maven.apache.org/maven2/org/ow2/asm/asm-parent/4.0/asm-parent-4.0.pom
[INFO] Downloaded: https://repo.maven.apache.org/maven2/org/ow2/asm/asm-parent/4.0/asm-parent-4.0.pom (6 KB at 282.3 KB/sec)
[INFO] Downloading: https://repo.maven.apache.org/maven2/org/ow2/ow2/1.3/ow2-1.3.pom
[INFO] Downloaded: https://repo.maven.apache.org/maven2/org/ow2/ow2/1.3/ow2-1.3.pom (10 KB at 403.7 KB/sec)
[INFO] Downloading: https://repo.maven.apache.org/maven2/org/ow2/asm/asm/4.0/asm-4.0.pom
[INFO] Downloaded: https://repo.maven.apache.org/maven2/org/ow2/asm/asm/4.0/asm-4.0.pom (2 KB at 111.0 KB/sec)
[INFO] Downloading: https://repo.maven.apache.org/maven2/org/ow2/asm/asm-commons/4.0/asm-commons-4.0.pom
[INFO] Downloaded: https://repo.maven.apache.org/maven2/org/ow2/asm/asm-commons/4.0/asm-commons-4.0.pom (3 KB at 120.2 KB/sec)
[INFO] Downloading: https://repo.maven.apache.org/maven2/org/ow2/asm/asm-util/4.0/asm-util-4.0.pom
[INFO] Downloaded: https://repo.maven.apache.org/maven2/org/ow2/asm/asm-util/4.0/asm-util-4.0.pom (3 KB at 113.2 KB/sec)
[INFO] Downloading: https://repo.maven.apache.org/maven2/org/ow2/asm/asm-analysis/4.0/asm-analysis-4.0.pom
[INFO] Downloaded: https://repo.maven.apache.org/maven2/org/ow2/asm/asm-analysis/4.0/asm-analysis-4.0.pom (3 KB at 88.9 KB/sec)
[INFO] Downloading: https://repo.maven.apache.org/maven2/org/apache/ant/ant/1.8.1/ant-1.8.1.pom
[INFO] Downloaded: https://repo.maven.apache.org/maven2/org/apache/ant/ant/1.8.1/ant-1.8.1.pom (9 KB at 452.3 KB/sec)
[INFO] Downloading: https://repo.maven.apache.org/maven2/org/apache/ant/ant-parent/1.8.1/ant-parent-1.8.1.pom
[INFO] Downloaded: https://repo.maven.apache.org/maven2/org/apache/ant/ant-parent/1.8.1/ant-parent-1.8.1.pom (5 KB at 209.0 KB/sec)
[INFO] Downloading: https://repo.maven.apache.org/maven2/org/apache/maven/doxia/doxia-sink-api/1.1.4/doxia-sink-api-1.1.4.pom
[INFO] Downloaded: https://repo.maven.apache.org/maven2/org/apache/maven/doxia/doxia-sink-api/1.1.4/doxia-sink-api-1.1.4.pom (2 KB at 81.0 KB/sec)
[INFO] Downloading: https://repo.maven.apache.org/maven2/org/apache/maven/doxia/doxia/1.1.4/doxia-1.1.4.pom
[INFO] Downloaded: https://repo.maven.apache.org/maven2/org/apache/maven/doxia/doxia/1.1.4/doxia-1.1.4.pom (19 KB at 737.3 KB/sec)
[INFO] Downloading: https://repo.maven.apache.org/maven2/org/apache/maven/doxia/doxia-logging-api/1.1.4/doxia-logging-api-1.1.4.pom
[INFO] Downloaded: https://repo.maven.apache.org/maven2/org/apache/maven/doxia/doxia-logging-api/1.1.4/doxia-logging-api-1.1.4.pom (2 KB at 85.7 KB/sec)
[INFO] Downloading: https://repo.maven.apache.org/maven2/org/apache/maven/doxia/doxia-site-renderer/1.1.4/doxia-site-renderer-1.1.4.pom
[INFO] Downloaded: https://repo.maven.apache.org/maven2/org/apache/maven/doxia/doxia-site-renderer/1.1.4/doxia-site-renderer-1.1.4.pom (6 KB at 199.2 KB/sec)
[INFO] Downloading: https://repo.maven.apache.org/maven2/org/apache/maven/doxia/doxia-sitetools/1.1.4/doxia-sitetools-1.1.4.pom
[INFO] Downloaded: https://repo.maven.apache.org/maven2/org/apache/maven/doxia/doxia-sitetools/1.1.4/doxia-sitetools-1.1.4.pom (16 KB at 579.4 KB/sec)
[INFO] Downloading: https://repo.maven.apache.org/maven2/org/apache/maven/doxia/doxia-core/1.1.4/doxia-core-1.1.4.pom
[INFO] Downloaded: https://repo.maven.apache.org/maven2/org/apache/maven/doxia/doxia-core/1.1.4/doxia-core-1.1.4.pom (4 KB at 191.3 KB/sec)
[INFO] Downloading: https://repo.maven.apache.org/maven2/xerces/xercesImpl/2.9.1/xercesImpl-2.9.1.pom
[INFO] Downloaded: https://repo.maven.apache.org/maven2/xerces/xercesImpl/2.9.1/xercesImpl-2.9.1.pom (2 KB at 73.9 KB/sec)
[INFO] Downloading: https://repo.maven.apache.org/maven2/xml-apis/xml-apis/1.3.04/xml-apis-1.3.04.pom
[INFO] Downloaded: https://repo.maven.apache.org/maven2/xml-apis/xml-apis/1.3.04/xml-apis-1.3.04.pom (2 KB at 93.6 KB/sec)
[INFO] Downloading: https://repo.maven.apache.org/maven2/org/apache/httpcomponents/httpclient/4.0.2/httpclient-4.0.2.pom
[INFO] Downloaded: https://repo.maven.apache.org/maven2/org/apache/httpcomponents/httpclient/4.0.2/httpclient-4.0.2.pom (8 KB at 305.0 KB/sec)
[INFO] Downloading: https://repo.maven.apache.org/maven2/org/apache/httpcomponents/httpcomponents-client/4.0.2/httpcomponents-client-4.0.2.pom
[INFO] Downloaded: https://repo.maven.apache.org/maven2/org/apache/httpcomponents/httpcomponents-client/4.0.2/httpcomponents-client-4.0.2.pom (9 KB at 416.9 KB/sec)
[INFO] Downloading: https://repo.maven.apache.org/maven2/org/apache/httpcomponents/project/4.1/project-4.1.pom
[INFO] Downloaded: https://repo.maven.apache.org/maven2/org/apache/httpcomponents/project/4.1/project-4.1.pom (16 KB at 615.3 KB/sec)
[INFO] Downloading: https://repo.maven.apache.org/maven2/org/apache/httpcomponents/httpcore/4.0.1/httpcore-4.0.1.pom
[INFO] Downloaded: https://repo.maven.apache.org/maven2/org/apache/httpcomponents/httpcore/4.0.1/httpcore-4.0.1.pom (5 KB at 251.3 KB/sec)
[INFO] Downloading: https://repo.maven.apache.org/maven2/org/apache/httpcomponents/httpcomponents-core/4.0.1/httpcomponents-core-4.0.1.pom
[INFO] Downloaded: https://repo.maven.apache.org/maven2/org/apache/httpcomponents/httpcomponents-core/4.0.1/httpcomponents-core-4.0.1.pom (10 KB at 338.3 KB/sec)
[INFO] Downloading: https://repo.maven.apache.org/maven2/org/apache/httpcomponents/project/4.0/project-4.0.pom
[INFO] Downloaded: https://repo.maven.apache.org/maven2/org/apache/httpcomponents/project/4.0/project-4.0.pom (13 KB at 426.9 KB/sec)
[INFO] Downloading: https://repo.maven.apache.org/maven2/commons-logging/commons-logging/1.1.1/commons-logging-1.1.1.pom
[INFO] Downloaded: https://repo.maven.apache.org/maven2/commons-logging/commons-logging/1.1.1/commons-logging-1.1.1.pom (18 KB at 689.8 KB/sec)
[INFO] Downloading: https://repo.maven.apache.org/maven2/org/apache/commons/commons-parent/5/commons-parent-5.pom
[INFO] Downloaded: https://repo.maven.apache.org/maven2/org/apache/commons/commons-parent/5/commons-parent-5.pom (16 KB at 540.2 KB/sec)
[INFO] Downloading: https://repo.maven.apache.org/maven2/commons-codec/commons-codec/1.3/commons-codec-1.3.pom
[INFO] Downloaded: https://repo.maven.apache.org/maven2/commons-codec/commons-codec/1.3/commons-codec-1.3.pom (6 KB at 350.6 KB/sec)
[INFO] Downloading: https://repo.maven.apache.org/maven2/org/apache/maven/doxia/doxia-decoration-model/1.1.4/doxia-decoration-model-1.1.4.pom
[INFO] Downloaded: https://repo.maven.apache.org/maven2/org/apache/maven/doxia/doxia-decoration-model/1.1.4/doxia-decoration-model-1.1.4.pom (3 KB at 161.4 KB/sec)
[INFO] Downloading: https://repo.maven.apache.org/maven2/org/apache/maven/doxia/doxia-module-xhtml/1.1.4/doxia-module-xhtml-1.1.4.pom
[INFO] Downloaded: https://repo.maven.apache.org/maven2/org/apache/maven/doxia/doxia-module-xhtml/1.1.4/doxia-module-xhtml-1.1.4.pom (2 KB at 92.0 KB/sec)
[INFO] Downloading: https://repo.maven.apache.org/maven2/org/apache/maven/doxia/doxia-modules/1.1.4/doxia-modules-1.1.4.pom
[INFO] Downloaded: https://repo.maven.apache.org/maven2/org/apache/maven/doxia/doxia-modules/1.1.4/doxia-modules-1.1.4.pom (3 KB at 125.3 KB/sec)
[INFO] Downloading: https://repo.maven.apache.org/maven2/org/apache/maven/doxia/doxia-module-fml/1.1.4/doxia-module-fml-1.1.4.pom
[INFO] Downloaded: https://repo.maven.apache.org/maven2/org/apache/maven/doxia/doxia-module-fml/1.1.4/doxia-module-fml-1.1.4.pom (6 KB at 267.8 KB/sec)
[INFO] Downloading: https://repo.maven.apache.org/maven2/org/codehaus/groovy/groovy-all/2.0.1/groovy-all-2.0.1.pom
[INFO] Downloaded: https://repo.maven.apache.org/maven2/org/codehaus/groovy/groovy-all/2.0.1/groovy-all-2.0.1.pom (18 KB at 598.9 KB/sec)
[INFO] Downloading: https://repo.maven.apache.org/maven2/org/codehaus/plexus/plexus-utils/3.0.7/plexus-utils-3.0.7.pom
[INFO] Downloaded: https://repo.maven.apache.org/maven2/org/codehaus/plexus/plexus-utils/3.0.7/plexus-utils-3.0.7.pom (3 KB at 136.3 KB/sec)
[INFO] Downloading: https://repo.maven.apache.org/maven2/org/codehaus/plexus/plexus/3.1/plexus-3.1.pom
[INFO] Downloaded: https://repo.maven.apache.org/maven2/org/codehaus/plexus/plexus/3.1/plexus-3.1.pom (19 KB at 606.0 KB/sec)
[INFO] Downloading: https://repo.maven.apache.org/maven2/org/codehaus/plexus/plexus-interpolation/1.2/plexus-interpolation-1.2.pom
[INFO] Downloaded: https://repo.maven.apache.org/maven2/org/codehaus/plexus/plexus-interpolation/1.2/plexus-interpolation-1.2.pom (3 KB at 97.9 KB/sec)
[INFO] Downloading: https://repo.maven.apache.org/maven2/org/apache/maven/doxia/doxia-core/1.1.2/doxia-core-1.1.2.jar
[INFO] Downloading: https://repo.maven.apache.org/maven2/xerces/xercesImpl/2.8.1/xercesImpl-2.8.1.jar
[INFO] Downloading: https://repo.maven.apache.org/maven2/commons-httpclient/commons-httpclient/3.1/commons-httpclient-3.1.jar
[INFO] Downloading: https://repo.maven.apache.org/maven2/commons-codec/commons-codec/1.2/commons-codec-1.2.jar
[INFO] Downloading: https://repo.maven.apache.org/maven2/org/codehaus/groovy/groovy/2.0.1/groovy-2.0.1.jar
[INFO] Downloaded: https://repo.maven.apache.org/maven2/commons-codec/commons-codec/1.2/commons-codec-1.2.jar (30 KB at 773.2 KB/sec)
[INFO] Downloading: https://repo.maven.apache.org/maven2/antlr/antlr/2.7.7/antlr-2.7.7.jar
[INFO] Downloaded: https://repo.maven.apache.org/maven2/org/apache/maven/doxia/doxia-core/1.1.2/doxia-core-1.1.2.jar (155 KB at 1818.7 KB/sec)
[INFO] Downloading: https://repo.maven.apache.org/maven2/org/ow2/asm/asm-tree/4.0/asm-tree-4.0.jar
[INFO] Downloaded: https://repo.maven.apache.org/maven2/org/ow2/asm/asm-tree/4.0/asm-tree-4.0.jar (22 KB at 188.3 KB/sec)
[INFO] Downloading: https://repo.maven.apache.org/maven2/org/ow2/asm/asm-commons/4.0/asm-commons-4.0.jar
[INFO] Downloaded: https://repo.maven.apache.org/maven2/commons-httpclient/commons-httpclient/3.1/commons-httpclient-3.1.jar (298 KB at 2142.8 KB/sec)
[INFO] Downloading: https://repo.maven.apache.org/maven2/org/ow2/asm/asm/4.0/asm-4.0.jar
[INFO] Downloaded: https://repo.maven.apache.org/maven2/org/ow2/asm/asm-commons/4.0/asm-commons-4.0.jar (37 KB at 249.3 KB/sec)
[INFO] Downloading: https://repo.maven.apache.org/maven2/org/ow2/asm/asm-util/4.0/asm-util-4.0.jar
[INFO] Downloaded: https://repo.maven.apache.org/maven2/org/ow2/asm/asm/4.0/asm-4.0.jar (45 KB at 258.3 KB/sec)
[INFO] Downloading: https://repo.maven.apache.org/maven2/org/ow2/asm/asm-analysis/4.0/asm-analysis-4.0.jar
[INFO] Downloaded: https://repo.maven.apache.org/maven2/org/ow2/asm/asm-util/4.0/asm-util-4.0.jar (37 KB at 199.6 KB/sec)
[INFO] Downloading: https://repo.maven.apache.org/maven2/org/apache/maven/doxia/doxia-logging-api/1.1.4/doxia-logging-api-1.1.4.jar
[INFO] Downloaded: https://repo.maven.apache.org/maven2/org/ow2/asm/asm-analysis/4.0/asm-analysis-4.0.jar (20 KB at 94.8 KB/sec)
[INFO] Downloading: https://repo.maven.apache.org/maven2/org/apache/maven/doxia/doxia-decoration-model/1.1.4/doxia-decoration-model-1.1.4.jar
[INFO] Downloaded: https://repo.maven.apache.org/maven2/org/apache/maven/doxia/doxia-logging-api/1.1.4/doxia-logging-api-1.1.4.jar (12 KB at 53.5 KB/sec)
[INFO] Downloading: https://repo.maven.apache.org/maven2/org/apache/maven/doxia/doxia-module-xhtml/1.1.4/doxia-module-xhtml-1.1.4.jar
[INFO] Downloaded: https://repo.maven.apache.org/maven2/org/apache/maven/doxia/doxia-module-xhtml/1.1.4/doxia-module-xhtml-1.1.4.jar (15 KB at 62.2 KB/sec)
[INFO] Downloading: https://repo.maven.apache.org/maven2/org/apache/maven/doxia/doxia-module-fml/1.1.4/doxia-module-fml-1.1.4.jar
[INFO] Downloaded: https://repo.maven.apache.org/maven2/antlr/antlr/2.7.7/antlr-2.7.7.jar (435 KB at 1732.5 KB/sec)
[INFO] Downloading: https://repo.maven.apache.org/maven2/commons-collections/commons-collections/3.2/commons-collections-3.2.jar
[INFO] Downloaded: https://repo.maven.apache.org/maven2/org/apache/maven/doxia/doxia-decoration-model/1.1.4/doxia-decoration-model-1.1.4.jar (52 KB at 203.6 KB/sec)
[INFO] Downloaded: https://repo.maven.apache.org/maven2/org/apache/maven/doxia/doxia-module-fml/1.1.4/doxia-module-fml-1.1.4.jar (37 KB at 132.9 KB/sec)
[INFO] Downloaded: https://repo.maven.apache.org/maven2/commons-collections/commons-collections/3.2/commons-collections-3.2.jar (558 KB at 1155.0 KB/sec)
[INFO] Downloaded: https://repo.maven.apache.org/maven2/xerces/xercesImpl/2.8.1/xercesImpl-2.8.1.jar (1185 KB at 2383.4 KB/sec)
[INFO] Downloaded: https://repo.maven.apache.org/maven2/org/codehaus/groovy/groovy/2.0.1/groovy-2.0.1.jar (3194 KB at 3097.9 KB/sec)
[INFO] Installing /home/travis/build/passed/google/auto/pom.xml to /home/travis/.m2/repository/com/google/auto/auto-parent/4-SNAPSHOT/auto-parent-4-SNAPSHOT.pom
[INFO] Installing /home/travis/build/passed/google/auto/common/pom.xml to /home/travis/.m2/repository/com/google/auto/auto-common/1.0-SNAPSHOT/auto-common-1.0-SNAPSHOT.pom
[INFO] Installing /home/travis/build/passed/google/auto/common/target/auto-common-1.0-SNAPSHOT.jar to /home/travis/.m2/repository/com/google/auto/auto-common/1.0-SNAPSHOT/auto-common-1.0-SNAPSHOT.jar
[INFO] Installing /home/travis/build/passed/google/auto/factory/pom.xml to /home/travis/.m2/repository/com/google/auto/factory/auto-factory/1.0-SNAPSHOT/auto-factory-1.0-SNAPSHOT.pom
[INFO] Installing /home/travis/build/passed/google/auto/factory/target/auto-factory-1.0-SNAPSHOT.jar to /home/travis/.m2/repository/com/google/auto/factory/auto-factory/1.0-SNAPSHOT/auto-factory-1.0-SNAPSHOT.jar
[INFO] 
[INFO] --- maven-invoker-plugin:1.8:run (integration-test) @ auto-factory ---
[INFO] Building: functional/pom.xml
[INFO] Java HotSpot(TM) 64-Bit Server VM warning: ignoring option MaxPermSize=192m; support was removed in 8.0
[INFO] [INFO] Scanning for projects...
[INFO] [INFO]                                                                         
[INFO] [INFO] ------------------------------------------------------------------------
[INFO] [INFO] Building Auto-Value Functional Integration Test HEAD-SNAPSHOT
[INFO] [INFO] ------------------------------------------------------------------------
[INFO] [INFO] Downloading: https://repository.apache.org/snapshots/com/google/auto/factory/auto-factory/1.0-SNAPSHOT/maven-metadata.xml
[INFO] [INFO] Downloading: http://insecure.repo1.maven.org/maven2/com/google/inject/guice/4.0/guice-4.0.pom
[INFO] [INFO] Downloaded: http://insecure.repo1.maven.org/maven2/com/google/inject/guice/4.0/guice-4.0.pom (11 KB at 111.7 KB/sec)
[INFO] [INFO] Downloading: http://insecure.repo1.maven.org/maven2/com/google/inject/guice-parent/4.0/guice-parent-4.0.pom
[INFO] [INFO] Downloaded: http://insecure.repo1.maven.org/maven2/com/google/inject/guice-parent/4.0/guice-parent-4.0.pom (16 KB at 605.2 KB/sec)
[INFO] [INFO] Downloading: http://insecure.repo1.maven.org/maven2/com/google/google/5/google-5.pom
[INFO] [INFO] Downloaded: http://insecure.repo1.maven.org/maven2/com/google/google/5/google-5.pom (3 KB at 120.0 KB/sec)
[INFO] [INFO] Downloading: http://insecure.repo1.maven.org/maven2/aopalliance/aopalliance/1.0/aopalliance-1.0.pom
[INFO] [INFO] Downloaded: http://insecure.repo1.maven.org/maven2/aopalliance/aopalliance/1.0/aopalliance-1.0.pom (363 B at 16.9 KB/sec)
[INFO] [INFO] Downloading: http://insecure.repo1.maven.org/maven2/com/google/dagger/dagger/2.4/dagger-2.4.pom
[INFO] [INFO] Downloaded: http://insecure.repo1.maven.org/maven2/com/google/dagger/dagger/2.4/dagger-2.4.pom (4 KB at 143.1 KB/sec)
[INFO] [INFO] Downloading: http://insecure.repo1.maven.org/maven2/com/google/dagger/dagger-parent/2.4/dagger-parent-2.4.pom
[INFO] [INFO] Downloaded: http://insecure.repo1.maven.org/maven2/com/google/dagger/dagger-parent/2.4/dagger-parent-2.4.pom (8 KB at 329.9 KB/sec)
[INFO] [INFO] Downloading: http://insecure.repo1.maven.org/maven2/com/google/dagger/dagger-compiler/2.4/dagger-compiler-2.4.pom
[INFO] [INFO] Downloaded: http://insecure.repo1.maven.org/maven2/com/google/dagger/dagger-compiler/2.4/dagger-compiler-2.4.pom (7 KB at 289.1 KB/sec)
[INFO] [INFO] Downloading: http://insecure.repo1.maven.org/maven2/com/google/dagger/dagger-producers/2.4/dagger-producers-2.4.pom
[INFO] [INFO] Downloaded: http://insecure.repo1.maven.org/maven2/com/google/dagger/dagger-producers/2.4/dagger-producers-2.4.pom (3 KB at 103.4 KB/sec)
[INFO] [INFO] Downloading: http://insecure.repo1.maven.org/maven2/com/google/inject/guice/4.0/guice-4.0.jar
[INFO] [INFO] Downloading: http://insecure.repo1.maven.org/maven2/aopalliance/aopalliance/1.0/aopalliance-1.0.jar
[INFO] [INFO] Downloading: http://insecure.repo1.maven.org/maven2/com/google/dagger/dagger/2.4/dagger-2.4.jar
[INFO] [INFO] Downloading: http://insecure.repo1.maven.org/maven2/com/google/dagger/dagger-compiler/2.4/dagger-compiler-2.4.jar
[INFO] [INFO] Downloading: http://insecure.repo1.maven.org/maven2/com/google/dagger/dagger-producers/2.4/dagger-producers-2.4.jar
[INFO] [INFO] Downloaded: http://insecure.repo1.maven.org/maven2/aopalliance/aopalliance/1.0/aopalliance-1.0.jar (5 KB at 79.3 KB/sec)
[INFO] [INFO] Downloaded: http://insecure.repo1.maven.org/maven2/com/google/dagger/dagger/2.4/dagger-2.4.jar (26 KB at 203.8 KB/sec)
[INFO] [INFO] Downloaded: http://insecure.repo1.maven.org/maven2/com/google/dagger/dagger-producers/2.4/dagger-producers-2.4.jar (67 KB at 320.0 KB/sec)
[INFO] [INFO] Downloaded: http://insecure.repo1.maven.org/maven2/com/google/dagger/dagger-compiler/2.4/dagger-compiler-2.4.jar (8293 KB at 7973.7 KB/sec)
[INFO] [INFO] Downloaded: http://insecure.repo1.maven.org/maven2/com/google/inject/guice/4.0/guice-4.0.jar (653 KB at 516.3 KB/sec)
[INFO] [INFO] 
[INFO] [INFO] --- maven-resources-plugin:2.6:resources (default-resources) @ functional ---
[INFO] [WARNING] Using platform encoding (UTF-8 actually) to copy filtered resources, i.e. build is platform dependent!
[INFO] [INFO] skip non existing resourceDirectory /home/travis/build/passed/google/auto/factory/target/it/functional/src/main/resources
[INFO] [INFO] 
[INFO] [INFO] --- maven-compiler-plugin:3.1:compile (default-compile) @ functional ---
[INFO] [INFO] Changes detected - recompiling the module!
[INFO] [WARNING] File encoding has not been set, using platform encoding UTF-8, i.e. build is platform dependent!
[INFO] [INFO] Compiling 9 source files to /home/travis/build/passed/google/auto/factory/target/it/functional/target/classes
[INFO] [WARNING] bootstrap class path not set in conjunction with -source 1.6
[INFO] [WARNING] No processor claimed any of these annotations: javax.inject.Inject,com.google.auto.factory.Provided,com.google.auto.factory.AutoFactory,dagger.Module,javax.inject.Qualifier,com.google.auto.factory.Qualifier,dagger.Component,dagger.Provides
[INFO] [WARNING] No processor claimed any of these annotations: javax.inject.Inject,com.google.auto.factory.Qualifier,javax.annotation.Generated
[INFO] [WARNING] No processor claimed any of these annotations: javax.annotation.Generated
[INFO] [INFO] 
[INFO] [INFO] --- maven-resources-plugin:2.6:testResources (default-testResources) @ functional ---
[INFO] [WARNING] Using platform encoding (UTF-8 actually) to copy filtered resources, i.e. build is platform dependent!
[INFO] [INFO] skip non existing resourceDirectory /home/travis/build/passed/google/auto/factory/target/it/functional/src/test/resources
[INFO] [INFO] 
[INFO] [INFO] --- maven-compiler-plugin:3.1:testCompile (default-testCompile) @ functional ---
[INFO] [INFO] Changes detected - recompiling the module!
[INFO] [WARNING] File encoding has not been set, using platform encoding UTF-8, i.e. build is platform dependent!
[INFO] [INFO] Compiling 1 source file to /home/travis/build/passed/google/auto/factory/target/it/functional/target/test-classes
[INFO] [WARNING] bootstrap class path not set in conjunction with -source 1.6
[INFO] [WARNING] No processor claimed any of these annotations: org.junit.runner.RunWith,org.junit.Test
[INFO] [INFO] 
[INFO] [INFO] --- maven-surefire-plugin:2.12.4:test (default-test) @ functional ---
[INFO] [INFO] Surefire report directory: /home/travis/build/passed/google/auto/factory/target/it/functional/target/surefire-reports
[INFO] 
[INFO] -------------------------------------------------------
[INFO]  T E S T S
[INFO] -------------------------------------------------------
[INFO] Running com.google.auto.factory.DependencyInjectionIntegrationTest
[INFO] Tests run: 2, Failures: 0, Errors: 0, Skipped: 0, Time elapsed: 0.349 sec
[INFO] 
[INFO] Results :
[INFO] 
[INFO] Tests run: 2, Failures: 0, Errors: 0, Skipped: 0
[INFO] 
[INFO] [INFO] 
[INFO] [INFO] --- maven-jar-plugin:2.6:jar (default-jar) @ functional ---
[INFO] [INFO] Building jar: /home/travis/build/passed/google/auto/factory/target/it/functional/target/functional-HEAD-SNAPSHOT.jar
[INFO] [INFO] ------------------------------------------------------------------------
[INFO] [INFO] BUILD SUCCESS
[INFO] [INFO] ------------------------------------------------------------------------
[INFO] [INFO] Total time: 6.888 s
[INFO] [INFO] Finished at: 2021-03-27T20:11:47+00:00
[INFO] [INFO] Final Memory: 26M/485M
[INFO] [INFO] ------------------------------------------------------------------------
[INFO] ..SUCCESS (8.3 s)
[INFO] -------------------------------------------------
[INFO] Build Summary:
[INFO]   Passed: 1, Failed: 0, Errors: 0, Skipped: 0
[INFO] -------------------------------------------------
[INFO]                                                                         
[INFO] ------------------------------------------------------------------------
[INFO] Building AutoService 1.0-SNAPSHOT
[INFO] ------------------------------------------------------------------------
[INFO] 
[INFO] --- maven-enforcer-plugin:1.0:enforce (enforce-maven) @ auto-service ---
[INFO] 
[INFO] --- maven-resources-plugin:2.6:resources (default-resources) @ auto-service ---
[INFO] Using 'UTF-8' encoding to copy filtered resources.
[INFO] Copying 1 resource
[INFO] 
[INFO] --- maven-compiler-plugin:3.1:compile (default-compile) @ auto-service ---
[INFO] Changes detected - recompiling the module!
[INFO] Compiling 4 source files to /home/travis/build/passed/google/auto/service/target/classes
[WARNING] bootstrap class path not set in conjunction with -source 1.6
[INFO] 
[INFO] --- maven-resources-plugin:2.6:testResources (default-testResources) @ auto-service ---
[INFO] Using 'UTF-8' encoding to copy filtered resources.
[INFO] Copying 8 resources
[INFO] 
[INFO] --- maven-compiler-plugin:3.1:testCompile (default-testCompile) @ auto-service ---
[INFO] Changes detected - recompiling the module!
[INFO] Compiling 1 source file to /home/travis/build/passed/google/auto/service/target/test-classes
[WARNING] bootstrap class path not set in conjunction with -source 1.6
[INFO] 
[INFO] --- maven-surefire-plugin:2.12.4:test (default-test) @ auto-service ---
[INFO] Surefire report directory: /home/travis/build/passed/google/auto/service/target/surefire-reports

-------------------------------------------------------
 T E S T S
-------------------------------------------------------
Running com.google.auto.service.processor.AutoServiceProcessorTest
Tests run: 1, Failures: 0, Errors: 0, Skipped: 0, Time elapsed: 0.711 sec

Results :

Tests run: 1, Failures: 0, Errors: 0, Skipped: 0

[INFO] 
[INFO] --- maven-jar-plugin:2.6:jar (default-jar) @ auto-service ---
[INFO] Building jar: /home/travis/build/passed/google/auto/service/target/auto-service-1.0-SNAPSHOT.jar
[INFO]                                                                         
[INFO] ------------------------------------------------------------------------
[INFO] Building AutoValue 1.5-SNAPSHOT
[INFO] ------------------------------------------------------------------------
[INFO] 
[INFO] --- maven-enforcer-plugin:1.0:enforce (enforce-maven) @ auto-value ---
[INFO] 
[INFO] --- maven-resources-plugin:2.6:resources (default-resources) @ auto-value ---
[INFO] Using 'UTF-8' encoding to copy filtered resources.
[INFO] Copying 47 resources
[INFO] 
[INFO] --- maven-compiler-plugin:3.1:compile (default-compile) @ auto-value ---
[INFO] Changes detected - recompiling the module!
[INFO] Compiling 42 source files to /home/travis/build/passed/google/auto/value/target/classes
[WARNING] No processor claimed any of these annotations: com.google.common.annotations.VisibleForTesting
[INFO] 
[INFO] --- maven-resources-plugin:2.6:testResources (default-testResources) @ auto-value ---
[INFO] Using 'UTF-8' encoding to copy filtered resources.
[INFO] skip non existing resourceDirectory /home/travis/build/passed/google/auto/value/src/test/resources
[INFO] 
[INFO] --- maven-compiler-plugin:3.1:testCompile (default-testCompile) @ auto-value ---
[INFO] Changes detected - recompiling the module!
[INFO] Compiling 19 source files to /home/travis/build/passed/google/auto/value/target/test-classes
[WARNING] No processor claimed any of these annotations: org.junit.Rule,com.google.auto.value.extension.memoized.Memoized,org.junit.runner.RunWith,com.google.auto.value.AutoValue,org.junit.Test,javax.annotation.processing.SupportedAnnotationTypes,javax.annotation.Nullable,org.junit.Before
[WARNING] No processor claimed any of these annotations: javax.annotation.Generated,javax.annotation.Nullable,com.google.errorprone.annotations.concurrent.LazyInit
[WARNING] /home/travis/build/passed/google/auto/value/src/test/java/com/google/auto/value/extension/memoized/MemoizedMethodSubject.java:[44,13] getSubject() in com.google.common.truth.Subject has been deprecated
[WARNING] /home/travis/build/passed/google/auto/value/src/test/java/com/google/auto/value/extension/memoized/MemoizedTest.java:[110,16] serializable class com.google.auto.value.extension.memoized.MemoizedTest.SomeCheckedException has no definition of serialVersionUID
[WARNING] /home/travis/build/passed/google/auto/value/src/test/java/com/google/auto/value/extension/memoized/MemoizedTest.java:[190,27] hasMessage(java.lang.String) in com.google.common.truth.ThrowableSubject has been deprecated
[INFO] 
[INFO] --- maven-surefire-plugin:2.12.4:test (default-test) @ auto-value ---
[INFO] Surefire report directory: /home/travis/build/passed/google/auto/value/target/surefire-reports

-------------------------------------------------------
 T E S T S
-------------------------------------------------------
Running com.google.auto.value.processor.SimplifyWithAnnotationsTest
SKIPPING TEST BECAUSE OF BUGGY COMPILER
Tests run: 1, Failures: 0, Errors: 0, Skipped: 0, Time elapsed: 0.639 sec
Running com.google.auto.value.processor.TypeSimplifierTest
Tests run: 20, Failures: 0, Errors: 0, Skipped: 0, Time elapsed: 0.586 sec
Running com.google.auto.value.processor.CompilationTest
Tests run: 73, Failures: 0, Errors: 0, Skipped: 0, Time elapsed: 2.723 sec
Running com.google.auto.value.processor.ExtensionTest
Tests run: 20, Failures: 0, Errors: 0, Skipped: 0, Time elapsed: 0.643 sec
Running com.google.auto.value.processor.PropertyAnnotationsTest
Tests run: 21, Failures: 0, Errors: 0, Skipped: 0, Time elapsed: 1.102 sec
Running com.google.auto.value.processor.escapevelocity.ReferenceNodeTest
Tests run: 3, Failures: 0, Errors: 0, Skipped: 0, Time elapsed: 0.002 sec
Running com.google.auto.value.processor.escapevelocity.TemplateTest
Tests run: 59, Failures: 0, Errors: 0, Skipped: 0, Time elapsed: 0.248 sec
Running com.google.auto.value.processor.AutoAnnotationErrorsTest
Tests run: 12, Failures: 0, Errors: 0, Skipped: 0, Time elapsed: 0.271 sec
Running com.google.auto.value.processor.ReformatterTest
Tests run: 2, Failures: 0, Errors: 0, Skipped: 0, Time elapsed: 0 sec
Running com.google.auto.value.processor.TemplateVarsTest
Tests run: 8, Failures: 0, Errors: 0, Skipped: 0, Time elapsed: 0.325 sec
Running com.google.auto.value.processor.GuavaCollectionBuildersTest
Tests run: 1, Failures: 0, Errors: 0, Skipped: 0, Time elapsed: 0.123 sec
Running com.google.auto.value.processor.JavaScannerTest
Tests run: 1, Failures: 0, Errors: 0, Skipped: 0, Time elapsed: 0 sec
Running com.google.auto.value.processor.GeneratedDoesNotExistTest
Tests run: 1, Failures: 0, Errors: 0, Skipped: 0, Time elapsed: 0.032 sec
Running com.google.auto.value.processor.AutoAnnotationCompilationTest
Tests run: 5, Failures: 0, Errors: 0, Skipped: 0, Time elapsed: 0.21 sec
Running com.google.auto.value.extension.memoized.MemoizedValidationTest
Tests run: 7, Failures: 0, Errors: 0, Skipped: 0, Time elapsed: 0.164 sec
Running com.google.auto.value.extension.memoized.MemoizedTest
Tests run: 11, Failures: 0, Errors: 0, Skipped: 0, Time elapsed: 0.006 sec

Results :

Tests run: 245, Failures: 0, Errors: 0, Skipped: 0

[INFO] 
[INFO] --- maven-jar-plugin:2.6:jar (default-jar) @ auto-value ---
[INFO] Building jar: /home/travis/build/passed/google/auto/value/target/auto-value-1.5-SNAPSHOT.jar
[INFO] 
[INFO] --- maven-shade-plugin:4:shade (default) @ auto-value ---
[INFO] Downloading: https://repo.maven.apache.org/maven2/org/apache/maven/maven-plugin-api/3.0/maven-plugin-api-3.0.pom
[INFO] Downloaded: https://repo.maven.apache.org/maven2/org/apache/maven/maven-plugin-api/3.0/maven-plugin-api-3.0.pom (3 KB at 117.6 KB/sec)
[INFO] Downloading: https://repo.maven.apache.org/maven2/org/apache/maven/maven/3.0/maven-3.0.pom
[INFO] Downloaded: https://repo.maven.apache.org/maven2/org/apache/maven/maven/3.0/maven-3.0.pom (22 KB at 971.5 KB/sec)
[INFO] Downloading: https://repo.maven.apache.org/maven2/org/apache/maven/maven-model/3.0/maven-model-3.0.pom
[INFO] Downloaded: https://repo.maven.apache.org/maven2/org/apache/maven/maven-model/3.0/maven-model-3.0.pom (4 KB at 223.6 KB/sec)
[INFO] Downloading: https://repo.maven.apache.org/maven2/org/codehaus/plexus/plexus-utils/2.0.4/plexus-utils-2.0.4.pom
[INFO] Downloaded: https://repo.maven.apache.org/maven2/org/codehaus/plexus/plexus-utils/2.0.4/plexus-utils-2.0.4.pom (4 KB at 180.9 KB/sec)
[INFO] Downloading: https://repo.maven.apache.org/maven2/org/apache/maven/maven-artifact/3.0/maven-artifact-3.0.pom
[INFO] Downloaded: https://repo.maven.apache.org/maven2/org/apache/maven/maven-artifact/3.0/maven-artifact-3.0.pom (2 KB at 94.1 KB/sec)
[INFO] Downloading: https://repo.maven.apache.org/maven2/org/sonatype/sisu/sisu-inject-plexus/1.4.2/sisu-inject-plexus-1.4.2.pom
[INFO] Downloaded: https://repo.maven.apache.org/maven2/org/sonatype/sisu/sisu-inject-plexus/1.4.2/sisu-inject-plexus-1.4.2.pom (6 KB at 218.5 KB/sec)
[INFO] Downloading: https://repo.maven.apache.org/maven2/org/sonatype/sisu/inject/guice-plexus/1.4.2/guice-plexus-1.4.2.pom
[INFO] Downloaded: https://repo.maven.apache.org/maven2/org/sonatype/sisu/inject/guice-plexus/1.4.2/guice-plexus-1.4.2.pom (4 KB at 160.8 KB/sec)
[INFO] Downloading: https://repo.maven.apache.org/maven2/org/sonatype/sisu/inject/guice-bean/1.4.2/guice-bean-1.4.2.pom
[INFO] Downloaded: https://repo.maven.apache.org/maven2/org/sonatype/sisu/inject/guice-bean/1.4.2/guice-bean-1.4.2.pom (3 KB at 141.4 KB/sec)
[INFO] Downloading: https://repo.maven.apache.org/maven2/org/sonatype/sisu/sisu-inject/1.4.2/sisu-inject-1.4.2.pom
[INFO] Downloaded: https://repo.maven.apache.org/maven2/org/sonatype/sisu/sisu-inject/1.4.2/sisu-inject-1.4.2.pom (2 KB at 71.7 KB/sec)
[INFO] Downloading: https://repo.maven.apache.org/maven2/org/sonatype/sisu/sisu-parent/1.4.2/sisu-parent-1.4.2.pom
[INFO] Downloaded: https://repo.maven.apache.org/maven2/org/sonatype/sisu/sisu-parent/1.4.2/sisu-parent-1.4.2.pom (8 KB at 361.7 KB/sec)
[INFO] Downloading: https://repo.maven.apache.org/maven2/org/sonatype/forge/forge-parent/6/forge-parent-6.pom
[INFO] Downloaded: https://repo.maven.apache.org/maven2/org/sonatype/forge/forge-parent/6/forge-parent-6.pom (11 KB at 338.8 KB/sec)
[INFO] Downloading: https://repo.maven.apache.org/maven2/org/codehaus/plexus/plexus-classworlds/2.2.3/plexus-classworlds-2.2.3.pom
[INFO] Downloaded: https://repo.maven.apache.org/maven2/org/codehaus/plexus/plexus-classworlds/2.2.3/plexus-classworlds-2.2.3.pom (4 KB at 205.4 KB/sec)
[INFO] Downloading: https://repo.maven.apache.org/maven2/org/sonatype/sisu/sisu-inject-bean/1.4.2/sisu-inject-bean-1.4.2.pom
[INFO] Downloaded: https://repo.maven.apache.org/maven2/org/sonatype/sisu/sisu-inject-bean/1.4.2/sisu-inject-bean-1.4.2.pom (6 KB at 242.2 KB/sec)
[INFO] Downloading: https://repo.maven.apache.org/maven2/org/sonatype/sisu/sisu-guice/2.1.7/sisu-guice-2.1.7.pom
[INFO] Downloaded: https://repo.maven.apache.org/maven2/org/sonatype/sisu/sisu-guice/2.1.7/sisu-guice-2.1.7.pom (11 KB at 432.1 KB/sec)
[INFO] Downloading: https://repo.maven.apache.org/maven2/org/apache/maven/maven-core/3.0/maven-core-3.0.pom
[INFO] Downloaded: https://repo.maven.apache.org/maven2/org/apache/maven/maven-core/3.0/maven-core-3.0.pom (7 KB at 359.6 KB/sec)
[INFO] Downloading: https://repo.maven.apache.org/maven2/org/apache/maven/maven-settings/3.0/maven-settings-3.0.pom
[INFO] Downloaded: https://repo.maven.apache.org/maven2/org/apache/maven/maven-settings/3.0/maven-settings-3.0.pom (2 KB at 57.4 KB/sec)
[INFO] Downloading: https://repo.maven.apache.org/maven2/org/apache/maven/maven-settings-builder/3.0/maven-settings-builder-3.0.pom
[INFO] Downloaded: https://repo.maven.apache.org/maven2/org/apache/maven/maven-settings-builder/3.0/maven-settings-builder-3.0.pom (3 KB at 77.4 KB/sec)
[INFO] Downloading: https://repo.maven.apache.org/maven2/org/codehaus/plexus/plexus-interpolation/1.14/plexus-interpolation-1.14.pom
[INFO] Downloaded: https://repo.maven.apache.org/maven2/org/codehaus/plexus/plexus-interpolation/1.14/plexus-interpolation-1.14.pom (910 B at 49.4 KB/sec)
[INFO] Downloading: https://repo.maven.apache.org/maven2/org/codehaus/plexus/plexus-components/1.1.18/plexus-components-1.1.18.pom
[INFO] Downloaded: https://repo.maven.apache.org/maven2/org/codehaus/plexus/plexus-components/1.1.18/plexus-components-1.1.18.pom (6 KB at 209.2 KB/sec)
[INFO] Downloading: https://repo.maven.apache.org/maven2/org/apache/maven/maven-repository-metadata/3.0/maven-repository-metadata-3.0.pom
[INFO] Downloaded: https://repo.maven.apache.org/maven2/org/apache/maven/maven-repository-metadata/3.0/maven-repository-metadata-3.0.pom (2 KB at 94.2 KB/sec)
[INFO] Downloading: https://repo.maven.apache.org/maven2/org/apache/maven/maven-model-builder/3.0/maven-model-builder-3.0.pom
[INFO] Downloaded: https://repo.maven.apache.org/maven2/org/apache/maven/maven-model-builder/3.0/maven-model-builder-3.0.pom (3 KB at 129.0 KB/sec)
[INFO] Downloading: https://repo.maven.apache.org/maven2/org/apache/maven/maven-aether-provider/3.0/maven-aether-provider-3.0.pom
[INFO] Downloaded: https://repo.maven.apache.org/maven2/org/apache/maven/maven-aether-provider/3.0/maven-aether-provider-3.0.pom (3 KB at 141.9 KB/sec)
[INFO] Downloading: https://repo.maven.apache.org/maven2/org/sonatype/aether/aether-api/1.7/aether-api-1.7.pom
[INFO] Downloaded: https://repo.maven.apache.org/maven2/org/sonatype/aether/aether-api/1.7/aether-api-1.7.pom (2 KB at 81.7 KB/sec)
[INFO] Downloading: https://repo.maven.apache.org/maven2/org/sonatype/aether/aether-parent/1.7/aether-parent-1.7.pom
[INFO] Downloaded: https://repo.maven.apache.org/maven2/org/sonatype/aether/aether-parent/1.7/aether-parent-1.7.pom (8 KB at 328.0 KB/sec)
[INFO] Downloading: https://repo.maven.apache.org/maven2/org/sonatype/aether/aether-util/1.7/aether-util-1.7.pom
[INFO] Downloaded: https://repo.maven.apache.org/maven2/org/sonatype/aether/aether-util/1.7/aether-util-1.7.pom (3 KB at 125.9 KB/sec)
[INFO] Downloading: https://repo.maven.apache.org/maven2/org/sonatype/aether/aether-impl/1.7/aether-impl-1.7.pom
[INFO] Downloaded: https://repo.maven.apache.org/maven2/org/sonatype/aether/aether-impl/1.7/aether-impl-1.7.pom (4 KB at 225.4 KB/sec)
[INFO] Downloading: https://repo.maven.apache.org/maven2/org/sonatype/aether/aether-spi/1.7/aether-spi-1.7.pom
[INFO] Downloaded: https://repo.maven.apache.org/maven2/org/sonatype/aether/aether-spi/1.7/aether-spi-1.7.pom (2 KB at 113.3 KB/sec)
[INFO] Downloading: https://repo.maven.apache.org/maven2/org/apache/maven/maven-compat/3.0/maven-compat-3.0.pom
[INFO] Downloaded: https://repo.maven.apache.org/maven2/org/apache/maven/maven-compat/3.0/maven-compat-3.0.pom (4 KB at 196.3 KB/sec)
[INFO] Downloading: https://repo.maven.apache.org/maven2/org/apache/maven/wagon/wagon-provider-api/1.0-beta-6/wagon-provider-api-1.0-beta-6.pom
[INFO] Downloaded: https://repo.maven.apache.org/maven2/org/apache/maven/wagon/wagon-provider-api/1.0-beta-6/wagon-provider-api-1.0-beta-6.pom (2 KB at 85.9 KB/sec)
[INFO] Downloading: https://repo.maven.apache.org/maven2/org/apache/maven/wagon/wagon/1.0-beta-6/wagon-1.0-beta-6.pom
[INFO] Downloaded: https://repo.maven.apache.org/maven2/org/apache/maven/wagon/wagon/1.0-beta-6/wagon-1.0-beta-6.pom (13 KB at 525.9 KB/sec)
[INFO] Downloading: https://repo.maven.apache.org/maven2/org/codehaus/plexus/plexus-utils/1.4.2/plexus-utils-1.4.2.pom
[INFO] Downloaded: https://repo.maven.apache.org/maven2/org/codehaus/plexus/plexus-utils/1.4.2/plexus-utils-1.4.2.pom (2 KB at 112.5 KB/sec)
[INFO] Downloading: https://repo.maven.apache.org/maven2/org/ow2/asm/asm/5.2/asm-5.2.pom
[INFO] Downloaded: https://repo.maven.apache.org/maven2/org/ow2/asm/asm/5.2/asm-5.2.pom (2 KB at 89.9 KB/sec)
[INFO] Downloading: https://repo.maven.apache.org/maven2/org/ow2/asm/asm-parent/5.2/asm-parent-5.2.pom
[INFO] Downloaded: https://repo.maven.apache.org/maven2/org/ow2/asm/asm-parent/5.2/asm-parent-5.2.pom (6 KB at 69.7 KB/sec)
[INFO] Downloading: https://repo.maven.apache.org/maven2/org/ow2/asm/asm-commons/5.2/asm-commons-5.2.pom
[INFO] Downloaded: https://repo.maven.apache.org/maven2/org/ow2/asm/asm-commons/5.2/asm-commons-5.2.pom (3 KB at 78.6 KB/sec)
[INFO] Downloading: https://repo.maven.apache.org/maven2/org/ow2/asm/asm-tree/5.2/asm-tree-5.2.pom
[INFO] Downloaded: https://repo.maven.apache.org/maven2/org/ow2/asm/asm-tree/5.2/asm-tree-5.2.pom (3 KB at 112.9 KB/sec)
[INFO] Downloading: https://repo.maven.apache.org/maven2/org/jdom/jdom/1.1/jdom-1.1.pom
[INFO] Downloaded: https://repo.maven.apache.org/maven2/org/jdom/jdom/1.1/jdom-1.1.pom (3 KB at 125.7 KB/sec)
[INFO] Downloading: https://repo.maven.apache.org/maven2/com/google/guava/guava/11.0.2/guava-11.0.2.pom
[INFO] Downloaded: https://repo.maven.apache.org/maven2/com/google/guava/guava/11.0.2/guava-11.0.2.pom (6 KB at 254.4 KB/sec)
[INFO] Downloading: https://repo.maven.apache.org/maven2/com/google/guava/guava-parent/11.0.2/guava-parent-11.0.2.pom
[INFO] Downloaded: https://repo.maven.apache.org/maven2/com/google/guava/guava-parent/11.0.2/guava-parent-11.0.2.pom (2 KB at 106.3 KB/sec)
[INFO] Downloading: https://repo.maven.apache.org/maven2/org/sonatype/sisu/sisu-inject-bean/1.4.2/sisu-inject-bean-1.4.2.jar
[INFO] Downloading: https://repo.maven.apache.org/maven2/org/sonatype/sisu/sisu-guice/2.1.7/sisu-guice-2.1.7-noaop.jar
[INFO] Downloading: https://repo.maven.apache.org/maven2/org/sonatype/aether/aether-util/1.7/aether-util-1.7.jar
[INFO] Downloading: https://repo.maven.apache.org/maven2/org/codehaus/plexus/plexus-interpolation/1.14/plexus-interpolation-1.14.jar
[INFO] Downloading: https://repo.maven.apache.org/maven2/org/ow2/asm/asm-tree/5.2/asm-tree-5.2.jar
[INFO] Downloaded: https://repo.maven.apache.org/maven2/org/ow2/asm/asm-tree/5.2/asm-tree-5.2.jar (29 KB at 849.7 KB/sec)
[INFO] Downloaded: https://repo.maven.apache.org/maven2/org/codehaus/plexus/plexus-interpolation/1.14/plexus-interpolation-1.14.jar (60 KB at 1169.4 KB/sec)
[INFO] Downloaded: https://repo.maven.apache.org/maven2/org/sonatype/aether/aether-util/1.7/aether-util-1.7.jar (106 KB at 1700.3 KB/sec)
[INFO] Downloaded: https://repo.maven.apache.org/maven2/org/sonatype/sisu/sisu-inject-bean/1.4.2/sisu-inject-bean-1.4.2.jar (150 KB at 1334.0 KB/sec)
[INFO] Downloaded: https://repo.maven.apache.org/maven2/org/sonatype/sisu/sisu-guice/2.1.7/sisu-guice-2.1.7-noaop.jar (461 KB at 2374.6 KB/sec)
[INFO] Including com.google.auto:auto-common:jar:0.8 in the shaded jar.
[INFO] Including com.google.auto.service:auto-service:jar:1.0-rc3 in the shaded jar.
[INFO] Including com.google.guava:guava:jar:23.0 in the shaded jar.
[INFO] Including com.google.code.findbugs:jsr305:jar:1.3.9 in the shaded jar.
[INFO] Including com.google.errorprone:error_prone_annotations:jar:2.0.18 in the shaded jar.
[INFO] Including com.google.j2objc:j2objc-annotations:jar:1.1 in the shaded jar.
[INFO] Including org.codehaus.mojo:animal-sniffer-annotations:jar:1.14 in the shaded jar.
[INFO] Including com.squareup:javapoet:jar:1.9.0 in the shaded jar.
[INFO] Minimizing jar com.google.auto.value:auto-value:jar:1.5-SNAPSHOT
[INFO] Minimized 2151 -> 948 (44%)
[INFO] Replacing original artifact with shaded artifact.
[INFO] Replacing /home/travis/build/passed/google/auto/value/target/auto-value-1.5-SNAPSHOT.jar with /home/travis/build/passed/google/auto/value/target/auto-value-1.5-SNAPSHOT-shaded.jar
[INFO] Dependency-reduced POM written at: /home/travis/build/passed/google/auto/value/dependency-reduced-pom.xml
[INFO] Dependency-reduced POM written at: /home/travis/build/passed/google/auto/value/dependency-reduced-pom.xml
[INFO] 
[INFO] --- maven-invoker-plugin:1.8:install (integration-test) @ auto-value ---
[INFO] Installing /home/travis/build/passed/google/auto/pom.xml to /home/travis/.m2/repository/com/google/auto/auto-parent/4-SNAPSHOT/auto-parent-4-SNAPSHOT.pom
[INFO] Installing /home/travis/build/passed/google/auto/common/pom.xml to /home/travis/.m2/repository/com/google/auto/auto-common/1.0-SNAPSHOT/auto-common-1.0-SNAPSHOT.pom
[INFO] Installing /home/travis/build/passed/google/auto/common/target/auto-common-1.0-SNAPSHOT.jar to /home/travis/.m2/repository/com/google/auto/auto-common/1.0-SNAPSHOT/auto-common-1.0-SNAPSHOT.jar
[INFO] Installing /home/travis/build/passed/google/auto/factory/pom.xml to /home/travis/.m2/repository/com/google/auto/factory/auto-factory/1.0-SNAPSHOT/auto-factory-1.0-SNAPSHOT.pom
[INFO] Installing /home/travis/build/passed/google/auto/factory/target/auto-factory-1.0-SNAPSHOT.jar to /home/travis/.m2/repository/com/google/auto/factory/auto-factory/1.0-SNAPSHOT/auto-factory-1.0-SNAPSHOT.jar
[INFO] Installing /home/travis/build/passed/google/auto/service/pom.xml to /home/travis/.m2/repository/com/google/auto/service/auto-service/1.0-SNAPSHOT/auto-service-1.0-SNAPSHOT.pom
[INFO] Installing /home/travis/build/passed/google/auto/service/target/auto-service-1.0-SNAPSHOT.jar to /home/travis/.m2/repository/com/google/auto/service/auto-service/1.0-SNAPSHOT/auto-service-1.0-SNAPSHOT.jar
[INFO] Installing /home/travis/build/passed/google/auto/value/dependency-reduced-pom.xml to /home/travis/.m2/repository/com/google/auto/value/auto-value/1.5-SNAPSHOT/auto-value-1.5-SNAPSHOT.pom
[INFO] Installing /home/travis/build/passed/google/auto/value/target/auto-value-1.5-SNAPSHOT.jar to /home/travis/.m2/repository/com/google/auto/value/auto-value/1.5-SNAPSHOT/auto-value-1.5-SNAPSHOT.jar
[INFO] 
[INFO] --- maven-invoker-plugin:1.8:run (integration-test) @ auto-value ---
[INFO] Building: functional/pom.xml
[INFO] Java HotSpot(TM) 64-Bit Server VM warning: ignoring option MaxPermSize=192m; support was removed in 8.0
[INFO] [INFO] Scanning for projects...
[INFO] [INFO]                                                                         
[INFO] [INFO] ------------------------------------------------------------------------
[INFO] [INFO] Building Auto-Value Functional Integration Test HEAD-SNAPSHOT
[INFO] [INFO] ------------------------------------------------------------------------
[INFO] [INFO] Downloading: https://repository.apache.org/snapshots/com/google/auto/value/auto-value/1.5-SNAPSHOT/maven-metadata.xml
[INFO] [INFO] Downloading: http://insecure.repo1.maven.org/maven2/com/google/code/findbugs/jsr305/3.0.0/jsr305-3.0.0.pom
[INFO] [INFO] Downloaded: http://insecure.repo1.maven.org/maven2/com/google/code/findbugs/jsr305/3.0.0/jsr305-3.0.0.pom (4 KB at 28.9 KB/sec)
[INFO] [INFO] Downloading: http://insecure.repo1.maven.org/maven2/com/google/guava/guava-testlib/20.0/guava-testlib-20.0.pom
[INFO] [INFO] Downloaded: http://insecure.repo1.maven.org/maven2/com/google/guava/guava-testlib/20.0/guava-testlib-20.0.pom (3 KB at 11.6 KB/sec)
[INFO] [INFO] Downloading: http://insecure.repo1.maven.org/maven2/com/google/guava/guava/20.0/guava-20.0.jar
[INFO] [INFO] Downloading: http://insecure.repo1.maven.org/maven2/com/google/code/findbugs/jsr305/3.0.0/jsr305-3.0.0.jar
[INFO] [INFO] Downloading: http://insecure.repo1.maven.org/maven2/com/google/guava/guava-testlib/20.0/guava-testlib-20.0.jar
[INFO] [INFO] Downloading: http://insecure.repo1.maven.org/maven2/com/google/errorprone/error_prone_annotations/2.0.12/error_prone_annotations-2.0.12.jar
[INFO] [INFO] Downloading: http://insecure.repo1.maven.org/maven2/com/google/truth/truth/0.31/truth-0.31.jar
[INFO] [INFO] Downloaded: http://insecure.repo1.maven.org/maven2/com/google/errorprone/error_prone_annotations/2.0.12/error_prone_annotations-2.0.12.jar (11 KB at 113.0 KB/sec)
[INFO] [INFO] Downloaded: http://insecure.repo1.maven.org/maven2/com/google/code/findbugs/jsr305/3.0.0/jsr305-3.0.0.jar (33 KB at 254.0 KB/sec)
[INFO] [INFO] Downloaded: http://insecure.repo1.maven.org/maven2/com/google/truth/truth/0.31/truth-0.31.jar (138 KB at 139.8 KB/sec)
[INFO] [INFO] Downloaded: http://insecure.repo1.maven.org/maven2/com/google/guava/guava-testlib/20.0/guava-testlib-20.0.jar (749 KB at 394.7 KB/sec)
[INFO] [INFO] Downloaded: http://insecure.repo1.maven.org/maven2/com/google/guava/guava/20.0/guava-20.0.jar (2386 KB at 527.4 KB/sec)
[INFO] [INFO] 
[INFO] [INFO] --- maven-clean-plugin:2.5:clean (default-clean) @ functional ---
[INFO] [INFO] 
[INFO] [INFO] --- maven-resources-plugin:2.6:resources (default-resources) @ functional ---
[INFO] [WARNING] Using platform encoding (UTF-8 actually) to copy filtered resources, i.e. build is platform dependent!
[INFO] [INFO] skip non existing resourceDirectory /home/travis/build/passed/google/auto/value/target/it/functional/src/main/resources
[INFO] [INFO] 
[INFO] [INFO] --- maven-compiler-plugin:3.1:compile (default-compile) @ functional ---
[INFO] [INFO] Changes detected - recompiling the module!
[INFO] [WARNING] File encoding has not been set, using platform encoding UTF-8, i.e. build is platform dependent!
[INFO] [INFO] Compiling 4 source files to /home/travis/build/passed/google/auto/value/target/it/functional/target/classes
[INFO] [WARNING] No processor claimed any of these annotations: com.google.auto.value.AutoValue,javax.annotation.Nullable
[INFO] [WARNING] No processor claimed any of these annotations: javax.annotation.Generated,javax.annotation.Nullable
[INFO] [INFO] 
[INFO] [INFO] --- maven-resources-plugin:2.6:testResources (default-testResources) @ functional ---
[INFO] [WARNING] Using platform encoding (UTF-8 actually) to copy filtered resources, i.e. build is platform dependent!
[INFO] [INFO] skip non existing resourceDirectory /home/travis/build/passed/google/auto/value/target/it/functional/src/test/resources
[INFO] [INFO] 
[INFO] [INFO] --- maven-compiler-plugin:3.1:testCompile (default-testCompile) @ functional ---
[INFO] [INFO] Changes detected - recompiling the module!
[INFO] [WARNING] File encoding has not been set, using platform encoding UTF-8, i.e. build is platform dependent!
[INFO] [INFO] Compiling 10 source files to /home/travis/build/passed/google/auto/value/target/it/functional/target/test-classes
[INFO] [WARNING] No processor claimed any of these annotations: com.google.auto.value.AutoValueTest.InheritedAnnotation,com.google.auto.value.annotations.Empty,org.junit.BeforeClass,com.google.auto.value.AutoAnnotationTest.ClassesAnnotation,org.junit.runner.RunWith,com.google.auto.value.AutoValueTest.CopiedAnnotation,javax.annotation.processing.SupportedAnnotationTypes,com.google.common.annotations.GwtCompatible,com.google.auto.value.AutoValueTest.AlternativeNullableProperties.Nullable,javax.annotation.processing.SupportedSourceVersion,com.google.auto.value.AutoValueTest.HairyAnnotation,com.google.auto.value.AutoAnnotationTest.IntArray,javax.annotation.Nullable,com.google.auto.value.AutoValueJava8Test.FunkyNullable.Nullable,com.google.auto.value.AutoAnnotationTest.EverythingWithDefaults,com.google.auto.value.AutoAnnotationTest.AnnotationsAnnotation,com.google.auto.value.AutoValue.Builder,com.google.auto.value.annotations.StringValues,com.google.auto.value.AutoAnnotationTest.IntegersAnnotation,com.google.auto.value.AutoValueTest.GwtCompatible,org.junit.Test,com.google.auto.value.AutoValue.CopyAnnotations,com.google.auto.value.AutoAnnotationTest.Everything,com.google.auto.value.AutoValue,com.google.auto.value.AutoValueTest.ExcludedAnnotation
[INFO] [WARNING] No processor claimed any of these annotations: com.google.auto.value.AutoValueTest.AlternativeNullableProperties.Nullable,com.google.auto.value.AutoValueTest.InheritedAnnotation,javax.annotation.Generated,com.google.auto.value.AutoValueTest.HairyAnnotation,com.google.auto.value.AutoValueTest.GwtCompatible,com.google.auto.value.AutoValueTest.CopiedAnnotation,javax.annotation.Nullable
[INFO] [WARNING] /home/travis/build/passed/google/auto/value/target/it/functional/src/test/java/com/google/auto/value/AutoAnnotationTest.java:[308,17] serializable class com.google.auto.value.AutoAnnotationTest.IntList has no definition of serialVersionUID
[INFO] [WARNING] /home/travis/build/passed/google/auto/value/target/it/functional/src/test/java/com/google/auto/value/AutoValueTest.java:[177,26] serializable class com.google.auto.value.AutoValueTest.Serialize has no definition of serialVersionUID
[INFO] [WARNING] /home/travis/build/passed/google/auto/value/target/it/functional/src/test/java/com/google/auto/value/AutoValueTest.java:[681,5] serializable class ComparableList has no definition of serialVersionUID
[INFO] [WARNING] /home/travis/build/passed/google/auto/value/target/it/functional/src/test/java/com/google/auto/value/AutoValueTest.java:[1926,33] Possible heap pollution from parameterized vararg type T
[INFO] [WARNING] /home/travis/build/passed/google/auto/value/target/it/functional/src/test/java/com/google/auto/value/AutoValueTest.java:[2329,17] serializable class com.google.auto.value.AutoValueTest.MyMap has no definition of serialVersionUID
[INFO] [WARNING] /home/travis/build/passed/google/auto/value/target/it/functional/src/test/java/com/google/auto/value/AutoValueTest.java:[2337,17] serializable class com.google.auto.value.AutoValueTest.MyMapBuilder has no definition of serialVersionUID
[INFO] [WARNING] /home/travis/build/passed/google/auto/value/target/it/functional/src/test/java/com/google/auto/value/AutoValueTest.java:[2373,17] serializable class com.google.auto.value.AutoValueTest.MyStringMap has no definition of serialVersionUID
[INFO] [WARNING] /home/travis/build/passed/google/auto/value/target/it/functional/src/test/java/com/google/auto/value/AutoValueTest.java:[2385,17] serializable class com.google.auto.value.AutoValueTest.MyStringMapBuilder has no definition of serialVersionUID
[INFO] [WARNING] /home/travis/build/passed/google/auto/value/target/it/functional/target/generated-test-sources/test-annotations/com/google/auto/value/AutoValue_AutoValueTest_Serialize.java:[8,8] serializable class com.google.auto.value.AutoValue_AutoValueTest_Serialize has no definition of serialVersionUID
[INFO] [WARNING] /home/travis/build/passed/google/auto/value/target/it/functional/target/generated-test-sources/test-annotations/com/google/auto/value/AutoValue_AutoValueTest_BuilderWithCopyingSetters.java:[101,78] Possible heap pollution from parameterized vararg type T
[INFO] [INFO] 
[INFO] [INFO] --- maven-surefire-plugin:2.12.4:test (default-test) @ functional ---
[INFO] [INFO] Surefire report directory: /home/travis/build/passed/google/auto/value/target/it/functional/target/surefire-reports
[INFO] 
[INFO] -------------------------------------------------------
[INFO]  T E S T S
[INFO] -------------------------------------------------------
[INFO] Running com.google.auto.value.AutoAnnotationDefaultsTest
[INFO] Tests run: 1, Failures: 0, Errors: 0, Skipped: 0, Time elapsed: 0.093 sec
[INFO] Running com.google.auto.value.AutoAnnotationTest
[INFO] Tests run: 13, Failures: 0, Errors: 0, Skipped: 0, Time elapsed: 0.065 sec
[INFO] Running com.google.auto.value.SimpleValueTypeTest
[INFO] Tests run: 3, Failures: 0, Errors: 0, Skipped: 0, Time elapsed: 0.134 sec
[INFO] Running com.google.auto.value.AutoValueTest
[INFO] Tests run: 96, Failures: 0, Errors: 0, Skipped: 0, Time elapsed: 0.184 sec
[INFO] Running com.google.auto.value.AutoValueJava8Test
[INFO] Tests run: 12, Failures: 0, Errors: 0, Skipped: 3, Time elapsed: 0.604 sec
[INFO] Running PackagelessValueTypeTest
[INFO] Tests run: 3, Failures: 0, Errors: 0, Skipped: 0, Time elapsed: 0.001 sec
[INFO] 
[INFO] Results :
[INFO] 
[INFO] Tests run: 128, Failures: 0, Errors: 0, Skipped: 3
[INFO] 
[INFO] [INFO] 
[INFO] [INFO] --- maven-jar-plugin:2.6:jar (default-jar) @ functional ---
[INFO] [INFO] Building jar: /home/travis/build/passed/google/auto/value/target/it/functional/target/functional-HEAD-SNAPSHOT.jar
[INFO] [INFO] ------------------------------------------------------------------------
[INFO] [INFO] BUILD SUCCESS
[INFO] [INFO] ------------------------------------------------------------------------
[INFO] [INFO] Total time: 12.531 s
[INFO] [INFO] Finished at: 2021-03-27T20:12:20+00:00
[INFO] [INFO] Final Memory: 22M/366M
[INFO] [INFO] ------------------------------------------------------------------------
[INFO] Java HotSpot(TM) 64-Bit Server VM warning: ignoring option MaxPermSize=192m; support was removed in 8.0
[INFO] [INFO] Scanning for projects...
[INFO] [INFO]                                                                         
[INFO] [INFO] ------------------------------------------------------------------------
[INFO] [INFO] Building Auto-Value Functional Integration Test HEAD-SNAPSHOT
[INFO] [INFO] ------------------------------------------------------------------------
[INFO] [INFO] Downloading: https://repository.apache.org/snapshots/com/google/auto/value/auto-value/1.5-SNAPSHOT/maven-metadata.xml
[INFO] [INFO] 
[INFO] [INFO] --- maven-clean-plugin:2.5:clean (default-clean) @ functional ---
[INFO] [INFO] Deleting /home/travis/build/passed/google/auto/value/target/it/functional/target
[INFO] [INFO] 
[INFO] [INFO] --- maven-resources-plugin:2.6:resources (default-resources) @ functional ---
[INFO] [WARNING] Using platform encoding (UTF-8 actually) to copy filtered resources, i.e. build is platform dependent!
[INFO] [INFO] skip non existing resourceDirectory /home/travis/build/passed/google/auto/value/target/it/functional/src/main/resources
[INFO] [INFO] 
[INFO] [INFO] --- maven-compiler-plugin:3.1:compile (default-compile) @ functional ---
[INFO] [INFO] Changes detected - recompiling the module!
[INFO] [WARNING] File encoding has not been set, using platform encoding UTF-8, i.e. build is platform dependent!
[INFO] [INFO] Compiling 4 source files to /home/travis/build/passed/google/auto/value/target/it/functional/target/classes
[INFO] [WARNING] No processor claimed any of these annotations: com.google.auto.value.AutoValue,javax.annotation.Nullable
[INFO] [WARNING] No processor claimed any of these annotations: javax.annotation.Generated,javax.annotation.Nullable
[INFO] [INFO] 
[INFO] [INFO] --- maven-resources-plugin:2.6:testResources (default-testResources) @ functional ---
[INFO] [WARNING] Using platform encoding (UTF-8 actually) to copy filtered resources, i.e. build is platform dependent!
[INFO] [INFO] skip non existing resourceDirectory /home/travis/build/passed/google/auto/value/target/it/functional/src/test/resources
[INFO] [INFO] 
[INFO] [INFO] --- maven-compiler-plugin:3.1:testCompile (default-testCompile) @ functional ---
[INFO] [INFO] Changes detected - recompiling the module!
[INFO] [WARNING] File encoding has not been set, using platform encoding UTF-8, i.e. build is platform dependent!
[INFO] [INFO] Compiling 10 source files to /home/travis/build/passed/google/auto/value/target/it/functional/target/test-classes
[INFO] [WARNING] No processor claimed any of these annotations: com.google.auto.value.AutoValueTest.InheritedAnnotation,com.google.auto.value.annotations.Empty,org.junit.BeforeClass,com.google.auto.value.AutoAnnotationTest.ClassesAnnotation,org.junit.runner.RunWith,com.google.auto.value.AutoValueTest.CopiedAnnotation,javax.annotation.processing.SupportedAnnotationTypes,com.google.common.annotations.GwtCompatible,com.google.auto.value.AutoValueTest.AlternativeNullableProperties.Nullable,javax.annotation.processing.SupportedSourceVersion,com.google.auto.value.AutoValueTest.HairyAnnotation,com.google.auto.value.AutoAnnotationTest.IntArray,javax.annotation.Nullable,com.google.auto.value.AutoValueJava8Test.FunkyNullable.Nullable,com.google.auto.value.AutoAnnotationTest.EverythingWithDefaults,com.google.auto.value.AutoAnnotationTest.AnnotationsAnnotation,com.google.auto.value.AutoValue.Builder,com.google.auto.value.annotations.StringValues,com.google.auto.value.AutoAnnotationTest.IntegersAnnotation,com.google.auto.value.AutoValueTest.GwtCompatible,org.junit.Test,com.google.auto.value.AutoValue.CopyAnnotations,com.google.auto.value.AutoAnnotationTest.Everything,com.google.auto.value.AutoValue,com.google.auto.value.AutoValueTest.ExcludedAnnotation
[INFO] [WARNING] No processor claimed any of these annotations: com.google.auto.value.AutoValueTest.AlternativeNullableProperties.Nullable,com.google.auto.value.AutoValueTest.InheritedAnnotation,javax.annotation.Generated,com.google.auto.value.AutoValueTest.HairyAnnotation,com.google.auto.value.AutoValueTest.GwtCompatible,com.google.auto.value.AutoValueTest.CopiedAnnotation,javax.annotation.Nullable
[INFO] [WARNING] /home/travis/build/passed/google/auto/value/target/it/functional/src/test/java/com/google/auto/value/AutoAnnotationTest.java:[308,17] serializable class com.google.auto.value.AutoAnnotationTest.IntList has no definition of serialVersionUID
[INFO] [WARNING] /home/travis/build/passed/google/auto/value/target/it/functional/src/test/java/com/google/auto/value/AutoValueTest.java:[177,26] serializable class com.google.auto.value.AutoValueTest.Serialize has no definition of serialVersionUID
[INFO] [WARNING] /home/travis/build/passed/google/auto/value/target/it/functional/src/test/java/com/google/auto/value/AutoValueTest.java:[681,5] serializable class ComparableList has no definition of serialVersionUID
[INFO] [WARNING] /home/travis/build/passed/google/auto/value/target/it/functional/src/test/java/com/google/auto/value/AutoValueTest.java:[1926,33] Possible heap pollution from parameterized vararg type T
[INFO] [WARNING] /home/travis/build/passed/google/auto/value/target/it/functional/src/test/java/com/google/auto/value/AutoValueTest.java:[2329,17] serializable class com.google.auto.value.AutoValueTest.MyMap has no definition of serialVersionUID
[INFO] [WARNING] /home/travis/build/passed/google/auto/value/target/it/functional/src/test/java/com/google/auto/value/AutoValueTest.java:[2337,17] serializable class com.google.auto.value.AutoValueTest.MyMapBuilder has no definition of serialVersionUID
[INFO] [WARNING] /home/travis/build/passed/google/auto/value/target/it/functional/src/test/java/com/google/auto/value/AutoValueTest.java:[2373,17] serializable class com.google.auto.value.AutoValueTest.MyStringMap has no definition of serialVersionUID
[INFO] [WARNING] /home/travis/build/passed/google/auto/value/target/it/functional/src/test/java/com/google/auto/value/AutoValueTest.java:[2385,17] serializable class com.google.auto.value.AutoValueTest.MyStringMapBuilder has no definition of serialVersionUID
[INFO] [WARNING] /home/travis/build/passed/google/auto/value/target/it/functional/target/generated-test-sources/test-annotations/com/google/auto/value/AutoValue_AutoValueTest_Serialize.java:[8,8] serializable class com.google.auto.value.AutoValue_AutoValueTest_Serialize has no definition of serialVersionUID
[INFO] [WARNING] /home/travis/build/passed/google/auto/value/target/it/functional/target/generated-test-sources/test-annotations/com/google/auto/value/AutoValue_AutoValueTest_BuilderWithCopyingSetters.java:[101,78] Possible heap pollution from parameterized vararg type T
[INFO] [INFO] 
[INFO] [INFO] --- maven-surefire-plugin:2.12.4:test (default-test) @ functional ---
[INFO] [INFO] Surefire report directory: /home/travis/build/passed/google/auto/value/target/it/functional/target/surefire-reports
[INFO] 
[INFO] -------------------------------------------------------
[INFO]  T E S T S
[INFO] -------------------------------------------------------
[INFO] Running com.google.auto.value.AutoAnnotationDefaultsTest
[INFO] Tests run: 1, Failures: 0, Errors: 0, Skipped: 0, Time elapsed: 0.002 sec
[INFO] Running com.google.auto.value.AutoAnnotationTest
[INFO] Tests run: 13, Failures: 0, Errors: 0, Skipped: 0, Time elapsed: 0 sec
[INFO] Running com.google.auto.value.SimpleValueTypeTest
[INFO] Tests run: 3, Failures: 0, Errors: 0, Skipped: 0, Time elapsed: 0.033 sec
[INFO] Running com.google.auto.value.AutoValueTest
[INFO] Tests run: 96, Failures: 0, Errors: 0, Skipped: 0, Time elapsed: 0.141 sec
[INFO] Running com.google.auto.value.AutoValueJava8Test
[INFO] Tests run: 12, Failures: 0, Errors: 0, Skipped: 3, Time elapsed: 0.513 sec
[INFO] Running PackagelessValueTypeTest
[INFO] Tests run: 3, Failures: 0, Errors: 0, Skipped: 0, Time elapsed: 0.002 sec
[INFO] 
[INFO] Results :
[INFO] 
[INFO] Tests run: 128, Failures: 0, Errors: 0, Skipped: 3
[INFO] 
[INFO] [INFO] 
[INFO] [INFO] --- maven-jar-plugin:2.6:jar (default-jar) @ functional ---
[INFO] [INFO] Building jar: /home/travis/build/passed/google/auto/value/target/it/functional/target/functional-HEAD-SNAPSHOT.jar
[INFO] [INFO] ------------------------------------------------------------------------
[INFO] [INFO] BUILD SUCCESS
[INFO] [INFO] ------------------------------------------------------------------------
[INFO] [INFO] Total time: 9.483 s
[INFO] [INFO] Finished at: 2021-03-27T20:12:31+00:00
[INFO] [INFO] Final Memory: 22M/448M
[INFO] [INFO] ------------------------------------------------------------------------
[INFO] ..SUCCESS (32.3 s)
[INFO] Building: gwtserializer/pom.xml
[INFO] Java HotSpot(TM) 64-Bit Server VM warning: ignoring option MaxPermSize=192m; support was removed in 8.0
[INFO] [INFO] Scanning for projects...
[INFO] [INFO] Downloading: http://insecure.repo1.maven.org/maven2/com/google/gwt/gwt/2.8.0/gwt-2.8.0.pom
[INFO] [INFO] Downloaded: http://insecure.repo1.maven.org/maven2/com/google/gwt/gwt/2.8.0/gwt-2.8.0.pom (10 KB at 26.6 KB/sec)
[INFO] [INFO] Downloading: http://insecure.repo1.maven.org/maven2/org/sonatype/oss/oss-parent/4/oss-parent-4.pom
[INFO] [INFO] Downloaded: http://insecure.repo1.maven.org/maven2/org/sonatype/oss/oss-parent/4/oss-parent-4.pom (4 KB at 169.8 KB/sec)
[INFO] [INFO] Downloading: https://oss.sonatype.org/content/repositories/releases/com/google/web/bindery/requestfactory/2.8.0/requestfactory-2.8.0.pom
[INFO] [INFO] Downloaded: https://oss.sonatype.org/content/repositories/releases/com/google/web/bindery/requestfactory/2.8.0/requestfactory-2.8.0.pom (2 KB at 2.4 KB/sec)
[INFO] [INFO] Downloading: https://oss.sonatype.org/content/repositories/releases/com/google/jsinterop/jsinterop/1.0.1/jsinterop-1.0.1.pom
[INFO] [INFO] Downloaded: https://oss.sonatype.org/content/repositories/releases/com/google/jsinterop/jsinterop/1.0.1/jsinterop-1.0.1.pom (2 KB at 5.0 KB/sec)
[INFO] [INFO] Downloading: https://oss.sonatype.org/content/repositories/releases/org/ow2/asm/asm-parent/5.0.3/asm-parent-5.0.3.pom
[INFO] [INFO] Downloaded: https://oss.sonatype.org/content/repositories/releases/org/ow2/asm/asm-parent/5.0.3/asm-parent-5.0.3.pom (6 KB at 24.8 KB/sec)
[INFO] [WARNING] 
[INFO] [WARNING] Some problems were encountered while building the effective model for com.google.auto.value.it.gwtserializer:gwtserializer:jar:HEAD-SNAPSHOT
[INFO] [WARNING] 'build.plugins.plugin.version' for org.apache.maven.plugins:maven-surefire-plugin is missing. @ line 99, column 15
[INFO] [WARNING] 
[INFO] [WARNING] It is highly recommended to fix these problems because they threaten the stability of your build.
[INFO] [WARNING] 
[INFO] [WARNING] For this reason, future Maven versions might no longer support building such malformed projects.
[INFO] [WARNING] 
[INFO] [INFO]                                                                         
[INFO] [INFO] ------------------------------------------------------------------------
[INFO] [INFO] Building Auto-Value GWT-RPC Serialization Integration Test HEAD-SNAPSHOT
[INFO] [INFO] ------------------------------------------------------------------------
[INFO] [INFO] Downloading: https://repo.maven.apache.org/maven2/net/ltgt/gwt/maven/gwt-maven-plugin/1.0-rc-6/gwt-maven-plugin-1.0-rc-6.pom
[INFO] [INFO] Downloaded: https://repo.maven.apache.org/maven2/net/ltgt/gwt/maven/gwt-maven-plugin/1.0-rc-6/gwt-maven-plugin-1.0-rc-6.pom (11 KB at 93.4 KB/sec)
[INFO] [INFO] Downloading: https://repo.maven.apache.org/maven2/net/ltgt/gwt/maven/gwt-maven-plugin/1.0-rc-6/gwt-maven-plugin-1.0-rc-6.jar
[INFO] [INFO] Downloaded: https://repo.maven.apache.org/maven2/net/ltgt/gwt/maven/gwt-maven-plugin/1.0-rc-6/gwt-maven-plugin-1.0-rc-6.jar (79 KB at 958.0 KB/sec)
[INFO] [INFO] Downloading: https://repo.maven.apache.org/maven2/org/apache/maven/plugins/maven-resources-plugin/2.7/maven-resources-plugin-2.7.pom
[INFO] [INFO] Downloaded: https://repo.maven.apache.org/maven2/org/apache/maven/plugins/maven-resources-plugin/2.7/maven-resources-plugin-2.7.pom (8 KB at 358.4 KB/sec)
[INFO] [INFO] Downloading: https://repo.maven.apache.org/maven2/org/apache/maven/plugins/maven-plugins/25/maven-plugins-25.pom
[INFO] [INFO] Downloaded: https://repo.maven.apache.org/maven2/org/apache/maven/plugins/maven-plugins/25/maven-plugins-25.pom (10 KB at 388.6 KB/sec)
[INFO] [INFO] Downloading: https://repo.maven.apache.org/maven2/org/apache/maven/plugins/maven-resources-plugin/2.7/maven-resources-plugin-2.7.jar
[INFO] [INFO] Downloaded: https://repo.maven.apache.org/maven2/org/apache/maven/plugins/maven-resources-plugin/2.7/maven-resources-plugin-2.7.jar (31 KB at 698.3 KB/sec)
[INFO] [INFO] Downloading: https://repository.apache.org/snapshots/com/google/auto/value/auto-value/1.5-SNAPSHOT/maven-metadata.xml
[INFO] [INFO] Downloading: http://insecure.repo1.maven.org/maven2/com/google/gwt/gwt-user/2.8.0/gwt-user-2.8.0.pom
[INFO] [INFO] Downloaded: http://insecure.repo1.maven.org/maven2/com/google/gwt/gwt-user/2.8.0/gwt-user-2.8.0.pom (2 KB at 66.5 KB/sec)
[INFO] [INFO] Downloading: http://insecure.repo1.maven.org/maven2/com/google/jsinterop/jsinterop-annotations/1.0.1/jsinterop-annotations-1.0.1.pom
[INFO] [INFO] Downloaded: http://insecure.repo1.maven.org/maven2/com/google/jsinterop/jsinterop-annotations/1.0.1/jsinterop-annotations-1.0.1.pom (605 B at 3.6 KB/sec)
[INFO] [INFO] Downloading: http://insecure.repo1.maven.org/maven2/javax/validation/validation-api/1.0.0.GA/validation-api-1.0.0.GA.pom
[INFO] [INFO] Downloaded: http://insecure.repo1.maven.org/maven2/javax/validation/validation-api/1.0.0.GA/validation-api-1.0.0.GA.pom (5 KB at 186.4 KB/sec)
[INFO] [INFO] Downloading: http://insecure.repo1.maven.org/maven2/javax/servlet/javax.servlet-api/3.1.0/javax.servlet-api-3.1.0.pom
[INFO] [INFO] Downloaded: http://insecure.repo1.maven.org/maven2/javax/servlet/javax.servlet-api/3.1.0/javax.servlet-api-3.1.0.pom (14 KB at 550.4 KB/sec)
[INFO] [INFO] Downloading: http://insecure.repo1.maven.org/maven2/net/java/jvnet-parent/3/jvnet-parent-3.pom
[INFO] [INFO] Downloaded: http://insecure.repo1.maven.org/maven2/net/java/jvnet-parent/3/jvnet-parent-3.pom (5 KB at 203.3 KB/sec)
[INFO] [INFO] Downloading: http://insecure.repo1.maven.org/maven2/org/w3c/css/sac/1.3/sac-1.3.pom
[INFO] [INFO] Downloaded: http://insecure.repo1.maven.org/maven2/org/w3c/css/sac/1.3/sac-1.3.pom (2 KB at 55.4 KB/sec)
[INFO] [INFO] Downloading: http://insecure.repo1.maven.org/maven2/com/google/gwt/gwt-dev/2.8.0/gwt-dev-2.8.0.pom
[INFO] [INFO] Downloaded: http://insecure.repo1.maven.org/maven2/com/google/gwt/gwt-dev/2.8.0/gwt-dev-2.8.0.pom (5 KB at 205.7 KB/sec)
[INFO] [INFO] Downloading: http://insecure.repo1.maven.org/maven2/com/google/code/gson/gson/2.6.2/gson-2.6.2.pom
[INFO] [INFO] Downloaded: http://insecure.repo1.maven.org/maven2/com/google/code/gson/gson/2.6.2/gson-2.6.2.pom (2 KB at 70.7 KB/sec)
[INFO] [INFO] Downloading: http://insecure.repo1.maven.org/maven2/com/google/code/gson/gson-parent/2.6.2/gson-parent-2.6.2.pom
[INFO] [INFO] Downloaded: http://insecure.repo1.maven.org/maven2/com/google/code/gson/gson-parent/2.6.2/gson-parent-2.6.2.pom (4 KB at 166.7 KB/sec)
[INFO] [INFO] Downloading: http://insecure.repo1.maven.org/maven2/org/ow2/asm/asm/5.0.3/asm-5.0.3.pom
[INFO] [INFO] Downloaded: http://insecure.repo1.maven.org/maven2/org/ow2/asm/asm/5.0.3/asm-5.0.3.pom (2 KB at 90.0 KB/sec)
[INFO] [INFO] Downloading: http://insecure.repo1.maven.org/maven2/org/ow2/asm/asm-util/5.0.3/asm-util-5.0.3.pom
[INFO] [INFO] Downloaded: http://insecure.repo1.maven.org/maven2/org/ow2/asm/asm-util/5.0.3/asm-util-5.0.3.pom (3 KB at 102.0 KB/sec)
[INFO] [INFO] Downloading: http://insecure.repo1.maven.org/maven2/org/ow2/asm/asm-tree/5.0.3/asm-tree-5.0.3.pom
[INFO] [INFO] Downloaded: http://insecure.repo1.maven.org/maven2/org/ow2/asm/asm-tree/5.0.3/asm-tree-5.0.3.pom (3 KB at 101.7 KB/sec)
[INFO] [INFO] Downloading: http://insecure.repo1.maven.org/maven2/org/ow2/asm/asm-commons/5.0.3/asm-commons-5.0.3.pom
[INFO] [INFO] Downloaded: http://insecure.repo1.maven.org/maven2/org/ow2/asm/asm-commons/5.0.3/asm-commons-5.0.3.pom (3 KB at 102.2 KB/sec)
[INFO] [INFO] Downloading: http://insecure.repo1.maven.org/maven2/colt/colt/1.2.0/colt-1.2.0.pom
[INFO] [INFO] Downloaded: http://insecure.repo1.maven.org/maven2/colt/colt/1.2.0/colt-1.2.0.pom (322 B at 15.7 KB/sec)
[INFO] [INFO] Downloading: http://insecure.repo1.maven.org/maven2/ant/ant/1.6.5/ant-1.6.5.pom
[INFO] [INFO] Downloaded: http://insecure.repo1.maven.org/maven2/ant/ant/1.6.5/ant-1.6.5.pom (861 B at 42.0 KB/sec)
[INFO] [INFO] Downloading: http://insecure.repo1.maven.org/maven2/commons-collections/commons-collections/3.2.2/commons-collections-3.2.2.pom
[INFO] [INFO] Downloaded: http://insecure.repo1.maven.org/maven2/commons-collections/commons-collections/3.2.2/commons-collections-3.2.2.pom (13 KB at 526.6 KB/sec)
[INFO] [INFO] Downloading: http://insecure.repo1.maven.org/maven2/org/apache/commons/commons-parent/39/commons-parent-39.pom
[INFO] [INFO] Downloaded: http://insecure.repo1.maven.org/maven2/org/apache/commons/commons-parent/39/commons-parent-39.pom (61 KB at 1681.2 KB/sec)
[INFO] [INFO] Downloading: http://insecure.repo1.maven.org/maven2/commons-io/commons-io/2.4/commons-io-2.4.pom
[INFO] [INFO] Downloaded: http://insecure.repo1.maven.org/maven2/commons-io/commons-io/2.4/commons-io-2.4.pom (10 KB at 431.6 KB/sec)
[INFO] [INFO] Downloading: http://insecure.repo1.maven.org/maven2/org/apache/commons/commons-parent/25/commons-parent-25.pom
[INFO] [INFO] Downloaded: http://insecure.repo1.maven.org/maven2/org/apache/commons/commons-parent/25/commons-parent-25.pom (48 KB at 1521.7 KB/sec)
[INFO] [INFO] Downloading: http://insecure.repo1.maven.org/maven2/com/ibm/icu/icu4j/50.1.1/icu4j-50.1.1.pom
[INFO] [INFO] Downloaded: http://insecure.repo1.maven.org/maven2/com/ibm/icu/icu4j/50.1.1/icu4j-50.1.1.pom (5 KB at 235.5 KB/sec)
[INFO] [INFO] Downloading: http://insecure.repo1.maven.org/maven2/tapestry/tapestry/4.0.2/tapestry-4.0.2.pom
[INFO] [INFO] Downloaded: http://insecure.repo1.maven.org/maven2/tapestry/tapestry/4.0.2/tapestry-4.0.2.pom (2 KB at 69.5 KB/sec)
[INFO] [INFO] Downloading: http://insecure.repo1.maven.org/maven2/net/sourceforge/htmlunit/htmlunit/2.19/htmlunit-2.19.pom
[INFO] [INFO] Downloaded: http://insecure.repo1.maven.org/maven2/net/sourceforge/htmlunit/htmlunit/2.19/htmlunit-2.19.pom (36 KB at 1198.2 KB/sec)
[INFO] [INFO] Downloading: http://insecure.repo1.maven.org/maven2/xalan/xalan/2.7.2/xalan-2.7.2.pom
[INFO] [INFO] Downloaded: http://insecure.repo1.maven.org/maven2/xalan/xalan/2.7.2/xalan-2.7.2.pom (2 KB at 59.4 KB/sec)
[INFO] [INFO] Downloading: http://insecure.repo1.maven.org/maven2/xalan/serializer/2.7.2/serializer-2.7.2.pom
[INFO] [INFO] Downloaded: http://insecure.repo1.maven.org/maven2/xalan/serializer/2.7.2/serializer-2.7.2.pom (2 KB at 53.2 KB/sec)
[INFO] [INFO] Downloading: http://insecure.repo1.maven.org/maven2/org/apache/commons/commons-lang3/3.4/commons-lang3-3.4.pom
[INFO] [INFO] Downloaded: http://insecure.repo1.maven.org/maven2/org/apache/commons/commons-lang3/3.4/commons-lang3-3.4.pom (22 KB at 833.2 KB/sec)
[INFO] [INFO] Downloading: http://insecure.repo1.maven.org/maven2/org/apache/commons/commons-parent/37/commons-parent-37.pom
[INFO] [INFO] Downloaded: http://insecure.repo1.maven.org/maven2/org/apache/commons/commons-parent/37/commons-parent-37.pom (62 KB at 1865.6 KB/sec)
[INFO] [INFO] Downloading: http://insecure.repo1.maven.org/maven2/org/apache/httpcomponents/httpclient/4.5.1/httpclient-4.5.1.pom
[INFO] [INFO] Downloaded: http://insecure.repo1.maven.org/maven2/org/apache/httpcomponents/httpclient/4.5.1/httpclient-4.5.1.pom (7 KB at 297.3 KB/sec)
[INFO] [INFO] Downloading: http://insecure.repo1.maven.org/maven2/org/apache/httpcomponents/httpcomponents-client/4.5.1/httpcomponents-client-4.5.1.pom
[INFO] [INFO] Downloaded: http://insecure.repo1.maven.org/maven2/org/apache/httpcomponents/httpcomponents-client/4.5.1/httpcomponents-client-4.5.1.pom (16 KB at 695.6 KB/sec)
[INFO] [INFO] Downloading: http://insecure.repo1.maven.org/maven2/org/apache/httpcomponents/project/7/project-7.pom
[INFO] [INFO] Downloaded: http://insecure.repo1.maven.org/maven2/org/apache/httpcomponents/project/7/project-7.pom (27 KB at 1108.5 KB/sec)
[INFO] [INFO] Downloading: http://insecure.repo1.maven.org/maven2/org/apache/httpcomponents/httpcore/4.4.3/httpcore-4.4.3.pom
[INFO] [INFO] Downloaded: http://insecure.repo1.maven.org/maven2/org/apache/httpcomponents/httpcore/4.4.3/httpcore-4.4.3.pom (6 KB at 256.8 KB/sec)
[INFO] [INFO] Downloading: http://insecure.repo1.maven.org/maven2/org/apache/httpcomponents/httpcomponents-core/4.4.3/httpcomponents-core-4.4.3.pom
[INFO] [INFO] Downloaded: http://insecure.repo1.maven.org/maven2/org/apache/httpcomponents/httpcomponents-core/4.4.3/httpcomponents-core-4.4.3.pom (13 KB at 570.8 KB/sec)
[INFO] [INFO] Downloading: http://insecure.repo1.maven.org/maven2/commons-logging/commons-logging/1.2/commons-logging-1.2.pom
[INFO] [INFO] Downloaded: http://insecure.repo1.maven.org/maven2/commons-logging/commons-logging/1.2/commons-logging-1.2.pom (19 KB at 781.5 KB/sec)
[INFO] [INFO] Downloading: http://insecure.repo1.maven.org/maven2/commons-codec/commons-codec/1.9/commons-codec-1.9.pom
[INFO] [INFO] Downloaded: http://insecure.repo1.maven.org/maven2/commons-codec/commons-codec/1.9/commons-codec-1.9.pom (12 KB at 512.4 KB/sec)
[INFO] [INFO] Downloading: http://insecure.repo1.maven.org/maven2/org/apache/commons/commons-parent/32/commons-parent-32.pom
[INFO] [INFO] Downloaded: http://insecure.repo1.maven.org/maven2/org/apache/commons/commons-parent/32/commons-parent-32.pom (52 KB at 1840.9 KB/sec)
[INFO] [INFO] Downloading: http://insecure.repo1.maven.org/maven2/org/apache/httpcomponents/httpmime/4.5.1/httpmime-4.5.1.pom
[INFO] [INFO] Downloaded: http://insecure.repo1.maven.org/maven2/org/apache/httpcomponents/httpmime/4.5.1/httpmime-4.5.1.pom (5 KB at 233.5 KB/sec)
[INFO] [INFO] Downloading: http://insecure.repo1.maven.org/maven2/commons-codec/commons-codec/1.10/commons-codec-1.10.pom
[INFO] [INFO] Downloaded: http://insecure.repo1.maven.org/maven2/commons-codec/commons-codec/1.10/commons-codec-1.10.pom (12 KB at 492.9 KB/sec)
[INFO] [INFO] Downloading: http://insecure.repo1.maven.org/maven2/org/apache/commons/commons-parent/35/commons-parent-35.pom
[INFO] [INFO] Downloaded: http://insecure.repo1.maven.org/maven2/org/apache/commons/commons-parent/35/commons-parent-35.pom (57 KB at 1763.1 KB/sec)
[INFO] [INFO] Downloading: http://insecure.repo1.maven.org/maven2/org/apache/apache/15/apache-15.pom
[INFO] [INFO] Downloaded: http://insecure.repo1.maven.org/maven2/org/apache/apache/15/apache-15.pom (15 KB at 620.0 KB/sec)
[INFO] [INFO] Downloading: http://insecure.repo1.maven.org/maven2/net/sourceforge/htmlunit/htmlunit-core-js/2.17/htmlunit-core-js-2.17.pom
[INFO] [INFO] Downloaded: http://insecure.repo1.maven.org/maven2/net/sourceforge/htmlunit/htmlunit-core-js/2.17/htmlunit-core-js-2.17.pom (2 KB at 68.9 KB/sec)
[INFO] [INFO] Downloading: http://insecure.repo1.maven.org/maven2/xerces/xercesImpl/2.11.0/xercesImpl-2.11.0.pom
[INFO] [INFO] Downloaded: http://insecure.repo1.maven.org/maven2/xerces/xercesImpl/2.11.0/xercesImpl-2.11.0.pom (4 KB at 144.0 KB/sec)
[INFO] [INFO] Downloading: http://insecure.repo1.maven.org/maven2/xml-apis/xml-apis/1.4.01/xml-apis-1.4.01.pom
[INFO] [INFO] Downloaded: http://insecure.repo1.maven.org/maven2/xml-apis/xml-apis/1.4.01/xml-apis-1.4.01.pom (3 KB at 136.8 KB/sec)
[INFO] [INFO] Downloading: http://insecure.repo1.maven.org/maven2/net/sourceforge/nekohtml/nekohtml/1.9.22/nekohtml-1.9.22.pom
[INFO] [INFO] Downloaded: http://insecure.repo1.maven.org/maven2/net/sourceforge/nekohtml/nekohtml/1.9.22/nekohtml-1.9.22.pom (2 KB at 73.3 KB/sec)
[INFO] [INFO] Downloading: http://insecure.repo1.maven.org/maven2/net/sourceforge/cssparser/cssparser/0.9.18/cssparser-0.9.18.pom
[INFO] [INFO] Downloaded: http://insecure.repo1.maven.org/maven2/net/sourceforge/cssparser/cssparser/0.9.18/cssparser-0.9.18.pom (13 KB at 541.5 KB/sec)
[INFO] [INFO] Downloading: http://insecure.repo1.maven.org/maven2/org/eclipse/jetty/websocket/websocket-client/9.2.13.v20150730/websocket-client-9.2.13.v20150730.pom
[INFO] [INFO] Downloaded: http://insecure.repo1.maven.org/maven2/org/eclipse/jetty/websocket/websocket-client/9.2.13.v20150730/websocket-client-9.2.13.v20150730.pom (5 KB at 226.9 KB/sec)
[INFO] [INFO] Downloading: http://insecure.repo1.maven.org/maven2/org/eclipse/jetty/websocket/websocket-parent/9.2.13.v20150730/websocket-parent-9.2.13.v20150730.pom
[INFO] [INFO] Downloaded: http://insecure.repo1.maven.org/maven2/org/eclipse/jetty/websocket/websocket-parent/9.2.13.v20150730/websocket-parent-9.2.13.v20150730.pom (4 KB at 162.6 KB/sec)
[INFO] [INFO] Downloading: http://insecure.repo1.maven.org/maven2/org/eclipse/jetty/jetty-project/9.2.13.v20150730/jetty-project-9.2.13.v20150730.pom
[INFO] [INFO] Downloaded: http://insecure.repo1.maven.org/maven2/org/eclipse/jetty/jetty-project/9.2.13.v20150730/jetty-project-9.2.13.v20150730.pom (37 KB at 1286.8 KB/sec)
[INFO] [INFO] Downloading: http://insecure.repo1.maven.org/maven2/org/eclipse/jetty/jetty-parent/23/jetty-parent-23.pom
[INFO] [INFO] Downloaded: http://insecure.repo1.maven.org/maven2/org/eclipse/jetty/jetty-parent/23/jetty-parent-23.pom (22 KB at 856.0 KB/sec)
[INFO] [INFO] Downloading: http://insecure.repo1.maven.org/maven2/org/eclipse/jetty/jetty-util/9.2.14.v20151106/jetty-util-9.2.14.v20151106.pom
[INFO] [INFO] Downloaded: http://insecure.repo1.maven.org/maven2/org/eclipse/jetty/jetty-util/9.2.14.v20151106/jetty-util-9.2.14.v20151106.pom (4 KB at 152.7 KB/sec)
[INFO] [INFO] Downloading: http://insecure.repo1.maven.org/maven2/org/eclipse/jetty/jetty-project/9.2.14.v20151106/jetty-project-9.2.14.v20151106.pom
[INFO] [INFO] Downloaded: http://insecure.repo1.maven.org/maven2/org/eclipse/jetty/jetty-project/9.2.14.v20151106/jetty-project-9.2.14.v20151106.pom (37 KB at 1316.4 KB/sec)
[INFO] [INFO] Downloading: http://insecure.repo1.maven.org/maven2/org/eclipse/jetty/jetty-io/9.2.14.v20151106/jetty-io-9.2.14.v20151106.pom
[INFO] [INFO] Downloaded: http://insecure.repo1.maven.org/maven2/org/eclipse/jetty/jetty-io/9.2.14.v20151106/jetty-io-9.2.14.v20151106.pom (3 KB at 106.4 KB/sec)
[INFO] [INFO] Downloading: http://insecure.repo1.maven.org/maven2/org/eclipse/jetty/websocket/websocket-common/9.2.14.v20151106/websocket-common-9.2.14.v20151106.pom
[INFO] [INFO] Downloaded: http://insecure.repo1.maven.org/maven2/org/eclipse/jetty/websocket/websocket-common/9.2.14.v20151106/websocket-common-9.2.14.v20151106.pom (3 KB at 123.1 KB/sec)
[INFO] [INFO] Downloading: http://insecure.repo1.maven.org/maven2/org/eclipse/jetty/websocket/websocket-parent/9.2.14.v20151106/websocket-parent-9.2.14.v20151106.pom
[INFO] [INFO] Downloaded: http://insecure.repo1.maven.org/maven2/org/eclipse/jetty/websocket/websocket-parent/9.2.14.v20151106/websocket-parent-9.2.14.v20151106.pom (4 KB at 170.7 KB/sec)
[INFO] [INFO] Downloading: http://insecure.repo1.maven.org/maven2/org/eclipse/jetty/websocket/websocket-api/9.2.14.v20151106/websocket-api-9.2.14.v20151106.pom
[INFO] [INFO] Downloaded: http://insecure.repo1.maven.org/maven2/org/eclipse/jetty/websocket/websocket-api/9.2.14.v20151106/websocket-api-9.2.14.v20151106.pom (3 KB at 107.4 KB/sec)
[INFO] [INFO] Downloading: http://insecure.repo1.maven.org/maven2/org/eclipse/jetty/jetty-webapp/9.2.14.v20151106/jetty-webapp-9.2.14.v20151106.pom
[INFO] [INFO] Downloaded: http://insecure.repo1.maven.org/maven2/org/eclipse/jetty/jetty-webapp/9.2.14.v20151106/jetty-webapp-9.2.14.v20151106.pom (4 KB at 157.0 KB/sec)
[INFO] [INFO] Downloading: http://insecure.repo1.maven.org/maven2/org/eclipse/jetty/jetty-xml/9.2.14.v20151106/jetty-xml-9.2.14.v20151106.pom
[INFO] [INFO] Downloaded: http://insecure.repo1.maven.org/maven2/org/eclipse/jetty/jetty-xml/9.2.14.v20151106/jetty-xml-9.2.14.v20151106.pom (2 KB at 98.8 KB/sec)
[INFO] [INFO] Downloading: http://insecure.repo1.maven.org/maven2/org/eclipse/jetty/jetty-servlet/9.2.14.v20151106/jetty-servlet-9.2.14.v20151106.pom
[INFO] [INFO] Downloaded: http://insecure.repo1.maven.org/maven2/org/eclipse/jetty/jetty-servlet/9.2.14.v20151106/jetty-servlet-9.2.14.v20151106.pom (4 KB at 160.3 KB/sec)
[INFO] [INFO] Downloading: http://insecure.repo1.maven.org/maven2/org/eclipse/jetty/jetty-security/9.2.14.v20151106/jetty-security-9.2.14.v20151106.pom
[INFO] [INFO] Downloaded: http://insecure.repo1.maven.org/maven2/org/eclipse/jetty/jetty-security/9.2.14.v20151106/jetty-security-9.2.14.v20151106.pom (3 KB at 135.6 KB/sec)
[INFO] [INFO] Downloading: http://insecure.repo1.maven.org/maven2/org/eclipse/jetty/jetty-server/9.2.14.v20151106/jetty-server-9.2.14.v20151106.pom
[INFO] [INFO] Downloaded: http://insecure.repo1.maven.org/maven2/org/eclipse/jetty/jetty-server/9.2.14.v20151106/jetty-server-9.2.14.v20151106.pom (5 KB at 200.3 KB/sec)
[INFO] [INFO] Downloading: http://insecure.repo1.maven.org/maven2/org/eclipse/jetty/jetty-http/9.2.14.v20151106/jetty-http-9.2.14.v20151106.pom
[INFO] [INFO] Downloaded: http://insecure.repo1.maven.org/maven2/org/eclipse/jetty/jetty-http/9.2.14.v20151106/jetty-http-9.2.14.v20151106.pom (3 KB at 117.4 KB/sec)
[INFO] [INFO] Downloading: http://insecure.repo1.maven.org/maven2/org/eclipse/jetty/jetty-servlets/9.2.14.v20151106/jetty-servlets-9.2.14.v20151106.pom
[INFO] [INFO] Downloaded: http://insecure.repo1.maven.org/maven2/org/eclipse/jetty/jetty-servlets/9.2.14.v20151106/jetty-servlets-9.2.14.v20151106.pom (4 KB at 178.9 KB/sec)
[INFO] [INFO] Downloading: http://insecure.repo1.maven.org/maven2/org/eclipse/jetty/jetty-continuation/9.2.14.v20151106/jetty-continuation-9.2.14.v20151106.pom
[INFO] [INFO] Downloaded: http://insecure.repo1.maven.org/maven2/org/eclipse/jetty/jetty-continuation/9.2.14.v20151106/jetty-continuation-9.2.14.v20151106.pom (2 KB at 103.5 KB/sec)
[INFO] [INFO] Downloading: http://insecure.repo1.maven.org/maven2/org/eclipse/jetty/jetty-annotations/9.2.14.v20151106/jetty-annotations-9.2.14.v20151106.pom
[INFO] [INFO] Downloaded: http://insecure.repo1.maven.org/maven2/org/eclipse/jetty/jetty-annotations/9.2.14.v20151106/jetty-annotations-9.2.14.v20151106.pom (4 KB at 187.3 KB/sec)
[INFO] [INFO] Downloading: http://insecure.repo1.maven.org/maven2/org/eclipse/jetty/jetty-plus/9.2.14.v20151106/jetty-plus-9.2.14.v20151106.pom
[INFO] [INFO] Downloaded: http://insecure.repo1.maven.org/maven2/org/eclipse/jetty/jetty-plus/9.2.14.v20151106/jetty-plus-9.2.14.v20151106.pom (5 KB at 208.6 KB/sec)
[INFO] [INFO] Downloading: http://insecure.repo1.maven.org/maven2/org/eclipse/jetty/jetty-jndi/9.2.14.v20151106/jetty-jndi-9.2.14.v20151106.pom
[INFO] [INFO] Downloaded: http://insecure.repo1.maven.org/maven2/org/eclipse/jetty/jetty-jndi/9.2.14.v20151106/jetty-jndi-9.2.14.v20151106.pom (4 KB at 162.1 KB/sec)
[INFO] [INFO] Downloading: http://insecure.repo1.maven.org/maven2/javax/annotation/javax.annotation-api/1.2/javax.annotation-api-1.2.pom
[INFO] [INFO] Downloaded: http://insecure.repo1.maven.org/maven2/javax/annotation/javax.annotation-api/1.2/javax.annotation-api-1.2.pom (14 KB at 546.5 KB/sec)
[INFO] [INFO] Downloading: http://insecure.repo1.maven.org/maven2/org/eclipse/jetty/apache-jsp/9.2.14.v20151106/apache-jsp-9.2.14.v20151106.pom
[INFO] [INFO] Downloaded: http://insecure.repo1.maven.org/maven2/org/eclipse/jetty/apache-jsp/9.2.14.v20151106/apache-jsp-9.2.14.v20151106.pom (5 KB at 186.3 KB/sec)
[INFO] [INFO] Downloading: http://insecure.repo1.maven.org/maven2/org/eclipse/jetty/toolchain/jetty-schemas/3.1.M0/jetty-schemas-3.1.M0.pom
[INFO] [INFO] Downloaded: http://insecure.repo1.maven.org/maven2/org/eclipse/jetty/toolchain/jetty-schemas/3.1.M0/jetty-schemas-3.1.M0.pom (4 KB at 156.8 KB/sec)
[INFO] [INFO] Downloading: http://insecure.repo1.maven.org/maven2/org/eclipse/jetty/toolchain/jetty-toolchain/1.4/jetty-toolchain-1.4.pom
[INFO] [INFO] Downloaded: http://insecure.repo1.maven.org/maven2/org/eclipse/jetty/toolchain/jetty-toolchain/1.4/jetty-toolchain-1.4.pom (2 KB at 74.0 KB/sec)
[INFO] [INFO] Downloading: http://insecure.repo1.maven.org/maven2/org/eclipse/jetty/jetty-parent/18/jetty-parent-18.pom
[INFO] [INFO] Downloaded: http://insecure.repo1.maven.org/maven2/org/eclipse/jetty/jetty-parent/18/jetty-parent-18.pom (17 KB at 671.2 KB/sec)
[INFO] [INFO] Downloading: http://insecure.repo1.maven.org/maven2/org/mortbay/jasper/apache-jsp/8.0.9.M3/apache-jsp-8.0.9.M3.pom
[INFO] [INFO] Downloaded: http://insecure.repo1.maven.org/maven2/org/mortbay/jasper/apache-jsp/8.0.9.M3/apache-jsp-8.0.9.M3.pom (12 KB at 483.4 KB/sec)
[INFO] [INFO] Downloading: http://insecure.repo1.maven.org/maven2/org/mortbay/jasper/jasper-jsp/8.0.9.M3/jasper-jsp-8.0.9.M3.pom
[INFO] [INFO] Downloaded: http://insecure.repo1.maven.org/maven2/org/mortbay/jasper/jasper-jsp/8.0.9.M3/jasper-jsp-8.0.9.M3.pom (4 KB at 160.3 KB/sec)
[INFO] [INFO] Downloading: http://insecure.repo1.maven.org/maven2/org/eclipse/jetty/jetty-parent/22/jetty-parent-22.pom
[INFO] [INFO] Downloaded: http://insecure.repo1.maven.org/maven2/org/eclipse/jetty/jetty-parent/22/jetty-parent-22.pom (22 KB at 869.6 KB/sec)
[INFO] [INFO] Downloading: http://insecure.repo1.maven.org/maven2/org/mortbay/jasper/apache-el/8.0.9.M3/apache-el-8.0.9.M3.pom
[INFO] [INFO] Downloaded: http://insecure.repo1.maven.org/maven2/org/mortbay/jasper/apache-el/8.0.9.M3/apache-el-8.0.9.M3.pom (7 KB at 268.0 KB/sec)
[INFO] [INFO] Downloading: http://insecure.repo1.maven.org/maven2/com/google/guava/guava-gwt/20.0/guava-gwt-20.0.pom
[INFO] [INFO] Downloaded: http://insecure.repo1.maven.org/maven2/com/google/guava/guava-gwt/20.0/guava-gwt-20.0.pom (14 KB at 570.6 KB/sec)
[INFO] [INFO] Downloading: http://insecure.repo1.maven.org/maven2/com/google/gwt/gwt-user/2.8.0/gwt-user-2.8.0.jar
[INFO] [INFO] Downloading: http://insecure.repo1.maven.org/maven2/com/google/jsinterop/jsinterop-annotations/1.0.1/jsinterop-annotations-1.0.1.jar
[INFO] [INFO] Downloading: http://insecure.repo1.maven.org/maven2/com/google/jsinterop/jsinterop-annotations/1.0.1/jsinterop-annotations-1.0.1-sources.jar
[INFO] [INFO] Downloading: http://insecure.repo1.maven.org/maven2/javax/validation/validation-api/1.0.0.GA/validation-api-1.0.0.GA.jar
[INFO] [INFO] Downloading: http://insecure.repo1.maven.org/maven2/javax/validation/validation-api/1.0.0.GA/validation-api-1.0.0.GA-sources.jar
[INFO] [INFO] Downloaded: http://insecure.repo1.maven.org/maven2/javax/validation/validation-api/1.0.0.GA/validation-api-1.0.0.GA-sources.jar (64 KB at 595.2 KB/sec)
[INFO] [INFO] Downloading: http://insecure.repo1.maven.org/maven2/javax/servlet/javax.servlet-api/3.1.0/javax.servlet-api-3.1.0.jar
[INFO] [INFO] Downloaded: http://insecure.repo1.maven.org/maven2/javax/validation/validation-api/1.0.0.GA/validation-api-1.0.0.GA.jar (47 KB at 328.5 KB/sec)
[INFO] [INFO] Downloading: http://insecure.repo1.maven.org/maven2/org/w3c/css/sac/1.3/sac-1.3.jar
[INFO] [INFO] Downloaded: http://insecure.repo1.maven.org/maven2/org/w3c/css/sac/1.3/sac-1.3.jar (16 KB at 80.0 KB/sec)
[INFO] [INFO] Downloading: http://insecure.repo1.maven.org/maven2/com/google/gwt/gwt-dev/2.8.0/gwt-dev-2.8.0.jar
[INFO] [INFO] Downloaded: http://insecure.repo1.maven.org/maven2/com/google/jsinterop/jsinterop-annotations/1.0.1/jsinterop-annotations-1.0.1.jar (4 KB at 18.6 KB/sec)
[INFO] [INFO] Downloading: http://insecure.repo1.maven.org/maven2/com/google/code/gson/gson/2.6.2/gson-2.6.2.jar
[INFO] [INFO] Downloaded: http://insecure.repo1.maven.org/maven2/javax/servlet/javax.servlet-api/3.1.0/javax.servlet-api-3.1.0.jar (94 KB at 334.1 KB/sec)
[INFO] [INFO] Downloading: http://insecure.repo1.maven.org/maven2/org/ow2/asm/asm/5.0.3/asm-5.0.3.jar
[INFO] [INFO] Downloaded: http://insecure.repo1.maven.org/maven2/com/google/jsinterop/jsinterop-annotations/1.0.1/jsinterop-annotations-1.0.1-sources.jar (10 KB at 32.5 KB/sec)
[INFO] [INFO] Downloading: http://insecure.repo1.maven.org/maven2/org/ow2/asm/asm-util/5.0.3/asm-util-5.0.3.jar
[INFO] [INFO] Downloaded: http://insecure.repo1.maven.org/maven2/org/ow2/asm/asm-util/5.0.3/asm-util-5.0.3.jar (43 KB at 113.7 KB/sec)
[INFO] [INFO] Downloading: http://insecure.repo1.maven.org/maven2/org/ow2/asm/asm-tree/5.0.3/asm-tree-5.0.3.jar
[INFO] [INFO] Downloaded: http://insecure.repo1.maven.org/maven2/org/ow2/asm/asm/5.0.3/asm-5.0.3.jar (52 KB at 136.1 KB/sec)
[INFO] [INFO] Downloading: http://insecure.repo1.maven.org/maven2/org/ow2/asm/asm-commons/5.0.3/asm-commons-5.0.3.jar
[INFO] [INFO] Downloaded: http://insecure.repo1.maven.org/maven2/org/ow2/asm/asm-tree/5.0.3/asm-tree-5.0.3.jar (29 KB at 62.7 KB/sec)
[INFO] [INFO] Downloading: http://insecure.repo1.maven.org/maven2/colt/colt/1.2.0/colt-1.2.0.jar
[INFO] [INFO] Downloaded: http://insecure.repo1.maven.org/maven2/org/ow2/asm/asm-commons/5.0.3/asm-commons-5.0.3.jar (41 KB at 86.1 KB/sec)
[INFO] [INFO] Downloading: http://insecure.repo1.maven.org/maven2/ant/ant/1.6.5/ant-1.6.5.jar
[INFO] [INFO] Downloaded: http://insecure.repo1.maven.org/maven2/colt/colt/1.2.0/colt-1.2.0.jar (569 KB at 1138.9 KB/sec)
[INFO] [INFO] Downloading: http://insecure.repo1.maven.org/maven2/commons-collections/commons-collections/3.2.2/commons-collections-3.2.2.jar
[INFO] [INFO] Downloaded: http://insecure.repo1.maven.org/maven2/commons-collections/commons-collections/3.2.2/commons-collections-3.2.2.jar (575 KB at 1073.9 KB/sec)
[INFO] [INFO] Downloading: http://insecure.repo1.maven.org/maven2/commons-io/commons-io/2.4/commons-io-2.4.jar
[INFO] [INFO] Downloaded: http://insecure.repo1.maven.org/maven2/commons-io/commons-io/2.4/commons-io-2.4.jar (181 KB at 326.4 KB/sec)
[INFO] [INFO] Downloading: http://insecure.repo1.maven.org/maven2/com/ibm/icu/icu4j/50.1.1/icu4j-50.1.1.jar
[INFO] [INFO] Downloaded: http://insecure.repo1.maven.org/maven2/ant/ant/1.6.5/ant-1.6.5.jar (1010 KB at 1735.1 KB/sec)
[INFO] [INFO] Downloading: http://insecure.repo1.maven.org/maven2/tapestry/tapestry/4.0.2/tapestry-4.0.2.jar
[INFO] [INFO] Downloaded: http://insecure.repo1.maven.org/maven2/com/google/code/gson/gson/2.6.2/gson-2.6.2.jar (225 KB at 370.1 KB/sec)
[INFO] [INFO] Downloading: http://insecure.repo1.maven.org/maven2/net/sourceforge/htmlunit/htmlunit/2.19/htmlunit-2.19.jar
[INFO] [INFO] Downloaded: http://insecure.repo1.maven.org/maven2/tapestry/tapestry/4.0.2/tapestry-4.0.2.jar (1062 KB at 1701.7 KB/sec)
[INFO] [INFO] Downloading: http://insecure.repo1.maven.org/maven2/xalan/xalan/2.7.2/xalan-2.7.2.jar
[INFO] [INFO] Downloaded: http://insecure.repo1.maven.org/maven2/xalan/xalan/2.7.2/xalan-2.7.2.jar (3081 KB at 4388.9 KB/sec)
[INFO] [INFO] Downloading: http://insecure.repo1.maven.org/maven2/xalan/serializer/2.7.2/serializer-2.7.2.jar
[INFO] [INFO] Downloaded: http://insecure.repo1.maven.org/maven2/xalan/serializer/2.7.2/serializer-2.7.2.jar (270 KB at 373.9 KB/sec)
[INFO] [INFO] Downloading: http://insecure.repo1.maven.org/maven2/org/apache/commons/commons-lang3/3.4/commons-lang3-3.4.jar
[INFO] [INFO] Downloaded: http://insecure.repo1.maven.org/maven2/com/ibm/icu/icu4j/50.1.1/icu4j-50.1.1.jar (9000 KB at 12396.4 KB/sec)
[INFO] [INFO] Downloading: http://insecure.repo1.maven.org/maven2/org/apache/httpcomponents/httpclient/4.5.1/httpclient-4.5.1.jar
[INFO] [INFO] Downloaded: http://insecure.repo1.maven.org/maven2/org/apache/commons/commons-lang3/3.4/commons-lang3-3.4.jar (425 KB at 569.8 KB/sec)
[INFO] [INFO] Downloading: http://insecure.repo1.maven.org/maven2/org/apache/httpcomponents/httpcore/4.4.3/httpcore-4.4.3.jar
[INFO] [INFO] Downloaded: http://insecure.repo1.maven.org/maven2/org/apache/httpcomponents/httpclient/4.5.1/httpclient-4.5.1.jar (716 KB at 947.8 KB/sec)
[INFO] [INFO] Downloading: http://insecure.repo1.maven.org/maven2/org/apache/httpcomponents/httpmime/4.5.1/httpmime-4.5.1.jar
[INFO] [INFO] Downloaded: http://insecure.repo1.maven.org/maven2/org/apache/httpcomponents/httpcore/4.4.3/httpcore-4.4.3.jar (319 KB at 416.9 KB/sec)
[INFO] [INFO] Downloading: http://insecure.repo1.maven.org/maven2/commons-codec/commons-codec/1.10/commons-codec-1.10.jar
[INFO] [INFO] Downloaded: http://insecure.repo1.maven.org/maven2/org/apache/httpcomponents/httpmime/4.5.1/httpmime-4.5.1.jar (40 KB at 51.7 KB/sec)
[INFO] [INFO] Downloading: http://insecure.repo1.maven.org/maven2/net/sourceforge/htmlunit/htmlunit-core-js/2.17/htmlunit-core-js-2.17.jar
[INFO] [INFO] Downloaded: http://insecure.repo1.maven.org/maven2/commons-codec/commons-codec/1.10/commons-codec-1.10.jar (278 KB at 354.4 KB/sec)
[INFO] [INFO] Downloading: http://insecure.repo1.maven.org/maven2/xerces/xercesImpl/2.11.0/xercesImpl-2.11.0.jar
[INFO] [INFO] Downloaded: http://insecure.repo1.maven.org/maven2/net/sourceforge/htmlunit/htmlunit-core-js/2.17/htmlunit-core-js-2.17.jar (1062 KB at 1326.6 KB/sec)
[INFO] [INFO] Downloading: http://insecure.repo1.maven.org/maven2/xml-apis/xml-apis/1.4.01/xml-apis-1.4.01.jar
[INFO] [INFO] Downloaded: http://insecure.repo1.maven.org/maven2/xerces/xercesImpl/2.11.0/xercesImpl-2.11.0.jar (1336 KB at 1632.9 KB/sec)
[INFO] [INFO] Downloading: http://insecure.repo1.maven.org/maven2/net/sourceforge/nekohtml/nekohtml/1.9.22/nekohtml-1.9.22.jar
[INFO] [INFO] Downloaded: http://insecure.repo1.maven.org/maven2/xml-apis/xml-apis/1.4.01/xml-apis-1.4.01.jar (216 KB at 263.0 KB/sec)
[INFO] [INFO] Downloading: http://insecure.repo1.maven.org/maven2/net/sourceforge/cssparser/cssparser/0.9.18/cssparser-0.9.18.jar
[INFO] [INFO] Downloaded: http://insecure.repo1.maven.org/maven2/net/sourceforge/nekohtml/nekohtml/1.9.22/nekohtml-1.9.22.jar (123 KB at 146.4 KB/sec)
[INFO] [INFO] Downloading: http://insecure.repo1.maven.org/maven2/commons-logging/commons-logging/1.2/commons-logging-1.2.jar
[INFO] [INFO] Downloaded: http://insecure.repo1.maven.org/maven2/net/sourceforge/cssparser/cssparser/0.9.18/cssparser-0.9.18.jar (365 KB at 431.5 KB/sec)
[INFO] [INFO] Downloading: http://insecure.repo1.maven.org/maven2/org/eclipse/jetty/websocket/websocket-client/9.2.13.v20150730/websocket-client-9.2.13.v20150730.jar
[INFO] [INFO] Downloaded: http://insecure.repo1.maven.org/maven2/commons-logging/commons-logging/1.2/commons-logging-1.2.jar (61 KB at 57.9 KB/sec)
[INFO] [INFO] Downloading: http://insecure.repo1.maven.org/maven2/org/eclipse/jetty/websocket/websocket-common/9.2.14.v20151106/websocket-common-9.2.14.v20151106.jar
[INFO] [INFO] Downloaded: http://insecure.repo1.maven.org/maven2/org/eclipse/jetty/websocket/websocket-client/9.2.13.v20150730/websocket-client-9.2.13.v20150730.jar (36 KB at 33.7 KB/sec)
[INFO] [INFO] Downloading: http://insecure.repo1.maven.org/maven2/org/eclipse/jetty/websocket/websocket-api/9.2.14.v20151106/websocket-api-9.2.14.v20151106.jar
[INFO] [INFO] Downloaded: http://insecure.repo1.maven.org/maven2/org/eclipse/jetty/websocket/websocket-common/9.2.14.v20151106/websocket-common-9.2.14.v20151106.jar (177 KB at 165.8 KB/sec)
[INFO] [INFO] Downloading: http://insecure.repo1.maven.org/maven2/org/eclipse/jetty/jetty-webapp/9.2.14.v20151106/jetty-webapp-9.2.14.v20151106.jar
[INFO] [INFO] Downloaded: http://insecure.repo1.maven.org/maven2/org/eclipse/jetty/websocket/websocket-api/9.2.14.v20151106/websocket-api-9.2.14.v20151106.jar (44 KB at 39.9 KB/sec)
[INFO] [INFO] Downloading: http://insecure.repo1.maven.org/maven2/org/eclipse/jetty/jetty-xml/9.2.14.v20151106/jetty-xml-9.2.14.v20151106.jar
[INFO] [INFO] Downloaded: http://insecure.repo1.maven.org/maven2/org/eclipse/jetty/jetty-webapp/9.2.14.v20151106/jetty-webapp-9.2.14.v20151106.jar (106 KB at 97.5 KB/sec)
[INFO] [INFO] Downloading: http://insecure.repo1.maven.org/maven2/org/eclipse/jetty/jetty-servlet/9.2.14.v20151106/jetty-servlet-9.2.14.v20151106.jar
[INFO] [INFO] Downloaded: http://insecure.repo1.maven.org/maven2/org/eclipse/jetty/jetty-xml/9.2.14.v20151106/jetty-xml-9.2.14.v20151106.jar (44 KB at 39.4 KB/sec)
[INFO] [INFO] Downloading: http://insecure.repo1.maven.org/maven2/org/eclipse/jetty/jetty-security/9.2.14.v20151106/jetty-security-9.2.14.v20151106.jar
[INFO] [INFO] Downloaded: http://insecure.repo1.maven.org/maven2/org/eclipse/jetty/jetty-servlet/9.2.14.v20151106/jetty-servlet-9.2.14.v20151106.jar (114 KB at 103.0 KB/sec)
[INFO] [INFO] Downloading: http://insecure.repo1.maven.org/maven2/org/eclipse/jetty/jetty-servlets/9.2.14.v20151106/jetty-servlets-9.2.14.v20151106.jar
[INFO] [INFO] Downloaded: http://insecure.repo1.maven.org/maven2/org/eclipse/jetty/jetty-servlets/9.2.14.v20151106/jetty-servlets-9.2.14.v20151106.jar (120 KB at 106.9 KB/sec)
[INFO] [INFO] Downloading: http://insecure.repo1.maven.org/maven2/org/eclipse/jetty/jetty-continuation/9.2.14.v20151106/jetty-continuation-9.2.14.v20151106.jar
[INFO] [INFO] Downloaded: http://insecure.repo1.maven.org/maven2/org/eclipse/jetty/jetty-security/9.2.14.v20151106/jetty-security-9.2.14.v20151106.jar (94 KB at 83.6 KB/sec)
[INFO] [INFO] Downloading: http://insecure.repo1.maven.org/maven2/org/eclipse/jetty/jetty-http/9.2.14.v20151106/jetty-http-9.2.14.v20151106.jar
[INFO] [INFO] Downloaded: http://insecure.repo1.maven.org/maven2/org/eclipse/jetty/jetty-continuation/9.2.14.v20151106/jetty-continuation-9.2.14.v20151106.jar (16 KB at 13.8 KB/sec)
[INFO] [INFO] Downloading: http://insecure.repo1.maven.org/maven2/org/eclipse/jetty/jetty-util/9.2.14.v20151106/jetty-util-9.2.14.v20151106.jar
[INFO] [INFO] Downloaded: http://insecure.repo1.maven.org/maven2/org/eclipse/jetty/jetty-http/9.2.14.v20151106/jetty-http-9.2.14.v20151106.jar (104 KB at 90.1 KB/sec)
[INFO] [INFO] Downloading: http://insecure.repo1.maven.org/maven2/org/eclipse/jetty/jetty-io/9.2.14.v20151106/jetty-io-9.2.14.v20151106.jar
[INFO] [INFO] Downloaded: http://insecure.repo1.maven.org/maven2/org/eclipse/jetty/jetty-util/9.2.14.v20151106/jetty-util-9.2.14.v20151106.jar (353 KB at 304.3 KB/sec)
[INFO] [INFO] Downloading: http://insecure.repo1.maven.org/maven2/org/eclipse/jetty/jetty-annotations/9.2.14.v20151106/jetty-annotations-9.2.14.v20151106.jar
[INFO] [INFO] Downloaded: http://insecure.repo1.maven.org/maven2/org/eclipse/jetty/jetty-io/9.2.14.v20151106/jetty-io-9.2.14.v20151106.jar (106 KB at 91.0 KB/sec)
[INFO] [INFO] Downloading: http://insecure.repo1.maven.org/maven2/org/eclipse/jetty/jetty-plus/9.2.14.v20151106/jetty-plus-9.2.14.v20151106.jar
[INFO] [INFO] Downloaded: http://insecure.repo1.maven.org/maven2/org/eclipse/jetty/jetty-annotations/9.2.14.v20151106/jetty-annotations-9.2.14.v20151106.jar (79 KB at 66.6 KB/sec)
[INFO] [INFO] Downloading: http://insecure.repo1.maven.org/maven2/org/eclipse/jetty/jetty-jndi/9.2.14.v20151106/jetty-jndi-9.2.14.v20151106.jar
[INFO] [INFO] Downloaded: http://insecure.repo1.maven.org/maven2/org/eclipse/jetty/jetty-plus/9.2.14.v20151106/jetty-plus-9.2.14.v20151106.jar (53 KB at 44.8 KB/sec)
[INFO] [INFO] Downloading: http://insecure.repo1.maven.org/maven2/javax/annotation/javax.annotation-api/1.2/javax.annotation-api-1.2.jar
[INFO] [INFO] Downloaded: http://insecure.repo1.maven.org/maven2/org/eclipse/jetty/jetty-jndi/9.2.14.v20151106/jetty-jndi-9.2.14.v20151106.jar (41 KB at 33.8 KB/sec)
[INFO] [INFO] Downloading: http://insecure.repo1.maven.org/maven2/org/eclipse/jetty/apache-jsp/9.2.14.v20151106/apache-jsp-9.2.14.v20151106.jar
[INFO] [INFO] Downloaded: http://insecure.repo1.maven.org/maven2/javax/annotation/javax.annotation-api/1.2/javax.annotation-api-1.2.jar (26 KB at 21.4 KB/sec)
[INFO] [INFO] Downloading: http://insecure.repo1.maven.org/maven2/org/eclipse/jetty/jetty-server/9.2.14.v20151106/jetty-server-9.2.14.v20151106.jar
[INFO] [INFO] Downloaded: http://insecure.repo1.maven.org/maven2/org/eclipse/jetty/apache-jsp/9.2.14.v20151106/apache-jsp-9.2.14.v20151106.jar (11 KB at 8.7 KB/sec)
[INFO] [INFO] Downloading: http://insecure.repo1.maven.org/maven2/org/eclipse/jetty/toolchain/jetty-schemas/3.1.M0/jetty-schemas-3.1.M0.jar
[INFO] [INFO] Downloaded: http://insecure.repo1.maven.org/maven2/org/eclipse/jetty/jetty-server/9.2.14.v20151106/jetty-server-9.2.14.v20151106.jar (410 KB at 334.7 KB/sec)
[INFO] [INFO] Downloading: http://insecure.repo1.maven.org/maven2/org/mortbay/jasper/apache-jsp/8.0.9.M3/apache-jsp-8.0.9.M3.jar
[INFO] [INFO] Downloaded: http://insecure.repo1.maven.org/maven2/org/eclipse/jetty/toolchain/jetty-schemas/3.1.M0/jetty-schemas-3.1.M0.jar (184 KB at 150.0 KB/sec)
[INFO] [INFO] Downloading: http://insecure.repo1.maven.org/maven2/org/mortbay/jasper/apache-el/8.0.9.M3/apache-el-8.0.9.M3.jar
[INFO] [INFO] Downloaded: http://insecure.repo1.maven.org/maven2/org/mortbay/jasper/apache-el/8.0.9.M3/apache-el-8.0.9.M3.jar (233 KB at 186.1 KB/sec)
[INFO] [INFO] Downloading: http://insecure.repo1.maven.org/maven2/com/google/guava/guava-gwt/20.0/guava-gwt-20.0.jar
[INFO] [INFO] Downloaded: http://insecure.repo1.maven.org/maven2/org/mortbay/jasper/apache-jsp/8.0.9.M3/apache-jsp-8.0.9.M3.jar (934 KB at 738.2 KB/sec)
[INFO] [INFO] Downloaded: http://insecure.repo1.maven.org/maven2/com/google/guava/guava-gwt/20.0/guava-gwt-20.0.jar (1096 KB at 853.1 KB/sec)
[INFO] [INFO] Downloaded: http://insecure.repo1.maven.org/maven2/com/google/gwt/gwt-user/2.8.0/gwt-user-2.8.0.jar (15886 KB at 11100.8 KB/sec)
[INFO] [INFO] Downloaded: http://insecure.repo1.maven.org/maven2/net/sourceforge/htmlunit/htmlunit/2.19/htmlunit-2.19.jar (1863 KB at 883.8 KB/sec)
[INFO] [INFO] Downloaded: http://insecure.repo1.maven.org/maven2/com/google/gwt/gwt-dev/2.8.0/gwt-dev-2.8.0.jar (14267 KB at 4170.2 KB/sec)
[INFO] [INFO] 
[INFO] [INFO] --- maven-clean-plugin:2.5:clean (default-clean) @ gwtserializer ---
[INFO] [INFO] 
[INFO] [INFO] --- maven-resources-plugin:2.7:resources (default-resources) @ gwtserializer ---
[INFO] [INFO] Downloading: https://repo.maven.apache.org/maven2/org/codehaus/plexus/plexus-utils/3.0.15/plexus-utils-3.0.15.pom
[INFO] [INFO] Downloaded: https://repo.maven.apache.org/maven2/org/codehaus/plexus/plexus-utils/3.0.15/plexus-utils-3.0.15.pom (4 KB at 170.7 KB/sec)
[INFO] [INFO] Downloading: https://repo.maven.apache.org/maven2/org/apache/maven/shared/maven-filtering/1.2/maven-filtering-1.2.pom
[INFO] [INFO] Downloaded: https://repo.maven.apache.org/maven2/org/apache/maven/shared/maven-filtering/1.2/maven-filtering-1.2.pom (7 KB at 302.7 KB/sec)
[INFO] [INFO] Downloading: https://repo.maven.apache.org/maven2/org/apache/maven/shared/maven-shared-utils/0.3/maven-shared-utils-0.3.pom
[INFO] [INFO] Downloaded: https://repo.maven.apache.org/maven2/org/apache/maven/shared/maven-shared-utils/0.3/maven-shared-utils-0.3.pom (4 KB at 219.6 KB/sec)
[INFO] [INFO] Downloading: https://repo.maven.apache.org/maven2/org/codehaus/plexus/plexus-interpolation/1.19/plexus-interpolation-1.19.pom
[INFO] [INFO] Downloaded: https://repo.maven.apache.org/maven2/org/codehaus/plexus/plexus-interpolation/1.19/plexus-interpolation-1.19.pom (2 KB at 35.9 KB/sec)
[INFO] [INFO] Downloading: https://repo.maven.apache.org/maven2/org/apache/maven/shared/maven-filtering/1.2/maven-filtering-1.2.jar
[INFO] [INFO] Downloading: https://repo.maven.apache.org/maven2/org/apache/maven/shared/maven-shared-utils/0.3/maven-shared-utils-0.3.jar
[INFO] [INFO] Downloaded: https://repo.maven.apache.org/maven2/org/apache/maven/shared/maven-filtering/1.2/maven-filtering-1.2.jar (44 KB at 1052.2 KB/sec)
[INFO] [INFO] Downloaded: https://repo.maven.apache.org/maven2/org/apache/maven/shared/maven-shared-utils/0.3/maven-shared-utils-0.3.jar (152 KB at 1516.7 KB/sec)
[INFO] [WARNING] Using platform encoding (UTF-8 actually) to copy filtered resources, i.e. build is platform dependent!
[INFO] [INFO] skip non existing resourceDirectory /home/travis/build/passed/google/auto/value/target/it/gwtserializer/src/main/resources
[INFO] [INFO] 
[INFO] [INFO] --- maven-compiler-plugin:3.1:compile (default-compile) @ gwtserializer ---
[INFO] [INFO] No sources to compile
[INFO] [INFO] 
[INFO] [INFO] --- maven-compiler-plugin:3.1:testCompile (default-testCompile) @ gwtserializer ---
[INFO] [INFO] Changes detected - recompiling the module!
[INFO] [WARNING] File encoding has not been set, using platform encoding UTF-8, i.e. build is platform dependent!
[INFO] [INFO] Compiling 2 source files to /home/travis/build/passed/google/auto/value/target/it/gwtserializer/target/test-classes
[INFO] [WARNING] bootstrap class path not set in conjunction with -source 1.6
[INFO] [WARNING] No processor claimed any of these annotations: com.google.common.annotations.GwtCompatible,com.google.gwt.user.client.rpc.RemoteServiceRelativePath,com.google.auto.value.AutoValue.Builder,com.google.auto.value.AutoValue,com.google.common.annotations.GwtIncompatible
[INFO] [WARNING] No processor claimed any of these annotations: com.google.common.annotations.GwtCompatible,javax.annotation.Generated
[INFO] [INFO] 
[INFO] [INFO] --- maven-resources-plugin:2.7:testResources (default-testResources) @ gwtserializer ---
[INFO] [WARNING] Using platform encoding (UTF-8 actually) to copy filtered resources, i.e. build is platform dependent!
[INFO] [INFO] Copying 3 resources
[INFO] [INFO] Copying 12 resources
[INFO] [INFO] 
[INFO] [INFO] --- maven-surefire-plugin:2.12.4:test (default-test) @ gwtserializer ---
[INFO] [INFO] Tests are skipped.
[INFO] [INFO] 
[INFO] [INFO] --- gwt-maven-plugin:1.0-rc-6:test (default) @ gwtserializer ---
[INFO] [INFO] Downloading: https://repo.maven.apache.org/maven2/org/apache/maven/maven-plugin-api/3.0.5/maven-plugin-api-3.0.5.pom
[INFO] [INFO] Downloaded: https://repo.maven.apache.org/maven2/org/apache/maven/maven-plugin-api/3.0.5/maven-plugin-api-3.0.5.pom (3 KB at 123.7 KB/sec)
[INFO] [INFO] Downloading: https://repo.maven.apache.org/maven2/org/apache/maven/maven/3.0.5/maven-3.0.5.pom
[INFO] [INFO] Downloaded: https://repo.maven.apache.org/maven2/org/apache/maven/maven/3.0.5/maven-3.0.5.pom (22 KB at 643.7 KB/sec)
[INFO] [INFO] Downloading: https://repo.maven.apache.org/maven2/org/apache/maven/maven-model/3.0.5/maven-model-3.0.5.pom
[INFO] [INFO] Downloaded: https://repo.maven.apache.org/maven2/org/apache/maven/maven-model/3.0.5/maven-model-3.0.5.pom (4 KB at 185.7 KB/sec)
[INFO] [INFO] Downloading: https://repo.maven.apache.org/maven2/org/codehaus/plexus/plexus-utils/2.0.6/plexus-utils-2.0.6.pom
[INFO] [INFO] Downloaded: https://repo.maven.apache.org/maven2/org/codehaus/plexus/plexus-utils/2.0.6/plexus-utils-2.0.6.pom (3 KB at 117.6 KB/sec)
[INFO] [INFO] Downloading: https://repo.maven.apache.org/maven2/org/apache/maven/maven-artifact/3.0.5/maven-artifact-3.0.5.pom
[INFO] [INFO] Downloaded: https://repo.maven.apache.org/maven2/org/apache/maven/maven-artifact/3.0.5/maven-artifact-3.0.5.pom (2 KB at 75.9 KB/sec)
[INFO] [INFO] Downloading: https://repo.maven.apache.org/maven2/org/sonatype/sisu/sisu-inject-plexus/2.3.0/sisu-inject-plexus-2.3.0.pom
[INFO] [INFO] Downloaded: https://repo.maven.apache.org/maven2/org/sonatype/sisu/sisu-inject-plexus/2.3.0/sisu-inject-plexus-2.3.0.pom (6 KB at 272.7 KB/sec)
[INFO] [INFO] Downloading: https://repo.maven.apache.org/maven2/org/sonatype/sisu/inject/guice-plexus/2.3.0/guice-plexus-2.3.0.pom
[INFO] [INFO] Downloaded: https://repo.maven.apache.org/maven2/org/sonatype/sisu/inject/guice-plexus/2.3.0/guice-plexus-2.3.0.pom (4 KB at 168.7 KB/sec)
[INFO] [INFO] Downloading: https://repo.maven.apache.org/maven2/org/sonatype/sisu/inject/guice-bean/2.3.0/guice-bean-2.3.0.pom
[INFO] [INFO] Downloaded: https://repo.maven.apache.org/maven2/org/sonatype/sisu/inject/guice-bean/2.3.0/guice-bean-2.3.0.pom (3 KB at 148.3 KB/sec)
[INFO] [INFO] Downloading: https://repo.maven.apache.org/maven2/org/sonatype/sisu/inject/containers/2.3.0/containers-2.3.0.pom
[INFO] [INFO] Downloaded: https://repo.maven.apache.org/maven2/org/sonatype/sisu/inject/containers/2.3.0/containers-2.3.0.pom (2 KB at 58.5 KB/sec)
[INFO] [INFO] Downloading: https://repo.maven.apache.org/maven2/org/sonatype/sisu/sisu-inject/2.3.0/sisu-inject-2.3.0.pom
[INFO] [INFO] Downloaded: https://repo.maven.apache.org/maven2/org/sonatype/sisu/sisu-inject/2.3.0/sisu-inject-2.3.0.pom (4 KB at 158.0 KB/sec)
[INFO] [INFO] Downloading: https://repo.maven.apache.org/maven2/org/sonatype/sisu/sisu-parent/2.3.0/sisu-parent-2.3.0.pom
[INFO] [INFO] Downloaded: https://repo.maven.apache.org/maven2/org/sonatype/sisu/sisu-parent/2.3.0/sisu-parent-2.3.0.pom (11 KB at 450.5 KB/sec)
[INFO] [INFO] Downloading: https://repo.maven.apache.org/maven2/org/codehaus/plexus/plexus-classworlds/2.4/plexus-classworlds-2.4.pom
[INFO] [INFO] Downloaded: https://repo.maven.apache.org/maven2/org/codehaus/plexus/plexus-classworlds/2.4/plexus-classworlds-2.4.pom (4 KB at 199.6 KB/sec)
[INFO] [INFO] Downloading: https://repo.maven.apache.org/maven2/org/sonatype/sisu/sisu-inject-bean/2.3.0/sisu-inject-bean-2.3.0.pom
[INFO] [INFO] Downloaded: https://repo.maven.apache.org/maven2/org/sonatype/sisu/sisu-inject-bean/2.3.0/sisu-inject-bean-2.3.0.pom (7 KB at 347.7 KB/sec)
[INFO] [INFO] Downloading: https://repo.maven.apache.org/maven2/org/sonatype/sisu/sisu-guice/3.1.0/sisu-guice-3.1.0.pom
[INFO] [INFO] Downloaded: https://repo.maven.apache.org/maven2/org/sonatype/sisu/sisu-guice/3.1.0/sisu-guice-3.1.0.pom (10 KB at 430.9 KB/sec)
[INFO] [INFO] Downloading: https://repo.maven.apache.org/maven2/org/sonatype/sisu/inject/guice-parent/3.1.0/guice-parent-3.1.0.pom
[INFO] [INFO] Downloaded: https://repo.maven.apache.org/maven2/org/sonatype/sisu/inject/guice-parent/3.1.0/guice-parent-3.1.0.pom (11 KB at 426.8 KB/sec)
[INFO] [INFO] Downloading: https://repo.maven.apache.org/maven2/org/sonatype/sisu/sisu-guava/0.9.9/sisu-guava-0.9.9.pom
[INFO] [INFO] Downloaded: https://repo.maven.apache.org/maven2/org/sonatype/sisu/sisu-guava/0.9.9/sisu-guava-0.9.9.pom (2 KB at 58.7 KB/sec)
[INFO] [INFO] Downloading: https://repo.maven.apache.org/maven2/org/sonatype/sisu/inject/guava-parent/0.9.9/guava-parent-0.9.9.pom
[INFO] [INFO] Downloaded: https://repo.maven.apache.org/maven2/org/sonatype/sisu/inject/guava-parent/0.9.9/guava-parent-0.9.9.pom (11 KB at 430.0 KB/sec)
[INFO] [INFO] Downloading: https://repo.maven.apache.org/maven2/org/sonatype/plexus/plexus-build-api/0.0.7/plexus-build-api-0.0.7.pom
[INFO] [INFO] Downloaded: https://repo.maven.apache.org/maven2/org/sonatype/plexus/plexus-build-api/0.0.7/plexus-build-api-0.0.7.pom (4 KB at 149.0 KB/sec)
[INFO] [INFO] Downloading: https://repo.maven.apache.org/maven2/org/sonatype/spice/spice-parent/15/spice-parent-15.pom
[INFO] [INFO] Downloaded: https://repo.maven.apache.org/maven2/org/sonatype/spice/spice-parent/15/spice-parent-15.pom (9 KB at 354.9 KB/sec)
[INFO] [INFO] Downloading: https://repo.maven.apache.org/maven2/org/codehaus/plexus/plexus-archiver/2.9.1/plexus-archiver-2.9.1.pom
[INFO] [INFO] Downloaded: https://repo.maven.apache.org/maven2/org/codehaus/plexus/plexus-archiver/2.9.1/plexus-archiver-2.9.1.pom (5 KB at 237.3 KB/sec)
[INFO] [INFO] Downloading: https://repo.maven.apache.org/maven2/org/codehaus/plexus/plexus-io/2.4.1/plexus-io-2.4.1.pom
[INFO] [INFO] Downloaded: https://repo.maven.apache.org/maven2/org/codehaus/plexus/plexus-io/2.4.1/plexus-io-2.4.1.pom (4 KB at 151.9 KB/sec)
[INFO] [INFO] Downloading: https://repo.maven.apache.org/maven2/org/codehaus/plexus/plexus-utils/3.0.21/plexus-utils-3.0.21.pom
[INFO] [INFO] Downloaded: https://repo.maven.apache.org/maven2/org/codehaus/plexus/plexus-utils/3.0.21/plexus-utils-3.0.21.pom (4 KB at 177.2 KB/sec)
[INFO] [INFO] Downloading: https://repo.maven.apache.org/maven2/org/codehaus/plexus/plexus-compiler-api/2.4/plexus-compiler-api-2.4.pom
[INFO] [INFO] Downloaded: https://repo.maven.apache.org/maven2/org/codehaus/plexus/plexus-compiler-api/2.4/plexus-compiler-api-2.4.pom (865 B at 49.7 KB/sec)
[INFO] [INFO] Downloading: https://repo.maven.apache.org/maven2/org/codehaus/plexus/plexus-compiler/2.4/plexus-compiler-2.4.pom
[INFO] [INFO] Downloaded: https://repo.maven.apache.org/maven2/org/codehaus/plexus/plexus-compiler/2.4/plexus-compiler-2.4.pom (6 KB at 272.2 KB/sec)
[INFO] [INFO] Downloading: https://repo.maven.apache.org/maven2/org/apache/maven/maven-core/3.0.5/maven-core-3.0.5.pom
[INFO] [INFO] Downloaded: https://repo.maven.apache.org/maven2/org/apache/maven/maven-core/3.0.5/maven-core-3.0.5.pom (6 KB at 254.1 KB/sec)
[INFO] [INFO] Downloading: https://repo.maven.apache.org/maven2/org/apache/maven/maven-settings/3.0.5/maven-settings-3.0.5.pom
[INFO] [INFO] Downloaded: https://repo.maven.apache.org/maven2/org/apache/maven/maven-settings/3.0.5/maven-settings-3.0.5.pom (2 KB at 89.5 KB/sec)
[INFO] [INFO] Downloading: https://repo.maven.apache.org/maven2/org/apache/maven/maven-settings-builder/3.0.5/maven-settings-builder-3.0.5.pom
[INFO] [INFO] Downloaded: https://repo.maven.apache.org/maven2/org/apache/maven/maven-settings-builder/3.0.5/maven-settings-builder-3.0.5.pom (3 KB at 129.7 KB/sec)
[INFO] [INFO] Downloading: https://repo.maven.apache.org/maven2/org/apache/maven/maven-repository-metadata/3.0.5/maven-repository-metadata-3.0.5.pom
[INFO] [INFO] Downloaded: https://repo.maven.apache.org/maven2/org/apache/maven/maven-repository-metadata/3.0.5/maven-repository-metadata-3.0.5.pom (2 KB at 87.9 KB/sec)
[INFO] [INFO] Downloading: https://repo.maven.apache.org/maven2/org/apache/maven/maven-model-builder/3.0.5/maven-model-builder-3.0.5.pom
[INFO] [INFO] Downloaded: https://repo.maven.apache.org/maven2/org/apache/maven/maven-model-builder/3.0.5/maven-model-builder-3.0.5.pom (3 KB at 96.4 KB/sec)
[INFO] [INFO] Downloading: https://repo.maven.apache.org/maven2/org/apache/maven/maven-aether-provider/3.0.5/maven-aether-provider-3.0.5.pom
[INFO] [INFO] Downloaded: https://repo.maven.apache.org/maven2/org/apache/maven/maven-aether-provider/3.0.5/maven-aether-provider-3.0.5.pom (3 KB at 137.5 KB/sec)
[INFO] [INFO] Downloading: https://repo.maven.apache.org/maven2/org/sonatype/aether/aether-api/1.13.1/aether-api-1.13.1.pom
[INFO] [INFO] Downloaded: https://repo.maven.apache.org/maven2/org/sonatype/aether/aether-api/1.13.1/aether-api-1.13.1.pom (2 KB at 32.4 KB/sec)
[INFO] [INFO] Downloading: https://repo.maven.apache.org/maven2/org/sonatype/aether/aether/1.13.1/aether-1.13.1.pom
[INFO] [INFO] Downloaded: https://repo.maven.apache.org/maven2/org/sonatype/aether/aether/1.13.1/aether-1.13.1.pom (10 KB at 329.9 KB/sec)
[INFO] [INFO] Downloading: https://repo.maven.apache.org/maven2/org/sonatype/aether/aether-spi/1.13.1/aether-spi-1.13.1.pom
[INFO] [INFO] Downloaded: https://repo.maven.apache.org/maven2/org/sonatype/aether/aether-spi/1.13.1/aether-spi-1.13.1.pom (2 KB at 58.9 KB/sec)
[INFO] [INFO] Downloading: https://repo.maven.apache.org/maven2/org/sonatype/aether/aether-util/1.13.1/aether-util-1.13.1.pom
[INFO] [INFO] Downloaded: https://repo.maven.apache.org/maven2/org/sonatype/aether/aether-util/1.13.1/aether-util-1.13.1.pom (2 KB at 70.1 KB/sec)
[INFO] [INFO] Downloading: https://repo.maven.apache.org/maven2/org/sonatype/aether/aether-impl/1.13.1/aether-impl-1.13.1.pom
[INFO] [INFO] Downloaded: https://repo.maven.apache.org/maven2/org/sonatype/aether/aether-impl/1.13.1/aether-impl-1.13.1.pom (3 KB at 83.5 KB/sec)
[INFO] [INFO] Downloading: https://repo.maven.apache.org/maven2/org/apache/maven/shared/maven-filtering/3.0.0/maven-filtering-3.0.0.pom
[INFO] [INFO] Downloaded: https://repo.maven.apache.org/maven2/org/apache/maven/shared/maven-filtering/3.0.0/maven-filtering-3.0.0.pom (6 KB at 194.4 KB/sec)
[INFO] [INFO] Downloading: https://repo.maven.apache.org/maven2/org/apache/maven/shared/maven-shared-components/22/maven-shared-components-22.pom
[INFO] [INFO] Downloaded: https://repo.maven.apache.org/maven2/org/apache/maven/shared/maven-shared-components/22/maven-shared-components-22.pom (5 KB at 40.0 KB/sec)
[INFO] [INFO] Downloading: https://repo.maven.apache.org/maven2/org/apache/maven/maven-parent/27/maven-parent-27.pom
[INFO] [INFO] Downloaded: https://repo.maven.apache.org/maven2/org/apache/maven/maven-parent/27/maven-parent-27.pom (40 KB at 1046.2 KB/sec)
[INFO] [INFO] Downloading: https://repo.maven.apache.org/maven2/org/apache/apache/17/apache-17.pom
[INFO] [INFO] Downloaded: https://repo.maven.apache.org/maven2/org/apache/apache/17/apache-17.pom (16 KB at 540.7 KB/sec)
[INFO] [INFO] Downloading: https://repo.maven.apache.org/maven2/org/codehaus/plexus/plexus-component-annotations/1.5.4/plexus-component-annotations-1.5.4.pom
[INFO] [INFO] Downloaded: https://repo.maven.apache.org/maven2/org/codehaus/plexus/plexus-component-annotations/1.5.4/plexus-component-annotations-1.5.4.pom (815 B at 41.9 KB/sec)
[INFO] [INFO] Downloading: https://repo.maven.apache.org/maven2/org/codehaus/plexus/plexus-containers/1.5.4/plexus-containers-1.5.4.pom
[INFO] [INFO] Downloaded: https://repo.maven.apache.org/maven2/org/codehaus/plexus/plexus-containers/1.5.4/plexus-containers-1.5.4.pom (5 KB at 197.2 KB/sec)
[INFO] [INFO] Downloading: https://repo.maven.apache.org/maven2/org/codehaus/plexus/plexus/2.0.5/plexus-2.0.5.pom
[INFO] [INFO] Downloaded: https://repo.maven.apache.org/maven2/org/codehaus/plexus/plexus/2.0.5/plexus-2.0.5.pom (17 KB at 627.5 KB/sec)
[INFO] [INFO] Downloading: https://repo.maven.apache.org/maven2/org/apache/maven/shared/maven-shared-utils/3.0.0/maven-shared-utils-3.0.0.pom
[INFO] [INFO] Downloaded: https://repo.maven.apache.org/maven2/org/apache/maven/shared/maven-shared-utils/3.0.0/maven-shared-utils-3.0.0.pom (6 KB at 259.7 KB/sec)
[INFO] [INFO] Downloading: https://repo.maven.apache.org/maven2/org/apache/maven/shared/maven-shared-components/21/maven-shared-components-21.pom
[INFO] [INFO] Downloaded: https://repo.maven.apache.org/maven2/org/apache/maven/shared/maven-shared-components/21/maven-shared-components-21.pom (5 KB at 199.5 KB/sec)
[INFO] [INFO] Downloading: https://repo.maven.apache.org/maven2/org/apache/maven/maven-parent/25/maven-parent-25.pom
[INFO] [INFO] Downloaded: https://repo.maven.apache.org/maven2/org/apache/maven/maven-parent/25/maven-parent-25.pom (37 KB at 1015.6 KB/sec)
[INFO] [INFO] Downloading: https://repo.maven.apache.org/maven2/org/codehaus/plexus/plexus-utils/3.0.22/plexus-utils-3.0.22.pom
[INFO] [INFO] Downloaded: https://repo.maven.apache.org/maven2/org/codehaus/plexus/plexus-utils/3.0.22/plexus-utils-3.0.22.pom (4 KB at 233.8 KB/sec)
[INFO] [INFO] Downloading: https://repo.maven.apache.org/maven2/org/apache/maven/surefire/maven-surefire-common/2.16/maven-surefire-common-2.16.pom
[INFO] [INFO] Downloaded: https://repo.maven.apache.org/maven2/org/apache/maven/surefire/maven-surefire-common/2.16/maven-surefire-common-2.16.pom (6 KB at 258.9 KB/sec)
[INFO] [INFO] Downloading: https://repo.maven.apache.org/maven2/org/apache/maven/surefire/surefire/2.16/surefire-2.16.pom
[INFO] [INFO] Downloaded: https://repo.maven.apache.org/maven2/org/apache/maven/surefire/surefire/2.16/surefire-2.16.pom (19 KB at 620.0 KB/sec)
[INFO] [INFO] Downloading: https://repo.maven.apache.org/maven2/org/apache/maven/plugin-tools/maven-plugin-annotations/3.2/maven-plugin-annotations-3.2.pom
[INFO] [INFO] Downloaded: https://repo.maven.apache.org/maven2/org/apache/maven/plugin-tools/maven-plugin-annotations/3.2/maven-plugin-annotations-3.2.pom (2 KB at 75.5 KB/sec)
[INFO] [INFO] Downloading: https://repo.maven.apache.org/maven2/org/apache/maven/plugin-tools/maven-plugin-tools/3.2/maven-plugin-tools-3.2.pom
[INFO] [INFO] Downloaded: https://repo.maven.apache.org/maven2/org/apache/maven/plugin-tools/maven-plugin-tools/3.2/maven-plugin-tools-3.2.pom (17 KB at 620.8 KB/sec)
[INFO] [INFO] Downloading: https://repo.maven.apache.org/maven2/org/apache/maven/surefire/surefire-api/2.16/surefire-api-2.16.pom
[INFO] [INFO] Downloaded: https://repo.maven.apache.org/maven2/org/apache/maven/surefire/surefire-api/2.16/surefire-api-2.16.pom (3 KB at 106.5 KB/sec)
[INFO] [INFO] Downloading: https://repo.maven.apache.org/maven2/org/apache/maven/surefire/surefire-booter/2.16/surefire-booter-2.16.pom
[INFO] [INFO] Downloaded: https://repo.maven.apache.org/maven2/org/apache/maven/surefire/surefire-booter/2.16/surefire-booter-2.16.pom (3 KB at 115.2 KB/sec)
[INFO] [INFO] Downloading: https://repo.maven.apache.org/maven2/org/sonatype/sisu/sisu-inject-bean/2.3.0/sisu-inject-bean-2.3.0.jar
[INFO] [INFO] Downloading: https://repo.maven.apache.org/maven2/org/sonatype/sisu/sisu-guice/3.1.0/sisu-guice-3.1.0-no_aop.jar
[INFO] [INFO] Downloading: https://repo.maven.apache.org/maven2/org/sonatype/sisu/sisu-guava/0.9.9/sisu-guava-0.9.9.jar
[INFO] [INFO] Downloading: https://repo.maven.apache.org/maven2/org/sonatype/plexus/plexus-build-api/0.0.7/plexus-build-api-0.0.7.jar
[INFO] [INFO] Downloading: https://repo.maven.apache.org/maven2/org/codehaus/plexus/plexus-archiver/2.9.1/plexus-archiver-2.9.1.jar
[INFO] [INFO] Downloaded: https://repo.maven.apache.org/maven2/org/sonatype/plexus/plexus-build-api/0.0.7/plexus-build-api-0.0.7.jar (9 KB at 212.4 KB/sec)
[INFO] [INFO] Downloading: https://repo.maven.apache.org/maven2/org/codehaus/plexus/plexus-io/2.4.1/plexus-io-2.4.1.jar
[INFO] [INFO] Downloaded: https://repo.maven.apache.org/maven2/org/codehaus/plexus/plexus-io/2.4.1/plexus-io-2.4.1.jar (81 KB at 885.0 KB/sec)
[INFO] [INFO] Downloading: https://repo.maven.apache.org/maven2/org/codehaus/plexus/plexus-utils/3.0.21/plexus-utils-3.0.21.jar
[INFO] [INFO] Downloaded: https://repo.maven.apache.org/maven2/org/codehaus/plexus/plexus-archiver/2.9.1/plexus-archiver-2.9.1.jar (142 KB at 1154.2 KB/sec)
[INFO] [INFO] Downloading: https://repo.maven.apache.org/maven2/org/codehaus/plexus/plexus-compiler-api/2.4/plexus-compiler-api-2.4.jar
[INFO] [INFO] Downloaded: https://repo.maven.apache.org/maven2/org/codehaus/plexus/plexus-compiler-api/2.4/plexus-compiler-api-2.4.jar (25 KB at 170.8 KB/sec)
[INFO] [INFO] Downloading: https://repo.maven.apache.org/maven2/org/sonatype/aether/aether-util/1.13.1/aether-util-1.13.1.jar
[INFO] [INFO] Downloaded: https://repo.maven.apache.org/maven2/org/sonatype/sisu/sisu-inject-bean/2.3.0/sisu-inject-bean-2.3.0.jar (283 KB at 1775.4 KB/sec)
[INFO] [INFO] Downloading: https://repo.maven.apache.org/maven2/org/apache/maven/shared/maven-filtering/3.0.0/maven-filtering-3.0.0.jar
[INFO] [INFO] Downloaded: https://repo.maven.apache.org/maven2/org/sonatype/sisu/sisu-guice/3.1.0/sisu-guice-3.1.0-no_aop.jar (350 KB at 1897.0 KB/sec)
[INFO] [INFO] Downloading: https://repo.maven.apache.org/maven2/org/apache/maven/shared/maven-shared-utils/3.0.0/maven-shared-utils-3.0.0.jar
[INFO] [INFO] Downloaded: https://repo.maven.apache.org/maven2/org/apache/maven/shared/maven-filtering/3.0.0/maven-filtering-3.0.0.jar (50 KB at 250.0 KB/sec)
[INFO] [INFO] Downloading: https://repo.maven.apache.org/maven2/org/apache/maven/surefire/maven-surefire-common/2.16/maven-surefire-common-2.16.jar
[INFO] [INFO] Downloaded: https://repo.maven.apache.org/maven2/org/sonatype/aether/aether-util/1.13.1/aether-util-1.13.1.jar (127 KB at 582.5 KB/sec)
[INFO] [INFO] Downloading: https://repo.maven.apache.org/maven2/org/apache/maven/plugin-tools/maven-plugin-annotations/3.2/maven-plugin-annotations-3.2.jar
[INFO] [INFO] Downloaded: https://repo.maven.apache.org/maven2/org/codehaus/plexus/plexus-utils/3.0.21/plexus-utils-3.0.21.jar (240 KB at 1091.5 KB/sec)
[INFO] [INFO] Downloading: https://repo.maven.apache.org/maven2/org/apache/maven/surefire/surefire-api/2.16/surefire-api-2.16.jar
[INFO] [INFO] Downloaded: https://repo.maven.apache.org/maven2/org/apache/maven/plugin-tools/maven-plugin-annotations/3.2/maven-plugin-annotations-3.2.jar (15 KB at 58.2 KB/sec)
[INFO] [INFO] Downloading: https://repo.maven.apache.org/maven2/org/apache/maven/surefire/surefire-booter/2.16/surefire-booter-2.16.jar
[INFO] [INFO] Downloaded: https://repo.maven.apache.org/maven2/org/apache/maven/shared/maven-shared-utils/3.0.0/maven-shared-utils-3.0.0.jar (152 KB at 561.6 KB/sec)
[INFO] [INFO] Downloaded: https://repo.maven.apache.org/maven2/org/apache/maven/surefire/surefire-api/2.16/surefire-api-2.16.jar (146 KB at 503.3 KB/sec)
[INFO] [INFO] Downloaded: https://repo.maven.apache.org/maven2/org/apache/maven/surefire/surefire-booter/2.16/surefire-booter-2.16.jar (39 KB at 130.7 KB/sec)
[INFO] [INFO] Downloaded: https://repo.maven.apache.org/maven2/org/apache/maven/surefire/maven-surefire-common/2.16/maven-surefire-common-2.16.jar (259 KB at 782.6 KB/sec)
[INFO] [INFO] Downloaded: https://repo.maven.apache.org/maven2/org/sonatype/sisu/sisu-guava/0.9.9/sisu-guava-0.9.9.jar (1473 KB at 2746.8 KB/sec)
[INFO] [INFO] GWT tests report directory: /home/travis/build/passed/google/auto/value/target/it/gwtserializer/target/surefire-reports
[INFO] [INFO] Downloading: https://repo.maven.apache.org/maven2/org/apache/maven/surefire/surefire-junit4/2.16/surefire-junit4-2.16.pom
[INFO] [INFO] Downloaded: https://repo.maven.apache.org/maven2/org/apache/maven/surefire/surefire-junit4/2.16/surefire-junit4-2.16.pom (3 KB at 135.1 KB/sec)
[INFO] [INFO] Downloading: https://repo.maven.apache.org/maven2/org/apache/maven/surefire/surefire-providers/2.16/surefire-providers-2.16.pom
[INFO] [INFO] Downloaded: https://repo.maven.apache.org/maven2/org/apache/maven/surefire/surefire-providers/2.16/surefire-providers-2.16.pom (3 KB at 122.2 KB/sec)
[INFO] [INFO] Downloading: https://repo.maven.apache.org/maven2/org/apache/maven/surefire/surefire-junit4/2.16/surefire-junit4-2.16.jar
[INFO] [INFO] Downloaded: https://repo.maven.apache.org/maven2/org/apache/maven/surefire/surefire-junit4/2.16/surefire-junit4-2.16.jar (63 KB at 997.2 KB/sec)
[INFO] 
[INFO] -------------------------------------------------------
[INFO]  T E S T S
[INFO] -------------------------------------------------------
[INFO] Running com.google.auto.value.GwtSerializerSuite
[INFO] Mar 27, 2021 8:12:57 PM java.util.prefs.FileSystemPreferences$1 run
[INFO] INFO: Created user preferences directory.
[INFO] Starting Jetty on port 0
[INFO]    [WARN] ServletContainerInitializers: detected. Class hierarchy: empty
[INFO] Compiling module com.google.auto.value.GwtSerializerSuite.JUnit
[INFO]    Compiling 1 permutation
[INFO]       Compiling permutation 0...
[INFO]    Compile of permutations succeeded
[INFO]    Compilation succeeded -- 15.835s
[INFO] Linking into /home/travis/build/passed/google/auto/value/target/it/gwtserializer/target/gwt-tests/www/com.google.auto.value.GwtSerializerSuite.JUnit
[INFO]    Link succeeded
[INFO]    Linking succeeded -- 0.153s
[INFO] Starting http://localhost:34957/com.google.auto.value.GwtSerializerSuite.JUnit/junit.html on browser FF38
[INFO] 200 - GET /com.google.auto.value.GwtSerializerSuite.JUnit/junit.html (127.0.0.1)
[INFO] 200 - GET /com.google.auto.value.GwtSerializerSuite.JUnit/com.google.auto.value.GwtSerializerSuite.JUnit.nocache.js (127.0.0.1)
[INFO] 200 - GET /com.google.auto.value.GwtSerializerSuite.JUnit/5AC561012BEBD5C658BEDEFB1962F510.cache.js (127.0.0.1)
[INFO] 200 - POST /com.google.auto.value.GwtSerializerSuite.JUnit/junithost (127.0.0.1) 228 bytes
[INFO] 200 - POST /com.google.auto.value.GwtSerializerSuite.JUnit/test (127.0.0.1) 147 bytes
[INFO] 200 - POST /com.google.auto.value.GwtSerializerSuite.JUnit/junithost (127.0.0.1) 198 bytes
[INFO] 200 - POST /com.google.auto.value.GwtSerializerSuite.JUnit/test (127.0.0.1) 155 bytes
[INFO] 200 - POST /com.google.auto.value.GwtSerializerSuite.JUnit/junithost (127.0.0.1) 197 bytes
[INFO] 200 - POST /com.google.auto.value.GwtSerializerSuite.JUnit/test (127.0.0.1) 108 bytes
[INFO] 200 - POST /com.google.auto.value.GwtSerializerSuite.JUnit/junithost (127.0.0.1) 189 bytes
[INFO] 200 - POST /com.google.auto.value.GwtSerializerSuite.JUnit/test (127.0.0.1) 137 bytes
[INFO] 200 - POST /com.google.auto.value.GwtSerializerSuite.JUnit/junithost (127.0.0.1) 189 bytes
[INFO] 200 - POST /com.google.auto.value.GwtSerializerSuite.JUnit/test (127.0.0.1) 143 bytes
[INFO] 200 - POST /com.google.auto.value.GwtSerializerSuite.JUnit/junithost (127.0.0.1) 188 bytes
[INFO] 200 - POST /com.google.auto.value.GwtSerializerSuite.JUnit/test (127.0.0.1) 98 bytes
[INFO] Tests run: 6, Failures: 0, Errors: 0, Skipped: 0, Time elapsed: 20.886 sec - in com.google.auto.value.GwtSerializerSuite
[INFO] 
[INFO] Results :
[INFO] 
[INFO] Tests run: 6, Failures: 0, Errors: 0, Skipped: 0
[INFO] 
[INFO] [INFO] 
[INFO] [INFO] --- maven-jar-plugin:2.6:jar (default-jar) @ gwtserializer ---
[INFO] [WARNING] JAR will be empty - no content was marked for inclusion!
[INFO] [INFO] Building jar: /home/travis/build/passed/google/auto/value/target/it/gwtserializer/target/gwtserializer-HEAD-SNAPSHOT.jar
[INFO] [INFO] ------------------------------------------------------------------------
[INFO] [INFO] BUILD SUCCESS
[INFO] [INFO] ------------------------------------------------------------------------
[INFO] [INFO] Total time: 38.410 s
[INFO] [INFO] Finished at: 2021-03-27T20:13:18+00:00
[INFO] [INFO] Final Memory: 31M/356M
[INFO] [INFO] ------------------------------------------------------------------------
[INFO] ..SUCCESS (40.0 s)
[INFO] -------------------------------------------------
[INFO] Build Summary:
[INFO]   Passed: 2, Failed: 0, Errors: 0, Skipped: 0
[INFO] -------------------------------------------------
[INFO]                                                                         
[INFO] ------------------------------------------------------------------------
[INFO] Building build-only NO_VERSION
[INFO] ------------------------------------------------------------------------
[INFO] ------------------------------------------------------------------------
[INFO] Reactor Summary:
[INFO] 
[INFO] Auto (Parent) ...................................... SUCCESS [  0.265 s]
[INFO] Auto Common Libraries .............................. SUCCESS [  9.802 s]
[INFO] AutoFactory ........................................ SUCCESS [ 20.112 s]
[INFO] AutoService ........................................ SUCCESS [  1.095 s]
[INFO] AutoValue .......................................... SUCCESS [01:30 min]
[INFO] build-only ......................................... SUCCESS [  0.000 s]
[INFO] ------------------------------------------------------------------------
[INFO] BUILD SUCCESS
[INFO] ------------------------------------------------------------------------
[INFO] Total time: 02:01 min
[INFO] Finished at: 2021-03-27T20:13:19+00:00
[INFO] Final Memory: 33M/489M
[INFO] ------------------------------------------------------------------------

travis_time:end:1b263121:start=1616875876346866326,finish=1616875999765900929,duration=123419034603[0K
[32;1mThe command "mvn -Dhttps.protocols=TLSv1.2 -B -U -f build-pom.xml verify --fail-at-end -Dsource.skip=true -Dmaven.javadoc.skip=true" exited with 0.[0m
travis_fold:start:after_success.1[0Ktravis_time:start:08ac35dc[0K$ util/generate-latest-docs.sh

travis_time:end:08ac35dc:start=1616875999774248349,finish=1616875999808794687,duration=34546338[0Ktravis_fold:end:after_success.1[0Ktravis_fold:start:after_success.2[0Ktravis_time:start:133938a8[0K$ util/publish-snapshot-on-commit.sh

travis_time:end:133938a8:start=1616875999818054682,finish=1616875999867090827,duration=49036145[0Ktravis_fold:end:after_success.2[0K
Done. Your build exited with 0.
