travis_fold:start:system_info[0K[33;1mBuild system information[0m
Build language: java
Build group: stable
Build dist: precise
Build id: ''
Job id: ''
[34m[1mBuild image provisioning date and time[0m
Thu Feb  5 15:09:33 UTC 2015
[34m[1mOperating System Details[0m
Distributor ID:	Ubuntu
Description:	Ubuntu 12.04.5 LTS
Release:	12.04
Codename:	precise
[34m[1mLinux Version[0m
3.13.0-29-generic
[34m[1mCookbooks Version[0m
a68419e https://github.com/travis-ci/travis-cookbooks/tree/a68419e
[34m[1mGCC version[0m
gcc (Ubuntu/Linaro 4.6.3-1ubuntu5) 4.6.3
Copyright (C) 2011 Free Software Foundation, Inc.
This is free software; see the source for copying conditions.  There is NO
warranty; not even for MERCHANTABILITY or FITNESS FOR A PARTICULAR PURPOSE.

[34m[1mLLVM version[0m
clang version 3.4 (tags/RELEASE_34/final)
Target: x86_64-unknown-linux-gnu
Thread model: posix
[34m[1mPre-installed Ruby versions[0m
ruby-1.9.3-p551
[34m[1mPre-installed Node.js versions[0m
v0.10.36
[34m[1mPre-installed Go versions[0m
1.4.1
[34m[1mRedis version[0m
redis-server 2.8.19
[34m[1mriak version[0m
2.0.2
[34m[1mMongoDB version[0m
MongoDB 2.4.12
[34m[1mCouchDB version[0m
couchdb 1.6.1
[34m[1mNeo4j version[0m
1.9.4
[34m[1mRabbitMQ Version[0m
3.4.3
[34m[1mElasticSearch version[0m
1.4.0
[34m[1mInstalled Sphinx versions[0m
2.0.10
2.1.9
2.2.6
[34m[1mDefault Sphinx version[0m
2.2.6
[34m[1mInstalled Firefox version[0m
firefox 31.0esr
[34m[1mPhantomJS version[0m
1.9.8
[34m[1mant -version[0m
Apache Ant(TM) version 1.8.2 compiled on December 3 2011
[34m[1mmvn -version[0m
Apache Maven 3.2.5 (12a6b3acb947671f09b81f49094c53f426d8cea1; 2014-12-14T17:29:23+00:00)
Maven home: /usr/local/maven
Java version: 1.7.0_76, vendor: Oracle Corporation
Java home: /usr/lib/jvm/java-7-oracle/jre
Default locale: en_US, platform encoding: ANSI_X3.4-1968
OS name: "linux", version: "3.13.0-29-generic", arch: "amd64", family: "unix"
travis_fold:end:system_info[0K
W: Failed to fetch http://us.archive.ubuntu.com/ubuntu/dists/precise/main/source/Sources  404  Not Found [IP: 91.189.91.39 80]

W: Failed to fetch http://us.archive.ubuntu.com/ubuntu/dists/precise/restricted/source/Sources  404  Not Found [IP: 91.189.91.39 80]

W: Failed to fetch http://us.archive.ubuntu.com/ubuntu/dists/precise/universe/source/Sources  404  Not Found [IP: 91.189.91.39 80]

W: Failed to fetch http://us.archive.ubuntu.com/ubuntu/dists/precise/multiverse/source/Sources  404  Not Found [IP: 91.189.91.39 80]

W: Failed to fetch http://us.archive.ubuntu.com/ubuntu/dists/precise/main/binary-amd64/Packages  404  Not Found [IP: 91.189.91.39 80]

W: Failed to fetch http://us.archive.ubuntu.com/ubuntu/dists/precise/restricted/binary-amd64/Packages  404  Not Found [IP: 91.189.91.39 80]

W: Failed to fetch http://us.archive.ubuntu.com/ubuntu/dists/precise/universe/binary-amd64/Packages  404  Not Found [IP: 91.189.91.39 80]

W: Failed to fetch http://us.archive.ubuntu.com/ubuntu/dists/precise/multiverse/binary-amd64/Packages  404  Not Found [IP: 91.189.91.39 80]

W: Failed to fetch http://us.archive.ubuntu.com/ubuntu/dists/precise/main/binary-i386/Packages  404  Not Found [IP: 91.189.91.39 80]

W: Failed to fetch http://us.archive.ubuntu.com/ubuntu/dists/precise/restricted/binary-i386/Packages  404  Not Found [IP: 91.189.91.39 80]

W: Failed to fetch http://us.archive.ubuntu.com/ubuntu/dists/precise/universe/binary-i386/Packages  404  Not Found [IP: 91.189.91.39 80]

W: Failed to fetch http://us.archive.ubuntu.com/ubuntu/dists/precise/multiverse/binary-i386/Packages  404  Not Found [IP: 91.189.91.39 80]

W: Failed to fetch http://us.archive.ubuntu.com/ubuntu/dists/precise-updates/main/source/Sources  404  Not Found [IP: 91.189.91.39 80]

W: Failed to fetch http://us.archive.ubuntu.com/ubuntu/dists/precise-updates/restricted/source/Sources  404  Not Found [IP: 91.189.91.39 80]

W: Failed to fetch http://us.archive.ubuntu.com/ubuntu/dists/precise-updates/universe/source/Sources  404  Not Found [IP: 91.189.91.39 80]

W: Failed to fetch http://us.archive.ubuntu.com/ubuntu/dists/precise-updates/multiverse/source/Sources  404  Not Found [IP: 91.189.91.39 80]

W: Failed to fetch http://us.archive.ubuntu.com/ubuntu/dists/precise-updates/main/binary-amd64/Packages  404  Not Found [IP: 91.189.91.39 80]

W: Failed to fetch http://us.archive.ubuntu.com/ubuntu/dists/precise-updates/restricted/binary-amd64/Packages  404  Not Found [IP: 91.189.91.39 80]

W: Failed to fetch http://us.archive.ubuntu.com/ubuntu/dists/precise-updates/universe/binary-amd64/Packages  404  Not Found [IP: 91.189.91.39 80]

W: Failed to fetch http://us.archive.ubuntu.com/ubuntu/dists/precise-updates/multiverse/binary-amd64/Packages  404  Not Found [IP: 91.189.91.39 80]

W: Failed to fetch http://us.archive.ubuntu.com/ubuntu/dists/precise-updates/main/binary-i386/Packages  404  Not Found [IP: 91.189.91.39 80]

W: Failed to fetch http://us.archive.ubuntu.com/ubuntu/dists/precise-updates/restricted/binary-i386/Packages  404  Not Found [IP: 91.189.91.39 80]

W: Failed to fetch http://us.archive.ubuntu.com/ubuntu/dists/precise-updates/universe/binary-i386/Packages  404  Not Found [IP: 91.189.91.39 80]

W: Failed to fetch http://us.archive.ubuntu.com/ubuntu/dists/precise-updates/multiverse/binary-i386/Packages  404  Not Found [IP: 91.189.91.39 80]

W: Failed to fetch http://us.archive.ubuntu.com/ubuntu/dists/precise-backports/main/source/Sources  404  Not Found [IP: 91.189.91.39 80]

W: Failed to fetch http://us.archive.ubuntu.com/ubuntu/dists/precise-backports/restricted/source/Sources  404  Not Found [IP: 91.189.91.39 80]

W: Failed to fetch http://us.archive.ubuntu.com/ubuntu/dists/precise-backports/universe/source/Sources  404  Not Found [IP: 91.189.91.39 80]

W: Failed to fetch http://us.archive.ubuntu.com/ubuntu/dists/precise-backports/multiverse/source/Sources  404  Not Found [IP: 91.189.91.39 80]

W: Failed to fetch http://us.archive.ubuntu.com/ubuntu/dists/precise-backports/main/binary-amd64/Packages  404  Not Found [IP: 91.189.91.39 80]

W: Failed to fetch http://us.archive.ubuntu.com/ubuntu/dists/precise-backports/restricted/binary-amd64/Packages  404  Not Found [IP: 91.189.91.39 80]

W: Failed to fetch http://us.archive.ubuntu.com/ubuntu/dists/precise-backports/universe/binary-amd64/Packages  404  Not Found [IP: 91.189.91.39 80]

W: Failed to fetch http://us.archive.ubuntu.com/ubuntu/dists/precise-backports/multiverse/binary-amd64/Packages  404  Not Found [IP: 91.189.91.39 80]

W: Failed to fetch http://us.archive.ubuntu.com/ubuntu/dists/precise-backports/main/binary-i386/Packages  404  Not Found [IP: 91.189.91.39 80]

W: Failed to fetch http://us.archive.ubuntu.com/ubuntu/dists/precise-backports/restricted/binary-i386/Packages  404  Not Found [IP: 91.189.91.39 80]

W: Failed to fetch http://us.archive.ubuntu.com/ubuntu/dists/precise-backports/universe/binary-i386/Packages  404  Not Found [IP: 91.189.91.39 80]

W: Failed to fetch http://us.archive.ubuntu.com/ubuntu/dists/precise-backports/multiverse/binary-i386/Packages  404  Not Found [IP: 91.189.91.39 80]

W: Failed to fetch http://security.ubuntu.com/ubuntu/dists/precise-security/main/source/Sources  404  Not Found [IP: 91.189.91.38 80]

W: Failed to fetch http://security.ubuntu.com/ubuntu/dists/precise-security/restricted/source/Sources  404  Not Found [IP: 91.189.91.38 80]

W: Failed to fetch http://security.ubuntu.com/ubuntu/dists/precise-security/universe/source/Sources  404  Not Found [IP: 91.189.91.38 80]

W: Failed to fetch http://security.ubuntu.com/ubuntu/dists/precise-security/multiverse/source/Sources  404  Not Found [IP: 91.189.91.38 80]

W: Failed to fetch http://security.ubuntu.com/ubuntu/dists/precise-security/main/binary-amd64/Packages  404  Not Found [IP: 91.189.91.38 80]

W: Failed to fetch http://security.ubuntu.com/ubuntu/dists/precise-security/restricted/binary-amd64/Packages  404  Not Found [IP: 91.189.91.38 80]

W: Failed to fetch http://security.ubuntu.com/ubuntu/dists/precise-security/universe/binary-amd64/Packages  404  Not Found [IP: 91.189.91.38 80]

W: Failed to fetch http://security.ubuntu.com/ubuntu/dists/precise-security/multiverse/binary-amd64/Packages  404  Not Found [IP: 91.189.91.38 80]

W: Failed to fetch http://security.ubuntu.com/ubuntu/dists/precise-security/main/binary-i386/Packages  404  Not Found [IP: 91.189.91.38 80]

W: Failed to fetch http://security.ubuntu.com/ubuntu/dists/precise-security/restricted/binary-i386/Packages  404  Not Found [IP: 91.189.91.38 80]

W: Failed to fetch http://security.ubuntu.com/ubuntu/dists/precise-security/universe/binary-i386/Packages  404  Not Found [IP: 91.189.91.38 80]

W: Failed to fetch http://security.ubuntu.com/ubuntu/dists/precise-security/multiverse/binary-i386/Packages  404  Not Found [IP: 91.189.91.38 80]

W: Failed to fetch http://apt.postgresql.org/pub/repos/apt/dists/precise-pgdg/main/binary-amd64/Packages  404  Not Found [IP: 217.196.149.55 80]

W: Failed to fetch http://apt.postgresql.org/pub/repos/apt/dists/precise-pgdg/main/binary-i386/Packages  404  Not Found [IP: 217.196.149.55 80]

W: Failed to fetch http://ppa.launchpad.net/rwky/ppa/ubuntu/dists/precise/main/binary-amd64/Packages  403  Forbidden

W: Failed to fetch http://ppa.launchpad.net/rwky/ppa/ubuntu/dists/precise/main/binary-i386/Packages  403  Forbidden

W: Failed to fetch http://ppa.launchpad.net/travis-ci/zero-mq/ubuntu/dists/precise/main/binary-amd64/Packages  403  Forbidden

W: Failed to fetch http://ppa.launchpad.net/travis-ci/zero-mq/ubuntu/dists/precise/main/binary-i386/Packages  403  Forbidden

W: Failed to fetch http://downloads-distro.mongodb.org/repo/debian-sysvinit/dists/dist/10gen/binary-amd64/Packages  Undetermined Error [IP: 52.21.89.200 80]

W: Failed to fetch http://downloads-distro.mongodb.org/repo/debian-sysvinit/dists/dist/10gen/binary-i386/Packages  Undetermined Error [IP: 52.21.89.200 80]

E: Some index files failed to download. They have been ignored, or old ones used instead.
sed: cannot rename /etc/hosts: Device or resource busy
sed: cannot rename /etc/hosts: Device or resource busy
$ jdk_switcher use oraclejdk8
Switching to Oracle JDK8 (java-8-oracle), JAVA_HOME will be set to /usr/lib/jvm/java-8-oracle
$ cd passed/gwtbootstrap3/gwtbootstrap3
travis_fold:start:cache.1[0KSetting up build cache
$ export CASHER_DIR=$HOME/.casher
travis_time:start:09e9fd9c[0K
travis_time:end:09e9fd9c:start=1642936908033188851,finish=1642936908039030163,duration=5841312[0Ktravis_time:start:04a76fa8[0K/home/travis/.casher/bin/casher:213:in `cache_archive_name': undefined method `[]' for nil:NilClass (NoMethodError)
	from /home/travis/.casher/bin/casher:65:in `block in fetch'
	from /home/travis/.casher/bin/casher:64:in `each'
	from /home/travis/.casher/bin/casher:64:in `fetch'
	from /home/travis/.casher/bin/casher:53:in `block in run'
	from /home/travis/.rvm/rubies/ruby-1.9.3-p551/lib/ruby/1.9.1/timeout.rb:69:in `timeout'
	from /home/travis/.casher/bin/casher:53:in `run'
	from /home/travis/.casher/bin/casher:263:in `<main>'
[32;1mattempting to download cache archive[0m

travis_time:end:04a76fa8:start=1642936908046370382,finish=1642936908775048170,duration=728677788[0Ktravis_time:start:136df6d3[0K
travis_time:end:136df6d3:start=1642936908785359468,finish=1642936908792970454,duration=7610986[0Ktravis_time:start:0faca1e3[0K[32;1madding /home/travis/.m2 to cache[0m

travis_time:end:0faca1e3:start=1642936908802663436,finish=1642936910119593938,duration=1316930502[0Ktravis_fold:end:cache.1[0K$ java -Xmx32m -version
java version "1.8.0_31"
Java(TM) SE Runtime Environment (build 1.8.0_31-b13)
Java HotSpot(TM) 64-Bit Server VM (build 25.31-b07, mixed mode)
$ javac -J-Xmx32m -version
javac 1.8.0_31
travis_fold:start:install[0Ktravis_time:start:174fb96a[0K$ true

travis_time:end:174fb96a:start=1642936910404646705,finish=1642936910412282030,duration=7635325[0Ktravis_fold:end:install[0Ktravis_time:start:0ebd67c5[0K$ mvn clean install -Dhttps.protocols=TLSv1.2 -DdryRun=true -Dlicense.failOnMissingHeader=true -Dlicense.failOnNotUptodateHeader=true
Java HotSpot(TM) 64-Bit Server VM warning: ignoring option MaxPermSize=192m; support was removed in 8.0
[INFO] Scanning for projects...
[WARNING] 
[WARNING] Some problems were encountered while building the effective model for org.gwtbootstrap3:gwtbootstrap3:jar:0.9.2
[WARNING] 'build.plugins.plugin.version' for org.apache.maven.plugins:maven-source-plugin is missing. @ org.gwtbootstrap3:gwtbootstrap3:[unknown-version], /home/travis/build/passed/gwtbootstrap3/gwtbootstrap3/gwtbootstrap3/pom.xml, line 44, column 21
[WARNING] 
[WARNING] It is highly recommended to fix these problems because they threaten the stability of your build.
[WARNING] 
[WARNING] For this reason, future Maven versions might no longer support building such malformed projects.
[WARNING] 
[INFO] Inspecting build with total of 2 modules...
[INFO] Installing Nexus Staging features:
[INFO]   ... total of 2 executions of maven-deploy-plugin replaced with nexus-staging-maven-plugin
[INFO] ------------------------------------------------------------------------
[INFO] Reactor Build Order:
[INFO] 
[INFO] GwtBootstrap3 Parent
[INFO] GwtBootstrap3
[INFO]                                                                         
[INFO] ------------------------------------------------------------------------
[INFO] Building GwtBootstrap3 Parent 0.9.2
[INFO] ------------------------------------------------------------------------
Downloading: http://repository.sonatype.org/content/groups/public/org/apache/maven/plugins/maven-javadoc-plugin/maven-metadata.xml
588/588 B               Downloaded: http://repository.sonatype.org/content/groups/public/org/apache/maven/plugins/maven-javadoc-plugin/maven-metadata.xml (588 B at 0.5 KB/sec)
Downloading: http://repository.sonatype.org/content/groups/public/org/apache/maven/plugins/maven-javadoc-plugin/3.2.0/maven-javadoc-plugin-3.2.0.pom
            Downloading: https://repo.maven.apache.org/maven2/org/apache/maven/plugins/maven-javadoc-plugin/3.2.0/maven-javadoc-plugin-3.2.0.pom
2/20 KB     3/20 KB   5/20 KB   6/20 KB   7/20 KB   9/20 KB   10/20 KB   11/20 KB   13/20 KB   14/20 KB   15/20 KB   17/20 KB   18/20 KB   19/20 KB   20/20 KB              Downloaded: https://repo.maven.apache.org/maven2/org/apache/maven/plugins/maven-javadoc-plugin/3.2.0/maven-javadoc-plugin-3.2.0.pom (20 KB at 192.4 KB/sec)
Downloading: http://repository.sonatype.org/content/groups/public/org/apache/maven/plugins/maven-plugins/34/maven-plugins-34.pom
           Downloading: https://repo.maven.apache.org/maven2/org/apache/maven/plugins/maven-plugins/34/maven-plugins-34.pom
2/11 KB    3/11 KB   5/11 KB   6/11 KB   7/11 KB   9/11 KB   10/11 KB   11/11 KB              Downloaded: https://repo.maven.apache.org/maven2/org/apache/maven/plugins/maven-plugins/34/maven-plugins-34.pom (11 KB at 453.8 KB/sec)
Downloading: http://repository.sonatype.org/content/groups/public/org/apache/maven/maven-parent/34/maven-parent-34.pom
           Downloading: https://repo.maven.apache.org/maven2/org/apache/maven/maven-parent/34/maven-parent-34.pom
2/42 KB    3/42 KB   5/42 KB   6/42 KB   7/42 KB   9/42 KB   10/42 KB   11/42 KB   13/42 KB   14/42 KB   15/42 KB   17/42 KB   18/42 KB   19/42 KB   21/42 KB   22/42 KB   23/42 KB   25/42 KB   26/42 KB   27/42 KB   29/42 KB   30/42 KB   31/42 KB   33/42 KB   37/42 KB   41/42 KB   42/42 KB              Downloaded: https://repo.maven.apache.org/maven2/org/apache/maven/maven-parent/34/maven-parent-34.pom (42 KB at 1100.9 KB/sec)
Downloading: http://repository.sonatype.org/content/groups/public/org/apache/apache/23/apache-23.pom
           Downloading: https://repo.maven.apache.org/maven2/org/apache/apache/23/apache-23.pom
4/18 KB    8/18 KB   12/18 KB   16/18 KB   18/18 KB              Downloaded: https://repo.maven.apache.org/maven2/org/apache/apache/23/apache-23.pom (18 KB at 642.5 KB/sec)
Downloading: http://repository.sonatype.org/content/groups/public/org/apache/maven/plugins/maven-javadoc-plugin/3.2.0/maven-javadoc-plugin-3.2.0.jar
           Downloading: https://repo.maven.apache.org/maven2/org/apache/maven/plugins/maven-javadoc-plugin/3.2.0/maven-javadoc-plugin-3.2.0.jar
4/481 KB   8/481 KB   12/481 KB   16/481 KB   20/481 KB   24/481 KB   28/481 KB   32/481 KB   36/481 KB   40/481 KB   44/481 KB   48/481 KB   52/481 KB   56/481 KB   60/481 KB   64/481 KB   68/481 KB   72/481 KB   76/481 KB   80/481 KB   84/481 KB   88/481 KB   92/481 KB   96/481 KB   100/481 KB   104/481 KB   108/481 KB   112/481 KB   116/481 KB   120/481 KB   124/481 KB   128/481 KB   132/481 KB   136/481 KB   140/481 KB   144/481 KB   148/481 KB   152/481 KB   156/481 KB   160/481 KB   164/481 KB   168/481 KB   172/481 KB   176/481 KB   180/481 KB   184/481 KB   188/481 KB   192/481 KB   196/481 KB   200/481 KB   204/481 KB   208/481 KB   212/481 KB   216/481 KB   220/481 KB   224/481 KB   228/481 KB   232/481 KB   236/481 KB   240/481 KB   244/481 KB   248/481 KB   252/481 KB   256/481 KB   260/481 KB   264/481 KB   268/481 KB   272/481 KB   276/481 KB   280/481 KB   284/481 KB   288/481 KB   292/481 KB   296/481 KB   300/481 KB   304/481 KB   308/481 KB   312/481 KB   316/481 KB   320/481 KB   324/481 KB   328/481 KB   332/481 KB   336/481 KB   340/481 KB   344/481 KB   348/481 KB   352/481 KB   356/481 KB   360/481 KB   364/481 KB   368/481 KB   372/481 KB   376/481 KB   380/481 KB   384/481 KB   388/481 KB   392/481 KB   396/481 KB   400/481 KB   404/481 KB   408/481 KB   412/481 KB   416/481 KB   420/481 KB   424/481 KB   428/481 KB   432/481 KB   436/481 KB   440/481 KB   444/481 KB   448/481 KB   452/481 KB   456/481 KB   460/481 KB   464/481 KB   468/481 KB   472/481 KB   476/481 KB   480/481 KB   481/481 KB                Downloaded: https://repo.maven.apache.org/maven2/org/apache/maven/plugins/maven-javadoc-plugin/3.2.0/maven-javadoc-plugin-3.2.0.jar (481 KB at 2053.4 KB/sec)
[INFO] 
[INFO] --- maven-clean-plugin:2.5:clean (default-clean) @ gwtbootstrap3-parent ---
[INFO] Deleting /home/travis/build/passed/gwtbootstrap3/gwtbootstrap3/target
[INFO] 
[INFO] --- license-maven-plugin:1.8:update-file-header (license) @ gwtbootstrap3-parent ---
[WARNING] No file to scan.
[INFO] 
[INFO] 
[INFO] --- maven-checkstyle-plugin:2.17:check (default) @ gwtbootstrap3-parent ---
[INFO] 
[INFO] --- maven-install-plugin:2.4:install (default-install) @ gwtbootstrap3-parent ---
[INFO] Installing /home/travis/build/passed/gwtbootstrap3/gwtbootstrap3/pom.xml to /home/travis/.m2/repository/org/gwtbootstrap3/gwtbootstrap3-parent/0.9.2/gwtbootstrap3-parent-0.9.2.pom
[INFO]                                                                         
[INFO] ------------------------------------------------------------------------
[INFO] Building GwtBootstrap3 0.9.2
[INFO] ------------------------------------------------------------------------
Downloading: http://repository.sonatype.org/content/groups/public/org/apache/maven/plugins/maven-source-plugin/maven-metadata.xml
630/630 B                Downloaded: http://repository.sonatype.org/content/groups/public/org/apache/maven/plugins/maven-source-plugin/maven-metadata.xml (630 B at 1.2 KB/sec)
Downloading: http://repository.sonatype.org/content/groups/public/org/apache/maven/plugins/maven-source-plugin/3.2.1/maven-source-plugin-3.2.1.pom
            Downloading: https://repo.maven.apache.org/maven2/org/apache/maven/plugins/maven-source-plugin/3.2.1/maven-source-plugin-3.2.1.pom
4/7 KB      7/7 KB            Downloaded: https://repo.maven.apache.org/maven2/org/apache/maven/plugins/maven-source-plugin/3.2.1/maven-source-plugin-3.2.1.pom (7 KB at 375.7 KB/sec)
Downloading: http://repository.sonatype.org/content/groups/public/org/apache/maven/plugins/maven-plugins/33/maven-plugins-33.pom
         Downloading: https://repo.maven.apache.org/maven2/org/apache/maven/plugins/maven-plugins/33/maven-plugins-33.pom
4/11 KB   8/11 KB   11/11 KB              Downloaded: https://repo.maven.apache.org/maven2/org/apache/maven/plugins/maven-plugins/33/maven-plugins-33.pom (11 KB at 549.3 KB/sec)
Downloading: http://repository.sonatype.org/content/groups/public/org/apache/maven/maven-parent/33/maven-parent-33.pom
           Downloading: https://repo.maven.apache.org/maven2/org/apache/maven/maven-parent/33/maven-parent-33.pom
4/44 KB    8/44 KB   12/44 KB   16/44 KB   20/44 KB   24/44 KB   28/44 KB   32/44 KB   36/44 KB   40/44 KB   44/44 KB              Downloaded: https://repo.maven.apache.org/maven2/org/apache/maven/maven-parent/33/maven-parent-33.pom (44 KB at 1268.2 KB/sec)
Downloading: http://repository.sonatype.org/content/groups/public/org/apache/apache/21/apache-21.pom
           Downloading: https://repo.maven.apache.org/maven2/org/apache/apache/21/apache-21.pom
4/17 KB    8/17 KB   12/17 KB   16/17 KB   17/17 KB              Downloaded: https://repo.maven.apache.org/maven2/org/apache/apache/21/apache-21.pom (17 KB at 726.4 KB/sec)
Downloading: http://repository.sonatype.org/content/groups/public/org/apache/maven/plugins/maven-source-plugin/3.2.1/maven-source-plugin-3.2.1.jar
           Downloading: https://repo.maven.apache.org/maven2/org/apache/maven/plugins/maven-source-plugin/3.2.1/maven-source-plugin-3.2.1.jar
4/32 KB    8/32 KB   12/32 KB   16/32 KB   20/32 KB   24/32 KB   28/32 KB   32/32 KB              Downloaded: https://repo.maven.apache.org/maven2/org/apache/maven/plugins/maven-source-plugin/3.2.1/maven-source-plugin-3.2.1.jar (32 KB at 1256.2 KB/sec)
[INFO] 
[INFO] --- maven-clean-plugin:2.5:clean (default-clean) @ gwtbootstrap3 ---
[INFO] Deleting /home/travis/build/passed/gwtbootstrap3/gwtbootstrap3/gwtbootstrap3/target
[INFO] 
[INFO] --- license-maven-plugin:1.8:update-file-header (license) @ gwtbootstrap3 ---
[INFO] Will search files to update from root /home/travis/build/passed/gwtbootstrap3/gwtbootstrap3/gwtbootstrap3/src
[INFO] Scan 377 files header done in 16.719s.
[INFO] All files are up-to-date.
[INFO] 
[INFO] --- maven-resources-plugin:2.6:resources (default-resources) @ gwtbootstrap3 ---
[INFO] Using 'UTF-8' encoding to copy filtered resources.
[INFO] Copying 24 resources
[INFO] 
[INFO] --- gwt-maven-plugin:2.7.0:resources (default) @ gwtbootstrap3 ---
[INFO] auto discovered modules [org.gwtbootstrap3.GwtBootstrap3CDN, org.gwtbootstrap3.GwtBootstrap3Theme, org.gwtbootstrap3.GwtBootstrap3NoTheme, org.gwtbootstrap3.GwtBootstrap3, org.gwtbootstrap3.GwtBootstrap3Base, org.gwtbootstrap3.client.NoThemeResources, org.gwtbootstrap3.client.Resources]
[INFO] 362 source files from GWT module org.gwtbootstrap3.GwtBootstrap3CDN
[INFO] 362 source files from GWT module org.gwtbootstrap3.GwtBootstrap3Theme
[INFO] 362 source files from GWT module org.gwtbootstrap3.GwtBootstrap3NoTheme
[INFO] 362 source files from GWT module org.gwtbootstrap3.GwtBootstrap3
[INFO] 362 source files from GWT module org.gwtbootstrap3.GwtBootstrap3Base
[INFO] 1 source files from GWT module org.gwtbootstrap3.client.NoThemeResources
[INFO] 1 source files from GWT module org.gwtbootstrap3.client.Resources
[INFO] 
[INFO] --- maven-compiler-plugin:3.3:compile (default-compile) @ gwtbootstrap3 ---
[INFO] Changes detected - recompiling the module!
[INFO] Compiling 361 source files to /home/travis/build/passed/gwtbootstrap3/gwtbootstrap3/gwtbootstrap3/target/classes
[INFO] /home/travis/build/passed/gwtbootstrap3/gwtbootstrap3/gwtbootstrap3/src/main/java/org/gwtbootstrap3/client/ui/SuggestBox.java: Some input files use unchecked or unsafe operations.
[INFO] /home/travis/build/passed/gwtbootstrap3/gwtbootstrap3/gwtbootstrap3/src/main/java/org/gwtbootstrap3/client/ui/SuggestBox.java: Recompile with -Xlint:unchecked for details.
[INFO] 
[INFO] --- maven-resources-plugin:2.6:testResources (default-testResources) @ gwtbootstrap3 ---
[INFO] Using 'UTF-8' encoding to copy filtered resources.
[INFO] skip non existing resourceDirectory /home/travis/build/passed/gwtbootstrap3/gwtbootstrap3/gwtbootstrap3/src/test/resources
[INFO] 
[INFO] --- maven-compiler-plugin:3.3:testCompile (default-testCompile) @ gwtbootstrap3 ---
[INFO] Changes detected - recompiling the module!
[INFO] Compiling 9 source files to /home/travis/build/passed/gwtbootstrap3/gwtbootstrap3/gwtbootstrap3/target/test-classes
[INFO] 
[INFO] --- maven-surefire-plugin:2.12.4:test (default-test) @ gwtbootstrap3 ---
[INFO] Surefire report directory: /home/travis/build/passed/gwtbootstrap3/gwtbootstrap3/gwtbootstrap3/target/surefire-reports

-------------------------------------------------------
 T E S T S
-------------------------------------------------------
Running org.gwtbootstrap3.client.ui.form.validator.MessageFormatTest
Tests run: 1, Failures: 0, Errors: 0, Skipped: 0, Time elapsed: 0.048 sec
Running org.gwtbootstrap3.client.ui.base.helper.EnumHelperTest
Tests run: 1, Failures: 0, Errors: 0, Skipped: 0, Time elapsed: 0 sec
Running org.gwtbootstrap3.client.ui.base.helper.StyleHelperTest
Tests run: 1, Failures: 0, Errors: 0, Skipped: 0, Time elapsed: 0 sec

Results :

Tests run: 3, Failures: 0, Errors: 0, Skipped: 0

[INFO] 
[INFO] --- gwt-maven-plugin:2.7.0:compile (default) @ gwtbootstrap3 ---
[INFO] auto discovered modules [org.gwtbootstrap3.GwtBootstrap3CDN, org.gwtbootstrap3.GwtBootstrap3Theme, org.gwtbootstrap3.GwtBootstrap3NoTheme, org.gwtbootstrap3.GwtBootstrap3, org.gwtbootstrap3.GwtBootstrap3Base, org.gwtbootstrap3.client.NoThemeResources, org.gwtbootstrap3.client.Resources]
[INFO] org.gwtbootstrap3.GwtBootstrap3CDN has no EntryPoint - compilation skipped
[INFO] org.gwtbootstrap3.GwtBootstrap3Base has no EntryPoint - compilation skipped
[INFO] org.gwtbootstrap3.client.NoThemeResources has no EntryPoint - compilation skipped
[INFO] org.gwtbootstrap3.client.Resources has no EntryPoint - compilation skipped
[INFO] 
[INFO] --- maven-jar-plugin:2.4:jar (default-jar) @ gwtbootstrap3 ---
[INFO] Building jar: /home/travis/build/passed/gwtbootstrap3/gwtbootstrap3/gwtbootstrap3/target/gwtbootstrap3-0.9.2.jar
[INFO] 
[INFO] --- gwt-maven-plugin:2.7.0:test (default) @ gwtbootstrap3 ---
[INFO] 
[INFO] -------------------------------------------------------
[INFO]  T E S T S
[INFO] -------------------------------------------------------
[INFO] Running gwtbootstrap3 suite
[INFO] Ignored 4 units with compilation errors in first pass.
[INFO] Compile with -strict or with -logLevel set to TRACE or DEBUG to see all errors.
[INFO] Starting http://172.17.0.24:34233/org.gwtbootstrap3.GwtBootstrap3.JUnit/junit.html?gwt.codesvr=172.17.0.24:41875 on browser FF17
[INFO] 200 - GET /org.gwtbootstrap3.GwtBootstrap3.JUnit/junit.html?gwt.codesvr=172.17.0.24:41875 (172.17.0.24) 2064 bytes
[INFO] 200 - GET /org.gwtbootstrap3.GwtBootstrap3.JUnit/org.gwtbootstrap3.GwtBootstrap3.JUnit.nocache.js (172.17.0.24) 8630 bytes
[INFO] 200 - GET /org.gwtbootstrap3.GwtBootstrap3.JUnit/org.gwtbootstrap3.GwtBootstrap3.JUnit.devmode.js (172.17.0.24) 15036 bytes
[INFO] 200 - GET /org.gwtbootstrap3.GwtBootstrap3.JUnit/css/bootstrap-3.3.5.min.cache.css (172.17.0.24) 122540 bytes
[ERROR] Jan 23, 2022 11:23:25 AM com.gargoylesoftware.htmlunit.DefaultCssErrorHandler error
[ERROR] WARNING: CSS error: 'http://172.17.0.24:34233/org.gwtbootstrap3.GwtBootstrap3.JUnit/css/bootstrap-3.3.5.min.cache.css' [5:17606] Error in media list. (Invalid token "(". Was expecting one of: <S>, <IDENT>.)
[ERROR] Jan 23, 2022 11:23:25 AM com.gargoylesoftware.htmlunit.DefaultCssErrorHandler error
[ERROR] WARNING: CSS error: 'http://172.17.0.24:34233/org.gwtbootstrap3.GwtBootstrap3.JUnit/css/bootstrap-3.3.5.min.cache.css' [5:19373] Error in media list. (Invalid token "(". Was expecting one of: <S>, <IDENT>.)
[ERROR] Jan 23, 2022 11:23:25 AM com.gargoylesoftware.htmlunit.DefaultCssErrorHandler error
[ERROR] WARNING: CSS error: 'http://172.17.0.24:34233/org.gwtbootstrap3.GwtBootstrap3.JUnit/css/bootstrap-3.3.5.min.cache.css' [5:21618] Error in media list. (Invalid token "(". Was expecting one of: <S>, <IDENT>.)
[ERROR] Jan 23, 2022 11:23:25 AM com.gargoylesoftware.htmlunit.DefaultCssErrorHandler error
[ERROR] WARNING: CSS error: 'http://172.17.0.24:34233/org.gwtbootstrap3.GwtBootstrap3.JUnit/css/bootstrap-3.3.5.min.cache.css' [5:21667] Error in media list. (Invalid token "(". Was expecting one of: <S>, <IDENT>.)
[ERROR] Jan 23, 2022 11:23:25 AM com.gargoylesoftware.htmlunit.DefaultCssErrorHandler error
[ERROR] WARNING: CSS error: 'http://172.17.0.24:34233/org.gwtbootstrap3.GwtBootstrap3.JUnit/css/bootstrap-3.3.5.min.cache.css' [5:21716] Error in media list. (Invalid token "(". Was expecting one of: <S>, <IDENT>.)
[ERROR] Jan 23, 2022 11:23:25 AM com.gargoylesoftware.htmlunit.DefaultCssErrorHandler error
[ERROR] WARNING: CSS error: 'http://172.17.0.24:34233/org.gwtbootstrap3.GwtBootstrap3.JUnit/css/bootstrap-3.3.5.min.cache.css' [5:24200] Error in media list. (Invalid token "(". Was expecting one of: <S>, <IDENT>.)
[ERROR] Jan 23, 2022 11:23:25 AM com.gargoylesoftware.htmlunit.DefaultCssErrorHandler error
[ERROR] WARNING: CSS error: 'http://172.17.0.24:34233/org.gwtbootstrap3.GwtBootstrap3.JUnit/css/bootstrap-3.3.5.min.cache.css' [5:25966] Error in media list. (Invalid token "(". Was expecting one of: <S>, <IDENT>.)
[ERROR] Jan 23, 2022 11:23:25 AM com.gargoylesoftware.htmlunit.DefaultCssErrorHandler error
[ERROR] WARNING: CSS error: 'http://172.17.0.24:34233/org.gwtbootstrap3.GwtBootstrap3.JUnit/css/bootstrap-3.3.5.min.cache.css' [5:27732] Error in media list. (Invalid token "(". Was expecting one of: <S>, <IDENT>.)
[ERROR] Jan 23, 2022 11:23:25 AM com.gargoylesoftware.htmlunit.DefaultCssErrorHandler error
[ERROR] WARNING: CSS error: 'http://172.17.0.24:34233/org.gwtbootstrap3.GwtBootstrap3.JUnit/css/bootstrap-3.3.5.min.cache.css' [5:33858] Error in @media rule. (Invalid token "and". Was expecting one of: <S>, <LBRACE>, <COMMA>.)
[ERROR] Jan 23, 2022 11:23:25 AM com.gargoylesoftware.htmlunit.DefaultCssErrorHandler warning
[ERROR] WARNING: CSS warning: 'http://172.17.0.24:34233/org.gwtbootstrap3.GwtBootstrap3.JUnit/css/bootstrap-3.3.5.min.cache.css' [5:33858] Ignoring the whole rule.
[ERROR] Jan 23, 2022 11:23:25 AM com.gargoylesoftware.htmlunit.DefaultCssErrorHandler error
[ERROR] WARNING: CSS error: 'http://172.17.0.24:34233/org.gwtbootstrap3.GwtBootstrap3.JUnit/css/bootstrap-3.3.5.min.cache.css' [5:37280] Error in @media rule. (Invalid token "and". Was expecting one of: <S>, <LBRACE>, <COMMA>.)
[ERROR] Jan 23, 2022 11:23:25 AM com.gargoylesoftware.htmlunit.DefaultCssErrorHandler warning
[ERROR] WARNING: CSS warning: 'http://172.17.0.24:34233/org.gwtbootstrap3.GwtBootstrap3.JUnit/css/bootstrap-3.3.5.min.cache.css' [5:37280] Ignoring the whole rule.
[ERROR] Jan 23, 2022 11:23:25 AM com.gargoylesoftware.htmlunit.DefaultCssErrorHandler error
[ERROR] WARNING: CSS error: 'http://172.17.0.24:34233/org.gwtbootstrap3.GwtBootstrap3.JUnit/css/bootstrap-3.3.5.min.cache.css' [5:43528] Error in media list. (Invalid token "(". Was expecting one of: <S>, <IDENT>.)
[ERROR] Jan 23, 2022 11:23:25 AM com.gargoylesoftware.htmlunit.DefaultCssErrorHandler error
[ERROR] WARNING: CSS error: 'http://172.17.0.24:34233/org.gwtbootstrap3.GwtBootstrap3.JUnit/css/bootstrap-3.3.5.min.cache.css' [5:44748] Error in media list. (Invalid token "(". Was expecting one of: <S>, <IDENT>.)
[ERROR] Jan 23, 2022 11:23:25 AM com.gargoylesoftware.htmlunit.DefaultCssErrorHandler error
[ERROR] WARNING: CSS error: 'http://172.17.0.24:34233/org.gwtbootstrap3.GwtBootstrap3.JUnit/css/bootstrap-3.3.5.min.cache.css' [5:44920] Error in media list. (Invalid token "(". Was expecting one of: <S>, <IDENT>.)
[ERROR] Jan 23, 2022 11:23:25 AM com.gargoylesoftware.htmlunit.DefaultCssErrorHandler error
[ERROR] WARNING: CSS error: 'http://172.17.0.24:34233/org.gwtbootstrap3.GwtBootstrap3.JUnit/css/bootstrap-3.3.5.min.cache.css' [5:45028] Error in media list. (Invalid token "(". Was expecting one of: <S>, <IDENT>.)
[ERROR] Jan 23, 2022 11:23:25 AM com.gargoylesoftware.htmlunit.DefaultCssErrorHandler error
[ERROR] WARNING: CSS error: 'http://172.17.0.24:34233/org.gwtbootstrap3.GwtBootstrap3.JUnit/css/bootstrap-3.3.5.min.cache.css' [5:57895] Error in style rule. (Invalid token ":". Was expecting one of: <EOF>, <S>, <NUMBER>, "inherit", <IDENT>, <STRING>, <PLUS>, <COMMA>, <HASH>, <IMPORTANT_SYM>, <EMS>, <EXS>, <LENGTH_PX>, <LENGTH_CM>, <LENGTH_MM>, <LENGTH_IN>, <LENGTH_PT>, <LENGTH_PC>, <ANGLE_DEG>, <ANGLE_RAD>, <ANGLE_GRAD>, <TIME_MS>, <TIME_S>, <FREQ_HZ>, <FREQ_KHZ>, <PERCENTAGE>, <DIMENSION>, <URI>, <FUNCTION>, "}", ";", "/", "-".)
[ERROR] Jan 23, 2022 11:23:25 AM com.gargoylesoftware.htmlunit.DefaultCssErrorHandler warning
[ERROR] WARNING: CSS warning: 'http://172.17.0.24:34233/org.gwtbootstrap3.GwtBootstrap3.JUnit/css/bootstrap-3.3.5.min.cache.css' [5:57895] Ignoring the following declarations in this rule.
[ERROR] Jan 23, 2022 11:23:25 AM com.gargoylesoftware.htmlunit.DefaultCssErrorHandler error
[ERROR] WARNING: CSS error: 'http://172.17.0.24:34233/org.gwtbootstrap3.GwtBootstrap3.JUnit/css/bootstrap-3.3.5.min.cache.css' [5:58557] Error in media list. (Invalid token "(". Was expecting one of: <S>, <IDENT>.)
[ERROR] Jan 23, 2022 11:23:25 AM com.gargoylesoftware.htmlunit.DefaultCssErrorHandler error
[ERROR] WARNING: CSS error: 'http://172.17.0.24:34233/org.gwtbootstrap3.GwtBootstrap3.JUnit/css/bootstrap-3.3.5.min.cache.css' [5:67219] Error in media list. (Invalid token "(". Was expecting one of: <S>, <IDENT>.)
[ERROR] Jan 23, 2022 11:23:25 AM com.gargoylesoftware.htmlunit.DefaultCssErrorHandler error
[ERROR] WARNING: CSS error: 'http://172.17.0.24:34233/org.gwtbootstrap3.GwtBootstrap3.JUnit/css/bootstrap-3.3.5.min.cache.css' [5:67543] Error in media list. (Invalid token "(". Was expecting one of: <S>, <IDENT>.)
[ERROR] Jan 23, 2022 11:23:25 AM com.gargoylesoftware.htmlunit.DefaultCssErrorHandler error
[ERROR] WARNING: CSS error: 'http://172.17.0.24:34233/org.gwtbootstrap3.GwtBootstrap3.JUnit/css/bootstrap-3.3.5.min.cache.css' [5:68246] Error in media list. (Invalid token "(". Was expecting one of: <S>, <IDENT>.)
[ERROR] Jan 23, 2022 11:23:25 AM com.gargoylesoftware.htmlunit.DefaultCssErrorHandler error
[ERROR] WARNING: CSS error: 'http://172.17.0.24:34233/org.gwtbootstrap3.GwtBootstrap3.JUnit/css/bootstrap-3.3.5.min.cache.css' [5:68572] Error in media list. (Invalid token "(". Was expecting one of: <S>, <IDENT>.)
[ERROR] Jan 23, 2022 11:23:25 AM com.gargoylesoftware.htmlunit.DefaultCssErrorHandler error
[ERROR] WARNING: CSS error: 'http://172.17.0.24:34233/org.gwtbootstrap3.GwtBootstrap3.JUnit/css/bootstrap-3.3.5.min.cache.css' [5:69058] Error in media list. (Invalid token "(". Was expecting one of: <S>, <IDENT>.)
[ERROR] Jan 23, 2022 11:23:25 AM com.gargoylesoftware.htmlunit.DefaultCssErrorHandler error
[ERROR] WARNING: CSS error: 'http://172.17.0.24:34233/org.gwtbootstrap3.GwtBootstrap3.JUnit/css/bootstrap-3.3.5.min.cache.css' [5:69110] Error in media list. (Invalid token "(". Was expecting one of: <S>, <IDENT>.)
[ERROR] Jan 23, 2022 11:23:25 AM com.gargoylesoftware.htmlunit.DefaultCssErrorHandler error
[ERROR] WARNING: CSS error: 'http://172.17.0.24:34233/org.gwtbootstrap3.GwtBootstrap3.JUnit/css/bootstrap-3.3.5.min.cache.css' [5:69437] Error in media list. (Invalid token "(". Was expecting one of: <S>, <IDENT>.)
[ERROR] Jan 23, 2022 11:23:25 AM com.gargoylesoftware.htmlunit.DefaultCssErrorHandler error
[ERROR] WARNING: CSS error: 'http://172.17.0.24:34233/org.gwtbootstrap3.GwtBootstrap3.JUnit/css/bootstrap-3.3.5.min.cache.css' [5:69929] Error in media list. (Invalid token "(". Was expecting one of: <S>, <IDENT>.)
[ERROR] Jan 23, 2022 11:23:25 AM com.gargoylesoftware.htmlunit.DefaultCssErrorHandler error
[ERROR] WARNING: CSS error: 'http://172.17.0.24:34233/org.gwtbootstrap3.GwtBootstrap3.JUnit/css/bootstrap-3.3.5.min.cache.css' [5:70237] Error in media list. (Invalid token "(". Was expecting one of: <S>, <IDENT>.)
[ERROR] Jan 23, 2022 11:23:25 AM com.gargoylesoftware.htmlunit.DefaultCssErrorHandler error
[ERROR] WARNING: CSS error: 'http://172.17.0.24:34233/org.gwtbootstrap3.GwtBootstrap3.JUnit/css/bootstrap-3.3.5.min.cache.css' [5:70465] Error in media list. (Invalid token "(". Was expecting one of: <S>, <IDENT>.)
[ERROR] Jan 23, 2022 11:23:25 AM com.gargoylesoftware.htmlunit.DefaultCssErrorHandler error
[ERROR] WARNING: CSS error: 'http://172.17.0.24:34233/org.gwtbootstrap3.GwtBootstrap3.JUnit/css/bootstrap-3.3.5.min.cache.css' [5:70608] Error in media list. (Invalid token "(". Was expecting one of: <S>, <IDENT>.)
[ERROR] Jan 23, 2022 11:23:25 AM com.gargoylesoftware.htmlunit.DefaultCssErrorHandler error
[ERROR] WARNING: CSS error: 'http://172.17.0.24:34233/org.gwtbootstrap3.GwtBootstrap3.JUnit/css/bootstrap-3.3.5.min.cache.css' [5:70981] Error in media list. (Invalid token "(". Was expecting one of: <S>, <IDENT>.)
[ERROR] Jan 23, 2022 11:23:25 AM com.gargoylesoftware.htmlunit.DefaultCssErrorHandler error
[ERROR] WARNING: CSS error: 'http://172.17.0.24:34233/org.gwtbootstrap3.GwtBootstrap3.JUnit/css/bootstrap-3.3.5.min.cache.css' [5:71468] Error in media list. (Invalid token "(". Was expecting one of: <S>, <IDENT>.)
[ERROR] Jan 23, 2022 11:23:25 AM com.gargoylesoftware.htmlunit.DefaultCssErrorHandler error
[ERROR] WARNING: CSS error: 'http://172.17.0.24:34233/org.gwtbootstrap3.GwtBootstrap3.JUnit/css/bootstrap-3.3.5.min.cache.css' [5:71624] Error in media list. (Invalid token "(". Was expecting one of: <S>, <IDENT>.)
[ERROR] Jan 23, 2022 11:23:25 AM com.gargoylesoftware.htmlunit.DefaultCssErrorHandler error
[ERROR] WARNING: CSS error: 'http://172.17.0.24:34233/org.gwtbootstrap3.GwtBootstrap3.JUnit/css/bootstrap-3.3.5.min.cache.css' [5:72091] Error in media list. (Invalid token "(". Was expecting one of: <S>, <IDENT>.)
[ERROR] Jan 23, 2022 11:23:25 AM com.gargoylesoftware.htmlunit.DefaultCssErrorHandler error
[ERROR] WARNING: CSS error: 'http://172.17.0.24:34233/org.gwtbootstrap3.GwtBootstrap3.JUnit/css/bootstrap-3.3.5.min.cache.css' [5:72557] Error in media list. (Invalid token "(". Was expecting one of: <S>, <IDENT>.)
[ERROR] Jan 23, 2022 11:23:25 AM com.gargoylesoftware.htmlunit.DefaultCssErrorHandler error
[ERROR] WARNING: CSS error: 'http://172.17.0.24:34233/org.gwtbootstrap3.GwtBootstrap3.JUnit/css/bootstrap-3.3.5.min.cache.css' [5:73483] Error in media list. (Invalid token "(". Was expecting one of: <S>, <IDENT>.)
[ERROR] Jan 23, 2022 11:23:25 AM com.gargoylesoftware.htmlunit.DefaultCssErrorHandler error
[ERROR] WARNING: CSS error: 'http://172.17.0.24:34233/org.gwtbootstrap3.GwtBootstrap3.JUnit/css/bootstrap-3.3.5.min.cache.css' [5:73604] Error in media list. (Invalid token "(". Was expecting one of: <S>, <IDENT>.)
[ERROR] Jan 23, 2022 11:23:25 AM com.gargoylesoftware.htmlunit.DefaultCssErrorHandler error
[ERROR] WARNING: CSS error: 'http://172.17.0.24:34233/org.gwtbootstrap3.GwtBootstrap3.JUnit/css/bootstrap-3.3.5.min.cache.css' [5:74237] Error in media list. (Invalid token "(". Was expecting one of: <S>, <IDENT>.)
[ERROR] Jan 23, 2022 11:23:25 AM com.gargoylesoftware.htmlunit.DefaultCssErrorHandler error
[ERROR] WARNING: CSS error: 'http://172.17.0.24:34233/org.gwtbootstrap3.GwtBootstrap3.JUnit/css/bootstrap-3.3.5.min.cache.css' [5:74322] Error in media list. (Invalid token "(". Was expecting one of: <S>, <IDENT>.)
[ERROR] Jan 23, 2022 11:23:25 AM com.gargoylesoftware.htmlunit.DefaultCssErrorHandler error
[ERROR] WARNING: CSS error: 'http://172.17.0.24:34233/org.gwtbootstrap3.GwtBootstrap3.JUnit/css/bootstrap-3.3.5.min.cache.css' [5:75681] Error in media list. (Invalid token "(". Was expecting one of: <S>, <IDENT>.)
[ERROR] Jan 23, 2022 11:23:25 AM com.gargoylesoftware.htmlunit.DefaultCssErrorHandler error
[ERROR] WARNING: CSS error: 'http://172.17.0.24:34233/org.gwtbootstrap3.GwtBootstrap3.JUnit/css/bootstrap-3.3.5.min.cache.css' [5:77991] Error in media list. (Invalid token "(". Was expecting one of: <S>, <IDENT>.)
[ERROR] Jan 23, 2022 11:23:25 AM com.gargoylesoftware.htmlunit.DefaultCssErrorHandler error
[ERROR] WARNING: CSS error: 'http://172.17.0.24:34233/org.gwtbootstrap3.GwtBootstrap3.JUnit/css/bootstrap-3.3.5.min.cache.css' [5:83978] Error in @media rule. (Invalid token "and". Was expecting one of: <S>, <LBRACE>, <COMMA>.)
[ERROR] Jan 23, 2022 11:23:25 AM com.gargoylesoftware.htmlunit.DefaultCssErrorHandler warning
[ERROR] WARNING: CSS warning: 'http://172.17.0.24:34233/org.gwtbootstrap3.GwtBootstrap3.JUnit/css/bootstrap-3.3.5.min.cache.css' [5:83978] Ignoring the whole rule.
[ERROR] Jan 23, 2022 11:23:25 AM com.gargoylesoftware.htmlunit.DefaultCssErrorHandler error
[ERROR] WARNING: CSS error: 'http://172.17.0.24:34233/org.gwtbootstrap3.GwtBootstrap3.JUnit/css/bootstrap-3.3.5.min.cache.css' [5:86517] Error in expression. (Invalid token "rgba(". Was expecting one of: <S>, <NUMBER>, <IDENT>, <STRING>, <PLUS>, <COMMA>, <EMS>, <EXS>, <LENGTH_PX>, <LENGTH_CM>, <LENGTH_MM>, <LENGTH_IN>, <LENGTH_PT>, <LENGTH_PC>, <ANGLE_DEG>, <ANGLE_RAD>, <ANGLE_GRAD>, <TIME_MS>, <TIME_S>, <FREQ_HZ>, <FREQ_KHZ>, <PERCENTAGE>, <URI>, "-", "=", ")".)
[ERROR] Jan 23, 2022 11:23:25 AM com.gargoylesoftware.htmlunit.DefaultCssErrorHandler error
[ERROR] WARNING: CSS error: 'http://172.17.0.24:34233/org.gwtbootstrap3.GwtBootstrap3.JUnit/css/bootstrap-3.3.5.min.cache.css' [5:86656] Error in style rule. (Invalid token "background-image". Was expecting one of: <EOF>, "}", ";".)
[ERROR] Jan 23, 2022 11:23:25 AM com.gargoylesoftware.htmlunit.DefaultCssErrorHandler warning
[ERROR] WARNING: CSS warning: 'http://172.17.0.24:34233/org.gwtbootstrap3.GwtBootstrap3.JUnit/css/bootstrap-3.3.5.min.cache.css' [5:86656] Ignoring the following declarations in this rule.
[ERROR] Jan 23, 2022 11:23:25 AM com.gargoylesoftware.htmlunit.DefaultCssErrorHandler error
[ERROR] WARNING: CSS error: 'http://172.17.0.24:34233/org.gwtbootstrap3.GwtBootstrap3.JUnit/css/bootstrap-3.3.5.min.cache.css' [5:87422] Error in expression. (Invalid token "rgba(". Was expecting one of: <S>, <NUMBER>, <IDENT>, <STRING>, <PLUS>, <COMMA>, <EMS>, <EXS>, <LENGTH_PX>, <LENGTH_CM>, <LENGTH_MM>, <LENGTH_IN>, <LENGTH_PT>, <LENGTH_PC>, <ANGLE_DEG>, <ANGLE_RAD>, <ANGLE_GRAD>, <TIME_MS>, <TIME_S>, <FREQ_HZ>, <FREQ_KHZ>, <PERCENTAGE>, <URI>, "-", "=", ")".)
[ERROR] Jan 23, 2022 11:23:25 AM com.gargoylesoftware.htmlunit.DefaultCssErrorHandler error
[ERROR] WARNING: CSS error: 'http://172.17.0.24:34233/org.gwtbootstrap3.GwtBootstrap3.JUnit/css/bootstrap-3.3.5.min.cache.css' [5:87561] Error in style rule. (Invalid token "background-image". Was expecting one of: <EOF>, "}", ";".)
[ERROR] Jan 23, 2022 11:23:25 AM com.gargoylesoftware.htmlunit.DefaultCssErrorHandler warning
[ERROR] WARNING: CSS warning: 'http://172.17.0.24:34233/org.gwtbootstrap3.GwtBootstrap3.JUnit/css/bootstrap-3.3.5.min.cache.css' [5:87561] Ignoring the following declarations in this rule.
[ERROR] Jan 23, 2022 11:23:25 AM com.gargoylesoftware.htmlunit.DefaultCssErrorHandler error
[ERROR] WARNING: CSS error: 'http://172.17.0.24:34233/org.gwtbootstrap3.GwtBootstrap3.JUnit/css/bootstrap-3.3.5.min.cache.css' [5:88048] Error in expression. (Invalid token "rgba(". Was expecting one of: <S>, <NUMBER>, <IDENT>, <STRING>, <PLUS>, <COMMA>, <EMS>, <EXS>, <LENGTH_PX>, <LENGTH_CM>, <LENGTH_MM>, <LENGTH_IN>, <LENGTH_PT>, <LENGTH_PC>, <ANGLE_DEG>, <ANGLE_RAD>, <ANGLE_GRAD>, <TIME_MS>, <TIME_S>, <FREQ_HZ>, <FREQ_KHZ>, <PERCENTAGE>, <URI>, "-", "=", ")".)
[ERROR] Jan 23, 2022 11:23:25 AM com.gargoylesoftware.htmlunit.DefaultCssErrorHandler error
[ERROR] WARNING: CSS error: 'http://172.17.0.24:34233/org.gwtbootstrap3.GwtBootstrap3.JUnit/css/bootstrap-3.3.5.min.cache.css' [5:88187] Error in style rule. (Invalid token "background-image". Was expecting one of: <EOF>, "}", ";".)
[ERROR] Jan 23, 2022 11:23:25 AM com.gargoylesoftware.htmlunit.DefaultCssErrorHandler warning
[ERROR] WARNING: CSS warning: 'http://172.17.0.24:34233/org.gwtbootstrap3.GwtBootstrap3.JUnit/css/bootstrap-3.3.5.min.cache.css' [5:88187] Ignoring the following declarations in this rule.
[ERROR] Jan 23, 2022 11:23:25 AM com.gargoylesoftware.htmlunit.DefaultCssErrorHandler error
[ERROR] WARNING: CSS error: 'http://172.17.0.24:34233/org.gwtbootstrap3.GwtBootstrap3.JUnit/css/bootstrap-3.3.5.min.cache.css' [5:88680] Error in expression. (Invalid token "rgba(". Was expecting one of: <S>, <NUMBER>, <IDENT>, <STRING>, <PLUS>, <COMMA>, <EMS>, <EXS>, <LENGTH_PX>, <LENGTH_CM>, <LENGTH_MM>, <LENGTH_IN>, <LENGTH_PT>, <LENGTH_PC>, <ANGLE_DEG>, <ANGLE_RAD>, <ANGLE_GRAD>, <TIME_MS>, <TIME_S>, <FREQ_HZ>, <FREQ_KHZ>, <PERCENTAGE>, <URI>, "-", "=", ")".)
[ERROR] Jan 23, 2022 11:23:25 AM com.gargoylesoftware.htmlunit.DefaultCssErrorHandler error
[ERROR] WARNING: CSS error: 'http://172.17.0.24:34233/org.gwtbootstrap3.GwtBootstrap3.JUnit/css/bootstrap-3.3.5.min.cache.css' [5:88819] Error in style rule. (Invalid token "background-image". Was expecting one of: <EOF>, "}", ";".)
[ERROR] Jan 23, 2022 11:23:25 AM com.gargoylesoftware.htmlunit.DefaultCssErrorHandler warning
[ERROR] WARNING: CSS warning: 'http://172.17.0.24:34233/org.gwtbootstrap3.GwtBootstrap3.JUnit/css/bootstrap-3.3.5.min.cache.css' [5:88819] Ignoring the following declarations in this rule.
[ERROR] Jan 23, 2022 11:23:25 AM com.gargoylesoftware.htmlunit.DefaultCssErrorHandler error
[ERROR] WARNING: CSS error: 'http://172.17.0.24:34233/org.gwtbootstrap3.GwtBootstrap3.JUnit/css/bootstrap-3.3.5.min.cache.css' [5:89310] Error in expression. (Invalid token "rgba(". Was expecting one of: <S>, <NUMBER>, <IDENT>, <STRING>, <PLUS>, <COMMA>, <EMS>, <EXS>, <LENGTH_PX>, <LENGTH_CM>, <LENGTH_MM>, <LENGTH_IN>, <LENGTH_PT>, <LENGTH_PC>, <ANGLE_DEG>, <ANGLE_RAD>, <ANGLE_GRAD>, <TIME_MS>, <TIME_S>, <FREQ_HZ>, <FREQ_KHZ>, <PERCENTAGE>, <URI>, "-", "=", ")".)
[ERROR] Jan 23, 2022 11:23:25 AM com.gargoylesoftware.htmlunit.DefaultCssErrorHandler error
[ERROR] WARNING: CSS error: 'http://172.17.0.24:34233/org.gwtbootstrap3.GwtBootstrap3.JUnit/css/bootstrap-3.3.5.min.cache.css' [5:89449] Error in style rule. (Invalid token "background-image". Was expecting one of: <EOF>, "}", ";".)
[ERROR] Jan 23, 2022 11:23:25 AM com.gargoylesoftware.htmlunit.DefaultCssErrorHandler warning
[ERROR] WARNING: CSS warning: 'http://172.17.0.24:34233/org.gwtbootstrap3.GwtBootstrap3.JUnit/css/bootstrap-3.3.5.min.cache.css' [5:89449] Ignoring the following declarations in this rule.
[ERROR] Jan 23, 2022 11:23:25 AM com.gargoylesoftware.htmlunit.DefaultCssErrorHandler error
[ERROR] WARNING: CSS error: 'http://172.17.0.24:34233/org.gwtbootstrap3.GwtBootstrap3.JUnit/css/bootstrap-3.3.5.min.cache.css' [5:107715] Error in expression. (Invalid token "25". Was expecting: <NUMBER>.)
[ERROR] Jan 23, 2022 11:23:25 AM com.gargoylesoftware.htmlunit.DefaultCssErrorHandler error
[ERROR] WARNING: CSS error: 'http://172.17.0.24:34233/org.gwtbootstrap3.GwtBootstrap3.JUnit/css/bootstrap-3.3.5.min.cache.css' [5:107720] Error in style rule. (Invalid token "-ms-transform". Was expecting one of: <EOF>, "}", ";".)
[ERROR] Jan 23, 2022 11:23:25 AM com.gargoylesoftware.htmlunit.DefaultCssErrorHandler warning
[ERROR] WARNING: CSS warning: 'http://172.17.0.24:34233/org.gwtbootstrap3.GwtBootstrap3.JUnit/css/bootstrap-3.3.5.min.cache.css' [5:107720] Ignoring the following declarations in this rule.
[ERROR] Jan 23, 2022 11:23:25 AM com.gargoylesoftware.htmlunit.DefaultCssErrorHandler error
[ERROR] WARNING: CSS error: 'http://172.17.0.24:34233/org.gwtbootstrap3.GwtBootstrap3.JUnit/css/bootstrap-3.3.5.min.cache.css' [5:109080] Error in media list. (Invalid token "(". Was expecting one of: <S>, <IDENT>.)
[ERROR] Jan 23, 2022 11:23:25 AM com.gargoylesoftware.htmlunit.DefaultCssErrorHandler error
[ERROR] WARNING: CSS error: 'http://172.17.0.24:34233/org.gwtbootstrap3.GwtBootstrap3.JUnit/css/bootstrap-3.3.5.min.cache.css' [5:109268] Error in media list. (Invalid token "(". Was expecting one of: <S>, <IDENT>.)
[ERROR] Jan 23, 2022 11:23:25 AM com.gargoylesoftware.htmlunit.DefaultCssErrorHandler error
[ERROR] WARNING: CSS error: 'http://172.17.0.24:34233/org.gwtbootstrap3.GwtBootstrap3.JUnit/css/bootstrap-3.3.5.min.cache.css' [5:113562] Error in @media rule. (Invalid token "and". Was expecting one of: <S>, <LBRACE>, <COMMA>.)
[ERROR] Jan 23, 2022 11:23:25 AM com.gargoylesoftware.htmlunit.DefaultCssErrorHandler warning
[ERROR] WARNING: CSS warning: 'http://172.17.0.24:34233/org.gwtbootstrap3.GwtBootstrap3.JUnit/css/bootstrap-3.3.5.min.cache.css' [5:113562] Ignoring the whole rule.
[ERROR] Jan 23, 2022 11:23:25 AM com.gargoylesoftware.htmlunit.DefaultCssErrorHandler error
[ERROR] WARNING: CSS error: 'http://172.17.0.24:34233/org.gwtbootstrap3.GwtBootstrap3.JUnit/css/bootstrap-3.3.5.min.cache.css' [5:114971] Error in expression. (Invalid token "rgba(". Was expecting one of: <S>, <NUMBER>, <IDENT>, <STRING>, <PLUS>, <COMMA>, <EMS>, <EXS>, <LENGTH_PX>, <LENGTH_CM>, <LENGTH_MM>, <LENGTH_IN>, <LENGTH_PT>, <LENGTH_PC>, <ANGLE_DEG>, <ANGLE_RAD>, <ANGLE_GRAD>, <TIME_MS>, <TIME_S>, <FREQ_HZ>, <FREQ_KHZ>, <PERCENTAGE>, <URI>, "-", "=", ")".)
[ERROR] Jan 23, 2022 11:23:25 AM com.gargoylesoftware.htmlunit.DefaultCssErrorHandler error
[ERROR] WARNING: CSS error: 'http://172.17.0.24:34233/org.gwtbootstrap3.GwtBootstrap3.JUnit/css/bootstrap-3.3.5.min.cache.css' [5:115012] Error in style rule. (Invalid token "background-image". Was expecting one of: <EOF>, "}", ";".)
[ERROR] Jan 23, 2022 11:23:25 AM com.gargoylesoftware.htmlunit.DefaultCssErrorHandler warning
[ERROR] WARNING: CSS warning: 'http://172.17.0.24:34233/org.gwtbootstrap3.GwtBootstrap3.JUnit/css/bootstrap-3.3.5.min.cache.css' [5:115012] Ignoring the following declarations in this rule.
[ERROR] Jan 23, 2022 11:23:25 AM com.gargoylesoftware.htmlunit.DefaultCssErrorHandler error
[ERROR] WARNING: CSS error: 'http://172.17.0.24:34233/org.gwtbootstrap3.GwtBootstrap3.JUnit/css/bootstrap-3.3.5.min.cache.css' [5:115514] Error in expression. (Invalid token "rgba(". Was expecting one of: <S>, <NUMBER>, <IDENT>, <STRING>, <PLUS>, <COMMA>, <EMS>, <EXS>, <LENGTH_PX>, <LENGTH_CM>, <LENGTH_MM>, <LENGTH_IN>, <LENGTH_PT>, <LENGTH_PC>, <ANGLE_DEG>, <ANGLE_RAD>, <ANGLE_GRAD>, <TIME_MS>, <TIME_S>, <FREQ_HZ>, <FREQ_KHZ>, <PERCENTAGE>, <URI>, "-", "=", ")".)
[ERROR] Jan 23, 2022 11:23:25 AM com.gargoylesoftware.htmlunit.DefaultCssErrorHandler error
[ERROR] WARNING: CSS error: 'http://172.17.0.24:34233/org.gwtbootstrap3.GwtBootstrap3.JUnit/css/bootstrap-3.3.5.min.cache.css' [5:115555] Error in style rule. (Invalid token "background-image". Was expecting one of: <EOF>, "}", ";".)
[ERROR] Jan 23, 2022 11:23:25 AM com.gargoylesoftware.htmlunit.DefaultCssErrorHandler warning
[ERROR] WARNING: CSS warning: 'http://172.17.0.24:34233/org.gwtbootstrap3.GwtBootstrap3.JUnit/css/bootstrap-3.3.5.min.cache.css' [5:115555] Ignoring the following declarations in this rule.
[ERROR] Jan 23, 2022 11:23:25 AM com.gargoylesoftware.htmlunit.DefaultCssErrorHandler error
[ERROR] WARNING: CSS error: 'http://172.17.0.24:34233/org.gwtbootstrap3.GwtBootstrap3.JUnit/css/bootstrap-3.3.5.min.cache.css' [5:117005] Invalid color "#000\9".
[ERROR] Jan 23, 2022 11:23:25 AM com.gargoylesoftware.htmlunit.DefaultCssErrorHandler error
[ERROR] WARNING: CSS error: 'http://172.17.0.24:34233/org.gwtbootstrap3.GwtBootstrap3.JUnit/css/bootstrap-3.3.5.min.cache.css' [5:117402] Error in @media rule. (Invalid token "and". Was expecting one of: <S>, <LBRACE>, <COMMA>.)
[ERROR] Jan 23, 2022 11:23:25 AM com.gargoylesoftware.htmlunit.DefaultCssErrorHandler warning
[ERROR] WARNING: CSS warning: 'http://172.17.0.24:34233/org.gwtbootstrap3.GwtBootstrap3.JUnit/css/bootstrap-3.3.5.min.cache.css' [5:117402] Ignoring the whole rule.
[ERROR] Jan 23, 2022 11:23:25 AM com.gargoylesoftware.htmlunit.DefaultCssErrorHandler error
[ERROR] WARNING: CSS error: 'http://172.17.0.24:34233/org.gwtbootstrap3.GwtBootstrap3.JUnit/css/bootstrap-3.3.5.min.cache.css' [5:119598] Error in media list. (Invalid token "(". Was expecting one of: <S>, <IDENT>.)
[ERROR] Jan 23, 2022 11:23:25 AM com.gargoylesoftware.htmlunit.DefaultCssErrorHandler error
[ERROR] WARNING: CSS error: 'http://172.17.0.24:34233/org.gwtbootstrap3.GwtBootstrap3.JUnit/css/bootstrap-3.3.5.min.cache.css' [5:119800] Error in media list. (Invalid token "(". Was expecting one of: <S>, <IDENT>.)
[ERROR] Jan 23, 2022 11:23:25 AM com.gargoylesoftware.htmlunit.DefaultCssErrorHandler error
[ERROR] WARNING: CSS error: 'http://172.17.0.24:34233/org.gwtbootstrap3.GwtBootstrap3.JUnit/css/bootstrap-3.3.5.min.cache.css' [5:119868] Error in media list. (Invalid token "(". Was expecting one of: <S>, <IDENT>.)
[ERROR] Jan 23, 2022 11:23:25 AM com.gargoylesoftware.htmlunit.DefaultCssErrorHandler error
[ERROR] WARNING: CSS error: 'http://172.17.0.24:34233/org.gwtbootstrap3.GwtBootstrap3.JUnit/css/bootstrap-3.3.5.min.cache.css' [5:119938] Error in media list. (Invalid token "(". Was expecting one of: <S>, <IDENT>.)
[ERROR] Jan 23, 2022 11:23:25 AM com.gargoylesoftware.htmlunit.DefaultCssErrorHandler error
[ERROR] WARNING: CSS error: 'http://172.17.0.24:34233/org.gwtbootstrap3.GwtBootstrap3.JUnit/css/bootstrap-3.3.5.min.cache.css' [5:120020] Error in media list. (Invalid token "(". Was expecting one of: <S>, <IDENT>.)
[ERROR] Jan 23, 2022 11:23:25 AM com.gargoylesoftware.htmlunit.DefaultCssErrorHandler error
[ERROR] WARNING: CSS error: 'http://172.17.0.24:34233/org.gwtbootstrap3.GwtBootstrap3.JUnit/css/bootstrap-3.3.5.min.cache.css' [5:120244] Error in media list. (Invalid token "(". Was expecting one of: <S>, <IDENT>.)
[ERROR] Jan 23, 2022 11:23:25 AM com.gargoylesoftware.htmlunit.DefaultCssErrorHandler error
[ERROR] WARNING: CSS error: 'http://172.17.0.24:34233/org.gwtbootstrap3.GwtBootstrap3.JUnit/css/bootstrap-3.3.5.min.cache.css' [5:120334] Error in media list. (Invalid token "(". Was expecting one of: <S>, <IDENT>.)
[ERROR] Jan 23, 2022 11:23:25 AM com.gargoylesoftware.htmlunit.DefaultCssErrorHandler error
[ERROR] WARNING: CSS error: 'http://172.17.0.24:34233/org.gwtbootstrap3.GwtBootstrap3.JUnit/css/bootstrap-3.3.5.min.cache.css' [5:120426] Error in media list. (Invalid token "(". Was expecting one of: <S>, <IDENT>.)
[ERROR] Jan 23, 2022 11:23:25 AM com.gargoylesoftware.htmlunit.DefaultCssErrorHandler error
[ERROR] WARNING: CSS error: 'http://172.17.0.24:34233/org.gwtbootstrap3.GwtBootstrap3.JUnit/css/bootstrap-3.3.5.min.cache.css' [5:120530] Error in media list. (Invalid token "(". Was expecting one of: <S>, <IDENT>.)
[ERROR] Jan 23, 2022 11:23:25 AM com.gargoylesoftware.htmlunit.DefaultCssErrorHandler error
[ERROR] WARNING: CSS error: 'http://172.17.0.24:34233/org.gwtbootstrap3.GwtBootstrap3.JUnit/css/bootstrap-3.3.5.min.cache.css' [5:120755] Error in media list. (Invalid token "(". Was expecting one of: <S>, <IDENT>.)
[ERROR] Jan 23, 2022 11:23:25 AM com.gargoylesoftware.htmlunit.DefaultCssErrorHandler error
[ERROR] WARNING: CSS error: 'http://172.17.0.24:34233/org.gwtbootstrap3.GwtBootstrap3.JUnit/css/bootstrap-3.3.5.min.cache.css' [5:120846] Error in media list. (Invalid token "(". Was expecting one of: <S>, <IDENT>.)
[ERROR] Jan 23, 2022 11:23:25 AM com.gargoylesoftware.htmlunit.DefaultCssErrorHandler error
[ERROR] WARNING: CSS error: 'http://172.17.0.24:34233/org.gwtbootstrap3.GwtBootstrap3.JUnit/css/bootstrap-3.3.5.min.cache.css' [5:120939] Error in media list. (Invalid token "(". Was expecting one of: <S>, <IDENT>.)
[ERROR] Jan 23, 2022 11:23:25 AM com.gargoylesoftware.htmlunit.DefaultCssErrorHandler error
[ERROR] WARNING: CSS error: 'http://172.17.0.24:34233/org.gwtbootstrap3.GwtBootstrap3.JUnit/css/bootstrap-3.3.5.min.cache.css' [5:121044] Error in media list. (Invalid token "(". Was expecting one of: <S>, <IDENT>.)
[ERROR] Jan 23, 2022 11:23:25 AM com.gargoylesoftware.htmlunit.DefaultCssErrorHandler error
[ERROR] WARNING: CSS error: 'http://172.17.0.24:34233/org.gwtbootstrap3.GwtBootstrap3.JUnit/css/bootstrap-3.3.5.min.cache.css' [5:121247] Error in media list. (Invalid token "(". Was expecting one of: <S>, <IDENT>.)
[ERROR] Jan 23, 2022 11:23:25 AM com.gargoylesoftware.htmlunit.DefaultCssErrorHandler error
[ERROR] WARNING: CSS error: 'http://172.17.0.24:34233/org.gwtbootstrap3.GwtBootstrap3.JUnit/css/bootstrap-3.3.5.min.cache.css' [5:121316] Error in media list. (Invalid token "(". Was expecting one of: <S>, <IDENT>.)
[ERROR] Jan 23, 2022 11:23:25 AM com.gargoylesoftware.htmlunit.DefaultCssErrorHandler error
[ERROR] WARNING: CSS error: 'http://172.17.0.24:34233/org.gwtbootstrap3.GwtBootstrap3.JUnit/css/bootstrap-3.3.5.min.cache.css' [5:121387] Error in media list. (Invalid token "(". Was expecting one of: <S>, <IDENT>.)
[ERROR] Jan 23, 2022 11:23:25 AM com.gargoylesoftware.htmlunit.DefaultCssErrorHandler error
[ERROR] WARNING: CSS error: 'http://172.17.0.24:34233/org.gwtbootstrap3.GwtBootstrap3.JUnit/css/bootstrap-3.3.5.min.cache.css' [5:121470] Error in media list. (Invalid token "(". Was expecting one of: <S>, <IDENT>.)
[ERROR] Jan 23, 2022 11:23:25 AM com.gargoylesoftware.htmlunit.DefaultCssErrorHandler error
[ERROR] WARNING: CSS error: 'http://172.17.0.24:34233/org.gwtbootstrap3.GwtBootstrap3.JUnit/css/bootstrap-3.3.5.min.cache.css' [5:121530] Error in media list. (Invalid token "(". Was expecting one of: <S>, <IDENT>.)
[ERROR] Jan 23, 2022 11:23:25 AM com.gargoylesoftware.htmlunit.DefaultCssErrorHandler error
[ERROR] WARNING: CSS error: 'http://172.17.0.24:34233/org.gwtbootstrap3.GwtBootstrap3.JUnit/css/bootstrap-3.3.5.min.cache.css' [5:121612] Error in media list. (Invalid token "(". Was expecting one of: <S>, <IDENT>.)
[ERROR] Jan 23, 2022 11:23:25 AM com.gargoylesoftware.htmlunit.DefaultCssErrorHandler error
[ERROR] WARNING: CSS error: 'http://172.17.0.24:34233/org.gwtbootstrap3.GwtBootstrap3.JUnit/css/bootstrap-3.3.5.min.cache.css' [5:121695] Error in media list. (Invalid token "(". Was expecting one of: <S>, <IDENT>.)
[INFO] 200 - GET /org.gwtbootstrap3.GwtBootstrap3.JUnit/css/font-awesome-4.4.0.min.cache.css (172.17.0.24) 26711 bytes
[ERROR] Jan 23, 2022 11:23:25 AM com.gargoylesoftware.htmlunit.DefaultCssErrorHandler error
[ERROR] WARNING: CSS error: 'http://172.17.0.24:34233/org.gwtbootstrap3.GwtBootstrap3.JUnit/css/font-awesome-4.4.0.min.cache.css' [4:1906] Error in style rule. (Invalid token ":". Was expecting one of: <EOF>, <S>, <NUMBER>, "inherit", <IDENT>, <STRING>, <PLUS>, <COMMA>, <HASH>, <IMPORTANT_SYM>, <EMS>, <EXS>, <LENGTH_PX>, <LENGTH_CM>, <LENGTH_MM>, <LENGTH_IN>, <LENGTH_PT>, <LENGTH_PC>, <ANGLE_DEG>, <ANGLE_RAD>, <ANGLE_GRAD>, <TIME_MS>, <TIME_S>, <FREQ_HZ>, <FREQ_KHZ>, <PERCENTAGE>, <DIMENSION>, <URI>, <FUNCTION>, "}", ";", "/", "-".)
[ERROR] Jan 23, 2022 11:23:25 AM com.gargoylesoftware.htmlunit.DefaultCssErrorHandler warning
[ERROR] WARNING: CSS warning: 'http://172.17.0.24:34233/org.gwtbootstrap3.GwtBootstrap3.JUnit/css/font-awesome-4.4.0.min.cache.css' [4:1906] Ignoring the following declarations in this rule.
[ERROR] Jan 23, 2022 11:23:25 AM com.gargoylesoftware.htmlunit.DefaultCssErrorHandler error
[ERROR] WARNING: CSS error: 'http://172.17.0.24:34233/org.gwtbootstrap3.GwtBootstrap3.JUnit/css/font-awesome-4.4.0.min.cache.css' [4:2069] Error in style rule. (Invalid token ":". Was expecting one of: <EOF>, <S>, <NUMBER>, "inherit", <IDENT>, <STRING>, <PLUS>, <COMMA>, <HASH>, <IMPORTANT_SYM>, <EMS>, <EXS>, <LENGTH_PX>, <LENGTH_CM>, <LENGTH_MM>, <LENGTH_IN>, <LENGTH_PT>, <LENGTH_PC>, <ANGLE_DEG>, <ANGLE_RAD>, <ANGLE_GRAD>, <TIME_MS>, <TIME_S>, <FREQ_HZ>, <FREQ_KHZ>, <PERCENTAGE>, <DIMENSION>, <URI>, <FUNCTION>, "}", ";", "/", "-".)
[ERROR] Jan 23, 2022 11:23:25 AM com.gargoylesoftware.htmlunit.DefaultCssErrorHandler warning
[ERROR] WARNING: CSS warning: 'http://172.17.0.24:34233/org.gwtbootstrap3.GwtBootstrap3.JUnit/css/font-awesome-4.4.0.min.cache.css' [4:2069] Ignoring the following declarations in this rule.
[ERROR] Jan 23, 2022 11:23:25 AM com.gargoylesoftware.htmlunit.DefaultCssErrorHandler error
[ERROR] WARNING: CSS error: 'http://172.17.0.24:34233/org.gwtbootstrap3.GwtBootstrap3.JUnit/css/font-awesome-4.4.0.min.cache.css' [4:2235] Error in style rule. (Invalid token ":". Was expecting one of: <EOF>, <S>, <NUMBER>, "inherit", <IDENT>, <STRING>, <PLUS>, <COMMA>, <HASH>, <IMPORTANT_SYM>, <EMS>, <EXS>, <LENGTH_PX>, <LENGTH_CM>, <LENGTH_MM>, <LENGTH_IN>, <LENGTH_PT>, <LENGTH_PC>, <ANGLE_DEG>, <ANGLE_RAD>, <ANGLE_GRAD>, <TIME_MS>, <TIME_S>, <FREQ_HZ>, <FREQ_KHZ>, <PERCENTAGE>, <DIMENSION>, <URI>, <FUNCTION>, "}", ";", "/", "-".)
[ERROR] Jan 23, 2022 11:23:25 AM com.gargoylesoftware.htmlunit.DefaultCssErrorHandler warning
[ERROR] WARNING: CSS warning: 'http://172.17.0.24:34233/org.gwtbootstrap3.GwtBootstrap3.JUnit/css/font-awesome-4.4.0.min.cache.css' [4:2235] Ignoring the following declarations in this rule.
[ERROR] Jan 23, 2022 11:23:25 AM com.gargoylesoftware.htmlunit.DefaultCssErrorHandler error
[ERROR] WARNING: CSS error: 'http://172.17.0.24:34233/org.gwtbootstrap3.GwtBootstrap3.JUnit/css/font-awesome-4.4.0.min.cache.css' [4:2406] Error in style rule. (Invalid token ":". Was expecting one of: <EOF>, <S>, <NUMBER>, "inherit", <IDENT>, <STRING>, <PLUS>, <COMMA>, <HASH>, <IMPORTANT_SYM>, <EMS>, <EXS>, <LENGTH_PX>, <LENGTH_CM>, <LENGTH_MM>, <LENGTH_IN>, <LENGTH_PT>, <LENGTH_PC>, <ANGLE_DEG>, <ANGLE_RAD>, <ANGLE_GRAD>, <TIME_MS>, <TIME_S>, <FREQ_HZ>, <FREQ_KHZ>, <PERCENTAGE>, <DIMENSION>, <URI>, <FUNCTION>, "}", ";", "/", "-".)
[ERROR] Jan 23, 2022 11:23:25 AM com.gargoylesoftware.htmlunit.DefaultCssErrorHandler warning
[ERROR] WARNING: CSS warning: 'http://172.17.0.24:34233/org.gwtbootstrap3.GwtBootstrap3.JUnit/css/font-awesome-4.4.0.min.cache.css' [4:2406] Ignoring the following declarations in this rule.
[ERROR] Jan 23, 2022 11:23:25 AM com.gargoylesoftware.htmlunit.DefaultCssErrorHandler error
[ERROR] WARNING: CSS error: 'http://172.17.0.24:34233/org.gwtbootstrap3.GwtBootstrap3.JUnit/css/font-awesome-4.4.0.min.cache.css' [4:2579] Error in style rule. (Invalid token ":". Was expecting one of: <EOF>, <S>, <NUMBER>, "inherit", <IDENT>, <STRING>, <PLUS>, <COMMA>, <HASH>, <IMPORTANT_SYM>, <EMS>, <EXS>, <LENGTH_PX>, <LENGTH_CM>, <LENGTH_MM>, <LENGTH_IN>, <LENGTH_PT>, <LENGTH_PC>, <ANGLE_DEG>, <ANGLE_RAD>, <ANGLE_GRAD>, <TIME_MS>, <TIME_S>, <FREQ_HZ>, <FREQ_KHZ>, <PERCENTAGE>, <DIMENSION>, <URI>, <FUNCTION>, "}", ";", "/", "-".)
[ERROR] Jan 23, 2022 11:23:25 AM com.gargoylesoftware.htmlunit.DefaultCssErrorHandler warning
[ERROR] WARNING: CSS warning: 'http://172.17.0.24:34233/org.gwtbootstrap3.GwtBootstrap3.JUnit/css/font-awesome-4.4.0.min.cache.css' [4:2579] Ignoring the following declarations in this rule.
[INFO] Ignored 4 units with compilation errors in first pass.
[INFO] Compile with -strict or with -logLevel set to TRACE or DEBUG to see all errors.
[INFO] Module org.gwtbootstrap3.GwtBootstrap3.JUnit has been loaded
[INFO] 200 - POST /org.gwtbootstrap3.GwtBootstrap3.JUnit/junithost (172.17.0.24) 224 bytes
[INFO] 200 - POST /org.gwtbootstrap3.GwtBootstrap3.JUnit/junithost (172.17.0.24) 193 bytes
[INFO] 200 - POST /org.gwtbootstrap3.GwtBootstrap3.JUnit/junithost (172.17.0.24) 194 bytes
[INFO] 200 - POST /org.gwtbootstrap3.GwtBootstrap3.JUnit/junithost (172.17.0.24) 189 bytes
[INFO] 200 - POST /org.gwtbootstrap3.GwtBootstrap3.JUnit/junithost (172.17.0.24) 197 bytes
[INFO] 200 - POST /org.gwtbootstrap3.GwtBootstrap3.JUnit/junithost (172.17.0.24) 202 bytes
[INFO] 200 - POST /org.gwtbootstrap3.GwtBootstrap3.JUnit/junithost (172.17.0.24) 204 bytes
[INFO] 200 - POST /org.gwtbootstrap3.GwtBootstrap3.JUnit/junithost (172.17.0.24) 199 bytes
[INFO] 200 - POST /org.gwtbootstrap3.GwtBootstrap3.JUnit/junithost (172.17.0.24) 204 bytes
[INFO] 200 - POST /org.gwtbootstrap3.GwtBootstrap3.JUnit/junithost (172.17.0.24) 200 bytes
[INFO] 200 - POST /org.gwtbootstrap3.GwtBootstrap3.JUnit/junithost (172.17.0.24) 202 bytes
[INFO] 200 - POST /org.gwtbootstrap3.GwtBootstrap3.JUnit/junithost (172.17.0.24) 200 bytes
[INFO] 200 - POST /org.gwtbootstrap3.GwtBootstrap3.JUnit/junithost (172.17.0.24) 200 bytes
[INFO] Tests run: 13, Failures: 0, Errors: 0, Skipped: 0, Time elapsed: 10.692 sec
[INFO] 
[INFO] Results :
[INFO] 
[INFO] Tests run: 13, Failures: 0, Errors: 0, Skipped: 0
[INFO] 
[INFO] 
[INFO] --- maven-checkstyle-plugin:2.17:check (default) @ gwtbootstrap3 ---
[INFO] 
[INFO] --- maven-install-plugin:2.4:install (default-install) @ gwtbootstrap3 ---
[INFO] Installing /home/travis/build/passed/gwtbootstrap3/gwtbootstrap3/gwtbootstrap3/target/gwtbootstrap3-0.9.2.jar to /home/travis/.m2/repository/org/gwtbootstrap3/gwtbootstrap3/0.9.2/gwtbootstrap3-0.9.2.jar
[INFO] Installing /home/travis/build/passed/gwtbootstrap3/gwtbootstrap3/gwtbootstrap3/pom.xml to /home/travis/.m2/repository/org/gwtbootstrap3/gwtbootstrap3/0.9.2/gwtbootstrap3-0.9.2.pom
[INFO] ------------------------------------------------------------------------
[INFO] Reactor Summary:
[INFO] 
[INFO] GwtBootstrap3 Parent ............................... SUCCESS [  9.177 s]
[INFO] GwtBootstrap3 ...................................... SUCCESS [01:30 min]
[INFO] ------------------------------------------------------------------------
[INFO] BUILD SUCCESS
[INFO] ------------------------------------------------------------------------
[INFO] Total time: 01:40 min
[INFO] Finished at: 2022-01-23T11:23:32+00:00
[INFO] Final Memory: 35M/471M
[INFO] ------------------------------------------------------------------------

travis_time:end:0ebd67c5:start=1642936910422427196,finish=1642937012804491506,duration=102382064310[0K
[32;1mThe command "mvn clean install -Dhttps.protocols=TLSv1.2 -DdryRun=true -Dlicense.failOnMissingHeader=true -Dlicense.failOnNotUptodateHeader=true" exited with 0.[0m
travis_fold:start:cache.2[0Kstore build cache
travis_time:start:0273be98[0K
travis_time:end:0273be98:start=1642937012820654334,finish=1642937012830842775,duration=10188441[0Ktravis_time:start:12ab93ae[0K/home/travis/.casher/bin/casher:190: warning: Insecure world writable dir /home/travis/build/passed/gwtbootstrap3/gwtbootstrap3/. in PATH, mode 040777
[32;1mchanges detected, packing new archive[0m
/home/travis/.casher/bin/casher:213:in `cache_archive_name': undefined method `[]' for nil:NilClass (NoMethodError)
	from /home/travis/.casher/bin/casher:143:in `push'
	from /home/travis/.casher/bin/casher:53:in `block in run'
	from /home/travis/.rvm/rubies/ruby-1.9.3-p551/lib/ruby/1.9.1/timeout.rb:69:in `timeout'
	from /home/travis/.casher/bin/casher:53:in `run'
	from /home/travis/.casher/bin/casher:263:in `<main>'
.

travis_time:end:12ab93ae:start=1642937012843275512,finish=1642937019722699498,duration=6879423986[0Ktravis_fold:end:cache.2[0Ktravis_fold:start:after_success.1[0Ktravis_time:start:02109fe7[0K$ .utility/deploy.sh
if [ "$TRAVIS_JDK_VERSION" == "oraclejdk7" ] && [ "$TRAVIS_PULL_REQUEST" == "false" ] && [ "$TRAVIS_BRANCH" == "master" ]; then
  echo "<settings><servers><server><id>ossrh</id><username>\${env.OSSRH_USER}</username><password>\${env.OSSRH_PASS}</password></server></servers></settings>" > ~/settings.xml
  mvn deploy --settings ~/settings.xml
fi

travis_time:end:02109fe7:start=1642937019731341418,finish=1642937020082640754,duration=351299336[0Ktravis_fold:end:after_success.1[0Ktravis_fold:start:after_success.2[0Ktravis_time:start:1f1dbcca[0K$ .utility/update_site_apidocs.sh
if [ "$TRAVIS_JDK_VERSION" == "oraclejdk7" ] && [ "$TRAVIS_PULL_REQUEST" == "false" ] && [ "$TRAVIS_BRANCH" == "master" ]; then

if [[ -z "$GH_TOKEN" ]]; then
echo -e "GH_TOKEN is not set"
exit 1
fi	
			
echo -e "Publishing javadoc to gh-pages . . .\n"

cp -R ./gwtbootstrap3/target/javadoc $HOME/javadoc-latest

git config --global user.email "travis@travis-ci.org"
git config --global user.name "travis-ci"

# clone the gh-pages branch.
cd $HOME
rm -rf gh-pages
git clone --quiet --branch=gh-pages https://$GH_TOKEN@github.com/gwtbootstrap3/gwtbootstrap3-demo gh-pages > /dev/null
cd gh-pages

# remove the javadoc directories from git.
git rm -rf ./snapshot/apidocs

# copy the new javadoc to snapshot dir.
cp -Rf $HOME/javadoc-latest ./snapshot/apidocs

git add -f .
git commit -m "Auto-push javadoc to gh-pages successful. (Travis build: $TRAVIS_BUILD_NUMBER)"
git push -fq origin gh-pages > /dev/null

echo -e "Published javadoc to gh-pages.\n"
	
fi

travis_time:end:1f1dbcca:start=1642937020093298281,finish=1642937020452039543,duration=358741262[0Ktravis_fold:end:after_success.2[0Ktravis_fold:start:after_success.3[0Ktravis_time:start:29229b5d[0K$ .utility/update_site_demo.sh
if [ "$TRAVIS_JDK_VERSION" == "oraclejdk7" ] && [ "$TRAVIS_PULL_REQUEST" == "false" ] && [ "$TRAVIS_BRANCH" == "master" ]; then

if [ -z "$GH_TOKEN" ]; then
echo -e "GH_TOKEN is not set"
exit 1
fi	
			
echo -e "Publishing demo to gh-pages . . .\n"

git config --global user.email "travis@travis-ci.org"
git config --global user.name "travis-ci"

# clone and build the demo application.
cd $HOME
rm -rf demo
git clone --quiet --branch=master https://$GH_TOKEN@github.com/gwtbootstrap3/gwtbootstrap3-demo demo > /dev/null
cd demo
mvn clean package || { echo -e "gwtbootstrap3-demo build failed" ; exit 1; }

# check to make sure the demo war file is present.
if [ ! -f $HOME/demo/target/gwtbootstrap3-demo-*.war ]; then
echo -e "gwtbootstrap3-demo war file not found."
exit 1
fi	

# clone the gh-pages branch.
cd $HOME
rm -rf gh-pages
git clone --quiet --branch=gh-pages https://$GH_TOKEN@github.com/gwtbootstrap3/gwtbootstrap3-demo gh-pages > /dev/null
cd gh-pages

# remove the GwtBootstrap3Demo directories from git.
if [[ -d ./snapshot/GwtBootstrap3Demo ]]; then
git rm -rf ./snapshot/GwtBootstrap3Demo
fi
if [[ -f ./snapshot/GwtBootstrap3Demo.html ]]; then
git rm -rf ./snapshot/GwtBootstrap3Demo.html
fi
if [[ -d ./snapshot/images ]]; then
git rm -rf ./snapshot/images
fi
if [[ -d ./snapshot/META-INF ]]; then
git rm -rf ./snapshot/META-INF
fi
if [[ -d ./snapshot/WEB-INF ]]; then
git rm -rf ./snapshot/WEB-INF
fi

# copy the new GwtBootstrap3Demo the snapshot dir.
unzip -u $HOME/demo/target/gwtbootstrap3-demo-*.war -d ./snapshot/
mv -f  ./snapshot/GwtBootstrap3Demo.html ./snapshot/index.html
rm -rf ./snapshot/META-INF 
rm -rf ./snapshot/WEB-INF

git add -f .
git commit -m "Auto-push demo to gh-pages successful. (Travis build: $TRAVIS_BUILD_NUMBER)"
git push -fq origin gh-pages > /dev/null

echo -e "Published demo to gh-pages.\n"
	
fi

travis_time:end:29229b5d:start=1642937020460043898,finish=1642937020607995497,duration=147951599[0Ktravis_fold:end:after_success.3[0K
Done. Your build exited with 0.
