travis_fold:start:system_info[0K[33;1mBuild system information[0m
Build language: java
Build group: stable
Build dist: precise
Build id: ''
Job id: ''
[34m[1mBuild image provisioning date and time[0m
Thu Feb  5 15:09:33 UTC 2015
[34m[1mOperating System Details[0m
Distributor ID:	Ubuntu
Description:	Ubuntu 12.04.5 LTS
Release:	12.04
Codename:	precise
[34m[1mLinux Version[0m
3.13.0-29-generic
[34m[1mCookbooks Version[0m
a68419e https://github.com/travis-ci/travis-cookbooks/tree/a68419e
[34m[1mGCC version[0m
gcc (Ubuntu/Linaro 4.6.3-1ubuntu5) 4.6.3
Copyright (C) 2011 Free Software Foundation, Inc.
This is free software; see the source for copying conditions.  There is NO
warranty; not even for MERCHANTABILITY or FITNESS FOR A PARTICULAR PURPOSE.

[34m[1mLLVM version[0m
clang version 3.4 (tags/RELEASE_34/final)
Target: x86_64-unknown-linux-gnu
Thread model: posix
[34m[1mPre-installed Ruby versions[0m
ruby-1.9.3-p551
[34m[1mPre-installed Node.js versions[0m
v0.10.36
[34m[1mPre-installed Go versions[0m
1.4.1
[34m[1mRedis version[0m
redis-server 2.8.19
[34m[1mriak version[0m
2.0.2
[34m[1mMongoDB version[0m
MongoDB 2.4.12
[34m[1mCouchDB version[0m
couchdb 1.6.1
[34m[1mNeo4j version[0m
1.9.4
[34m[1mRabbitMQ Version[0m
3.4.3
[34m[1mElasticSearch version[0m
1.4.0
[34m[1mInstalled Sphinx versions[0m
2.0.10
2.1.9
2.2.6
[34m[1mDefault Sphinx version[0m
2.2.6
[34m[1mInstalled Firefox version[0m
firefox 31.0esr
[34m[1mPhantomJS version[0m
1.9.8
[34m[1mant -version[0m
Apache Ant(TM) version 1.8.2 compiled on December 3 2011
[34m[1mmvn -version[0m
Apache Maven 3.2.5 (12a6b3acb947671f09b81f49094c53f426d8cea1; 2014-12-14T17:29:23+00:00)
Maven home: /usr/local/maven
Java version: 1.7.0_76, vendor: Oracle Corporation
Java home: /usr/lib/jvm/java-7-oracle/jre
Default locale: en_US, platform encoding: ANSI_X3.4-1968
OS name: "linux", version: "3.13.0-29-generic", arch: "amd64", family: "unix"
travis_fold:end:system_info[0K
W: Failed to fetch http://us.archive.ubuntu.com/ubuntu/dists/precise/main/source/Sources  404  Not Found [IP: 91.189.91.38 80]

W: Failed to fetch http://us.archive.ubuntu.com/ubuntu/dists/precise/restricted/source/Sources  404  Not Found [IP: 91.189.91.38 80]

W: Failed to fetch http://us.archive.ubuntu.com/ubuntu/dists/precise/universe/source/Sources  404  Not Found [IP: 91.189.91.38 80]

W: Failed to fetch http://us.archive.ubuntu.com/ubuntu/dists/precise/multiverse/source/Sources  404  Not Found [IP: 91.189.91.38 80]

W: Failed to fetch http://us.archive.ubuntu.com/ubuntu/dists/precise/main/binary-amd64/Packages  404  Not Found [IP: 91.189.91.38 80]

W: Failed to fetch http://us.archive.ubuntu.com/ubuntu/dists/precise/restricted/binary-amd64/Packages  404  Not Found [IP: 91.189.91.38 80]

W: Failed to fetch http://us.archive.ubuntu.com/ubuntu/dists/precise/universe/binary-amd64/Packages  404  Not Found [IP: 91.189.91.38 80]

W: Failed to fetch http://us.archive.ubuntu.com/ubuntu/dists/precise/multiverse/binary-amd64/Packages  404  Not Found [IP: 91.189.91.38 80]

W: Failed to fetch http://us.archive.ubuntu.com/ubuntu/dists/precise/main/binary-i386/Packages  404  Not Found [IP: 91.189.91.38 80]

W: Failed to fetch http://us.archive.ubuntu.com/ubuntu/dists/precise/restricted/binary-i386/Packages  404  Not Found [IP: 91.189.91.38 80]

W: Failed to fetch http://us.archive.ubuntu.com/ubuntu/dists/precise/universe/binary-i386/Packages  404  Not Found [IP: 91.189.91.38 80]

W: Failed to fetch http://us.archive.ubuntu.com/ubuntu/dists/precise/multiverse/binary-i386/Packages  404  Not Found [IP: 91.189.91.38 80]

W: Failed to fetch http://us.archive.ubuntu.com/ubuntu/dists/precise-updates/main/source/Sources  404  Not Found [IP: 91.189.91.38 80]

W: Failed to fetch http://us.archive.ubuntu.com/ubuntu/dists/precise-updates/restricted/source/Sources  404  Not Found [IP: 91.189.91.38 80]

W: Failed to fetch http://us.archive.ubuntu.com/ubuntu/dists/precise-updates/universe/source/Sources  404  Not Found [IP: 91.189.91.38 80]

W: Failed to fetch http://us.archive.ubuntu.com/ubuntu/dists/precise-updates/multiverse/source/Sources  404  Not Found [IP: 91.189.91.38 80]

W: Failed to fetch http://us.archive.ubuntu.com/ubuntu/dists/precise-updates/main/binary-amd64/Packages  404  Not Found [IP: 91.189.91.38 80]

W: Failed to fetch http://us.archive.ubuntu.com/ubuntu/dists/precise-updates/restricted/binary-amd64/Packages  404  Not Found [IP: 91.189.91.38 80]

W: Failed to fetch http://us.archive.ubuntu.com/ubuntu/dists/precise-updates/universe/binary-amd64/Packages  404  Not Found [IP: 91.189.91.38 80]

W: Failed to fetch http://us.archive.ubuntu.com/ubuntu/dists/precise-updates/multiverse/binary-amd64/Packages  404  Not Found [IP: 91.189.91.38 80]

W: Failed to fetch http://us.archive.ubuntu.com/ubuntu/dists/precise-updates/main/binary-i386/Packages  404  Not Found [IP: 91.189.91.38 80]

W: Failed to fetch http://us.archive.ubuntu.com/ubuntu/dists/precise-updates/restricted/binary-i386/Packages  404  Not Found [IP: 91.189.91.38 80]

W: Failed to fetch http://us.archive.ubuntu.com/ubuntu/dists/precise-updates/universe/binary-i386/Packages  404  Not Found [IP: 91.189.91.38 80]

W: Failed to fetch http://us.archive.ubuntu.com/ubuntu/dists/precise-updates/multiverse/binary-i386/Packages  404  Not Found [IP: 91.189.91.38 80]

W: Failed to fetch http://us.archive.ubuntu.com/ubuntu/dists/precise-backports/main/source/Sources  404  Not Found [IP: 91.189.91.38 80]

W: Failed to fetch http://us.archive.ubuntu.com/ubuntu/dists/precise-backports/restricted/source/Sources  404  Not Found [IP: 91.189.91.38 80]

W: Failed to fetch http://us.archive.ubuntu.com/ubuntu/dists/precise-backports/universe/source/Sources  404  Not Found [IP: 91.189.91.38 80]

W: Failed to fetch http://us.archive.ubuntu.com/ubuntu/dists/precise-backports/multiverse/source/Sources  404  Not Found [IP: 91.189.91.38 80]

W: Failed to fetch http://us.archive.ubuntu.com/ubuntu/dists/precise-backports/main/binary-amd64/Packages  404  Not Found [IP: 91.189.91.38 80]

W: Failed to fetch http://us.archive.ubuntu.com/ubuntu/dists/precise-backports/restricted/binary-amd64/Packages  404  Not Found [IP: 91.189.91.38 80]

W: Failed to fetch http://us.archive.ubuntu.com/ubuntu/dists/precise-backports/universe/binary-amd64/Packages  404  Not Found [IP: 91.189.91.38 80]

W: Failed to fetch http://us.archive.ubuntu.com/ubuntu/dists/precise-backports/multiverse/binary-amd64/Packages  404  Not Found [IP: 91.189.91.38 80]

W: Failed to fetch http://us.archive.ubuntu.com/ubuntu/dists/precise-backports/main/binary-i386/Packages  404  Not Found [IP: 91.189.91.38 80]

W: Failed to fetch http://us.archive.ubuntu.com/ubuntu/dists/precise-backports/restricted/binary-i386/Packages  404  Not Found [IP: 91.189.91.38 80]

W: Failed to fetch http://us.archive.ubuntu.com/ubuntu/dists/precise-backports/universe/binary-i386/Packages  404  Not Found [IP: 91.189.91.38 80]

W: Failed to fetch http://us.archive.ubuntu.com/ubuntu/dists/precise-backports/multiverse/binary-i386/Packages  404  Not Found [IP: 91.189.91.38 80]

W: Failed to fetch http://security.ubuntu.com/ubuntu/dists/precise-security/main/source/Sources  404  Not Found [IP: 91.189.88.152 80]

W: Failed to fetch http://security.ubuntu.com/ubuntu/dists/precise-security/restricted/source/Sources  404  Not Found [IP: 91.189.88.152 80]

W: Failed to fetch http://security.ubuntu.com/ubuntu/dists/precise-security/universe/source/Sources  404  Not Found [IP: 91.189.88.152 80]

W: Failed to fetch http://security.ubuntu.com/ubuntu/dists/precise-security/multiverse/source/Sources  404  Not Found [IP: 91.189.88.152 80]

W: Failed to fetch http://security.ubuntu.com/ubuntu/dists/precise-security/main/binary-amd64/Packages  404  Not Found [IP: 91.189.88.152 80]

W: Failed to fetch http://security.ubuntu.com/ubuntu/dists/precise-security/restricted/binary-amd64/Packages  404  Not Found [IP: 91.189.88.152 80]

W: Failed to fetch http://security.ubuntu.com/ubuntu/dists/precise-security/universe/binary-amd64/Packages  404  Not Found [IP: 91.189.88.152 80]

W: Failed to fetch http://security.ubuntu.com/ubuntu/dists/precise-security/multiverse/binary-amd64/Packages  404  Not Found [IP: 91.189.88.152 80]

W: Failed to fetch http://security.ubuntu.com/ubuntu/dists/precise-security/main/binary-i386/Packages  404  Not Found [IP: 91.189.88.152 80]

W: Failed to fetch http://security.ubuntu.com/ubuntu/dists/precise-security/restricted/binary-i386/Packages  404  Not Found [IP: 91.189.88.152 80]

W: Failed to fetch http://security.ubuntu.com/ubuntu/dists/precise-security/universe/binary-i386/Packages  404  Not Found [IP: 91.189.88.152 80]

W: Failed to fetch http://security.ubuntu.com/ubuntu/dists/precise-security/multiverse/binary-i386/Packages  404  Not Found [IP: 91.189.88.152 80]

W: Failed to fetch http://apt.postgresql.org/pub/repos/apt/dists/precise-pgdg/main/binary-amd64/Packages  404  Not Found [IP: 217.196.149.55 80]

W: Failed to fetch http://apt.postgresql.org/pub/repos/apt/dists/precise-pgdg/main/binary-i386/Packages  404  Not Found [IP: 217.196.149.55 80]

W: Failed to fetch http://ppa.launchpad.net/rwky/ppa/ubuntu/dists/precise/main/binary-amd64/Packages  403  Forbidden

W: Failed to fetch http://ppa.launchpad.net/rwky/ppa/ubuntu/dists/precise/main/binary-i386/Packages  403  Forbidden

W: Failed to fetch http://ppa.launchpad.net/travis-ci/zero-mq/ubuntu/dists/precise/main/binary-amd64/Packages  403  Forbidden

W: Failed to fetch http://ppa.launchpad.net/travis-ci/zero-mq/ubuntu/dists/precise/main/binary-i386/Packages  403  Forbidden

W: Failed to fetch http://downloads-distro.mongodb.org/repo/debian-sysvinit/dists/dist/10gen/binary-amd64/Packages  Undetermined Error [IP: 52.21.89.200 80]

W: Failed to fetch http://downloads-distro.mongodb.org/repo/debian-sysvinit/dists/dist/10gen/binary-i386/Packages  Undetermined Error [IP: 52.21.89.200 80]

E: Some index files failed to download. They have been ignored, or old ones used instead.
sed: cannot rename /etc/hosts: Device or resource busy
sed: cannot rename /etc/hosts: Device or resource busy
$ jdk_switcher use openjdk7
Switching to OpenJDK7 (java-1.7.0-openjdk-amd64), JAVA_HOME will be set to /usr/lib/jvm/java-7-openjdk-amd64
$ cd passed/jcabi/jcabi-s3

[33;1mSetting environment variables from .travis.yml[0m
$ export MAVEN_OPTS="-Xmx256m"
$ export JAVA_OPTS="-Xmx256m"

travis_fold:start:cache.1[0KSetting up build cache
$ export CASHER_DIR=$HOME/.casher
travis_fold:end:cache.1[0K$ java -Xmx32m -version
java version "1.7.0_75"
OpenJDK Runtime Environment (IcedTea 2.5.4) (7u75-2.5.4-1~precise1)
OpenJDK 64-Bit Server VM (build 24.75-b04, mixed mode)
$ javac -J-Xmx32m -version
javac 1.7.0_75
travis_fold:start:before_install.1[0Ktravis_time:start:0296b7fa[0K$ rvm install 2.3.0
Already installed ruby-2.3.0.
To reinstall use:

    rvm reinstall ruby-2.3.0


travis_time:end:0296b7fa:start=1642857872490849714,finish=1642857872752055376,duration=261205662[0Ktravis_fold:end:before_install.1[0Ktravis_fold:start:before_install.2[0Ktravis_time:start:000d8e91[0K$ rvm use 2.3.0
Using /home/travis/.rvm/gems/ruby-2.3.0

travis_time:end:000d8e91:start=1642857872759257815,finish=1642857873169094976,duration=409837161[0Ktravis_fold:end:before_install.2[0Ktravis_fold:start:install.1[0KSuccessfully installed pdd-0.20.8
Parsing documentation for pdd-0.20.8
Installing ri documentation for pdd-0.20.8
Done installing documentation for pdd after 1 seconds
1 gem installed
travis_fold:end:install.1[0Ktravis_fold:start:install.2[0Ktravis_time:start:33d644f2[0K$ gem install est
/home/travis/.rvm/rubies/ruby-2.3.0/lib/ruby/2.3.0/open3.rb:199: warning: Insecure world writable dir /usr/local/bin in PATH, mode 040757
Successfully installed slop-3.6.0
Successfully installed mini_portile-0.6.2
Building native extensions. This could take a while...
Successfully installed nokogiri-1.6.6.4
Successfully installed est-0.3.4
Parsing documentation for slop-3.6.0
Installing ri documentation for slop-3.6.0
Parsing documentation for mini_portile-0.6.2
Installing ri documentation for mini_portile-0.6.2
Parsing documentation for nokogiri-1.6.6.4
Installing ri documentation for nokogiri-1.6.6.4
Parsing documentation for est-0.3.4
Installing ri documentation for est-0.3.4
Done installing documentation for slop, mini_portile, nokogiri, est after 4 seconds
4 gems installed

travis_time:end:33d644f2:start=1642857875291610876,finish=1642857959910606340,duration=84618995464[0Ktravis_fold:end:install.2[0Ktravis_time:start:045b37a1[0K$ set -e

travis_time:end:045b37a1:start=1642857959919729836,finish=1642857959927343671,duration=7613835[0K
[32;1mThe command "set -e" exited with 0.[0m
travis_time:start:1249ddae[0K$ mvn clean install -Dhttps.protocols=TLSv1.2 -Pqulice --errors --batch-mode
[INFO] Error stacktraces are turned on.
[INFO] Scanning for projects...
[INFO]                                                                         
[INFO] ------------------------------------------------------------------------
[INFO] Building jcabi-s3 1.0-SNAPSHOT
[INFO] ------------------------------------------------------------------------
[INFO] 
[INFO] --- maven-clean-plugin:3.0.0:clean (default-clean) @ jcabi-s3 ---
[INFO] 
[INFO] --- maven-enforcer-plugin:1.4.1:enforce (enforce-maven) @ jcabi-s3 ---
[INFO] 
[INFO] --- buildnumber-maven-plugin:1.4:create (jcabi-build-number) @ jcabi-s3 ---
[INFO] ShortRevision tag detected. The value is '7'.
[INFO] Executing: /bin/sh -c cd '/home/travis/build/passed/jcabi/jcabi-s3' && 'git' 'rev-parse' '--verify' '--short=7' 'HEAD'
[INFO] Working directory: /home/travis/build/passed/jcabi/jcabi-s3
[INFO] Storing buildNumber: a1baac7 at timestamp: 2022-01-22T13:26:06
[INFO] Storing buildScmBranch: master
[INFO] 
[INFO] --- buildnumber-maven-plugin:1.4:create-timestamp (jcabi-build-number) @ jcabi-s3 ---
[INFO] 
[INFO] --- maven-resources-plugin:3.0.1:resources (default-resources) @ jcabi-s3 ---
[INFO] Using 'UTF-8' encoding to copy filtered resources.
[INFO] skip non existing resourceDirectory /home/travis/build/passed/jcabi/jcabi-s3/src/main/resources
[INFO] 
[INFO] --- maven-compiler-plugin:3.6.0:compile (default-compile) @ jcabi-s3 ---
[INFO] Changes detected - recompiling the module!
[INFO] Compiling 20 source files to /home/travis/build/passed/jcabi/jcabi-s3/target/classes
[INFO] 
[INFO] --- jcabi-maven-plugin:0.14.1:ajc (jcabi-ajc-compile) @ jcabi-s3 ---
[INFO] jcabi-aspects 0.18/55a5c13 started new daemon thread jcabi-loggable for watching of @Loggable annotated methods
[INFO] Unwoven classes will be copied to /home/travis/build/passed/jcabi/jcabi-s3/target/unwoven
[INFO] Created temp dir /home/travis/build/passed/jcabi/jcabi-s3/target/jcabi-ajc
[INFO] jcabi-aspects 0.18/55a5c13 started new daemon thread jcabi-cacheable for automated cleaning of expired @Cacheable values

125 warnings
[INFO] ajc result: 125 file(s) processed, 0 pointcut(s) woven, 0 error(s), 0 warning(s)
[INFO] 
[INFO] --- maven-resources-plugin:3.0.1:testResources (default-testResources) @ jcabi-s3 ---
[INFO] Using 'UTF-8' encoding to copy filtered resources.
[INFO] Copying 2 resources
[INFO] 
[INFO] --- maven-compiler-plugin:3.6.0:testCompile (default-testCompile) @ jcabi-s3 ---
[INFO] Changes detected - recompiling the module!
[INFO] Compiling 9 source files to /home/travis/build/passed/jcabi/jcabi-s3/target/test-classes
[INFO] 
[INFO] --- jcabi-maven-plugin:0.14.1:ajc (jcabi-ajc-test-compile) @ jcabi-s3 ---
[INFO] Unwoven test classes will be copied to /home/travis/build/passed/jcabi/jcabi-s3/target/unwoven-test
[INFO] Created temp dir /home/travis/build/passed/jcabi/jcabi-s3/target/jcabi-ajc-test

28 warnings
[INFO] ajc result: 12 file(s) processed, 0 pointcut(s) woven, 0 error(s), 0 warning(s)
[INFO] 
[INFO] --- maven-surefire-plugin:2.19.1:test (default-test) @ jcabi-s3 ---
[INFO] Surefire report directory: /home/travis/build/passed/jcabi/jcabi-s3/target/surefire-reports
[INFO] parallel='all', perCoreThreadCount=true, threadCount=4, useUnlimitedThreads=false, threadCountSuites=0, threadCountClasses=0, threadCountMethods=0, parallelOptimized=true

-------------------------------------------------------
 T E S T S
-------------------------------------------------------
Running com.jcabi.s3.AwsOcketTest
[[0;37mINFO[m] pool-1-thread-12 com.jcabi.s3.AwsOcket: saved 0 byte(s) to ocket 'test-3.txt' in bucket 'null' in 24ms (etag=null)
[[2;37mDEBUG[m] pool-1-thread-12 com.jcabi.s3.AwsOcket: #write(java.io.ByteArrayInputStream@4ad496be, com.amazonaws.services.s3.model.ObjectMetadata@4af4ba53): in 25.22ms
[[0;37mINFO[m] pool-1-thread-6 com.jcabi.s3.AwsOcket: loaded 20 byte(s) from ocket 'test.txt' in bucket 'null' in 5ms (etag=null)
[[2;37mDEBUG[m] pool-1-thread-6 com.jcabi.s3.AwsOcket: #read('some text â‚¬\n	test'): in 5.52ms
[[2;37mDEBUG[m] pool-1-thread-8 com.jcabi.s3.AwsOcket: #meta(): thrown com.jcabi.s3.OcketNotFoundException(ocket 'test-99.txt' not found in 'null', can't fetch meta()) out of com.jcabi.s3.AwsOcket#meta_aroundBody4[119] in 4ms
Tests run: 3, Failures: 0, Errors: 0, Skipped: 0, Time elapsed: 1.073 sec - in com.jcabi.s3.AwsOcketTest
Running com.jcabi.s3.AwsBucketTest
[[2;37mDEBUG[m] pool-1-thread-7 com.jcabi.s3.AwsBucket: Does bucket 'non.existing.bucket.com' exist? false
[[2;37mDEBUG[m] pool-1-thread-7 com.jcabi.s3.AwsBucket: #exists(): false in 5.51ms
[[2;37mDEBUG[m] pool-1-thread-15 com.jcabi.s3.AwsBucket: #ocket('test'): test in 4.53ms
[[2;37mDEBUG[m] pool-1-thread-11 com.jcabi.s3.AwsBucket: Does bucket 'existing.bucket.com' exist? true
[[2;37mDEBUG[m] pool-1-thread-11 com.jcabi.s3.AwsBucket: #exists(): true in 5.52ms
[[2;37mDEBUG[m] pool-1-thread-4 com.jcabi.s3.AwsBucket: #exists(): thrown java.io.IOException(failed to check existence of 'throwing.bucket.com' bucket) out of com.jcabi.s3.AwsBucket#exists_aroundBody6[102] in 5ms
Tests run: 4, Failures: 0, Errors: 0, Skipped: 0, Time elapsed: 1.005 sec - in com.jcabi.s3.AwsBucketTest
Running com.jcabi.s3.mock.MkBucketTest
[[2;37mDEBUG[m] pool-1-thread-13 com.jcabi.s3.mock.MkRegion: #bucket('foo'): com.jcabi.s3.mock.MkBucket@18d01 in 6.29ms
[[2;37mDEBUG[m] pool-1-thread-13 com.jcabi.s3.mock.MkBucket: #ocket('1/foo.txt'): com.jcabi.s3.mock.MkOcket@4b2460a5 in 1.87ms
[[2;37mDEBUG[m] pool-1-thread-13 com.jcabi.s3.mock.MkOcket: #write(java.io.ByteArrayInputStream@3c31f0f4, com.amazonaws.services.s3.model.ObjectMetadata@6d639a4b): in 51.40ms
[[2;37mDEBUG[m] pool-1-thread-13 com.jcabi.s3.Ocket$Text: #write('', 'text/plain'): in 54.01ms
[[2;37mDEBUG[m] pool-1-thread-13 com.jcabi.s3.Ocket$Text: #write(''): in 57.22ms
[[2;37mDEBUG[m] pool-1-thread-13 com.jcabi.s3.mock.MkBucket: #ocket('1/2/foo.txt'): com.jcabi.s3.mock.MkOcket@38aacb48 in 38.28Âµs
[[2;37mDEBUG[m] pool-1-thread-13 com.jcabi.s3.mock.MkOcket: #write(java.io.ByteArrayInputStream@6b451c3a, com.amazonaws.services.s3.model.ObjectMetadata@533144f4): in 213.79Âµs
[[2;37mDEBUG[m] pool-1-thread-13 com.jcabi.s3.Ocket$Text: #write('', 'text/plain'): in 2.19ms
[[2;37mDEBUG[m] pool-1-thread-13 com.jcabi.s3.Ocket$Text: #write(''): in 4.83ms
[[2;37mDEBUG[m] pool-1-thread-13 com.jcabi.s3.mock.MkBucket: #ocket('1/2/3/foo.txt'): com.jcabi.s3.mock.MkOcket@7285882c in 35.92Âµs
[[2;37mDEBUG[m] pool-1-thread-13 com.jcabi.s3.mock.MkOcket: #write(java.io.ByteArrayInputStream@489eeaeb, com.amazonaws.services.s3.model.ObjectMetadata@39510f8c): in 198.93Âµs
[[2;37mDEBUG[m] pool-1-thread-13 com.jcabi.s3.Ocket$Text: #write('', 'text/plain'): in 1.86ms
[[2;37mDEBUG[m] pool-1-thread-13 com.jcabi.s3.Ocket$Text: #write(''): in 3.40ms
[[2;37mDEBUG[m] pool-1-thread-13 com.jcabi.s3.mock.MkBucket: #list('1/'): '[1/foo.txt, 1/2/foo.txt, 1/2/3/foo.txt]' in 107.53ms
[[2;37mDEBUG[m] pool-1-thread-13 com.jcabi.s3.Bucket$Prefixed: #list(''): '[foo.txt, 2/foo.txt, 2/3/foo.txt]' in 119.69ms
[[2;37mDEBUG[m] pool-1-thread-16 com.jcabi.s3.mock.MkRegion: #bucket('test'): com.jcabi.s3.mock.MkBucket@3644cd in 6.33ms
[[2;37mDEBUG[m] pool-1-thread-16 com.jcabi.s3.mock.MkBucket: #ocket('a/first.txt'): com.jcabi.s3.mock.MkOcket@58820143 in 1.89ms
[[2;37mDEBUG[m] pool-1-thread-16 com.jcabi.s3.mock.MkOcket: #write(java.io.ByteArrayInputStream@5af9a6bd, com.amazonaws.services.s3.model.ObjectMetadata@711a2c8f): in 51.39ms
[[2;37mDEBUG[m] pool-1-thread-16 com.jcabi.s3.Ocket$Text: #write('', 'text/plain'): in 53.97ms
[[2;37mDEBUG[m] pool-1-thread-16 com.jcabi.s3.Ocket$Text: #write(''): in 57.24ms
[[2;37mDEBUG[m] pool-1-thread-16 com.jcabi.s3.mock.MkBucket: #ocket('a/b/hello.txt'): com.jcabi.s3.mock.MkOcket@f60fec78 in 40.10Âµs
[[2;37mDEBUG[m] pool-1-thread-16 com.jcabi.s3.mock.MkOcket: #write(java.io.ByteArrayInputStream@42f40b16, com.amazonaws.services.s3.model.ObjectMetadata@7ea88b1c): in 224.36Âµs
[[2;37mDEBUG[m] pool-1-thread-16 com.jcabi.s3.Ocket$Text: #write('', 'text/plain'): in 2.19ms
[[2;37mDEBUG[m] pool-1-thread-16 com.jcabi.s3.Ocket$Text: #write(''): in 4.39ms
[[2;37mDEBUG[m] pool-1-thread-16 com.jcabi.s3.mock.MkBucket: #ocket('a/b/f/2.txt'): com.jcabi.s3.mock.MkOcket@8bf5ba2f in 52.19Âµs
[[2;37mDEBUG[m] pool-1-thread-16 com.jcabi.s3.mock.MkOcket: #write(java.io.ByteArrayInputStream@75147aac, com.amazonaws.services.s3.model.ObjectMetadata@146b11e4): in 152.99Âµs
[[2;37mDEBUG[m] pool-1-thread-16 com.jcabi.s3.Ocket$Text: #write('', 'text/plain'): in 1.26ms
[[2;37mDEBUG[m] pool-1-thread-16 com.jcabi.s3.Ocket$Text: #write(''): in 2.38ms
[[2;37mDEBUG[m] pool-1-thread-16 com.jcabi.s3.mock.MkBucket: #ocket('a/b/c/d/3.txt'): com.jcabi.s3.mock.MkOcket@14a35042 in 23.71Âµs
[[2;37mDEBUG[m] pool-1-thread-16 com.jcabi.s3.mock.MkOcket: #write(java.io.ByteArrayInputStream@d15b7bf, com.amazonaws.services.s3.model.ObjectMetadata@3249256e): in 277.76Âµs
[[2;37mDEBUG[m] pool-1-thread-16 com.jcabi.s3.Ocket$Text: #write('', 'text/plain'): in 1.37ms
[[2;37mDEBUG[m] pool-1-thread-16 com.jcabi.s3.Ocket$Text: #write(''): in 2.35ms
[[2;37mDEBUG[m] pool-1-thread-16 com.jcabi.s3.mock.MkBucket: #list('a/b'): '[a/b/hello.txt, a/b/f/2.txt, a/b/c/d/3.txt]' in 107.54ms
[[2;37mDEBUG[m] pool-1-thread-16 com.jcabi.s3.Bucket$Prefixed: #list(''): '[/hello.txt, /f/2.txt, /c/d/3.txt]' in 119.70ms
Tests run: 2, Failures: 0, Errors: 0, Skipped: 0, Time elapsed: 0.394 sec - in com.jcabi.s3.mock.MkBucketTest
Running com.jcabi.s3.mock.MkRegionTest
[[2;37mDEBUG[m] pool-1-thread-9 com.jcabi.s3.mock.MkRegion: #bucket('test'): com.jcabi.s3.mock.MkBucket@3644cd in 49.37Âµs
[[2;37mDEBUG[m] pool-1-thread-9 com.jcabi.s3.mock.MkBucket: #ocket('hello.txt'): com.jcabi.s3.mock.MkOcket@53c4e693 in 31.69Âµs
[[2;37mDEBUG[m] pool-1-thread-9 com.jcabi.s3.mock.MkOcket: #write(java.io.ByteArrayInputStream@6158aa89, com.amazonaws.services.s3.model.ObjectMetadata@6a0d4461): in 294.94Âµs
[[2;37mDEBUG[m] pool-1-thread-9 com.jcabi.s3.Ocket$Text: #write('hello, world!', 'text/plain'): in 3.14ms
[[2;37mDEBUG[m] pool-1-thread-9 com.jcabi.s3.Ocket$Text: #write('hello, world!'): in 5.09ms
[[2;37mDEBUG[m] pool-1-thread-9 com.jcabi.s3.mock.MkOcket: #key(): 'hello.txt' in 22.14Âµs
[[2;37mDEBUG[m] pool-1-thread-9 com.jcabi.s3.mock.MkBucket: #ocket('hello.txt'): com.jcabi.s3.mock.MkOcket@53c4e693 in 54.26Âµs
[[2;37mDEBUG[m] pool-1-thread-9 com.jcabi.s3.mock.MkOcket: #read('hello, world!'): in 165.80Âµs
[[2;37mDEBUG[m] pool-1-thread-9 com.jcabi.s3.Ocket$Text: #read(): 'hello, world!' in 1.99ms
Tests run: 1, Failures: 0, Errors: 0, Skipped: 0, Time elapsed: 0.271 sec - in com.jcabi.s3.mock.MkRegionTest
Running com.jcabi.s3.mock.MkOcketTest
[[2;37mDEBUG[m] pool-1-thread-14 com.jcabi.s3.mock.MkRegion: #bucket('test'): com.jcabi.s3.mock.MkBucket@3644cd in 47.73Âµs
[[2;37mDEBUG[m] pool-1-thread-14 com.jcabi.s3.mock.MkBucket: #ocket('hello.txt'): com.jcabi.s3.mock.MkOcket@53c4e693 in 38.38Âµs
[[2;37mDEBUG[m] pool-1-thread-14 com.jcabi.s3.mock.MkOcket: #key(): 'hello.txt' in 20.60Âµs
[[2;37mDEBUG[m] pool-1-thread-14 com.jcabi.s3.mock.MkBucket: #ocket('hello.txt'): com.jcabi.s3.mock.MkOcket@53c4e693 in 32.76Âµs
[[2;37mDEBUG[m] pool-1-thread-14 com.jcabi.s3.mock.MkOcket: #meta(): com.amazonaws.services.s3.model.ObjectMetadata@7742bb92 in 108.03ms
[[2;37mDEBUG[m] pool-1-thread-14 com.jcabi.s3.Ocket$Text: #meta(): com.amazonaws.services.s3.model.ObjectMetadata@7742bb92 in 109.63ms
[[2;37mDEBUG[m] pool-1-thread-17 com.jcabi.s3.mock.MkRegion: #bucket('test'): com.jcabi.s3.mock.MkBucket@3644cd in 6.26ms
[[2;37mDEBUG[m] pool-1-thread-17 com.jcabi.s3.mock.MkBucket: #ocket('hello.txt'): com.jcabi.s3.mock.MkOcket@53c4e693 in 4.82ms
[[2;37mDEBUG[m] pool-1-thread-17 com.jcabi.s3.mock.MkOcket: #write(java.io.ByteArrayInputStream@16ef02ce, com.amazonaws.services.s3.model.ObjectMetadata@3ebc78ed): in 404.27Âµs
[[2;37mDEBUG[m] pool-1-thread-17 com.jcabi.s3.Ocket$Text: #write('hello, world!', 'text/plain'): in 2.56ms
[[2;37mDEBUG[m] pool-1-thread-17 com.jcabi.s3.Ocket$Text: #write('hello, world!'): in 4.27ms
[[2;37mDEBUG[m] pool-1-thread-17 com.jcabi.s3.mock.MkOcket: #key(): 'hello.txt' in 23.24Âµs
[[2;37mDEBUG[m] pool-1-thread-17 com.jcabi.s3.mock.MkBucket: #ocket('hello.txt'): com.jcabi.s3.mock.MkOcket@53c4e693 in 20.60Âµs
[[2;37mDEBUG[m] pool-1-thread-17 com.jcabi.s3.mock.MkOcket: #meta(): com.amazonaws.services.s3.model.ObjectMetadata@7742bb92 in 159.59ms
[[2;37mDEBUG[m] pool-1-thread-17 com.jcabi.s3.Ocket$Text: #meta(): com.amazonaws.services.s3.model.ObjectMetadata@7742bb92 in 160.93ms
Tests run: 2, Failures: 0, Errors: 0, Skipped: 0, Time elapsed: 0.363 sec - in com.jcabi.s3.mock.MkOcketTest

Results :

Tests run: 12, Failures: 0, Errors: 0, Skipped: 0

[INFO] 
[INFO] --- jcabi-maven-plugin:0.14.1:versionalize (jcabi-versionalize-packages) @ jcabi-s3 ---
[INFO] Versionalizing /home/travis/build/passed/jcabi/jcabi-s3/target/classes directory
[[0;37mINFO[m] org.hibernate.validator.internal.util.Version: HV000001: Hibernate Validator 5.1.2.Final
[INFO] JSR-303 validator org.hibernate.validator.internal.engine.ValidatorImpl instantiated by jcabi-aspects 0.18/55a5c13
[INFO] File /home/travis/build/passed/jcabi/jcabi-s3/target/classes/com/jcabi/s3/com-jcabi-jcabi-s3-jar.txt added
[INFO] File /home/travis/build/passed/jcabi/jcabi-s3/target/classes/com/jcabi/s3/cached/com-jcabi-jcabi-s3-jar.txt added
[INFO] File /home/travis/build/passed/jcabi/jcabi-s3/target/classes/com/jcabi/s3/mock/com-jcabi-jcabi-s3-jar.txt added
[INFO] File /home/travis/build/passed/jcabi/jcabi-s3/target/classes/com/jcabi/s3/retry/com-jcabi-jcabi-s3-jar.txt added
[INFO] 
[INFO] --- maven-jar-plugin:3.0.2:jar (default-jar) @ jcabi-s3 ---
[INFO] Building jar: /home/travis/build/passed/jcabi/jcabi-s3/target/jcabi-s3-1.0-SNAPSHOT.jar
[INFO] 
[INFO] --- maven-assembly-plugin:3.0.0:single (assemble-all) @ jcabi-s3 ---
[INFO] Downloading: http://repo.maven.apache.org/maven2/org/apache/maven/wagon/wagon-ssh/2.0/wagon-ssh-2.0.pom
[WARNING] Failed to build parent project for org.slf4j:slf4j-api:jar:1.7.5
[INFO] Downloading: http://repo.maven.apache.org/maven2/org/apache/maven/scm/maven-scm-provider-gitexe/1.9.1/maven-scm-provider-gitexe-1.9.1.pom
[WARNING] Failed to build parent project for com.fasterxml.jackson:jackson-parent:pom:2.5.1
[WARNING] Failed to build parent project for com.fasterxml.jackson.core:jackson-databind:bundle:2.5.3
[WARNING] Failed to build parent project for com.fasterxml.jackson:jackson-parent:pom:2.5
[WARNING] Failed to build parent project for com.fasterxml.jackson.core:jackson-annotations:bundle:2.5.0
[WARNING] Failed to build parent project for com.fasterxml.jackson:jackson-parent:pom:2.5.1
[WARNING] Failed to build parent project for com.fasterxml.jackson.core:jackson-core:bundle:2.5.3
[WARNING] Failed to build parent project for com.fasterxml.jackson:jackson-parent:pom:2.5.1
[WARNING] Failed to build parent project for com.fasterxml.jackson.dataformat:jackson-dataformat-cbor:bundle:2.5.3
[INFO] Downloading: http://repo.maven.apache.org/maven2/org/apache/felix/maven-bundle-plugin/2.5.0/maven-bundle-plugin-2.5.0.pom
[INFO] Building jar: /home/travis/build/passed/jcabi/jcabi-s3/target/jcabi-s3-1.0-SNAPSHOT-jar-with-dependencies.jar
[INFO] 
[INFO] --- maven-failsafe-plugin:2.19.1:integration-test (default) @ jcabi-s3 ---
[WARNING] useSystemClassloader setting has no effect when not forking
[INFO] Failsafe report directory: /home/travis/build/passed/jcabi/jcabi-s3/target/failsafe-reports
[INFO] parallel='all', perCoreThreadCount=true, threadCount=8, useUnlimitedThreads=false, threadCountSuites=0, threadCountClasses=0, threadCountMethods=0, parallelOptimized=true
Running com.jcabi.s3.AwsOcketITCase
Tests run: 4, Failures: 0, Errors: 0, Skipped: 0, Time elapsed: 0.028 sec - in com.jcabi.s3.AwsOcketITCase
Running com.jcabi.s3.RegionITCase
Tests run: 1, Failures: 0, Errors: 0, Skipped: 0, Time elapsed: 0.027 sec - in com.jcabi.s3.RegionITCase
Running com.jcabi.s3.AwsBucketITCase
SLF4J: The following loggers will not work because they were created
SLF4J: during the default configuration phase of the underlying logging system.
SLF4J: See also http://www.slf4j.org/codes.html#substituteLogger
SLF4J: com.jcabi.s3.BucketRule$1
SLF4J: com.jcabi.s3.BucketRule$1
SLF4J: com.jcabi.s3.BucketRule$1
SLF4J: com.jcabi.s3.BucketRule$1
SLF4J: com.jcabi.s3.BucketRule$1
SLF4J: com.jcabi.s3.BucketRule$1
SLF4J: com.jcabi.s3.BucketRule$1
SLF4J: com.jcabi.s3.BucketRule$1
SLF4J: com.jcabi.s3.BucketRule$1
[[0;33mWARN[m] pool-1-thread-9 com.jcabi.s3.BucketRule$1: system property failsafe.s3.key is not set, skipping
Tests run: 5, Failures: 0, Errors: 0, Skipped: 0, Time elapsed: 0.064 sec - in com.jcabi.s3.AwsBucketITCase

Results :

Tests run: 10, Failures: 0, Errors: 0, Skipped: 0

[INFO] 
[INFO] --- maven-failsafe-plugin:2.19.1:verify (default) @ jcabi-s3 ---
[INFO] Failsafe report directory: /home/travis/build/passed/jcabi/jcabi-s3/target/failsafe-reports
[INFO] 
[INFO] --- qulice-maven-plugin:0.17.1:check (jcabi-check) @ jcabi-s3 ---
log4j:WARN No appenders could be found for logger (com.puppycrawl.tools.checkstyle.ConfigurationLoader).
log4j:WARN Please initialize the log4j system properly.
log4j:WARN See http://logging.apache.org/log4j/1.2/faq.html#noconfig for more info.
[INFO] Starting PMD validator
[INFO] No PMD violations found in 31 files
[INFO] Finishing PMD validator
[INFO] Starting FindBugs validator
[INFO] Finishing FindBugs validator
[INFO] Starting XML validator
[INFO] /src/site/site.xml: to be validated
[WARNING] Failed to validate file /src/site/site.xml against schema(s). Cause: java.lang.IllegalStateException: org.xml.sax.SAXParseException; systemId: http://maven.apache.org/xsd/decoration-1.3.0.xsd; lineNumber: 1; columnNumber: 1; Premature end of file.
[INFO] Finishing XML validator
[INFO] Starting CodeNarc validator
[INFO] CodeNarc not required since no groovy files in /home/travis/build/passed/jcabi/jcabi-s3/src
[INFO] Finishing CodeNarc validator
[INFO] Calling org.apache.maven.plugins:maven-enforcer-plugin:1.0-beta-1:enforce...
[INFO] Calling com.ning.maven.plugins:maven-duplicate-finder-plugin:1.0.7:check...
[INFO] Checking compile classpath
[INFO] Checking runtime classpath
[INFO] This is not an SVN project
[INFO] Calling org.codehaus.mojo:cobertura-maven-plugin:2.5.1:check...
[INFO] Cannot perform check, instrumentation not performed - skipping.
[INFO] No dependency problems found
[INFO] Calling org.codehaus.mojo:jslint-maven-plugin:1.0.1:jslint...
[INFO] Qulice quality check completed in 1min
[INFO] 
[INFO] --- maven-install-plugin:2.5.2:install (default-install) @ jcabi-s3 ---
[INFO] Installing /home/travis/build/passed/jcabi/jcabi-s3/target/jcabi-s3-1.0-SNAPSHOT.jar to /home/travis/.m2/repository/com/jcabi/jcabi-s3/1.0-SNAPSHOT/jcabi-s3-1.0-SNAPSHOT.jar
[INFO] Installing /home/travis/build/passed/jcabi/jcabi-s3/pom.xml to /home/travis/.m2/repository/com/jcabi/jcabi-s3/1.0-SNAPSHOT/jcabi-s3-1.0-SNAPSHOT.pom
[INFO] Installing /home/travis/build/passed/jcabi/jcabi-s3/target/jcabi-s3-1.0-SNAPSHOT-jar-with-dependencies.jar to /home/travis/.m2/repository/com/jcabi/jcabi-s3/1.0-SNAPSHOT/jcabi-s3-1.0-SNAPSHOT-jar-with-dependencies.jar
[INFO] ------------------------------------------------------------------------
[INFO] BUILD SUCCESS
[INFO] ------------------------------------------------------------------------
[INFO] Total time: 03:06 min
[INFO] Finished at: 2022-01-22T13:29:07+00:00
[INFO] Final Memory: 56M/471M
[INFO] ------------------------------------------------------------------------

travis_time:end:1249ddae:start=1642857959939256877,finish=1642858148087878926,duration=188148622049[0K
[32;1mThe command "mvn clean install -Dhttps.protocols=TLSv1.2 -Pqulice --errors --batch-mode" exited with 0.[0m
travis_time:start:0e625376[0K$ mvn clean -Dhttps.protocols=TLSv1.2
[INFO] Scanning for projects...
[INFO]                                                                         
[INFO] ------------------------------------------------------------------------
[INFO] Building jcabi-s3 1.0-SNAPSHOT
[INFO] ------------------------------------------------------------------------
[INFO] 
[INFO] --- maven-clean-plugin:3.0.0:clean (default-clean) @ jcabi-s3 ---
[INFO] Deleting /home/travis/build/passed/jcabi/jcabi-s3/target
[INFO] ------------------------------------------------------------------------
[INFO] BUILD SUCCESS
[INFO] ------------------------------------------------------------------------
[INFO] Total time: 1.318 s
[INFO] Finished at: 2022-01-22T13:29:10+00:00
[INFO] Final Memory: 14M/491M
[INFO] ------------------------------------------------------------------------

travis_time:end:0e625376:start=1642858148099703119,finish=1642858151083954913,duration=2984251794[0K
[32;1mThe command "mvn clean -Dhttps.protocols=TLSv1.2" exited with 0.[0m
travis_time:start:071559d3[0K$ pdd --source=$(pwd) --file=/dev/null
Found 7 lines in /home/travis/build/passed/jcabi/jcabi-s3/.pdd
My version is 0.20.8
Ruby version is 2.3.0 at x86_64-linux
Reading from root dir /home/travis/build/passed/jcabi/jcabi-s3
Excluding target/**/*
Excluding src/main/resources/images/**/*
/home/travis/.rvm/gems/ruby-2.3.0/gems/pdd-0.20.8/lib/pdd/sources.rb:87: warning: Insecure world writable dir /home/travis/build/passed/jcabi/jcabi-s3/. in PATH, mode 040777
Reading .0pdd.yml ...
Reading .gitattributes ...
Reading .gitignore ...
Reading .pdd ...
Reading .rultor.yml ...
Reading .travis.yml ...
Reading LICENSE.txt ...
Reading README.md ...
Reading TEAM.md ...
Reading est/jcabi-s3.est ...
Reading pom.xml ...
Reading src/main/aspect/README.txt ...
Reading src/main/java/com/jcabi/s3/AwsBucket.java ...
Reading src/main/java/com/jcabi/s3/AwsListIterator.java ...
Reading src/main/java/com/jcabi/s3/AwsOcket.java ...
Reading src/main/java/com/jcabi/s3/Bucket.java ...
Reading src/main/java/com/jcabi/s3/Ocket.java ...
Reading src/main/java/com/jcabi/s3/OcketNotFoundException.java ...
Reading src/main/java/com/jcabi/s3/Region.java ...
Reading src/main/java/com/jcabi/s3/cached/CdBucket.java ...
Reading src/main/java/com/jcabi/s3/cached/CdOcket.java ...
Reading src/main/java/com/jcabi/s3/cached/CdRegion.java ...
Reading src/main/java/com/jcabi/s3/cached/package-info.java ...
Reading src/main/java/com/jcabi/s3/mock/MkBucket.java ...
Reading src/main/java/com/jcabi/s3/mock/MkOcket.java ...
Reading src/main/java/com/jcabi/s3/mock/MkRegion.java ...
Reading src/main/java/com/jcabi/s3/mock/package-info.java ...
Reading src/main/java/com/jcabi/s3/package-info.java ...
Reading src/main/java/com/jcabi/s3/retry/ReBucket.java ...
Reading src/main/java/com/jcabi/s3/retry/ReOcket.java ...
Reading src/main/java/com/jcabi/s3/retry/ReRegion.java ...
Reading src/main/java/com/jcabi/s3/retry/package-info.java ...
Reading src/site/apt/example-cached.apt.vm ...
Reading src/site/apt/example-list.apt.vm ...
Reading src/site/apt/example-read.apt.vm ...
Reading src/site/apt/index.apt.vm ...
Reading src/site/resources/CNAME ...
Reading src/site/site.xml ...
Reading src/test/java/com/jcabi/s3/AwsBucketITCase.java ...
Reading src/test/java/com/jcabi/s3/AwsBucketTest.java ...
Reading src/test/java/com/jcabi/s3/AwsOcketITCase.java ...
Reading src/test/java/com/jcabi/s3/AwsOcketTest.java ...
Reading src/test/java/com/jcabi/s3/BucketRule.java ...
Reading src/test/java/com/jcabi/s3/RegionITCase.java ...
Reading src/test/java/com/jcabi/s3/mock/MkBucketTest.java ...
Reading src/test/java/com/jcabi/s3/mock/MkOcketTest.java ...
Reading src/test/java/com/jcabi/s3/mock/MkRegionTest.java ...
Reading src/test/java/com/jcabi/s3/mock/package-info.java ...
Reading src/test/java/com/jcabi/s3/package-info.java ...
Reading src/test/resources/META-INF/mime.types ...
Reading src/test/resources/log4j.properties ...

travis_time:end:071559d3:start=1642858151096437660,finish=1642858161612358255,duration=10515920595[0K
[32;1mThe command "pdd --source=$(pwd) --file=/dev/null" exited with 0.[0m
travis_time:start:045605b5[0K$ est --dir=est --file=/dev/null

travis_time:end:045605b5:start=1642858161623194990,finish=1642858161885522173,duration=262327183[0K
[32;1mThe command "est --dir=est --file=/dev/null" exited with 0.[0m
travis_fold:start:cache.2[0Kstore build cache
travis_fold:end:cache.2[0K
Done. Your build exited with 0.
