travis_time:start:04ecf2e0[0Ktravis_time:end:04ecf2e0:start=1644683576742097252,finish=1644683578596251356,duration=1854154104,event=no_world_writable_dirs[0Ktravis_time:start:00361d38[0Ktravis_time:end:00361d38:start=1644683578602449325,finish=1644683578607409702,duration=4960377,event=check_unsupported[0Ktravis_time:start:010988b8[0Ktravis_fold:start:system_info[0K[33;1mBuild system information[0m
Build language: java
Build group: stable
Build dist: xenial
Build id: ''
Job id: ''
Runtime kernel version: 4.15.0-109-generic
[34m[1mBuild image provisioning date and time[0m
Fri Aug  2 14:20:18 UTC 2019
[34m[1mOperating System Details[0m
Distributor ID:	Ubuntu
Description:	Ubuntu 16.04.6 LTS
Release:	16.04
Codename:	xenial
[34m[1mSystemd Version[0m
systemd 229
[34m[1mCookbooks Version[0m
790f512 https://github.com/travis-ci/travis-cookbooks/tree/790f512
[34m[1mgit version[0m
git version 2.22.0
[34m[1mbash version[0m
GNU bash, version 4.3.48(1)-release (x86_64-pc-linux-gnu)
[34m[1mgcc version[0m
gcc (Ubuntu 5.4.0-6ubuntu1~16.04.11) 5.4.0 20160609
[34m[1mdocker version[0m
Client:
 Version:           18.06.1-ce
 API version:       1.38
 Go version:        go1.10.3
 Git commit:        e68fc7a
 Built:             Tue Aug 21 17:20:43 2018
 OS/Arch:           linux/amd64
 Experimental:      false
[34m[1mclang version[0m
clang version 7.0.0 (tags/RELEASE_700/final)
[34m[1mjq version[0m
jq-1.5
[34m[1mbats version[0m
Bats 0.4.0
[34m[1mshellcheck version[0m
0.6.0
[34m[1mshfmt version[0m
v2.6.3
[34m[1mccache version[0m
3.2.4
[34m[1mcmake version[0m
cmake version 3.12.4
[34m[1mheroku version[0m
heroku/7.27.1 linux-x64 node-v11.14.0
[34m[1mimagemagick version[0m
Version: ImageMagick 6.8.9-9 Q16 x86_64 2019-06-15 http://www.imagemagick.org
[34m[1mmd5deep version[0m
4.4
[34m[1mmercurial version[0m
version 4.8
[34m[1mmysql version[0m
mysql  Ver 14.14 Distrib 5.7.27, for Linux (x86_64) using  EditLine wrapper
[34m[1mopenssl version[0m
OpenSSL 1.0.2g  1 Mar 2016
[34m[1mpacker version[0m
1.3.3
[34m[1mpostgresql client version[0m
psql (PostgreSQL) 10.9 (Ubuntu 10.9-1.pgdg16.04+1)
[34m[1mragel version[0m
Ragel State Machine Compiler version 6.8 Feb 2013
[34m[1msudo version[0m
1.8.16
[34m[1mgzip version[0m
gzip 1.6
[34m[1mzip version[0m
Zip 3.0
[34m[1mvim version[0m
VIM - Vi IMproved 7.4 (2013 Aug 10, compiled Jun 07 2019 15:35:43)
[34m[1miptables version[0m
iptables v1.6.0
[34m[1mcurl version[0m
curl 7.47.0 (x86_64-pc-linux-gnu) libcurl/7.47.0 GnuTLS/3.4.10 zlib/1.2.8 libidn/1.32 librtmp/2.3
[34m[1mwget version[0m
GNU Wget 1.17.1 built on linux-gnu.
[34m[1mrsync version[0m
rsync  version 3.1.1  protocol version 31
[34m[1mgimme version[0m
v1.5.3
[34m[1mnvm version[0m
0.34.0
[34m[1mperlbrew version[0m
/home/travis/perl5/perlbrew/bin/perlbrew  - App::perlbrew/0.86
[34m[1mphpenv version[0m
rbenv 1.1.2-2-g4e92322
[34m[1mrvm version[0m
rvm 1.29.9 (latest) by Michal Papis, Piotr Kuczynski, Wayne E. Seguin [https://rvm.io]
[34m[1mdefault ruby version[0m
ruby 2.5.3p105 (2018-10-18 revision 65156) [x86_64-linux]
[34m[1mCouchDB version[0m
couchdb 1.6.1
[34m[1mElasticSearch version[0m
5.5.0
[34m[1mInstalled Firefox version[0m
firefox 63.0.1
[34m[1mMongoDB version[0m
MongoDB 4.0.11
[34m[1mPhantomJS version[0m
2.1.1
[34m[1mPre-installed PostgreSQL versions[0m
9.4.23
9.5.18
9.6.14
[34m[1mRedis version[0m
redis-server 5.0.5
[34m[1mPre-installed Go versions[0m
1.11.1
[34m[1mant version[0m
Apache Ant(TM) version 1.9.6 compiled on July 20 2018
[34m[1mmvn version[0m
Apache Maven 3.6.0 (97c98ec64a1fdfee7767ce5ffb20918da4f719f3; 2018-10-24T18:41:47Z)
[34m[1mgradle version[0m
Gradle 5.1.1!
[34m[1mlein version[0m
Leiningen 2.9.1 on Java 11.0.2 OpenJDK 64-Bit Server VM
[34m[1mPre-installed Node.js versions[0m
v10.16.1
v11.0.0
v4.9.1
v6.17.1
v8.12.0
v8.16.0
v8.9
[34m[1mphpenv versions[0m
  system
  5.6
  5.6.40
  7.1
  7.1.27
  7.2
* 7.2.15 (set by /home/travis/.phpenv/version)
  hhvm
  hhvm-stable
[34m[1mcomposer --version[0m
Composer version 1.8.4 2019-02-11 10:52:10
[34m[1mPre-installed Ruby versions[0m
ruby-2.3.8
ruby-2.4.5
ruby-2.5.3
travis_fold:end:system_info[0K
travis_time:end:010988b8:start=1644683578614011307,finish=1644683578624411822,duration=10400515,event=show_system_info[0Ktravis_time:start:120c76c2[0Ktravis_time:end:120c76c2:start=1644683578631072773,finish=1644683578650675747,duration=19602974,event=rm_riak_source[0Ktravis_time:start:0c1d7f65[0Ktravis_time:end:0c1d7f65:start=1644683578656943758,finish=1644683578669329720,duration=12385962,event=fix_rwky_redis[0Ktravis_time:start:1f57f267[0K[31;1mTimeout waiting for network availability.[0m
travis_time:end:1f57f267:start=1644683578676126218,finish=1644683599422679173,duration=20746552955,event=wait_for_network[0Ktravis_time:start:364b6a41[0Ktravis_time:end:364b6a41:start=1644683599428961165,finish=1644683599785103934,duration=356142769,event=update_apt_keys[0Ktravis_time:start:28377017[0Ktravis_time:end:28377017:start=1644683599792963249,finish=1644683599896675088,duration=103711839,event=fix_hhvm_source[0Ktravis_time:start:2d5a2ac0[0Ktravis_time:end:2d5a2ac0:start=1644683599904488967,finish=1644683599910772341,duration=6283374,event=update_mongo_arch[0Ktravis_time:start:03e91a2c[0Ktravis_time:end:03e91a2c:start=1644683599917417949,finish=1644683600008993665,duration=91575716,event=fix_sudo_enabled_trusty[0Ktravis_time:start:0124e2c4[0Ktravis_time:end:0124e2c4:start=1644683600016109633,finish=1644683600035755395,duration=19645762,event=clean_up_path[0Ktravis_time:start:0b830c56[0Ktravis_time:end:0b830c56:start=1644683600041005167,finish=1644683600057388366,duration=16383199,event=fix_resolv_conf[0Ktravis_time:start:01a5250a[0Ktravis_time:end:01a5250a:start=1644683600063696905,finish=1644683600082417808,duration=18720903,event=fix_etc_hosts[0Ktravis_time:start:00a8c68a[0Ktravis_time:end:00a8c68a:start=1644683600089107545,finish=1644683600105110842,duration=16003297,event=fix_mvn_settings_xml[0Ktravis_time:start:06e5116c[0Ktravis_time:end:06e5116c:start=1644683600111644588,finish=1644683600129638991,duration=17994403,event=no_ipv6_localhost[0Ktravis_time:start:074c2128[0Ktravis_time:end:074c2128:start=1644683600134997663,finish=1644683600138500735,duration=3503072,event=fix_etc_mavenrc[0Ktravis_time:start:25b39b04[0Ktravis_time:end:25b39b04:start=1644683600144674173,finish=1644683600151360766,duration=6686593,event=fix_wwdr_certificate[0Ktravis_time:start:15b175ed[0Ktravis_time:end:15b175ed:start=1644683600157236634,finish=1644683600328449253,duration=171212619,event=put_localhost_first[0Ktravis_time:start:0fb8bc00[0Ktravis_time:end:0fb8bc00:start=1644683600333602047,finish=1644683600338544902,duration=4942855,event=home_paths[0Ktravis_time:start:3037f390[0Ktravis_time:end:3037f390:start=1644683600346330151,finish=1644683600893866074,duration=547535923,event=disable_initramfs[0Ktravis_time:start:00142a7c[0Ktravis_time:end:00142a7c:start=1644683600901947505,finish=1644683601076420233,duration=174472728,event=disable_ssh_roaming[0Ktravis_time:start:0cd37ee4[0Ktravis_time:end:0cd37ee4:start=1644683601083840286,finish=1644683601088780155,duration=4939869,event=debug_tools[0Ktravis_time:start:262560fa[0Ktravis_time:end:262560fa:start=1644683601096397131,finish=1644683601104367400,duration=7970269,event=uninstall_oclint[0Ktravis_time:start:22d45916[0Ktravis_time:end:22d45916:start=1644683601111493151,finish=1644683601119212298,duration=7719147,event=rvm_use[0Ktravis_time:start:08082418[0Ktravis_time:end:08082418:start=1644683601126391831,finish=1644683601143548839,duration=17157008,event=rm_etc_boto_cfg[0Ktravis_time:start:13ccfd18[0Ktravis_time:end:13ccfd18:start=1644683601150757917,finish=1644683601155649597,duration=4891680,event=rm_oraclejdk8_symlink[0Ktravis_time:start:03c66b98[0Ktravis_time:end:03c66b98:start=1644683601163309599,finish=1644683602461434847,duration=1298125248,event=enable_i386[0Ktravis_time:start:13831f40[0Ktravis_time:end:13831f40:start=1644683602465324203,finish=1644683602470770458,duration=5446255,event=update_rubygems[0Ktravis_time:start:03c7d21a[0Ktravis_time:end:03c7d21a:start=1644683602477366802,finish=1644683603573634123,duration=1096267321,event=ensure_path_components[0Ktravis_time:start:099dc2e7[0Ktravis_time:end:099dc2e7:start=1644683603580390257,finish=1644683603585603327,duration=5213070,event=redefine_curl[0Ktravis_time:start:2837f140[0Ktravis_time:end:2837f140:start=1644683603592517147,finish=1644683603597584633,duration=5067486,event=nonblock_pipe[0Ktravis_time:start:2bf5de6c[0Ktravis_time:end:2bf5de6c:start=1644683603603779100,finish=1644683617058526536,duration=13454747436,event=apt_get_update[0Ktravis_time:start:015528e3[0Ktravis_time:end:015528e3:start=1644683617067280069,finish=1644683617073192964,duration=5912895,event=deprecate_xcode_64[0Ktravis_time:start:05433353[0Ktravis_time:end:05433353:start=1644683617081447214,finish=1644683622777408754,duration=5695961540,event=update_heroku[0Ktravis_time:start:192b84fd[0Ktravis_time:end:192b84fd:start=1644683622784814972,finish=1644683622789973188,duration=5158216,event=shell_session_update[0Ktravis_time:start:1d7d1fe6[0Ktravis_fold:start:docker_mtu[0Ktee: /etc/docker/daemon.json: No such file or directory
docker: unrecognized service
travis_fold:end:docker_mtu[0Ktravis_time:end:1d7d1fe6:start=1644683622795521465,finish=1644683622835644408,duration=40122943,event=set_docker_mtu[0Ktravis_time:start:04ade754[0Ktravis_time:end:04ade754:start=1644683622842248607,finish=1644683622860187415,duration=17938808,event=resolvconf[0Ktravis_time:start:003b3f74[0Ktravis_time:end:003b3f74:start=1644683622865714700,finish=1644683622982946336,duration=117231636,event=maven_https[0K
travis_fold:start:install_jdk[0K[33;1mInstalling openjdk11[0m
travis_fold:end:install_jdk[0Ktravis_time:start:0a0d4f44[0Ktravis_time:end:0a0d4f44:start=1644683622999657012,finish=1644683623004754919,duration=5097907,event=fix_ps4[0Ktravis_time:start:31206f22[0K
$ cd passed/google/guava

travis_time:end:31206f22:start=1644683623011083499,finish=1644683623016419719,duration=5336220,event=checkout[0Ktravis_time:start:2495c839[0K
[33;1mSetting environment variables from .travis.yml[0m
$ export ROOT_POM="pom.xml"

travis_time:end:2495c839:start=1644683623022812571,finish=1644683625101460199,duration=2078647628,event=env[0Ktravis_fold:start:cache.1[0KSetting up build cache
$ export CASHER_DIR=${TRAVIS_HOME}/.casher
travis_time:start:0f825b18[0K$ Installing caching utilities
curl: (6) Could not resolve host: https

[31;1mThe command "eval curl -sf  -o $CASHER_DIR/bin/casher https:///files/casher " failed. Retrying, 2 of 3.[0m

curl: (6) Could not resolve host: https

[31;1mThe command "eval curl -sf  -o $CASHER_DIR/bin/casher https:///files/casher " failed. Retrying, 3 of 3.[0m

curl: (6) Could not resolve host: https

[31;1mThe command "eval curl -sf  -o $CASHER_DIR/bin/casher https:///files/casher " failed 3 times.[0m

travis_time:end:0f825b18:start=1644683626177598965,finish=1644683638366197758,duration=12188598793,event=setup_casher[0Ktravis_time:start:05c83368[0K$ Installing caching utilities from the Travis CI server (https:///files/casher) failed, failing over to using GitHub (https://raw.githubusercontent.com/travis-ci/casher/bash/bin/casher)
travis_time:end:05c83368:start=1644683638374265819,finish=1644683638512460459,duration=138194640,event=setup_casher[0Ktravis_time:start:01881b2d[0Ktravis_time:end:01881b2d:start=1644683638523825457,finish=1644683638529853638,duration=6028181,event=setup_casher[0Ktravis_time:start:02a54a14[0Kattempting to download cache archive[0m
[31;1mcould not download cache[0m
travis_time:end:02a54a14:start=1644683638537783746,finish=1644683640107919643,duration=1570135897,event=setup_casher[0Ktravis_time:start:14129fbe[0Ktravis_time:end:14129fbe:start=1644683640116712422,finish=1644683640123215011,duration=6502589,event=setup_casher[0Ktravis_time:start:0693fa89[0Kadding /home/travis/.m2 to cache[0m
travis_time:end:0693fa89:start=1644683640132031538,finish=1644683642023845341,duration=1891813803,event=setup_casher[0Ktravis_fold:end:cache.1[0K
$ java -Xmx32m -version
Picked up _JAVA_OPTIONS: -Xmx2048m -Xms512m
openjdk version "11.0.2" 2019-01-15
OpenJDK Runtime Environment 18.9 (build 11.0.2+9)
OpenJDK 64-Bit Server VM 18.9 (build 11.0.2+9, mixed mode)
$ javac -J-Xmx32m -version
Picked up _JAVA_OPTIONS: -Xmx2048m -Xms512m
javac 11.0.2
travis_fold:start:install[0Ktravis_time:start:019a93d8[0K$ mvn -B -Dorg.slf4j.simpleLogger.log.org.apache.maven.cli.transfer.Slf4jMavenTransferListener=warn install -U -DskipTests=true -f $ROOT_POM
Picked up _JAVA_OPTIONS: -Xmx2048m -Xms512m
[INFO] Scanning for projects...
[WARNING] 
[WARNING] Some problems were encountered while building the effective model for com.google.guava:guava-bom:pom:HEAD-jre-SNAPSHOT
[WARNING] 'parent.relativePath' of POM com.google.guava:guava-bom:HEAD-jre-SNAPSHOT (/home/travis/build/passed/google/guava/guava-bom/pom.xml) points at com.google.guava:guava-parent instead of org.sonatype.oss:oss-parent, please verify your project structure @ line 14, column 11
[WARNING] 
[WARNING] It is highly recommended to fix these problems because they threaten the stability of your build.
[WARNING] 
[WARNING] For this reason, future Maven versions might no longer support building such malformed projects.
[WARNING] 
[INFO] ------------------------------------------------------------------------
[INFO] Reactor Build Order:
[INFO] 
[INFO] Guava Maven Parent                                                 [pom]
[INFO] Guava: Google Core Libraries for Java                           [bundle]
[INFO] Guava BOM                                                          [pom]
[INFO] Guava Testing Library                                              [jar]
[INFO] Guava Unit Tests                                                   [jar]
[INFO] Guava GWT compatible libs                                          [jar]
[INFO] 
[INFO] -------------------< com.google.guava:guava-parent >--------------------
[INFO] Building Guava Maven Parent HEAD-jre-SNAPSHOT                      [1/6]
[INFO] --------------------------------[ pom ]---------------------------------
[INFO] 
[INFO] --- maven-enforcer-plugin:3.0.0-M2:enforce (enforce-versions) @ guava-parent ---
[INFO] 
[INFO] --- maven-javadoc-plugin:3.1.0:jar (attach-docs) @ guava-parent ---
[INFO] 
[INFO] --- maven-install-plugin:2.4:install (default-install) @ guava-parent ---
[INFO] Installing /home/travis/build/passed/google/guava/pom.xml to /home/travis/.m2/repository/com/google/guava/guava-parent/HEAD-jre-SNAPSHOT/guava-parent-HEAD-jre-SNAPSHOT.pom
[INFO] 
[INFO] -----------------------< com.google.guava:guava >-----------------------
[INFO] Building Guava: Google Core Libraries for Java HEAD-jre-SNAPSHOT   [2/6]
[INFO] -------------------------------[ bundle ]-------------------------------
[INFO] 
[INFO] --- maven-enforcer-plugin:3.0.0-M2:enforce (enforce-versions) @ guava ---
[INFO] 
[INFO] --- maven-dependency-plugin:3.1.1:unpack-dependencies (unpack-jdk-sources) @ guava ---
[INFO] Unpacking /usr/local/lib/jvm/openjdk11/lib/src.zip to /home/travis/build/passed/google/guava/guava/target/jdk-sources with includes "" and excludes "**/module-info.java,**/java/io/FileDescriptor.java"
[INFO] 
[INFO] --- maven-resources-plugin:3.2.0:resources (default-resources) @ guava ---
[INFO] Using 'UTF-8' encoding to copy filtered resources.
[INFO] Using 'UTF-8' encoding to copy filtered properties files.
[INFO] Copying 0 resource
[INFO] 
[INFO] --- maven-compiler-plugin:3.8.1:compile (default-compile) @ guava ---
[INFO] Changes detected - recompiling the module!
[INFO] Compiling 573 source files to /home/travis/build/passed/google/guava/guava/target/classes
[WARNING] /home/travis/build/passed/google/guava/guava/src/com/google/common/primitives/UnsignedBytes.java:[28,16] sun.misc.Unsafe is internal proprietary API and may be removed in a future release
[WARNING] /home/travis/build/passed/google/guava/guava/src/com/google/common/hash/LittleEndianByteArray.java:[19,16] sun.misc.Unsafe is internal proprietary API and may be removed in a future release
[WARNING] /home/travis/build/passed/google/guava/guava/src/com/google/common/util/concurrent/AbstractFuture.java:[1200,26] sun.misc.Unsafe is internal proprietary API and may be removed in a future release
[WARNING] /home/travis/build/passed/google/guava/guava/src/com/google/common/util/concurrent/AbstractFuture.java:[1208,15] sun.misc.Unsafe is internal proprietary API and may be removed in a future release
[WARNING] /home/travis/build/passed/google/guava/guava/src/com/google/common/util/concurrent/AbstractFuture.java:[1210,26] sun.misc.Unsafe is internal proprietary API and may be removed in a future release
[WARNING] /home/travis/build/passed/google/guava/guava/src/com/google/common/util/concurrent/AbstractFuture.java:[1215,57] sun.misc.Unsafe is internal proprietary API and may be removed in a future release
[WARNING] /home/travis/build/passed/google/guava/guava/src/com/google/common/util/concurrent/AbstractFuture.java:[1217,36] sun.misc.Unsafe is internal proprietary API and may be removed in a future release
[WARNING] /home/travis/build/passed/google/guava/guava/src/com/google/common/util/concurrent/AbstractFuture.java:[1218,37] sun.misc.Unsafe is internal proprietary API and may be removed in a future release
[WARNING] /home/travis/build/passed/google/guava/guava/src/com/google/common/util/concurrent/AbstractFuture.java:[1218,58] sun.misc.Unsafe is internal proprietary API and may be removed in a future release
[WARNING] /home/travis/build/passed/google/guava/guava/src/com/google/common/cache/Striped64.java:[109,34] sun.misc.Unsafe is internal proprietary API and may be removed in a future release
[WARNING] /home/travis/build/passed/google/guava/guava/src/com/google/common/cache/Striped64.java:[267,32] sun.misc.Unsafe is internal proprietary API and may be removed in a future release
[WARNING] /home/travis/build/passed/google/guava/guava/src/com/google/common/cache/Striped64.java:[288,26] sun.misc.Unsafe is internal proprietary API and may be removed in a future release
[WARNING] /home/travis/build/passed/google/guava/guava/src/com/google/common/cache/Striped64.java:[290,22] sun.misc.Unsafe is internal proprietary API and may be removed in a future release
[WARNING] /home/travis/build/passed/google/guava/guava/src/com/google/common/cache/Striped64.java:[295,63] sun.misc.Unsafe is internal proprietary API and may be removed in a future release
[WARNING] /home/travis/build/passed/google/guava/guava/src/com/google/common/cache/Striped64.java:[297,28] sun.misc.Unsafe is internal proprietary API and may be removed in a future release
[WARNING] /home/travis/build/passed/google/guava/guava/src/com/google/common/cache/Striped64.java:[298,29] sun.misc.Unsafe is internal proprietary API and may be removed in a future release
[WARNING] /home/travis/build/passed/google/guava/guava/src/com/google/common/cache/Striped64.java:[298,50] sun.misc.Unsafe is internal proprietary API and may be removed in a future release
[WARNING] /home/travis/build/passed/google/guava/guava/src/com/google/common/primitives/UnsignedBytes.java:[315,20] sun.misc.Unsafe is internal proprietary API and may be removed in a future release
[WARNING] /home/travis/build/passed/google/guava/guava/src/com/google/common/primitives/UnsignedBytes.java:[337,30] sun.misc.Unsafe is internal proprietary API and may be removed in a future release
[WARNING] /home/travis/build/passed/google/guava/guava/src/com/google/common/primitives/UnsignedBytes.java:[339,26] sun.misc.Unsafe is internal proprietary API and may be removed in a future release
[WARNING] /home/travis/build/passed/google/guava/guava/src/com/google/common/primitives/UnsignedBytes.java:[345,67] sun.misc.Unsafe is internal proprietary API and may be removed in a future release
[WARNING] /home/travis/build/passed/google/guava/guava/src/com/google/common/primitives/UnsignedBytes.java:[347,32] sun.misc.Unsafe is internal proprietary API and may be removed in a future release
[WARNING] /home/travis/build/passed/google/guava/guava/src/com/google/common/primitives/UnsignedBytes.java:[348,33] sun.misc.Unsafe is internal proprietary API and may be removed in a future release
[WARNING] /home/travis/build/passed/google/guava/guava/src/com/google/common/primitives/UnsignedBytes.java:[348,54] sun.misc.Unsafe is internal proprietary API and may be removed in a future release
[WARNING] /home/travis/build/passed/google/guava/guava/src/com/google/common/hash/Striped64.java:[109,34] sun.misc.Unsafe is internal proprietary API and may be removed in a future release
[WARNING] /home/travis/build/passed/google/guava/guava/src/com/google/common/hash/Striped64.java:[267,32] sun.misc.Unsafe is internal proprietary API and may be removed in a future release
[WARNING] /home/travis/build/passed/google/guava/guava/src/com/google/common/hash/Striped64.java:[288,26] sun.misc.Unsafe is internal proprietary API and may be removed in a future release
[WARNING] /home/travis/build/passed/google/guava/guava/src/com/google/common/hash/Striped64.java:[290,22] sun.misc.Unsafe is internal proprietary API and may be removed in a future release
[WARNING] /home/travis/build/passed/google/guava/guava/src/com/google/common/hash/Striped64.java:[295,63] sun.misc.Unsafe is internal proprietary API and may be removed in a future release
[WARNING] /home/travis/build/passed/google/guava/guava/src/com/google/common/hash/Striped64.java:[297,28] sun.misc.Unsafe is internal proprietary API and may be removed in a future release
[WARNING] /home/travis/build/passed/google/guava/guava/src/com/google/common/hash/Striped64.java:[298,29] sun.misc.Unsafe is internal proprietary API and may be removed in a future release
[WARNING] /home/travis/build/passed/google/guava/guava/src/com/google/common/hash/Striped64.java:[298,50] sun.misc.Unsafe is internal proprietary API and may be removed in a future release
[WARNING] /home/travis/build/passed/google/guava/guava/src/com/google/common/hash/LittleEndianByteArray.java:[156,26] sun.misc.Unsafe is internal proprietary API and may be removed in a future release
[WARNING] /home/travis/build/passed/google/guava/guava/src/com/google/common/hash/LittleEndianByteArray.java:[167,28] sun.misc.Unsafe is internal proprietary API and may be removed in a future release
[WARNING] /home/travis/build/passed/google/guava/guava/src/com/google/common/hash/LittleEndianByteArray.java:[169,24] sun.misc.Unsafe is internal proprietary API and may be removed in a future release
[WARNING] /home/travis/build/passed/google/guava/guava/src/com/google/common/hash/LittleEndianByteArray.java:[175,65] sun.misc.Unsafe is internal proprietary API and may be removed in a future release
[WARNING] /home/travis/build/passed/google/guava/guava/src/com/google/common/hash/LittleEndianByteArray.java:[177,30] sun.misc.Unsafe is internal proprietary API and may be removed in a future release
[WARNING] /home/travis/build/passed/google/guava/guava/src/com/google/common/hash/LittleEndianByteArray.java:[178,31] sun.misc.Unsafe is internal proprietary API and may be removed in a future release
[WARNING] /home/travis/build/passed/google/guava/guava/src/com/google/common/hash/LittleEndianByteArray.java:[178,52] sun.misc.Unsafe is internal proprietary API and may be removed in a future release
[INFO] /home/travis/build/passed/google/guava/guava/src/com/google/common/io/Files.java: Some input files use or override a deprecated API.
[INFO] /home/travis/build/passed/google/guava/guava/src/com/google/common/io/Files.java: Recompile with -Xlint:deprecation for details.
[INFO] /home/travis/build/passed/google/guava/guava/src/com/google/common/collect/ImmutableCollection.java: Some input files use unchecked or unsafe operations.
[INFO] /home/travis/build/passed/google/guava/guava/src/com/google/common/collect/ImmutableCollection.java: Recompile with -Xlint:unchecked for details.
[INFO] 
[INFO] --- maven-bundle-plugin:2.5.0:manifest (bundle-manifest) @ guava ---
[INFO] 
[INFO] --- maven-resources-plugin:3.2.0:testResources (default-testResources) @ guava ---
[INFO] Using 'UTF-8' encoding to copy filtered resources.
[INFO] Using 'UTF-8' encoding to copy filtered properties files.
[INFO] skip non existing resourceDirectory /home/travis/build/passed/google/guava/guava/test
[INFO] 
[INFO] --- maven-compiler-plugin:3.8.1:testCompile (default-testCompile) @ guava ---
[INFO] No sources to compile
[INFO] 
[INFO] --- maven-surefire-plugin:2.7.2:test (default-test) @ guava ---
[INFO] Tests are skipped.
[INFO] 
[INFO] --- animal-sniffer-maven-plugin:1.18:check (check-java-version-compatibility) @ guava ---
[INFO] Checking unresolved references to org.codehaus.mojo.signature:java18:1.0
[INFO] /home/travis/build/passed/google/guava/guava/src/com/google/common/io/LineReader.java:73: Covariant return type change detected: java.nio.Buffer java.nio.CharBuffer.clear() has been changed to java.nio.CharBuffer java.nio.CharBuffer.clear()
[INFO] /home/travis/build/passed/google/guava/guava/src/com/google/common/io/ByteStreams.java:147: Covariant return type change detected: java.nio.Buffer java.nio.ByteBuffer.flip() has been changed to java.nio.ByteBuffer java.nio.ByteBuffer.flip()
[INFO] /home/travis/build/passed/google/guava/guava/src/com/google/common/io/ByteStreams.java:151: Covariant return type change detected: java.nio.Buffer java.nio.ByteBuffer.clear() has been changed to java.nio.ByteBuffer java.nio.ByteBuffer.clear()
[INFO] /home/travis/build/passed/google/guava/guava/src/com/google/common/io/CharStreams.java:85: Covariant return type change detected: java.nio.Buffer java.nio.CharBuffer.flip() has been changed to java.nio.CharBuffer java.nio.CharBuffer.flip()
[INFO] /home/travis/build/passed/google/guava/guava/src/com/google/common/io/CharStreams.java:88: Covariant return type change detected: java.nio.Buffer java.nio.CharBuffer.clear() has been changed to java.nio.CharBuffer java.nio.CharBuffer.clear()
[INFO] /home/travis/build/passed/google/guava/guava/src/com/google/common/io/CharStreams.java:245: Covariant return type change detected: java.nio.Buffer java.nio.CharBuffer.clear() has been changed to java.nio.CharBuffer java.nio.CharBuffer.clear()
[INFO] /home/travis/build/passed/google/guava/guava/src/com/google/common/io/ReaderInputStream.java:107: Covariant return type change detected: java.nio.Buffer java.nio.CharBuffer.flip() has been changed to java.nio.CharBuffer java.nio.CharBuffer.flip()
[INFO] /home/travis/build/passed/google/guava/guava/src/com/google/common/io/ReaderInputStream.java:146: Covariant return type change detected: java.nio.Buffer java.nio.ByteBuffer.clear() has been changed to java.nio.ByteBuffer java.nio.ByteBuffer.clear()
[INFO] /home/travis/build/passed/google/guava/guava/src/com/google/common/io/ReaderInputStream.java:192: Covariant return type change detected: java.nio.Buffer java.nio.CharBuffer.position(int) has been changed to java.nio.CharBuffer java.nio.CharBuffer.position(int)
[INFO] /home/travis/build/passed/google/guava/guava/src/com/google/common/io/ReaderInputStream.java:193: Covariant return type change detected: java.nio.Buffer java.nio.CharBuffer.limit(int) has been changed to java.nio.CharBuffer java.nio.CharBuffer.limit(int)
[INFO] /home/travis/build/passed/google/guava/guava/src/com/google/common/io/ReaderInputStream.java:210: Covariant return type change detected: java.nio.Buffer java.nio.CharBuffer.flip() has been changed to java.nio.CharBuffer java.nio.CharBuffer.flip()
[INFO] /home/travis/build/passed/google/guava/guava/src/com/google/common/io/ReaderInputStream.java:223: Covariant return type change detected: java.nio.Buffer java.nio.CharBuffer.limit(int) has been changed to java.nio.CharBuffer java.nio.CharBuffer.limit(int)
[INFO] /home/travis/build/passed/google/guava/guava/src/com/google/common/io/ReaderInputStream.java:238: Covariant return type change detected: java.nio.Buffer java.nio.ByteBuffer.flip() has been changed to java.nio.ByteBuffer java.nio.ByteBuffer.flip()
[INFO] /home/travis/build/passed/google/guava/guava/src/com/google/common/hash/AbstractHasher.java:76: Covariant return type change detected: java.nio.Buffer java.nio.ByteBuffer.position(int) has been changed to java.nio.ByteBuffer java.nio.ByteBuffer.position(int)
[INFO] /home/travis/build/passed/google/guava/guava/src/com/google/common/hash/AbstractByteHasher.java:57: Covariant return type change detected: java.nio.Buffer java.nio.ByteBuffer.position(int) has been changed to java.nio.ByteBuffer java.nio.ByteBuffer.position(int)
[INFO] /home/travis/build/passed/google/guava/guava/src/com/google/common/hash/AbstractByteHasher.java:70: Covariant return type change detected: java.nio.Buffer java.nio.ByteBuffer.clear() has been changed to java.nio.ByteBuffer java.nio.ByteBuffer.clear()
[INFO] /home/travis/build/passed/google/guava/guava/src/com/google/common/hash/AbstractByteHasher.java:70: Covariant return type change detected: java.nio.Buffer java.nio.ByteBuffer.clear() has been changed to java.nio.ByteBuffer java.nio.ByteBuffer.clear()
[INFO] /home/travis/build/passed/google/guava/guava/src/com/google/common/hash/AbstractStreamingHasher.java:83: Covariant return type change detected: java.nio.Buffer java.nio.ByteBuffer.position(int) has been changed to java.nio.ByteBuffer java.nio.ByteBuffer.position(int)
[INFO] /home/travis/build/passed/google/guava/guava/src/com/google/common/hash/AbstractStreamingHasher.java:84: Covariant return type change detected: java.nio.Buffer java.nio.ByteBuffer.limit(int) has been changed to java.nio.ByteBuffer java.nio.ByteBuffer.limit(int)
[INFO] /home/travis/build/passed/google/guava/guava/src/com/google/common/hash/AbstractStreamingHasher.java:88: Covariant return type change detected: java.nio.Buffer java.nio.ByteBuffer.limit(int) has been changed to java.nio.ByteBuffer java.nio.ByteBuffer.limit(int)
[INFO] /home/travis/build/passed/google/guava/guava/src/com/google/common/hash/AbstractStreamingHasher.java:89: Covariant return type change detected: java.nio.Buffer java.nio.ByteBuffer.flip() has been changed to java.nio.ByteBuffer java.nio.ByteBuffer.flip()
[INFO] /home/travis/build/passed/google/guava/guava/src/com/google/common/hash/AbstractStreamingHasher.java:182: Covariant return type change detected: java.nio.Buffer java.nio.ByteBuffer.flip() has been changed to java.nio.ByteBuffer java.nio.ByteBuffer.flip()
[INFO] /home/travis/build/passed/google/guava/guava/src/com/google/common/hash/AbstractStreamingHasher.java:185: Covariant return type change detected: java.nio.Buffer java.nio.ByteBuffer.position(int) has been changed to java.nio.ByteBuffer java.nio.ByteBuffer.position(int)
[INFO] /home/travis/build/passed/google/guava/guava/src/com/google/common/hash/AbstractStreamingHasher.java:206: Covariant return type change detected: java.nio.Buffer java.nio.ByteBuffer.flip() has been changed to java.nio.ByteBuffer java.nio.ByteBuffer.flip()
[INFO] /home/travis/build/passed/google/guava/guava/src/com/google/common/hash/AbstractCompositeHashFunction.java:101: Covariant return type change detected: java.nio.Buffer java.nio.ByteBuffer.position(int) has been changed to java.nio.ByteBuffer java.nio.ByteBuffer.position(int)
[INFO] 
[INFO] --- maven-bundle-plugin:2.5.0:bundle (default-bundle) @ guava ---
[INFO] 
[INFO] >>> maven-source-plugin:3.2.0:jar (attach-sources) > generate-sources @ guava >>>
[INFO] 
[INFO] --- maven-enforcer-plugin:3.0.0-M2:enforce (enforce-versions) @ guava ---
[INFO] 
[INFO] --- maven-dependency-plugin:3.1.1:unpack-dependencies (unpack-jdk-sources) @ guava ---
[INFO] jdk:srczip:jar:999 already exists in destination.
[INFO] 
[INFO] <<< maven-source-plugin:3.2.0:jar (attach-sources) < generate-sources @ guava <<<
[INFO] 
[INFO] 
[INFO] --- maven-source-plugin:3.2.0:jar (attach-sources) @ guava ---
[INFO] Building jar: /home/travis/build/passed/google/guava/guava/target/guava-HEAD-jre-SNAPSHOT-sources.jar
[INFO] 
[INFO] --- maven-javadoc-plugin:3.1.0:jar (attach-docs) @ guava ---
[INFO] 
10 warnings
[WARNING] Javadoc Warnings
[WARNING] /home/travis/build/passed/google/guava/guava/target/jdk-sources/java.base/java/util/ArrayList.java:572: warning: as of release 10, 'var' is a restricted local variable type and cannot be used for type declarations or as the element type of an array
[WARNING] var oit = other.iterator();
[WARNING] ^
[WARNING] /home/travis/build/passed/google/guava/guava/target/jdk-sources/java.base/java/util/DoubleSummaryStatistics.java:118: warning: as of release 10, 'var' is a restricted local variable type and cannot be used for type declarations or as the element type of an array
[WARNING] var ncount = DoubleStream.of(min, max, sum).filter(Double::isNaN).count();
[WARNING] ^
[WARNING] /home/travis/build/passed/google/guava/guava/target/jdk-sources/java.base/java/lang/reflect/Proxy.java:710: warning: as of release 10, 'var' is a restricted local variable type and cannot be used for type declarations or as the element type of an array
[WARNING] var types = new HashSet<Class<?>>();
[WARNING] ^
[WARNING] /home/travis/build/passed/google/guava/guava/target/jdk-sources/java.base/java/lang/reflect/Proxy.java:711: warning: as of release 10, 'var' is a restricted local variable type and cannot be used for type declarations or as the element type of an array
[WARNING] for (var intf : interfaces) {
[WARNING] ^
[WARNING] /home/travis/build/passed/google/guava/guava/target/jdk-sources/java.base/java/lang/reflect/Proxy.java:725: warning: as of release 10, 'var' is a restricted local variable type and cannot be used for type declarations or as the element type of an array
[WARNING] for (var cls : classes) {
[WARNING] ^
[WARNING] /home/travis/build/passed/google/guava/guava/target/jdk-sources/java.base/java/lang/reflect/Proxy.java:732: warning: as of release 10, 'var' is a restricted local variable type and cannot be used for type declarations or as the element type of an array
[WARNING] var type = getElementType(cls);
[WARNING] ^
[WARNING] /home/travis/build/passed/google/guava/guava/target/jdk-sources/java.base/java/util/Properties.java:1493: warning: as of release 10, 'var' is a restricted local variable type and cannot be used for type declarations or as the element type of an array
[WARNING] var map = this.map;
[WARNING] ^
[WARNING] /home/travis/build/passed/google/guava/guava/target/jdk-sources/java.base/java/util/Properties.java:1548: warning: as of release 10, 'var' is a restricted local variable type and cannot be used for type declarations or as the element type of an array
[WARNING] var map = new ConcurrentHashMap<>(elements);
[WARNING] ^
[WARNING] /home/travis/build/passed/google/guava/guava/target/jdk-sources/java.base/java/util/jar/Attributes.java:672: warning: as of release 10, 'var' is a restricted local variable type and cannot be used for type declarations or as the element type of an array
[WARNING] var names = new HashMap<String, Name>(64);
[WARNING] ^
[WARNING] /home/travis/build/passed/google/guava/guava/target/jdk-sources/java.base/java/util/jar/JarFile.java:1104: warning: as of release 10, 'var' is a restricted local variable type and cannot be used for type declarations or as the element type of an array
[WARNING] final var unfilteredEntries = JUZFA.entries(JarFile.this, JarFileEntry::new);
[WARNING] ^
[INFO] Building jar: /home/travis/build/passed/google/guava/guava/target/guava-HEAD-jre-SNAPSHOT-javadoc.jar
[INFO] 
[INFO] --- maven-install-plugin:3.0.0-M1:install (default-install) @ guava ---
[INFO] Installing /home/travis/build/passed/google/guava/guava/target/guava-HEAD-jre-SNAPSHOT.jar to /home/travis/.m2/repository/com/google/guava/guava/HEAD-jre-SNAPSHOT/guava-HEAD-jre-SNAPSHOT.jar
[INFO] Installing /home/travis/build/passed/google/guava/guava/pom.xml to /home/travis/.m2/repository/com/google/guava/guava/HEAD-jre-SNAPSHOT/guava-HEAD-jre-SNAPSHOT.pom
[INFO] Installing /home/travis/build/passed/google/guava/guava/target/guava-HEAD-jre-SNAPSHOT-sources.jar to /home/travis/.m2/repository/com/google/guava/guava/HEAD-jre-SNAPSHOT/guava-HEAD-jre-SNAPSHOT-sources.jar
[INFO] Installing /home/travis/build/passed/google/guava/guava/target/guava-HEAD-jre-SNAPSHOT-javadoc.jar to /home/travis/.m2/repository/com/google/guava/guava/HEAD-jre-SNAPSHOT/guava-HEAD-jre-SNAPSHOT-javadoc.jar
[INFO] 
[INFO] --- maven-bundle-plugin:2.5.0:install (default-install) @ guava ---
[INFO] Installing com/google/guava/guava/HEAD-jre-SNAPSHOT/guava-HEAD-jre-SNAPSHOT.jar
[INFO] Writing OBR metadata
[INFO] 
[INFO] ---------------------< com.google.guava:guava-bom >---------------------
[INFO] Building Guava BOM HEAD-jre-SNAPSHOT                               [3/6]
[INFO] --------------------------------[ pom ]---------------------------------
[INFO] 
[INFO] --- maven-enforcer-plugin:1.2:enforce (enforce-maven) @ guava-bom ---
[INFO] 
[INFO] --- maven-install-plugin:2.4:install (default-install) @ guava-bom ---
[INFO] Installing /home/travis/build/passed/google/guava/guava-bom/pom.xml to /home/travis/.m2/repository/com/google/guava/guava-bom/HEAD-jre-SNAPSHOT/guava-bom-HEAD-jre-SNAPSHOT.pom
[INFO] 
[INFO] -------------------< com.google.guava:guava-testlib >-------------------
[INFO] Building Guava Testing Library HEAD-jre-SNAPSHOT                   [4/6]
[INFO] --------------------------------[ jar ]---------------------------------
[INFO] 
[INFO] --- maven-enforcer-plugin:3.0.0-M2:enforce (enforce-versions) @ guava-testlib ---
[INFO] 
[INFO] --- maven-resources-plugin:2.6:resources (default-resources) @ guava-testlib ---
[INFO] Using 'UTF-8' encoding to copy filtered resources.
[INFO] Copying 0 resource
[INFO] 
[INFO] --- maven-compiler-plugin:3.8.1:compile (default-compile) @ guava-testlib ---
[INFO] Changes detected - recompiling the module!
[INFO] Compiling 287 source files to /home/travis/build/passed/google/guava/guava-testlib/target/classes
[INFO] /home/travis/build/passed/google/guava/guava-testlib/src/com/google/common/collect/testing/Helpers.java: Some input files use or override a deprecated API.
[INFO] /home/travis/build/passed/google/guava/guava-testlib/src/com/google/common/collect/testing/Helpers.java: Recompile with -Xlint:deprecation for details.
[INFO] /home/travis/build/passed/google/guava/guava-testlib/src/com/google/common/collect/testing/Helpers.java: Some input files use unchecked or unsafe operations.
[INFO] /home/travis/build/passed/google/guava/guava-testlib/src/com/google/common/collect/testing/Helpers.java: Recompile with -Xlint:unchecked for details.
[INFO] 
[INFO] --- maven-resources-plugin:2.6:testResources (default-testResources) @ guava-testlib ---
[INFO] Using 'UTF-8' encoding to copy filtered resources.
[INFO] Copying 0 resource
[INFO] 
[INFO] --- maven-compiler-plugin:3.8.1:testCompile (default-testCompile) @ guava-testlib ---
[INFO] Changes detected - recompiling the module!
[INFO] Compiling 35 source files to /home/travis/build/passed/google/guava/guava-testlib/target/test-classes
[INFO] /home/travis/build/passed/google/guava/guava-testlib/test/com/google/common/testing/GcFinalizationTest.java: /home/travis/build/passed/google/guava/guava-testlib/test/com/google/common/testing/GcFinalizationTest.java uses or overrides a deprecated API.
[INFO] /home/travis/build/passed/google/guava/guava-testlib/test/com/google/common/testing/GcFinalizationTest.java: Recompile with -Xlint:deprecation for details.
[INFO] 
[INFO] --- maven-surefire-plugin:2.7.2:test (default-test) @ guava-testlib ---
[INFO] Tests are skipped.
[INFO] 
[INFO] --- animal-sniffer-maven-plugin:1.18:check (check-java-version-compatibility) @ guava-testlib ---
[INFO] Checking unresolved references to org.codehaus.mojo.signature:java18:1.0
[INFO] 
[INFO] --- maven-jar-plugin:3.2.0:jar (default-jar) @ guava-testlib ---
[INFO] Building jar: /home/travis/build/passed/google/guava/guava-testlib/target/guava-testlib-HEAD-jre-SNAPSHOT.jar
[INFO] 
[INFO] --- maven-jar-plugin:3.2.0:test-jar (create-test-jar) @ guava-testlib ---
[INFO] Building jar: /home/travis/build/passed/google/guava/guava-testlib/target/guava-testlib-HEAD-jre-SNAPSHOT-tests.jar
[INFO] 
[INFO] >>> maven-source-plugin:3.2.0:jar (attach-sources) > generate-sources @ guava-testlib >>>
[INFO] 
[INFO] --- maven-enforcer-plugin:3.0.0-M2:enforce (enforce-versions) @ guava-testlib ---
[INFO] 
[INFO] <<< maven-source-plugin:3.2.0:jar (attach-sources) < generate-sources @ guava-testlib <<<
[INFO] 
[INFO] 
[INFO] --- maven-source-plugin:3.2.0:jar (attach-sources) @ guava-testlib ---
[INFO] Building jar: /home/travis/build/passed/google/guava/guava-testlib/target/guava-testlib-HEAD-jre-SNAPSHOT-sources.jar
[INFO] 
[INFO] >>> maven-source-plugin:3.2.0:test-jar (attach-test-sources) > generate-sources @ guava-testlib >>>
[INFO] 
[INFO] --- maven-enforcer-plugin:3.0.0-M2:enforce (enforce-versions) @ guava-testlib ---
[INFO] 
[INFO] <<< maven-source-plugin:3.2.0:test-jar (attach-test-sources) < generate-sources @ guava-testlib <<<
[INFO] 
[INFO] 
[INFO] --- maven-source-plugin:3.2.0:test-jar (attach-test-sources) @ guava-testlib ---
[INFO] Building jar: /home/travis/build/passed/google/guava/guava-testlib/target/guava-testlib-HEAD-jre-SNAPSHOT-test-sources.jar
[INFO] 
[INFO] --- maven-javadoc-plugin:3.1.0:jar (attach-docs) @ guava-testlib ---
[INFO] Building jar: /home/travis/build/passed/google/guava/guava-testlib/target/guava-testlib-HEAD-jre-SNAPSHOT-javadoc.jar
[INFO] 
[INFO] --- maven-install-plugin:2.4:install (default-install) @ guava-testlib ---
[INFO] Installing /home/travis/build/passed/google/guava/guava-testlib/target/guava-testlib-HEAD-jre-SNAPSHOT.jar to /home/travis/.m2/repository/com/google/guava/guava-testlib/HEAD-jre-SNAPSHOT/guava-testlib-HEAD-jre-SNAPSHOT.jar
[INFO] Installing /home/travis/build/passed/google/guava/guava-testlib/pom.xml to /home/travis/.m2/repository/com/google/guava/guava-testlib/HEAD-jre-SNAPSHOT/guava-testlib-HEAD-jre-SNAPSHOT.pom
[INFO] Installing /home/travis/build/passed/google/guava/guava-testlib/target/guava-testlib-HEAD-jre-SNAPSHOT-tests.jar to /home/travis/.m2/repository/com/google/guava/guava-testlib/HEAD-jre-SNAPSHOT/guava-testlib-HEAD-jre-SNAPSHOT-tests.jar
[INFO] Installing /home/travis/build/passed/google/guava/guava-testlib/target/guava-testlib-HEAD-jre-SNAPSHOT-sources.jar to /home/travis/.m2/repository/com/google/guava/guava-testlib/HEAD-jre-SNAPSHOT/guava-testlib-HEAD-jre-SNAPSHOT-sources.jar
[INFO] Installing /home/travis/build/passed/google/guava/guava-testlib/target/guava-testlib-HEAD-jre-SNAPSHOT-test-sources.jar to /home/travis/.m2/repository/com/google/guava/guava-testlib/HEAD-jre-SNAPSHOT/guava-testlib-HEAD-jre-SNAPSHOT-test-sources.jar
[INFO] Installing /home/travis/build/passed/google/guava/guava-testlib/target/guava-testlib-HEAD-jre-SNAPSHOT-javadoc.jar to /home/travis/.m2/repository/com/google/guava/guava-testlib/HEAD-jre-SNAPSHOT/guava-testlib-HEAD-jre-SNAPSHOT-javadoc.jar
[INFO] 
[INFO] --------------------< com.google.guava:guava-tests >--------------------
[INFO] Building Guava Unit Tests HEAD-jre-SNAPSHOT                        [5/6]
[INFO] --------------------------------[ jar ]---------------------------------
[INFO] 
[INFO] --- maven-enforcer-plugin:3.0.0-M2:enforce (enforce-versions) @ guava-tests ---
[INFO] 
[INFO] --- maven-resources-plugin:2.6:resources (default-resources) @ guava-tests ---
[INFO] Using 'UTF-8' encoding to copy filtered resources.
[INFO] skip non existing resourceDirectory /home/travis/build/passed/google/guava/guava-tests/src
[INFO] 
[INFO] --- maven-compiler-plugin:3.8.1:compile (default-compile) @ guava-tests ---
[INFO] No sources to compile
[INFO] 
[INFO] --- build-helper-maven-plugin:1.7:add-test-source (add-benchmark-sources) @ guava-tests ---
[INFO] Test Source directory: /home/travis/build/passed/google/guava/guava-tests/benchmark added.
[INFO] 
[INFO] --- maven-resources-plugin:2.6:testResources (default-testResources) @ guava-tests ---
[INFO] Using 'UTF-8' encoding to copy filtered resources.
[INFO] Copying 6 resources
[INFO] 
[INFO] --- maven-compiler-plugin:3.8.1:testCompile (default-testCompile) @ guava-tests ---
[INFO] Changes detected - recompiling the module!
[INFO] Compiling 555 source files to /home/travis/build/passed/google/guava/guava-tests/target/test-classes
[WARNING] /home/travis/build/passed/google/guava/guava-tests/test/com/google/common/hash/MacHashFunctionTest.java:[32,24] sun.security.jca.ProviderList is internal proprietary API and may be removed in a future release
[WARNING] /home/travis/build/passed/google/guava/guava-tests/test/com/google/common/hash/MacHashFunctionTest.java:[33,24] sun.security.jca.Providers is internal proprietary API and may be removed in a future release
[WARNING] /home/travis/build/passed/google/guava/guava-tests/benchmark/com/google/common/util/concurrent/ExecutionListBenchmark.java:[579,34] sun.misc.Unsafe is internal proprietary API and may be removed in a future release
[WARNING] /home/travis/build/passed/google/guava/guava-tests/benchmark/com/google/common/util/concurrent/ExecutionListBenchmark.java:[598,28] sun.misc.Unsafe is internal proprietary API and may be removed in a future release
[WARNING] /home/travis/build/passed/google/guava/guava-tests/benchmark/com/google/common/util/concurrent/ExecutionListBenchmark.java:[600,24] sun.misc.Unsafe is internal proprietary API and may be removed in a future release
[WARNING] /home/travis/build/passed/google/guava/guava-tests/benchmark/com/google/common/util/concurrent/ExecutionListBenchmark.java:[605,65] sun.misc.Unsafe is internal proprietary API and may be removed in a future release
[WARNING] /home/travis/build/passed/google/guava/guava-tests/benchmark/com/google/common/util/concurrent/ExecutionListBenchmark.java:[607,30] sun.misc.Unsafe is internal proprietary API and may be removed in a future release
[WARNING] /home/travis/build/passed/google/guava/guava-tests/benchmark/com/google/common/util/concurrent/ExecutionListBenchmark.java:[608,31] sun.misc.Unsafe is internal proprietary API and may be removed in a future release
[WARNING] /home/travis/build/passed/google/guava/guava-tests/benchmark/com/google/common/util/concurrent/ExecutionListBenchmark.java:[608,52] sun.misc.Unsafe is internal proprietary API and may be removed in a future release
[WARNING] /home/travis/build/passed/google/guava/guava-tests/test/com/google/common/hash/MacHashFunctionTest.java:[82,5] sun.security.jca.ProviderList is internal proprietary API and may be removed in a future release
[WARNING] /home/travis/build/passed/google/guava/guava-tests/test/com/google/common/hash/MacHashFunctionTest.java:[82,30] sun.security.jca.Providers is internal proprietary API and may be removed in a future release
[WARNING] /home/travis/build/passed/google/guava/guava-tests/test/com/google/common/hash/MacHashFunctionTest.java:[83,5] sun.security.jca.Providers is internal proprietary API and may be removed in a future release
[WARNING] /home/travis/build/passed/google/guava/guava-tests/test/com/google/common/hash/MacHashFunctionTest.java:[83,31] sun.security.jca.ProviderList is internal proprietary API and may be removed in a future release
[WARNING] /home/travis/build/passed/google/guava/guava-tests/test/com/google/common/hash/MacHashFunctionTest.java:[89,7] sun.security.jca.Providers is internal proprietary API and may be removed in a future release
[WARNING] /home/travis/build/passed/google/guava/guava-tests/test/com/google/common/util/concurrent/AbstractFutureFallbackAtomicHelperTest.java:[57,46] sun.misc.Unsafe is internal proprietary API and may be removed in a future release
[WARNING] /home/travis/build/passed/google/guava/guava-tests/test/com/google/common/util/concurrent/AbstractFutureFallbackAtomicHelperTest.java:[66,23] sun.misc.Unsafe is internal proprietary API and may be removed in a future release
[INFO] /home/travis/build/passed/google/guava/guava-tests/test/com/google/common/util/concurrent/TestThread.java: Some input files use or override a deprecated API.
[INFO] /home/travis/build/passed/google/guava/guava-tests/test/com/google/common/util/concurrent/TestThread.java: Recompile with -Xlint:deprecation for details.
[INFO] /home/travis/build/passed/google/guava/guava-tests/benchmark/com/google/common/util/concurrent/FuturesGetCheckedBenchmark.java: /home/travis/build/passed/google/guava/guava-tests/benchmark/com/google/common/util/concurrent/FuturesGetCheckedBenchmark.java uses or overrides a deprecated API that is marked for removal.
[INFO] /home/travis/build/passed/google/guava/guava-tests/benchmark/com/google/common/util/concurrent/FuturesGetCheckedBenchmark.java: Recompile with -Xlint:removal for details.
[INFO] /home/travis/build/passed/google/guava/guava-tests/test/com/google/common/collect/ForwardingSortedSetMultimapTest.java: Some input files use unchecked or unsafe operations.
[INFO] /home/travis/build/passed/google/guava/guava-tests/test/com/google/common/collect/ForwardingSortedSetMultimapTest.java: Recompile with -Xlint:unchecked for details.
[INFO] 
[INFO] --- maven-surefire-plugin:2.7.2:test (default-test) @ guava-tests ---
[INFO] Tests are skipped.
[INFO] 
[INFO] --- animal-sniffer-maven-plugin:1.18:check (check-java-version-compatibility) @ guava-tests ---
[INFO] Checking unresolved references to org.codehaus.mojo.signature:java18:1.0
[INFO] 
[INFO] --- maven-jar-plugin:3.2.0:jar (default-jar) @ guava-tests ---
[INFO] Skipping packaging of the jar
[INFO] 
[INFO] --- maven-jar-plugin:3.2.0:test-jar (create-test-jar) @ guava-tests ---
[INFO] Building jar: /home/travis/build/passed/google/guava/guava-tests/target/guava-tests-HEAD-jre-SNAPSHOT-tests.jar
[INFO] 
[INFO] --- maven-javadoc-plugin:3.1.0:jar (attach-docs) @ guava-tests ---
[INFO] 
[INFO] >>> maven-source-plugin:3.2.0:jar (attach-sources) > generate-sources @ guava-tests >>>
[INFO] 
[INFO] --- maven-enforcer-plugin:3.0.0-M2:enforce (enforce-versions) @ guava-tests ---
[INFO] 
[INFO] <<< maven-source-plugin:3.2.0:jar (attach-sources) < generate-sources @ guava-tests <<<
[INFO] 
[INFO] 
[INFO] --- maven-source-plugin:3.2.0:jar (attach-sources) @ guava-tests ---
[INFO] No sources in project. Archive not created.
[INFO] 
[INFO] >>> maven-source-plugin:3.2.0:test-jar (attach-test-sources) > generate-sources @ guava-tests >>>
[INFO] 
[INFO] --- maven-enforcer-plugin:3.0.0-M2:enforce (enforce-versions) @ guava-tests ---
[INFO] 
[INFO] <<< maven-source-plugin:3.2.0:test-jar (attach-test-sources) < generate-sources @ guava-tests <<<
[INFO] 
[INFO] 
[INFO] --- maven-source-plugin:3.2.0:test-jar (attach-test-sources) @ guava-tests ---
[INFO] Building jar: /home/travis/build/passed/google/guava/guava-tests/target/guava-tests-HEAD-jre-SNAPSHOT-test-sources.jar
[INFO] 
[INFO] --- maven-install-plugin:2.4:install (default-install) @ guava-tests ---
[INFO] No primary artifact to install, installing attached artifacts instead.
[INFO] Installing /home/travis/build/passed/google/guava/guava-tests/pom.xml to /home/travis/.m2/repository/com/google/guava/guava-tests/HEAD-jre-SNAPSHOT/guava-tests-HEAD-jre-SNAPSHOT.pom
[INFO] Installing /home/travis/build/passed/google/guava/guava-tests/target/guava-tests-HEAD-jre-SNAPSHOT-tests.jar to /home/travis/.m2/repository/com/google/guava/guava-tests/HEAD-jre-SNAPSHOT/guava-tests-HEAD-jre-SNAPSHOT-tests.jar
[INFO] Installing /home/travis/build/passed/google/guava/guava-tests/target/guava-tests-HEAD-jre-SNAPSHOT-test-sources.jar to /home/travis/.m2/repository/com/google/guava/guava-tests/HEAD-jre-SNAPSHOT/guava-tests-HEAD-jre-SNAPSHOT-test-sources.jar
[INFO] 
[INFO] ---------------------< com.google.guava:guava-gwt >---------------------
[INFO] Building Guava GWT compatible libs HEAD-jre-SNAPSHOT               [6/6]
[INFO] --------------------------------[ jar ]---------------------------------
[INFO] 
[INFO] --- maven-enforcer-plugin:3.0.0-M2:enforce (enforce-versions) @ guava-gwt ---
[INFO] 
[INFO] --- maven-dependency-plugin:3.1.1:unpack-dependencies (unpack-failureaccess-sources) @ guava-gwt ---
[INFO] Unpacking /home/travis/.m2/repository/com/google/guava/failureaccess/1.0.1/failureaccess-1.0.1-sources.jar to /home/travis/build/passed/google/guava/guava-gwt/target/failureaccess-sources with includes "" and excludes "META-INF/MANIFEST.MF"
[INFO] 
[INFO] --- maven-dependency-plugin:3.1.1:unpack-dependencies (unpack-guava-sources) @ guava-gwt ---
[INFO] Unpacking /home/travis/build/passed/google/guava/guava/target/guava-HEAD-jre-SNAPSHOT-sources.jar to /home/travis/build/passed/google/guava/guava-gwt/target/guava-sources with includes "" and excludes "META-INF/MANIFEST.MF"
[INFO] 
[INFO] --- maven-dependency-plugin:3.1.1:unpack-dependencies (unpack-guava-testlib-sources) @ guava-gwt ---
[INFO] Unpacking /home/travis/build/passed/google/guava/guava-testlib/target/guava-testlib-HEAD-jre-SNAPSHOT-sources.jar to /home/travis/build/passed/google/guava/guava-gwt/target/guava-test-sources with includes "" and excludes "META-INF/MANIFEST.MF"
[INFO] 
[INFO] --- maven-dependency-plugin:3.1.1:unpack-dependencies (unpack-guava-testlib-test-sources) @ guava-gwt ---
[INFO] Unpacking /home/travis/build/passed/google/guava/guava-testlib/target/guava-testlib-HEAD-jre-SNAPSHOT-test-sources.jar to /home/travis/build/passed/google/guava/guava-gwt/target/guava-test-sources with includes "" and excludes "META-INF/MANIFEST.MF"
[INFO] 
[INFO] --- maven-dependency-plugin:3.1.1:unpack-dependencies (unpack-guava-test-sources) @ guava-gwt ---
[INFO] Unpacking /home/travis/build/passed/google/guava/guava-tests/target/guava-tests-HEAD-jre-SNAPSHOT-test-sources.jar to /home/travis/build/passed/google/guava/guava-gwt/target/guava-test-sources with includes "" and excludes "META-INF/MANIFEST.MF"
[INFO] 
[INFO] --- maven-antrun-plugin:1.6:run (copy-gwt-files) @ guava-gwt ---
[INFO] Executing tasks

copy-gwt-resources:
     [copy] Copying 316 files to /home/travis/build/passed/google/guava/guava-gwt/target/guava-gwt-sources
     [copy] Copied 28 empty directories to 8 empty directories under /home/travis/build/passed/google/guava/guava-gwt/target/guava-gwt-sources
     [copy] Copying 1 file to /home/travis/build/passed/google/guava/guava-gwt/target/guava-gwt-sources
     [copy] Copying 1 file to /home/travis/build/passed/google/guava/guava-gwt/target/guava-gwt-sources
     [copy] Copying 1 file to /home/travis/build/passed/google/guava/guava-gwt/target/guava-gwt-sources
     [copy] Copying 437 files to /home/travis/build/passed/google/guava/guava-gwt/target/guava-test-gwt-sources
     [copy] Copied 36 empty directories to 7 empty directories under /home/travis/build/passed/google/guava/guava-gwt/target/guava-test-gwt-sources
[INFO] Executed tasks
[INFO] 
[INFO] --- maven-resources-plugin:2.6:resources (default-resources) @ guava-gwt ---
[INFO] Using 'UTF-8' encoding to copy filtered resources.
[INFO] Copying 83 resources
[INFO] Copying 52 resources
[INFO] Copying 319 resources
[INFO] 
[INFO] --- maven-compiler-plugin:3.8.1:compile (default-compile) @ guava-gwt ---
[INFO] Changes detected - recompiling the module!
[INFO] Compiling 67 source files to /home/travis/build/passed/google/guava/guava-gwt/target/classes
[INFO] /home/travis/build/passed/google/guava/guava-gwt/src/com/google/common/collect/TreeBasedTable_CustomFieldSerializer.java: Some input files use or override a deprecated API.
[INFO] /home/travis/build/passed/google/guava/guava-gwt/src/com/google/common/collect/TreeBasedTable_CustomFieldSerializer.java: Recompile with -Xlint:deprecation for details.
[INFO] /home/travis/build/passed/google/guava/guava-gwt/src/com/google/common/collect/Range_CustomFieldSerializer.java: /home/travis/build/passed/google/guava/guava-gwt/src/com/google/common/collect/Range_CustomFieldSerializer.java uses unchecked or unsafe operations.
[INFO] /home/travis/build/passed/google/guava/guava-gwt/src/com/google/common/collect/Range_CustomFieldSerializer.java: Recompile with -Xlint:unchecked for details.
[INFO] 
[INFO] --- maven-resources-plugin:2.6:testResources (default-testResources) @ guava-gwt ---
[INFO] Using 'UTF-8' encoding to copy filtered resources.
[INFO] Copying 190 resources
[INFO] Copying 6 resources
[INFO] Copying 437 resources
[INFO] 
[INFO] --- maven-compiler-plugin:3.8.1:testCompile (default-testCompile) @ guava-gwt ---
[INFO] Changes detected - recompiling the module!
[INFO] Compiling 172 source files to /home/travis/build/passed/google/guava/guava-gwt/target/test-classes
[INFO] 
[INFO] --- maven-surefire-plugin:2.7.2:test (default-test) @ guava-gwt ---
[INFO] Tests are skipped.
[INFO] 
[INFO] --- gwt-maven-plugin:2.8.2:compile (gwt-compile) @ guava-gwt ---
[ERROR] Picked up _JAVA_OPTIONS: -Xmx2048m -Xms512m
[ERROR] Feb 12, 2022 4:36:49 PM java.util.prefs.FileSystemPreferences$1 run
[ERROR] INFO: Created user preferences directory.
[INFO] 
[INFO] --- maven-jar-plugin:3.2.0:jar (default-jar) @ guava-gwt ---
[INFO] Building jar: /home/travis/build/passed/google/guava/guava-gwt/target/guava-gwt-HEAD-jre-SNAPSHOT.jar
[INFO] 
[INFO] --- gwt-maven-plugin:2.8.2:test (gwt-test) @ guava-gwt ---
[INFO] 
[INFO] >>> maven-source-plugin:3.2.0:jar (attach-sources) > generate-sources @ guava-gwt >>>
[INFO] 
[INFO] --- maven-enforcer-plugin:3.0.0-M2:enforce (enforce-versions) @ guava-gwt ---
[INFO] 
[INFO] <<< maven-source-plugin:3.2.0:jar (attach-sources) < generate-sources @ guava-gwt <<<
[INFO] 
[INFO] 
[INFO] --- maven-source-plugin:3.2.0:jar (attach-sources) @ guava-gwt ---
[INFO] Building jar: /home/travis/build/passed/google/guava/guava-gwt/target/guava-gwt-HEAD-jre-SNAPSHOT-sources.jar
[INFO] 
[INFO] --- maven-javadoc-plugin:3.1.0:jar (attach-docs) @ guava-gwt ---
[INFO] Skipping javadoc generation
[INFO] 
[INFO] --- maven-install-plugin:2.4:install (default-install) @ guava-gwt ---
[INFO] Installing /home/travis/build/passed/google/guava/guava-gwt/target/guava-gwt-HEAD-jre-SNAPSHOT.jar to /home/travis/.m2/repository/com/google/guava/guava-gwt/HEAD-jre-SNAPSHOT/guava-gwt-HEAD-jre-SNAPSHOT.jar
[INFO] Installing /home/travis/build/passed/google/guava/guava-gwt/pom.xml to /home/travis/.m2/repository/com/google/guava/guava-gwt/HEAD-jre-SNAPSHOT/guava-gwt-HEAD-jre-SNAPSHOT.pom
[INFO] Installing /home/travis/build/passed/google/guava/guava-gwt/target/guava-gwt-HEAD-jre-SNAPSHOT-sources.jar to /home/travis/.m2/repository/com/google/guava/guava-gwt/HEAD-jre-SNAPSHOT/guava-gwt-HEAD-jre-SNAPSHOT-sources.jar
[INFO] ------------------------------------------------------------------------
[INFO] Reactor Summary for Guava Maven Parent HEAD-jre-SNAPSHOT:
[INFO] 
[INFO] Guava Maven Parent ................................. SUCCESS [  1.068 s]
[INFO] Guava: Google Core Libraries for Java .............. SUCCESS [01:32 min]
[INFO] Guava BOM .......................................... SUCCESS [  0.294 s]
[INFO] Guava Testing Library .............................. SUCCESS [ 25.677 s]
[INFO] Guava Unit Tests ................................... SUCCESS [ 31.173 s]
[INFO] Guava GWT compatible libs .......................... SUCCESS [ 33.325 s]
[INFO] ------------------------------------------------------------------------
[INFO] BUILD SUCCESS
[INFO] ------------------------------------------------------------------------
[INFO] Total time:  03:06 min
[INFO] Finished at: 2022-02-12T16:37:10Z
[INFO] ------------------------------------------------------------------------
travis_time:end:019a93d8:start=1644683642391675690,finish=1644683830828430019,duration=188436754329,event=install[0Ktravis_fold:end:install[0Ktravis_time:start:03c1fb18[0K$ travis_wait 60 mvn -B -Dorg.slf4j.simpleLogger.log.org.apache.maven.cli.transfer.Slf4jMavenTransferListener=warn verify -U -Dmaven.javadoc.skip=true -f $ROOT_POM


Still running (1 of 60): mvn -B -Dorg.slf4j.simpleLogger.log.org.apache.maven.cli.transfer.Slf4jMavenTransferListener=warn verify -U -Dmaven.javadoc.skip=true -f pom.xmlStill running (2 of 60): mvn -B -Dorg.slf4j.simpleLogger.log.org.apache.maven.cli.transfer.Slf4jMavenTransferListener=warn verify -U -Dmaven.javadoc.skip=true -f pom.xmlStill running (3 of 60): mvn -B -Dorg.slf4j.simpleLogger.log.org.apache.maven.cli.transfer.Slf4jMavenTransferListener=warn verify -U -Dmaven.javadoc.skip=true -f pom.xmlStill running (4 of 60): mvn -B -Dorg.slf4j.simpleLogger.log.org.apache.maven.cli.transfer.Slf4jMavenTransferListener=warn verify -U -Dmaven.javadoc.skip=true -f pom.xmlStill running (5 of 60): mvn -B -Dorg.slf4j.simpleLogger.log.org.apache.maven.cli.transfer.Slf4jMavenTransferListener=warn verify -U -Dmaven.javadoc.skip=true -f pom.xmlStill running (6 of 60): mvn -B -Dorg.slf4j.simpleLogger.log.org.apache.maven.cli.transfer.Slf4jMavenTransferListener=warn verify -U -Dmaven.javadoc.skip=true -f pom.xmlStill running (7 of 60): mvn -B -Dorg.slf4j.simpleLogger.log.org.apache.maven.cli.transfer.Slf4jMavenTransferListener=warn verify -U -Dmaven.javadoc.skip=true -f pom.xmlStill running (8 of 60): mvn -B -Dorg.slf4j.simpleLogger.log.org.apache.maven.cli.transfer.Slf4jMavenTransferListener=warn verify -U -Dmaven.javadoc.skip=true -f pom.xmlStill running (9 of 60): mvn -B -Dorg.slf4j.simpleLogger.log.org.apache.maven.cli.transfer.Slf4jMavenTransferListener=warn verify -U -Dmaven.javadoc.skip=true -f pom.xmlStill running (10 of 60): mvn -B -Dorg.slf4j.simpleLogger.log.org.apache.maven.cli.transfer.Slf4jMavenTransferListener=warn verify -U -Dmaven.javadoc.skip=true -f pom.xmlStill running (11 of 60): mvn -B -Dorg.slf4j.simpleLogger.log.org.apache.maven.cli.transfer.Slf4jMavenTransferListener=warn verify -U -Dmaven.javadoc.skip=true -f pom.xml
[32;1mThe command mvn -B -Dorg.slf4j.simpleLogger.log.org.apache.maven.cli.transfer.Slf4jMavenTransferListener=warn verify -U -Dmaven.javadoc.skip=true -f pom.xml exited with 0.[0m

[32;1mLog:[0m

Picked up _JAVA_OPTIONS: -Xmx2048m -Xms512m
[INFO] Scanning for projects...
[WARNING] 
[WARNING] Some problems were encountered while building the effective model for com.google.guava:guava-bom:pom:HEAD-jre-SNAPSHOT
[WARNING] 'parent.relativePath' of POM com.google.guava:guava-bom:HEAD-jre-SNAPSHOT (/home/travis/build/passed/google/guava/guava-bom/pom.xml) points at com.google.guava:guava-parent instead of org.sonatype.oss:oss-parent, please verify your project structure @ line 14, column 11
[WARNING] 
[WARNING] It is highly recommended to fix these problems because they threaten the stability of your build.
[WARNING] 
[WARNING] For this reason, future Maven versions might no longer support building such malformed projects.
[WARNING] 
[INFO] ------------------------------------------------------------------------
[INFO] Reactor Build Order:
[INFO] 
[INFO] Guava Maven Parent                                                 [pom]
[INFO] Guava: Google Core Libraries for Java                           [bundle]
[INFO] Guava BOM                                                          [pom]
[INFO] Guava Testing Library                                              [jar]
[INFO] Guava Unit Tests                                                   [jar]
[INFO] Guava GWT compatible libs                                          [jar]
[INFO] 
[INFO] -------------------< com.google.guava:guava-parent >--------------------
[INFO] Building Guava Maven Parent HEAD-jre-SNAPSHOT                      [1/6]
[INFO] --------------------------------[ pom ]---------------------------------
[INFO] 
[INFO] --- maven-enforcer-plugin:3.0.0-M2:enforce (enforce-versions) @ guava-parent ---
[INFO] 
[INFO] --- maven-javadoc-plugin:3.1.0:jar (attach-docs) @ guava-parent ---
[INFO] Skipping javadoc generation
[INFO] 
[INFO] -----------------------< com.google.guava:guava >-----------------------
[INFO] Building Guava: Google Core Libraries for Java HEAD-jre-SNAPSHOT   [2/6]
[INFO] -------------------------------[ bundle ]-------------------------------
[INFO] 
[INFO] --- maven-enforcer-plugin:3.0.0-M2:enforce (enforce-versions) @ guava ---
[INFO] 
[INFO] --- maven-dependency-plugin:3.1.1:unpack-dependencies (unpack-jdk-sources) @ guava ---
[INFO] jdk:srczip:jar:999 already exists in destination.
[INFO] 
[INFO] --- maven-resources-plugin:3.2.0:resources (default-resources) @ guava ---
[INFO] Using 'UTF-8' encoding to copy filtered resources.
[INFO] Using 'UTF-8' encoding to copy filtered properties files.
[INFO] Copying 0 resource
[INFO] 
[INFO] --- maven-compiler-plugin:3.8.1:compile (default-compile) @ guava ---
[INFO] Changes detected - recompiling the module!
[INFO] Compiling 573 source files to /home/travis/build/passed/google/guava/guava/target/classes
[WARNING] /home/travis/build/passed/google/guava/guava/src/com/google/common/primitives/UnsignedBytes.java:[28,16] sun.misc.Unsafe is internal proprietary API and may be removed in a future release
[WARNING] /home/travis/build/passed/google/guava/guava/src/com/google/common/hash/LittleEndianByteArray.java:[19,16] sun.misc.Unsafe is internal proprietary API and may be removed in a future release
[WARNING] /home/travis/build/passed/google/guava/guava/src/com/google/common/util/concurrent/AbstractFuture.java:[1200,26] sun.misc.Unsafe is internal proprietary API and may be removed in a future release
[WARNING] /home/travis/build/passed/google/guava/guava/src/com/google/common/util/concurrent/AbstractFuture.java:[1208,15] sun.misc.Unsafe is internal proprietary API and may be removed in a future release
[WARNING] /home/travis/build/passed/google/guava/guava/src/com/google/common/util/concurrent/AbstractFuture.java:[1210,26] sun.misc.Unsafe is internal proprietary API and may be removed in a future release
[WARNING] /home/travis/build/passed/google/guava/guava/src/com/google/common/util/concurrent/AbstractFuture.java:[1215,57] sun.misc.Unsafe is internal proprietary API and may be removed in a future release
[WARNING] /home/travis/build/passed/google/guava/guava/src/com/google/common/util/concurrent/AbstractFuture.java:[1217,36] sun.misc.Unsafe is internal proprietary API and may be removed in a future release
[WARNING] /home/travis/build/passed/google/guava/guava/src/com/google/common/util/concurrent/AbstractFuture.java:[1218,37] sun.misc.Unsafe is internal proprietary API and may be removed in a future release
[WARNING] /home/travis/build/passed/google/guava/guava/src/com/google/common/util/concurrent/AbstractFuture.java:[1218,58] sun.misc.Unsafe is internal proprietary API and may be removed in a future release
[WARNING] /home/travis/build/passed/google/guava/guava/src/com/google/common/cache/Striped64.java:[109,34] sun.misc.Unsafe is internal proprietary API and may be removed in a future release
[WARNING] /home/travis/build/passed/google/guava/guava/src/com/google/common/cache/Striped64.java:[267,32] sun.misc.Unsafe is internal proprietary API and may be removed in a future release
[WARNING] /home/travis/build/passed/google/guava/guava/src/com/google/common/cache/Striped64.java:[288,26] sun.misc.Unsafe is internal proprietary API and may be removed in a future release
[WARNING] /home/travis/build/passed/google/guava/guava/src/com/google/common/cache/Striped64.java:[290,22] sun.misc.Unsafe is internal proprietary API and may be removed in a future release
[WARNING] /home/travis/build/passed/google/guava/guava/src/com/google/common/cache/Striped64.java:[295,63] sun.misc.Unsafe is internal proprietary API and may be removed in a future release
[WARNING] /home/travis/build/passed/google/guava/guava/src/com/google/common/cache/Striped64.java:[297,28] sun.misc.Unsafe is internal proprietary API and may be removed in a future release
[WARNING] /home/travis/build/passed/google/guava/guava/src/com/google/common/cache/Striped64.java:[298,29] sun.misc.Unsafe is internal proprietary API and may be removed in a future release
[WARNING] /home/travis/build/passed/google/guava/guava/src/com/google/common/cache/Striped64.java:[298,50] sun.misc.Unsafe is internal proprietary API and may be removed in a future release
[WARNING] /home/travis/build/passed/google/guava/guava/src/com/google/common/primitives/UnsignedBytes.java:[315,20] sun.misc.Unsafe is internal proprietary API and may be removed in a future release
[WARNING] /home/travis/build/passed/google/guava/guava/src/com/google/common/primitives/UnsignedBytes.java:[337,30] sun.misc.Unsafe is internal proprietary API and may be removed in a future release
[WARNING] /home/travis/build/passed/google/guava/guava/src/com/google/common/primitives/UnsignedBytes.java:[339,26] sun.misc.Unsafe is internal proprietary API and may be removed in a future release
[WARNING] /home/travis/build/passed/google/guava/guava/src/com/google/common/primitives/UnsignedBytes.java:[345,67] sun.misc.Unsafe is internal proprietary API and may be removed in a future release
[WARNING] /home/travis/build/passed/google/guava/guava/src/com/google/common/primitives/UnsignedBytes.java:[347,32] sun.misc.Unsafe is internal proprietary API and may be removed in a future release
[WARNING] /home/travis/build/passed/google/guava/guava/src/com/google/common/primitives/UnsignedBytes.java:[348,33] sun.misc.Unsafe is internal proprietary API and may be removed in a future release
[WARNING] /home/travis/build/passed/google/guava/guava/src/com/google/common/primitives/UnsignedBytes.java:[348,54] sun.misc.Unsafe is internal proprietary API and may be removed in a future release
[WARNING] /home/travis/build/passed/google/guava/guava/src/com/google/common/hash/Striped64.java:[109,34] sun.misc.Unsafe is internal proprietary API and may be removed in a future release
[WARNING] /home/travis/build/passed/google/guava/guava/src/com/google/common/hash/Striped64.java:[267,32] sun.misc.Unsafe is internal proprietary API and may be removed in a future release
[WARNING] /home/travis/build/passed/google/guava/guava/src/com/google/common/hash/Striped64.java:[288,26] sun.misc.Unsafe is internal proprietary API and may be removed in a future release
[WARNING] /home/travis/build/passed/google/guava/guava/src/com/google/common/hash/Striped64.java:[290,22] sun.misc.Unsafe is internal proprietary API and may be removed in a future release
[WARNING] /home/travis/build/passed/google/guava/guava/src/com/google/common/hash/Striped64.java:[295,63] sun.misc.Unsafe is internal proprietary API and may be removed in a future release
[WARNING] /home/travis/build/passed/google/guava/guava/src/com/google/common/hash/Striped64.java:[297,28] sun.misc.Unsafe is internal proprietary API and may be removed in a future release
[WARNING] /home/travis/build/passed/google/guava/guava/src/com/google/common/hash/Striped64.java:[298,29] sun.misc.Unsafe is internal proprietary API and may be removed in a future release
[WARNING] /home/travis/build/passed/google/guava/guava/src/com/google/common/hash/Striped64.java:[298,50] sun.misc.Unsafe is internal proprietary API and may be removed in a future release
[WARNING] /home/travis/build/passed/google/guava/guava/src/com/google/common/hash/LittleEndianByteArray.java:[156,26] sun.misc.Unsafe is internal proprietary API and may be removed in a future release
[WARNING] /home/travis/build/passed/google/guava/guava/src/com/google/common/hash/LittleEndianByteArray.java:[167,28] sun.misc.Unsafe is internal proprietary API and may be removed in a future release
[WARNING] /home/travis/build/passed/google/guava/guava/src/com/google/common/hash/LittleEndianByteArray.java:[169,24] sun.misc.Unsafe is internal proprietary API and may be removed in a future release
[WARNING] /home/travis/build/passed/google/guava/guava/src/com/google/common/hash/LittleEndianByteArray.java:[175,65] sun.misc.Unsafe is internal proprietary API and may be removed in a future release
[WARNING] /home/travis/build/passed/google/guava/guava/src/com/google/common/hash/LittleEndianByteArray.java:[177,30] sun.misc.Unsafe is internal proprietary API and may be removed in a future release
[WARNING] /home/travis/build/passed/google/guava/guava/src/com/google/common/hash/LittleEndianByteArray.java:[178,31] sun.misc.Unsafe is internal proprietary API and may be removed in a future release
[WARNING] /home/travis/build/passed/google/guava/guava/src/com/google/common/hash/LittleEndianByteArray.java:[178,52] sun.misc.Unsafe is internal proprietary API and may be removed in a future release
[INFO] /home/travis/build/passed/google/guava/guava/src/com/google/common/io/Files.java: Some input files use or override a deprecated API.
[INFO] /home/travis/build/passed/google/guava/guava/src/com/google/common/io/Files.java: Recompile with -Xlint:deprecation for details.
[INFO] /home/travis/build/passed/google/guava/guava/src/com/google/common/collect/ImmutableCollection.java: Some input files use unchecked or unsafe operations.
[INFO] /home/travis/build/passed/google/guava/guava/src/com/google/common/collect/ImmutableCollection.java: Recompile with -Xlint:unchecked for details.
[INFO] 
[INFO] --- maven-bundle-plugin:2.5.0:manifest (bundle-manifest) @ guava ---
[INFO] 
[INFO] --- maven-resources-plugin:3.2.0:testResources (default-testResources) @ guava ---
[INFO] Using 'UTF-8' encoding to copy filtered resources.
[INFO] Using 'UTF-8' encoding to copy filtered properties files.
[INFO] skip non existing resourceDirectory /home/travis/build/passed/google/guava/guava/test
[INFO] 
[INFO] --- maven-compiler-plugin:3.8.1:testCompile (default-testCompile) @ guava ---
[INFO] No sources to compile
[INFO] 
[INFO] --- maven-surefire-plugin:2.7.2:test (default-test) @ guava ---
[INFO] No tests to run.
[INFO] Surefire report directory: /home/travis/build/passed/google/guava/guava/target/surefire-reports

-------------------------------------------------------
 T E S T S
-------------------------------------------------------
There are no tests to run.

Results :

Tests run: 0, Failures: 0, Errors: 0, Skipped: 0

[INFO] 
[INFO] --- animal-sniffer-maven-plugin:1.18:check (check-java-version-compatibility) @ guava ---
[INFO] Checking unresolved references to org.codehaus.mojo.signature:java18:1.0
[INFO] /home/travis/build/passed/google/guava/guava/src/com/google/common/io/LineReader.java:73: Covariant return type change detected: java.nio.Buffer java.nio.CharBuffer.clear() has been changed to java.nio.CharBuffer java.nio.CharBuffer.clear()
[INFO] /home/travis/build/passed/google/guava/guava/src/com/google/common/io/ByteStreams.java:147: Covariant return type change detected: java.nio.Buffer java.nio.ByteBuffer.flip() has been changed to java.nio.ByteBuffer java.nio.ByteBuffer.flip()
[INFO] /home/travis/build/passed/google/guava/guava/src/com/google/common/io/ByteStreams.java:151: Covariant return type change detected: java.nio.Buffer java.nio.ByteBuffer.clear() has been changed to java.nio.ByteBuffer java.nio.ByteBuffer.clear()
[INFO] /home/travis/build/passed/google/guava/guava/src/com/google/common/io/CharStreams.java:85: Covariant return type change detected: java.nio.Buffer java.nio.CharBuffer.flip() has been changed to java.nio.CharBuffer java.nio.CharBuffer.flip()
[INFO] /home/travis/build/passed/google/guava/guava/src/com/google/common/io/CharStreams.java:88: Covariant return type change detected: java.nio.Buffer java.nio.CharBuffer.clear() has been changed to java.nio.CharBuffer java.nio.CharBuffer.clear()
[INFO] /home/travis/build/passed/google/guava/guava/src/com/google/common/io/CharStreams.java:245: Covariant return type change detected: java.nio.Buffer java.nio.CharBuffer.clear() has been changed to java.nio.CharBuffer java.nio.CharBuffer.clear()
[INFO] /home/travis/build/passed/google/guava/guava/src/com/google/common/io/ReaderInputStream.java:107: Covariant return type change detected: java.nio.Buffer java.nio.CharBuffer.flip() has been changed to java.nio.CharBuffer java.nio.CharBuffer.flip()
[INFO] /home/travis/build/passed/google/guava/guava/src/com/google/common/io/ReaderInputStream.java:146: Covariant return type change detected: java.nio.Buffer java.nio.ByteBuffer.clear() has been changed to java.nio.ByteBuffer java.nio.ByteBuffer.clear()
[INFO] /home/travis/build/passed/google/guava/guava/src/com/google/common/io/ReaderInputStream.java:192: Covariant return type change detected: java.nio.Buffer java.nio.CharBuffer.position(int) has been changed to java.nio.CharBuffer java.nio.CharBuffer.position(int)
[INFO] /home/travis/build/passed/google/guava/guava/src/com/google/common/io/ReaderInputStream.java:193: Covariant return type change detected: java.nio.Buffer java.nio.CharBuffer.limit(int) has been changed to java.nio.CharBuffer java.nio.CharBuffer.limit(int)
[INFO] /home/travis/build/passed/google/guava/guava/src/com/google/common/io/ReaderInputStream.java:210: Covariant return type change detected: java.nio.Buffer java.nio.CharBuffer.flip() has been changed to java.nio.CharBuffer java.nio.CharBuffer.flip()
[INFO] /home/travis/build/passed/google/guava/guava/src/com/google/common/io/ReaderInputStream.java:223: Covariant return type change detected: java.nio.Buffer java.nio.CharBuffer.limit(int) has been changed to java.nio.CharBuffer java.nio.CharBuffer.limit(int)
[INFO] /home/travis/build/passed/google/guava/guava/src/com/google/common/io/ReaderInputStream.java:238: Covariant return type change detected: java.nio.Buffer java.nio.ByteBuffer.flip() has been changed to java.nio.ByteBuffer java.nio.ByteBuffer.flip()
[INFO] /home/travis/build/passed/google/guava/guava/src/com/google/common/hash/AbstractHasher.java:76: Covariant return type change detected: java.nio.Buffer java.nio.ByteBuffer.position(int) has been changed to java.nio.ByteBuffer java.nio.ByteBuffer.position(int)
[INFO] /home/travis/build/passed/google/guava/guava/src/com/google/common/hash/AbstractByteHasher.java:57: Covariant return type change detected: java.nio.Buffer java.nio.ByteBuffer.position(int) has been changed to java.nio.ByteBuffer java.nio.ByteBuffer.position(int)
[INFO] /home/travis/build/passed/google/guava/guava/src/com/google/common/hash/AbstractByteHasher.java:70: Covariant return type change detected: java.nio.Buffer java.nio.ByteBuffer.clear() has been changed to java.nio.ByteBuffer java.nio.ByteBuffer.clear()
[INFO] /home/travis/build/passed/google/guava/guava/src/com/google/common/hash/AbstractByteHasher.java:70: Covariant return type change detected: java.nio.Buffer java.nio.ByteBuffer.clear() has been changed to java.nio.ByteBuffer java.nio.ByteBuffer.clear()
[INFO] /home/travis/build/passed/google/guava/guava/src/com/google/common/hash/AbstractStreamingHasher.java:83: Covariant return type change detected: java.nio.Buffer java.nio.ByteBuffer.position(int) has been changed to java.nio.ByteBuffer java.nio.ByteBuffer.position(int)
[INFO] /home/travis/build/passed/google/guava/guava/src/com/google/common/hash/AbstractStreamingHasher.java:84: Covariant return type change detected: java.nio.Buffer java.nio.ByteBuffer.limit(int) has been changed to java.nio.ByteBuffer java.nio.ByteBuffer.limit(int)
[INFO] /home/travis/build/passed/google/guava/guava/src/com/google/common/hash/AbstractStreamingHasher.java:88: Covariant return type change detected: java.nio.Buffer java.nio.ByteBuffer.limit(int) has been changed to java.nio.ByteBuffer java.nio.ByteBuffer.limit(int)
[INFO] /home/travis/build/passed/google/guava/guava/src/com/google/common/hash/AbstractStreamingHasher.java:89: Covariant return type change detected: java.nio.Buffer java.nio.ByteBuffer.flip() has been changed to java.nio.ByteBuffer java.nio.ByteBuffer.flip()
[INFO] /home/travis/build/passed/google/guava/guava/src/com/google/common/hash/AbstractStreamingHasher.java:182: Covariant return type change detected: java.nio.Buffer java.nio.ByteBuffer.flip() has been changed to java.nio.ByteBuffer java.nio.ByteBuffer.flip()
[INFO] /home/travis/build/passed/google/guava/guava/src/com/google/common/hash/AbstractStreamingHasher.java:185: Covariant return type change detected: java.nio.Buffer java.nio.ByteBuffer.position(int) has been changed to java.nio.ByteBuffer java.nio.ByteBuffer.position(int)
[INFO] /home/travis/build/passed/google/guava/guava/src/com/google/common/hash/AbstractStreamingHasher.java:206: Covariant return type change detected: java.nio.Buffer java.nio.ByteBuffer.flip() has been changed to java.nio.ByteBuffer java.nio.ByteBuffer.flip()
[INFO] /home/travis/build/passed/google/guava/guava/src/com/google/common/hash/AbstractCompositeHashFunction.java:101: Covariant return type change detected: java.nio.Buffer java.nio.ByteBuffer.position(int) has been changed to java.nio.ByteBuffer java.nio.ByteBuffer.position(int)
[INFO] 
[INFO] --- maven-bundle-plugin:2.5.0:bundle (default-bundle) @ guava ---
[INFO] 
[INFO] >>> maven-source-plugin:3.2.0:jar (attach-sources) > generate-sources @ guava >>>
[INFO] 
[INFO] --- maven-enforcer-plugin:3.0.0-M2:enforce (enforce-versions) @ guava ---
[INFO] 
[INFO] --- maven-dependency-plugin:3.1.1:unpack-dependencies (unpack-jdk-sources) @ guava ---
[INFO] jdk:srczip:jar:999 already exists in destination.
[INFO] 
[INFO] <<< maven-source-plugin:3.2.0:jar (attach-sources) < generate-sources @ guava <<<
[INFO] 
[INFO] 
[INFO] --- maven-source-plugin:3.2.0:jar (attach-sources) @ guava ---
[INFO] 
[INFO] --- maven-javadoc-plugin:3.1.0:jar (attach-docs) @ guava ---
[INFO] Skipping javadoc generation
[INFO] 
[INFO] ---------------------< com.google.guava:guava-bom >---------------------
[INFO] Building Guava BOM HEAD-jre-SNAPSHOT                               [3/6]
[INFO] --------------------------------[ pom ]---------------------------------
[INFO] 
[INFO] --- maven-enforcer-plugin:1.2:enforce (enforce-maven) @ guava-bom ---
[INFO] 
[INFO] -------------------< com.google.guava:guava-testlib >-------------------
[INFO] Building Guava Testing Library HEAD-jre-SNAPSHOT                   [4/6]
[INFO] --------------------------------[ jar ]---------------------------------
[INFO] 
[INFO] --- maven-enforcer-plugin:3.0.0-M2:enforce (enforce-versions) @ guava-testlib ---
[INFO] 
[INFO] --- maven-resources-plugin:2.6:resources (default-resources) @ guava-testlib ---
[INFO] Using 'UTF-8' encoding to copy filtered resources.
[INFO] Copying 0 resource
[INFO] 
[INFO] --- maven-compiler-plugin:3.8.1:compile (default-compile) @ guava-testlib ---
[INFO] Nothing to compile - all classes are up to date
[INFO] 
[INFO] --- maven-resources-plugin:2.6:testResources (default-testResources) @ guava-testlib ---
[INFO] Using 'UTF-8' encoding to copy filtered resources.
[INFO] Copying 0 resource
[INFO] 
[INFO] --- maven-compiler-plugin:3.8.1:testCompile (default-testCompile) @ guava-testlib ---
[INFO] Nothing to compile - all classes are up to date
[INFO] 
[INFO] --- maven-surefire-plugin:2.7.2:test (default-test) @ guava-testlib ---
[INFO] Surefire report directory: /home/travis/build/passed/google/guava/guava-testlib/target/surefire-reports

-------------------------------------------------------
 T E S T S
-------------------------------------------------------
Running com.google.common.collect.testing.FeatureSpecificTestSuiteBuilderTest
Tests run: 1, Failures: 0, Errors: 0, Skipped: 0, Time elapsed: 0.094 sec
Running com.google.common.collect.testing.HelpersTest
Tests run: 7, Failures: 0, Errors: 0, Skipped: 0, Time elapsed: 0.006 sec
Running com.google.common.collect.testing.IteratorTesterTest
Tests run: 12, Failures: 0, Errors: 0, Skipped: 0, Time elapsed: 0.037 sec
Running com.google.common.collect.testing.MapTestSuiteBuilderTests
Tests run: 1815, Failures: 0, Errors: 0, Skipped: 0, Time elapsed: 0.894 sec
Running com.google.common.collect.testing.MinimalCollectionTest
Tests run: 151, Failures: 0, Errors: 0, Skipped: 0, Time elapsed: 0.064 sec
Running com.google.common.collect.testing.MinimalIterableTest
Tests run: 4, Failures: 0, Errors: 0, Skipped: 0, Time elapsed: 0.003 sec
Running com.google.common.collect.testing.MinimalSetTest
Tests run: 187, Failures: 0, Errors: 0, Skipped: 0, Time elapsed: 0.07 sec
Running com.google.common.collect.testing.OpenJdk6ListTests
Tests run: 6831, Failures: 0, Errors: 0, Skipped: 0, Time elapsed: 6.767 sec
Running com.google.common.collect.testing.OpenJdk6MapTests
Tests run: 321081, Failures: 0, Errors: 0, Skipped: 0, Time elapsed: 53.56 sec
Running com.google.common.collect.testing.OpenJdk6QueueTests
Tests run: 2031, Failures: 0, Errors: 0, Skipped: 0, Time elapsed: 0.389 sec
Running com.google.common.collect.testing.OpenJdk6SetTests
Tests run: 36329, Failures: 0, Errors: 0, Skipped: 0, Time elapsed: 5.626 sec
Running com.google.common.collect.testing.OpenJdk6Tests
Tests run: 366272, Failures: 0, Errors: 0, Skipped: 0, Time elapsed: 51.207 sec
Running com.google.common.collect.testing.SafeTreeMapTest
Tests run: 117807, Failures: 0, Errors: 0, Skipped: 0, Time elapsed: 18.29 sec
Running com.google.common.collect.testing.SafeTreeMapTest$ReserializedMapTests
Tests run: 59, Failures: 0, Errors: 0, Skipped: 0, Time elapsed: 0.01 sec
Running com.google.common.collect.testing.SafeTreeSetTest
Tests run: 509, Failures: 0, Errors: 0, Skipped: 0, Time elapsed: 0.061 sec
Running com.google.common.collect.testing.features.FeatureEnumTest
Tests run: 1, Failures: 0, Errors: 0, Skipped: 0, Time elapsed: 0.001 sec
Running com.google.common.collect.testing.features.FeatureUtilTest
Tests run: 10, Failures: 0, Errors: 0, Skipped: 0, Time elapsed: 0.021 sec
Running com.google.common.testing.ArbitraryInstancesTest
Tests run: 25, Failures: 0, Errors: 0, Skipped: 0, Time elapsed: 0.131 sec
Running com.google.common.testing.ClassSanityTesterTest
Tests run: 71, Failures: 0, Errors: 0, Skipped: 0, Time elapsed: 0.108 sec
Running com.google.common.testing.EqualsTesterTest
Tests run: 18, Failures: 0, Errors: 0, Skipped: 0, Time elapsed: 0.002 sec
Running com.google.common.testing.EquivalenceTesterTest
Tests run: 7, Failures: 0, Errors: 0, Skipped: 0, Time elapsed: 0.008 sec
Running com.google.common.testing.FakeTickerTest
Tests run: 11, Failures: 0, Errors: 0, Skipped: 0, Time elapsed: 0.099 sec
Running com.google.common.testing.FreshValueGeneratorTest
Tests run: 64, Failures: 0, Errors: 0, Skipped: 0, Time elapsed: 0.255 sec
Running com.google.common.testing.GcFinalizationTest
Tests run: 10, Failures: 0, Errors: 0, Skipped: 0, Time elapsed: 0.45 sec
Running com.google.common.testing.NullPointerTesterTest
Tests run: 67, Failures: 0, Errors: 0, Skipped: 0, Time elapsed: 0.089 sec
Running com.google.common.testing.RelationshipTesterTest
Tests run: 1, Failures: 0, Errors: 0, Skipped: 0, Time elapsed: 0.001 sec
Running com.google.common.testing.SerializableTesterTest
Tests run: 4, Failures: 0, Errors: 0, Skipped: 0, Time elapsed: 0.002 sec
Running com.google.common.testing.TearDownStackTest
Tests run: 3, Failures: 0, Errors: 0, Skipped: 0, Time elapsed: 0.002 sec
Running com.google.common.testing.TestLogHandlerTest
Tests run: 2, Failures: 0, Errors: 0, Skipped: 0, Time elapsed: 0.001 sec
Running com.google.common.testing.anotherpackage.ForwardingWrapperTesterTest
Tests run: 19, Failures: 0, Errors: 0, Skipped: 0, Time elapsed: 0.028 sec
Running com.google.common.util.concurrent.testing.TestingExecutorsTest
Tests run: 5, Failures: 0, Errors: 0, Skipped: 0, Time elapsed: 0.04 sec

Results :

Tests run: 853414, Failures: 0, Errors: 0, Skipped: 0

[INFO] 
[INFO] --- animal-sniffer-maven-plugin:1.18:check (check-java-version-compatibility) @ guava-testlib ---
[INFO] Checking unresolved references to org.codehaus.mojo.signature:java18:1.0
[INFO] 
[INFO] --- maven-jar-plugin:3.2.0:jar (default-jar) @ guava-testlib ---
[INFO] 
[INFO] --- maven-jar-plugin:3.2.0:test-jar (create-test-jar) @ guava-testlib ---
[INFO] 
[INFO] >>> maven-source-plugin:3.2.0:jar (attach-sources) > generate-sources @ guava-testlib >>>
[INFO] 
[INFO] --- maven-enforcer-plugin:3.0.0-M2:enforce (enforce-versions) @ guava-testlib ---
[INFO] 
[INFO] <<< maven-source-plugin:3.2.0:jar (attach-sources) < generate-sources @ guava-testlib <<<
[INFO] 
[INFO] 
[INFO] --- maven-source-plugin:3.2.0:jar (attach-sources) @ guava-testlib ---
[INFO] 
[INFO] >>> maven-source-plugin:3.2.0:test-jar (attach-test-sources) > generate-sources @ guava-testlib >>>
[INFO] 
[INFO] --- maven-enforcer-plugin:3.0.0-M2:enforce (enforce-versions) @ guava-testlib ---
[INFO] 
[INFO] <<< maven-source-plugin:3.2.0:test-jar (attach-test-sources) < generate-sources @ guava-testlib <<<
[INFO] 
[INFO] 
[INFO] --- maven-source-plugin:3.2.0:test-jar (attach-test-sources) @ guava-testlib ---
[INFO] 
[INFO] --- maven-javadoc-plugin:3.1.0:jar (attach-docs) @ guava-testlib ---
[INFO] Skipping javadoc generation
[INFO] 
[INFO] --------------------< com.google.guava:guava-tests >--------------------
[INFO] Building Guava Unit Tests HEAD-jre-SNAPSHOT                        [5/6]
[INFO] --------------------------------[ jar ]---------------------------------
[INFO] 
[INFO] --- maven-enforcer-plugin:3.0.0-M2:enforce (enforce-versions) @ guava-tests ---
[INFO] 
[INFO] --- maven-resources-plugin:2.6:resources (default-resources) @ guava-tests ---
[INFO] Using 'UTF-8' encoding to copy filtered resources.
[INFO] skip non existing resourceDirectory /home/travis/build/passed/google/guava/guava-tests/src
[INFO] 
[INFO] --- maven-compiler-plugin:3.8.1:compile (default-compile) @ guava-tests ---
[INFO] No sources to compile
[INFO] 
[INFO] --- build-helper-maven-plugin:1.7:add-test-source (add-benchmark-sources) @ guava-tests ---
[INFO] Test Source directory: /home/travis/build/passed/google/guava/guava-tests/benchmark added.
[INFO] 
[INFO] --- maven-resources-plugin:2.6:testResources (default-testResources) @ guava-tests ---
[INFO] Using 'UTF-8' encoding to copy filtered resources.
[INFO] Copying 6 resources
[INFO] 
[INFO] --- maven-compiler-plugin:3.8.1:testCompile (default-testCompile) @ guava-tests ---
[INFO] Nothing to compile - all classes are up to date
[INFO] 
[INFO] --- maven-surefire-plugin:2.7.2:test (default-test) @ guava-tests ---
[INFO] Surefire report directory: /home/travis/build/passed/google/guava/guava-tests/target/surefire-reports

-------------------------------------------------------
 T E S T S
-------------------------------------------------------
Running com.google.common.base.AbstractIteratorTest
Tests run: 7, Failures: 0, Errors: 0, Skipped: 0, Time elapsed: 0.044 sec
Running com.google.common.base.AsciiTest
Tests run: 9, Failures: 0, Errors: 0, Skipped: 0, Time elapsed: 0.006 sec
Running com.google.common.base.CaseFormatTest
Tests run: 32, Failures: 0, Errors: 0, Skipped: 0, Time elapsed: 0.201 sec
Running com.google.common.base.CharMatcherTest
Tests run: 20, Failures: 0, Errors: 0, Skipped: 0, Time elapsed: 0.389 sec
Running com.google.common.base.CharsetsTest
Tests run: 7, Failures: 0, Errors: 0, Skipped: 0, Time elapsed: 0.003 sec
Running com.google.common.base.ConverterTest
Tests run: 14, Failures: 0, Errors: 0, Skipped: 0, Time elapsed: 0.015 sec
Running com.google.common.base.DefaultsTest
Tests run: 1, Failures: 0, Errors: 0, Skipped: 0, Time elapsed: 0.002 sec
Running com.google.common.base.EnumsTest
Tests run: 13, Failures: 0, Errors: 0, Skipped: 0, Time elapsed: 0.049 sec
Running com.google.common.base.EquivalenceTest
Tests run: 12, Failures: 0, Errors: 0, Skipped: 0, Time elapsed: 0.017 sec
Running com.google.common.base.FinalizableReferenceQueueClassLoaderUnloadingTest
Tests run: 3, Failures: 0, Errors: 0, Skipped: 0, Time elapsed: 0.168 sec
Running com.google.common.base.FinalizableReferenceQueueTest
Tests run: 5, Failures: 0, Errors: 0, Skipped: 0, Time elapsed: 0.054 sec
Running com.google.common.base.FunctionsTest
Tests run: 27, Failures: 0, Errors: 0, Skipped: 0, Time elapsed: 0.11 sec
Running com.google.common.base.JoinerTest
Tests run: 12, Failures: 0, Errors: 0, Skipped: 0, Time elapsed: 0.029 sec
Running com.google.common.base.ObjectsTest
Tests run: 3, Failures: 0, Errors: 0, Skipped: 0, Time elapsed: 0.002 sec
Running com.google.common.base.OptionalTest
Tests run: 44, Failures: 0, Errors: 0, Skipped: 0, Time elapsed: 0.018 sec
Running com.google.common.base.PreconditionsTest
Tests run: 47, Failures: 0, Errors: 0, Skipped: 0, Time elapsed: 0.031 sec
Running com.google.common.base.PredicatesTest
Tests run: 87, Failures: 0, Errors: 0, Skipped: 0, Time elapsed: 0.068 sec
Running com.google.common.base.SplitterTest
Tests run: 104, Failures: 0, Errors: 0, Skipped: 0, Time elapsed: 0.025 sec
Running com.google.common.base.StandardSystemPropertyTest
Tests run: 4, Failures: 0, Errors: 0, Skipped: 0, Time elapsed: 0.004 sec
Running com.google.common.base.StopwatchTest
Tests run: 17, Failures: 0, Errors: 0, Skipped: 0, Time elapsed: 0.008 sec
Running com.google.common.base.StringsTest
Tests run: 20, Failures: 0, Errors: 0, Skipped: 0, Time elapsed: 0.052 sec
Running com.google.common.base.SuppliersTest
Tests run: 20, Failures: 0, Errors: 0, Skipped: 0, Time elapsed: 0.358 sec
Running com.google.common.base.ThrowablesTest
Tests run: 44, Failures: 0, Errors: 0, Skipped: 0, Time elapsed: 0.015 sec
Running com.google.common.base.ToStringHelperTest
Tests run: 40, Failures: 0, Errors: 0, Skipped: 0, Time elapsed: 0.01 sec
Running com.google.common.base.Utf8Test
Tests run: 9, Failures: 0, Errors: 0, Skipped: 0, Time elapsed: 2.288 sec
Running com.google.common.base.VerifyTest
Tests run: 10, Failures: 0, Errors: 0, Skipped: 0, Time elapsed: 0.009 sec
Running com.google.common.cache.AbstractCacheTest
Tests run: 8, Failures: 0, Errors: 0, Skipped: 0, Time elapsed: 0.014 sec
Running com.google.common.cache.AbstractLoadingCacheTest
Tests run: 4, Failures: 0, Errors: 0, Skipped: 0, Time elapsed: 0.003 sec
Running com.google.common.cache.CacheBuilderGwtTest
Tests run: 18, Failures: 0, Errors: 0, Skipped: 0, Time elapsed: 0.033 sec
Running com.google.common.cache.CacheBuilderSpecTest
Tests run: 43, Failures: 0, Errors: 0, Skipped: 0, Time elapsed: 0.014 sec
Running com.google.common.cache.CacheBuilderTest
Tests run: 46, Failures: 0, Errors: 0, Skipped: 0, Time elapsed: 9.779 sec
Running com.google.common.cache.CacheEvictionTest
Tests run: 15, Failures: 0, Errors: 0, Skipped: 0, Time elapsed: 0.048 sec
Running com.google.common.cache.CacheExpirationTest
Tests run: 12, Failures: 0, Errors: 0, Skipped: 0, Time elapsed: 0.009 sec
Running com.google.common.cache.CacheLoaderTest
Tests run: 1, Failures: 0, Errors: 0, Skipped: 0, Time elapsed: 0.008 sec
Running com.google.common.cache.CacheLoadingTest
Tests run: 46, Failures: 0, Errors: 0, Skipped: 0, Time elapsed: 0.619 sec
Running com.google.common.cache.CacheManualTest
Tests run: 2, Failures: 0, Errors: 0, Skipped: 0, Time elapsed: 0.002 sec
Running com.google.common.cache.CacheReferencesTest
Tests run: 4, Failures: 0, Errors: 0, Skipped: 0, Time elapsed: 0.01 sec
Running com.google.common.cache.CacheRefreshTest
Tests run: 1, Failures: 0, Errors: 0, Skipped: 0, Time elapsed: 0.001 sec
Running com.google.common.cache.CacheStatsTest
Tests run: 5, Failures: 0, Errors: 0, Skipped: 0, Time elapsed: 0.001 sec
Running com.google.common.cache.EmptyCachesTest
Tests run: 22, Failures: 0, Errors: 0, Skipped: 0, Time elapsed: 10.578 sec
Running com.google.common.cache.ForwardingCacheTest
Tests run: 9, Failures: 0, Errors: 0, Skipped: 0, Time elapsed: 0.437 sec
Running com.google.common.cache.ForwardingLoadingCacheTest
Tests run: 11, Failures: 0, Errors: 0, Skipped: 0, Time elapsed: 0.063 sec
Running com.google.common.cache.LocalCacheMapComputeTest
Tests run: 7, Failures: 0, Errors: 0, Skipped: 0, Time elapsed: 0.376 sec
Running com.google.common.cache.LocalCacheTest
Tests run: 9567, Failures: 0, Errors: 0, Skipped: 0, Time elapsed: 1.86 sec
Running com.google.common.cache.LocalLoadingCacheTest
Tests run: 9, Failures: 0, Errors: 0, Skipped: 0, Time elapsed: 0.008 sec
Running com.google.common.cache.LongAdderTest
Tests run: 2, Failures: 0, Errors: 0, Skipped: 0, Time elapsed: 0.001 sec
Running com.google.common.cache.NullCacheTest
Tests run: 5, Failures: 0, Errors: 0, Skipped: 0, Time elapsed: 0.002 sec
Running com.google.common.cache.PopulatedCachesTest
Tests run: 12, Failures: 0, Errors: 0, Skipped: 0, Time elapsed: 3.339 sec
Running com.google.common.cache.RemovalNotificationTest
Tests run: 1, Failures: 0, Errors: 0, Skipped: 0, Time elapsed: 0.001 sec
Running com.google.common.collect.AbstractBiMapTest
Tests run: 2, Failures: 0, Errors: 0, Skipped: 0, Time elapsed: 0.012 sec
Running com.google.common.collect.AbstractIteratorTest
Tests run: 9, Failures: 0, Errors: 0, Skipped: 0, Time elapsed: 0.101 sec
Running com.google.common.collect.AbstractMapEntryTest
Tests run: 6, Failures: 0, Errors: 0, Skipped: 0, Time elapsed: 0.002 sec
Running com.google.common.collect.AbstractSequentialIteratorTest
Tests run: 5, Failures: 0, Errors: 0, Skipped: 0, Time elapsed: 0.006 sec
Running com.google.common.collect.ArrayListMultimapTest
Tests run: 6044, Failures: 0, Errors: 0, Skipped: 0, Time elapsed: 1.805 sec
Running com.google.common.collect.ArrayTableTest
Tests run: 56, Failures: 0, Errors: 0, Skipped: 0, Time elapsed: 0.032 sec
Running com.google.common.collect.CollectSpliteratorsTest
Tests run: 7, Failures: 0, Errors: 0, Skipped: 0, Time elapsed: 0.027 sec
Running com.google.common.collect.Collections2Test
Tests run: 1284, Failures: 0, Errors: 0, Skipped: 0, Time elapsed: 0.149 sec
Running com.google.common.collect.CompactHashMapTest
Tests run: 1921, Failures: 0, Errors: 0, Skipped: 0, Time elapsed: 0.325 sec
Running com.google.common.collect.CompactHashSetTest
Tests run: 1046, Failures: 0, Errors: 0, Skipped: 0, Time elapsed: 0.193 sec
Running com.google.common.collect.CompactLinkedHashMapTest
Tests run: 2027, Failures: 0, Errors: 0, Skipped: 0, Time elapsed: 0.332 sec
Running com.google.common.collect.CompactLinkedHashSetTest
Tests run: 556, Failures: 0, Errors: 0, Skipped: 0, Time elapsed: 0.081 sec
Running com.google.common.collect.ComparatorsTest
Tests run: 7, Failures: 0, Errors: 0, Skipped: 0, Time elapsed: 0.01 sec
Running com.google.common.collect.ComparisonChainTest
Tests run: 10, Failures: 0, Errors: 0, Skipped: 0, Time elapsed: 0.003 sec
Running com.google.common.collect.ConcurrentHashMultisetBasherTest
Tests run: 3, Failures: 0, Errors: 0, Skipped: 0, Time elapsed: 12.041 sec
Running com.google.common.collect.ConcurrentHashMultisetTest
Tests run: 3345, Failures: 0, Errors: 0, Skipped: 0, Time elapsed: 0.926 sec
Running com.google.common.collect.ContiguousSetTest
Tests run: 24, Failures: 0, Errors: 0, Skipped: 0, Time elapsed: 0.03 sec
Running com.google.common.collect.ContiguousSetTest$BuiltTests
Tests run: 905, Failures: 0, Errors: 0, Skipped: 0, Time elapsed: 0.163 sec
Running com.google.common.collect.CountTest
Tests run: 5, Failures: 0, Errors: 0, Skipped: 0, Time elapsed: 0.001 sec
Running com.google.common.collect.DiscreteDomainTest
Tests run: 7, Failures: 0, Errors: 0, Skipped: 0, Time elapsed: 0.004 sec
Running com.google.common.collect.EmptyImmutableTableTest
Tests run: 25, Failures: 0, Errors: 0, Skipped: 0, Time elapsed: 0.008 sec
Running com.google.common.collect.EnumBiMapTest
Tests run: 4084, Failures: 0, Errors: 0, Skipped: 0, Time elapsed: 0.817 sec
Running com.google.common.collect.EnumHashBiMapTest
Tests run: 4220, Failures: 0, Errors: 0, Skipped: 0, Time elapsed: 0.746 sec
Running com.google.common.collect.EnumMultisetTest
Tests run: 870, Failures: 0, Errors: 0, Skipped: 0, Time elapsed: 0.1 sec
Running com.google.common.collect.EvictingQueueTest
Tests run: 11, Failures: 0, Errors: 0, Skipped: 0, Time elapsed: 0.006 sec
Running com.google.common.collect.FauxveridesTest
Tests run: 9, Failures: 0, Errors: 0, Skipped: 0, Time elapsed: 0.011 sec
Running com.google.common.collect.FilteredCollectionsTest
Tests run: 1, Failures: 0, Errors: 0, Skipped: 0, Time elapsed: 0.001 sec
Running com.google.common.collect.FilteredCollectionsTest$Collections2FilterArrayListTest
Tests run: 10, Failures: 0, Errors: 0, Skipped: 0, Time elapsed: 0.004 sec
Running com.google.common.collect.FilteredCollectionsTest$IterablesFilterArrayListTest
Tests run: 2, Failures: 0, Errors: 0, Skipped: 0, Time elapsed: 0.001 sec
Running com.google.common.collect.FilteredCollectionsTest$SetsFilterHashSetTest
Tests run: 11, Failures: 0, Errors: 0, Skipped: 0, Time elapsed: 0.004 sec
Running com.google.common.collect.FilteredCollectionsTest$SetsFilterNavigableSetTest
Tests run: 23, Failures: 0, Errors: 0, Skipped: 0, Time elapsed: 0.027 sec
Running com.google.common.collect.FilteredCollectionsTest$SetsFilterSortedSetTest
Tests run: 16, Failures: 0, Errors: 0, Skipped: 0, Time elapsed: 0.007 sec
Running com.google.common.collect.FilteredMultimapTest
Tests run: 3, Failures: 0, Errors: 0, Skipped: 0, Time elapsed: 0.012 sec
Running com.google.common.collect.FluentIterableTest
Tests run: 105, Failures: 0, Errors: 0, Skipped: 0, Time elapsed: 0.026 sec
Running com.google.common.collect.ForMapMultimapAsMapImplementsMapTest
Tests run: 56, Failures: 0, Errors: 0, Skipped: 0, Time elapsed: 0.017 sec
Running com.google.common.collect.ForwardingCollectionTest
Tests run: 377, Failures: 0, Errors: 0, Skipped: 0, Time elapsed: 0.083 sec
Running com.google.common.collect.ForwardingConcurrentMapTest
Tests run: 4, Failures: 0, Errors: 0, Skipped: 0, Time elapsed: 0.002 sec
Running com.google.common.collect.ForwardingDequeTest
Tests run: 1, Failures: 0, Errors: 0, Skipped: 0, Time elapsed: 0.012 sec
Running com.google.common.collect.ForwardingListIteratorTest
Tests run: 1, Failures: 0, Errors: 0, Skipped: 0, Time elapsed: 0.007 sec
Running com.google.common.collect.ForwardingListMultimapTest
Tests run: 2, Failures: 0, Errors: 0, Skipped: 0, Time elapsed: 0.011 sec
Running com.google.common.collect.ForwardingListTest
Tests run: 721, Failures: 0, Errors: 0, Skipped: 0, Time elapsed: 0.814 sec
Running com.google.common.collect.ForwardingMapTest
Tests run: 1718, Failures: 0, Errors: 0, Skipped: 0, Time elapsed: 0.314 sec
Running com.google.common.collect.ForwardingMultimapTest
Tests run: 2, Failures: 0, Errors: 0, Skipped: 0, Time elapsed: 0.008 sec
Running com.google.common.collect.ForwardingMultisetTest
Tests run: 1718, Failures: 0, Errors: 0, Skipped: 0, Time elapsed: 0.374 sec
Running com.google.common.collect.ForwardingNavigableMapTest
Tests run: 32243, Failures: 0, Errors: 0, Skipped: 0, Time elapsed: 4.862 sec
Running com.google.common.collect.ForwardingNavigableSetTest
Tests run: 507, Failures: 0, Errors: 0, Skipped: 0, Time elapsed: 0.069 sec
Running com.google.common.collect.ForwardingObjectTest
Tests run: 2, Failures: 0, Errors: 0, Skipped: 0, Time elapsed: 0.001 sec
Running com.google.common.collect.ForwardingQueueTest
Tests run: 228, Failures: 0, Errors: 0, Skipped: 0, Time elapsed: 0.029 sec
Running com.google.common.collect.ForwardingSetMultimapTest
Tests run: 2, Failures: 0, Errors: 0, Skipped: 0, Time elapsed: 0.006 sec
Running com.google.common.collect.ForwardingSetTest
Tests run: 439, Failures: 0, Errors: 0, Skipped: 0, Time elapsed: 0.054 sec
Running com.google.common.collect.ForwardingSortedMapImplementsMapTest
Tests run: 59, Failures: 0, Errors: 0, Skipped: 0, Time elapsed: 0.008 sec
Running com.google.common.collect.ForwardingSortedMapTest
Tests run: 10970, Failures: 0, Errors: 0, Skipped: 0, Time elapsed: 1.632 sec
Running com.google.common.collect.ForwardingSortedMultisetTest
Tests run: 24156, Failures: 0, Errors: 0, Skipped: 0, Time elapsed: 3.454 sec
Running com.google.common.collect.ForwardingSortedSetMultimapTest
Tests run: 2, Failures: 0, Errors: 0, Skipped: 0, Time elapsed: 0.014 sec
Running com.google.common.collect.ForwardingSortedSetTest
Tests run: 982, Failures: 0, Errors: 0, Skipped: 0, Time elapsed: 0.177 sec
Running com.google.common.collect.ForwardingTableTest
Tests run: 2, Failures: 0, Errors: 0, Skipped: 0, Time elapsed: 0.006 sec
Running com.google.common.collect.GeneralRangeTest
Tests run: 19, Failures: 0, Errors: 0, Skipped: 0, Time elapsed: 0.004 sec
Running com.google.common.collect.HashBasedTableTest
Tests run: 29, Failures: 0, Errors: 0, Skipped: 0, Time elapsed: 0.015 sec
Running com.google.common.collect.HashBiMapTest
Tests run: 4505, Failures: 0, Errors: 0, Skipped: 0, Time elapsed: 0.763 sec
Running com.google.common.collect.HashMultimapTest
Tests run: 5715, Failures: 0, Errors: 0, Skipped: 0, Time elapsed: 0.944 sec
Running com.google.common.collect.HashMultisetTest
Tests run: 1863, Failures: 0, Errors: 0, Skipped: 0, Time elapsed: 0.239 sec
Running com.google.common.collect.HashingTest
Tests run: 1, Failures: 0, Errors: 0, Skipped: 0, Time elapsed: 0.001 sec
Running com.google.common.collect.ImmutableBiMapTest
Tests run: 12460, Failures: 0, Errors: 0, Skipped: 0, Time elapsed: 2.043 sec
Running com.google.common.collect.ImmutableBiMapTest$BiMapSpecificTests
Tests run: 7, Failures: 0, Errors: 0, Skipped: 0, Time elapsed: 0.002 sec
Running com.google.common.collect.ImmutableBiMapTest$CreationTests
Tests run: 29, Failures: 0, Errors: 0, Skipped: 0, Time elapsed: 0.003 sec
Running com.google.common.collect.ImmutableBiMapTest$InverseMapTests
Tests run: 56, Failures: 0, Errors: 0, Skipped: 0, Time elapsed: 0.004 sec
Running com.google.common.collect.ImmutableBiMapTest$MapTests
Tests run: 56, Failures: 0, Errors: 0, Skipped: 0, Time elapsed: 0.005 sec
Running com.google.common.collect.ImmutableClassToInstanceMapTest
Tests run: 1422, Failures: 0, Errors: 0, Skipped: 0, Time elapsed: 0.362 sec
Running com.google.common.collect.ImmutableCollectionTest
Tests run: 1, Failures: 0, Errors: 0, Skipped: 0, Time elapsed: 0.001 sec
Running com.google.common.collect.ImmutableEnumMapTest
Tests run: 1319, Failures: 0, Errors: 0, Skipped: 0, Time elapsed: 0.349 sec
Running com.google.common.collect.ImmutableListMultimapTest
Tests run: 8851, Failures: 0, Errors: 0, Skipped: 0, Time elapsed: 2.561 sec
Running com.google.common.collect.ImmutableListTest
Tests run: 4254, Failures: 0, Errors: 0, Skipped: 0, Time elapsed: 6.086 sec
Running com.google.common.collect.ImmutableListTest$BasicTests
Tests run: 15, Failures: 0, Errors: 0, Skipped: 0, Time elapsed: 0.01 sec
Running com.google.common.collect.ImmutableListTest$ConcurrentTests
Tests run: 2, Failures: 0, Errors: 0, Skipped: 0, Time elapsed: 0.006 sec
Running com.google.common.collect.ImmutableListTest$CreationTests
Tests run: 49, Failures: 0, Errors: 0, Skipped: 0, Time elapsed: 0.008 sec
Running com.google.common.collect.ImmutableMapTest
Tests run: 12360, Failures: 0, Errors: 0, Skipped: 0, Time elapsed: 6.032 sec
Running com.google.common.collect.ImmutableMapTest$CreationTests
Tests run: 31, Failures: 0, Errors: 0, Skipped: 0, Time elapsed: 0.008 sec
Running com.google.common.collect.ImmutableMapTest$MapTests
Tests run: 56, Failures: 0, Errors: 0, Skipped: 0, Time elapsed: 0.004 sec
Running com.google.common.collect.ImmutableMapTest$MapTestsWithBadHashes
Tests run: 56, Failures: 0, Errors: 0, Skipped: 0, Time elapsed: 0.004 sec
Running com.google.common.collect.ImmutableMapTest$MapTestsWithSingletonUnhashableValue
Tests run: 56, Failures: 0, Errors: 0, Skipped: 0, Time elapsed: 0.003 sec
Running com.google.common.collect.ImmutableMapTest$MapTestsWithUnhashableValues
Tests run: 56, Failures: 0, Errors: 0, Skipped: 0, Time elapsed: 0.003 sec
Running com.google.common.collect.ImmutableMapTest$ReserializedMapTests
Tests run: 56, Failures: 0, Errors: 0, Skipped: 0, Time elapsed: 0.004 sec
Running com.google.common.collect.ImmutableMapTest$SingletonMapTests
Tests run: 56, Failures: 0, Errors: 0, Skipped: 0, Time elapsed: 0.003 sec
Running com.google.common.collect.ImmutableMultimapAsMapImplementsMapTest
Tests run: 56, Failures: 0, Errors: 0, Skipped: 0, Time elapsed: 0.003 sec
Running com.google.common.collect.ImmutableMultimapTest
Tests run: 7, Failures: 0, Errors: 0, Skipped: 0, Time elapsed: 0.002 sec
Running com.google.common.collect.ImmutableMultisetTest
Tests run: 4665, Failures: 0, Errors: 0, Skipped: 0, Time elapsed: 3.249 sec
Running com.google.common.collect.ImmutableRangeMapTest
Tests run: 12, Failures: 0, Errors: 0, Skipped: 0, Time elapsed: 12.584 sec
Running com.google.common.collect.ImmutableRangeSetTest
Tests run: 758, Failures: 0, Errors: 0, Skipped: 0, Time elapsed: 0.585 sec
Running com.google.common.collect.ImmutableSetMultimapAsMapImplementsMapTest
Tests run: 56, Failures: 0, Errors: 0, Skipped: 0, Time elapsed: 0.006 sec
Running com.google.common.collect.ImmutableSetMultimapTest
Tests run: 8546, Failures: 0, Errors: 0, Skipped: 0, Time elapsed: 1.079 sec
Running com.google.common.collect.ImmutableSetTest
Tests run: 3110, Failures: 0, Errors: 0, Skipped: 0, Time elapsed: 1.441 sec
Running com.google.common.collect.ImmutableSortedMapTest
Tests run: 66271, Failures: 0, Errors: 0, Skipped: 0, Time elapsed: 14.879 sec
Running com.google.common.collect.ImmutableSortedMapTest$CreationTests
Tests run: 33, Failures: 0, Errors: 0, Skipped: 0, Time elapsed: 0.009 sec
Running com.google.common.collect.ImmutableSortedMapTest$HeadMapInclusiveTests
Tests run: 59, Failures: 0, Errors: 0, Skipped: 0, Time elapsed: 0.004 sec
Running com.google.common.collect.ImmutableSortedMapTest$HeadMapTests
Tests run: 59, Failures: 0, Errors: 0, Skipped: 0, Time elapsed: 0.01 sec
Running com.google.common.collect.ImmutableSortedMapTest$MapTests
Tests run: 59, Failures: 0, Errors: 0, Skipped: 0, Time elapsed: 0.005 sec
Running com.google.common.collect.ImmutableSortedMapTest$ReserializedMapTests
Tests run: 59, Failures: 0, Errors: 0, Skipped: 0, Time elapsed: 0.009 sec
Running com.google.common.collect.ImmutableSortedMapTest$SingletonMapTests
Tests run: 59, Failures: 0, Errors: 0, Skipped: 0, Time elapsed: 0.002 sec
Running com.google.common.collect.ImmutableSortedMapTest$SubMapTests
Tests run: 59, Failures: 0, Errors: 0, Skipped: 0, Time elapsed: 0.003 sec
Running com.google.common.collect.ImmutableSortedMapTest$TailExclusiveMapTests
Tests run: 59, Failures: 0, Errors: 0, Skipped: 0, Time elapsed: 0.004 sec
Running com.google.common.collect.ImmutableSortedMapTest$TailMapTests
Tests run: 59, Failures: 0, Errors: 0, Skipped: 0, Time elapsed: 0.004 sec
Running com.google.common.collect.ImmutableSortedMultisetTest
Tests run: 20613, Failures: 0, Errors: 0, Skipped: 0, Time elapsed: 5.197 sec
Running com.google.common.collect.ImmutableSortedSetTest
Tests run: 17058, Failures: 0, Errors: 0, Skipped: 0, Time elapsed: 5.426 sec
Running com.google.common.collect.ImmutableTableTest
Tests run: 53, Failures: 0, Errors: 0, Skipped: 0, Time elapsed: 0.212 sec
Running com.google.common.collect.InternersTest
Tests run: 11, Failures: 0, Errors: 0, Skipped: 0, Time elapsed: 0.09 sec
Running com.google.common.collect.IterablesTest
Tests run: 132, Failures: 0, Errors: 0, Skipped: 0, Time elapsed: 0.052 sec
Running com.google.common.collect.IteratorsTest
Tests run: 582, Failures: 0, Errors: 0, Skipped: 0, Time elapsed: 0.253 sec
Running com.google.common.collect.LinkedHashMultimapTest
Tests run: 6062, Failures: 0, Errors: 0, Skipped: 0, Time elapsed: 0.994 sec
Running com.google.common.collect.LinkedHashMultisetTest
Tests run: 1965, Failures: 0, Errors: 0, Skipped: 0, Time elapsed: 0.232 sec
Running com.google.common.collect.LinkedListMultimapTest
Tests run: 6282, Failures: 0, Errors: 0, Skipped: 0, Time elapsed: 1.16 sec
Running com.google.common.collect.ListsImplTest
Tests run: 42, Failures: 0, Errors: 0, Skipped: 0, Time elapsed: 0.005 sec
Running com.google.common.collect.ListsTest
Tests run: 5932, Failures: 0, Errors: 0, Skipped: 0, Time elapsed: 2.93 sec
Running com.google.common.collect.MapMakerInternalMapTest
Tests run: 28, Failures: 0, Errors: 0, Skipped: 0, Time elapsed: 0.038 sec
Running com.google.common.collect.MapMakerTest
Tests run: 1, Failures: 0, Errors: 0, Skipped: 0, Time elapsed: 0.001 sec
Running com.google.common.collect.MapMakerTest$MakerTest
Tests run: 2, Failures: 0, Errors: 0, Skipped: 0, Time elapsed: 0.001 sec
Running com.google.common.collect.MapsCollectionTest
Tests run: 234922, Failures: 0, Errors: 0, Skipped: 0, Time elapsed: 25.505 sec
Running com.google.common.collect.MapsSortedTransformValuesTest
Tests run: 66, Failures: 0, Errors: 0, Skipped: 0, Time elapsed: 0.006 sec
Running com.google.common.collect.MapsTest
Tests run: 92, Failures: 0, Errors: 0, Skipped: 0, Time elapsed: 0.044 sec
Running com.google.common.collect.MapsTest$FilteredBiMapTest
Tests run: 11, Failures: 0, Errors: 0, Skipped: 0, Time elapsed: 0.002 sec
Running com.google.common.collect.MapsTest$FilteredMapTest
Tests run: 11, Failures: 0, Errors: 0, Skipped: 0, Time elapsed: 0 sec
Running com.google.common.collect.MapsTest$FilteredSortedMapTest
Tests run: 13, Failures: 0, Errors: 0, Skipped: 0, Time elapsed: 0.001 sec
Running com.google.common.collect.MapsTransformValuesTest
Tests run: 66, Failures: 0, Errors: 0, Skipped: 0, Time elapsed: 0.004 sec
Running com.google.common.collect.MapsTransformValuesUnmodifiableIteratorTest
Tests run: 66, Failures: 0, Errors: 0, Skipped: 0, Time elapsed: 0.007 sec
Running com.google.common.collect.MinMaxPriorityQueueTest
Tests run: 253, Failures: 0, Errors: 0, Skipped: 0, Time elapsed: 1.733 sec
Running com.google.common.collect.MoreCollectorsTest
Tests run: 10, Failures: 0, Errors: 0, Skipped: 0, Time elapsed: 0.005 sec
Running com.google.common.collect.MultimapBuilderTest
Tests run: 5, Failures: 0, Errors: 0, Skipped: 0, Time elapsed: 0.012 sec
Running com.google.common.collect.MultimapsCollectionTest
Tests run: 37867, Failures: 0, Errors: 0, Skipped: 0, Time elapsed: 5.937 sec
Running com.google.common.collect.MultimapsFilterEntriesAsMapTest
Tests run: 56, Failures: 0, Errors: 0, Skipped: 0, Time elapsed: 0.02 sec
Running com.google.common.collect.MultimapsTest
Tests run: 58, Failures: 0, Errors: 0, Skipped: 0, Time elapsed: 0.072 sec
Running com.google.common.collect.MultimapsTransformValuesAsMapTest
Tests run: 56, Failures: 0, Errors: 0, Skipped: 0, Time elapsed: 0.006 sec
Running com.google.common.collect.MultisetsCollectionTest
Tests run: 23303, Failures: 0, Errors: 0, Skipped: 0, Time elapsed: 2.701 sec
Running com.google.common.collect.MultisetsImmutableEntryTest
Tests run: 7, Failures: 0, Errors: 0, Skipped: 0, Time elapsed: 0.001 sec
Running com.google.common.collect.MultisetsTest
Tests run: 32, Failures: 0, Errors: 0, Skipped: 0, Time elapsed: 0.007 sec
Running com.google.common.collect.MutableClassToInstanceMapTest
Tests run: 1757, Failures: 0, Errors: 0, Skipped: 0, Time elapsed: 0.249 sec
Running com.google.common.collect.NewCustomTableTest
Tests run: 25, Failures: 0, Errors: 0, Skipped: 0, Time elapsed: 0.004 sec
Running com.google.common.collect.ObjectArraysTest
Tests run: 25, Failures: 0, Errors: 0, Skipped: 0, Time elapsed: 0.002 sec
Running com.google.common.collect.OrderingTest
Tests run: 69, Failures: 0, Errors: 0, Skipped: 0, Time elapsed: 2.573 sec
Running com.google.common.collect.PeekingIteratorTest
Tests run: 8, Failures: 0, Errors: 0, Skipped: 0, Time elapsed: 0.04 sec
Running com.google.common.collect.QueuesTest
Tests run: 9, Failures: 0, Errors: 0, Skipped: 0, Time elapsed: 5.926 sec
Running com.google.common.collect.RangeNonGwtTest
Tests run: 1, Failures: 0, Errors: 0, Skipped: 0, Time elapsed: 0.007 sec
Running com.google.common.collect.RangeTest
Tests run: 36, Failures: 0, Errors: 0, Skipped: 0, Time elapsed: 0.006 sec
Running com.google.common.collect.RegularImmutableAsListTest
Tests run: 1, Failures: 0, Errors: 0, Skipped: 0, Time elapsed: 0 sec
Running com.google.common.collect.RegularImmutableTableTest
Tests run: 22, Failures: 0, Errors: 0, Skipped: 0, Time elapsed: 0.002 sec
Running com.google.common.collect.SetOperationsTest
Tests run: 1619, Failures: 0, Errors: 0, Skipped: 0, Time elapsed: 0.2 sec
Running com.google.common.collect.SetOperationsTest$MoreTests
Tests run: 4, Failures: 0, Errors: 0, Skipped: 0, Time elapsed: 0 sec
Running com.google.common.collect.SetsTest
Tests run: 2281, Failures: 0, Errors: 0, Skipped: 0, Time elapsed: 0.335 sec
Running com.google.common.collect.SimpleAbstractMultisetTest
Tests run: 699, Failures: 0, Errors: 0, Skipped: 0, Time elapsed: 0.065 sec
Running com.google.common.collect.SingletonImmutableTableTest
Tests run: 25, Failures: 0, Errors: 0, Skipped: 0, Time elapsed: 0.002 sec
Running com.google.common.collect.SortedIterablesTest
Tests run: 2, Failures: 0, Errors: 0, Skipped: 0, Time elapsed: 0.001 sec
Running com.google.common.collect.SortedListsTest
Tests run: 3, Failures: 0, Errors: 0, Skipped: 0, Time elapsed: 0.005 sec
Running com.google.common.collect.StreamsTest
Tests run: 45, Failures: 0, Errors: 0, Skipped: 0, Time elapsed: 0.155 sec
Running com.google.common.collect.SubMapMultimapAsMapImplementsMapTest
Tests run: 56, Failures: 0, Errors: 0, Skipped: 0, Time elapsed: 0.006 sec
Running com.google.common.collect.SynchronizedBiMapTest
Tests run: 6844, Failures: 0, Errors: 0, Skipped: 0, Time elapsed: 0.871 sec
Running com.google.common.collect.SynchronizedDequeTest
Tests run: 1, Failures: 0, Errors: 0, Skipped: 0, Time elapsed: 0.005 sec
Running com.google.common.collect.SynchronizedMapTest
Tests run: 16, Failures: 0, Errors: 0, Skipped: 0, Time elapsed: 0.001 sec
Running com.google.common.collect.SynchronizedMultimapTest
Tests run: 5646, Failures: 0, Errors: 0, Skipped: 0, Time elapsed: 1.102 sec
Running com.google.common.collect.SynchronizedNavigableMapTest
Tests run: 32384, Failures: 0, Errors: 0, Skipped: 0, Time elapsed: 3.133 sec
Running com.google.common.collect.SynchronizedNavigableSetTest
Tests run: 8953, Failures: 0, Errors: 0, Skipped: 0, Time elapsed: 1.681 sec
Running com.google.common.collect.SynchronizedQueueTest
Tests run: 1, Failures: 0, Errors: 0, Skipped: 0, Time elapsed: 0.003 sec
Running com.google.common.collect.SynchronizedSetTest
Tests run: 506, Failures: 0, Errors: 0, Skipped: 0, Time elapsed: 0.078 sec
Running com.google.common.collect.SynchronizedTableTest
Tests run: 23, Failures: 0, Errors: 0, Skipped: 0, Time elapsed: 0.004 sec
Running com.google.common.collect.TableCollectionTest
Tests run: 7480, Failures: 0, Errors: 0, Skipped: 0, Time elapsed: 0.918 sec
Running com.google.common.collect.TableCollectionTest$ArrayColumnMapTests
Tests run: 56, Failures: 0, Errors: 0, Skipped: 0, Time elapsed: 0.003 sec
Running com.google.common.collect.TableCollectionTest$ArrayColumnTests
Tests run: 56, Failures: 0, Errors: 0, Skipped: 0, Time elapsed: 0.002 sec
Running com.google.common.collect.TableCollectionTest$ArrayRowMapTests
Tests run: 56, Failures: 0, Errors: 0, Skipped: 0, Time elapsed: 0.002 sec
Running com.google.common.collect.TableCollectionTest$ArrayRowTests
Tests run: 56, Failures: 0, Errors: 0, Skipped: 0, Time elapsed: 0.002 sec
Running com.google.common.collect.TableCollectionTest$HashColumnMapTests
Tests run: 56, Failures: 0, Errors: 0, Skipped: 0, Time elapsed: 0.004 sec
Running com.google.common.collect.TableCollectionTest$HashColumnTests
Tests run: 56, Failures: 0, Errors: 0, Skipped: 0, Time elapsed: 0.002 sec
Running com.google.common.collect.TableCollectionTest$HashRowMapTests
Tests run: 56, Failures: 0, Errors: 0, Skipped: 0, Time elapsed: 0.002 sec
Running com.google.common.collect.TableCollectionTest$HashRowTests
Tests run: 56, Failures: 0, Errors: 0, Skipped: 0, Time elapsed: 0.002 sec
Running com.google.common.collect.TableCollectionTest$TransformValueColumnMapTests
Tests run: 56, Failures: 0, Errors: 0, Skipped: 0, Time elapsed: 0.004 sec
Running com.google.common.collect.TableCollectionTest$TransformValueColumnTests
Tests run: 56, Failures: 0, Errors: 0, Skipped: 0, Time elapsed: 0.003 sec
Running com.google.common.collect.TableCollectionTest$TransformValueRowMapTests
Tests run: 56, Failures: 0, Errors: 0, Skipped: 0, Time elapsed: 0.003 sec
Running com.google.common.collect.TableCollectionTest$TransformValueRowTests
Tests run: 56, Failures: 0, Errors: 0, Skipped: 0, Time elapsed: 0.002 sec
Running com.google.common.collect.TableCollectionTest$TransposeColumnTests
Tests run: 56, Failures: 0, Errors: 0, Skipped: 0, Time elapsed: 0.002 sec
Running com.google.common.collect.TableCollectionTest$TransposeRowTests
Tests run: 56, Failures: 0, Errors: 0, Skipped: 0, Time elapsed: 0.002 sec
Running com.google.common.collect.TableCollectionTest$TreeColumnMapTests
Tests run: 56, Failures: 0, Errors: 0, Skipped: 0, Time elapsed: 0.003 sec
Running com.google.common.collect.TableCollectionTest$TreeColumnTests
Tests run: 56, Failures: 0, Errors: 0, Skipped: 0, Time elapsed: 0.003 sec
Running com.google.common.collect.TableCollectionTest$TreeRowMapHeadMapTests
Tests run: 56, Failures: 0, Errors: 0, Skipped: 0, Time elapsed: 0.003 sec
Running com.google.common.collect.TableCollectionTest$TreeRowMapSubMapTests
Tests run: 56, Failures: 0, Errors: 0, Skipped: 0, Time elapsed: 0.003 sec
Running com.google.common.collect.TableCollectionTest$TreeRowMapTailMapTests
Tests run: 56, Failures: 0, Errors: 0, Skipped: 0, Time elapsed: 0.002 sec
Running com.google.common.collect.TableCollectionTest$TreeRowMapTests
Tests run: 56, Failures: 0, Errors: 0, Skipped: 0, Time elapsed: 0.002 sec
Running com.google.common.collect.TableCollectionTest$TreeRowTests
Tests run: 56, Failures: 0, Errors: 0, Skipped: 0, Time elapsed: 0.003 sec
Running com.google.common.collect.TableCollectionTest$UnmodifiableHashColumnMapTests
Tests run: 56, Failures: 0, Errors: 0, Skipped: 0, Time elapsed: 0.004 sec
Running com.google.common.collect.TableCollectionTest$UnmodifiableHashColumnTests
Tests run: 56, Failures: 0, Errors: 0, Skipped: 0, Time elapsed: 0.002 sec
Running com.google.common.collect.TableCollectionTest$UnmodifiableHashRowMapTests
Tests run: 56, Failures: 0, Errors: 0, Skipped: 0, Time elapsed: 0.002 sec
Running com.google.common.collect.TableCollectionTest$UnmodifiableHashRowTests
Tests run: 56, Failures: 0, Errors: 0, Skipped: 0, Time elapsed: 0.002 sec
Running com.google.common.collect.TableCollectionTest$UnmodifiableTreeColumnMapTests
Tests run: 56, Failures: 0, Errors: 0, Skipped: 0, Time elapsed: 0.004 sec
Running com.google.common.collect.TableCollectionTest$UnmodifiableTreeColumnTests
Tests run: 56, Failures: 0, Errors: 0, Skipped: 0, Time elapsed: 0.002 sec
Running com.google.common.collect.TableCollectionTest$UnmodifiableTreeRowMapTests
Tests run: 56, Failures: 0, Errors: 0, Skipped: 0, Time elapsed: 0.003 sec
Running com.google.common.collect.TableCollectionTest$UnmodifiableTreeRowTests
Tests run: 56, Failures: 0, Errors: 0, Skipped: 0, Time elapsed: 0.002 sec
Running com.google.common.collect.TablesTest
Tests run: 9, Failures: 0, Errors: 0, Skipped: 0, Time elapsed: 0.005 sec
Running com.google.common.collect.TablesTransformValuesTest
Tests run: 23, Failures: 0, Errors: 0, Skipped: 0, Time elapsed: 0.002 sec
Running com.google.common.collect.TopKSelectorTest
Tests run: 8, Failures: 0, Errors: 0, Skipped: 0, Time elapsed: 0.293 sec
Running com.google.common.collect.TransposedTableTest
Tests run: 27, Failures: 0, Errors: 0, Skipped: 0, Time elapsed: 0.003 sec
Running com.google.common.collect.TreeBasedTableTest
Tests run: 3883, Failures: 0, Errors: 0, Skipped: 0, Time elapsed: 0.443 sec
Running com.google.common.collect.TreeBasedTableTest$TreeRowTest
Tests run: 60, Failures: 0, Errors: 0, Skipped: 0, Time elapsed: 0.003 sec
Running com.google.common.collect.TreeMultimapExplicitTest
Tests run: 12, Failures: 0, Errors: 0, Skipped: 0, Time elapsed: 0.002 sec
Running com.google.common.collect.TreeMultimapNaturalTest
Tests run: 40220, Failures: 0, Errors: 0, Skipped: 0, Time elapsed: 5.062 sec
Running com.google.common.collect.TreeMultisetTest
Tests run: 103115, Failures: 0, Errors: 0, Skipped: 0, Time elapsed: 12.557 sec
Running com.google.common.collect.TreeRangeMapTest
Tests run: 3275, Failures: 0, Errors: 0, Skipped: 0, Time elapsed: 10.638 sec
Running com.google.common.collect.TreeRangeSetTest
Tests run: 43, Failures: 0, Errors: 0, Skipped: 0, Time elapsed: 32.421 sec
Running com.google.common.collect.TreeTraverserTest
Tests run: 5, Failures: 0, Errors: 0, Skipped: 0, Time elapsed: 0.005 sec
Running com.google.common.collect.UnmodifiableIteratorTest
Tests run: 1, Failures: 0, Errors: 0, Skipped: 0, Time elapsed: 0.001 sec
Running com.google.common.collect.UnmodifiableListIteratorTest
Tests run: 3, Failures: 0, Errors: 0, Skipped: 0, Time elapsed: 0.004 sec
Running com.google.common.collect.UnmodifiableMultimapAsMapImplementsMapTest
Tests run: 56, Failures: 0, Errors: 0, Skipped: 0, Time elapsed: 0.005 sec
Running com.google.common.escape.ArrayBasedCharEscaperTest
Tests run: 4, Failures: 0, Errors: 0, Skipped: 0, Time elapsed: 0.003 sec
Running com.google.common.escape.ArrayBasedEscaperMapTest
Tests run: 4, Failures: 0, Errors: 0, Skipped: 0, Time elapsed: 0.01 sec
Running com.google.common.escape.ArrayBasedUnicodeEscaperTest
Tests run: 5, Failures: 0, Errors: 0, Skipped: 0, Time elapsed: 0.003 sec
Running com.google.common.escape.CharEscaperBuilderTest
Tests run: 1, Failures: 0, Errors: 0, Skipped: 0, Time elapsed: 0.001 sec
Running com.google.common.escape.EscapersTest
Tests run: 6, Failures: 0, Errors: 0, Skipped: 0, Time elapsed: 0.002 sec
Running com.google.common.escape.UnicodeEscaperTest
Tests run: 9, Failures: 0, Errors: 0, Skipped: 0, Time elapsed: 0.003 sec
Running com.google.common.eventbus.AsyncEventBusTest
Tests run: 1, Failures: 0, Errors: 0, Skipped: 0, Time elapsed: 0.005 sec
Running com.google.common.eventbus.DispatcherTest
Tests run: 3, Failures: 0, Errors: 0, Skipped: 0, Time elapsed: 0.004 sec
Running com.google.common.eventbus.EventBusTest
Tests run: 11, Failures: 0, Errors: 0, Skipped: 0, Time elapsed: 0.497 sec
Running com.google.common.eventbus.ReentrantEventsTest
Tests run: 2, Failures: 0, Errors: 0, Skipped: 0, Time elapsed: 0.001 sec
Running com.google.common.eventbus.SubscriberRegistryTest
Tests run: 6, Failures: 0, Errors: 0, Skipped: 0, Time elapsed: 0.002 sec
Running com.google.common.eventbus.SubscriberTest
Tests run: 5, Failures: 0, Errors: 0, Skipped: 0, Time elapsed: 0.003 sec
Running com.google.common.eventbus.outside.AnnotatedSubscriberFinderTests$AbstractNotAnnotatedInSuperclassTest
Tests run: 2, Failures: 0, Errors: 0, Skipped: 0, Time elapsed: 0.001 sec
Running com.google.common.eventbus.outside.AnnotatedSubscriberFinderTests$AnnotatedAndAbstractInSuperclassTest
Tests run: 2, Failures: 0, Errors: 0, Skipped: 0, Time elapsed: 0.001 sec
Running com.google.common.eventbus.outside.AnnotatedSubscriberFinderTests$AnnotatedNotAbstractInSuperclassTest
Tests run: 5, Failures: 0, Errors: 0, Skipped: 0, Time elapsed: 0.001 sec
Running com.google.common.eventbus.outside.AnnotatedSubscriberFinderTests$BaseSubscriberFinderTest
Tests run: 2, Failures: 0, Errors: 0, Skipped: 0, Time elapsed: 0 sec
Running com.google.common.eventbus.outside.AnnotatedSubscriberFinderTests$DeepInterfaceTest
Tests run: 8, Failures: 0, Errors: 0, Skipped: 0, Time elapsed: 0.001 sec
Running com.google.common.eventbus.outside.AnnotatedSubscriberFinderTests$NeitherAbstractNorAnnotatedInSuperclassTest
Tests run: 3, Failures: 0, Errors: 0, Skipped: 0, Time elapsed: 0.001 sec
Running com.google.common.eventbus.outside.OutsideEventBusTest
Tests run: 1, Failures: 0, Errors: 0, Skipped: 0, Time elapsed: 0.001 sec
Running com.google.common.graph.ConfigurableDirectedGraphTest
Tests run: 57, Failures: 0, Errors: 0, Skipped: 0, Time elapsed: 0.055 sec
Running com.google.common.graph.ConfigurableDirectedGraphWithStableOrderTest
Tests run: 52, Failures: 0, Errors: 0, Skipped: 0, Time elapsed: 0.016 sec
Running com.google.common.graph.ConfigurableDirectedMultiNetworkTest
Tests run: 92, Failures: 0, Errors: 0, Skipped: 0, Time elapsed: 0.066 sec
Running com.google.common.graph.ConfigurableDirectedNetworkTest
Tests run: 87, Failures: 0, Errors: 0, Skipped: 0, Time elapsed: 0.051 sec
Running com.google.common.graph.ConfigurableSimpleDirectedGraphTest
Tests run: 47, Failures: 0, Errors: 0, Skipped: 0, Time elapsed: 0.009 sec
Running com.google.common.graph.ConfigurableSimpleDirectedNetworkTest
Tests run: 67, Failures: 0, Errors: 0, Skipped: 0, Time elapsed: 0.035 sec
Running com.google.common.graph.ConfigurableSimpleDirectedSortedNetworkTest
Tests run: 67, Failures: 0, Errors: 0, Skipped: 0, Time elapsed: 0.029 sec
Running com.google.common.graph.ConfigurableSimpleUndirectedGraphTest
Tests run: 45, Failures: 0, Errors: 0, Skipped: 0, Time elapsed: 0.03 sec
Running com.google.common.graph.ConfigurableSimpleUndirectedNetworkTest
Tests run: 63, Failures: 0, Errors: 0, Skipped: 0, Time elapsed: 0.043 sec
Running com.google.common.graph.ConfigurableUndirectedGraphTest
Tests run: 55, Failures: 0, Errors: 0, Skipped: 0, Time elapsed: 0.011 sec
Running com.google.common.graph.ConfigurableUndirectedMultiNetworkTest
Tests run: 86, Failures: 0, Errors: 0, Skipped: 0, Time elapsed: 0.053 sec
Running com.google.common.graph.ConfigurableUndirectedNetworkTest
Tests run: 81, Failures: 0, Errors: 0, Skipped: 0, Time elapsed: 0.033 sec
Running com.google.common.graph.DefaultNetworkImplementationsTest
Tests run: 14, Failures: 0, Errors: 0, Skipped: 0, Time elapsed: 0.011 sec
Running com.google.common.graph.ElementOrderTest
Tests run: 13, Failures: 0, Errors: 0, Skipped: 0, Time elapsed: 0.002 sec
Running com.google.common.graph.EndpointPairTest
Tests run: 12, Failures: 0, Errors: 0, Skipped: 0, Time elapsed: 0.002 sec
Running com.google.common.graph.GraphEquivalenceTest
Tests run: 12, Failures: 0, Errors: 0, Skipped: 0, Time elapsed: 0.001 sec
Running com.google.common.graph.GraphMutationTest
Tests run: 2, Failures: 0, Errors: 0, Skipped: 0, Time elapsed: 2.685 sec
Running com.google.common.graph.GraphPropertiesTest
Tests run: 12, Failures: 0, Errors: 0, Skipped: 0, Time elapsed: 0.004 sec
Running com.google.common.graph.GraphsTest
Tests run: 33, Failures: 0, Errors: 0, Skipped: 0, Time elapsed: 0.038 sec
Running com.google.common.graph.ImmutableGraphTest
Tests run: 7, Failures: 0, Errors: 0, Skipped: 0, Time elapsed: 0.003 sec
Running com.google.common.graph.ImmutableNetworkTest
Tests run: 9, Failures: 0, Errors: 0, Skipped: 0, Time elapsed: 0.002 sec
Running com.google.common.graph.ImmutableValueGraphTest
Tests run: 7, Failures: 0, Errors: 0, Skipped: 0, Time elapsed: 0.003 sec
Running com.google.common.graph.MapCacheTest
Tests run: 16, Failures: 0, Errors: 0, Skipped: 0, Time elapsed: 0.003 sec
Running com.google.common.graph.NetworkEquivalenceTest
Tests run: 16, Failures: 0, Errors: 0, Skipped: 0, Time elapsed: 0.002 sec
Running com.google.common.graph.NetworkMutationTest
Tests run: 2, Failures: 0, Errors: 0, Skipped: 0, Time elapsed: 13.719 sec
Running com.google.common.graph.TraverserTest
Tests run: 108, Failures: 0, Errors: 0, Skipped: 0, Time elapsed: 0.013 sec
Running com.google.common.graph.ValueGraphTest
Tests run: 31, Failures: 0, Errors: 0, Skipped: 0, Time elapsed: 0.019 sec
Running com.google.common.hash.AbstractByteHasherTest
Tests run: 9, Failures: 0, Errors: 0, Skipped: 0, Time elapsed: 0.026 sec
Running com.google.common.hash.AbstractNonStreamingHashFunctionTest
Tests run: 5, Failures: 0, Errors: 0, Skipped: 0, Time elapsed: 0.013 sec
Running com.google.common.hash.AbstractStreamingHasherTest
Tests run: 10, Failures: 0, Errors: 0, Skipped: 0, Time elapsed: 1.057 sec
Running com.google.common.hash.BloomFilterTest
Tests run: 29, Failures: 0, Errors: 0, Skipped: 0, Time elapsed: 4.553 sec
Running com.google.common.hash.ChecksumHashFunctionTest
Tests run: 4, Failures: 0, Errors: 0, Skipped: 0, Time elapsed: 0.008 sec
Running com.google.common.hash.Crc32cHashFunctionTest
Tests run: 7, Failures: 0, Errors: 0, Skipped: 0, Time elapsed: 0.002 sec
Running com.google.common.hash.FarmHashFingerprint64Test
Tests run: 6, Failures: 0, Errors: 0, Skipped: 0, Time elapsed: 0.017 sec
Running com.google.common.hash.FunnelsTest
Tests run: 14, Failures: 0, Errors: 0, Skipped: 0, Time elapsed: 0.128 sec
Running com.google.common.hash.HashCodeTest
Tests run: 31, Failures: 0, Errors: 0, Skipped: 0, Time elapsed: 0.006 sec
Running com.google.common.hash.HashingInputStreamTest
Tests run: 8, Failures: 0, Errors: 0, Skipped: 0, Time elapsed: 0.044 sec
Running com.google.common.hash.HashingOutputStreamTest
Tests run: 5, Failures: 0, Errors: 0, Skipped: 0, Time elapsed: 0.002 sec
Running com.google.common.hash.HashingTest
Tests run: 39, Failures: 0, Errors: 0, Skipped: 0, Time elapsed: 5.302 sec
Running com.google.common.hash.MacHashFunctionTest
Tests run: 28, Failures: 0, Errors: 0, Skipped: 0, Time elapsed: 0.068 sec
Running com.google.common.hash.MessageDigestHashFunctionTest
Tests run: 4, Failures: 0, Errors: 0, Skipped: 0, Time elapsed: 0.009 sec
Running com.google.common.hash.Murmur3Hash128Test
Tests run: 3, Failures: 0, Errors: 0, Skipped: 0, Time elapsed: 0.136 sec
Running com.google.common.hash.Murmur3Hash32Test
Tests run: 11, Failures: 0, Errors: 0, Skipped: 0, Time elapsed: 0.149 sec
Running com.google.common.hash.SipHashFunctionTest
Tests run: 5, Failures: 0, Errors: 0, Skipped: 0, Time elapsed: 0.008 sec
Running com.google.common.html.HtmlEscapersTest
Tests run: 1, Failures: 0, Errors: 0, Skipped: 0, Time elapsed: 0.001 sec
Running com.google.common.io.AppendableWriterTest
Tests run: 4, Failures: 0, Errors: 0, Skipped: 0, Time elapsed: 0.002 sec
Running com.google.common.io.BaseEncodingTest
Tests run: 31, Failures: 0, Errors: 0, Skipped: 0, Time elapsed: 0.032 sec
Running com.google.common.io.ByteSinkTest
Tests run: 7, Failures: 0, Errors: 0, Skipped: 0, Time elapsed: 0.006 sec
Running com.google.common.io.ByteSourceTest
Tests run: 2222, Failures: 0, Errors: 0, Skipped: 0, Time elapsed: 0.069 sec
Running com.google.common.io.ByteStreamsTest
Tests run: 56, Failures: 0, Errors: 0, Skipped: 0, Time elapsed: 0.073 sec
Running com.google.common.io.CharSequenceReaderTest
Tests run: 5, Failures: 0, Errors: 0, Skipped: 0, Time elapsed: 0.002 sec
Running com.google.common.io.CharSinkTest
Tests run: 11, Failures: 0, Errors: 0, Skipped: 0, Time elapsed: 0.004 sec
Running com.google.common.io.CharSourceTest
Tests run: 1539, Failures: 0, Errors: 0, Skipped: 0, Time elapsed: 0.045 sec
Running com.google.common.io.CharStreamsTest
Tests run: 15, Failures: 0, Errors: 0, Skipped: 0, Time elapsed: 0.007 sec
Running com.google.common.io.CloseablesTest
Tests run: 8, Failures: 0, Errors: 0, Skipped: 0, Time elapsed: 0.015 sec
Running com.google.common.io.CloserTest
Tests run: 13, Failures: 0, Errors: 0, Skipped: 0, Time elapsed: 0.003 sec
Running com.google.common.io.CountingInputStreamTest
Tests run: 9, Failures: 0, Errors: 0, Skipped: 0, Time elapsed: 0.001 sec
Running com.google.common.io.CountingOutputStreamTest
Tests run: 1, Failures: 0, Errors: 0, Skipped: 0, Time elapsed: 0.002 sec
Running com.google.common.io.FileBackedOutputStreamTest
Tests run: 5, Failures: 0, Errors: 0, Skipped: 0, Time elapsed: 0.206 sec
Running com.google.common.io.FilesFileTraverserTest
Tests run: 8, Failures: 0, Errors: 0, Skipped: 0, Time elapsed: 0.01 sec
Running com.google.common.io.FilesSimplifyPathTest
Tests run: 34, Failures: 0, Errors: 0, Skipped: 0, Time elapsed: 0.283 sec
Running com.google.common.io.FilesTest
Tests run: 1161, Failures: 0, Errors: 0, Skipped: 0, Time elapsed: 1.393 sec
Running com.google.common.io.FlushablesTest
Tests run: 4, Failures: 0, Errors: 0, Skipped: 0, Time elapsed: 0.012 sec
Running com.google.common.io.LineBufferTest
Tests run: 1, Failures: 0, Errors: 0, Skipped: 0, Time elapsed: 0.01 sec
Running com.google.common.io.LittleEndianDataInputStreamTest
Tests run: 6, Failures: 0, Errors: 0, Skipped: 0, Time elapsed: 0.002 sec
Running com.google.common.io.LittleEndianDataOutputStreamTest
Tests run: 4, Failures: 0, Errors: 0, Skipped: 0, Time elapsed: 0.001 sec
Running com.google.common.io.MoreFilesFileTraverserTest
Tests run: 8, Failures: 0, Errors: 0, Skipped: 0, Time elapsed: 0.055 sec
Running com.google.common.io.MoreFilesTest
Tests run: 1150, Failures: 0, Errors: 0, Skipped: 0, Time elapsed: 4.051 sec
Running com.google.common.io.MultiInputStreamTest
Tests run: 6, Failures: 0, Errors: 0, Skipped: 0, Time elapsed: 0.744 sec
Running com.google.common.io.MultiReaderTest
Tests run: 5, Failures: 0, Errors: 0, Skipped: 0, Time elapsed: 0.002 sec
Running com.google.common.io.PatternFilenameFilterTest
Tests run: 2, Failures: 0, Errors: 0, Skipped: 0, Time elapsed: 0.001 sec
Running com.google.common.io.ResourcesTest
Tests run: 773, Failures: 0, Errors: 0, Skipped: 0, Time elapsed: 0.122 sec
Running com.google.common.math.BigIntegerMathTest
Tests run: 44, Failures: 0, Errors: 0, Skipped: 0, Time elapsed: 1.008 sec
Running com.google.common.math.DoubleMathTest
Tests run: 68, Failures: 0, Errors: 0, Skipped: 0, Time elapsed: 2.437 sec
Running com.google.common.math.DoubleUtilsTest
Tests run: 4, Failures: 0, Errors: 0, Skipped: 0, Time elapsed: 0.006 sec
Running com.google.common.math.IntMathTest
Tests run: 56, Failures: 0, Errors: 0, Skipped: 0, Time elapsed: 0.246 sec
Running com.google.common.math.LinearTransformationTest
Tests run: 25, Failures: 0, Errors: 0, Skipped: 0, Time elapsed: 0.004 sec
Running com.google.common.math.LongMathTest
Tests run: 67, Failures: 0, Errors: 0, Skipped: 0, Time elapsed: 26.841 sec
Running com.google.common.math.MathPreconditionsTest
Tests run: 44, Failures: 0, Errors: 0, Skipped: 0, Time elapsed: 0.002 sec
Running com.google.common.math.PairedStatsAccumulatorTest
Tests run: 8, Failures: 0, Errors: 0, Skipped: 0, Time elapsed: 0.011 sec
Running com.google.common.math.PairedStatsTest
Tests run: 15, Failures: 0, Errors: 0, Skipped: 0, Time elapsed: 0.007 sec
Running com.google.common.math.QuantilesAlgorithmTest
Tests run: 3, Failures: 0, Errors: 0, Skipped: 0, Time elapsed: 0.005 sec
Running com.google.common.math.QuantilesTest
Tests run: 58, Failures: 0, Errors: 0, Skipped: 0, Time elapsed: 4.306 sec
Running com.google.common.math.StatsAccumulatorTest
Tests run: 13, Failures: 0, Errors: 0, Skipped: 0, Time elapsed: 0.533 sec
Running com.google.common.math.StatsTest
Tests run: 24, Failures: 0, Errors: 0, Skipped: 0, Time elapsed: 0.351 sec
Running com.google.common.net.HostAndPortTest
Tests run: 13, Failures: 0, Errors: 0, Skipped: 0, Time elapsed: 0.004 sec
Running com.google.common.net.HostSpecifierTest
Tests run: 6, Failures: 0, Errors: 0, Skipped: 0, Time elapsed: 0.032 sec
Running com.google.common.net.HttpHeadersTest
Tests run: 1, Failures: 0, Errors: 0, Skipped: 0, Time elapsed: 0.003 sec
Running com.google.common.net.InetAddressesTest
Tests run: 41, Failures: 0, Errors: 0, Skipped: 0, Time elapsed: 0.016 sec
Running com.google.common.net.InternetDomainNameTest
Tests run: 23, Failures: 0, Errors: 0, Skipped: 0, Time elapsed: 0.016 sec
Running com.google.common.net.MediaTypeTest
Tests run: 48, Failures: 0, Errors: 0, Skipped: 0, Time elapsed: 0.02 sec
Running com.google.common.net.PercentEscaperTest
Tests run: 7, Failures: 0, Errors: 0, Skipped: 0, Time elapsed: 0.002 sec
Running com.google.common.net.UrlEscapersTest
Tests run: 3, Failures: 0, Errors: 0, Skipped: 0, Time elapsed: 0.001 sec
Running com.google.common.primitives.BooleansTest
Tests run: 30, Failures: 0, Errors: 0, Skipped: 0, Time elapsed: 0.005 sec
Running com.google.common.primitives.ByteArrayAsListTest
Tests run: 896, Failures: 0, Errors: 0, Skipped: 0, Time elapsed: 0.086 sec
Running com.google.common.primitives.BytesTest
Tests run: 19, Failures: 0, Errors: 0, Skipped: 0, Time elapsed: 0.002 sec
Running com.google.common.primitives.CharArrayAsListTest
Tests run: 896, Failures: 0, Errors: 0, Skipped: 0, Time elapsed: 0.091 sec
Running com.google.common.primitives.CharsTest
Tests run: 36, Failures: 0, Errors: 0, Skipped: 0, Time elapsed: 0.246 sec
Running com.google.common.primitives.DoubleArrayAsListTest
Tests run: 896, Failures: 0, Errors: 0, Skipped: 0, Time elapsed: 0.08 sec
Running com.google.common.primitives.DoublesTest
Tests run: 46, Failures: 0, Errors: 0, Skipped: 0, Time elapsed: 3.587 sec
Running com.google.common.primitives.FloatArrayAsListTest
Tests run: 896, Failures: 0, Errors: 0, Skipped: 0, Time elapsed: 0.071 sec
Running com.google.common.primitives.FloatsTest
Tests run: 45, Failures: 0, Errors: 0, Skipped: 0, Time elapsed: 3.393 sec
Running com.google.common.primitives.ImmutableDoubleArrayTest
Tests run: 2334, Failures: 0, Errors: 0, Skipped: 0, Time elapsed: 3.006 sec
Running com.google.common.primitives.ImmutableIntArrayTest
Tests run: 2333, Failures: 0, Errors: 0, Skipped: 0, Time elapsed: 3.137 sec
Running com.google.common.primitives.ImmutableLongArrayTest
Tests run: 2333, Failures: 0, Errors: 0, Skipped: 0, Time elapsed: 2.987 sec
Running com.google.common.primitives.IntArrayAsListTest
Tests run: 896, Failures: 0, Errors: 0, Skipped: 0, Time elapsed: 0.058 sec
Running com.google.common.primitives.IntsTest
Tests run: 48, Failures: 0, Errors: 0, Skipped: 0, Time elapsed: 0.008 sec
Running com.google.common.primitives.LongArrayAsListTest
Tests run: 896, Failures: 0, Errors: 0, Skipped: 0, Time elapsed: 0.058 sec
Running com.google.common.primitives.LongsTest
Tests run: 46, Failures: 0, Errors: 0, Skipped: 0, Time elapsed: 0.005 sec
Running com.google.common.primitives.PrimitivesTest
Tests run: 6, Failures: 0, Errors: 0, Skipped: 0, Time elapsed: 0 sec
Running com.google.common.primitives.ShortArrayAsListTest
Tests run: 896, Failures: 0, Errors: 0, Skipped: 0, Time elapsed: 0.079 sec
Running com.google.common.primitives.ShortsTest
Tests run: 43, Failures: 0, Errors: 0, Skipped: 0, Time elapsed: 0.008 sec
Running com.google.common.primitives.SignedBytesTest
Tests run: 13, Failures: 0, Errors: 0, Skipped: 0, Time elapsed: 0.001 sec
Running com.google.common.primitives.UnsignedBytesTest
Tests run: 23, Failures: 0, Errors: 0, Skipped: 0, Time elapsed: 0.011 sec
Running com.google.common.primitives.UnsignedIntegerTest
Tests run: 21, Failures: 0, Errors: 0, Skipped: 0, Time elapsed: 0.005 sec
Running com.google.common.primitives.UnsignedIntsTest
Tests run: 26, Failures: 0, Errors: 0, Skipped: 0, Time elapsed: 0.045 sec
Running com.google.common.primitives.UnsignedLongTest
Tests run: 21, Failures: 0, Errors: 0, Skipped: 0, Time elapsed: 0.015 sec
Running com.google.common.primitives.UnsignedLongsTest
Tests run: 24, Failures: 0, Errors: 0, Skipped: 0, Time elapsed: 0.092 sec
Running com.google.common.reflect.AbstractInvocationHandlerTest
Tests run: 3, Failures: 0, Errors: 0, Skipped: 0, Time elapsed: 0.016 sec
Running com.google.common.reflect.ClassPathTest
Tests run: 41, Failures: 0, Errors: 0, Skipped: 0, Time elapsed: 0.377 sec
Running com.google.common.reflect.ElementTest
Tests run: 19, Failures: 0, Errors: 0, Skipped: 0, Time elapsed: 0.004 sec
Running com.google.common.reflect.ImmutableTypeToInstanceMapTest
Tests run: 712, Failures: 0, Errors: 0, Skipped: 0, Time elapsed: 0.087 sec
Running com.google.common.reflect.InvokableTest
Tests run: 52, Failures: 0, Errors: 0, Skipped: 0, Time elapsed: 0.011 sec
Running com.google.common.reflect.MutableTypeToInstanceMapTest
Tests run: 831, Failures: 0, Errors: 0, Skipped: 0, Time elapsed: 0.084 sec
Running com.google.common.reflect.ParameterTest
Tests run: 2, Failures: 0, Errors: 0, Skipped: 0, Time elapsed: 0.002 sec
Running com.google.common.reflect.ReflectionTest
Tests run: 5, Failures: 0, Errors: 0, Skipped: 0, Time elapsed: 0.003 sec
Running com.google.common.reflect.TypeParameterTest
Tests run: 4, Failures: 0, Errors: 0, Skipped: 0, Time elapsed: 0.002 sec
Running com.google.common.reflect.TypeResolverTest
Tests run: 27, Failures: 0, Errors: 0, Skipped: 0, Time elapsed: 0.01 sec
Running com.google.common.reflect.TypeTokenResolutionTest
Tests run: 36, Failures: 0, Errors: 0, Skipped: 0, Time elapsed: 0.016 sec
Running com.google.common.reflect.TypeTokenSubtypeTest
Tests run: 10, Failures: 0, Errors: 0, Skipped: 0, Time elapsed: 0.023 sec
Running com.google.common.reflect.TypeTokenTest
Tests run: 172, Failures: 0, Errors: 0, Skipped: 0, Time elapsed: 0.09 sec
Running com.google.common.reflect.TypeVisitorTest
Tests run: 7, Failures: 0, Errors: 0, Skipped: 0, Time elapsed: 0.002 sec
Running com.google.common.reflect.TypesTest
Tests run: 26, Failures: 0, Errors: 0, Skipped: 0, Time elapsed: 0.008 sec
Running com.google.common.util.concurrent.AbstractExecutionThreadServiceTest
Tests run: 12, Failures: 0, Errors: 0, Skipped: 0, Time elapsed: 0.021 sec
Running com.google.common.util.concurrent.AbstractFutureCancellationCauseTest
Tests run: 3, Failures: 0, Errors: 0, Skipped: 0, Time elapsed: 0.023 sec
Running com.google.common.util.concurrent.AbstractFutureFallbackAtomicHelperTest
Tests run: 42, Failures: 0, Errors: 0, Skipped: 0, Time elapsed: 17.817 sec
Running com.google.common.util.concurrent.AbstractFutureTest
Tests run: 42, Failures: 0, Errors: 0, Skipped: 0, Time elapsed: 8.087 sec
Running com.google.common.util.concurrent.AbstractIdleServiceTest
Tests run: 7, Failures: 0, Errors: 0, Skipped: 0, Time elapsed: 0.005 sec
Running com.google.common.util.concurrent.AbstractIdleServiceTest$FunctionalTest
Tests run: 3, Failures: 0, Errors: 0, Skipped: 0, Time elapsed: 0.005 sec
Running com.google.common.util.concurrent.AbstractListeningExecutorServiceTest
Tests run: 1, Failures: 0, Errors: 0, Skipped: 0, Time elapsed: 0.006 sec
Running com.google.common.util.concurrent.AbstractScheduledServiceTest
Tests run: 11, Failures: 0, Errors: 0, Skipped: 0, Time elapsed: 0.345 sec
Running com.google.common.util.concurrent.AbstractScheduledServiceTest$SchedulerTest
Tests run: 9, Failures: 0, Errors: 0, Skipped: 0, Time elapsed: 11.651 sec
Running com.google.common.util.concurrent.AbstractServiceTest
Tests run: 38, Failures: 0, Errors: 0, Skipped: 0, Time elapsed: 0.018 sec
Running com.google.common.util.concurrent.AggregateFutureStateFallbackAtomicHelperTest
Tests run: 159, Failures: 0, Errors: 0, Skipped: 0, Time elapsed: 4.152 sec
Running com.google.common.util.concurrent.AtomicDoubleArrayTest
Tests run: 18, Failures: 0, Errors: 0, Skipped: 0, Time elapsed: 0.319 sec
Running com.google.common.util.concurrent.AtomicDoubleTest
Tests run: 17, Failures: 0, Errors: 0, Skipped: 0, Time elapsed: 0.007 sec
Running com.google.common.util.concurrent.AtomicLongMapBasherTest
Tests run: 1, Failures: 0, Errors: 0, Skipped: 0, Time elapsed: 4.813 sec
Running com.google.common.util.concurrent.AtomicLongMapTest
Tests run: 31, Failures: 0, Errors: 0, Skipped: 0, Time elapsed: 0.017 sec
Running com.google.common.util.concurrent.AtomicsTest
Tests run: 7, Failures: 0, Errors: 0, Skipped: 0, Time elapsed: 0.002 sec
Running com.google.common.util.concurrent.CallablesTest
Tests run: 6, Failures: 0, Errors: 0, Skipped: 0, Time elapsed: 0.022 sec
Running com.google.common.util.concurrent.CycleDetectingLockFactoryTest
Tests run: 23, Failures: 0, Errors: 0, Skipped: 0, Time elapsed: 0.165 sec
Running com.google.common.util.concurrent.ExecutionListTest
Tests run: 7, Failures: 0, Errors: 0, Skipped: 0, Time elapsed: 0.006 sec
Running com.google.common.util.concurrent.ExecutionSequencerTest
Tests run: 6, Failures: 0, Errors: 0, Skipped: 0, Time elapsed: 0.004 sec
Running com.google.common.util.concurrent.FakeTimeLimiterTest
Tests run: 7, Failures: 0, Errors: 0, Skipped: 0, Time elapsed: 0.002 sec
Running com.google.common.util.concurrent.FluentFutureTest
Tests run: 9, Failures: 0, Errors: 0, Skipped: 0, Time elapsed: 0.007 sec
Running com.google.common.util.concurrent.ForwardingBlockingDequeTest
Tests run: 1, Failures: 0, Errors: 0, Skipped: 0, Time elapsed: 0.205 sec
Running com.google.common.util.concurrent.ForwardingBlockingQueueTest
Tests run: 1, Failures: 0, Errors: 0, Skipped: 0, Time elapsed: 0.108 sec
Running com.google.common.util.concurrent.ForwardingExecutorServiceTest
Tests run: 1, Failures: 0, Errors: 0, Skipped: 0, Time elapsed: 0.049 sec
Running com.google.common.util.concurrent.ForwardingFutureTest
Tests run: 1, Failures: 0, Errors: 0, Skipped: 0, Time elapsed: 0.02 sec
Running com.google.common.util.concurrent.ForwardingListenableFutureTest
Tests run: 1, Failures: 0, Errors: 0, Skipped: 0, Time elapsed: 0.023 sec
Running com.google.common.util.concurrent.ForwardingListeningExecutorServiceTest
Tests run: 1, Failures: 0, Errors: 0, Skipped: 0, Time elapsed: 0.049 sec
Running com.google.common.util.concurrent.ForwardingObjectTesterTest
Tests run: 2, Failures: 0, Errors: 0, Skipped: 0, Time elapsed: 0.021 sec
Running com.google.common.util.concurrent.FutureCallbackTest
Tests run: 9, Failures: 0, Errors: 0, Skipped: 0, Time elapsed: 0.011 sec
Running com.google.common.util.concurrent.FuturesGetCheckedTest
Tests run: 32, Failures: 0, Errors: 0, Skipped: 0, Time elapsed: 0.128 sec
Running com.google.common.util.concurrent.FuturesGetDoneTest
Tests run: 5, Failures: 0, Errors: 0, Skipped: 0, Time elapsed: 0.001 sec
Running com.google.common.util.concurrent.FuturesGetUncheckedTest
Tests run: 9, Failures: 0, Errors: 0, Skipped: 0, Time elapsed: 0.001 sec
Running com.google.common.util.concurrent.FuturesTest
Tests run: 159, Failures: 0, Errors: 0, Skipped: 0, Time elapsed: 4.036 sec
Running com.google.common.util.concurrent.FuturesTransformAsyncTest
Tests run: 15, Failures: 0, Errors: 0, Skipped: 0, Time elapsed: 0.005 sec
Running com.google.common.util.concurrent.FuturesTransformTest
Tests run: 7, Failures: 0, Errors: 0, Skipped: 0, Time elapsed: 0.002 sec
Running com.google.common.util.concurrent.GeneratedMonitorTest
Tests run: 980, Failures: 0, Errors: 0, Skipped: 0, Time elapsed: 9.27 sec
Running com.google.common.util.concurrent.InterruptibleMonitorTest
Tests run: 16, Failures: 0, Errors: 0, Skipped: 0, Time elapsed: 0.799 sec
Running com.google.common.util.concurrent.InterruptibleTaskTest
Tests run: 2, Failures: 0, Errors: 0, Skipped: 0, Time elapsed: 0.007 sec
Running com.google.common.util.concurrent.JdkFutureAdaptersTest
Tests run: 6, Failures: 0, Errors: 0, Skipped: 0, Time elapsed: 0.014 sec
Running com.google.common.util.concurrent.ListenableFutureTaskTest
Tests run: 4, Failures: 0, Errors: 0, Skipped: 0, Time elapsed: 0.004 sec
Running com.google.common.util.concurrent.ListenerCallQueueTest
Tests run: 6, Failures: 0, Errors: 0, Skipped: 0, Time elapsed: 0.01 sec
Running com.google.common.util.concurrent.MoreExecutorsTest
Tests run: 34, Failures: 0, Errors: 0, Skipped: 0, Time elapsed: 0.289 sec
Running com.google.common.util.concurrent.RateLimiterTest
Tests run: 31, Failures: 0, Errors: 0, Skipped: 0, Time elapsed: 0.175 sec
Running com.google.common.util.concurrent.RunnablesTest
Tests run: 1, Failures: 0, Errors: 0, Skipped: 0, Time elapsed: 0 sec
Running com.google.common.util.concurrent.SequentialExecutorTest
Tests run: 10, Failures: 0, Errors: 0, Skipped: 0, Time elapsed: 0.013 sec
Running com.google.common.util.concurrent.ServiceManagerTest
Tests run: 19, Failures: 0, Errors: 0, Skipped: 0, Time elapsed: 2.027 sec
Running com.google.common.util.concurrent.ServiceTest
Tests run: 1, Failures: 0, Errors: 0, Skipped: 0, Time elapsed: 0.001 sec
Running com.google.common.util.concurrent.SettableFutureTest
Tests run: 16, Failures: 0, Errors: 0, Skipped: 0, Time elapsed: 0.01 sec
Running com.google.common.util.concurrent.SimpleTimeLimiterTest
Tests run: 16, Failures: 0, Errors: 0, Skipped: 0, Time elapsed: 10.545 sec
Running com.google.common.util.concurrent.StripedTest
Tests run: 9, Failures: 0, Errors: 0, Skipped: 0, Time elapsed: 2.644 sec
Running com.google.common.util.concurrent.SupplementalMonitorTest
Tests run: 6, Failures: 0, Errors: 0, Skipped: 0, Time elapsed: 0.002 sec
Running com.google.common.util.concurrent.ThreadFactoryBuilderTest
Tests run: 14, Failures: 0, Errors: 0, Skipped: 0, Time elapsed: 0.003 sec
Running com.google.common.util.concurrent.TrustedInputFutureTest
Tests run: 35, Failures: 0, Errors: 0, Skipped: 0, Time elapsed: 0.029 sec
Running com.google.common.util.concurrent.TrustedListenableFutureTaskTest
Tests run: 6, Failures: 0, Errors: 0, Skipped: 0, Time elapsed: 0.223 sec
Running com.google.common.util.concurrent.UncaughtExceptionHandlersTest
Tests run: 1, Failures: 0, Errors: 0, Skipped: 0, Time elapsed: 0.033 sec
Running com.google.common.util.concurrent.UninterruptibleFutureTest
Tests run: 11, Failures: 0, Errors: 0, Skipped: 0, Time elapsed: 2.009 sec
Running com.google.common.util.concurrent.UninterruptibleMonitorTest
Tests run: 16, Failures: 0, Errors: 0, Skipped: 0, Time elapsed: 0.735 sec
Running com.google.common.util.concurrent.UninterruptiblesTest
Tests run: 40, Failures: 0, Errors: 0, Skipped: 0, Time elapsed: 4.681 sec
Running com.google.common.util.concurrent.UntrustedInputFutureTest
Tests run: 35, Failures: 0, Errors: 0, Skipped: 0, Time elapsed: 0.028 sec
Running com.google.common.util.concurrent.WrappingExecutorServiceTest
Tests run: 5, Failures: 0, Errors: 0, Skipped: 0, Time elapsed: 0.001 sec
Running com.google.common.util.concurrent.WrappingScheduledExecutorServiceTest
Tests run: 2, Failures: 0, Errors: 0, Skipped: 0, Time elapsed: 0.001 sec
Running com.google.common.xml.XmlEscapersTest
Tests run: 2, Failures: 0, Errors: 0, Skipped: 0, Time elapsed: 0.086 sec

Results :

Tests run: 851984, Failures: 0, Errors: 0, Skipped: 0

[INFO] 
[INFO] --- animal-sniffer-maven-plugin:1.18:check (check-java-version-compatibility) @ guava-tests ---
[INFO] Checking unresolved references to org.codehaus.mojo.signature:java18:1.0
[INFO] 
[INFO] --- maven-jar-plugin:3.2.0:jar (default-jar) @ guava-tests ---
[INFO] Skipping packaging of the jar
[INFO] 
[INFO] --- maven-jar-plugin:3.2.0:test-jar (create-test-jar) @ guava-tests ---
[INFO] 
[INFO] --- maven-javadoc-plugin:3.1.0:jar (attach-docs) @ guava-tests ---
[INFO] Skipping javadoc generation
[INFO] 
[INFO] >>> maven-source-plugin:3.2.0:jar (attach-sources) > generate-sources @ guava-tests >>>
[INFO] 
[INFO] --- maven-enforcer-plugin:3.0.0-M2:enforce (enforce-versions) @ guava-tests ---
[INFO] 
[INFO] <<< maven-source-plugin:3.2.0:jar (attach-sources) < generate-sources @ guava-tests <<<
[INFO] 
[INFO] 
[INFO] --- maven-source-plugin:3.2.0:jar (attach-sources) @ guava-tests ---
[INFO] No sources in project. Archive not created.
[INFO] 
[INFO] >>> maven-source-plugin:3.2.0:test-jar (attach-test-sources) > generate-sources @ guava-tests >>>
[INFO] 
[INFO] --- maven-enforcer-plugin:3.0.0-M2:enforce (enforce-versions) @ guava-tests ---
[INFO] 
[INFO] <<< maven-source-plugin:3.2.0:test-jar (attach-test-sources) < generate-sources @ guava-tests <<<
[INFO] 
[INFO] 
[INFO] --- maven-source-plugin:3.2.0:test-jar (attach-test-sources) @ guava-tests ---
[INFO] 
[INFO] ---------------------< com.google.guava:guava-gwt >---------------------
[INFO] Building Guava GWT compatible libs HEAD-jre-SNAPSHOT               [6/6]
[INFO] --------------------------------[ jar ]---------------------------------
[INFO] 
[INFO] --- maven-enforcer-plugin:3.0.0-M2:enforce (enforce-versions) @ guava-gwt ---
[INFO] 
[INFO] --- maven-dependency-plugin:3.1.1:unpack-dependencies (unpack-failureaccess-sources) @ guava-gwt ---
[INFO] Unpacking /home/travis/.m2/repository/com/google/guava/failureaccess/1.0.1/failureaccess-1.0.1-sources.jar to /home/travis/build/passed/google/guava/guava-gwt/target/failureaccess-sources with includes "" and excludes "META-INF/MANIFEST.MF"
[INFO] 
[INFO] --- maven-dependency-plugin:3.1.1:unpack-dependencies (unpack-guava-sources) @ guava-gwt ---
[INFO] Unpacking /home/travis/build/passed/google/guava/guava/target/guava-HEAD-jre-SNAPSHOT-sources.jar to /home/travis/build/passed/google/guava/guava-gwt/target/guava-sources with includes "" and excludes "META-INF/MANIFEST.MF"
[INFO] 
[INFO] --- maven-dependency-plugin:3.1.1:unpack-dependencies (unpack-guava-testlib-sources) @ guava-gwt ---
[INFO] Unpacking /home/travis/build/passed/google/guava/guava-testlib/target/guava-testlib-HEAD-jre-SNAPSHOT-sources.jar to /home/travis/build/passed/google/guava/guava-gwt/target/guava-test-sources with includes "" and excludes "META-INF/MANIFEST.MF"
[INFO] 
[INFO] --- maven-dependency-plugin:3.1.1:unpack-dependencies (unpack-guava-testlib-test-sources) @ guava-gwt ---
[INFO] Unpacking /home/travis/build/passed/google/guava/guava-testlib/target/guava-testlib-HEAD-jre-SNAPSHOT-test-sources.jar to /home/travis/build/passed/google/guava/guava-gwt/target/guava-test-sources with includes "" and excludes "META-INF/MANIFEST.MF"
[INFO] 
[INFO] --- maven-dependency-plugin:3.1.1:unpack-dependencies (unpack-guava-test-sources) @ guava-gwt ---
[INFO] Unpacking /home/travis/build/passed/google/guava/guava-tests/target/guava-tests-HEAD-jre-SNAPSHOT-test-sources.jar to /home/travis/build/passed/google/guava/guava-gwt/target/guava-test-sources with includes "" and excludes "META-INF/MANIFEST.MF"
[INFO] 
[INFO] --- maven-antrun-plugin:1.6:run (copy-gwt-files) @ guava-gwt ---
[INFO] Executing tasks

copy-gwt-resources:
[INFO] Executed tasks
[INFO] 
[INFO] --- maven-resources-plugin:2.6:resources (default-resources) @ guava-gwt ---
[INFO] Using 'UTF-8' encoding to copy filtered resources.
[INFO] Copying 83 resources
[INFO] Copying 52 resources
[INFO] Copying 319 resources
[INFO] 
[INFO] --- maven-compiler-plugin:3.8.1:compile (default-compile) @ guava-gwt ---
[INFO] Nothing to compile - all classes are up to date
[INFO] 
[INFO] --- maven-resources-plugin:2.6:testResources (default-testResources) @ guava-gwt ---
[INFO] Using 'UTF-8' encoding to copy filtered resources.
[INFO] Copying 190 resources
[INFO] Copying 6 resources
[INFO] Copying 437 resources
[INFO] 
[INFO] --- maven-compiler-plugin:3.8.1:testCompile (default-testCompile) @ guava-gwt ---
[INFO] Nothing to compile - all classes are up to date
[INFO] 
[INFO] --- maven-surefire-plugin:2.7.2:test (default-test) @ guava-gwt ---
[INFO] Tests are skipped.
[INFO] 
[INFO] --- gwt-maven-plugin:2.8.2:compile (gwt-compile) @ guava-gwt ---
[ERROR] Picked up _JAVA_OPTIONS: -Xmx2048m -Xms512m
[INFO] 
[INFO] --- maven-jar-plugin:3.2.0:jar (default-jar) @ guava-gwt ---
[INFO] 
[INFO] --- gwt-maven-plugin:2.8.2:test (gwt-test) @ guava-gwt ---
[INFO] 
[INFO] >>> maven-source-plugin:3.2.0:jar (attach-sources) > generate-sources @ guava-gwt >>>
[INFO] 
[INFO] --- maven-enforcer-plugin:3.0.0-M2:enforce (enforce-versions) @ guava-gwt ---
[INFO] 
[INFO] <<< maven-source-plugin:3.2.0:jar (attach-sources) < generate-sources @ guava-gwt <<<
[INFO] 
[INFO] 
[INFO] --- maven-source-plugin:3.2.0:jar (attach-sources) @ guava-gwt ---
[INFO] 
[INFO] --- maven-javadoc-plugin:3.1.0:jar (attach-docs) @ guava-gwt ---
[INFO] Skipping javadoc generation
[INFO] ------------------------------------------------------------------------
[INFO] Reactor Summary for Guava Maven Parent HEAD-jre-SNAPSHOT:
[INFO] 
[INFO] Guava Maven Parent ................................. SUCCESS [  1.005 s]
[INFO] Guava: Google Core Libraries for Java .............. SUCCESS [ 26.261 s]
[INFO] Guava BOM .......................................... SUCCESS [  0.061 s]
[INFO] Guava Testing Library .............................. SUCCESS [02:25 min]
[INFO] Guava Unit Tests ................................... SUCCESS [07:08 min]
[INFO] Guava GWT compatible libs .......................... SUCCESS [  9.212 s]
[INFO] ------------------------------------------------------------------------
[INFO] BUILD SUCCESS
[INFO] ------------------------------------------------------------------------
[INFO] Total time:  10:12 min
[INFO] Finished at: 2022-02-12T16:47:24Z
[INFO] ------------------------------------------------------------------------
/home/travis/.travis/functions: line 607:  3467 Terminated              travis_jigger "${!}" "${timeout}" "${cmd[@]}"
travis_time:end:03c1fb18:start=1644683830835271763,finish=1644684444767071055,duration=613931799292,event=script[0K[32;1mThe command "travis_wait 60 mvn -B -Dorg.slf4j.simpleLogger.log.org.apache.maven.cli.transfer.Slf4jMavenTransferListener=warn verify -U -Dmaven.javadoc.skip=true -f $ROOT_POM" exited with 0.[0m
travis_fold:start:cache.2[0Kstore build cache
travis_time:start:1b366626[0Ktravis_time:end:1b366626:start=1644684444776525254,finish=1644684444781835511,duration=5310257,event=cache[0Ktravis_time:start:1112ba40[0K[32;1mchanges detected, packing new archive[0m
[32;1muploading /[0m
[31;1mfailed to upload cache[0m
travis_time:end:1112ba40:start=1644684444788612724,finish=1644684452137236496,duration=7348623772,event=cache[0Ktravis_fold:end:cache.2[0K
travis_fold:start:after_success.1[0Ktravis_time:start:134ac20a[0K$ util/deploy_snapshot.sh
travis_time:end:134ac20a:start=1644684452146588908,finish=1644684452175661570,duration=29072662,event=after_success[0Ktravis_fold:end:after_success.1[0Ktravis_fold:start:after_success.2[0Ktravis_time:start:03fa4660[0K$ util/update_snapshot_docs.sh
travis_time:end:03fa4660:start=1644684452183848000,finish=1644684452192015744,duration=8167744,event=after_success[0Ktravis_fold:end:after_success.2[0K
Done. Your build exited with 0.
