travis_fold:start:system_info[0K[33;1mBuild system information[0m
Build language: java
Build group: stable
Build dist: trusty
Build id: ''
Job id: ''
[34m[1mBuild image provisioning date and time[0m
Tue Dec  5 20:11:19 UTC 2017
[34m[1mOperating System Details[0m
Distributor ID:	Ubuntu
Description:	Ubuntu 14.04.5 LTS
Release:	14.04
Codename:	trusty
[34m[1mCookbooks Version[0m
7c2c6a6 https://github.com/travis-ci/travis-cookbooks/tree/7c2c6a6
[34m[1mgit version[0m
git version 2.15.1
[34m[1mbash version[0m
GNU bash, version 4.3.11(1)-release (x86_64-pc-linux-gnu)
[34m[1mgcc version[0m
gcc (Ubuntu 4.8.4-2ubuntu1~14.04.3) 4.8.4
Copyright (C) 2013 Free Software Foundation, Inc.
This is free software; see the source for copying conditions.  There is NO
warranty; not even for MERCHANTABILITY or FITNESS FOR A PARTICULAR PURPOSE.

[34m[1mdocker version[0m
Client:
 Version:      17.09.0-ce
 API version:  1.32
 Go version:   go1.8.3
 Git commit:   afdb6d4
 Built:        Tue Sep 26 22:39:28 2017
 OS/Arch:      linux/amd64
[34m[1mclang version[0m
clang version 5.0.0 (tags/RELEASE_500/final)
Target: x86_64-unknown-linux-gnu
Thread model: posix
InstalledDir: /usr/local/clang-5.0.0/bin
[34m[1mjq version[0m
jq-1.5
[34m[1mbats version[0m
Bats 0.4.0
[34m[1mshellcheck version[0m
0.4.6
[34m[1mshfmt version[0m
v2.0.0
[34m[1mccache version[0m
ccache version 3.1.9

Copyright (C) 2002-2007 Andrew Tridgell
Copyright (C) 2009-2011 Joel Rosdahl

This program is free software; you can redistribute it and/or modify it under
the terms of the GNU General Public License as published by the Free Software
Foundation; either version 3 of the License, or (at your option) any later
version.
[34m[1mcmake version[0m
cmake version 3.9.2

CMake suite maintained and supported by Kitware (kitware.com/cmake).
[34m[1mheroku version[0m
heroku-cli/6.14.39-addc925 (linux-x64) node-v9.2.0
[34m[1mimagemagick version[0m
Version: ImageMagick 6.7.7-10 2017-07-31 Q16 http://www.imagemagick.org
[34m[1mmd5deep version[0m
4.2
[34m[1mmercurial version[0m
Mercurial Distributed SCM (version 4.2.2)
(see https://mercurial-scm.org for more information)

Copyright (C) 2005-2017 Matt Mackall and others
This is free software; see the source for copying conditions. There is NO
warranty; not even for MERCHANTABILITY or FITNESS FOR A PARTICULAR PURPOSE.
[34m[1mmysql version[0m
mysql  Ver 14.14 Distrib 5.6.33, for debian-linux-gnu (x86_64) using  EditLine wrapper
[34m[1mopenssl version[0m
OpenSSL 1.0.1f 6 Jan 2014
[34m[1mpacker version[0m
Packer v1.0.2

Your version of Packer is out of date! The latest version
is 1.1.2. You can update by downloading from www.packer.io
[34m[1mpostgresql client version[0m
psql (PostgreSQL) 9.6.6
[34m[1mragel version[0m
Ragel State Machine Compiler version 6.8 Feb 2013
Copyright (c) 2001-2009 by Adrian Thurston
[34m[1msubversion version[0m
svn, version 1.8.8 (r1568071)
   compiled Aug 10 2017, 17:20:39 on x86_64-pc-linux-gnu

Copyright (C) 2013 The Apache Software Foundation.
This software consists of contributions made by many people;
see the NOTICE file for more information.
Subversion is open source software, see http://subversion.apache.org/

The following repository access (RA) modules are available:

* ra_svn : Module for accessing a repository using the svn network protocol.
  - with Cyrus SASL authentication
  - handles 'svn' scheme
* ra_local : Module for accessing a repository on local disk.
  - handles 'file' scheme
* ra_serf : Module for accessing a repository via WebDAV protocol using serf.
  - using serf 1.3.3
  - handles 'http' scheme
  - handles 'https' scheme

[34m[1msudo version[0m
Sudo version 1.8.9p5
Configure options: --prefix=/usr -v --with-all-insults --with-pam --with-fqdn --with-logging=syslog --with-logfac=authpriv --with-env-editor --with-editor=/usr/bin/editor --with-timeout=15 --with-password-timeout=0 --with-passprompt=[sudo] password for %p:  --without-lecture --with-tty-tickets --disable-root-mailer --enable-admin-flag --with-sendmail=/usr/sbin/sendmail --with-timedir=/var/lib/sudo --mandir=/usr/share/man --libexecdir=/usr/lib/sudo --with-sssd --with-sssd-lib=/usr/lib/x86_64-linux-gnu --with-selinux
Sudoers policy plugin version 1.8.9p5
Sudoers file grammar version 43

Sudoers path: /etc/sudoers
Authentication methods: 'pam'
Syslog facility if syslog is being used for logging: authpriv
Syslog priority to use when user authenticates successfully: notice
Syslog priority to use when user authenticates unsuccessfully: alert
Send mail if the user is not in sudoers
Use a separate timestamp for each user/tty combo
Lecture user the first time they run sudo
Root may run sudo
Allow some information gathering to give useful error messages
Require fully-qualified hostnames in the sudoers file
Visudo will honor the EDITOR environment variable
Set the LOGNAME and USER environment variables
Length at which to wrap log file lines (0 for no wrap): 80
Authentication timestamp timeout: 15.0 minutes
Password prompt timeout: 0.0 minutes
Number of tries to enter a password: 3
Umask to use or 0777 to use user's: 022
Path to mail program: /usr/sbin/sendmail
Flags for mail program: -t
Address to send mail to: root
Subject line for mail messages: *** SECURITY information for %h ***
Incorrect password message: Sorry, try again.
Path to authentication timestamp dir: /var/lib/sudo
Default password prompt: [sudo] password for %p: 
Default user to run commands as: root
Value to override user's $PATH with: /usr/local/sbin:/usr/local/bin:/usr/sbin:/usr/bin:/sbin:/bin:/snap/bin
Path to the editor for use by visudo: /usr/bin/editor
When to require a password for 'list' pseudocommand: any
When to require a password for 'verify' pseudocommand: all
File descriptors >= 3 will be closed before executing a command
Environment variables to check for sanity:
	TZ
	TERM
	LINGUAS
	LC_*
	LANGUAGE
	LANG
	COLORTERM
Environment variables to remove:
	RUBYOPT
	RUBYLIB
	PYTHONUSERBASE
	PYTHONINSPECT
	PYTHONPATH
	PYTHONHOME
	TMPPREFIX
	ZDOTDIR
	READNULLCMD
	NULLCMD
	FPATH
	PERL5DB
	PERL5OPT
	PERL5LIB
	PERLLIB
	PERLIO_DEBUG 
	JAVA_TOOL_OPTIONS
	SHELLOPTS
	GLOBIGNORE
	PS4
	BASH_ENV
	ENV
	TERMCAP
	TERMPATH
	TERMINFO_DIRS
	TERMINFO
	_RLD*
	LD_*
	PATH_LOCALE
	NLSPATH
	HOSTALIASES
	RES_OPTIONS
	LOCALDOMAIN
	CDPATH
	IFS
Environment variables to preserve:
	JAVA_HOME
	TRAVIS
	CI
	DEBIAN_FRONTEND
	XAUTHORIZATION
	XAUTHORITY
	PS2
	PS1
	PATH
	LS_COLORS
	KRB5CCNAME
	HOSTNAME
	HOME
	DISPLAY
	COLORS
Locale to use while parsing sudoers: C
Directory in which to store input/output logs: /var/log/sudo-io
File in which to store the input/output log: %{seq}
Add an entry to the utmp/utmpx file when allocating a pty
PAM service name to use
PAM service name to use for login shells
Create a new PAM session for the command to run in
Maximum I/O log sequence number: 0

Local IP address and netmask pairs:
	172.17.0.2/255.255.0.0

Sudoers I/O plugin version 1.8.9p5
[34m[1mgzip version[0m
gzip 1.6
Copyright (C) 2007, 2010, 2011 Free Software Foundation, Inc.
Copyright (C) 1993 Jean-loup Gailly.
This is free software.  You may redistribute copies of it under the terms of
the GNU General Public License <http://www.gnu.org/licenses/gpl.html>.
There is NO WARRANTY, to the extent permitted by law.

Written by Jean-loup Gailly.
[34m[1mzip version[0m
Copyright (c) 1990-2008 Info-ZIP - Type 'zip "-L"' for software license.
This is Zip 3.0 (July 5th 2008), by Info-ZIP.
Currently maintained by E. Gordon.  Please send bug reports to
the authors using the web page at www.info-zip.org; see README for details.

Latest sources and executables are at ftp://ftp.info-zip.org/pub/infozip,
as of above date; see http://www.info-zip.org/ for other sites.

Compiled with gcc 4.8.2 for Unix (Linux ELF) on Oct 21 2013.

Zip special compilation options:
	USE_EF_UT_TIME       (store Universal Time)
	BZIP2_SUPPORT        (bzip2 library version 1.0.6, 6-Sept-2010)
	    bzip2 code and library copyright (c) Julian R Seward
	    (See the bzip2 license for terms of use)
	SYMLINK_SUPPORT      (symbolic links supported)
	LARGE_FILE_SUPPORT   (can read and write large files on file system)
	ZIP64_SUPPORT        (use Zip64 to store large files in archives)
	UNICODE_SUPPORT      (store and read UTF-8 Unicode paths)
	STORE_UNIX_UIDs_GIDs (store UID/GID sizes/values using new extra field)
	UIDGID_NOT_16BIT     (old Unix 16-bit UID/GID extra field not used)
	[encryption, version 2.91 of 05 Jan 2007] (modified for Zip 3)

Encryption notice:
	The encryption code of this program is not copyrighted and is
	put in the public domain.  It was originally written in Europe
	and, to the best of our knowledge, can be freely distributed
	in both source and object forms from any country, including
	the USA under License Exception TSU of the U.S. Export
	Administration Regulations (section 740.13(e)) of 6 June 2002.

Zip environment options:
             ZIP:  [none]
          ZIPOPT:  [none]
[34m[1mvim version[0m
VIM - Vi IMproved 7.4 (2013 Aug 10, compiled Nov 24 2016 16:43:18)
Included patches: 1-52
Extra patches: 8.0.0056
Modified by pkg-vim-maintainers@lists.alioth.debian.org
Compiled by buildd@
Huge version without GUI.  Features included (+) or not (-):
+acl             +farsi           +mouse_netterm   +syntax
+arabic          +file_in_path    +mouse_sgr       +tag_binary
+autocmd         +find_in_path    -mouse_sysmouse  +tag_old_static
-balloon_eval    +float           +mouse_urxvt     -tag_any_white
-browse          +folding         +mouse_xterm     -tcl
++builtin_terms  -footer          +multi_byte      +terminfo
+byte_offset     +fork()          +multi_lang      +termresponse
+cindent         +gettext         -mzscheme        +textobjects
-clientserver    -hangul_input    +netbeans_intg   +title
-clipboard       +iconv           +path_extra      -toolbar
+cmdline_compl   +insert_expand   -perl            +user_commands
+cmdline_hist    +jumplist        +persistent_undo +vertsplit
+cmdline_info    +keymap          +postscript      +virtualedit
+comments        +langmap         +printer         +visual
+conceal         +libcall         +profile         +visualextra
+cryptv          +linebreak       +python          +viminfo
+cscope          +lispindent      -python3         +vreplace
+cursorbind      +listcmds        +quickfix        +wildignore
+cursorshape     +localmap        +reltime         +wildmenu
+dialog_con      -lua             +rightleft       +windows
+diff            +menu            -ruby            +writebackup
+digraphs        +mksession       +scrollbind      -X11
-dnd             +modify_fname    +signs           -xfontset
-ebcdic          +mouse           +smartindent     -xim
+emacs_tags      -mouseshape      -sniff           -xsmp
+eval            +mouse_dec       +startuptime     -xterm_clipboard
+ex_extra        +mouse_gpm       +statusline      -xterm_save
+extra_search    -mouse_jsbterm   -sun_workshop    -xpm
   system vimrc file: "$VIM/vimrc"
     user vimrc file: "$HOME/.vimrc"
 2nd user vimrc file: "~/.vim/vimrc"
      user exrc file: "$HOME/.exrc"
  fall-back for $VIM: "/usr/share/vim"
Compilation: gcc -c -I. -Iproto -DHAVE_CONFIG_H     -g -O2 -fstack-protector --param=ssp-buffer-size=4 -Wformat -Werror=format-security -U_FORTIFY_SOURCE -D_FORTIFY_SOURCE=1      
Linking: gcc   -Wl,-Bsymbolic-functions -Wl,-z,relro -Wl,--as-needed -o vim        -lm -ltinfo -lnsl  -lselinux  -lacl -lattr -lgpm -ldl    -L/usr/lib/python2.7/config-x86_64-linux-gnu -lpython2.7 -lpthread -ldl -lutil -lm -Xlinker -export-dynamic -Wl,-O1 -Wl,-Bsymbolic-functions      
[34m[1miptables version[0m
iptables v1.4.21
[34m[1mcurl version[0m
curl 7.35.0 (x86_64-pc-linux-gnu) libcurl/7.35.0 OpenSSL/1.0.1f zlib/1.2.8 libidn/1.28 librtmp/2.3
[34m[1mwget version[0m
GNU Wget 1.15 built on linux-gnu.
[34m[1mrsync version[0m
rsync  version 3.1.0  protocol version 31
[34m[1mgimme version[0m
v1.2.0
[34m[1mnvm version[0m
0.33.6
[34m[1mperlbrew version[0m
/home/travis/perl5/perlbrew/bin/perlbrew  - App::perlbrew/0.80
[34m[1mphpenv version[0m
rbenv 1.1.1-25-g6aa70b6
[34m[1mrvm version[0m
rvm 1.29.3 (latest) by Michal Papis, Piotr Kuczynski, Wayne E. Seguin [https://rvm.io]
[34m[1mdefault ruby version[0m
ruby 2.4.1p111 (2017-03-22 revision 58053) [x86_64-linux]
[34m[1mCouchDB version[0m
couchdb 1.6.1
[34m[1mElasticSearch version[0m
5.5.0
[34m[1mInstalled Firefox version[0m
firefox 56.0.2
[34m[1mMongoDB version[0m
MongoDB 3.4.10
[34m[1mPhantomJS version[0m
2.1.1
[34m[1mPre-installed PostgreSQL versions[0m
9.2.24
9.3.20
9.4.15
9.5.10
9.6.6
[34m[1mRabbitMQ Version[0m
3.6.14
[34m[1mRedis version[0m
redis-server 4.0.6
[34m[1mriak version[0m
2.2.3
[34m[1mPre-installed Go versions[0m
1.7.4
[34m[1mant version[0m
Apache Ant(TM) version 1.9.3 compiled on April 8 2014
[34m[1mmvn version[0m
Apache Maven 3.5.2 (138edd61fd100ec658bfa2d307c43b76940a5d7d; 2017-10-18T07:58:13Z)
Maven home: /usr/local/maven-3.5.2
Java version: 1.8.0_151, vendor: Oracle Corporation
Java home: /usr/lib/jvm/java-8-oracle/jre
Default locale: en_US, platform encoding: UTF-8
OS name: "linux", version: "4.4.0-101-generic", arch: "amd64", family: "unix"
[34m[1mgradle version[0m

------------------------------------------------------------
Gradle 4.0.1
------------------------------------------------------------

Build time:   2017-07-07 14:02:41 UTC
Revision:     38e5dc0f772daecca1d2681885d3d85414eb6826

Groovy:       2.4.11
Ant:          Apache Ant(TM) version 1.9.6 compiled on June 29 2015
JVM:          1.8.0_151 (Oracle Corporation 25.151-b12)
OS:           Linux 4.4.0-101-generic amd64

[34m[1mlein version[0m
Leiningen 2.8.1 on Java 1.8.0_151 Java HotSpot(TM) 64-Bit Server VM
[34m[1mPre-installed Node.js versions[0m
v4.8.6
v6.12.0
v6.12.1
v8.9
v8.9.1
[34m[1mphpenv versions[0m
  system
  5.6
* 5.6.32 (set by /home/travis/.phpenv/version)
  7.0
  7.0.25
  7.1
  7.1.11
  hhvm
  hhvm-stable
[34m[1mcomposer --version[0m
Composer version 1.5.2 2017-09-11 16:59:25
[34m[1mPre-installed Ruby versions[0m
ruby-2.2.7
ruby-2.3.4
ruby-2.4.1
travis_fold:end:system_info[0K
grep: /etc/apt/sources.list.d/*: No such file or directory
sed: cannot rename /etc/hosts: Device or resource busy
sed: cannot rename /etc/hosts: Device or resource busy
$ jdk_switcher use oraclejdk8
Switching to Oracle JDK8 (java-8-oracle), JAVA_HOME will be set to /usr/lib/jvm/java-8-oracle
$ cd failed/igniterealtime/Openfire

[33;1mSetting environment variables from .travis.yml[0m
$ export ANT_OPTS='-Xmx1G'
$ export SCRIPT="mvn clean verify" -Dhttps.protocols=TLSv1.2
/usr/local/bin/run_failed.sh: line 63: export: `-Dhttps.protocols=TLSv1.2': not a valid identifier

$ java -Xmx32m -version
Picked up _JAVA_OPTIONS: -Xmx2048m -Xms512m
java version "1.8.0_151"
Java(TM) SE Runtime Environment (build 1.8.0_151-b12)
Java HotSpot(TM) 64-Bit Server VM (build 25.151-b12, mixed mode)
$ javac -J-Xmx32m -version
Picked up _JAVA_OPTIONS: -Xmx2048m -Xms512m
javac 1.8.0_151
travis_fold:start:install[0Ktravis_time:start:00652f7c[0K$ true

travis_time:end:00652f7c:start=1644682834237028248,finish=1644682834246818599,duration=9790351[0Ktravis_fold:end:install[0Ktravis_time:start:09bede20[0K$ $SCRIPT
Picked up _JAVA_OPTIONS: -Xmx2048m -Xms512m
[INFO] Scanning for projects...
[WARNING] 
[WARNING] Some problems were encountered while building the effective model for org.igniterealtime.openfire:xmppserver:jar:4.3.0-SNAPSHOT
[WARNING] 'dependencies.dependency.(groupId:artifactId:type:classifier)' must be unique: org.apache.commons:commons-pool2:jar -> duplicate declaration of version 2.4.2 @ org.igniterealtime.openfire:xmppserver:[unknown-version], /home/travis/build/failed/igniterealtime/Openfire/xmppserver/pom.xml, line 370, column 21
[WARNING] 
[WARNING] Some problems were encountered while building the effective model for org.igniterealtime.openfire:starter:jar:4.3.0-SNAPSHOT
[WARNING] 'dependencies.dependency.systemPath' for install4j:install4j:jar should not point at files within the project directory, ${project.basedir}/../build/lib/i4jruntime.jar will be unresolvable by dependent projects @ org.igniterealtime.openfire:starter:[unknown-version], /home/travis/build/failed/igniterealtime/Openfire/starter/pom.xml, line 93, column 25
[WARNING] 
[WARNING] It is highly recommended to fix these problems because they threaten the stability of your build.
[WARNING] 
[WARNING] For this reason, future Maven versions might no longer support building such malformed projects.
[WARNING] 
[INFO] ------------------------------------------------------------------------
[INFO] Reactor Build Order:
[INFO] 
[INFO] Parent
[INFO] Database Utilities
[INFO] Internationalization files for Openfire
[INFO] Core XMPP Server
[INFO] Starter for Openfire
[INFO] Openfire Plugins
[INFO] Openfire Plugin Assembly Descriptor
[INFO] Bookmarks Plugin
[INFO] Broadcast Plugin
[INFO] Callback on Offline Plugin
[INFO] Candy Webchat Plugin
[INFO] Certificate Manager Plugin
[INFO] ClientControl Plugin
[INFO] ContentFilter Plugin
[INFO] DB Access Plugin
[INFO] Email Listener Plugin
[INFO] Email On Away Plugin
[INFO] Fastpath Plugin
[INFO] Gojara Plugin
[INFO] Hazelcast Plugin
[INFO] Inverse Webchat Plugin
[INFO] JMXWeb Plugin
[INFO] JustMarried Plugin
[INFO] LoadStats Plugin
[INFO] Monitoring Plugin
[INFO] Message of the Day Plugin
[INFO] (deprecated) MUC Service Plugin
[INFO] NodeJS Plugin
[INFO] non-SASL Authentication Plugin
[INFO] PacketFilter Plugin
[INFO] Presence Plugin
[INFO] Registration Plugin
[INFO] Rest API Plugin
[INFO] Search Plugin
[INFO] STUN Server Plugin
[INFO] Subscription Plugin
[INFO] TikiToken Plugin
[INFO] UserCreation Plugin
[INFO] UserImportExport Plugin
[INFO] (deprecated) UserService Plugin
[INFO] XML Debugger Plugin
[INFO] Administration Interface Taglibs
[INFO] Web-based Administration Interface
[INFO] 
[INFO] ------------------------------------------------------------------------
[INFO] Building Parent 4.3.0-SNAPSHOT
[INFO] ------------------------------------------------------------------------
[INFO] 
[INFO] --- maven-clean-plugin:2.5:clean (default-clean) @ parent ---
[INFO] Deleting /home/travis/build/failed/igniterealtime/Openfire/target
[INFO] 
[INFO] --- maven-resources-plugin:2.7:copy-resources (Copy directories) @ parent ---
[INFO] Using 'UTF-8' encoding to copy filtered resources.
[INFO] Copying 3 resources to conf
[INFO] Copying 12 resources to bin
[INFO] Copying 1 resource to lib
[INFO] Copying 2 resources to resources/spank
[INFO] Copying 3 resources to resources/nativeAuth
[INFO] Copying 180 resources to resources/database
[INFO] Copying 3 resources to resources/security
[INFO] Copying 27 resources to documentation
[INFO] Copying 3 resources
[INFO] 
[INFO] ------------------------------------------------------------------------
[INFO] Building Database Utilities 4.3.0-SNAPSHOT
[INFO] ------------------------------------------------------------------------
[INFO] 
[INFO] --- maven-clean-plugin:2.5:clean (default-clean) @ dbutil ---
[INFO] Deleting /home/travis/build/failed/igniterealtime/Openfire/dbutil/target
[INFO] 
[INFO] --- maven-resources-plugin:2.7:resources (default-resources) @ dbutil ---
[INFO] Using 'UTF-8' encoding to copy filtered resources.
[INFO] skip non existing resourceDirectory /home/travis/build/failed/igniterealtime/Openfire/dbutil/src/main/resources
[INFO] 
[INFO] --- maven-compiler-plugin:3.3:compile (default-compile) @ dbutil ---
[INFO] Changes detected - recompiling the module!
[INFO] Compiling 6 source files to /home/travis/build/failed/igniterealtime/Openfire/dbutil/target/classes
[INFO] 
[INFO] --- maven-resources-plugin:2.7:testResources (default-testResources) @ dbutil ---
[INFO] Using 'UTF-8' encoding to copy filtered resources.
[INFO] skip non existing resourceDirectory /home/travis/build/failed/igniterealtime/Openfire/dbutil/src/test/resources
[INFO] 
[INFO] --- maven-compiler-plugin:3.3:testCompile (default-testCompile) @ dbutil ---
[INFO] No sources to compile
[INFO] 
[INFO] --- maven-surefire-plugin:2.12.4:test (default-test) @ dbutil ---
[INFO] No tests to run.
[INFO] 
[INFO] --- maven-jar-plugin:2.6:jar (default-jar) @ dbutil ---
[INFO] Building jar: /home/travis/build/failed/igniterealtime/Openfire/dbutil/target/dbutil-4.3.0-SNAPSHOT.jar
[INFO] 
[INFO] ------------------------------------------------------------------------
[INFO] Building Internationalization files for Openfire 4.3.0-SNAPSHOT
[INFO] ------------------------------------------------------------------------
[INFO] 
[INFO] --- maven-clean-plugin:2.5:clean (default-clean) @ i18n ---
[INFO] Deleting /home/travis/build/failed/igniterealtime/Openfire/i18n/target
[INFO] 
[INFO] --- maven-resources-plugin:2.7:resources (default-resources) @ i18n ---
[INFO] Using 'UTF-8' encoding to copy filtered resources.
[INFO] Copying 13 resources
[INFO] 
[INFO] --- maven-compiler-plugin:3.3:compile (default-compile) @ i18n ---
[INFO] No sources to compile
[INFO] 
[INFO] --- native2ascii-maven-plugin:1.0-beta-1:native2ascii (native2ascii) @ i18n ---
[INFO] Includes: [**/*.properties]
[INFO] Excludes: []
[INFO] Processing /home/travis/build/failed/igniterealtime/Openfire/i18n/target/classes/openfire_i18n_cs_CZ.properties
[INFO] Processing /home/travis/build/failed/igniterealtime/Openfire/i18n/target/classes/openfire_i18n_de.properties
[INFO] Processing /home/travis/build/failed/igniterealtime/Openfire/i18n/target/classes/openfire_i18n_en.properties
[INFO] Processing /home/travis/build/failed/igniterealtime/Openfire/i18n/target/classes/openfire_i18n_es.properties
[INFO] Processing /home/travis/build/failed/igniterealtime/Openfire/i18n/target/classes/openfire_i18n_fr.properties
[INFO] Processing /home/travis/build/failed/igniterealtime/Openfire/i18n/target/classes/openfire_i18n_ja_JP.properties
[INFO] Processing /home/travis/build/failed/igniterealtime/Openfire/i18n/target/classes/openfire_i18n_nl.properties
[INFO] Processing /home/travis/build/failed/igniterealtime/Openfire/i18n/target/classes/openfire_i18n_pl_PL.properties
[INFO] Processing /home/travis/build/failed/igniterealtime/Openfire/i18n/target/classes/openfire_i18n_pt_BR.properties
[INFO] Processing /home/travis/build/failed/igniterealtime/Openfire/i18n/target/classes/openfire_i18n_pt_PT.properties
[INFO] Processing /home/travis/build/failed/igniterealtime/Openfire/i18n/target/classes/openfire_i18n_ru_RU.properties
[INFO] Processing /home/travis/build/failed/igniterealtime/Openfire/i18n/target/classes/openfire_i18n_sk.properties
[INFO] Processing /home/travis/build/failed/igniterealtime/Openfire/i18n/target/classes/openfire_i18n_zh_CN.properties
[INFO] 
[INFO] --- maven-resources-plugin:2.7:testResources (default-testResources) @ i18n ---
[INFO] Using 'UTF-8' encoding to copy filtered resources.
[INFO] skip non existing resourceDirectory /home/travis/build/failed/igniterealtime/Openfire/i18n/src/test/resources
[INFO] 
[INFO] --- maven-compiler-plugin:3.3:testCompile (default-testCompile) @ i18n ---
[INFO] No sources to compile
[INFO] 
[INFO] --- maven-surefire-plugin:2.12.4:test (default-test) @ i18n ---
[INFO] No tests to run.
[INFO] 
[INFO] --- maven-jar-plugin:2.6:jar (default-jar) @ i18n ---
[INFO] Building jar: /home/travis/build/failed/igniterealtime/Openfire/i18n/target/i18n-4.3.0-SNAPSHOT.jar
[INFO] 
[INFO] ------------------------------------------------------------------------
[INFO] Building Core XMPP Server 4.3.0-SNAPSHOT
[INFO] ------------------------------------------------------------------------
[INFO] 
[INFO] --- maven-clean-plugin:2.5:clean (default-clean) @ xmppserver ---
[INFO] Deleting /home/travis/build/failed/igniterealtime/Openfire/xmppserver/target
[INFO] 
[INFO] --- maven-resources-plugin:2.7:resources (default-resources) @ xmppserver ---
[INFO] Using 'UTF-8' encoding to copy filtered resources.
[INFO] Copying 2 resources
[INFO] 
[INFO] --- maven-compiler-plugin:3.3:compile (default-compile) @ xmppserver ---
[INFO] Changes detected - recompiling the module!
[INFO] Compiling 676 source files to /home/travis/build/failed/igniterealtime/Openfire/xmppserver/target/classes
[WARNING] /home/travis/build/failed/igniterealtime/Openfire/src/java/org/jivesoftware/openfire/ldap/LdapManager.java:[19,25] com.sun.jndi.ldap.LdapCtxFactory is internal proprietary API and may be removed in a future release
[WARNING] /home/travis/build/failed/igniterealtime/Openfire/src/java/org/jivesoftware/openfire/ldap/LdapManager.java:[103,64] com.sun.jndi.ldap.LdapCtxFactory is internal proprietary API and may be removed in a future release
[INFO] /home/travis/build/failed/igniterealtime/Openfire/src/java/org/jivesoftware/openfire/session/LocalSession.java: Some input files use or override a deprecated API.
[INFO] /home/travis/build/failed/igniterealtime/Openfire/src/java/org/jivesoftware/openfire/session/LocalSession.java: Recompile with -Xlint:deprecation for details.
[INFO] /home/travis/build/failed/igniterealtime/Openfire/src/java/org/jivesoftware/openfire/XMPPServer.java: Some input files use unchecked or unsafe operations.
[INFO] /home/travis/build/failed/igniterealtime/Openfire/src/java/org/jivesoftware/openfire/XMPPServer.java: Recompile with -Xlint:unchecked for details.
[INFO] 
[INFO] --- maven-resources-plugin:2.7:testResources (default-testResources) @ xmppserver ---
[INFO] Using 'UTF-8' encoding to copy filtered resources.
[INFO] Copying 9 resources
[INFO] 
[INFO] --- maven-compiler-plugin:3.3:testCompile (default-testCompile) @ xmppserver ---
[INFO] Changes detected - recompiling the module!
[INFO] Compiling 31 source files to /home/travis/build/failed/igniterealtime/Openfire/xmppserver/target/test-classes
[INFO] /home/travis/build/failed/igniterealtime/Openfire/src/test/java/org/jivesoftware/openfire/muc/spi/MucPrivilegesTest.java: Some input files use or override a deprecated API.
[INFO] /home/travis/build/failed/igniterealtime/Openfire/src/test/java/org/jivesoftware/openfire/muc/spi/MucPrivilegesTest.java: Recompile with -Xlint:deprecation for details.
[INFO] /home/travis/build/failed/igniterealtime/Openfire/src/test/java/org/jivesoftware/util/AdminConsoleTest.java: /home/travis/build/failed/igniterealtime/Openfire/src/test/java/org/jivesoftware/util/AdminConsoleTest.java uses unchecked or unsafe operations.
[INFO] /home/travis/build/failed/igniterealtime/Openfire/src/test/java/org/jivesoftware/util/AdminConsoleTest.java: Recompile with -Xlint:unchecked for details.
[INFO] 
[INFO] --- maven-surefire-plugin:2.12.4:test (default-test) @ xmppserver ---
[INFO] Surefire report directory: /home/travis/build/failed/igniterealtime/Openfire/xmppserver/target/surefire-reports

-------------------------------------------------------
 T E S T S
-------------------------------------------------------
Picked up _JAVA_OPTIONS: -Xmx2048m -Xms512m
Running org.jivesoftware.admin.AuthCheckFilterTest
Critical Error! The home directory has not been configured, 
which will prevent the application from working correctly.


2022.02.12 16:21:34 The user 'test-normal-user' is not an Openfire administrator.
2022.02.12 16:21:34 Error loading ServletRequestAuthenticator: this-is-not-a-class-name
java.lang.ClassNotFoundException: this-is-not-a-class-name
	at java.net.URLClassLoader.findClass(URLClassLoader.java:381)
	at java.lang.ClassLoader.loadClass(ClassLoader.java:424)
	at sun.misc.Launcher$AppClassLoader.loadClass(Launcher.java:335)
	at java.lang.ClassLoader.loadClass(ClassLoader.java:357)
	at org.jivesoftware.util.ClassUtils.loadClass(ClassUtils.java:73)
	at org.jivesoftware.util.ClassUtils.forName(ClassUtils.java:45)
	at org.jivesoftware.admin.AuthCheckFilter.<init>(AuthCheckFilter.java:74)
	at org.jivesoftware.admin.AuthCheckFilterTest.willRedirectARequestWithABrokenServletRequestAuthenticator(AuthCheckFilterTest.java:102)
	at sun.reflect.NativeMethodAccessorImpl.invoke0(Native Method)
	at sun.reflect.NativeMethodAccessorImpl.invoke(NativeMethodAccessorImpl.java:62)
	at sun.reflect.DelegatingMethodAccessorImpl.invoke(DelegatingMethodAccessorImpl.java:43)
	at java.lang.reflect.Method.invoke(Method.java:498)
	at org.junit.runners.model.FrameworkMethod$1.runReflectiveCall(FrameworkMethod.java:47)
	at org.junit.internal.runners.model.ReflectiveCallable.run(ReflectiveCallable.java:12)
	at org.junit.runners.model.FrameworkMethod.invokeExplosively(FrameworkMethod.java:44)
	at org.junit.internal.runners.statements.InvokeMethod.evaluate(InvokeMethod.java:17)
	at org.junit.internal.runners.statements.RunBefores.evaluate(RunBefores.java:26)
	at org.junit.runners.ParentRunner.runLeaf(ParentRunner.java:271)
	at org.junit.runners.BlockJUnit4ClassRunner.runChild(BlockJUnit4ClassRunner.java:70)
	at org.junit.runners.BlockJUnit4ClassRunner.runChild(BlockJUnit4ClassRunner.java:50)
	at org.junit.runners.ParentRunner$3.run(ParentRunner.java:238)
	at org.junit.runners.ParentRunner$1.schedule(ParentRunner.java:63)
	at org.junit.runners.ParentRunner.runChildren(ParentRunner.java:236)
	at org.junit.runners.ParentRunner.access$000(ParentRunner.java:53)
	at org.junit.runners.ParentRunner$2.evaluate(ParentRunner.java:229)
	at org.junit.runners.ParentRunner.run(ParentRunner.java:309)
	at org.mockito.internal.runners.DefaultInternalRunner$1.run(DefaultInternalRunner.java:78)
	at org.mockito.internal.runners.DefaultInternalRunner.run(DefaultInternalRunner.java:84)
	at org.mockito.internal.runners.StrictRunner.run(StrictRunner.java:39)
	at org.mockito.junit.MockitoJUnitRunner.run(MockitoJUnitRunner.java:161)
	at org.apache.maven.surefire.junit4.JUnit4Provider.execute(JUnit4Provider.java:252)
	at org.apache.maven.surefire.junit4.JUnit4Provider.executeTestSet(JUnit4Provider.java:141)
	at org.apache.maven.surefire.junit4.JUnit4Provider.invoke(JUnit4Provider.java:112)
	at sun.reflect.NativeMethodAccessorImpl.invoke0(Native Method)
	at sun.reflect.NativeMethodAccessorImpl.invoke(NativeMethodAccessorImpl.java:62)
	at sun.reflect.DelegatingMethodAccessorImpl.invoke(DelegatingMethodAccessorImpl.java:43)
	at java.lang.reflect.Method.invoke(Method.java:498)
	at org.apache.maven.surefire.util.ReflectionUtils.invokeMethodWithArray(ReflectionUtils.java:189)
	at org.apache.maven.surefire.booter.ProviderFactory$ProviderProxy.invoke(ProviderFactory.java:165)
	at org.apache.maven.surefire.booter.ProviderFactory.invokeProvider(ProviderFactory.java:85)
	at org.apache.maven.surefire.booter.ForkedBooter.runSuitesInProcess(ForkedBooter.java:115)
	at org.apache.maven.surefire.booter.ForkedBooter.main(ForkedBooter.java:75)
Tests run: 9, Failures: 0, Errors: 0, Skipped: 0, Time elapsed: 1.893 sec
Running org.jivesoftware.util.JIDTest
Tests run: 3, Failures: 0, Errors: 0, Skipped: 0, Time elapsed: 0.109 sec
Running org.jivesoftware.util.XMPPDateTimeFormatTest
Tests run: 4, Failures: 0, Errors: 0, Skipped: 0, Time elapsed: 0.007 sec
Running org.jivesoftware.util.AesEncryptorTest
Tests run: 4, Failures: 0, Errors: 0, Skipped: 0, Time elapsed: 1.508 sec
Running org.jivesoftware.util.CertificateManagerTest
Tests run: 7, Failures: 0, Errors: 0, Skipped: 0, Time elapsed: 0.18 sec
Running org.jivesoftware.util.VersionTest
Tests run: 8, Failures: 0, Errors: 0, Skipped: 0, Time elapsed: 0.001 sec
Running org.jivesoftware.util.StringUtilsTest
2022.02.12 16:21:36 XML properties file does not exist: security.xml
2022.02.12 16:21:36 Unable to save XML properties; no file specified
2022.02.12 16:21:36 Unable to save XML properties; no file specified
2022.02.12 16:21:36 Unable to save XML properties; no file specified
2022.02.12 16:21:36 Unable to save XML properties; no file specified
2022.02.12 16:21:36 Unable to save XML properties; no file specified
2022.02.12 16:21:36 Unable to save XML properties; no file specified
2022.02.12 16:21:36 Converted domain name: from {0} to {1}
2022.02.12 16:21:36 Converted domain name: from {0} to {1}
2022.02.12 16:21:36 Unable to save XML properties; no file specified
2022.02.12 16:21:36 Unable to save XML properties; no file specified
Tests run: 8, Failures: 0, Errors: 0, Skipped: 0, Time elapsed: 0.763 sec
Running org.jivesoftware.util.EntityCapabilitiesManagerTest
2022.02.12 16:21:36 Created local-only cache [org.jivesoftware.util.cache.DefaultLocalCacheStrategy] for Entity Capabilities
2022.02.12 16:21:36 Created local-only cache [org.jivesoftware.util.cache.DefaultLocalCacheStrategy] for Entity Capabilities Users
Tests run: 2, Failures: 0, Errors: 0, Skipped: 0, Time elapsed: 0.021 sec
Running org.jivesoftware.util.XPPWriterTest
Tests run: 1, Failures: 0, Errors: 0, Skipped: 1, Time elapsed: 0 sec
Running org.jivesoftware.util.BlowfishEncryptorTest
Tests run: 4, Failures: 0, Errors: 0, Skipped: 0, Time elapsed: 0.006 sec
Running org.jivesoftware.util.LDAPTest
2022.02.12 16:21:36 Created cache [org.jivesoftware.util.cache.DefaultLocalCacheStrategy] for LDAP UserDN
Tests run: 3, Failures: 0, Errors: 0, Skipped: 0, Time elapsed: 0.009 sec
Running org.jivesoftware.util.WebXmlUtilsTest
Tests run: 17, Failures: 0, Errors: 0, Skipped: 0, Time elapsed: 0.08 sec
Running org.jivesoftware.util.CertificateTest
Tests run: 1, Failures: 0, Errors: 0, Skipped: 0, Time elapsed: 0 sec
Running org.jivesoftware.util.AdminConsoleTest
Tests run: 4, Failures: 0, Errors: 0, Skipped: 1, Time elapsed: 0.202 sec
Running org.jivesoftware.util.XMLPropertiesTest
Tests run: 4, Failures: 0, Errors: 0, Skipped: 0, Time elapsed: 0.012 sec
Running org.jivesoftware.openfire.keystore.CheckChainTrustedTest
Tests run: 60, Failures: 0, Errors: 0, Skipped: 0, Time elapsed: 10.179 sec
Running org.jivesoftware.openfire.keystore.CertificateUtilsTest
Tests run: 10, Failures: 0, Errors: 0, Skipped: 0, Time elapsed: 0.361 sec
Running org.jivesoftware.openfire.keystore.OpenfireX509TrustManagerTest
2022.02.12 16:21:47 Unable to order the provided chain. As a fallback, the end entity certificate is assumed to be the first certificate of the input.
java.security.cert.CertificateException: The provided input should not contain more than one certificates that has a subjectDN value that's not equal to the issuerDN value of another certificate.
	at org.jivesoftware.openfire.keystore.CertificateUtils.order(CertificateUtils.java:197)
	at org.jivesoftware.openfire.keystore.CertificateUtils.identifyEndEntityCertificate(CertificateUtils.java:247)
	at org.jivesoftware.openfire.keystore.OpenfireX509TrustManager.checkClientTrusted(OpenfireX509TrustManager.java:80)
	at org.jivesoftware.openfire.keystore.OpenfireX509TrustManagerTest.testInvalidChainMissingIntermediate(OpenfireX509TrustManagerTest.java:165)
	at sun.reflect.NativeMethodAccessorImpl.invoke0(Native Method)
	at sun.reflect.NativeMethodAccessorImpl.invoke(NativeMethodAccessorImpl.java:62)
	at sun.reflect.DelegatingMethodAccessorImpl.invoke(DelegatingMethodAccessorImpl.java:43)
	at java.lang.reflect.Method.invoke(Method.java:498)
	at org.junit.runners.model.FrameworkMethod$1.runReflectiveCall(FrameworkMethod.java:47)
	at org.junit.internal.runners.model.ReflectiveCallable.run(ReflectiveCallable.java:12)
	at org.junit.runners.model.FrameworkMethod.invokeExplosively(FrameworkMethod.java:44)
	at org.junit.internal.runners.statements.InvokeMethod.evaluate(InvokeMethod.java:17)
	at org.junit.internal.runners.statements.ExpectException.evaluate(ExpectException.java:19)
	at org.junit.internal.runners.statements.RunBefores.evaluate(RunBefores.java:26)
	at org.junit.internal.runners.statements.RunAfters.evaluate(RunAfters.java:27)
	at org.junit.runners.ParentRunner.runLeaf(ParentRunner.java:271)
	at org.junit.runners.BlockJUnit4ClassRunner.runChild(BlockJUnit4ClassRunner.java:70)
	at org.junit.runners.BlockJUnit4ClassRunner.runChild(BlockJUnit4ClassRunner.java:50)
	at org.junit.runners.ParentRunner$3.run(ParentRunner.java:238)
	at org.junit.runners.ParentRunner$1.schedule(ParentRunner.java:63)
	at org.junit.runners.ParentRunner.runChildren(ParentRunner.java:236)
	at org.junit.runners.ParentRunner.access$000(ParentRunner.java:53)
	at org.junit.runners.ParentRunner$2.evaluate(ParentRunner.java:229)
	at org.junit.runners.ParentRunner.run(ParentRunner.java:309)
	at org.apache.maven.surefire.junit4.JUnit4Provider.execute(JUnit4Provider.java:252)
	at org.apache.maven.surefire.junit4.JUnit4Provider.executeTestSet(JUnit4Provider.java:141)
	at org.apache.maven.surefire.junit4.JUnit4Provider.invoke(JUnit4Provider.java:112)
	at sun.reflect.NativeMethodAccessorImpl.invoke0(Native Method)
	at sun.reflect.NativeMethodAccessorImpl.invoke(NativeMethodAccessorImpl.java:62)
	at sun.reflect.DelegatingMethodAccessorImpl.invoke(DelegatingMethodAccessorImpl.java:43)
	at java.lang.reflect.Method.invoke(Method.java:498)
	at org.apache.maven.surefire.util.ReflectionUtils.invokeMethodWithArray(ReflectionUtils.java:189)
	at org.apache.maven.surefire.booter.ProviderFactory$ProviderProxy.invoke(ProviderFactory.java:165)
	at org.apache.maven.surefire.booter.ProviderFactory.invokeProvider(ProviderFactory.java:85)
	at org.apache.maven.surefire.booter.ForkedBooter.runSuitesInProcess(ForkedBooter.java:115)
	at org.apache.maven.surefire.booter.ForkedBooter.main(ForkedBooter.java:75)
Tests run: 6, Failures: 0, Errors: 0, Skipped: 0, Time elapsed: 1.224 sec
Running org.jivesoftware.openfire.OfflineMessageStoreTest
Tests run: 9, Failures: 0, Errors: 0, Skipped: 0, Time elapsed: 0.004 sec
Running org.jivesoftware.openfire.auth.JDBCAuthProviderTest
2022.02.12 16:21:48 Unable to load JDBC driver: null
java.lang.NullPointerException
	at java.lang.Class.forName0(Native Method)
	at java.lang.Class.forName(Class.java:264)
	at org.jivesoftware.openfire.auth.JDBCAuthProvider.<init>(JDBCAuthProvider.java:143)
	at org.jivesoftware.openfire.auth.JDBCAuthProviderTest.<init>(JDBCAuthProviderTest.java:18)
	at sun.reflect.NativeConstructorAccessorImpl.newInstance0(Native Method)
	at sun.reflect.NativeConstructorAccessorImpl.newInstance(NativeConstructorAccessorImpl.java:62)
	at sun.reflect.DelegatingConstructorAccessorImpl.newInstance(DelegatingConstructorAccessorImpl.java:45)
	at java.lang.reflect.Constructor.newInstance(Constructor.java:423)
	at org.junit.runners.BlockJUnit4ClassRunner.createTest(BlockJUnit4ClassRunner.java:195)
	at org.junit.runners.BlockJUnit4ClassRunner$1.runReflectiveCall(BlockJUnit4ClassRunner.java:244)
	at org.junit.internal.runners.model.ReflectiveCallable.run(ReflectiveCallable.java:12)
	at org.junit.runners.BlockJUnit4ClassRunner.methodBlock(BlockJUnit4ClassRunner.java:241)
	at org.junit.runners.BlockJUnit4ClassRunner.runChild(BlockJUnit4ClassRunner.java:70)
	at org.junit.runners.BlockJUnit4ClassRunner.runChild(BlockJUnit4ClassRunner.java:50)
	at org.junit.runners.ParentRunner$3.run(ParentRunner.java:238)
	at org.junit.runners.ParentRunner$1.schedule(ParentRunner.java:63)
	at org.junit.runners.ParentRunner.runChildren(ParentRunner.java:236)
	at org.junit.runners.ParentRunner.access$000(ParentRunner.java:53)
	at org.junit.runners.ParentRunner$2.evaluate(ParentRunner.java:229)
	at org.junit.runners.ParentRunner.run(ParentRunner.java:309)
	at org.apache.maven.surefire.junit4.JUnit4Provider.execute(JUnit4Provider.java:252)
	at org.apache.maven.surefire.junit4.JUnit4Provider.executeTestSet(JUnit4Provider.java:141)
	at org.apache.maven.surefire.junit4.JUnit4Provider.invoke(JUnit4Provider.java:112)
	at sun.reflect.NativeMethodAccessorImpl.invoke0(Native Method)
	at sun.reflect.NativeMethodAccessorImpl.invoke(NativeMethodAccessorImpl.java:62)
	at sun.reflect.DelegatingMethodAccessorImpl.invoke(DelegatingMethodAccessorImpl.java:43)
	at java.lang.reflect.Method.invoke(Method.java:498)
	at org.apache.maven.surefire.util.ReflectionUtils.invokeMethodWithArray(ReflectionUtils.java:189)
	at org.apache.maven.surefire.booter.ProviderFactory$ProviderProxy.invoke(ProviderFactory.java:165)
	at org.apache.maven.surefire.booter.ProviderFactory.invokeProvider(ProviderFactory.java:85)
	at org.apache.maven.surefire.booter.ForkedBooter.runSuitesInProcess(ForkedBooter.java:115)
	at org.apache.maven.surefire.booter.ForkedBooter.main(ForkedBooter.java:75)
2022.02.12 16:21:48 The jdbcAuthProvider.passwordType setting in invalid.  Bcrypt must be the final hashType if a series is given.  Ignoring all hash types beyond bcrypt: bcrypt,md5,plain
2022.02.12 16:21:48 Unable to load JDBC driver: null
java.lang.NullPointerException
	at java.lang.Class.forName0(Native Method)
	at java.lang.Class.forName(Class.java:264)
	at org.jivesoftware.openfire.auth.JDBCAuthProvider.<init>(JDBCAuthProvider.java:143)
	at org.jivesoftware.openfire.auth.JDBCAuthProviderTest.<init>(JDBCAuthProviderTest.java:18)
	at sun.reflect.NativeConstructorAccessorImpl.newInstance0(Native Method)
	at sun.reflect.NativeConstructorAccessorImpl.newInstance(NativeConstructorAccessorImpl.java:62)
	at sun.reflect.DelegatingConstructorAccessorImpl.newInstance(DelegatingConstructorAccessorImpl.java:45)
	at java.lang.reflect.Constructor.newInstance(Constructor.java:423)
	at org.junit.runners.BlockJUnit4ClassRunner.createTest(BlockJUnit4ClassRunner.java:195)
	at org.junit.runners.BlockJUnit4ClassRunner$1.runReflectiveCall(BlockJUnit4ClassRunner.java:244)
	at org.junit.internal.runners.model.ReflectiveCallable.run(ReflectiveCallable.java:12)
	at org.junit.runners.BlockJUnit4ClassRunner.methodBlock(BlockJUnit4ClassRunner.java:241)
	at org.junit.runners.BlockJUnit4ClassRunner.runChild(BlockJUnit4ClassRunner.java:70)
	at org.junit.runners.BlockJUnit4ClassRunner.runChild(BlockJUnit4ClassRunner.java:50)
	at org.junit.runners.ParentRunner$3.run(ParentRunner.java:238)
	at org.junit.runners.ParentRunner$1.schedule(ParentRunner.java:63)
	at org.junit.runners.ParentRunner.runChildren(ParentRunner.java:236)
	at org.junit.runners.ParentRunner.access$000(ParentRunner.java:53)
	at org.junit.runners.ParentRunner$2.evaluate(ParentRunner.java:229)
	at org.junit.runners.ParentRunner.run(ParentRunner.java:309)
	at org.apache.maven.surefire.junit4.JUnit4Provider.execute(JUnit4Provider.java:252)
	at org.apache.maven.surefire.junit4.JUnit4Provider.executeTestSet(JUnit4Provider.java:141)
	at org.apache.maven.surefire.junit4.JUnit4Provider.invoke(JUnit4Provider.java:112)
	at sun.reflect.NativeMethodAccessorImpl.invoke0(Native Method)
	at sun.reflect.NativeMethodAccessorImpl.invoke(NativeMethodAccessorImpl.java:62)
	at sun.reflect.DelegatingMethodAccessorImpl.invoke(DelegatingMethodAccessorImpl.java:43)
	at java.lang.reflect.Method.invoke(Method.java:498)
	at org.apache.maven.surefire.util.ReflectionUtils.invokeMethodWithArray(ReflectionUtils.java:189)
	at org.apache.maven.surefire.booter.ProviderFactory$ProviderProxy.invoke(ProviderFactory.java:165)
	at org.apache.maven.surefire.booter.ProviderFactory.invokeProvider(ProviderFactory.java:85)
	at org.apache.maven.surefire.booter.ForkedBooter.runSuitesInProcess(ForkedBooter.java:115)
	at org.apache.maven.surefire.booter.ForkedBooter.main(ForkedBooter.java:75)
2022.02.12 16:21:48 Unable to load JDBC driver: null
java.lang.NullPointerException
	at java.lang.Class.forName0(Native Method)
	at java.lang.Class.forName(Class.java:264)
	at org.jivesoftware.openfire.auth.JDBCAuthProvider.<init>(JDBCAuthProvider.java:143)
	at org.jivesoftware.openfire.auth.JDBCAuthProviderTest.<init>(JDBCAuthProviderTest.java:18)
	at sun.reflect.NativeConstructorAccessorImpl.newInstance0(Native Method)
	at sun.reflect.NativeConstructorAccessorImpl.newInstance(NativeConstructorAccessorImpl.java:62)
	at sun.reflect.DelegatingConstructorAccessorImpl.newInstance(DelegatingConstructorAccessorImpl.java:45)
	at java.lang.reflect.Constructor.newInstance(Constructor.java:423)
	at org.junit.runners.BlockJUnit4ClassRunner.createTest(BlockJUnit4ClassRunner.java:195)
	at org.junit.runners.BlockJUnit4ClassRunner$1.runReflectiveCall(BlockJUnit4ClassRunner.java:244)
	at org.junit.internal.runners.model.ReflectiveCallable.run(ReflectiveCallable.java:12)
	at org.junit.runners.BlockJUnit4ClassRunner.methodBlock(BlockJUnit4ClassRunner.java:241)
	at org.junit.runners.BlockJUnit4ClassRunner.runChild(BlockJUnit4ClassRunner.java:70)
	at org.junit.runners.BlockJUnit4ClassRunner.runChild(BlockJUnit4ClassRunner.java:50)
	at org.junit.runners.ParentRunner$3.run(ParentRunner.java:238)
	at org.junit.runners.ParentRunner$1.schedule(ParentRunner.java:63)
	at org.junit.runners.ParentRunner.runChildren(ParentRunner.java:236)
	at org.junit.runners.ParentRunner.access$000(ParentRunner.java:53)
	at org.junit.runners.ParentRunner$2.evaluate(ParentRunner.java:229)
	at org.junit.runners.ParentRunner.run(ParentRunner.java:309)
	at org.apache.maven.surefire.junit4.JUnit4Provider.execute(JUnit4Provider.java:252)
	at org.apache.maven.surefire.junit4.JUnit4Provider.executeTestSet(JUnit4Provider.java:141)
	at org.apache.maven.surefire.junit4.JUnit4Provider.invoke(JUnit4Provider.java:112)
	at sun.reflect.NativeMethodAccessorImpl.invoke0(Native Method)
	at sun.reflect.NativeMethodAccessorImpl.invoke(NativeMethodAccessorImpl.java:62)
	at sun.reflect.DelegatingMethodAccessorImpl.invoke(DelegatingMethodAccessorImpl.java:43)
	at java.lang.reflect.Method.invoke(Method.java:498)
	at org.apache.maven.surefire.util.ReflectionUtils.invokeMethodWithArray(ReflectionUtils.java:189)
	at org.apache.maven.surefire.booter.ProviderFactory$ProviderProxy.invoke(ProviderFactory.java:165)
	at org.apache.maven.surefire.booter.ProviderFactory.invokeProvider(ProviderFactory.java:85)
	at org.apache.maven.surefire.booter.ForkedBooter.runSuitesInProcess(ForkedBooter.java:115)
	at org.apache.maven.surefire.booter.ForkedBooter.main(ForkedBooter.java:75)
2022.02.12 16:21:48 The jdbcAuthProvider.passwordType setting is not set or contains invalid values.  Setting the type to 'plain'
2022.02.12 16:21:48 Unable to load JDBC driver: null
java.lang.NullPointerException
	at java.lang.Class.forName0(Native Method)
	at java.lang.Class.forName(Class.java:264)
	at org.jivesoftware.openfire.auth.JDBCAuthProvider.<init>(JDBCAuthProvider.java:143)
	at org.jivesoftware.openfire.auth.JDBCAuthProviderTest.<init>(JDBCAuthProviderTest.java:18)
	at sun.reflect.NativeConstructorAccessorImpl.newInstance0(Native Method)
	at sun.reflect.NativeConstructorAccessorImpl.newInstance(NativeConstructorAccessorImpl.java:62)
	at sun.reflect.DelegatingConstructorAccessorImpl.newInstance(DelegatingConstructorAccessorImpl.java:45)
	at java.lang.reflect.Constructor.newInstance(Constructor.java:423)
	at org.junit.runners.BlockJUnit4ClassRunner.createTest(BlockJUnit4ClassRunner.java:195)
	at org.junit.runners.BlockJUnit4ClassRunner$1.runReflectiveCall(BlockJUnit4ClassRunner.java:244)
	at org.junit.internal.runners.model.ReflectiveCallable.run(ReflectiveCallable.java:12)
	at org.junit.runners.BlockJUnit4ClassRunner.methodBlock(BlockJUnit4ClassRunner.java:241)
	at org.junit.runners.BlockJUnit4ClassRunner.runChild(BlockJUnit4ClassRunner.java:70)
	at org.junit.runners.BlockJUnit4ClassRunner.runChild(BlockJUnit4ClassRunner.java:50)
	at org.junit.runners.ParentRunner$3.run(ParentRunner.java:238)
	at org.junit.runners.ParentRunner$1.schedule(ParentRunner.java:63)
	at org.junit.runners.ParentRunner.runChildren(ParentRunner.java:236)
	at org.junit.runners.ParentRunner.access$000(ParentRunner.java:53)
	at org.junit.runners.ParentRunner$2.evaluate(ParentRunner.java:229)
	at org.junit.runners.ParentRunner.run(ParentRunner.java:309)
	at org.apache.maven.surefire.junit4.JUnit4Provider.execute(JUnit4Provider.java:252)
	at org.apache.maven.surefire.junit4.JUnit4Provider.executeTestSet(JUnit4Provider.java:141)
	at org.apache.maven.surefire.junit4.JUnit4Provider.invoke(JUnit4Provider.java:112)
	at sun.reflect.NativeMethodAccessorImpl.invoke0(Native Method)
	at sun.reflect.NativeMethodAccessorImpl.invoke(NativeMethodAccessorImpl.java:62)
	at sun.reflect.DelegatingMethodAccessorImpl.invoke(DelegatingMethodAccessorImpl.java:43)
	at java.lang.reflect.Method.invoke(Method.java:498)
	at org.apache.maven.surefire.util.ReflectionUtils.invokeMethodWithArray(ReflectionUtils.java:189)
	at org.apache.maven.surefire.booter.ProviderFactory$ProviderProxy.invoke(ProviderFactory.java:165)
	at org.apache.maven.surefire.booter.ProviderFactory.invokeProvider(ProviderFactory.java:85)
	at org.apache.maven.surefire.booter.ForkedBooter.runSuitesInProcess(ForkedBooter.java:115)
	at org.apache.maven.surefire.booter.ForkedBooter.main(ForkedBooter.java:75)
2022.02.12 16:21:49 Unable to load JDBC driver: null
java.lang.NullPointerException
	at java.lang.Class.forName0(Native Method)
	at java.lang.Class.forName(Class.java:264)
	at org.jivesoftware.openfire.auth.JDBCAuthProvider.<init>(JDBCAuthProvider.java:143)
	at org.jivesoftware.openfire.auth.JDBCAuthProviderTest.<init>(JDBCAuthProviderTest.java:18)
	at sun.reflect.NativeConstructorAccessorImpl.newInstance0(Native Method)
	at sun.reflect.NativeConstructorAccessorImpl.newInstance(NativeConstructorAccessorImpl.java:62)
	at sun.reflect.DelegatingConstructorAccessorImpl.newInstance(DelegatingConstructorAccessorImpl.java:45)
	at java.lang.reflect.Constructor.newInstance(Constructor.java:423)
	at org.junit.runners.BlockJUnit4ClassRunner.createTest(BlockJUnit4ClassRunner.java:195)
	at org.junit.runners.BlockJUnit4ClassRunner$1.runReflectiveCall(BlockJUnit4ClassRunner.java:244)
	at org.junit.internal.runners.model.ReflectiveCallable.run(ReflectiveCallable.java:12)
	at org.junit.runners.BlockJUnit4ClassRunner.methodBlock(BlockJUnit4ClassRunner.java:241)
	at org.junit.runners.BlockJUnit4ClassRunner.runChild(BlockJUnit4ClassRunner.java:70)
	at org.junit.runners.BlockJUnit4ClassRunner.runChild(BlockJUnit4ClassRunner.java:50)
	at org.junit.runners.ParentRunner$3.run(ParentRunner.java:238)
	at org.junit.runners.ParentRunner$1.schedule(ParentRunner.java:63)
	at org.junit.runners.ParentRunner.runChildren(ParentRunner.java:236)
	at org.junit.runners.ParentRunner.access$000(ParentRunner.java:53)
	at org.junit.runners.ParentRunner$2.evaluate(ParentRunner.java:229)
	at org.junit.runners.ParentRunner.run(ParentRunner.java:309)
	at org.apache.maven.surefire.junit4.JUnit4Provider.execute(JUnit4Provider.java:252)
	at org.apache.maven.surefire.junit4.JUnit4Provider.executeTestSet(JUnit4Provider.java:141)
	at org.apache.maven.surefire.junit4.JUnit4Provider.invoke(JUnit4Provider.java:112)
	at sun.reflect.NativeMethodAccessorImpl.invoke0(Native Method)
	at sun.reflect.NativeMethodAccessorImpl.invoke(NativeMethodAccessorImpl.java:62)
	at sun.reflect.DelegatingMethodAccessorImpl.invoke(DelegatingMethodAccessorImpl.java:43)
	at java.lang.reflect.Method.invoke(Method.java:498)
	at org.apache.maven.surefire.util.ReflectionUtils.invokeMethodWithArray(ReflectionUtils.java:189)
	at org.apache.maven.surefire.booter.ProviderFactory$ProviderProxy.invoke(ProviderFactory.java:165)
	at org.apache.maven.surefire.booter.ProviderFactory.invokeProvider(ProviderFactory.java:85)
	at org.apache.maven.surefire.booter.ForkedBooter.runSuitesInProcess(ForkedBooter.java:115)
	at org.apache.maven.surefire.booter.ForkedBooter.main(ForkedBooter.java:75)
2022.02.12 16:21:49 Unable to load JDBC driver: null
java.lang.NullPointerException
	at java.lang.Class.forName0(Native Method)
	at java.lang.Class.forName(Class.java:264)
	at org.jivesoftware.openfire.auth.JDBCAuthProvider.<init>(JDBCAuthProvider.java:143)
	at org.jivesoftware.openfire.auth.JDBCAuthProviderTest.<init>(JDBCAuthProviderTest.java:18)
	at sun.reflect.NativeConstructorAccessorImpl.newInstance0(Native Method)
	at sun.reflect.NativeConstructorAccessorImpl.newInstance(NativeConstructorAccessorImpl.java:62)
	at sun.reflect.DelegatingConstructorAccessorImpl.newInstance(DelegatingConstructorAccessorImpl.java:45)
	at java.lang.reflect.Constructor.newInstance(Constructor.java:423)
	at org.junit.runners.BlockJUnit4ClassRunner.createTest(BlockJUnit4ClassRunner.java:195)
	at org.junit.runners.BlockJUnit4ClassRunner$1.runReflectiveCall(BlockJUnit4ClassRunner.java:244)
	at org.junit.internal.runners.model.ReflectiveCallable.run(ReflectiveCallable.java:12)
	at org.junit.runners.BlockJUnit4ClassRunner.methodBlock(BlockJUnit4ClassRunner.java:241)
	at org.junit.runners.BlockJUnit4ClassRunner.runChild(BlockJUnit4ClassRunner.java:70)
	at org.junit.runners.BlockJUnit4ClassRunner.runChild(BlockJUnit4ClassRunner.java:50)
	at org.junit.runners.ParentRunner$3.run(ParentRunner.java:238)
	at org.junit.runners.ParentRunner$1.schedule(ParentRunner.java:63)
	at org.junit.runners.ParentRunner.runChildren(ParentRunner.java:236)
	at org.junit.runners.ParentRunner.access$000(ParentRunner.java:53)
	at org.junit.runners.ParentRunner$2.evaluate(ParentRunner.java:229)
	at org.junit.runners.ParentRunner.run(ParentRunner.java:309)
	at org.apache.maven.surefire.junit4.JUnit4Provider.execute(JUnit4Provider.java:252)
	at org.apache.maven.surefire.junit4.JUnit4Provider.executeTestSet(JUnit4Provider.java:141)
	at org.apache.maven.surefire.junit4.JUnit4Provider.invoke(JUnit4Provider.java:112)
	at sun.reflect.NativeMethodAccessorImpl.invoke0(Native Method)
	at sun.reflect.NativeMethodAccessorImpl.invoke(NativeMethodAccessorImpl.java:62)
	at sun.reflect.DelegatingMethodAccessorImpl.invoke(DelegatingMethodAccessorImpl.java:43)
	at java.lang.reflect.Method.invoke(Method.java:498)
	at org.apache.maven.surefire.util.ReflectionUtils.invokeMethodWithArray(ReflectionUtils.java:189)
	at org.apache.maven.surefire.booter.ProviderFactory$ProviderProxy.invoke(ProviderFactory.java:165)
	at org.apache.maven.surefire.booter.ProviderFactory.invokeProvider(ProviderFactory.java:85)
	at org.apache.maven.surefire.booter.ForkedBooter.runSuitesInProcess(ForkedBooter.java:115)
	at org.apache.maven.surefire.booter.ForkedBooter.main(ForkedBooter.java:75)
2022.02.12 16:21:49 Unable to load JDBC driver: null
java.lang.NullPointerException
	at java.lang.Class.forName0(Native Method)
	at java.lang.Class.forName(Class.java:264)
	at org.jivesoftware.openfire.auth.JDBCAuthProvider.<init>(JDBCAuthProvider.java:143)
	at org.jivesoftware.openfire.auth.JDBCAuthProviderTest.<init>(JDBCAuthProviderTest.java:18)
	at sun.reflect.NativeConstructorAccessorImpl.newInstance0(Native Method)
	at sun.reflect.NativeConstructorAccessorImpl.newInstance(NativeConstructorAccessorImpl.java:62)
	at sun.reflect.DelegatingConstructorAccessorImpl.newInstance(DelegatingConstructorAccessorImpl.java:45)
	at java.lang.reflect.Constructor.newInstance(Constructor.java:423)
	at org.junit.runners.BlockJUnit4ClassRunner.createTest(BlockJUnit4ClassRunner.java:195)
	at org.junit.runners.BlockJUnit4ClassRunner$1.runReflectiveCall(BlockJUnit4ClassRunner.java:244)
	at org.junit.internal.runners.model.ReflectiveCallable.run(ReflectiveCallable.java:12)
	at org.junit.runners.BlockJUnit4ClassRunner.methodBlock(BlockJUnit4ClassRunner.java:241)
	at org.junit.runners.BlockJUnit4ClassRunner.runChild(BlockJUnit4ClassRunner.java:70)
	at org.junit.runners.BlockJUnit4ClassRunner.runChild(BlockJUnit4ClassRunner.java:50)
	at org.junit.runners.ParentRunner$3.run(ParentRunner.java:238)
	at org.junit.runners.ParentRunner$1.schedule(ParentRunner.java:63)
	at org.junit.runners.ParentRunner.runChildren(ParentRunner.java:236)
	at org.junit.runners.ParentRunner.access$000(ParentRunner.java:53)
	at org.junit.runners.ParentRunner$2.evaluate(ParentRunner.java:229)
	at org.junit.runners.ParentRunner.run(ParentRunner.java:309)
	at org.apache.maven.surefire.junit4.JUnit4Provider.execute(JUnit4Provider.java:252)
	at org.apache.maven.surefire.junit4.JUnit4Provider.executeTestSet(JUnit4Provider.java:141)
	at org.apache.maven.surefire.junit4.JUnit4Provider.invoke(JUnit4Provider.java:112)
	at sun.reflect.NativeMethodAccessorImpl.invoke0(Native Method)
	at sun.reflect.NativeMethodAccessorImpl.invoke(NativeMethodAccessorImpl.java:62)
	at sun.reflect.DelegatingMethodAccessorImpl.invoke(DelegatingMethodAccessorImpl.java:43)
	at java.lang.reflect.Method.invoke(Method.java:498)
	at org.apache.maven.surefire.util.ReflectionUtils.invokeMethodWithArray(ReflectionUtils.java:189)
	at org.apache.maven.surefire.booter.ProviderFactory$ProviderProxy.invoke(ProviderFactory.java:165)
	at org.apache.maven.surefire.booter.ProviderFactory.invokeProvider(ProviderFactory.java:85)
	at org.apache.maven.surefire.booter.ForkedBooter.runSuitesInProcess(ForkedBooter.java:115)
	at org.apache.maven.surefire.booter.ForkedBooter.main(ForkedBooter.java:75)
2022.02.12 16:21:49 Unable to load JDBC driver: null
java.lang.NullPointerException
	at java.lang.Class.forName0(Native Method)
	at java.lang.Class.forName(Class.java:264)
	at org.jivesoftware.openfire.auth.JDBCAuthProvider.<init>(JDBCAuthProvider.java:143)
	at org.jivesoftware.openfire.auth.JDBCAuthProviderTest.<init>(JDBCAuthProviderTest.java:18)
	at sun.reflect.NativeConstructorAccessorImpl.newInstance0(Native Method)
	at sun.reflect.NativeConstructorAccessorImpl.newInstance(NativeConstructorAccessorImpl.java:62)
	at sun.reflect.DelegatingConstructorAccessorImpl.newInstance(DelegatingConstructorAccessorImpl.java:45)
	at java.lang.reflect.Constructor.newInstance(Constructor.java:423)
	at org.junit.runners.BlockJUnit4ClassRunner.createTest(BlockJUnit4ClassRunner.java:195)
	at org.junit.runners.BlockJUnit4ClassRunner$1.runReflectiveCall(BlockJUnit4ClassRunner.java:244)
	at org.junit.internal.runners.model.ReflectiveCallable.run(ReflectiveCallable.java:12)
	at org.junit.runners.BlockJUnit4ClassRunner.methodBlock(BlockJUnit4ClassRunner.java:241)
	at org.junit.runners.BlockJUnit4ClassRunner.runChild(BlockJUnit4ClassRunner.java:70)
	at org.junit.runners.BlockJUnit4ClassRunner.runChild(BlockJUnit4ClassRunner.java:50)
	at org.junit.runners.ParentRunner$3.run(ParentRunner.java:238)
	at org.junit.runners.ParentRunner$1.schedule(ParentRunner.java:63)
	at org.junit.runners.ParentRunner.runChildren(ParentRunner.java:236)
	at org.junit.runners.ParentRunner.access$000(ParentRunner.java:53)
	at org.junit.runners.ParentRunner$2.evaluate(ParentRunner.java:229)
	at org.junit.runners.ParentRunner.run(ParentRunner.java:309)
	at org.apache.maven.surefire.junit4.JUnit4Provider.execute(JUnit4Provider.java:252)
	at org.apache.maven.surefire.junit4.JUnit4Provider.executeTestSet(JUnit4Provider.java:141)
	at org.apache.maven.surefire.junit4.JUnit4Provider.invoke(JUnit4Provider.java:112)
	at sun.reflect.NativeMethodAccessorImpl.invoke0(Native Method)
	at sun.reflect.NativeMethodAccessorImpl.invoke(NativeMethodAccessorImpl.java:62)
	at sun.reflect.DelegatingMethodAccessorImpl.invoke(DelegatingMethodAccessorImpl.java:43)
	at java.lang.reflect.Method.invoke(Method.java:498)
	at org.apache.maven.surefire.util.ReflectionUtils.invokeMethodWithArray(ReflectionUtils.java:189)
	at org.apache.maven.surefire.booter.ProviderFactory$ProviderProxy.invoke(ProviderFactory.java:165)
	at org.apache.maven.surefire.booter.ProviderFactory.invokeProvider(ProviderFactory.java:85)
	at org.apache.maven.surefire.booter.ForkedBooter.runSuitesInProcess(ForkedBooter.java:115)
	at org.apache.maven.surefire.booter.ForkedBooter.main(ForkedBooter.java:75)
Tests run: 8, Failures: 0, Errors: 0, Skipped: 0, Time elapsed: 0.411 sec
Running org.jivesoftware.openfire.spi.EncryptionArtifactFactoryTest
Tests run: 4, Failures: 0, Errors: 0, Skipped: 0, Time elapsed: 0.111 sec
Running org.jivesoftware.openfire.carbons.MessageCarbonsTest
Tests run: 2, Failures: 0, Errors: 0, Skipped: 0, Time elapsed: 0.007 sec
Running org.jivesoftware.openfire.handler.IQEntityTimeHandlerTest
386
626
Tests run: 5, Failures: 0, Errors: 0, Skipped: 0, Time elapsed: 1.018 sec
Running org.jivesoftware.openfire.nio.XmlNumericCharacterReferenceTest
Tests run: 6, Failures: 0, Errors: 0, Skipped: 0, Time elapsed: 0.007 sec
Running org.jivesoftware.openfire.muc.spi.MucPrivilegesTest
Tests run: 9, Failures: 0, Errors: 0, Skipped: 0, Time elapsed: 0.011 sec
Running org.jivesoftware.openfire.group.GroupJIDTest
Tests run: 3, Failures: 0, Errors: 0, Skipped: 0, Time elapsed: 0.007 sec
Running org.jivesoftware.openfire.net.DNSUtilTest
Tests run: 15, Failures: 0, Errors: 0, Skipped: 0, Time elapsed: 0.01 sec
Running org.jivesoftware.openfire.forward.ForwardTest
Tests run: 1, Failures: 0, Errors: 0, Skipped: 0, Time elapsed: 0.001 sec
Running dom.io.XMPPPacketReaderTest
Tests run: 5, Failures: 0, Errors: 0, Skipped: 0, Time elapsed: 0.011 sec

Results :

Tests run: 222, Failures: 0, Errors: 0, Skipped: 2

[INFO] 
[INFO] --- maven-jar-plugin:2.6:jar (default-jar) @ xmppserver ---
[INFO] Building jar: /home/travis/build/failed/igniterealtime/Openfire/xmppserver/target/xmppserver-4.3.0-SNAPSHOT.jar
[INFO] 
[INFO] --- maven-dependency-plugin:2.10:copy (copy) @ xmppserver ---
[INFO] Configured Artifact: org.igniterealtime.openfire:xmppserver:4.3.0-SNAPSHOT:jar
[INFO] Copying xmppserver-4.3.0-SNAPSHOT.jar to /home/travis/build/failed/igniterealtime/Openfire/target/openfire/lib/xmppserver-4.3.0-SNAPSHOT.jar
[INFO] 
[INFO] --- maven-dependency-plugin:2.10:copy-dependencies (copy-dependencies) @ xmppserver ---
[INFO] Copying jcip-annotations-1.0.jar to /home/travis/build/failed/igniterealtime/Openfire/target/openfire/lib/jcip-annotations-1.0.jar
[INFO] Copying dom4j-2.0.0.jar to /home/travis/build/failed/igniterealtime/Openfire/target/openfire/lib/dom4j-2.0.0.jar
[INFO] Copying mysql-connector-java-5.1.42.jar to /home/travis/build/failed/igniterealtime/Openfire/target/openfire/lib/mysql-connector-java-5.1.42.jar
[INFO] Copying jetty-continuation-9.2.14.v20151106.jar to /home/travis/build/failed/igniterealtime/Openfire/target/openfire/lib/jetty-continuation-9.2.14.v20151106.jar
[INFO] Copying jetty-jndi-9.2.14.v20151106.jar to /home/travis/build/failed/igniterealtime/Openfire/target/openfire/lib/jetty-jndi-9.2.14.v20151106.jar
[INFO] Copying mina-filter-ssl-1.1.7.jar to /home/travis/build/failed/igniterealtime/Openfire/target/openfire/lib/mina-filter-ssl-1.1.7.jar
[INFO] Copying bcpg-jdk15on-1.53.jar to /home/travis/build/failed/igniterealtime/Openfire/target/openfire/lib/bcpg-jdk15on-1.53.jar
[INFO] Copying taglibs-standard-spec-1.2.1.jar to /home/travis/build/failed/igniterealtime/Openfire/target/openfire/lib/taglibs-standard-spec-1.2.1.jar
[INFO] Copying javassist-3.11.0.GA.jar to /home/travis/build/failed/igniterealtime/Openfire/target/openfire/lib/javassist-3.11.0.GA.jar
[INFO] Copying asm-tree-5.0.1.jar to /home/travis/build/failed/igniterealtime/Openfire/target/openfire/lib/asm-tree-5.0.1.jar
[INFO] Copying mina-filter-compression-2.0.7.jar to /home/travis/build/failed/igniterealtime/Openfire/target/openfire/lib/mina-filter-compression-2.0.7.jar
[INFO] Copying dbutil-4.3.0-SNAPSHOT.jar to /home/travis/build/failed/igniterealtime/Openfire/target/openfire/lib/dbutil-4.3.0-SNAPSHOT.jar
[INFO] Copying jetty-alpn-client-9.2.14.v20151106.jar to /home/travis/build/failed/igniterealtime/Openfire/target/openfire/lib/jetty-alpn-client-9.2.14.v20151106.jar
[INFO] Copying commons-lang-2.3.jar to /home/travis/build/failed/igniterealtime/Openfire/target/openfire/lib/commons-lang-2.3.jar
[INFO] Copying websocket-server-9.2.14.v20151106.jar to /home/travis/build/failed/igniterealtime/Openfire/target/openfire/lib/websocket-server-9.2.14.v20151106.jar
[INFO] Copying websocket-common-9.2.14.v20151106.jar to /home/travis/build/failed/igniterealtime/Openfire/target/openfire/lib/websocket-common-9.2.14.v20151106.jar
[INFO] Copying tinder-1.3.0.jar to /home/travis/build/failed/igniterealtime/Openfire/target/openfire/lib/tinder-1.3.0.jar
[INFO] Copying jetty-plus-9.2.14.v20151106.jar to /home/travis/build/failed/igniterealtime/Openfire/target/openfire/lib/jetty-plus-9.2.14.v20151106.jar
[INFO] Copying ant-1.8.2.jar to /home/travis/build/failed/igniterealtime/Openfire/target/openfire/lib/ant-1.8.2.jar
[INFO] Copying spdy-http-server-9.2.14.v20151106.jar to /home/travis/build/failed/igniterealtime/Openfire/target/openfire/lib/spdy-http-server-9.2.14.v20151106.jar
[INFO] Copying commons-codec-1.9.jar to /home/travis/build/failed/igniterealtime/Openfire/target/openfire/lib/commons-codec-1.9.jar
[INFO] Copying jetty-webapp-9.2.14.v20151106.jar to /home/travis/build/failed/igniterealtime/Openfire/target/openfire/lib/jetty-webapp-9.2.14.v20151106.jar
[INFO] Copying jcl-over-slf4j-1.7.7.jar to /home/travis/build/failed/igniterealtime/Openfire/target/openfire/lib/jcl-over-slf4j-1.7.7.jar
[INFO] Copying org.eclipse.jdt.core-3.8.2.v20130121.jar to /home/travis/build/failed/igniterealtime/Openfire/target/openfire/lib/org.eclipse.jdt.core-3.8.2.v20130121.jar
[INFO] Copying asm-5.0.1.jar to /home/travis/build/failed/igniterealtime/Openfire/target/openfire/lib/asm-5.0.1.jar
[INFO] Copying websocket-client-9.2.14.v20151106.jar to /home/travis/build/failed/igniterealtime/Openfire/target/openfire/lib/websocket-client-9.2.14.v20151106.jar
[INFO] Copying ant-launcher-1.8.2.jar to /home/travis/build/failed/igniterealtime/Openfire/target/openfire/lib/ant-launcher-1.8.2.jar
[INFO] Copying postgresql-42.1.4.jre7.jar to /home/travis/build/failed/igniterealtime/Openfire/target/openfire/lib/postgresql-42.1.4.jre7.jar
[INFO] Copying mina-integration-jmx-2.0.7.jar to /home/travis/build/failed/igniterealtime/Openfire/target/openfire/lib/mina-integration-jmx-2.0.7.jar
[INFO] Copying commons-pool2-2.4.2.jar to /home/travis/build/failed/igniterealtime/Openfire/target/openfire/lib/commons-pool2-2.4.2.jar
[INFO] Copying hsqldb-2.3.4.jar to /home/travis/build/failed/igniterealtime/Openfire/target/openfire/lib/hsqldb-2.3.4.jar
[INFO] Copying bcpkix-jdk15on-1.53.jar to /home/travis/build/failed/igniterealtime/Openfire/target/openfire/lib/bcpkix-jdk15on-1.53.jar
[INFO] Copying rome-fetcher-1.0.jar to /home/travis/build/failed/igniterealtime/Openfire/target/openfire/lib/rome-fetcher-1.0.jar
[INFO] Copying jetty-xml-9.2.14.v20151106.jar to /home/travis/build/failed/igniterealtime/Openfire/target/openfire/lib/jetty-xml-9.2.14.v20151106.jar
[INFO] Copying jdom-1.0.jar to /home/travis/build/failed/igniterealtime/Openfire/target/openfire/lib/jdom-1.0.jar
[INFO] Copying jmdns-1.0.jar to /home/travis/build/failed/igniterealtime/Openfire/target/openfire/lib/jmdns-1.0.jar
[INFO] Copying websocket-servlet-9.2.14.v20151106.jar to /home/travis/build/failed/igniterealtime/Openfire/target/openfire/lib/websocket-servlet-9.2.14.v20151106.jar
[INFO] Copying commons-logging-api-1.0.4.jar to /home/travis/build/failed/igniterealtime/Openfire/target/openfire/lib/commons-logging-api-1.0.4.jar
[INFO] Copying commons-dbcp2-2.1.1.jar to /home/travis/build/failed/igniterealtime/Openfire/target/openfire/lib/commons-dbcp2-2.1.1.jar
[INFO] Copying jetty-server-9.2.14.v20151106.jar to /home/travis/build/failed/igniterealtime/Openfire/target/openfire/lib/jetty-server-9.2.14.v20151106.jar
[INFO] Copying jetty-io-9.2.14.v20151106.jar to /home/travis/build/failed/igniterealtime/Openfire/target/openfire/lib/jetty-io-9.2.14.v20151106.jar
[INFO] Copying taglibs-standard-impl-1.2.1.jar to /home/travis/build/failed/igniterealtime/Openfire/target/openfire/lib/taglibs-standard-impl-1.2.1.jar
[INFO] Copying i18n-4.3.0-SNAPSHOT.jar to /home/travis/build/failed/igniterealtime/Openfire/target/openfire/lib/i18n-4.3.0-SNAPSHOT.jar
[INFO] Copying spdy-server-9.2.14.v20151106.jar to /home/travis/build/failed/igniterealtime/Openfire/target/openfire/lib/spdy-server-9.2.14.v20151106.jar
[INFO] Copying jetty-security-9.2.14.v20151106.jar to /home/travis/build/failed/igniterealtime/Openfire/target/openfire/lib/jetty-security-9.2.14.v20151106.jar
[INFO] Copying apache-jsp-9.2.14.v20151106.jar to /home/travis/build/failed/igniterealtime/Openfire/target/openfire/lib/apache-jsp-9.2.14.v20151106.jar
[INFO] Copying mail-1.4.1.jar to /home/travis/build/failed/igniterealtime/Openfire/target/openfire/lib/mail-1.4.1.jar
[INFO] Copying activation-1.1.jar to /home/travis/build/failed/igniterealtime/Openfire/target/openfire/lib/activation-1.1.jar
[INFO] Copying ognl-3.0.5.jar to /home/travis/build/failed/igniterealtime/Openfire/target/openfire/lib/ognl-3.0.5.jar
[INFO] Copying asm-commons-5.0.1.jar to /home/travis/build/failed/igniterealtime/Openfire/target/openfire/lib/asm-commons-5.0.1.jar
[INFO] Copying rome-1.0.jar to /home/travis/build/failed/igniterealtime/Openfire/target/openfire/lib/rome-1.0.jar
[INFO] Copying jetty-servlets-9.2.14.v20151106.jar to /home/travis/build/failed/igniterealtime/Openfire/target/openfire/lib/jetty-servlets-9.2.14.v20151106.jar
[INFO] Copying jetty-http-9.2.14.v20151106.jar to /home/travis/build/failed/igniterealtime/Openfire/target/openfire/lib/jetty-http-9.2.14.v20151106.jar
[INFO] Copying javax.annotation-api-1.2.jar to /home/travis/build/failed/igniterealtime/Openfire/target/openfire/lib/javax.annotation-api-1.2.jar
[INFO] Copying websocket-api-9.2.14.v20151106.jar to /home/travis/build/failed/igniterealtime/Openfire/target/openfire/lib/websocket-api-9.2.14.v20151106.jar
[INFO] Copying log4j-1.2.16.jar to /home/travis/build/failed/igniterealtime/Openfire/target/openfire/lib/log4j-1.2.16.jar
[INFO] Copying jetty-annotations-9.2.14.v20151106.jar to /home/travis/build/failed/igniterealtime/Openfire/target/openfire/lib/jetty-annotations-9.2.14.v20151106.jar
[INFO] Copying jetty-util-9.2.14.v20151106.jar to /home/travis/build/failed/igniterealtime/Openfire/target/openfire/lib/jetty-util-9.2.14.v20151106.jar
[INFO] Copying spdy-http-common-9.2.14.v20151106.jar to /home/travis/build/failed/igniterealtime/Openfire/target/openfire/lib/spdy-http-common-9.2.14.v20151106.jar
[INFO] Copying javax.servlet-api-3.1.0.jar to /home/travis/build/failed/igniterealtime/Openfire/target/openfire/lib/javax.servlet-api-3.1.0.jar
[INFO] Copying jetty-client-9.2.14.v20151106.jar to /home/travis/build/failed/igniterealtime/Openfire/target/openfire/lib/jetty-client-9.2.14.v20151106.jar
[INFO] Copying jetty-jmx-9.2.14.v20151106.jar to /home/travis/build/failed/igniterealtime/Openfire/target/openfire/lib/jetty-jmx-9.2.14.v20151106.jar
[INFO] Copying spdy-client-9.2.14.v20151106.jar to /home/travis/build/failed/igniterealtime/Openfire/target/openfire/lib/spdy-client-9.2.14.v20151106.jar
[INFO] Copying mina-core-2.0.7.jar to /home/travis/build/failed/igniterealtime/Openfire/target/openfire/lib/mina-core-2.0.7.jar
[INFO] Copying apache-jsp-8.0.9.M3.jar to /home/travis/build/failed/igniterealtime/Openfire/target/openfire/lib/apache-jsp-8.0.9.M3.jar
[INFO] Copying slf4j-log4j12-1.7.7.jar to /home/travis/build/failed/igniterealtime/Openfire/target/openfire/lib/slf4j-log4j12-1.7.7.jar
[INFO] Copying libidn-1.15.jar to /home/travis/build/failed/igniterealtime/Openfire/target/openfire/lib/libidn-1.15.jar
[INFO] Copying bcprov-jdk15on-1.53.jar to /home/travis/build/failed/igniterealtime/Openfire/target/openfire/lib/bcprov-jdk15on-1.53.jar
[INFO] Copying spdy-core-9.2.14.v20151106.jar to /home/travis/build/failed/igniterealtime/Openfire/target/openfire/lib/spdy-core-9.2.14.v20151106.jar
[INFO] Copying jetty-servlet-9.2.14.v20151106.jar to /home/travis/build/failed/igniterealtime/Openfire/target/openfire/lib/jetty-servlet-9.2.14.v20151106.jar
[INFO] Copying jzlib-1.1.1.jar to /home/travis/build/failed/igniterealtime/Openfire/target/openfire/lib/jzlib-1.1.1.jar
[INFO] Copying concurrentlinkedhashmap-lru-1.0.jar to /home/travis/build/failed/igniterealtime/Openfire/target/openfire/lib/concurrentlinkedhashmap-lru-1.0.jar
[INFO] Copying shaj-0.5.jar to /home/travis/build/failed/igniterealtime/Openfire/target/openfire/lib/shaj-0.5.jar
[INFO] Copying apache-el-8.0.9.M3.jar to /home/travis/build/failed/igniterealtime/Openfire/target/openfire/lib/apache-el-8.0.9.M3.jar
[INFO] Copying xpp3-1.1.4c.jar to /home/travis/build/failed/igniterealtime/Openfire/target/openfire/lib/xpp3-1.1.4c.jar
[INFO] Copying jetty-schemas-3.1.M0.jar to /home/travis/build/failed/igniterealtime/Openfire/target/openfire/lib/jetty-schemas-3.1.M0.jar
[INFO] Copying slf4j-api-1.7.7.jar to /home/travis/build/failed/igniterealtime/Openfire/target/openfire/lib/slf4j-api-1.7.7.jar
[INFO] Copying xercesImpl-2.4.0.jar to /home/travis/build/failed/igniterealtime/Openfire/target/openfire/lib/xercesImpl-2.4.0.jar
[INFO] Copying commons-httpclient-3.1.jar to /home/travis/build/failed/igniterealtime/Openfire/target/openfire/lib/commons-httpclient-3.1.jar
[INFO] Copying jsmpp-2.2.4.jar to /home/travis/build/failed/igniterealtime/Openfire/target/openfire/lib/jsmpp-2.2.4.jar
[INFO] Copying jaxen-1.1.6.jar to /home/travis/build/failed/igniterealtime/Openfire/target/openfire/lib/jaxen-1.1.6.jar
[INFO] 
[INFO] ------------------------------------------------------------------------
[INFO] Building Starter for Openfire 4.3.0-SNAPSHOT
[INFO] ------------------------------------------------------------------------
[INFO] 
[INFO] --- maven-clean-plugin:2.5:clean (default-clean) @ starter ---
[INFO] Deleting /home/travis/build/failed/igniterealtime/Openfire/starter/target
[INFO] 
[INFO] --- maven-resources-plugin:2.7:resources (default-resources) @ starter ---
[INFO] Using 'UTF-8' encoding to copy filtered resources.
[INFO] Copying 1 resource
[INFO] Copying 11 resources
[INFO] 
[INFO] --- maven-compiler-plugin:3.3:compile (default-compile) @ starter ---
[INFO] Changes detected - recompiling the module!
[INFO] Compiling 8 source files to /home/travis/build/failed/igniterealtime/Openfire/starter/target/classes
[INFO] /home/travis/build/failed/igniterealtime/Openfire/src/java/org/jivesoftware/openfire/starter/ServerStarter.java: /home/travis/build/failed/igniterealtime/Openfire/src/java/org/jivesoftware/openfire/starter/ServerStarter.java uses or overrides a deprecated API.
[INFO] /home/travis/build/failed/igniterealtime/Openfire/src/java/org/jivesoftware/openfire/starter/ServerStarter.java: Recompile with -Xlint:deprecation for details.
[INFO] 
[INFO] --- maven-resources-plugin:2.7:testResources (default-testResources) @ starter ---
[INFO] Using 'UTF-8' encoding to copy filtered resources.
[INFO] skip non existing resourceDirectory /home/travis/build/failed/igniterealtime/Openfire/starter/src/test/resources
[INFO] 
[INFO] --- maven-compiler-plugin:3.3:testCompile (default-testCompile) @ starter ---
[INFO] No sources to compile
[INFO] 
[INFO] --- maven-surefire-plugin:2.12.4:test (default-test) @ starter ---
[INFO] No tests to run.
[INFO] 
[INFO] --- maven-jar-plugin:2.6:jar (default-jar) @ starter ---
[INFO] Building jar: /home/travis/build/failed/igniterealtime/Openfire/target/openfire/lib/startup.jar
[INFO] 
[INFO] ------------------------------------------------------------------------
[INFO] Building Openfire Plugins 4.3.0-SNAPSHOT
[INFO] ------------------------------------------------------------------------
[INFO] 
[INFO] --- maven-clean-plugin:2.5:clean (default-clean) @ plugins ---
[INFO] 
[INFO] ------------------------------------------------------------------------
[INFO] Building Openfire Plugin Assembly Descriptor 4.3.0-SNAPSHOT
[INFO] ------------------------------------------------------------------------
[INFO] 
[INFO] --- maven-clean-plugin:2.5:clean (default-clean) @ openfire-plugin-assembly-descriptor ---
[INFO] Deleting /home/travis/build/failed/igniterealtime/Openfire/src/plugins/openfire-plugin-assembly-descriptor/target
[INFO] 
[INFO] --- maven-resources-plugin:2.6:resources (default-resources) @ openfire-plugin-assembly-descriptor ---
[INFO] Using 'UTF-8' encoding to copy filtered resources.
[INFO] Copying 1 resource
[INFO] 
[INFO] --- maven-compiler-plugin:3.3:compile (default-compile) @ openfire-plugin-assembly-descriptor ---
[INFO] No sources to compile
[INFO] 
[INFO] --- maven-resources-plugin:2.6:testResources (default-testResources) @ openfire-plugin-assembly-descriptor ---
[INFO] Using 'UTF-8' encoding to copy filtered resources.
[INFO] skip non existing resourceDirectory /home/travis/build/failed/igniterealtime/Openfire/src/plugins/openfire-plugin-assembly-descriptor/src/test/resources
[INFO] 
[INFO] --- maven-compiler-plugin:3.3:testCompile (default-testCompile) @ openfire-plugin-assembly-descriptor ---
[INFO] No sources to compile
[INFO] 
[INFO] --- maven-surefire-plugin:2.12.4:test (default-test) @ openfire-plugin-assembly-descriptor ---
[INFO] No tests to run.
[INFO] 
[INFO] --- maven-jar-plugin:2.4:jar (default-jar) @ openfire-plugin-assembly-descriptor ---
[INFO] Building jar: /home/travis/build/failed/igniterealtime/Openfire/src/plugins/openfire-plugin-assembly-descriptor/target/openfire-plugin-assembly-descriptor-4.3.0-SNAPSHOT.jar
[INFO] 
[INFO] ------------------------------------------------------------------------
[INFO] Building Bookmarks Plugin 1.0.0
[INFO] ------------------------------------------------------------------------
[INFO] 
[INFO] --- maven-clean-plugin:2.5:clean (default-clean) @ bookmarks ---
[INFO] Deleting /home/travis/build/failed/igniterealtime/Openfire/src/plugins/bookmarks/target
[INFO] 
[INFO] --- maven-resources-plugin:2.6:resources (default-resources) @ bookmarks ---
[INFO] Using 'UTF-8' encoding to copy filtered resources.
[INFO] skip non existing resourceDirectory /home/travis/build/failed/igniterealtime/Openfire/src/plugins/bookmarks/src/main/resources
[INFO] 
[INFO] --- maven-compiler-plugin:3.3:compile (default-compile) @ bookmarks ---
[INFO] Changes detected - recompiling the module!
[INFO] Compiling 4 source files to /home/travis/build/failed/igniterealtime/Openfire/src/plugins/bookmarks/target/classes
[INFO] 
[INFO] --- maven-resources-plugin:2.6:testResources (default-testResources) @ bookmarks ---
[INFO] Using 'UTF-8' encoding to copy filtered resources.
[INFO] skip non existing resourceDirectory /home/travis/build/failed/igniterealtime/Openfire/src/plugins/bookmarks/src/test/resources
[INFO] 
[INFO] --- maven-compiler-plugin:3.3:testCompile (default-testCompile) @ bookmarks ---
[INFO] No sources to compile
[INFO] 
[INFO] --- maven-surefire-plugin:2.12.4:test (default-test) @ bookmarks ---
[INFO] No tests to run.
[INFO] 
[INFO] --- maven-jar-plugin:2.4:jar (default-jar) @ bookmarks ---
[INFO] Building jar: /home/travis/build/failed/igniterealtime/Openfire/src/plugins/bookmarks/target/bookmarks-1.0.0.jar
[INFO] 
[INFO] --- maven-assembly-plugin:2.6:single (make-assembly) @ bookmarks ---
[WARNING] The assembly descriptor contains a filesystem-root relative reference, which is not cross platform compatible /
[INFO] Building jar: /home/travis/build/failed/igniterealtime/Openfire/src/plugins/bookmarks/target/bookmarks.jar
[INFO] 
[INFO] ------------------------------------------------------------------------
[INFO] Building Broadcast Plugin 1.9.0
[INFO] ------------------------------------------------------------------------
[INFO] 
[INFO] --- maven-clean-plugin:2.5:clean (default-clean) @ broadcast ---
[INFO] Deleting /home/travis/build/failed/igniterealtime/Openfire/src/plugins/broadcast/target
[INFO] 
[INFO] --- maven-resources-plugin:2.6:resources (default-resources) @ broadcast ---
[INFO] Using 'UTF-8' encoding to copy filtered resources.
[INFO] skip non existing resourceDirectory /home/travis/build/failed/igniterealtime/Openfire/src/plugins/broadcast/src/main/resources
[INFO] 
[INFO] --- maven-compiler-plugin:3.3:compile (default-compile) @ broadcast ---
[INFO] Changes detected - recompiling the module!
[INFO] Compiling 1 source file to /home/travis/build/failed/igniterealtime/Openfire/src/plugins/broadcast/target/classes
[INFO] /home/travis/build/failed/igniterealtime/Openfire/src/plugins/broadcast/src/java/org/jivesoftware/openfire/plugin/BroadcastPlugin.java: /home/travis/build/failed/igniterealtime/Openfire/src/plugins/broadcast/src/java/org/jivesoftware/openfire/plugin/BroadcastPlugin.java uses or overrides a deprecated API.
[INFO] /home/travis/build/failed/igniterealtime/Openfire/src/plugins/broadcast/src/java/org/jivesoftware/openfire/plugin/BroadcastPlugin.java: Recompile with -Xlint:deprecation for details.
[INFO] 
[INFO] --- maven-resources-plugin:2.6:testResources (default-testResources) @ broadcast ---
[INFO] Using 'UTF-8' encoding to copy filtered resources.
[INFO] skip non existing resourceDirectory /home/travis/build/failed/igniterealtime/Openfire/src/plugins/broadcast/src/test/resources
[INFO] 
[INFO] --- maven-compiler-plugin:3.3:testCompile (default-testCompile) @ broadcast ---
[INFO] No sources to compile
[INFO] 
[INFO] --- maven-surefire-plugin:2.12.4:test (default-test) @ broadcast ---
[INFO] No tests to run.
[INFO] 
[INFO] --- maven-jar-plugin:2.4:jar (default-jar) @ broadcast ---
[INFO] Building jar: /home/travis/build/failed/igniterealtime/Openfire/src/plugins/broadcast/target/broadcast-1.9.0.jar
[INFO] 
[INFO] --- maven-assembly-plugin:2.6:single (make-assembly) @ broadcast ---
[WARNING] The assembly descriptor contains a filesystem-root relative reference, which is not cross platform compatible /
[INFO] Building jar: /home/travis/build/failed/igniterealtime/Openfire/src/plugins/broadcast/target/broadcast.jar
[INFO] 
[INFO] ------------------------------------------------------------------------
[INFO] Building Callback on Offline Plugin 1.0
[INFO] ------------------------------------------------------------------------
[INFO] 
[INFO] --- maven-clean-plugin:2.5:clean (default-clean) @ callbackOnOffline ---
[INFO] Deleting /home/travis/build/failed/igniterealtime/Openfire/src/plugins/callbackOnOffline/target
[INFO] 
[INFO] --- maven-resources-plugin:2.6:resources (default-resources) @ callbackOnOffline ---
[INFO] Using 'UTF-8' encoding to copy filtered resources.
[INFO] skip non existing resourceDirectory /home/travis/build/failed/igniterealtime/Openfire/src/plugins/callbackOnOffline/src/main/resources
[INFO] 
[INFO] --- maven-compiler-plugin:3.3:compile (default-compile) @ callbackOnOffline ---
[INFO] Changes detected - recompiling the module!
[INFO] Compiling 1 source file to /home/travis/build/failed/igniterealtime/Openfire/src/plugins/callbackOnOffline/target/classes
[INFO] 
[INFO] --- maven-resources-plugin:2.6:testResources (default-testResources) @ callbackOnOffline ---
[INFO] Using 'UTF-8' encoding to copy filtered resources.
[INFO] skip non existing resourceDirectory /home/travis/build/failed/igniterealtime/Openfire/src/plugins/callbackOnOffline/src/test/resources
[INFO] 
[INFO] --- maven-compiler-plugin:3.3:testCompile (default-testCompile) @ callbackOnOffline ---
[INFO] No sources to compile
[INFO] 
[INFO] --- maven-surefire-plugin:2.12.4:test (default-test) @ callbackOnOffline ---
[INFO] No tests to run.
[INFO] 
[INFO] --- maven-jar-plugin:2.4:jar (default-jar) @ callbackOnOffline ---
[INFO] Building jar: /home/travis/build/failed/igniterealtime/Openfire/src/plugins/callbackOnOffline/target/callbackOnOffline-1.0.jar
[INFO] 
[INFO] --- maven-assembly-plugin:2.6:single (make-assembly) @ callbackOnOffline ---
[WARNING] The assembly descriptor contains a filesystem-root relative reference, which is not cross platform compatible /
[INFO] Building jar: /home/travis/build/failed/igniterealtime/Openfire/src/plugins/callbackOnOffline/target/callbackOnOffline.jar
[INFO] 
[INFO] ------------------------------------------------------------------------
[INFO] Building Candy Webchat Plugin 2.2.0-release-2
[INFO] ------------------------------------------------------------------------
[INFO] 
[INFO] --- maven-clean-plugin:2.5:clean (default-clean) @ candy ---
[INFO] Deleting /home/travis/build/failed/igniterealtime/Openfire/src/plugins/candy/target
[INFO] 
[INFO] --- maven-resources-plugin:2.6:resources (default-resources) @ candy ---
[INFO] Using 'UTF-8' encoding to copy filtered resources.
[INFO] skip non existing resourceDirectory /home/travis/build/failed/igniterealtime/Openfire/src/plugins/candy/src/main/resources
[INFO] 
[INFO] --- maven-compiler-plugin:3.3:compile (default-compile) @ candy ---
[INFO] Changes detected - recompiling the module!
[INFO] Compiling 3 source files to /home/travis/build/failed/igniterealtime/Openfire/src/plugins/candy/target/classes
[INFO] 
[INFO] --- jetty-jspc-maven-plugin:9.2.14.v20151106:jspc (jspc) @ candy ---
[INFO] Logging initialized @100247ms
[INFO] Compiling candy-config.jsp
[INFO] Includes=**/*.jsp, **/*.jspx
[INFO] Excludes=null
[INFO] Files selected to precompile: candy-config.jsp
[INFO] 
[INFO] --- maven-resources-plugin:2.6:testResources (default-testResources) @ candy ---
[INFO] Using 'UTF-8' encoding to copy filtered resources.
[INFO] skip non existing resourceDirectory /home/travis/build/failed/igniterealtime/Openfire/src/plugins/candy/src/test/resources
[INFO] 
[INFO] --- maven-compiler-plugin:3.3:testCompile (default-testCompile) @ candy ---
[INFO] No sources to compile
[INFO] 
[INFO] --- maven-surefire-plugin:2.12.4:test (default-test) @ candy ---
[INFO] No tests to run.
[INFO] 
[INFO] --- maven-jar-plugin:2.4:jar (default-jar) @ candy ---
[INFO] Building jar: /home/travis/build/failed/igniterealtime/Openfire/src/plugins/candy/target/candy-2.2.0-release-2.jar
[INFO] 
[INFO] --- maven-assembly-plugin:2.6:single (make-assembly) @ candy ---
[WARNING] The assembly descriptor contains a filesystem-root relative reference, which is not cross platform compatible /
[INFO] Building jar: /home/travis/build/failed/igniterealtime/Openfire/src/plugins/candy/target/candy.jar
[INFO] 
[INFO] ------------------------------------------------------------------------
[INFO] Building Certificate Manager Plugin 1.0.0
[INFO] ------------------------------------------------------------------------
[INFO] 
[INFO] --- maven-clean-plugin:2.5:clean (default-clean) @ certificatemanager ---
[INFO] Deleting /home/travis/build/failed/igniterealtime/Openfire/src/plugins/certificateManager/target
[INFO] 
[INFO] --- maven-resources-plugin:2.6:resources (default-resources) @ certificatemanager ---
[INFO] Using 'UTF-8' encoding to copy filtered resources.
[INFO] skip non existing resourceDirectory /home/travis/build/failed/igniterealtime/Openfire/src/plugins/certificateManager/src/main/resources
[INFO] 
[INFO] --- maven-compiler-plugin:3.3:compile (default-compile) @ certificatemanager ---
[INFO] Changes detected - recompiling the module!
[INFO] Compiling 2 source files to /home/travis/build/failed/igniterealtime/Openfire/src/plugins/certificateManager/target/classes
[INFO] /home/travis/build/failed/igniterealtime/Openfire/src/plugins/certificateManager/src/java/org/igniterealtime/openfire/plugins/certificatemanager/DirectoryWatcher.java: /home/travis/build/failed/igniterealtime/Openfire/src/plugins/certificateManager/src/java/org/igniterealtime/openfire/plugins/certificatemanager/DirectoryWatcher.java uses unchecked or unsafe operations.
[INFO] /home/travis/build/failed/igniterealtime/Openfire/src/plugins/certificateManager/src/java/org/igniterealtime/openfire/plugins/certificatemanager/DirectoryWatcher.java: Recompile with -Xlint:unchecked for details.
[INFO] 
[INFO] --- jetty-jspc-maven-plugin:9.2.14.v20151106:jspc (jspc) @ certificatemanager ---
[INFO] Compiling certificate-management.jsp
[INFO] Includes=**/*.jsp, **/*.jspx
[INFO] Excludes=null
[INFO] Files selected to precompile: certificate-management.jsp
[INFO] 
[INFO] --- maven-resources-plugin:2.6:testResources (default-testResources) @ certificatemanager ---
[INFO] Using 'UTF-8' encoding to copy filtered resources.
[INFO] skip non existing resourceDirectory /home/travis/build/failed/igniterealtime/Openfire/src/plugins/certificateManager/src/test/resources
[INFO] 
[INFO] --- maven-compiler-plugin:3.3:testCompile (default-testCompile) @ certificatemanager ---
[INFO] No sources to compile
[INFO] 
[INFO] --- maven-surefire-plugin:2.12.4:test (default-test) @ certificatemanager ---
[INFO] No tests to run.
[INFO] 
[INFO] --- maven-jar-plugin:2.4:jar (default-jar) @ certificatemanager ---
[INFO] Building jar: /home/travis/build/failed/igniterealtime/Openfire/src/plugins/certificateManager/target/certificatemanager-1.0.0.jar
[INFO] 
[INFO] --- maven-assembly-plugin:2.6:single (make-assembly) @ certificatemanager ---
[WARNING] The assembly descriptor contains a filesystem-root relative reference, which is not cross platform compatible /
[INFO] Building jar: /home/travis/build/failed/igniterealtime/Openfire/src/plugins/certificateManager/target/certificatemanager.jar
[INFO] 
[INFO] ------------------------------------------------------------------------
[INFO] Building ClientControl Plugin 2.1.2
[INFO] ------------------------------------------------------------------------
[INFO] 
[INFO] --- maven-clean-plugin:2.5:clean (default-clean) @ clientControl ---
[INFO] Deleting /home/travis/build/failed/igniterealtime/Openfire/src/plugins/clientControl/target
[INFO] 
[INFO] --- maven-resources-plugin:2.6:resources (default-resources) @ clientControl ---
[INFO] Using 'UTF-8' encoding to copy filtered resources.
[INFO] skip non existing resourceDirectory /home/travis/build/failed/igniterealtime/Openfire/src/plugins/clientControl/src/main/resources
[INFO] 
[INFO] --- maven-compiler-plugin:3.3:compile (default-compile) @ clientControl ---
[INFO] Changes detected - recompiling the module!
[INFO] Compiling 7 source files to /home/travis/build/failed/igniterealtime/Openfire/src/plugins/clientControl/target/classes
[INFO] 
[INFO] --- jetty-jspc-maven-plugin:9.2.14.v20151106:jspc (jspc) @ clientControl ---
[INFO] Compiling client-features.jsp,permitted-clients.jsp,spark-download.jsp,spark-form.jsp
[INFO] Includes=**/*.jsp, **/*.jspx
[INFO] Excludes=null
[INFO] Files selected to precompile: client-features.jsp,permitted-clients.jsp,spark-download.jsp,spark-form.jsp
[INFO] /home/travis/build/failed/igniterealtime/Openfire/src/plugins/clientControl/src/java/../web/WEB-INF/web.xml does not exist, cannot merge with generated fragment
[INFO] 
[INFO] --- maven-resources-plugin:2.6:testResources (default-testResources) @ clientControl ---
[INFO] Using 'UTF-8' encoding to copy filtered resources.
[INFO] skip non existing resourceDirectory /home/travis/build/failed/igniterealtime/Openfire/src/plugins/clientControl/src/test/resources
[INFO] 
[INFO] --- maven-compiler-plugin:3.3:testCompile (default-testCompile) @ clientControl ---
[INFO] No sources to compile
[INFO] 
[INFO] --- maven-surefire-plugin:2.12.4:test (default-test) @ clientControl ---
[INFO] No tests to run.
[INFO] 
[INFO] --- maven-jar-plugin:2.4:jar (default-jar) @ clientControl ---
[INFO] Building jar: /home/travis/build/failed/igniterealtime/Openfire/src/plugins/clientControl/target/clientControl-2.1.2.jar
[INFO] 
[INFO] --- maven-assembly-plugin:2.6:single (make-assembly) @ clientControl ---
[WARNING] The assembly descriptor contains a filesystem-root relative reference, which is not cross platform compatible /
[INFO] Building jar: /home/travis/build/failed/igniterealtime/Openfire/src/plugins/clientControl/target/clientControl.jar
[INFO] 
[INFO] ------------------------------------------------------------------------
[INFO] Building ContentFilter Plugin 1.8.0
[INFO] ------------------------------------------------------------------------
[INFO] 
[INFO] --- maven-clean-plugin:2.5:clean (default-clean) @ contentFilter ---
[INFO] Deleting /home/travis/build/failed/igniterealtime/Openfire/src/plugins/contentFilter/target
[INFO] 
[INFO] --- maven-resources-plugin:2.6:resources (default-resources) @ contentFilter ---
[INFO] Using 'UTF-8' encoding to copy filtered resources.
[INFO] skip non existing resourceDirectory /home/travis/build/failed/igniterealtime/Openfire/src/plugins/contentFilter/src/main/resources
[INFO] 
[INFO] --- maven-compiler-plugin:3.3:compile (default-compile) @ contentFilter ---
[INFO] Changes detected - recompiling the module!
[INFO] Compiling 2 source files to /home/travis/build/failed/igniterealtime/Openfire/src/plugins/contentFilter/target/classes
[INFO] 
[INFO] --- maven-resources-plugin:2.6:testResources (default-testResources) @ contentFilter ---
[INFO] Using 'UTF-8' encoding to copy filtered resources.
[INFO] skip non existing resourceDirectory /home/travis/build/failed/igniterealtime/Openfire/src/plugins/contentFilter/src/test/resources
[INFO] 
[INFO] --- maven-compiler-plugin:3.3:testCompile (default-testCompile) @ contentFilter ---
[INFO] Changes detected - recompiling the module!
[INFO] Compiling 1 source file to /home/travis/build/failed/igniterealtime/Openfire/src/plugins/contentFilter/target/test-classes
[INFO] 
[INFO] --- maven-surefire-plugin:2.12.4:test (default-test) @ contentFilter ---
[INFO] Surefire report directory: /home/travis/build/failed/igniterealtime/Openfire/src/plugins/contentFilter/target/surefire-reports

-------------------------------------------------------
 T E S T S
-------------------------------------------------------
Picked up _JAVA_OPTIONS: -Xmx2048m -Xms512m
Running org.jivesoftware.openfire.plugin.ContentFilterTest
<presence><status>fox is now online!</status></presence>
Tests run: 11, Failures: 0, Errors: 0, Skipped: 0, Time elapsed: 0.488 sec

Results :

Tests run: 11, Failures: 0, Errors: 0, Skipped: 0

[INFO] 
[INFO] --- maven-jar-plugin:2.4:jar (default-jar) @ contentFilter ---
[INFO] Building jar: /home/travis/build/failed/igniterealtime/Openfire/src/plugins/contentFilter/target/contentFilter-1.8.0.jar
[INFO] 
[INFO] --- maven-assembly-plugin:2.6:single (make-assembly) @ contentFilter ---
[WARNING] The assembly descriptor contains a filesystem-root relative reference, which is not cross platform compatible /
[INFO] Building jar: /home/travis/build/failed/igniterealtime/Openfire/src/plugins/contentFilter/target/contentFilter.jar
[INFO] 
[INFO] ------------------------------------------------------------------------
[INFO] Building DB Access Plugin 1.2.0
[INFO] ------------------------------------------------------------------------
[INFO] 
[INFO] --- maven-clean-plugin:2.5:clean (default-clean) @ dbaccess ---
[INFO] Deleting /home/travis/build/failed/igniterealtime/Openfire/src/plugins/dbaccess/target
[INFO] 
[INFO] --- maven-resources-plugin:2.6:resources (default-resources) @ dbaccess ---
[INFO] Using 'UTF-8' encoding to copy filtered resources.
[INFO] skip non existing resourceDirectory /home/travis/build/failed/igniterealtime/Openfire/src/plugins/dbaccess/src/main/resources
[INFO] 
[INFO] --- maven-compiler-plugin:3.3:compile (default-compile) @ dbaccess ---
[INFO] Changes detected - recompiling the module!
[INFO] Compiling 1 source file to /home/travis/build/failed/igniterealtime/Openfire/src/plugins/dbaccess/target/classes
[INFO] 
[INFO] --- maven-resources-plugin:2.6:testResources (default-testResources) @ dbaccess ---
[INFO] Using 'UTF-8' encoding to copy filtered resources.
[INFO] skip non existing resourceDirectory /home/travis/build/failed/igniterealtime/Openfire/src/plugins/dbaccess/src/test/resources
[INFO] 
[INFO] --- maven-compiler-plugin:3.3:testCompile (default-testCompile) @ dbaccess ---
[INFO] No sources to compile
[INFO] 
[INFO] --- maven-surefire-plugin:2.12.4:test (default-test) @ dbaccess ---
[INFO] No tests to run.
[INFO] 
[INFO] --- maven-jar-plugin:2.4:jar (default-jar) @ dbaccess ---
[INFO] Building jar: /home/travis/build/failed/igniterealtime/Openfire/src/plugins/dbaccess/target/dbaccess-1.2.0.jar
[INFO] 
[INFO] --- maven-assembly-plugin:2.6:single (make-assembly) @ dbaccess ---
[WARNING] The assembly descriptor contains a filesystem-root relative reference, which is not cross platform compatible /
[INFO] Building jar: /home/travis/build/failed/igniterealtime/Openfire/src/plugins/dbaccess/target/dbaccess.jar
[INFO] 
[INFO] ------------------------------------------------------------------------
[INFO] Building Email Listener Plugin 1.2.0
[INFO] ------------------------------------------------------------------------
[INFO] 
[INFO] --- maven-clean-plugin:2.5:clean (default-clean) @ emailListener ---
[INFO] Deleting /home/travis/build/failed/igniterealtime/Openfire/src/plugins/emailListener/target
[INFO] 
[INFO] --- maven-resources-plugin:2.6:resources (default-resources) @ emailListener ---
[INFO] Using 'UTF-8' encoding to copy filtered resources.
[INFO] skip non existing resourceDirectory /home/travis/build/failed/igniterealtime/Openfire/src/plugins/emailListener/src/main/resources
[INFO] 
[INFO] --- maven-compiler-plugin:3.3:compile (default-compile) @ emailListener ---
[INFO] Changes detected - recompiling the module!
[INFO] Compiling 2 source files to /home/travis/build/failed/igniterealtime/Openfire/src/plugins/emailListener/target/classes
[INFO] /home/travis/build/failed/igniterealtime/Openfire/src/plugins/emailListener/src/java/org/jivesoftware/openfire/plugin/emailListener/EmailListener.java: /home/travis/build/failed/igniterealtime/Openfire/src/plugins/emailListener/src/java/org/jivesoftware/openfire/plugin/emailListener/EmailListener.java uses or overrides a deprecated API.
[INFO] /home/travis/build/failed/igniterealtime/Openfire/src/plugins/emailListener/src/java/org/jivesoftware/openfire/plugin/emailListener/EmailListener.java: Recompile with -Xlint:deprecation for details.
[INFO] 
[INFO] --- maven-resources-plugin:2.6:testResources (default-testResources) @ emailListener ---
[INFO] Using 'UTF-8' encoding to copy filtered resources.
[INFO] skip non existing resourceDirectory /home/travis/build/failed/igniterealtime/Openfire/src/plugins/emailListener/src/test/resources
[INFO] 
[INFO] --- maven-compiler-plugin:3.3:testCompile (default-testCompile) @ emailListener ---
[INFO] No sources to compile
[INFO] 
[INFO] --- maven-surefire-plugin:2.12.4:test (default-test) @ emailListener ---
[INFO] No tests to run.
[INFO] 
[INFO] --- maven-jar-plugin:2.4:jar (default-jar) @ emailListener ---
[INFO] Building jar: /home/travis/build/failed/igniterealtime/Openfire/src/plugins/emailListener/target/emailListener-1.2.0.jar
[INFO] 
[INFO] --- maven-assembly-plugin:2.6:single (make-assembly) @ emailListener ---
[WARNING] The assembly descriptor contains a filesystem-root relative reference, which is not cross platform compatible /
[INFO] Building jar: /home/travis/build/failed/igniterealtime/Openfire/src/plugins/emailListener/target/emailListener.jar
[INFO] 
[INFO] ------------------------------------------------------------------------
[INFO] Building Email On Away Plugin 1.0.3
[INFO] ------------------------------------------------------------------------
[INFO] 
[INFO] --- maven-clean-plugin:2.5:clean (default-clean) @ emailOnAway ---
[INFO] Deleting /home/travis/build/failed/igniterealtime/Openfire/src/plugins/emailOnAway/target
[INFO] 
[INFO] --- maven-resources-plugin:2.6:resources (default-resources) @ emailOnAway ---
[INFO] Using 'UTF-8' encoding to copy filtered resources.
[INFO] skip non existing resourceDirectory /home/travis/build/failed/igniterealtime/Openfire/src/plugins/emailOnAway/src/main/resources
[INFO] 
[INFO] --- maven-compiler-plugin:3.3:compile (default-compile) @ emailOnAway ---
[INFO] Changes detected - recompiling the module!
[INFO] Compiling 1 source file to /home/travis/build/failed/igniterealtime/Openfire/src/plugins/emailOnAway/target/classes
[INFO] 
[INFO] --- maven-resources-plugin:2.6:testResources (default-testResources) @ emailOnAway ---
[INFO] Using 'UTF-8' encoding to copy filtered resources.
[INFO] skip non existing resourceDirectory /home/travis/build/failed/igniterealtime/Openfire/src/plugins/emailOnAway/src/test/resources
[INFO] 
[INFO] --- maven-compiler-plugin:3.3:testCompile (default-testCompile) @ emailOnAway ---
[INFO] No sources to compile
[INFO] 
[INFO] --- maven-surefire-plugin:2.12.4:test (default-test) @ emailOnAway ---
[INFO] No tests to run.
[INFO] 
[INFO] --- maven-jar-plugin:2.4:jar (default-jar) @ emailOnAway ---
[INFO] Building jar: /home/travis/build/failed/igniterealtime/Openfire/src/plugins/emailOnAway/target/emailOnAway-1.0.3.jar
[INFO] 
[INFO] --- maven-assembly-plugin:2.6:single (make-assembly) @ emailOnAway ---
[WARNING] The assembly descriptor contains a filesystem-root relative reference, which is not cross platform compatible /
[INFO] Building jar: /home/travis/build/failed/igniterealtime/Openfire/src/plugins/emailOnAway/target/emailOnAway.jar
[INFO] 
[INFO] ------------------------------------------------------------------------
[INFO] Building Fastpath Plugin 4.4.2
[INFO] ------------------------------------------------------------------------
[INFO] 
[INFO] --- maven-clean-plugin:2.5:clean (default-clean) @ fastpath ---
[INFO] Deleting /home/travis/build/failed/igniterealtime/Openfire/src/plugins/fastpath/target
[INFO] 
[INFO] --- maven-resources-plugin:2.6:resources (default-resources) @ fastpath ---
[INFO] Using 'UTF-8' encoding to copy filtered resources.
[INFO] skip non existing resourceDirectory /home/travis/build/failed/igniterealtime/Openfire/src/plugins/fastpath/src/main/resources
[INFO] 
[INFO] --- maven-compiler-plugin:3.3:compile (default-compile) @ fastpath ---
[INFO] Changes detected - recompiling the module!
[INFO] Compiling 124 source files to /home/travis/build/failed/igniterealtime/Openfire/src/plugins/fastpath/target/classes
[INFO] /home/travis/build/failed/igniterealtime/Openfire/src/plugins/fastpath/src/java/org/jivesoftware/openfire/fastpath/settings/chat/ChatSettingsCreator.java: Some input files use or override a deprecated API.
[INFO] /home/travis/build/failed/igniterealtime/Openfire/src/plugins/fastpath/src/java/org/jivesoftware/openfire/fastpath/settings/chat/ChatSettingsCreator.java: Recompile with -Xlint:deprecation for details.
[INFO] /home/travis/build/failed/igniterealtime/Openfire/src/plugins/fastpath/src/java/org/jivesoftware/xmpp/workgroup/WorkgroupManager.java: Some input files use unchecked or unsafe operations.
[INFO] /home/travis/build/failed/igniterealtime/Openfire/src/plugins/fastpath/src/java/org/jivesoftware/xmpp/workgroup/WorkgroupManager.java: Recompile with -Xlint:unchecked for details.
[INFO] 
[INFO] --- maven-resources-plugin:2.6:testResources (default-testResources) @ fastpath ---
[INFO] Using 'UTF-8' encoding to copy filtered resources.
[INFO] skip non existing resourceDirectory /home/travis/build/failed/igniterealtime/Openfire/src/plugins/fastpath/src/test/resources
[INFO] 
[INFO] --- maven-compiler-plugin:3.3:testCompile (default-testCompile) @ fastpath ---
[INFO] No sources to compile
[INFO] 
[INFO] --- maven-surefire-plugin:2.12.4:test (default-test) @ fastpath ---
[INFO] No tests to run.
[INFO] 
[INFO] --- maven-jar-plugin:2.4:jar (default-jar) @ fastpath ---
[INFO] Building jar: /home/travis/build/failed/igniterealtime/Openfire/src/plugins/fastpath/target/fastpath-4.4.2.jar
[INFO] 
[INFO] --- maven-assembly-plugin:2.6:single (make-assembly) @ fastpath ---
[WARNING] The assembly descriptor contains a filesystem-root relative reference, which is not cross platform compatible /
[INFO] Building jar: /home/travis/build/failed/igniterealtime/Openfire/src/plugins/fastpath/target/fastpath.jar
[INFO] 
[INFO] ------------------------------------------------------------------------
[INFO] Building Gojara Plugin 2.2.0
[INFO] ------------------------------------------------------------------------
[INFO] 
[INFO] --- maven-clean-plugin:2.5:clean (default-clean) @ gojara ---
[INFO] Deleting /home/travis/build/failed/igniterealtime/Openfire/src/plugins/gojara/target
[INFO] 
[INFO] --- maven-resources-plugin:2.6:resources (default-resources) @ gojara ---
[INFO] Using 'UTF-8' encoding to copy filtered resources.
[INFO] skip non existing resourceDirectory /home/travis/build/failed/igniterealtime/Openfire/src/plugins/gojara/src/main/resources
[INFO] 
[INFO] --- maven-compiler-plugin:3.3:compile (default-compile) @ gojara ---
[INFO] Changes detected - recompiling the module!
[INFO] Compiling 26 source files to /home/travis/build/failed/igniterealtime/Openfire/src/plugins/gojara/target/classes
[INFO] 
[INFO] --- maven-resources-plugin:2.6:testResources (default-testResources) @ gojara ---
[INFO] Using 'UTF-8' encoding to copy filtered resources.
[INFO] skip non existing resourceDirectory /home/travis/build/failed/igniterealtime/Openfire/src/plugins/gojara/src/test/resources
[INFO] 
[INFO] --- maven-compiler-plugin:3.3:testCompile (default-testCompile) @ gojara ---
[INFO] No sources to compile
[INFO] 
[INFO] --- maven-surefire-plugin:2.12.4:test (default-test) @ gojara ---
[INFO] No tests to run.
[INFO] 
[INFO] --- maven-jar-plugin:2.4:jar (default-jar) @ gojara ---
[INFO] Building jar: /home/travis/build/failed/igniterealtime/Openfire/src/plugins/gojara/target/gojara-2.2.0.jar
[INFO] 
[INFO] --- maven-assembly-plugin:2.6:single (make-assembly) @ gojara ---
[WARNING] The assembly descriptor contains a filesystem-root relative reference, which is not cross platform compatible /
[INFO] Building jar: /home/travis/build/failed/igniterealtime/Openfire/src/plugins/gojara/target/gojara.jar
[INFO] 
[INFO] ------------------------------------------------------------------------
[INFO] Building Hazelcast Plugin 2.2.3
[INFO] ------------------------------------------------------------------------
[INFO] 
[INFO] --- maven-clean-plugin:2.5:clean (default-clean) @ hazelcast ---
[INFO] Deleting /home/travis/build/failed/igniterealtime/Openfire/src/plugins/hazelcast/target
[INFO] 
[INFO] --- maven-resources-plugin:2.6:resources (default-resources) @ hazelcast ---
[INFO] Using 'UTF-8' encoding to copy filtered resources.
[INFO] skip non existing resourceDirectory /home/travis/build/failed/igniterealtime/Openfire/src/plugins/hazelcast/src/main/resources
[INFO] 
[INFO] --- maven-compiler-plugin:3.3:compile (default-compile) @ hazelcast ---
[INFO] Changes detected - recompiling the module!
[INFO] Compiling 27 source files to /home/travis/build/failed/igniterealtime/Openfire/src/plugins/hazelcast/target/classes
[INFO] /home/travis/build/failed/igniterealtime/Openfire/src/plugins/hazelcast/src/java/org/jivesoftware/openfire/plugin/session/ProcessPacketTask.java: Some input files use or override a deprecated API.
[INFO] /home/travis/build/failed/igniterealtime/Openfire/src/plugins/hazelcast/src/java/org/jivesoftware/openfire/plugin/session/ProcessPacketTask.java: Recompile with -Xlint:deprecation for details.
[INFO] /home/travis/build/failed/igniterealtime/Openfire/src/plugins/hazelcast/src/java/org/jivesoftware/openfire/plugin/util/cache/ClusteredCache.java: Some input files use unchecked or unsafe operations.
[INFO] /home/travis/build/failed/igniterealtime/Openfire/src/plugins/hazelcast/src/java/org/jivesoftware/openfire/plugin/util/cache/ClusteredCache.java: Recompile with -Xlint:unchecked for details.
[INFO] 
[INFO] --- maven-resources-plugin:2.6:testResources (default-testResources) @ hazelcast ---
[INFO] Using 'UTF-8' encoding to copy filtered resources.
[INFO] skip non existing resourceDirectory /home/travis/build/failed/igniterealtime/Openfire/src/plugins/hazelcast/src/test/resources
[INFO] 
[INFO] --- maven-compiler-plugin:3.3:testCompile (default-testCompile) @ hazelcast ---
[INFO] No sources to compile
[INFO] 
[INFO] --- maven-surefire-plugin:2.12.4:test (default-test) @ hazelcast ---
[INFO] No tests to run.
[INFO] 
[INFO] --- maven-jar-plugin:2.4:jar (default-jar) @ hazelcast ---
[INFO] Building jar: /home/travis/build/failed/igniterealtime/Openfire/src/plugins/hazelcast/target/hazelcast-2.2.3.jar
[INFO] 
[INFO] --- maven-assembly-plugin:2.6:single (make-assembly) @ hazelcast ---
[WARNING] The assembly descriptor contains a filesystem-root relative reference, which is not cross platform compatible /
[INFO] Building jar: /home/travis/build/failed/igniterealtime/Openfire/src/plugins/hazelcast/target/hazelcast.jar
[INFO] 
[INFO] ------------------------------------------------------------------------
[INFO] Building Inverse Webchat Plugin 3.2.1-release-1
[INFO] ------------------------------------------------------------------------
[INFO] 
[INFO] --- maven-clean-plugin:2.5:clean (default-clean) @ inverse ---
[INFO] Deleting /home/travis/build/failed/igniterealtime/Openfire/src/plugins/inverse/target
[INFO] 
[INFO] --- maven-resources-plugin:2.6:resources (default-resources) @ inverse ---
[INFO] Using 'UTF-8' encoding to copy filtered resources.
[INFO] skip non existing resourceDirectory /home/travis/build/failed/igniterealtime/Openfire/src/plugins/inverse/src/main/resources
[INFO] 
[INFO] --- maven-compiler-plugin:3.3:compile (default-compile) @ inverse ---
[INFO] Changes detected - recompiling the module!
[INFO] Compiling 3 source files to /home/travis/build/failed/igniterealtime/Openfire/src/plugins/inverse/target/classes
[INFO] 
[INFO] --- jetty-jspc-maven-plugin:9.2.14.v20151106:jspc (jspc) @ inverse ---
[INFO] Compiling inverse-config.jsp
[INFO] Includes=**/*.jsp, **/*.jspx
[INFO] Excludes=null
[INFO] Files selected to precompile: inverse-config.jsp
[INFO] 
[INFO] --- maven-resources-plugin:2.6:testResources (default-testResources) @ inverse ---
[INFO] Using 'UTF-8' encoding to copy filtered resources.
[INFO] skip non existing resourceDirectory /home/travis/build/failed/igniterealtime/Openfire/src/plugins/inverse/src/test/resources
[INFO] 
[INFO] --- maven-compiler-plugin:3.3:testCompile (default-testCompile) @ inverse ---
[INFO] No sources to compile
[INFO] 
[INFO] --- maven-surefire-plugin:2.12.4:test (default-test) @ inverse ---
[INFO] No tests to run.
[INFO] 
[INFO] --- maven-jar-plugin:2.4:jar (default-jar) @ inverse ---
[INFO] Building jar: /home/travis/build/failed/igniterealtime/Openfire/src/plugins/inverse/target/inverse-3.2.1-release-1.jar
[INFO] 
[INFO] --- maven-assembly-plugin:2.6:single (make-assembly) @ inverse ---
[WARNING] The assembly descriptor contains a filesystem-root relative reference, which is not cross platform compatible /
[INFO] Building jar: /home/travis/build/failed/igniterealtime/Openfire/src/plugins/inverse/target/inverse.jar
[INFO] 
[INFO] ------------------------------------------------------------------------
[INFO] Building JMXWeb Plugin 0.0.7
[INFO] ------------------------------------------------------------------------
[INFO] 
[INFO] --- maven-clean-plugin:2.5:clean (default-clean) @ jmxweb ---
[INFO] Deleting /home/travis/build/failed/igniterealtime/Openfire/src/plugins/jmxweb/target
[INFO] 
[INFO] --- maven-resources-plugin:2.6:resources (default-resources) @ jmxweb ---
[INFO] Using 'UTF-8' encoding to copy filtered resources.
[INFO] skip non existing resourceDirectory /home/travis/build/failed/igniterealtime/Openfire/src/plugins/jmxweb/src/main/resources
[INFO] 
[INFO] --- maven-compiler-plugin:3.3:compile (default-compile) @ jmxweb ---
[INFO] Changes detected - recompiling the module!
[INFO] Compiling 26 source files to /home/travis/build/failed/igniterealtime/Openfire/src/plugins/jmxweb/target/classes
[INFO] /home/travis/build/failed/igniterealtime/Openfire/src/plugins/jmxweb/src/java/com/javamonitor/openfire/mbeans/Openfire.java: Some input files use or override a deprecated API.
[INFO] /home/travis/build/failed/igniterealtime/Openfire/src/plugins/jmxweb/src/java/com/javamonitor/openfire/mbeans/Openfire.java: Recompile with -Xlint:deprecation for details.
[INFO] -------------------------------------------------------------
[ERROR] COMPILATION ERROR : 
[INFO] -------------------------------------------------------------
[ERROR] /home/travis/build/failed/igniterealtime/Openfire/src/plugins/jmxweb/src/java/com/javamonitor/openfire/mbeans/DatabasePool.java:[44,81] cannot find symbol
  symbol:   method getActiveConnections()
  location: variable defaultConnectionProvider of type org.jivesoftware.database.DefaultConnectionProvider
[ERROR] /home/travis/build/failed/igniterealtime/Openfire/src/plugins/jmxweb/src/java/com/javamonitor/openfire/mbeans/DatabasePool.java:[52,129] cannot find symbol
  symbol:   method getActiveConnections()
  location: variable defaultConnectionProvider of type org.jivesoftware.database.DefaultConnectionProvider
[ERROR] /home/travis/build/failed/igniterealtime/Openfire/src/plugins/jmxweb/src/java/com/javamonitor/openfire/mbeans/DatabasePool.java:[60,81] cannot find symbol
  symbol:   method getActiveConnections()
  location: variable defaultConnectionProvider of type org.jivesoftware.database.DefaultConnectionProvider
[ERROR] /home/travis/build/failed/igniterealtime/Openfire/src/plugins/jmxweb/src/java/com/javamonitor/openfire/mbeans/DatabasePool.java:[60,132] cannot find symbol
  symbol:   method getIdleConnections()
  location: variable defaultConnectionProvider of type org.jivesoftware.database.DefaultConnectionProvider
[ERROR] /home/travis/build/failed/igniterealtime/Openfire/src/plugins/jmxweb/src/java/com/javamonitor/openfire/mbeans/DatabasePool.java:[68,81] cannot find symbol
  symbol:   method getRefusedCount()
  location: variable defaultConnectionProvider of type org.jivesoftware.database.DefaultConnectionProvider
[ERROR] /home/travis/build/failed/igniterealtime/Openfire/src/plugins/jmxweb/src/java/com/javamonitor/openfire/mbeans/DatabasePool.java:[76,81] cannot find symbol
  symbol:   method getConnectionsServed()
  location: variable defaultConnectionProvider of type org.jivesoftware.database.DefaultConnectionProvider
[INFO] 6 errors 
[INFO] -------------------------------------------------------------
[INFO] ------------------------------------------------------------------------
[INFO] Reactor Summary:
[INFO] 
[INFO] Parent ............................................. SUCCESS [  7.452 s]
[INFO] Database Utilities ................................. SUCCESS [  8.817 s]
[INFO] Internationalization files for Openfire ............ SUCCESS [  0.873 s]
[INFO] Core XMPP Server ................................... SUCCESS [ 58.899 s]
[INFO] Starter for Openfire ............................... SUCCESS [  2.083 s]
[INFO] Openfire Plugins ................................... SUCCESS [  0.001 s]
[INFO] Openfire Plugin Assembly Descriptor ................ SUCCESS [  1.294 s]
[INFO] Bookmarks Plugin ................................... SUCCESS [  3.869 s]
[INFO] Broadcast Plugin ................................... SUCCESS [  0.947 s]
[INFO] Callback on Offline Plugin ......................... SUCCESS [  3.159 s]
[INFO] Candy Webchat Plugin ............................... SUCCESS [  9.366 s]
[INFO] Certificate Manager Plugin ......................... SUCCESS [  3.241 s]
[INFO] ClientControl Plugin ............................... SUCCESS [  4.949 s]
[INFO] ContentFilter Plugin ............................... SUCCESS [  3.113 s]
[INFO] DB Access Plugin ................................... SUCCESS [  0.280 s]
[INFO] Email Listener Plugin .............................. SUCCESS [  0.235 s]
[INFO] Email On Away Plugin ............................... SUCCESS [  0.196 s]
[INFO] Fastpath Plugin .................................... SUCCESS [  2.571 s]
[INFO] Gojara Plugin ...................................... SUCCESS [  1.087 s]
[INFO] Hazelcast Plugin ................................... SUCCESS [  1.518 s]
[INFO] Inverse Webchat Plugin ............................. SUCCESS [  0.921 s]
[INFO] JMXWeb Plugin ...................................... FAILURE [  0.672 s]
[INFO] JustMarried Plugin ................................. SKIPPED
[INFO] LoadStats Plugin ................................... SKIPPED
[INFO] Monitoring Plugin .................................. SKIPPED
[INFO] Message of the Day Plugin .......................... SKIPPED
[INFO] (deprecated) MUC Service Plugin .................... SKIPPED
[INFO] NodeJS Plugin ...................................... SKIPPED
[INFO] non-SASL Authentication Plugin ..................... SKIPPED
[INFO] PacketFilter Plugin ................................ SKIPPED
[INFO] Presence Plugin .................................... SKIPPED
[INFO] Registration Plugin ................................ SKIPPED
[INFO] Rest API Plugin .................................... SKIPPED
[INFO] Search Plugin ...................................... SKIPPED
[INFO] STUN Server Plugin ................................. SKIPPED
[INFO] Subscription Plugin ................................ SKIPPED
[INFO] TikiToken Plugin ................................... SKIPPED
[INFO] UserCreation Plugin ................................ SKIPPED
[INFO] UserImportExport Plugin ............................ SKIPPED
[INFO] (deprecated) UserService Plugin .................... SKIPPED
[INFO] XML Debugger Plugin ................................ SKIPPED
[INFO] Administration Interface Taglibs ................... SKIPPED
[INFO] Web-based Administration Interface ................. SKIPPED
[INFO] ------------------------------------------------------------------------
[INFO] BUILD FAILURE
[INFO] ------------------------------------------------------------------------
[INFO] Total time: 02:05 min
[INFO] Finished at: 2022-02-12T16:22:40Z
[INFO] Final Memory: 73M/969M
[INFO] ------------------------------------------------------------------------
[ERROR] Failed to execute goal org.apache.maven.plugins:maven-compiler-plugin:3.3:compile (default-compile) on project jmxweb: Compilation failure: Compilation failure: 
[ERROR] /home/travis/build/failed/igniterealtime/Openfire/src/plugins/jmxweb/src/java/com/javamonitor/openfire/mbeans/DatabasePool.java:[44,81] cannot find symbol
[ERROR]   symbol:   method getActiveConnections()
[ERROR]   location: variable defaultConnectionProvider of type org.jivesoftware.database.DefaultConnectionProvider
[ERROR] /home/travis/build/failed/igniterealtime/Openfire/src/plugins/jmxweb/src/java/com/javamonitor/openfire/mbeans/DatabasePool.java:[52,129] cannot find symbol
[ERROR]   symbol:   method getActiveConnections()
[ERROR]   location: variable defaultConnectionProvider of type org.jivesoftware.database.DefaultConnectionProvider
[ERROR] /home/travis/build/failed/igniterealtime/Openfire/src/plugins/jmxweb/src/java/com/javamonitor/openfire/mbeans/DatabasePool.java:[60,81] cannot find symbol
[ERROR]   symbol:   method getActiveConnections()
[ERROR]   location: variable defaultConnectionProvider of type org.jivesoftware.database.DefaultConnectionProvider
[ERROR] /home/travis/build/failed/igniterealtime/Openfire/src/plugins/jmxweb/src/java/com/javamonitor/openfire/mbeans/DatabasePool.java:[60,132] cannot find symbol
[ERROR]   symbol:   method getIdleConnections()
[ERROR]   location: variable defaultConnectionProvider of type org.jivesoftware.database.DefaultConnectionProvider
[ERROR] /home/travis/build/failed/igniterealtime/Openfire/src/plugins/jmxweb/src/java/com/javamonitor/openfire/mbeans/DatabasePool.java:[68,81] cannot find symbol
[ERROR]   symbol:   method getRefusedCount()
[ERROR]   location: variable defaultConnectionProvider of type org.jivesoftware.database.DefaultConnectionProvider
[ERROR] /home/travis/build/failed/igniterealtime/Openfire/src/plugins/jmxweb/src/java/com/javamonitor/openfire/mbeans/DatabasePool.java:[76,81] cannot find symbol
[ERROR]   symbol:   method getConnectionsServed()
[ERROR]   location: variable defaultConnectionProvider of type org.jivesoftware.database.DefaultConnectionProvider
[ERROR] -> [Help 1]
[ERROR] 
[ERROR] To see the full stack trace of the errors, re-run Maven with the -e switch.
[ERROR] Re-run Maven using the -X switch to enable full debug logging.
[ERROR] 
[ERROR] For more information about the errors and possible solutions, please read the following articles:
[ERROR] [Help 1] http://cwiki.apache.org/confluence/display/MAVEN/MojoFailureException
[ERROR] 
[ERROR] After correcting the problems, you can resume the build with the command
[ERROR]   mvn <goals> -rf :jmxweb

travis_time:end:09bede20:start=1644682834257841349,finish=1644682961631785646,duration=127373944297[0K
[31;1mThe command "$SCRIPT" exited with 1.[0m

Done. Your build exited with 1.
