travis_fold:start:system_info[0K[33;1mBuild system information[0m
Build language: java
Build group: stable
Build dist: trusty
Build id: ''
Job id: ''
[34m[1mBuild image provisioning date and time[0m
Tue Aug 29 02:50:02 UTC 2017
[34m[1mOperating System Details[0m
Distributor ID:	Ubuntu
Description:	Ubuntu 14.04.5 LTS
Release:	14.04
Codename:	trusty
[34m[1mCookbooks Version[0m
4642454 https://github.com/travis-ci/travis-cookbooks/tree/4642454
[34m[1mgit version[0m
git version 2.14.1
[34m[1mbash version[0m
GNU bash, version 4.3.11(1)-release (x86_64-pc-linux-gnu)
[34m[1mgcc version[0m
gcc (Ubuntu 4.8.4-2ubuntu1~14.04.3) 4.8.4
Copyright (C) 2013 Free Software Foundation, Inc.
This is free software; see the source for copying conditions.  There is NO
warranty; not even for MERCHANTABILITY or FITNESS FOR A PARTICULAR PURPOSE.

[34m[1mdocker version[0m
Client:
 Version:      17.03.1-ce
 API version:  1.27
 Go version:   go1.7.5
 Git commit:   c6d412e
 Built:        Mon Mar 27 16:58:30 2017
 OS/Arch:      linux/amd64
[34m[1mclang version[0m
clang version 3.9.0 (tags/RELEASE_390/final)
Target: x86_64-unknown-linux-gnu
Thread model: posix
InstalledDir: /usr/local/clang-3.9.0/bin
[34m[1mjq version[0m
jq-1.5
[34m[1mbats version[0m
Bats 0.4.0
[34m[1mshellcheck version[0m
0.4.6
[34m[1mshfmt version[0m
v1.3.1
[34m[1mccache version[0m
ccache version 3.1.9

Copyright (C) 2002-2007 Andrew Tridgell
Copyright (C) 2009-2011 Joel Rosdahl

This program is free software; you can redistribute it and/or modify it under
the terms of the GNU General Public License as published by the Free Software
Foundation; either version 3 of the License, or (at your option) any later
version.
[34m[1mcmake version[0m
cmake version 3.2.2

CMake suite maintained and supported by Kitware (kitware.com/cmake).
[34m[1mheroku version[0m
heroku-cli/6.13.19-6cd27b3 (linux-x64) node-v8.3.0
[34m[1mimagemagick version[0m
Version: ImageMagick 6.7.7-10 2017-07-31 Q16 http://www.imagemagick.org
[34m[1mmd5deep version[0m
4.2
[34m[1mmercurial version[0m
Mercurial Distributed SCM (version 4.2.2)
(see https://mercurial-scm.org for more information)

Copyright (C) 2005-2017 Matt Mackall and others
This is free software; see the source for copying conditions. There is NO
warranty; not even for MERCHANTABILITY or FITNESS FOR A PARTICULAR PURPOSE.
[34m[1mmysql version[0m
mysql  Ver 14.14 Distrib 5.6.33, for debian-linux-gnu (x86_64) using  EditLine wrapper
[34m[1mopenssl version[0m
OpenSSL 1.0.1f 6 Jan 2014
[34m[1mpacker version[0m
Packer v1.0.2

Your version of Packer is out of date! The latest version
is 1.0.4. You can update by downloading from www.packer.io
[34m[1mpostgresql client version[0m
psql (PostgreSQL) 9.6.4
[34m[1mragel version[0m
Ragel State Machine Compiler version 6.8 Feb 2013
Copyright (c) 2001-2009 by Adrian Thurston
[34m[1msubversion version[0m
svn, version 1.8.8 (r1568071)
   compiled Aug 10 2017, 17:20:39 on x86_64-pc-linux-gnu

Copyright (C) 2013 The Apache Software Foundation.
This software consists of contributions made by many people;
see the NOTICE file for more information.
Subversion is open source software, see http://subversion.apache.org/

The following repository access (RA) modules are available:

* ra_svn : Module for accessing a repository using the svn network protocol.
  - with Cyrus SASL authentication
  - handles 'svn' scheme
* ra_local : Module for accessing a repository on local disk.
  - handles 'file' scheme
* ra_serf : Module for accessing a repository via WebDAV protocol using serf.
  - using serf 1.3.3
  - handles 'http' scheme
  - handles 'https' scheme

[34m[1msudo version[0m
Sudo version 1.8.9p5
Configure options: --prefix=/usr -v --with-all-insults --with-pam --with-fqdn --with-logging=syslog --with-logfac=authpriv --with-env-editor --with-editor=/usr/bin/editor --with-timeout=15 --with-password-timeout=0 --with-passprompt=[sudo] password for %p:  --without-lecture --with-tty-tickets --disable-root-mailer --enable-admin-flag --with-sendmail=/usr/sbin/sendmail --with-timedir=/var/lib/sudo --mandir=/usr/share/man --libexecdir=/usr/lib/sudo --with-sssd --with-sssd-lib=/usr/lib/x86_64-linux-gnu --with-selinux
Sudoers policy plugin version 1.8.9p5
Sudoers file grammar version 43

Sudoers path: /etc/sudoers
Authentication methods: 'pam'
Syslog facility if syslog is being used for logging: authpriv
Syslog priority to use when user authenticates successfully: notice
Syslog priority to use when user authenticates unsuccessfully: alert
Send mail if the user is not in sudoers
Use a separate timestamp for each user/tty combo
Lecture user the first time they run sudo
Root may run sudo
Allow some information gathering to give useful error messages
Require fully-qualified hostnames in the sudoers file
Visudo will honor the EDITOR environment variable
Set the LOGNAME and USER environment variables
Length at which to wrap log file lines (0 for no wrap): 80
Authentication timestamp timeout: 15.0 minutes
Password prompt timeout: 0.0 minutes
Number of tries to enter a password: 3
Umask to use or 0777 to use user's: 022
Path to mail program: /usr/sbin/sendmail
Flags for mail program: -t
Address to send mail to: root
Subject line for mail messages: *** SECURITY information for %h ***
Incorrect password message: Sorry, try again.
Path to authentication timestamp dir: /var/lib/sudo
Default password prompt: [sudo] password for %p: 
Default user to run commands as: root
Value to override user's $PATH with: /usr/local/sbin:/usr/local/bin:/usr/sbin:/usr/bin:/sbin:/bin:/snap/bin
Path to the editor for use by visudo: /usr/bin/editor
When to require a password for 'list' pseudocommand: any
When to require a password for 'verify' pseudocommand: all
File descriptors >= 3 will be closed before executing a command
Environment variables to check for sanity:
	TZ
	TERM
	LINGUAS
	LC_*
	LANGUAGE
	LANG
	COLORTERM
Environment variables to remove:
	RUBYOPT
	RUBYLIB
	PYTHONUSERBASE
	PYTHONINSPECT
	PYTHONPATH
	PYTHONHOME
	TMPPREFIX
	ZDOTDIR
	READNULLCMD
	NULLCMD
	FPATH
	PERL5DB
	PERL5OPT
	PERL5LIB
	PERLLIB
	PERLIO_DEBUG 
	JAVA_TOOL_OPTIONS
	SHELLOPTS
	GLOBIGNORE
	PS4
	BASH_ENV
	ENV
	TERMCAP
	TERMPATH
	TERMINFO_DIRS
	TERMINFO
	_RLD*
	LD_*
	PATH_LOCALE
	NLSPATH
	HOSTALIASES
	RES_OPTIONS
	LOCALDOMAIN
	CDPATH
	IFS
Environment variables to preserve:
	JAVA_HOME
	TRAVIS
	CI
	DEBIAN_FRONTEND
	XAUTHORIZATION
	XAUTHORITY
	PS2
	PS1
	PATH
	LS_COLORS
	KRB5CCNAME
	HOSTNAME
	HOME
	DISPLAY
	COLORS
Locale to use while parsing sudoers: C
Directory in which to store input/output logs: /var/log/sudo-io
File in which to store the input/output log: %{seq}
Add an entry to the utmp/utmpx file when allocating a pty
PAM service name to use
PAM service name to use for login shells
Create a new PAM session for the command to run in
Maximum I/O log sequence number: 0

Local IP address and netmask pairs:
	172.17.0.2/255.255.0.0

Sudoers I/O plugin version 1.8.9p5
[34m[1mgzip version[0m
gzip 1.6
Copyright (C) 2007, 2010, 2011 Free Software Foundation, Inc.
Copyright (C) 1993 Jean-loup Gailly.
This is free software.  You may redistribute copies of it under the terms of
the GNU General Public License <http://www.gnu.org/licenses/gpl.html>.
There is NO WARRANTY, to the extent permitted by law.

Written by Jean-loup Gailly.
[34m[1mzip version[0m
Copyright (c) 1990-2008 Info-ZIP - Type 'zip "-L"' for software license.
This is Zip 3.0 (July 5th 2008), by Info-ZIP.
Currently maintained by E. Gordon.  Please send bug reports to
the authors using the web page at www.info-zip.org; see README for details.

Latest sources and executables are at ftp://ftp.info-zip.org/pub/infozip,
as of above date; see http://www.info-zip.org/ for other sites.

Compiled with gcc 4.8.2 for Unix (Linux ELF) on Oct 21 2013.

Zip special compilation options:
	USE_EF_UT_TIME       (store Universal Time)
	BZIP2_SUPPORT        (bzip2 library version 1.0.6, 6-Sept-2010)
	    bzip2 code and library copyright (c) Julian R Seward
	    (See the bzip2 license for terms of use)
	SYMLINK_SUPPORT      (symbolic links supported)
	LARGE_FILE_SUPPORT   (can read and write large files on file system)
	ZIP64_SUPPORT        (use Zip64 to store large files in archives)
	UNICODE_SUPPORT      (store and read UTF-8 Unicode paths)
	STORE_UNIX_UIDs_GIDs (store UID/GID sizes/values using new extra field)
	UIDGID_NOT_16BIT     (old Unix 16-bit UID/GID extra field not used)
	[encryption, version 2.91 of 05 Jan 2007] (modified for Zip 3)

Encryption notice:
	The encryption code of this program is not copyrighted and is
	put in the public domain.  It was originally written in Europe
	and, to the best of our knowledge, can be freely distributed
	in both source and object forms from any country, including
	the USA under License Exception TSU of the U.S. Export
	Administration Regulations (section 740.13(e)) of 6 June 2002.

Zip environment options:
             ZIP:  [none]
          ZIPOPT:  [none]
[34m[1mvim version[0m
VIM - Vi IMproved 7.4 (2013 Aug 10, compiled Nov 24 2016 16:43:18)
Included patches: 1-52
Extra patches: 8.0.0056
Modified by pkg-vim-maintainers@lists.alioth.debian.org
Compiled by buildd@
Huge version without GUI.  Features included (+) or not (-):
+acl             +farsi           +mouse_netterm   +syntax
+arabic          +file_in_path    +mouse_sgr       +tag_binary
+autocmd         +find_in_path    -mouse_sysmouse  +tag_old_static
-balloon_eval    +float           +mouse_urxvt     -tag_any_white
-browse          +folding         +mouse_xterm     -tcl
++builtin_terms  -footer          +multi_byte      +terminfo
+byte_offset     +fork()          +multi_lang      +termresponse
+cindent         +gettext         -mzscheme        +textobjects
-clientserver    -hangul_input    +netbeans_intg   +title
-clipboard       +iconv           +path_extra      -toolbar
+cmdline_compl   +insert_expand   -perl            +user_commands
+cmdline_hist    +jumplist        +persistent_undo +vertsplit
+cmdline_info    +keymap          +postscript      +virtualedit
+comments        +langmap         +printer         +visual
+conceal         +libcall         +profile         +visualextra
+cryptv          +linebreak       +python          +viminfo
+cscope          +lispindent      -python3         +vreplace
+cursorbind      +listcmds        +quickfix        +wildignore
+cursorshape     +localmap        +reltime         +wildmenu
+dialog_con      -lua             +rightleft       +windows
+diff            +menu            -ruby            +writebackup
+digraphs        +mksession       +scrollbind      -X11
-dnd             +modify_fname    +signs           -xfontset
-ebcdic          +mouse           +smartindent     -xim
+emacs_tags      -mouseshape      -sniff           -xsmp
+eval            +mouse_dec       +startuptime     -xterm_clipboard
+ex_extra        +mouse_gpm       +statusline      -xterm_save
+extra_search    -mouse_jsbterm   -sun_workshop    -xpm
   system vimrc file: "$VIM/vimrc"
     user vimrc file: "$HOME/.vimrc"
 2nd user vimrc file: "~/.vim/vimrc"
      user exrc file: "$HOME/.exrc"
  fall-back for $VIM: "/usr/share/vim"
Compilation: gcc -c -I. -Iproto -DHAVE_CONFIG_H     -g -O2 -fstack-protector --param=ssp-buffer-size=4 -Wformat -Werror=format-security -U_FORTIFY_SOURCE -D_FORTIFY_SOURCE=1      
Linking: gcc   -Wl,-Bsymbolic-functions -Wl,-z,relro -Wl,--as-needed -o vim        -lm -ltinfo -lnsl  -lselinux  -lacl -lattr -lgpm -ldl    -L/usr/lib/python2.7/config-x86_64-linux-gnu -lpython2.7 -lpthread -ldl -lutil -lm -Xlinker -export-dynamic -Wl,-O1 -Wl,-Bsymbolic-functions      
[34m[1miptables version[0m
iptables v1.4.21
[34m[1mcurl version[0m
curl 7.35.0 (x86_64-pc-linux-gnu) libcurl/7.35.0 OpenSSL/1.0.1f zlib/1.2.8 libidn/1.28 librtmp/2.3
[34m[1mwget version[0m
GNU Wget 1.15 built on linux-gnu.
[34m[1mrsync version[0m
rsync  version 3.1.0  protocol version 31
[34m[1mgimme version[0m
v1.2.0
[34m[1mnvm version[0m
0.33.2
[34m[1mperlbrew version[0m
/home/travis/perl5/perlbrew/bin/perlbrew  - App::perlbrew/0.80
[34m[1mphpenv version[0m
rbenv 1.1.1-4-g4ebd1bd
[34m[1mrvm version[0m
rvm 1.29.2 (latest) by Michal Papis, Piotr Kuczynski, Wayne E. Seguin [https://rvm.io/]
[34m[1mdefault ruby version[0m
ruby 2.4.1p111 (2017-03-22 revision 58053) [x86_64-linux]
[34m[1mCouchDB version[0m
couchdb 1.6.1
[34m[1mElasticSearch version[0m
5.5.0
[34m[1mInstalled Firefox version[0m
firefox 55.0.2
[34m[1mMongoDB version[0m
MongoDB 3.2.16
[34m[1mPre-installed PostgreSQL versions[0m
9.2.22
9.3.18
9.4.13
9.5.8
9.6.4
[34m[1mRabbitMQ Version[0m
3.6.11
[34m[1mRedis version[0m
redis-server 4.0.1
[34m[1mriak version[0m
2.2.3
[34m[1mPre-installed Go versions[0m
1.7.4
[34m[1mant version[0m
Apache Ant(TM) version 1.9.3 compiled on April 8 2014
[34m[1mmvn version[0m
Apache Maven 3.5.0 (ff8f5e7444045639af65f6095c62210b5713f426; 2017-04-03T19:39:06Z)
Maven home: /usr/local/maven-3.5.0
Java version: 1.8.0_144, vendor: Oracle Corporation
Java home: /usr/lib/jvm/java-8-oracle/jre
Default locale: en_US, platform encoding: UTF-8
OS name: "linux", version: "4.4.0-92-generic", arch: "amd64", family: "unix"
[34m[1mgradle version[0m

------------------------------------------------------------
Gradle 4.0.1
------------------------------------------------------------

Build time:   2017-07-07 14:02:41 UTC
Revision:     38e5dc0f772daecca1d2681885d3d85414eb6826

Groovy:       2.4.11
Ant:          Apache Ant(TM) version 1.9.6 compiled on June 29 2015
JVM:          1.8.0_144 (Oracle Corporation 25.144-b01)
OS:           Linux 4.4.0-92-generic amd64

[34m[1mlein version[0m
WARNING: You're currently running as root; probably by accident.
Press control-C to abort or Enter to continue as root.
Set LEIN_ROOT to disable this warning.
Leiningen 2.7.1 on Java 1.8.0_144 Java HotSpot(TM) 64-Bit Server VM
[34m[1mPre-installed Node.js versions[0m
v4.8.4
v6.11.2
v6.9.4
v7.4.0
v8.4
[34m[1mphpenv versions[0m
  system
  5.6
* 5.6.31 (set by /home/travis/.phpenv/version)
  7.0
  7.0.22
  hhvm
  hhvm-stable
[34m[1mcomposer --version[0m
Composer version 1.4.2 2017-05-17 08:17:52
[34m[1mPre-installed Ruby versions[0m
ruby-2.2.7
ruby-2.3.4
ruby-2.4.1
travis_fold:end:system_info[0K
grep: /etc/apt/sources.list.d/*: No such file or directory
sed: cannot rename /etc/hosts: Device or resource busy
sed: cannot rename /etc/hosts: Device or resource busy
$ jdk_switcher use oraclejdk8
Switching to Oracle JDK8 (java-8-oracle), JAVA_HOME will be set to /usr/lib/jvm/java-8-oracle
$ cd failed/igniterealtime/Openfire

[33;1mSetting environment variables from .travis.yml[0m
$ export ANT_OPTS='-Xmx1G'
$ export SCRIPT="mvn clean verify" -Dhttps.protocols=TLSv1.2
/usr/local/bin/run_failed.sh: line 63: export: `-Dhttps.protocols=TLSv1.2': not a valid identifier

$ java -Xmx32m -version
Picked up _JAVA_OPTIONS: -Xmx2048m -Xms512m
java version "1.8.0_144"
Java(TM) SE Runtime Environment (build 1.8.0_144-b01)
Java HotSpot(TM) 64-Bit Server VM (build 25.144-b01, mixed mode)
$ javac -J-Xmx32m -version
Picked up _JAVA_OPTIONS: -Xmx2048m -Xms512m
javac 1.8.0_144
travis_fold:start:install[0Ktravis_time:start:0ba451b0[0K$ true

travis_time:end:0ba451b0:start=1644683014108619698,finish=1644683014117482176,duration=8862478[0Ktravis_fold:end:install[0Ktravis_time:start:0139cfaa[0K$ $SCRIPT
Picked up _JAVA_OPTIONS: -Xmx2048m -Xms512m
[[1;34mINFO[m] Scanning for projects...
[[1;33mWARNING[m] 
[[1;33mWARNING[m] Some problems were encountered while building the effective model for org.igniterealtime.openfire:xmppserver:jar:4.2.0-SNAPSHOT
[[1;33mWARNING[m] 'dependencies.dependency.(groupId:artifactId:type:classifier)' must be unique: org.apache.commons:commons-pool2:jar -> version 2.3 vs 2.4.2 @ org.igniterealtime.openfire:xmppserver:[unknown-version], /home/travis/build/failed/igniterealtime/Openfire/xmppserver/pom.xml, line 308, column 21
[[1;33mWARNING[m] 
[[1;33mWARNING[m] Some problems were encountered while building the effective model for org.igniterealtime.openfire:starter:jar:4.2.0-SNAPSHOT
[[1;33mWARNING[m] 'dependencies.dependency.systemPath' for install4j:install4j:jar should not point at files within the project directory, ${project.basedir}/../build/lib/i4jruntime.jar will be unresolvable by dependent projects @ org.igniterealtime.openfire:starter:[unknown-version], /home/travis/build/failed/igniterealtime/Openfire/starter/pom.xml, line 94, column 25
[[1;33mWARNING[m] 
[[1;33mWARNING[m] It is highly recommended to fix these problems because they threaten the stability of your build.
[[1;33mWARNING[m] 
[[1;33mWARNING[m] For this reason, future Maven versions might no longer support building such malformed projects.
[[1;33mWARNING[m] 
[[1;34mINFO[m] [1m------------------------------------------------------------------------[m
[[1;34mINFO[m] [1mReactor Build Order:[m
[[1;34mINFO[m] 
[[1;34mINFO[m] Parent
[[1;34mINFO[m] Database Utilities
[[1;34mINFO[m] Internationalization files for Openfire
[[1;34mINFO[m] Core XMPP Server
[[1;34mINFO[m] Starter for Openfire
[[1;34mINFO[m] Openfire Plugins
[[1;34mINFO[m] Openfire Plugin Assembly Descriptor
[[1;34mINFO[m] Bookmarks Plugin
[[1;34mINFO[m] Broadcast Plugin
[[1;34mINFO[m] Callback on Offline Plugin
[[1;34mINFO[m] Administration Interface Taglibs
[[1;34mINFO[m] Candy Webchat Plugin
[[1;34mINFO[m] ClientControl Plugin
[[1;34mINFO[m] ContentFilter Plugin
[[1;34mINFO[m] DB Access Plugin
[[1;34mINFO[m] Email Listener Plugin
[[1;34mINFO[m] Email On Away Plugin
[[1;34mINFO[m] Fastpath Plugin
[[1;34mINFO[m] Gojara Plugin
[[1;34mINFO[m] Hazelcast Plugin
[[1;34mINFO[m] Inverse Webchat Plugin
[[1;34mINFO[m] JMXWeb Plugin
[[1;34mINFO[m] JustMarried Plugin
[[1;34mINFO[m] LoadStats Plugin
[[1;34mINFO[m] Monitoring Plugin
[[1;34mINFO[m] Message of the Day Plugin
[[1;34mINFO[m] (deprecated) MUC Service Plugin
[[1;34mINFO[m] NodeJS Plugin
[[1;34mINFO[m] non-SASL Authentication Plugin
[[1;34mINFO[m] PacketFilter Plugin
[[1;34mINFO[m] Presence Plugin
[[1;34mINFO[m] Registration Plugin
[[1;34mINFO[m] Rest API Plugin
[[1;34mINFO[m] Search Plugin
[[1;34mINFO[m] STUN Server Plugin
[[1;34mINFO[m] Subscription Plugin
[[1;34mINFO[m] TikiToken Plugin
[[1;34mINFO[m] UserCreation Plugin
[[1;34mINFO[m] UserImportExport Plugin
[[1;34mINFO[m] (deprecated) UserService Plugin
[[1;34mINFO[m] XML Debugger Plugin
[[1;34mINFO[m] Web-based Administration Interface
[[1;34mINFO[m] 
[[1;34mINFO[m] [1m------------------------------------------------------------------------[m
[[1;34mINFO[m] [1mBuilding Parent 4.2.0-SNAPSHOT[m
[[1;34mINFO[m] [1m------------------------------------------------------------------------[m
[[1;34mINFO[m] 
[[1;34mINFO[m] [1m--- [0;32mmaven-clean-plugin:2.5:clean[m [1m(default-clean)[m @ [36mparent[0;1m ---[m
[[1;34mINFO[m] Deleting /home/travis/build/failed/igniterealtime/Openfire/target
[[1;34mINFO[m] 
[[1;34mINFO[m] [1m--- [0;32mmaven-resources-plugin:2.7:copy-resources[m [1m(Copy directories)[m @ [36mparent[0;1m ---[m
[[1;34mINFO[m] Using 'UTF-8' encoding to copy filtered resources.
[[1;34mINFO[m] Copying 3 resources to conf
[[1;34mINFO[m] Copying 12 resources to bin
[[1;34mINFO[m] Copying 1 resource to lib
[[1;34mINFO[m] Copying 2 resources to resources/spank
[[1;34mINFO[m] Copying 3 resources to resources/nativeAuth
[[1;34mINFO[m] Copying 180 resources to resources/database
[[1;34mINFO[m] Copying 3 resources to resources/security
[[1;34mINFO[m] Copying 27 resources to documentation
[[1;34mINFO[m] Copying 3 resources
[[1;34mINFO[m] 
[[1;34mINFO[m] [1m------------------------------------------------------------------------[m
[[1;34mINFO[m] [1mBuilding Database Utilities 4.2.0-SNAPSHOT[m
[[1;34mINFO[m] [1m------------------------------------------------------------------------[m
[[1;34mINFO[m] 
[[1;34mINFO[m] [1m--- [0;32mmaven-clean-plugin:2.5:clean[m [1m(default-clean)[m @ [36mdbutil[0;1m ---[m
[[1;34mINFO[m] Deleting /home/travis/build/failed/igniterealtime/Openfire/dbutil/target
[[1;34mINFO[m] 
[[1;34mINFO[m] [1m--- [0;32mmaven-resources-plugin:2.7:resources[m [1m(default-resources)[m @ [36mdbutil[0;1m ---[m
[[1;34mINFO[m] Using 'UTF-8' encoding to copy filtered resources.
[[1;34mINFO[m] skip non existing resourceDirectory /home/travis/build/failed/igniterealtime/Openfire/dbutil/src/main/resources
[[1;34mINFO[m] 
[[1;34mINFO[m] [1m--- [0;32mmaven-compiler-plugin:3.3:compile[m [1m(default-compile)[m @ [36mdbutil[0;1m ---[m
[[1;34mINFO[m] Changes detected - recompiling the module!
[[1;34mINFO[m] Compiling 6 source files to /home/travis/build/failed/igniterealtime/Openfire/dbutil/target/classes
[[1;34mINFO[m] 
[[1;34mINFO[m] [1m--- [0;32mmaven-resources-plugin:2.7:testResources[m [1m(default-testResources)[m @ [36mdbutil[0;1m ---[m
[[1;34mINFO[m] Using 'UTF-8' encoding to copy filtered resources.
[[1;34mINFO[m] skip non existing resourceDirectory /home/travis/build/failed/igniterealtime/Openfire/dbutil/src/test/resources
[[1;34mINFO[m] 
[[1;34mINFO[m] [1m--- [0;32mmaven-compiler-plugin:3.3:testCompile[m [1m(default-testCompile)[m @ [36mdbutil[0;1m ---[m
[[1;34mINFO[m] No sources to compile
[[1;34mINFO[m] 
[[1;34mINFO[m] [1m--- [0;32mmaven-surefire-plugin:2.12.4:test[m [1m(default-test)[m @ [36mdbutil[0;1m ---[m
[[1;34mINFO[m] No tests to run.
[[1;34mINFO[m] 
[[1;34mINFO[m] [1m--- [0;32mmaven-jar-plugin:2.6:jar[m [1m(default-jar)[m @ [36mdbutil[0;1m ---[m
[[1;34mINFO[m] Building jar: /home/travis/build/failed/igniterealtime/Openfire/dbutil/target/dbutil-4.2.0-SNAPSHOT.jar
[[1;34mINFO[m] 
[[1;34mINFO[m] [1m------------------------------------------------------------------------[m
[[1;34mINFO[m] [1mBuilding Internationalization files for Openfire 4.2.0-SNAPSHOT[m
[[1;34mINFO[m] [1m------------------------------------------------------------------------[m
[[1;34mINFO[m] 
[[1;34mINFO[m] [1m--- [0;32mmaven-clean-plugin:2.5:clean[m [1m(default-clean)[m @ [36mi18n[0;1m ---[m
[[1;34mINFO[m] Deleting /home/travis/build/failed/igniterealtime/Openfire/i18n/target
[[1;34mINFO[m] 
[[1;34mINFO[m] [1m--- [0;32mmaven-resources-plugin:2.7:resources[m [1m(default-resources)[m @ [36mi18n[0;1m ---[m
[[1;34mINFO[m] Using 'UTF-8' encoding to copy filtered resources.
[[1;34mINFO[m] Copying 13 resources
[[1;34mINFO[m] 
[[1;34mINFO[m] [1m--- [0;32mmaven-compiler-plugin:3.3:compile[m [1m(default-compile)[m @ [36mi18n[0;1m ---[m
[[1;34mINFO[m] No sources to compile
[[1;34mINFO[m] 
[[1;34mINFO[m] [1m--- [0;32mmaven-resources-plugin:2.7:testResources[m [1m(default-testResources)[m @ [36mi18n[0;1m ---[m
[[1;34mINFO[m] Using 'UTF-8' encoding to copy filtered resources.
[[1;34mINFO[m] skip non existing resourceDirectory /home/travis/build/failed/igniterealtime/Openfire/i18n/src/test/resources
[[1;34mINFO[m] 
[[1;34mINFO[m] [1m--- [0;32mmaven-compiler-plugin:3.3:testCompile[m [1m(default-testCompile)[m @ [36mi18n[0;1m ---[m
[[1;34mINFO[m] No sources to compile
[[1;34mINFO[m] 
[[1;34mINFO[m] [1m--- [0;32mmaven-surefire-plugin:2.12.4:test[m [1m(default-test)[m @ [36mi18n[0;1m ---[m
[[1;34mINFO[m] No tests to run.
[[1;34mINFO[m] 
[[1;34mINFO[m] [1m--- [0;32mmaven-jar-plugin:2.6:jar[m [1m(default-jar)[m @ [36mi18n[0;1m ---[m
[[1;34mINFO[m] Building jar: /home/travis/build/failed/igniterealtime/Openfire/i18n/target/i18n-4.2.0-SNAPSHOT.jar
[[1;34mINFO[m] 
[[1;34mINFO[m] [1m------------------------------------------------------------------------[m
[[1;34mINFO[m] [1mBuilding Core XMPP Server 4.2.0-SNAPSHOT[m
[[1;34mINFO[m] [1m------------------------------------------------------------------------[m
[[1;34mINFO[m] 
[[1;34mINFO[m] [1m--- [0;32mmaven-clean-plugin:2.5:clean[m [1m(default-clean)[m @ [36mxmppserver[0;1m ---[m
[[1;34mINFO[m] Deleting /home/travis/build/failed/igniterealtime/Openfire/xmppserver/target
[[1;34mINFO[m] 
[[1;34mINFO[m] [1m--- [0;32mmaven-resources-plugin:2.7:resources[m [1m(default-resources)[m @ [36mxmppserver[0;1m ---[m
[[1;34mINFO[m] Using 'UTF-8' encoding to copy filtered resources.
[[1;34mINFO[m] Copying 2 resources
[[1;34mINFO[m] 
[[1;34mINFO[m] [1m--- [0;32mmaven-compiler-plugin:3.3:compile[m [1m(default-compile)[m @ [36mxmppserver[0;1m ---[m
[[1;34mINFO[m] Changes detected - recompiling the module!
[[1;34mINFO[m] Compiling 676 source files to /home/travis/build/failed/igniterealtime/Openfire/xmppserver/target/classes
[[1;33mWARNING[m] /home/travis/build/failed/igniterealtime/Openfire/src/java/org/jivesoftware/openfire/ldap/LdapManager.java:[19,25] com.sun.jndi.ldap.LdapCtxFactory is internal proprietary API and may be removed in a future release
[[1;33mWARNING[m] /home/travis/build/failed/igniterealtime/Openfire/src/java/org/jivesoftware/openfire/ldap/LdapManager.java:[103,64] com.sun.jndi.ldap.LdapCtxFactory is internal proprietary API and may be removed in a future release
[[1;34mINFO[m] /home/travis/build/failed/igniterealtime/Openfire/src/java/org/jivesoftware/openfire/session/LocalSession.java: Some input files use or override a deprecated API.
[[1;34mINFO[m] /home/travis/build/failed/igniterealtime/Openfire/src/java/org/jivesoftware/openfire/session/LocalSession.java: Recompile with -Xlint:deprecation for details.
[[1;34mINFO[m] /home/travis/build/failed/igniterealtime/Openfire/src/java/org/jivesoftware/openfire/XMPPServer.java: Some input files use unchecked or unsafe operations.
[[1;34mINFO[m] /home/travis/build/failed/igniterealtime/Openfire/src/java/org/jivesoftware/openfire/XMPPServer.java: Recompile with -Xlint:unchecked for details.
[[1;34mINFO[m] 
[[1;34mINFO[m] [1m--- [0;32mmaven-resources-plugin:2.7:testResources[m [1m(default-testResources)[m @ [36mxmppserver[0;1m ---[m
[[1;34mINFO[m] Using 'UTF-8' encoding to copy filtered resources.
[[1;34mINFO[m] Copying 7 resources
[[1;34mINFO[m] 
[[1;34mINFO[m] [1m--- [0;32mmaven-compiler-plugin:3.3:testCompile[m [1m(default-testCompile)[m @ [36mxmppserver[0;1m ---[m
[[1;34mINFO[m] Changes detected - recompiling the module!
[[1;34mINFO[m] Compiling 31 source files to /home/travis/build/failed/igniterealtime/Openfire/xmppserver/target/test-classes
[[1;34mINFO[m] /home/travis/build/failed/igniterealtime/Openfire/src/test/java/org/jivesoftware/openfire/muc/spi/MucPrivilegesTest.java: Some input files use or override a deprecated API.
[[1;34mINFO[m] /home/travis/build/failed/igniterealtime/Openfire/src/test/java/org/jivesoftware/openfire/muc/spi/MucPrivilegesTest.java: Recompile with -Xlint:deprecation for details.
[[1;34mINFO[m] /home/travis/build/failed/igniterealtime/Openfire/src/test/java/org/jivesoftware/util/AdminConsoleTest.java: /home/travis/build/failed/igniterealtime/Openfire/src/test/java/org/jivesoftware/util/AdminConsoleTest.java uses unchecked or unsafe operations.
[[1;34mINFO[m] /home/travis/build/failed/igniterealtime/Openfire/src/test/java/org/jivesoftware/util/AdminConsoleTest.java: Recompile with -Xlint:unchecked for details.
[[1;34mINFO[m] 
[[1;34mINFO[m] [1m--- [0;32mmaven-surefire-plugin:2.12.4:test[m [1m(default-test)[m @ [36mxmppserver[0;1m ---[m
[[1;34mINFO[m] Surefire report directory: /home/travis/build/failed/igniterealtime/Openfire/xmppserver/target/surefire-reports

-------------------------------------------------------
 T E S T S
-------------------------------------------------------
Picked up _JAVA_OPTIONS: -Xmx2048m -Xms512m
Running org.jivesoftware.admin.AuthCheckFilterTest
Critical Error! The home directory has not been configured, 
which will prevent the application from working correctly.


2022.02.12 16:24:26 The user 'test-normal-user' is not an Openfire administrator.
2022.02.12 16:24:26 Error loading ServletRequestAuthenticator: this-is-not-a-class-name
java.lang.ClassNotFoundException: this-is-not-a-class-name
	at java.net.URLClassLoader.findClass(URLClassLoader.java:381)
	at java.lang.ClassLoader.loadClass(ClassLoader.java:424)
	at sun.misc.Launcher$AppClassLoader.loadClass(Launcher.java:335)
	at java.lang.ClassLoader.loadClass(ClassLoader.java:357)
	at org.jivesoftware.util.ClassUtils.loadClass(ClassUtils.java:73)
	at org.jivesoftware.util.ClassUtils.forName(ClassUtils.java:45)
	at org.jivesoftware.admin.AuthCheckFilter.<init>(AuthCheckFilter.java:74)
	at org.jivesoftware.admin.AuthCheckFilterTest.willRedirectARequestWithABrokenServletRequestAuthenticator(AuthCheckFilterTest.java:102)
	at sun.reflect.NativeMethodAccessorImpl.invoke0(Native Method)
	at sun.reflect.NativeMethodAccessorImpl.invoke(NativeMethodAccessorImpl.java:62)
	at sun.reflect.DelegatingMethodAccessorImpl.invoke(DelegatingMethodAccessorImpl.java:43)
	at java.lang.reflect.Method.invoke(Method.java:498)
	at org.junit.runners.model.FrameworkMethod$1.runReflectiveCall(FrameworkMethod.java:47)
	at org.junit.internal.runners.model.ReflectiveCallable.run(ReflectiveCallable.java:12)
	at org.junit.runners.model.FrameworkMethod.invokeExplosively(FrameworkMethod.java:44)
	at org.junit.internal.runners.statements.InvokeMethod.evaluate(InvokeMethod.java:17)
	at org.junit.internal.runners.statements.RunBefores.evaluate(RunBefores.java:26)
	at org.junit.runners.ParentRunner.runLeaf(ParentRunner.java:271)
	at org.junit.runners.BlockJUnit4ClassRunner.runChild(BlockJUnit4ClassRunner.java:70)
	at org.junit.runners.BlockJUnit4ClassRunner.runChild(BlockJUnit4ClassRunner.java:50)
	at org.junit.runners.ParentRunner$3.run(ParentRunner.java:238)
	at org.junit.runners.ParentRunner$1.schedule(ParentRunner.java:63)
	at org.junit.runners.ParentRunner.runChildren(ParentRunner.java:236)
	at org.junit.runners.ParentRunner.access$000(ParentRunner.java:53)
	at org.junit.runners.ParentRunner$2.evaluate(ParentRunner.java:229)
	at org.junit.runners.ParentRunner.run(ParentRunner.java:309)
	at org.mockito.internal.runners.DefaultInternalRunner$1.run(DefaultInternalRunner.java:78)
	at org.mockito.internal.runners.DefaultInternalRunner.run(DefaultInternalRunner.java:84)
	at org.mockito.internal.runners.StrictRunner.run(StrictRunner.java:39)
	at org.mockito.junit.MockitoJUnitRunner.run(MockitoJUnitRunner.java:161)
	at org.apache.maven.surefire.junit4.JUnit4Provider.execute(JUnit4Provider.java:252)
	at org.apache.maven.surefire.junit4.JUnit4Provider.executeTestSet(JUnit4Provider.java:141)
	at org.apache.maven.surefire.junit4.JUnit4Provider.invoke(JUnit4Provider.java:112)
	at sun.reflect.NativeMethodAccessorImpl.invoke0(Native Method)
	at sun.reflect.NativeMethodAccessorImpl.invoke(NativeMethodAccessorImpl.java:62)
	at sun.reflect.DelegatingMethodAccessorImpl.invoke(DelegatingMethodAccessorImpl.java:43)
	at java.lang.reflect.Method.invoke(Method.java:498)
	at org.apache.maven.surefire.util.ReflectionUtils.invokeMethodWithArray(ReflectionUtils.java:189)
	at org.apache.maven.surefire.booter.ProviderFactory$ProviderProxy.invoke(ProviderFactory.java:165)
	at org.apache.maven.surefire.booter.ProviderFactory.invokeProvider(ProviderFactory.java:85)
	at org.apache.maven.surefire.booter.ForkedBooter.runSuitesInProcess(ForkedBooter.java:115)
	at org.apache.maven.surefire.booter.ForkedBooter.main(ForkedBooter.java:75)
Tests run: 9, Failures: 0, Errors: 0, Skipped: 0, Time elapsed: 4.777 sec
Running org.jivesoftware.util.JIDTest
Tests run: 3, Failures: 0, Errors: 0, Skipped: 0, Time elapsed: 0.073 sec
Running org.jivesoftware.util.XMPPDateTimeFormatTest
Tests run: 4, Failures: 0, Errors: 0, Skipped: 0, Time elapsed: 0.008 sec
Running org.jivesoftware.util.AesEncryptorTest
Tests run: 4, Failures: 0, Errors: 0, Skipped: 0, Time elapsed: 0.897 sec
Running org.jivesoftware.util.CertificateManagerTest
Tests run: 5, Failures: 0, Errors: 0, Skipped: 0, Time elapsed: 0.176 sec
Running org.jivesoftware.util.VersionTest
Tests run: 6, Failures: 0, Errors: 0, Skipped: 0, Time elapsed: 0.003 sec
Running org.jivesoftware.util.StringUtilsTest
2022.02.12 16:24:28 Converted domain name: from {0} to {1}
2022.02.12 16:24:28 Converted domain name: from {0} to {1}
Tests run: 8, Failures: 0, Errors: 0, Skipped: 0, Time elapsed: 0.227 sec
Running org.jivesoftware.util.EntityCapabilitiesManagerTest
2022.02.12 16:24:28 Created local-only cache [org.jivesoftware.util.cache.DefaultLocalCacheStrategy] for Entity Capabilities
2022.02.12 16:24:28 Created local-only cache [org.jivesoftware.util.cache.DefaultLocalCacheStrategy] for Entity Capabilities Users
Tests run: 2, Failures: 0, Errors: 0, Skipped: 0, Time elapsed: 0.027 sec
Running org.jivesoftware.util.XPPWriterTest
Tests run: 1, Failures: 0, Errors: 0, Skipped: 1, Time elapsed: 0 sec
Running org.jivesoftware.util.BlowfishEncryptorTest
Tests run: 4, Failures: 0, Errors: 0, Skipped: 0, Time elapsed: 0.006 sec
Running org.jivesoftware.util.LDAPTest
2022.02.12 16:24:28 Created cache [org.jivesoftware.util.cache.DefaultLocalCacheStrategy] for LDAP UserDN
Tests run: 3, Failures: 0, Errors: 0, Skipped: 0, Time elapsed: 0.009 sec
Running org.jivesoftware.util.WebXmlUtilsTest
Tests run: 17, Failures: 0, Errors: 0, Skipped: 0, Time elapsed: 0.056 sec
Running org.jivesoftware.util.CertificateTest
Tests run: 1, Failures: 0, Errors: 0, Skipped: 0, Time elapsed: 0.001 sec
Running org.jivesoftware.util.AdminConsoleTest
Tests run: 4, Failures: 0, Errors: 0, Skipped: 1, Time elapsed: 0.153 sec
Running org.jivesoftware.util.XMLPropertiesTest
2022.02.12 16:24:28 XML properties file does not exist: security.xml
Tests run: 4, Failures: 0, Errors: 0, Skipped: 0, Time elapsed: 0.013 sec
Running org.jivesoftware.openfire.keystore.CheckChainTrustedTest
Tests run: 60, Failures: 0, Errors: 0, Skipped: 0, Time elapsed: 11.311 sec
Running org.jivesoftware.openfire.keystore.CertificateUtilsTest
Tests run: 10, Failures: 0, Errors: 0, Skipped: 0, Time elapsed: 0.315 sec
Running org.jivesoftware.openfire.keystore.OpenfireX509TrustManagerTest
2022.02.12 16:24:40 Unable to order the provided chain. As a fallback, the end entity certificate is assumed to be the first certificate of the input.
java.security.cert.CertificateException: The provided input should not contain more than one certificates that has a subjectDN value that's not equal to the issuerDN value of another certificate.
	at org.jivesoftware.openfire.keystore.CertificateUtils.order(CertificateUtils.java:197)
	at org.jivesoftware.openfire.keystore.CertificateUtils.identifyEndEntityCertificate(CertificateUtils.java:247)
	at org.jivesoftware.openfire.keystore.OpenfireX509TrustManager.checkClientTrusted(OpenfireX509TrustManager.java:80)
	at org.jivesoftware.openfire.keystore.OpenfireX509TrustManagerTest.testInvalidChainMissingIntermediate(OpenfireX509TrustManagerTest.java:165)
	at sun.reflect.NativeMethodAccessorImpl.invoke0(Native Method)
	at sun.reflect.NativeMethodAccessorImpl.invoke(NativeMethodAccessorImpl.java:62)
	at sun.reflect.DelegatingMethodAccessorImpl.invoke(DelegatingMethodAccessorImpl.java:43)
	at java.lang.reflect.Method.invoke(Method.java:498)
	at org.junit.runners.model.FrameworkMethod$1.runReflectiveCall(FrameworkMethod.java:47)
	at org.junit.internal.runners.model.ReflectiveCallable.run(ReflectiveCallable.java:12)
	at org.junit.runners.model.FrameworkMethod.invokeExplosively(FrameworkMethod.java:44)
	at org.junit.internal.runners.statements.InvokeMethod.evaluate(InvokeMethod.java:17)
	at org.junit.internal.runners.statements.ExpectException.evaluate(ExpectException.java:19)
	at org.junit.internal.runners.statements.RunBefores.evaluate(RunBefores.java:26)
	at org.junit.internal.runners.statements.RunAfters.evaluate(RunAfters.java:27)
	at org.junit.runners.ParentRunner.runLeaf(ParentRunner.java:271)
	at org.junit.runners.BlockJUnit4ClassRunner.runChild(BlockJUnit4ClassRunner.java:70)
	at org.junit.runners.BlockJUnit4ClassRunner.runChild(BlockJUnit4ClassRunner.java:50)
	at org.junit.runners.ParentRunner$3.run(ParentRunner.java:238)
	at org.junit.runners.ParentRunner$1.schedule(ParentRunner.java:63)
	at org.junit.runners.ParentRunner.runChildren(ParentRunner.java:236)
	at org.junit.runners.ParentRunner.access$000(ParentRunner.java:53)
	at org.junit.runners.ParentRunner$2.evaluate(ParentRunner.java:229)
	at org.junit.runners.ParentRunner.run(ParentRunner.java:309)
	at org.apache.maven.surefire.junit4.JUnit4Provider.execute(JUnit4Provider.java:252)
	at org.apache.maven.surefire.junit4.JUnit4Provider.executeTestSet(JUnit4Provider.java:141)
	at org.apache.maven.surefire.junit4.JUnit4Provider.invoke(JUnit4Provider.java:112)
	at sun.reflect.NativeMethodAccessorImpl.invoke0(Native Method)
	at sun.reflect.NativeMethodAccessorImpl.invoke(NativeMethodAccessorImpl.java:62)
	at sun.reflect.DelegatingMethodAccessorImpl.invoke(DelegatingMethodAccessorImpl.java:43)
	at java.lang.reflect.Method.invoke(Method.java:498)
	at org.apache.maven.surefire.util.ReflectionUtils.invokeMethodWithArray(ReflectionUtils.java:189)
	at org.apache.maven.surefire.booter.ProviderFactory$ProviderProxy.invoke(ProviderFactory.java:165)
	at org.apache.maven.surefire.booter.ProviderFactory.invokeProvider(ProviderFactory.java:85)
	at org.apache.maven.surefire.booter.ForkedBooter.runSuitesInProcess(ForkedBooter.java:115)
	at org.apache.maven.surefire.booter.ForkedBooter.main(ForkedBooter.java:75)
Tests run: 6, Failures: 0, Errors: 0, Skipped: 0, Time elapsed: 1.585 sec
Running org.jivesoftware.openfire.OfflineMessageStoreTest
Tests run: 9, Failures: 0, Errors: 0, Skipped: 0, Time elapsed: 0.006 sec
Running org.jivesoftware.openfire.auth.JDBCAuthProviderTest
2022.02.12 16:24:41 Unable to load JDBC driver: null
java.lang.NullPointerException
	at java.lang.Class.forName0(Native Method)
	at java.lang.Class.forName(Class.java:264)
	at org.jivesoftware.openfire.auth.JDBCAuthProvider.<init>(JDBCAuthProvider.java:143)
	at org.jivesoftware.openfire.auth.JDBCAuthProviderTest.<init>(JDBCAuthProviderTest.java:18)
	at sun.reflect.NativeConstructorAccessorImpl.newInstance0(Native Method)
	at sun.reflect.NativeConstructorAccessorImpl.newInstance(NativeConstructorAccessorImpl.java:62)
	at sun.reflect.DelegatingConstructorAccessorImpl.newInstance(DelegatingConstructorAccessorImpl.java:45)
	at java.lang.reflect.Constructor.newInstance(Constructor.java:423)
	at org.junit.runners.BlockJUnit4ClassRunner.createTest(BlockJUnit4ClassRunner.java:195)
	at org.junit.runners.BlockJUnit4ClassRunner$1.runReflectiveCall(BlockJUnit4ClassRunner.java:244)
	at org.junit.internal.runners.model.ReflectiveCallable.run(ReflectiveCallable.java:12)
	at org.junit.runners.BlockJUnit4ClassRunner.methodBlock(BlockJUnit4ClassRunner.java:241)
	at org.junit.runners.BlockJUnit4ClassRunner.runChild(BlockJUnit4ClassRunner.java:70)
	at org.junit.runners.BlockJUnit4ClassRunner.runChild(BlockJUnit4ClassRunner.java:50)
	at org.junit.runners.ParentRunner$3.run(ParentRunner.java:238)
	at org.junit.runners.ParentRunner$1.schedule(ParentRunner.java:63)
	at org.junit.runners.ParentRunner.runChildren(ParentRunner.java:236)
	at org.junit.runners.ParentRunner.access$000(ParentRunner.java:53)
	at org.junit.runners.ParentRunner$2.evaluate(ParentRunner.java:229)
	at org.junit.runners.ParentRunner.run(ParentRunner.java:309)
	at org.apache.maven.surefire.junit4.JUnit4Provider.execute(JUnit4Provider.java:252)
	at org.apache.maven.surefire.junit4.JUnit4Provider.executeTestSet(JUnit4Provider.java:141)
	at org.apache.maven.surefire.junit4.JUnit4Provider.invoke(JUnit4Provider.java:112)
	at sun.reflect.NativeMethodAccessorImpl.invoke0(Native Method)
	at sun.reflect.NativeMethodAccessorImpl.invoke(NativeMethodAccessorImpl.java:62)
	at sun.reflect.DelegatingMethodAccessorImpl.invoke(DelegatingMethodAccessorImpl.java:43)
	at java.lang.reflect.Method.invoke(Method.java:498)
	at org.apache.maven.surefire.util.ReflectionUtils.invokeMethodWithArray(ReflectionUtils.java:189)
	at org.apache.maven.surefire.booter.ProviderFactory$ProviderProxy.invoke(ProviderFactory.java:165)
	at org.apache.maven.surefire.booter.ProviderFactory.invokeProvider(ProviderFactory.java:85)
	at org.apache.maven.surefire.booter.ForkedBooter.runSuitesInProcess(ForkedBooter.java:115)
	at org.apache.maven.surefire.booter.ForkedBooter.main(ForkedBooter.java:75)
2022.02.12 16:24:41 The jdbcAuthProvider.passwordType setting in invalid.  Bcrypt must be the final hashType if a series is given.  Ignoring all hash types beyond bcrypt: bcrypt,md5,plain
2022.02.12 16:24:41 Unable to load JDBC driver: null
java.lang.NullPointerException
	at java.lang.Class.forName0(Native Method)
	at java.lang.Class.forName(Class.java:264)
	at org.jivesoftware.openfire.auth.JDBCAuthProvider.<init>(JDBCAuthProvider.java:143)
	at org.jivesoftware.openfire.auth.JDBCAuthProviderTest.<init>(JDBCAuthProviderTest.java:18)
	at sun.reflect.NativeConstructorAccessorImpl.newInstance0(Native Method)
	at sun.reflect.NativeConstructorAccessorImpl.newInstance(NativeConstructorAccessorImpl.java:62)
	at sun.reflect.DelegatingConstructorAccessorImpl.newInstance(DelegatingConstructorAccessorImpl.java:45)
	at java.lang.reflect.Constructor.newInstance(Constructor.java:423)
	at org.junit.runners.BlockJUnit4ClassRunner.createTest(BlockJUnit4ClassRunner.java:195)
	at org.junit.runners.BlockJUnit4ClassRunner$1.runReflectiveCall(BlockJUnit4ClassRunner.java:244)
	at org.junit.internal.runners.model.ReflectiveCallable.run(ReflectiveCallable.java:12)
	at org.junit.runners.BlockJUnit4ClassRunner.methodBlock(BlockJUnit4ClassRunner.java:241)
	at org.junit.runners.BlockJUnit4ClassRunner.runChild(BlockJUnit4ClassRunner.java:70)
	at org.junit.runners.BlockJUnit4ClassRunner.runChild(BlockJUnit4ClassRunner.java:50)
	at org.junit.runners.ParentRunner$3.run(ParentRunner.java:238)
	at org.junit.runners.ParentRunner$1.schedule(ParentRunner.java:63)
	at org.junit.runners.ParentRunner.runChildren(ParentRunner.java:236)
	at org.junit.runners.ParentRunner.access$000(ParentRunner.java:53)
	at org.junit.runners.ParentRunner$2.evaluate(ParentRunner.java:229)
	at org.junit.runners.ParentRunner.run(ParentRunner.java:309)
	at org.apache.maven.surefire.junit4.JUnit4Provider.execute(JUnit4Provider.java:252)
	at org.apache.maven.surefire.junit4.JUnit4Provider.executeTestSet(JUnit4Provider.java:141)
	at org.apache.maven.surefire.junit4.JUnit4Provider.invoke(JUnit4Provider.java:112)
	at sun.reflect.NativeMethodAccessorImpl.invoke0(Native Method)
	at sun.reflect.NativeMethodAccessorImpl.invoke(NativeMethodAccessorImpl.java:62)
	at sun.reflect.DelegatingMethodAccessorImpl.invoke(DelegatingMethodAccessorImpl.java:43)
	at java.lang.reflect.Method.invoke(Method.java:498)
	at org.apache.maven.surefire.util.ReflectionUtils.invokeMethodWithArray(ReflectionUtils.java:189)
	at org.apache.maven.surefire.booter.ProviderFactory$ProviderProxy.invoke(ProviderFactory.java:165)
	at org.apache.maven.surefire.booter.ProviderFactory.invokeProvider(ProviderFactory.java:85)
	at org.apache.maven.surefire.booter.ForkedBooter.runSuitesInProcess(ForkedBooter.java:115)
	at org.apache.maven.surefire.booter.ForkedBooter.main(ForkedBooter.java:75)
2022.02.12 16:24:41 Unable to load JDBC driver: null
java.lang.NullPointerException
	at java.lang.Class.forName0(Native Method)
	at java.lang.Class.forName(Class.java:264)
	at org.jivesoftware.openfire.auth.JDBCAuthProvider.<init>(JDBCAuthProvider.java:143)
	at org.jivesoftware.openfire.auth.JDBCAuthProviderTest.<init>(JDBCAuthProviderTest.java:18)
	at sun.reflect.NativeConstructorAccessorImpl.newInstance0(Native Method)
	at sun.reflect.NativeConstructorAccessorImpl.newInstance(NativeConstructorAccessorImpl.java:62)
	at sun.reflect.DelegatingConstructorAccessorImpl.newInstance(DelegatingConstructorAccessorImpl.java:45)
	at java.lang.reflect.Constructor.newInstance(Constructor.java:423)
	at org.junit.runners.BlockJUnit4ClassRunner.createTest(BlockJUnit4ClassRunner.java:195)
	at org.junit.runners.BlockJUnit4ClassRunner$1.runReflectiveCall(BlockJUnit4ClassRunner.java:244)
	at org.junit.internal.runners.model.ReflectiveCallable.run(ReflectiveCallable.java:12)
	at org.junit.runners.BlockJUnit4ClassRunner.methodBlock(BlockJUnit4ClassRunner.java:241)
	at org.junit.runners.BlockJUnit4ClassRunner.runChild(BlockJUnit4ClassRunner.java:70)
	at org.junit.runners.BlockJUnit4ClassRunner.runChild(BlockJUnit4ClassRunner.java:50)
	at org.junit.runners.ParentRunner$3.run(ParentRunner.java:238)
	at org.junit.runners.ParentRunner$1.schedule(ParentRunner.java:63)
	at org.junit.runners.ParentRunner.runChildren(ParentRunner.java:236)
	at org.junit.runners.ParentRunner.access$000(ParentRunner.java:53)
	at org.junit.runners.ParentRunner$2.evaluate(ParentRunner.java:229)
	at org.junit.runners.ParentRunner.run(ParentRunner.java:309)
	at org.apache.maven.surefire.junit4.JUnit4Provider.execute(JUnit4Provider.java:252)
	at org.apache.maven.surefire.junit4.JUnit4Provider.executeTestSet(JUnit4Provider.java:141)
	at org.apache.maven.surefire.junit4.JUnit4Provider.invoke(JUnit4Provider.java:112)
	at sun.reflect.NativeMethodAccessorImpl.invoke0(Native Method)
	at sun.reflect.NativeMethodAccessorImpl.invoke(NativeMethodAccessorImpl.java:62)
	at sun.reflect.DelegatingMethodAccessorImpl.invoke(DelegatingMethodAccessorImpl.java:43)
	at java.lang.reflect.Method.invoke(Method.java:498)
	at org.apache.maven.surefire.util.ReflectionUtils.invokeMethodWithArray(ReflectionUtils.java:189)
	at org.apache.maven.surefire.booter.ProviderFactory$ProviderProxy.invoke(ProviderFactory.java:165)
	at org.apache.maven.surefire.booter.ProviderFactory.invokeProvider(ProviderFactory.java:85)
	at org.apache.maven.surefire.booter.ForkedBooter.runSuitesInProcess(ForkedBooter.java:115)
	at org.apache.maven.surefire.booter.ForkedBooter.main(ForkedBooter.java:75)
2022.02.12 16:24:41 The jdbcAuthProvider.passwordType setting is not set or contains invalid values.  Setting the type to 'plain'
2022.02.12 16:24:41 Unable to load JDBC driver: null
java.lang.NullPointerException
	at java.lang.Class.forName0(Native Method)
	at java.lang.Class.forName(Class.java:264)
	at org.jivesoftware.openfire.auth.JDBCAuthProvider.<init>(JDBCAuthProvider.java:143)
	at org.jivesoftware.openfire.auth.JDBCAuthProviderTest.<init>(JDBCAuthProviderTest.java:18)
	at sun.reflect.NativeConstructorAccessorImpl.newInstance0(Native Method)
	at sun.reflect.NativeConstructorAccessorImpl.newInstance(NativeConstructorAccessorImpl.java:62)
	at sun.reflect.DelegatingConstructorAccessorImpl.newInstance(DelegatingConstructorAccessorImpl.java:45)
	at java.lang.reflect.Constructor.newInstance(Constructor.java:423)
	at org.junit.runners.BlockJUnit4ClassRunner.createTest(BlockJUnit4ClassRunner.java:195)
	at org.junit.runners.BlockJUnit4ClassRunner$1.runReflectiveCall(BlockJUnit4ClassRunner.java:244)
	at org.junit.internal.runners.model.ReflectiveCallable.run(ReflectiveCallable.java:12)
	at org.junit.runners.BlockJUnit4ClassRunner.methodBlock(BlockJUnit4ClassRunner.java:241)
	at org.junit.runners.BlockJUnit4ClassRunner.runChild(BlockJUnit4ClassRunner.java:70)
	at org.junit.runners.BlockJUnit4ClassRunner.runChild(BlockJUnit4ClassRunner.java:50)
	at org.junit.runners.ParentRunner$3.run(ParentRunner.java:238)
	at org.junit.runners.ParentRunner$1.schedule(ParentRunner.java:63)
	at org.junit.runners.ParentRunner.runChildren(ParentRunner.java:236)
	at org.junit.runners.ParentRunner.access$000(ParentRunner.java:53)
	at org.junit.runners.ParentRunner$2.evaluate(ParentRunner.java:229)
	at org.junit.runners.ParentRunner.run(ParentRunner.java:309)
	at org.apache.maven.surefire.junit4.JUnit4Provider.execute(JUnit4Provider.java:252)
	at org.apache.maven.surefire.junit4.JUnit4Provider.executeTestSet(JUnit4Provider.java:141)
	at org.apache.maven.surefire.junit4.JUnit4Provider.invoke(JUnit4Provider.java:112)
	at sun.reflect.NativeMethodAccessorImpl.invoke0(Native Method)
	at sun.reflect.NativeMethodAccessorImpl.invoke(NativeMethodAccessorImpl.java:62)
	at sun.reflect.DelegatingMethodAccessorImpl.invoke(DelegatingMethodAccessorImpl.java:43)
	at java.lang.reflect.Method.invoke(Method.java:498)
	at org.apache.maven.surefire.util.ReflectionUtils.invokeMethodWithArray(ReflectionUtils.java:189)
	at org.apache.maven.surefire.booter.ProviderFactory$ProviderProxy.invoke(ProviderFactory.java:165)
	at org.apache.maven.surefire.booter.ProviderFactory.invokeProvider(ProviderFactory.java:85)
	at org.apache.maven.surefire.booter.ForkedBooter.runSuitesInProcess(ForkedBooter.java:115)
	at org.apache.maven.surefire.booter.ForkedBooter.main(ForkedBooter.java:75)
2022.02.12 16:24:41 Unable to load JDBC driver: null
java.lang.NullPointerException
	at java.lang.Class.forName0(Native Method)
	at java.lang.Class.forName(Class.java:264)
	at org.jivesoftware.openfire.auth.JDBCAuthProvider.<init>(JDBCAuthProvider.java:143)
	at org.jivesoftware.openfire.auth.JDBCAuthProviderTest.<init>(JDBCAuthProviderTest.java:18)
	at sun.reflect.NativeConstructorAccessorImpl.newInstance0(Native Method)
	at sun.reflect.NativeConstructorAccessorImpl.newInstance(NativeConstructorAccessorImpl.java:62)
	at sun.reflect.DelegatingConstructorAccessorImpl.newInstance(DelegatingConstructorAccessorImpl.java:45)
	at java.lang.reflect.Constructor.newInstance(Constructor.java:423)
	at org.junit.runners.BlockJUnit4ClassRunner.createTest(BlockJUnit4ClassRunner.java:195)
	at org.junit.runners.BlockJUnit4ClassRunner$1.runReflectiveCall(BlockJUnit4ClassRunner.java:244)
	at org.junit.internal.runners.model.ReflectiveCallable.run(ReflectiveCallable.java:12)
	at org.junit.runners.BlockJUnit4ClassRunner.methodBlock(BlockJUnit4ClassRunner.java:241)
	at org.junit.runners.BlockJUnit4ClassRunner.runChild(BlockJUnit4ClassRunner.java:70)
	at org.junit.runners.BlockJUnit4ClassRunner.runChild(BlockJUnit4ClassRunner.java:50)
	at org.junit.runners.ParentRunner$3.run(ParentRunner.java:238)
	at org.junit.runners.ParentRunner$1.schedule(ParentRunner.java:63)
	at org.junit.runners.ParentRunner.runChildren(ParentRunner.java:236)
	at org.junit.runners.ParentRunner.access$000(ParentRunner.java:53)
	at org.junit.runners.ParentRunner$2.evaluate(ParentRunner.java:229)
	at org.junit.runners.ParentRunner.run(ParentRunner.java:309)
	at org.apache.maven.surefire.junit4.JUnit4Provider.execute(JUnit4Provider.java:252)
	at org.apache.maven.surefire.junit4.JUnit4Provider.executeTestSet(JUnit4Provider.java:141)
	at org.apache.maven.surefire.junit4.JUnit4Provider.invoke(JUnit4Provider.java:112)
	at sun.reflect.NativeMethodAccessorImpl.invoke0(Native Method)
	at sun.reflect.NativeMethodAccessorImpl.invoke(NativeMethodAccessorImpl.java:62)
	at sun.reflect.DelegatingMethodAccessorImpl.invoke(DelegatingMethodAccessorImpl.java:43)
	at java.lang.reflect.Method.invoke(Method.java:498)
	at org.apache.maven.surefire.util.ReflectionUtils.invokeMethodWithArray(ReflectionUtils.java:189)
	at org.apache.maven.surefire.booter.ProviderFactory$ProviderProxy.invoke(ProviderFactory.java:165)
	at org.apache.maven.surefire.booter.ProviderFactory.invokeProvider(ProviderFactory.java:85)
	at org.apache.maven.surefire.booter.ForkedBooter.runSuitesInProcess(ForkedBooter.java:115)
	at org.apache.maven.surefire.booter.ForkedBooter.main(ForkedBooter.java:75)
2022.02.12 16:24:42 Unable to load JDBC driver: null
java.lang.NullPointerException
	at java.lang.Class.forName0(Native Method)
	at java.lang.Class.forName(Class.java:264)
	at org.jivesoftware.openfire.auth.JDBCAuthProvider.<init>(JDBCAuthProvider.java:143)
	at org.jivesoftware.openfire.auth.JDBCAuthProviderTest.<init>(JDBCAuthProviderTest.java:18)
	at sun.reflect.NativeConstructorAccessorImpl.newInstance0(Native Method)
	at sun.reflect.NativeConstructorAccessorImpl.newInstance(NativeConstructorAccessorImpl.java:62)
	at sun.reflect.DelegatingConstructorAccessorImpl.newInstance(DelegatingConstructorAccessorImpl.java:45)
	at java.lang.reflect.Constructor.newInstance(Constructor.java:423)
	at org.junit.runners.BlockJUnit4ClassRunner.createTest(BlockJUnit4ClassRunner.java:195)
	at org.junit.runners.BlockJUnit4ClassRunner$1.runReflectiveCall(BlockJUnit4ClassRunner.java:244)
	at org.junit.internal.runners.model.ReflectiveCallable.run(ReflectiveCallable.java:12)
	at org.junit.runners.BlockJUnit4ClassRunner.methodBlock(BlockJUnit4ClassRunner.java:241)
	at org.junit.runners.BlockJUnit4ClassRunner.runChild(BlockJUnit4ClassRunner.java:70)
	at org.junit.runners.BlockJUnit4ClassRunner.runChild(BlockJUnit4ClassRunner.java:50)
	at org.junit.runners.ParentRunner$3.run(ParentRunner.java:238)
	at org.junit.runners.ParentRunner$1.schedule(ParentRunner.java:63)
	at org.junit.runners.ParentRunner.runChildren(ParentRunner.java:236)
	at org.junit.runners.ParentRunner.access$000(ParentRunner.java:53)
	at org.junit.runners.ParentRunner$2.evaluate(ParentRunner.java:229)
	at org.junit.runners.ParentRunner.run(ParentRunner.java:309)
	at org.apache.maven.surefire.junit4.JUnit4Provider.execute(JUnit4Provider.java:252)
	at org.apache.maven.surefire.junit4.JUnit4Provider.executeTestSet(JUnit4Provider.java:141)
	at org.apache.maven.surefire.junit4.JUnit4Provider.invoke(JUnit4Provider.java:112)
	at sun.reflect.NativeMethodAccessorImpl.invoke0(Native Method)
	at sun.reflect.NativeMethodAccessorImpl.invoke(NativeMethodAccessorImpl.java:62)
	at sun.reflect.DelegatingMethodAccessorImpl.invoke(DelegatingMethodAccessorImpl.java:43)
	at java.lang.reflect.Method.invoke(Method.java:498)
	at org.apache.maven.surefire.util.ReflectionUtils.invokeMethodWithArray(ReflectionUtils.java:189)
	at org.apache.maven.surefire.booter.ProviderFactory$ProviderProxy.invoke(ProviderFactory.java:165)
	at org.apache.maven.surefire.booter.ProviderFactory.invokeProvider(ProviderFactory.java:85)
	at org.apache.maven.surefire.booter.ForkedBooter.runSuitesInProcess(ForkedBooter.java:115)
	at org.apache.maven.surefire.booter.ForkedBooter.main(ForkedBooter.java:75)
2022.02.12 16:24:42 Unable to load JDBC driver: null
java.lang.NullPointerException
	at java.lang.Class.forName0(Native Method)
	at java.lang.Class.forName(Class.java:264)
	at org.jivesoftware.openfire.auth.JDBCAuthProvider.<init>(JDBCAuthProvider.java:143)
	at org.jivesoftware.openfire.auth.JDBCAuthProviderTest.<init>(JDBCAuthProviderTest.java:18)
	at sun.reflect.NativeConstructorAccessorImpl.newInstance0(Native Method)
	at sun.reflect.NativeConstructorAccessorImpl.newInstance(NativeConstructorAccessorImpl.java:62)
	at sun.reflect.DelegatingConstructorAccessorImpl.newInstance(DelegatingConstructorAccessorImpl.java:45)
	at java.lang.reflect.Constructor.newInstance(Constructor.java:423)
	at org.junit.runners.BlockJUnit4ClassRunner.createTest(BlockJUnit4ClassRunner.java:195)
	at org.junit.runners.BlockJUnit4ClassRunner$1.runReflectiveCall(BlockJUnit4ClassRunner.java:244)
	at org.junit.internal.runners.model.ReflectiveCallable.run(ReflectiveCallable.java:12)
	at org.junit.runners.BlockJUnit4ClassRunner.methodBlock(BlockJUnit4ClassRunner.java:241)
	at org.junit.runners.BlockJUnit4ClassRunner.runChild(BlockJUnit4ClassRunner.java:70)
	at org.junit.runners.BlockJUnit4ClassRunner.runChild(BlockJUnit4ClassRunner.java:50)
	at org.junit.runners.ParentRunner$3.run(ParentRunner.java:238)
	at org.junit.runners.ParentRunner$1.schedule(ParentRunner.java:63)
	at org.junit.runners.ParentRunner.runChildren(ParentRunner.java:236)
	at org.junit.runners.ParentRunner.access$000(ParentRunner.java:53)
	at org.junit.runners.ParentRunner$2.evaluate(ParentRunner.java:229)
	at org.junit.runners.ParentRunner.run(ParentRunner.java:309)
	at org.apache.maven.surefire.junit4.JUnit4Provider.execute(JUnit4Provider.java:252)
	at org.apache.maven.surefire.junit4.JUnit4Provider.executeTestSet(JUnit4Provider.java:141)
	at org.apache.maven.surefire.junit4.JUnit4Provider.invoke(JUnit4Provider.java:112)
	at sun.reflect.NativeMethodAccessorImpl.invoke0(Native Method)
	at sun.reflect.NativeMethodAccessorImpl.invoke(NativeMethodAccessorImpl.java:62)
	at sun.reflect.DelegatingMethodAccessorImpl.invoke(DelegatingMethodAccessorImpl.java:43)
	at java.lang.reflect.Method.invoke(Method.java:498)
	at org.apache.maven.surefire.util.ReflectionUtils.invokeMethodWithArray(ReflectionUtils.java:189)
	at org.apache.maven.surefire.booter.ProviderFactory$ProviderProxy.invoke(ProviderFactory.java:165)
	at org.apache.maven.surefire.booter.ProviderFactory.invokeProvider(ProviderFactory.java:85)
	at org.apache.maven.surefire.booter.ForkedBooter.runSuitesInProcess(ForkedBooter.java:115)
	at org.apache.maven.surefire.booter.ForkedBooter.main(ForkedBooter.java:75)
2022.02.12 16:24:42 Unable to load JDBC driver: null
java.lang.NullPointerException
	at java.lang.Class.forName0(Native Method)
	at java.lang.Class.forName(Class.java:264)
	at org.jivesoftware.openfire.auth.JDBCAuthProvider.<init>(JDBCAuthProvider.java:143)
	at org.jivesoftware.openfire.auth.JDBCAuthProviderTest.<init>(JDBCAuthProviderTest.java:18)
	at sun.reflect.NativeConstructorAccessorImpl.newInstance0(Native Method)
	at sun.reflect.NativeConstructorAccessorImpl.newInstance(NativeConstructorAccessorImpl.java:62)
	at sun.reflect.DelegatingConstructorAccessorImpl.newInstance(DelegatingConstructorAccessorImpl.java:45)
	at java.lang.reflect.Constructor.newInstance(Constructor.java:423)
	at org.junit.runners.BlockJUnit4ClassRunner.createTest(BlockJUnit4ClassRunner.java:195)
	at org.junit.runners.BlockJUnit4ClassRunner$1.runReflectiveCall(BlockJUnit4ClassRunner.java:244)
	at org.junit.internal.runners.model.ReflectiveCallable.run(ReflectiveCallable.java:12)
	at org.junit.runners.BlockJUnit4ClassRunner.methodBlock(BlockJUnit4ClassRunner.java:241)
	at org.junit.runners.BlockJUnit4ClassRunner.runChild(BlockJUnit4ClassRunner.java:70)
	at org.junit.runners.BlockJUnit4ClassRunner.runChild(BlockJUnit4ClassRunner.java:50)
	at org.junit.runners.ParentRunner$3.run(ParentRunner.java:238)
	at org.junit.runners.ParentRunner$1.schedule(ParentRunner.java:63)
	at org.junit.runners.ParentRunner.runChildren(ParentRunner.java:236)
	at org.junit.runners.ParentRunner.access$000(ParentRunner.java:53)
	at org.junit.runners.ParentRunner$2.evaluate(ParentRunner.java:229)
	at org.junit.runners.ParentRunner.run(ParentRunner.java:309)
	at org.apache.maven.surefire.junit4.JUnit4Provider.execute(JUnit4Provider.java:252)
	at org.apache.maven.surefire.junit4.JUnit4Provider.executeTestSet(JUnit4Provider.java:141)
	at org.apache.maven.surefire.junit4.JUnit4Provider.invoke(JUnit4Provider.java:112)
	at sun.reflect.NativeMethodAccessorImpl.invoke0(Native Method)
	at sun.reflect.NativeMethodAccessorImpl.invoke(NativeMethodAccessorImpl.java:62)
	at sun.reflect.DelegatingMethodAccessorImpl.invoke(DelegatingMethodAccessorImpl.java:43)
	at java.lang.reflect.Method.invoke(Method.java:498)
	at org.apache.maven.surefire.util.ReflectionUtils.invokeMethodWithArray(ReflectionUtils.java:189)
	at org.apache.maven.surefire.booter.ProviderFactory$ProviderProxy.invoke(ProviderFactory.java:165)
	at org.apache.maven.surefire.booter.ProviderFactory.invokeProvider(ProviderFactory.java:85)
	at org.apache.maven.surefire.booter.ForkedBooter.runSuitesInProcess(ForkedBooter.java:115)
	at org.apache.maven.surefire.booter.ForkedBooter.main(ForkedBooter.java:75)
Tests run: 8, Failures: 0, Errors: 0, Skipped: 0, Time elapsed: 0.393 sec
Running org.jivesoftware.openfire.spi.EncryptionArtifactFactoryTest
Tests run: 4, Failures: 0, Errors: 0, Skipped: 0, Time elapsed: 0.118 sec
Running org.jivesoftware.openfire.carbons.MessageCarbonsTest
Tests run: 2, Failures: 0, Errors: 0, Skipped: 0, Time elapsed: 0.09 sec
Running org.jivesoftware.openfire.handler.IQEntityTimeHandlerTest
526
953
Tests run: 5, Failures: 0, Errors: 0, Skipped: 0, Time elapsed: 1.484 sec
Running org.jivesoftware.openfire.nio.XmlNumericCharacterReferenceTest
Tests run: 6, Failures: 0, Errors: 0, Skipped: 0, Time elapsed: 0.006 sec
Running org.jivesoftware.openfire.muc.spi.MucPrivilegesTest
Tests run: 9, Failures: 0, Errors: 0, Skipped: 0, Time elapsed: 0.013 sec
Running org.jivesoftware.openfire.group.GroupJIDTest
Tests run: 3, Failures: 0, Errors: 0, Skipped: 0, Time elapsed: 0.008 sec
Running org.jivesoftware.openfire.net.DNSUtilTest
Tests run: 15, Failures: 0, Errors: 0, Skipped: 0, Time elapsed: 0.011 sec
Running org.jivesoftware.openfire.forward.ForwardTest
Tests run: 1, Failures: 0, Errors: 0, Skipped: 0, Time elapsed: 0.006 sec
Running dom.io.XMPPPacketReaderTest
Tests run: 5, Failures: 0, Errors: 0, Skipped: 0, Time elapsed: 0.018 sec

Results :

Tests run: 218, Failures: 0, Errors: 0, Skipped: 2

[[1;34mINFO[m] 
[[1;34mINFO[m] [1m--- [0;32mmaven-jar-plugin:2.6:jar[m [1m(default-jar)[m @ [36mxmppserver[0;1m ---[m
[[1;34mINFO[m] Building jar: /home/travis/build/failed/igniterealtime/Openfire/target/openfire/lib/openfire.jar
[[1;34mINFO[m] 
[[1;34mINFO[m] [1m--- [0;32mmaven-dependency-plugin:2.10:copy-dependencies[m [1m(copy-dependencies)[m @ [36mxmppserver[0;1m ---[m
[[1;34mINFO[m] Copying jcip-annotations-1.0.jar to /home/travis/build/failed/igniterealtime/Openfire/target/openfire/lib/jcip-annotations-1.0.jar
[[1;34mINFO[m] Copying proxool-cglib-0.9.1.jar to /home/travis/build/failed/igniterealtime/Openfire/target/openfire/lib/proxool-cglib-0.9.1.jar
[[1;34mINFO[m] Copying dom4j-2.0.0.jar to /home/travis/build/failed/igniterealtime/Openfire/target/openfire/lib/dom4j-2.0.0.jar
[[1;34mINFO[m] Copying mysql-connector-java-5.1.42.jar to /home/travis/build/failed/igniterealtime/Openfire/target/openfire/lib/mysql-connector-java-5.1.42.jar
[[1;34mINFO[m] Copying dbutil-4.2.0-SNAPSHOT.jar to /home/travis/build/failed/igniterealtime/Openfire/target/openfire/lib/dbutil-4.2.0-SNAPSHOT.jar
[[1;34mINFO[m] Copying jetty-continuation-9.2.14.v20151106.jar to /home/travis/build/failed/igniterealtime/Openfire/target/openfire/lib/jetty-continuation-9.2.14.v20151106.jar
[[1;34mINFO[m] Copying jetty-jndi-9.2.14.v20151106.jar to /home/travis/build/failed/igniterealtime/Openfire/target/openfire/lib/jetty-jndi-9.2.14.v20151106.jar
[[1;34mINFO[m] Copying mina-filter-ssl-1.1.7.jar to /home/travis/build/failed/igniterealtime/Openfire/target/openfire/lib/mina-filter-ssl-1.1.7.jar
[[1;34mINFO[m] Copying bcpg-jdk15on-1.53.jar to /home/travis/build/failed/igniterealtime/Openfire/target/openfire/lib/bcpg-jdk15on-1.53.jar
[[1;34mINFO[m] Copying taglibs-standard-spec-1.2.1.jar to /home/travis/build/failed/igniterealtime/Openfire/target/openfire/lib/taglibs-standard-spec-1.2.1.jar
[[1;34mINFO[m] Copying javassist-3.11.0.GA.jar to /home/travis/build/failed/igniterealtime/Openfire/target/openfire/lib/javassist-3.11.0.GA.jar
[[1;34mINFO[m] Copying asm-tree-5.0.1.jar to /home/travis/build/failed/igniterealtime/Openfire/target/openfire/lib/asm-tree-5.0.1.jar
[[1;34mINFO[m] Copying xml-apis-1.0.b2.jar to /home/travis/build/failed/igniterealtime/Openfire/target/openfire/lib/xml-apis-1.0.b2.jar
[[1;34mINFO[m] Copying mina-filter-compression-2.0.7.jar to /home/travis/build/failed/igniterealtime/Openfire/target/openfire/lib/mina-filter-compression-2.0.7.jar
[[1;34mINFO[m] Copying objenesis-2.6.jar to /home/travis/build/failed/igniterealtime/Openfire/target/openfire/lib/objenesis-2.6.jar
[[1;34mINFO[m] Copying jetty-alpn-client-9.2.14.v20151106.jar to /home/travis/build/failed/igniterealtime/Openfire/target/openfire/lib/jetty-alpn-client-9.2.14.v20151106.jar
[[1;34mINFO[m] Copying commons-lang-2.3.jar to /home/travis/build/failed/igniterealtime/Openfire/target/openfire/lib/commons-lang-2.3.jar
[[1;34mINFO[m] Copying websocket-server-9.2.14.v20151106.jar to /home/travis/build/failed/igniterealtime/Openfire/target/openfire/lib/websocket-server-9.2.14.v20151106.jar
[[1;34mINFO[m] Copying websocket-common-9.2.14.v20151106.jar to /home/travis/build/failed/igniterealtime/Openfire/target/openfire/lib/websocket-common-9.2.14.v20151106.jar
[[1;34mINFO[m] Copying tinder-1.3.0.jar to /home/travis/build/failed/igniterealtime/Openfire/target/openfire/lib/tinder-1.3.0.jar
[[1;34mINFO[m] Copying jetty-plus-9.2.14.v20151106.jar to /home/travis/build/failed/igniterealtime/Openfire/target/openfire/lib/jetty-plus-9.2.14.v20151106.jar
[[1;34mINFO[m] Copying ant-1.8.2.jar to /home/travis/build/failed/igniterealtime/Openfire/target/openfire/lib/ant-1.8.2.jar
[[1;34mINFO[m] Copying spdy-http-server-9.2.14.v20151106.jar to /home/travis/build/failed/igniterealtime/Openfire/target/openfire/lib/spdy-http-server-9.2.14.v20151106.jar
[[1;34mINFO[m] Copying hamcrest-core-1.3.jar to /home/travis/build/failed/igniterealtime/Openfire/target/openfire/lib/hamcrest-core-1.3.jar
[[1;34mINFO[m] Copying commons-codec-1.9.jar to /home/travis/build/failed/igniterealtime/Openfire/target/openfire/lib/commons-codec-1.9.jar
[[1;34mINFO[m] Copying jetty-webapp-9.2.14.v20151106.jar to /home/travis/build/failed/igniterealtime/Openfire/target/openfire/lib/jetty-webapp-9.2.14.v20151106.jar
[[1;34mINFO[m] Copying jcl-over-slf4j-1.7.7.jar to /home/travis/build/failed/igniterealtime/Openfire/target/openfire/lib/jcl-over-slf4j-1.7.7.jar
[[1;34mINFO[m] Copying byte-buddy-1.7.4.jar to /home/travis/build/failed/igniterealtime/Openfire/target/openfire/lib/byte-buddy-1.7.4.jar
[[1;34mINFO[m] Copying org.eclipse.jdt.core-3.8.2.v20130121.jar to /home/travis/build/failed/igniterealtime/Openfire/target/openfire/lib/org.eclipse.jdt.core-3.8.2.v20130121.jar
[[1;34mINFO[m] Copying byte-buddy-agent-1.7.4.jar to /home/travis/build/failed/igniterealtime/Openfire/target/openfire/lib/byte-buddy-agent-1.7.4.jar
[[1;34mINFO[m] Copying asm-5.0.1.jar to /home/travis/build/failed/igniterealtime/Openfire/target/openfire/lib/asm-5.0.1.jar
[[1;34mINFO[m] Copying websocket-client-9.2.14.v20151106.jar to /home/travis/build/failed/igniterealtime/Openfire/target/openfire/lib/websocket-client-9.2.14.v20151106.jar
[[1;34mINFO[m] Copying ant-launcher-1.8.2.jar to /home/travis/build/failed/igniterealtime/Openfire/target/openfire/lib/ant-launcher-1.8.2.jar
[[1;34mINFO[m] Copying postgresql-42.1.4.jre7.jar to /home/travis/build/failed/igniterealtime/Openfire/target/openfire/lib/postgresql-42.1.4.jre7.jar
[[1;34mINFO[m] Copying mina-integration-jmx-2.0.7.jar to /home/travis/build/failed/igniterealtime/Openfire/target/openfire/lib/mina-integration-jmx-2.0.7.jar
[[1;34mINFO[m] Copying commons-pool2-2.4.2.jar to /home/travis/build/failed/igniterealtime/Openfire/target/openfire/lib/commons-pool2-2.4.2.jar
[[1;34mINFO[m] Copying hsqldb-2.3.4.jar to /home/travis/build/failed/igniterealtime/Openfire/target/openfire/lib/hsqldb-2.3.4.jar
[[1;34mINFO[m] Copying dom4j-1.6.1.jar to /home/travis/build/failed/igniterealtime/Openfire/target/openfire/lib/dom4j-1.6.1.jar
[[1;34mINFO[m] Copying bcpkix-jdk15on-1.53.jar to /home/travis/build/failed/igniterealtime/Openfire/target/openfire/lib/bcpkix-jdk15on-1.53.jar
[[1;34mINFO[m] Copying rome-fetcher-1.0.jar to /home/travis/build/failed/igniterealtime/Openfire/target/openfire/lib/rome-fetcher-1.0.jar
[[1;34mINFO[m] Copying jetty-xml-9.2.14.v20151106.jar to /home/travis/build/failed/igniterealtime/Openfire/target/openfire/lib/jetty-xml-9.2.14.v20151106.jar
[[1;34mINFO[m] Copying jdom-1.0.jar to /home/travis/build/failed/igniterealtime/Openfire/target/openfire/lib/jdom-1.0.jar
[[1;34mINFO[m] Copying jmdns-1.0.jar to /home/travis/build/failed/igniterealtime/Openfire/target/openfire/lib/jmdns-1.0.jar
[[1;34mINFO[m] Copying websocket-servlet-9.2.14.v20151106.jar to /home/travis/build/failed/igniterealtime/Openfire/target/openfire/lib/websocket-servlet-9.2.14.v20151106.jar
[[1;34mINFO[m] Copying commons-logging-api-1.0.4.jar to /home/travis/build/failed/igniterealtime/Openfire/target/openfire/lib/commons-logging-api-1.0.4.jar
[[1;34mINFO[m] Copying i18n-4.2.0-SNAPSHOT.jar to /home/travis/build/failed/igniterealtime/Openfire/target/openfire/lib/i18n-4.2.0-SNAPSHOT.jar
[[1;34mINFO[m] Copying jetty-server-9.2.14.v20151106.jar to /home/travis/build/failed/igniterealtime/Openfire/target/openfire/lib/jetty-server-9.2.14.v20151106.jar
[[1;34mINFO[m] Copying jetty-io-9.2.14.v20151106.jar to /home/travis/build/failed/igniterealtime/Openfire/target/openfire/lib/jetty-io-9.2.14.v20151106.jar
[[1;34mINFO[m] Copying taglibs-standard-impl-1.2.1.jar to /home/travis/build/failed/igniterealtime/Openfire/target/openfire/lib/taglibs-standard-impl-1.2.1.jar
[[1;34mINFO[m] Copying spdy-server-9.2.14.v20151106.jar to /home/travis/build/failed/igniterealtime/Openfire/target/openfire/lib/spdy-server-9.2.14.v20151106.jar
[[1;34mINFO[m] Copying jetty-security-9.2.14.v20151106.jar to /home/travis/build/failed/igniterealtime/Openfire/target/openfire/lib/jetty-security-9.2.14.v20151106.jar
[[1;34mINFO[m] Copying apache-jsp-9.2.14.v20151106.jar to /home/travis/build/failed/igniterealtime/Openfire/target/openfire/lib/apache-jsp-9.2.14.v20151106.jar
[[1;34mINFO[m] Copying proxool-0.9.1.jar to /home/travis/build/failed/igniterealtime/Openfire/target/openfire/lib/proxool-0.9.1.jar
[[1;34mINFO[m] Copying junit-4.11.jar to /home/travis/build/failed/igniterealtime/Openfire/target/openfire/lib/junit-4.11.jar
[[1;34mINFO[m] Copying javassist-3.7.ga.jar to /home/travis/build/failed/igniterealtime/Openfire/target/openfire/lib/javassist-3.7.ga.jar
[[1;34mINFO[m] Copying mail-1.4.1.jar to /home/travis/build/failed/igniterealtime/Openfire/target/openfire/lib/mail-1.4.1.jar
[[1;34mINFO[m] Copying activation-1.1.jar to /home/travis/build/failed/igniterealtime/Openfire/target/openfire/lib/activation-1.1.jar
[[1;34mINFO[m] Copying ognl-3.0.5.jar to /home/travis/build/failed/igniterealtime/Openfire/target/openfire/lib/ognl-3.0.5.jar
[[1;34mINFO[m] Copying asm-commons-5.0.1.jar to /home/travis/build/failed/igniterealtime/Openfire/target/openfire/lib/asm-commons-5.0.1.jar
[[1;34mINFO[m] Copying rome-1.0.jar to /home/travis/build/failed/igniterealtime/Openfire/target/openfire/lib/rome-1.0.jar
[[1;34mINFO[m] Copying mina-integration-beans-2.0.7.jar to /home/travis/build/failed/igniterealtime/Openfire/target/openfire/lib/mina-integration-beans-2.0.7.jar
[[1;34mINFO[m] Copying jetty-servlets-9.2.14.v20151106.jar to /home/travis/build/failed/igniterealtime/Openfire/target/openfire/lib/jetty-servlets-9.2.14.v20151106.jar
[[1;34mINFO[m] Copying jetty-http-9.2.14.v20151106.jar to /home/travis/build/failed/igniterealtime/Openfire/target/openfire/lib/jetty-http-9.2.14.v20151106.jar
[[1;34mINFO[m] Copying javax.annotation-api-1.2.jar to /home/travis/build/failed/igniterealtime/Openfire/target/openfire/lib/javax.annotation-api-1.2.jar
[[1;34mINFO[m] Copying websocket-api-9.2.14.v20151106.jar to /home/travis/build/failed/igniterealtime/Openfire/target/openfire/lib/websocket-api-9.2.14.v20151106.jar
[[1;34mINFO[m] Copying log4j-1.2.16.jar to /home/travis/build/failed/igniterealtime/Openfire/target/openfire/lib/log4j-1.2.16.jar
[[1;34mINFO[m] Copying jetty-annotations-9.2.14.v20151106.jar to /home/travis/build/failed/igniterealtime/Openfire/target/openfire/lib/jetty-annotations-9.2.14.v20151106.jar
[[1;34mINFO[m] Copying mockito-core-2.10.0.jar to /home/travis/build/failed/igniterealtime/Openfire/target/openfire/lib/mockito-core-2.10.0.jar
[[1;34mINFO[m] Copying jetty-util-9.2.14.v20151106.jar to /home/travis/build/failed/igniterealtime/Openfire/target/openfire/lib/jetty-util-9.2.14.v20151106.jar
[[1;34mINFO[m] Copying spdy-http-common-9.2.14.v20151106.jar to /home/travis/build/failed/igniterealtime/Openfire/target/openfire/lib/spdy-http-common-9.2.14.v20151106.jar
[[1;34mINFO[m] Copying javax.servlet-api-3.1.0.jar to /home/travis/build/failed/igniterealtime/Openfire/target/openfire/lib/javax.servlet-api-3.1.0.jar
[[1;34mINFO[m] Copying jetty-client-9.2.14.v20151106.jar to /home/travis/build/failed/igniterealtime/Openfire/target/openfire/lib/jetty-client-9.2.14.v20151106.jar
[[1;34mINFO[m] Copying jetty-jmx-9.2.14.v20151106.jar to /home/travis/build/failed/igniterealtime/Openfire/target/openfire/lib/jetty-jmx-9.2.14.v20151106.jar
[[1;34mINFO[m] Copying spdy-client-9.2.14.v20151106.jar to /home/travis/build/failed/igniterealtime/Openfire/target/openfire/lib/spdy-client-9.2.14.v20151106.jar
[[1;34mINFO[m] Copying mina-core-2.0.7.jar to /home/travis/build/failed/igniterealtime/Openfire/target/openfire/lib/mina-core-2.0.7.jar
[[1;34mINFO[m] Copying apache-jsp-8.0.9.M3.jar to /home/travis/build/failed/igniterealtime/Openfire/target/openfire/lib/apache-jsp-8.0.9.M3.jar
[[1;34mINFO[m] Copying slf4j-log4j12-1.7.7.jar to /home/travis/build/failed/igniterealtime/Openfire/target/openfire/lib/slf4j-log4j12-1.7.7.jar
[[1;34mINFO[m] Copying libidn-1.15.jar to /home/travis/build/failed/igniterealtime/Openfire/target/openfire/lib/libidn-1.15.jar
[[1;34mINFO[m] Copying bcprov-jdk15on-1.53.jar to /home/travis/build/failed/igniterealtime/Openfire/target/openfire/lib/bcprov-jdk15on-1.53.jar
[[1;34mINFO[m] Copying spdy-core-9.2.14.v20151106.jar to /home/travis/build/failed/igniterealtime/Openfire/target/openfire/lib/spdy-core-9.2.14.v20151106.jar
[[1;34mINFO[m] Copying jetty-servlet-9.2.14.v20151106.jar to /home/travis/build/failed/igniterealtime/Openfire/target/openfire/lib/jetty-servlet-9.2.14.v20151106.jar
[[1;34mINFO[m] Copying jzlib-1.1.1.jar to /home/travis/build/failed/igniterealtime/Openfire/target/openfire/lib/jzlib-1.1.1.jar
[[1;34mINFO[m] Copying concurrentlinkedhashmap-lru-1.0.jar to /home/travis/build/failed/igniterealtime/Openfire/target/openfire/lib/concurrentlinkedhashmap-lru-1.0.jar
[[1;34mINFO[m] Copying shaj-0.5.jar to /home/travis/build/failed/igniterealtime/Openfire/target/openfire/lib/shaj-0.5.jar
[[1;34mINFO[m] Copying apache-el-8.0.9.M3.jar to /home/travis/build/failed/igniterealtime/Openfire/target/openfire/lib/apache-el-8.0.9.M3.jar
[[1;34mINFO[m] Copying xpp3-1.1.4c.jar to /home/travis/build/failed/igniterealtime/Openfire/target/openfire/lib/xpp3-1.1.4c.jar
[[1;34mINFO[m] Copying jetty-schemas-3.1.M0.jar to /home/travis/build/failed/igniterealtime/Openfire/target/openfire/lib/jetty-schemas-3.1.M0.jar
[[1;34mINFO[m] Copying slf4j-api-1.7.7.jar to /home/travis/build/failed/igniterealtime/Openfire/target/openfire/lib/slf4j-api-1.7.7.jar
[[1;34mINFO[m] Copying mina-integration-ognl-2.0.7.jar to /home/travis/build/failed/igniterealtime/Openfire/target/openfire/lib/mina-integration-ognl-2.0.7.jar
[[1;34mINFO[m] Copying xercesImpl-2.4.0.jar to /home/travis/build/failed/igniterealtime/Openfire/target/openfire/lib/xercesImpl-2.4.0.jar
[[1;34mINFO[m] Copying commons-httpclient-3.1.jar to /home/travis/build/failed/igniterealtime/Openfire/target/openfire/lib/commons-httpclient-3.1.jar
[[1;34mINFO[m] Copying jsmpp-2.2.4.jar to /home/travis/build/failed/igniterealtime/Openfire/target/openfire/lib/jsmpp-2.2.4.jar
[[1;34mINFO[m] Copying jaxen-1.1.6.jar to /home/travis/build/failed/igniterealtime/Openfire/target/openfire/lib/jaxen-1.1.6.jar
[[1;34mINFO[m] 
[[1;34mINFO[m] [1m------------------------------------------------------------------------[m
[[1;34mINFO[m] [1mBuilding Starter for Openfire 4.2.0-SNAPSHOT[m
[[1;34mINFO[m] [1m------------------------------------------------------------------------[m
[[1;34mINFO[m] 
[[1;34mINFO[m] [1m--- [0;32mmaven-clean-plugin:2.5:clean[m [1m(default-clean)[m @ [36mstarter[0;1m ---[m
[[1;34mINFO[m] Deleting /home/travis/build/failed/igniterealtime/Openfire/starter/target
[[1;34mINFO[m] 
[[1;34mINFO[m] [1m--- [0;32mmaven-resources-plugin:2.7:resources[m [1m(default-resources)[m @ [36mstarter[0;1m ---[m
[[1;34mINFO[m] Using 'UTF-8' encoding to copy filtered resources.
[[1;34mINFO[m] Copying 1 resource
[[1;34mINFO[m] Copying 11 resources
[[1;34mINFO[m] 
[[1;34mINFO[m] [1m--- [0;32mmaven-compiler-plugin:3.3:compile[m [1m(default-compile)[m @ [36mstarter[0;1m ---[m
[[1;34mINFO[m] Changes detected - recompiling the module!
[[1;34mINFO[m] Compiling 8 source files to /home/travis/build/failed/igniterealtime/Openfire/starter/target/classes
[[1;34mINFO[m] /home/travis/build/failed/igniterealtime/Openfire/src/java/org/jivesoftware/openfire/starter/ServerStarter.java: /home/travis/build/failed/igniterealtime/Openfire/src/java/org/jivesoftware/openfire/starter/ServerStarter.java uses or overrides a deprecated API.
[[1;34mINFO[m] /home/travis/build/failed/igniterealtime/Openfire/src/java/org/jivesoftware/openfire/starter/ServerStarter.java: Recompile with -Xlint:deprecation for details.
[[1;34mINFO[m] 
[[1;34mINFO[m] [1m--- [0;32mmaven-resources-plugin:2.7:testResources[m [1m(default-testResources)[m @ [36mstarter[0;1m ---[m
[[1;34mINFO[m] Using 'UTF-8' encoding to copy filtered resources.
[[1;34mINFO[m] skip non existing resourceDirectory /home/travis/build/failed/igniterealtime/Openfire/starter/src/test/resources
[[1;34mINFO[m] 
[[1;34mINFO[m] [1m--- [0;32mmaven-compiler-plugin:3.3:testCompile[m [1m(default-testCompile)[m @ [36mstarter[0;1m ---[m
[[1;34mINFO[m] No sources to compile
[[1;34mINFO[m] 
[[1;34mINFO[m] [1m--- [0;32mmaven-surefire-plugin:2.12.4:test[m [1m(default-test)[m @ [36mstarter[0;1m ---[m
[[1;34mINFO[m] No tests to run.
[[1;34mINFO[m] 
[[1;34mINFO[m] [1m--- [0;32mmaven-jar-plugin:2.6:jar[m [1m(default-jar)[m @ [36mstarter[0;1m ---[m
[[1;34mINFO[m] Building jar: /home/travis/build/failed/igniterealtime/Openfire/target/openfire/lib/startup.jar
[[1;34mINFO[m] 
[[1;34mINFO[m] [1m------------------------------------------------------------------------[m
[[1;34mINFO[m] [1mBuilding Openfire Plugins 4.2.0-SNAPSHOT[m
[[1;34mINFO[m] [1m------------------------------------------------------------------------[m
[[1;34mINFO[m] 
[[1;34mINFO[m] [1m--- [0;32mmaven-clean-plugin:2.5:clean[m [1m(default-clean)[m @ [36mplugins[0;1m ---[m
[[1;34mINFO[m] 
[[1;34mINFO[m] [1m------------------------------------------------------------------------[m
[[1;34mINFO[m] [1mBuilding Openfire Plugin Assembly Descriptor 4.2.0-SNAPSHOT[m
[[1;34mINFO[m] [1m------------------------------------------------------------------------[m
[[1;34mINFO[m] 
[[1;34mINFO[m] [1m--- [0;32mmaven-clean-plugin:2.5:clean[m [1m(default-clean)[m @ [36mopenfire-plugin-assembly-descriptor[0;1m ---[m
[[1;34mINFO[m] Deleting /home/travis/build/failed/igniterealtime/Openfire/src/plugins/openfire-plugin-assembly-descriptor/target
[[1;34mINFO[m] 
[[1;34mINFO[m] [1m--- [0;32mmaven-resources-plugin:2.6:resources[m [1m(default-resources)[m @ [36mopenfire-plugin-assembly-descriptor[0;1m ---[m
[[1;34mINFO[m] Using 'UTF-8' encoding to copy filtered resources.
[[1;34mINFO[m] Copying 1 resource
[[1;34mINFO[m] 
[[1;34mINFO[m] [1m--- [0;32mmaven-compiler-plugin:3.3:compile[m [1m(default-compile)[m @ [36mopenfire-plugin-assembly-descriptor[0;1m ---[m
[[1;34mINFO[m] No sources to compile
[[1;34mINFO[m] 
[[1;34mINFO[m] [1m--- [0;32mmaven-resources-plugin:2.6:testResources[m [1m(default-testResources)[m @ [36mopenfire-plugin-assembly-descriptor[0;1m ---[m
[[1;34mINFO[m] Using 'UTF-8' encoding to copy filtered resources.
[[1;34mINFO[m] skip non existing resourceDirectory /home/travis/build/failed/igniterealtime/Openfire/src/plugins/openfire-plugin-assembly-descriptor/src/test/resources
[[1;34mINFO[m] 
[[1;34mINFO[m] [1m--- [0;32mmaven-compiler-plugin:3.3:testCompile[m [1m(default-testCompile)[m @ [36mopenfire-plugin-assembly-descriptor[0;1m ---[m
[[1;34mINFO[m] No sources to compile
[[1;34mINFO[m] 
[[1;34mINFO[m] [1m--- [0;32mmaven-surefire-plugin:2.12.4:test[m [1m(default-test)[m @ [36mopenfire-plugin-assembly-descriptor[0;1m ---[m
[[1;34mINFO[m] No tests to run.
[[1;34mINFO[m] 
[[1;34mINFO[m] [1m--- [0;32mmaven-jar-plugin:2.4:jar[m [1m(default-jar)[m @ [36mopenfire-plugin-assembly-descriptor[0;1m ---[m
[[1;34mINFO[m] Building jar: /home/travis/build/failed/igniterealtime/Openfire/src/plugins/openfire-plugin-assembly-descriptor/target/openfire-plugin-assembly-descriptor-4.2.0-SNAPSHOT.jar
[[1;34mINFO[m] 
[[1;34mINFO[m] [1m------------------------------------------------------------------------[m
[[1;34mINFO[m] [1mBuilding Bookmarks Plugin 1.0.0[m
[[1;34mINFO[m] [1m------------------------------------------------------------------------[m
[[1;34mINFO[m] 
[[1;34mINFO[m] [1m--- [0;32mmaven-clean-plugin:2.5:clean[m [1m(default-clean)[m @ [36mbookmarks[0;1m ---[m
[[1;34mINFO[m] Deleting /home/travis/build/failed/igniterealtime/Openfire/src/plugins/bookmarks/target
[[1;34mINFO[m] 
[[1;34mINFO[m] [1m--- [0;32mmaven-resources-plugin:2.6:resources[m [1m(default-resources)[m @ [36mbookmarks[0;1m ---[m
[[1;34mINFO[m] Using 'UTF-8' encoding to copy filtered resources.
[[1;34mINFO[m] skip non existing resourceDirectory /home/travis/build/failed/igniterealtime/Openfire/src/plugins/bookmarks/src/main/resources
[[1;34mINFO[m] 
[[1;34mINFO[m] [1m--- [0;32mmaven-compiler-plugin:3.3:compile[m [1m(default-compile)[m @ [36mbookmarks[0;1m ---[m
[[1;34mINFO[m] Changes detected - recompiling the module!
[[1;34mINFO[m] Compiling 4 source files to /home/travis/build/failed/igniterealtime/Openfire/src/plugins/bookmarks/target/classes
[[1;34mINFO[m] /home/travis/build/failed/igniterealtime/Openfire/src/plugins/bookmarks/src/java/org/jivesoftware/openfire/plugin/spark/BookmarkInterceptor.java: /home/travis/build/failed/igniterealtime/Openfire/src/plugins/bookmarks/src/java/org/jivesoftware/openfire/plugin/spark/BookmarkInterceptor.java uses unchecked or unsafe operations.
[[1;34mINFO[m] /home/travis/build/failed/igniterealtime/Openfire/src/plugins/bookmarks/src/java/org/jivesoftware/openfire/plugin/spark/BookmarkInterceptor.java: Recompile with -Xlint:unchecked for details.
[[1;34mINFO[m] 
[[1;34mINFO[m] [1m--- [0;32mmaven-resources-plugin:2.6:testResources[m [1m(default-testResources)[m @ [36mbookmarks[0;1m ---[m
[[1;34mINFO[m] Using 'UTF-8' encoding to copy filtered resources.
[[1;34mINFO[m] skip non existing resourceDirectory /home/travis/build/failed/igniterealtime/Openfire/src/plugins/bookmarks/src/test/resources
[[1;34mINFO[m] 
[[1;34mINFO[m] [1m--- [0;32mmaven-compiler-plugin:3.3:testCompile[m [1m(default-testCompile)[m @ [36mbookmarks[0;1m ---[m
[[1;34mINFO[m] No sources to compile
[[1;34mINFO[m] 
[[1;34mINFO[m] [1m--- [0;32mmaven-surefire-plugin:2.12.4:test[m [1m(default-test)[m @ [36mbookmarks[0;1m ---[m
[[1;34mINFO[m] No tests to run.
[[1;34mINFO[m] 
[[1;34mINFO[m] [1m--- [0;32mmaven-jar-plugin:2.4:jar[m [1m(default-jar)[m @ [36mbookmarks[0;1m ---[m
[[1;34mINFO[m] Building jar: /home/travis/build/failed/igniterealtime/Openfire/src/plugins/bookmarks/target/bookmarks-1.0.0.jar
[[1;34mINFO[m] 
[[1;34mINFO[m] [1m--- [0;32mmaven-assembly-plugin:2.6:single[m [1m(make-assembly)[m @ [36mbookmarks[0;1m ---[m
[[1;33mWARNING[m] The assembly descriptor contains a filesystem-root relative reference, which is not cross platform compatible /
[[1;34mINFO[m] Building jar: /home/travis/build/failed/igniterealtime/Openfire/src/plugins/bookmarks/target/bookmarks.jar
[[1;34mINFO[m] 
[[1;34mINFO[m] [1m------------------------------------------------------------------------[m
[[1;34mINFO[m] [1mBuilding Broadcast Plugin 1.9.0[m
[[1;34mINFO[m] [1m------------------------------------------------------------------------[m
[[1;34mINFO[m] 
[[1;34mINFO[m] [1m--- [0;32mmaven-clean-plugin:2.5:clean[m [1m(default-clean)[m @ [36mbroadcast[0;1m ---[m
[[1;34mINFO[m] Deleting /home/travis/build/failed/igniterealtime/Openfire/src/plugins/broadcast/target
[[1;34mINFO[m] 
[[1;34mINFO[m] [1m--- [0;32mmaven-resources-plugin:2.6:resources[m [1m(default-resources)[m @ [36mbroadcast[0;1m ---[m
[[1;34mINFO[m] Using 'UTF-8' encoding to copy filtered resources.
[[1;34mINFO[m] skip non existing resourceDirectory /home/travis/build/failed/igniterealtime/Openfire/src/plugins/broadcast/src/main/resources
[[1;34mINFO[m] 
[[1;34mINFO[m] [1m--- [0;32mmaven-compiler-plugin:3.3:compile[m [1m(default-compile)[m @ [36mbroadcast[0;1m ---[m
[[1;34mINFO[m] Changes detected - recompiling the module!
[[1;34mINFO[m] Compiling 1 source file to /home/travis/build/failed/igniterealtime/Openfire/src/plugins/broadcast/target/classes
[[1;34mINFO[m] /home/travis/build/failed/igniterealtime/Openfire/src/plugins/broadcast/src/java/org/jivesoftware/openfire/plugin/BroadcastPlugin.java: /home/travis/build/failed/igniterealtime/Openfire/src/plugins/broadcast/src/java/org/jivesoftware/openfire/plugin/BroadcastPlugin.java uses or overrides a deprecated API.
[[1;34mINFO[m] /home/travis/build/failed/igniterealtime/Openfire/src/plugins/broadcast/src/java/org/jivesoftware/openfire/plugin/BroadcastPlugin.java: Recompile with -Xlint:deprecation for details.
[[1;34mINFO[m] 
[[1;34mINFO[m] [1m--- [0;32mmaven-resources-plugin:2.6:testResources[m [1m(default-testResources)[m @ [36mbroadcast[0;1m ---[m
[[1;34mINFO[m] Using 'UTF-8' encoding to copy filtered resources.
[[1;34mINFO[m] skip non existing resourceDirectory /home/travis/build/failed/igniterealtime/Openfire/src/plugins/broadcast/src/test/resources
[[1;34mINFO[m] 
[[1;34mINFO[m] [1m--- [0;32mmaven-compiler-plugin:3.3:testCompile[m [1m(default-testCompile)[m @ [36mbroadcast[0;1m ---[m
[[1;34mINFO[m] No sources to compile
[[1;34mINFO[m] 
[[1;34mINFO[m] [1m--- [0;32mmaven-surefire-plugin:2.12.4:test[m [1m(default-test)[m @ [36mbroadcast[0;1m ---[m
[[1;34mINFO[m] No tests to run.
[[1;34mINFO[m] 
[[1;34mINFO[m] [1m--- [0;32mmaven-jar-plugin:2.4:jar[m [1m(default-jar)[m @ [36mbroadcast[0;1m ---[m
[[1;34mINFO[m] Building jar: /home/travis/build/failed/igniterealtime/Openfire/src/plugins/broadcast/target/broadcast-1.9.0.jar
[[1;34mINFO[m] 
[[1;34mINFO[m] [1m--- [0;32mmaven-assembly-plugin:2.6:single[m [1m(make-assembly)[m @ [36mbroadcast[0;1m ---[m
[[1;33mWARNING[m] The assembly descriptor contains a filesystem-root relative reference, which is not cross platform compatible /
[[1;34mINFO[m] Building jar: /home/travis/build/failed/igniterealtime/Openfire/src/plugins/broadcast/target/broadcast.jar
[[1;34mINFO[m] 
[[1;34mINFO[m] [1m------------------------------------------------------------------------[m
[[1;34mINFO[m] [1mBuilding Callback on Offline Plugin 1.0[m
[[1;34mINFO[m] [1m------------------------------------------------------------------------[m
[[1;34mINFO[m] 
[[1;34mINFO[m] [1m--- [0;32mmaven-clean-plugin:2.5:clean[m [1m(default-clean)[m @ [36mcallbackOnOffline[0;1m ---[m
[[1;34mINFO[m] Deleting /home/travis/build/failed/igniterealtime/Openfire/src/plugins/callbackOnOffline/target
[[1;34mINFO[m] 
[[1;34mINFO[m] [1m--- [0;32mmaven-resources-plugin:2.6:resources[m [1m(default-resources)[m @ [36mcallbackOnOffline[0;1m ---[m
[[1;34mINFO[m] Using 'UTF-8' encoding to copy filtered resources.
[[1;34mINFO[m] skip non existing resourceDirectory /home/travis/build/failed/igniterealtime/Openfire/src/plugins/callbackOnOffline/src/main/resources
[[1;34mINFO[m] 
[[1;34mINFO[m] [1m--- [0;32mmaven-compiler-plugin:3.3:compile[m [1m(default-compile)[m @ [36mcallbackOnOffline[0;1m ---[m
[[1;34mINFO[m] Changes detected - recompiling the module!
[[1;34mINFO[m] Compiling 1 source file to /home/travis/build/failed/igniterealtime/Openfire/src/plugins/callbackOnOffline/target/classes
[[1;34mINFO[m] 
[[1;34mINFO[m] [1m--- [0;32mmaven-resources-plugin:2.6:testResources[m [1m(default-testResources)[m @ [36mcallbackOnOffline[0;1m ---[m
[[1;34mINFO[m] Using 'UTF-8' encoding to copy filtered resources.
[[1;34mINFO[m] skip non existing resourceDirectory /home/travis/build/failed/igniterealtime/Openfire/src/plugins/callbackOnOffline/src/test/resources
[[1;34mINFO[m] 
[[1;34mINFO[m] [1m--- [0;32mmaven-compiler-plugin:3.3:testCompile[m [1m(default-testCompile)[m @ [36mcallbackOnOffline[0;1m ---[m
[[1;34mINFO[m] No sources to compile
[[1;34mINFO[m] 
[[1;34mINFO[m] [1m--- [0;32mmaven-surefire-plugin:2.12.4:test[m [1m(default-test)[m @ [36mcallbackOnOffline[0;1m ---[m
[[1;34mINFO[m] No tests to run.
[[1;34mINFO[m] 
[[1;34mINFO[m] [1m--- [0;32mmaven-jar-plugin:2.4:jar[m [1m(default-jar)[m @ [36mcallbackOnOffline[0;1m ---[m
[[1;34mINFO[m] Building jar: /home/travis/build/failed/igniterealtime/Openfire/src/plugins/callbackOnOffline/target/callbackOnOffline-1.0.jar
[[1;34mINFO[m] 
[[1;34mINFO[m] [1m--- [0;32mmaven-assembly-plugin:2.6:single[m [1m(make-assembly)[m @ [36mcallbackOnOffline[0;1m ---[m
[[1;33mWARNING[m] The assembly descriptor contains a filesystem-root relative reference, which is not cross platform compatible /
[[1;34mINFO[m] Building jar: /home/travis/build/failed/igniterealtime/Openfire/src/plugins/callbackOnOffline/target/callbackOnOffline.jar
[[1;34mINFO[m] 
[[1;34mINFO[m] [1m------------------------------------------------------------------------[m
[[1;34mINFO[m] [1mBuilding Administration Interface Taglibs 4.2.0-SNAPSHOT[m
[[1;34mINFO[m] [1m------------------------------------------------------------------------[m
[[1;34mINFO[m] 
[[1;34mINFO[m] [1m--- [0;32mmaven-clean-plugin:2.5:clean[m [1m(default-clean)[m @ [36mwebadmintld[0;1m ---[m
[[1;34mINFO[m] Deleting /home/travis/build/failed/igniterealtime/Openfire/webadmintld/target
[[1;34mINFO[m] 
[[1;34mINFO[m] [1m--- [0;32mmaven-resources-plugin:2.7:resources[m [1m(default-resources)[m @ [36mwebadmintld[0;1m ---[m
[[1;34mINFO[m] Using 'UTF-8' encoding to copy filtered resources.
[[1;34mINFO[m] Copying 3 resources
[[1;34mINFO[m] 
[[1;34mINFO[m] [1m--- [0;32mmaven-compiler-plugin:3.3:compile[m [1m(default-compile)[m @ [36mwebadmintld[0;1m ---[m
[[1;34mINFO[m] Changes detected - recompiling the module!
[[1;34mINFO[m] Compiling 6 source files to /home/travis/build/failed/igniterealtime/Openfire/webadmintld/target/classes
[[1;34mINFO[m] /home/travis/build/failed/igniterealtime/Openfire/src/java/org/jivesoftware/admin/SubnavTag.java: Some input files use or override a deprecated API.
[[1;34mINFO[m] /home/travis/build/failed/igniterealtime/Openfire/src/java/org/jivesoftware/admin/SubnavTag.java: Recompile with -Xlint:deprecation for details.
[[1;34mINFO[m] 
[[1;34mINFO[m] [1m--- [0;32mmaven-resources-plugin:2.7:testResources[m [1m(default-testResources)[m @ [36mwebadmintld[0;1m ---[m
[[1;34mINFO[m] Using 'UTF-8' encoding to copy filtered resources.
[[1;34mINFO[m] skip non existing resourceDirectory /home/travis/build/failed/igniterealtime/Openfire/webadmintld/src/test/resources
[[1;34mINFO[m] 
[[1;34mINFO[m] [1m--- [0;32mmaven-compiler-plugin:3.3:testCompile[m [1m(default-testCompile)[m @ [36mwebadmintld[0;1m ---[m
[[1;34mINFO[m] No sources to compile
[[1;34mINFO[m] 
[[1;34mINFO[m] [1m--- [0;32mmaven-surefire-plugin:2.12.4:test[m [1m(default-test)[m @ [36mwebadmintld[0;1m ---[m
[[1;34mINFO[m] No tests to run.
[[1;34mINFO[m] 
[[1;34mINFO[m] [1m--- [0;32mmaven-jar-plugin:2.6:jar[m [1m(default-jar)[m @ [36mwebadmintld[0;1m ---[m
[[1;34mINFO[m] Building jar: /home/travis/build/failed/igniterealtime/Openfire/webadmintld/target/webadmintld-4.2.0-SNAPSHOT.jar
[[1;34mINFO[m] 
[[1;34mINFO[m] [1m------------------------------------------------------------------------[m
[[1;34mINFO[m] [1mBuilding Candy Webchat Plugin 2.2.0-release-2[m
[[1;34mINFO[m] [1m------------------------------------------------------------------------[m
[[1;34mINFO[m] 
[[1;34mINFO[m] [1m--- [0;32mmaven-clean-plugin:2.5:clean[m [1m(default-clean)[m @ [36mcandy[0;1m ---[m
[[1;34mINFO[m] Deleting /home/travis/build/failed/igniterealtime/Openfire/src/plugins/candy/target
[[1;34mINFO[m] 
[[1;34mINFO[m] [1m--- [0;32mmaven-resources-plugin:2.6:resources[m [1m(default-resources)[m @ [36mcandy[0;1m ---[m
[[1;34mINFO[m] Using 'UTF-8' encoding to copy filtered resources.
[[1;34mINFO[m] skip non existing resourceDirectory /home/travis/build/failed/igniterealtime/Openfire/src/plugins/candy/src/main/resources
[[1;34mINFO[m] 
[[1;34mINFO[m] [1m--- [0;32mmaven-compiler-plugin:3.3:compile[m [1m(default-compile)[m @ [36mcandy[0;1m ---[m
[[1;34mINFO[m] Changes detected - recompiling the module!
[[1;34mINFO[m] Compiling 3 source files to /home/travis/build/failed/igniterealtime/Openfire/src/plugins/candy/target/classes
[[1;34mINFO[m] 
[[1;34mINFO[m] [1m--- [0;32mjetty-jspc-maven-plugin:9.2.14.v20151106:jspc[m [1m(jspc)[m @ [36mcandy[0;1m ---[m
[[1;34mINFO[m] Logging initialized @101259ms
[[1;34mINFO[m] Compiling candy-config.jsp
[[1;34mINFO[m] Includes=**/*.jsp, **/*.jspx
[[1;34mINFO[m] Excludes=null
[[1;34mINFO[m] Files selected to precompile: candy-config.jsp
[[1;34mINFO[m] 
[[1;34mINFO[m] [1m--- [0;32mmaven-resources-plugin:2.6:testResources[m [1m(default-testResources)[m @ [36mcandy[0;1m ---[m
[[1;34mINFO[m] Using 'UTF-8' encoding to copy filtered resources.
[[1;34mINFO[m] skip non existing resourceDirectory /home/travis/build/failed/igniterealtime/Openfire/src/plugins/candy/src/test/resources
[[1;34mINFO[m] 
[[1;34mINFO[m] [1m--- [0;32mmaven-compiler-plugin:3.3:testCompile[m [1m(default-testCompile)[m @ [36mcandy[0;1m ---[m
[[1;34mINFO[m] No sources to compile
[[1;34mINFO[m] 
[[1;34mINFO[m] [1m--- [0;32mmaven-surefire-plugin:2.12.4:test[m [1m(default-test)[m @ [36mcandy[0;1m ---[m
[[1;34mINFO[m] No tests to run.
[[1;34mINFO[m] 
[[1;34mINFO[m] [1m--- [0;32mmaven-jar-plugin:2.4:jar[m [1m(default-jar)[m @ [36mcandy[0;1m ---[m
[[1;34mINFO[m] Building jar: /home/travis/build/failed/igniterealtime/Openfire/src/plugins/candy/target/candy-2.2.0-release-2.jar
[[1;34mINFO[m] 
[[1;34mINFO[m] [1m--- [0;32mmaven-assembly-plugin:2.6:single[m [1m(make-assembly)[m @ [36mcandy[0;1m ---[m
[[1;33mWARNING[m] The assembly descriptor contains a filesystem-root relative reference, which is not cross platform compatible /
[[1;34mINFO[m] Building jar: /home/travis/build/failed/igniterealtime/Openfire/src/plugins/candy/target/candy.jar
[[1;34mINFO[m] 
[[1;34mINFO[m] [1m------------------------------------------------------------------------[m
[[1;34mINFO[m] [1mBuilding ClientControl Plugin 2.1.2[m
[[1;34mINFO[m] [1m------------------------------------------------------------------------[m
[[1;34mINFO[m] 
[[1;34mINFO[m] [1m--- [0;32mmaven-clean-plugin:2.5:clean[m [1m(default-clean)[m @ [36mclientControl[0;1m ---[m
[[1;34mINFO[m] Deleting /home/travis/build/failed/igniterealtime/Openfire/src/plugins/clientControl/target
[[1;34mINFO[m] 
[[1;34mINFO[m] [1m--- [0;32mmaven-resources-plugin:2.6:resources[m [1m(default-resources)[m @ [36mclientControl[0;1m ---[m
[[1;34mINFO[m] Using 'UTF-8' encoding to copy filtered resources.
[[1;34mINFO[m] skip non existing resourceDirectory /home/travis/build/failed/igniterealtime/Openfire/src/plugins/clientControl/src/main/resources
[[1;34mINFO[m] 
[[1;34mINFO[m] [1m--- [0;32mmaven-compiler-plugin:3.3:compile[m [1m(default-compile)[m @ [36mclientControl[0;1m ---[m
[[1;34mINFO[m] Changes detected - recompiling the module!
[[1;34mINFO[m] Compiling 7 source files to /home/travis/build/failed/igniterealtime/Openfire/src/plugins/clientControl/target/classes
[[1;34mINFO[m] 
[[1;34mINFO[m] [1m--- [0;32mjetty-jspc-maven-plugin:9.2.14.v20151106:jspc[m [1m(jspc)[m @ [36mclientControl[0;1m ---[m
[[1;34mINFO[m] Compiling client-features.jsp,permitted-clients.jsp,spark-download.jsp,spark-form.jsp
[[1;34mINFO[m] Includes=**/*.jsp, **/*.jspx
[[1;34mINFO[m] Excludes=null
[[1;34mINFO[m] Files selected to precompile: client-features.jsp,permitted-clients.jsp,spark-download.jsp,spark-form.jsp
[[1;34mINFO[m] /home/travis/build/failed/igniterealtime/Openfire/src/plugins/clientControl/src/java/../web/WEB-INF/web.xml does not exist, cannot merge with generated fragment
[[1;34mINFO[m] 
[[1;34mINFO[m] [1m--- [0;32mmaven-resources-plugin:2.6:testResources[m [1m(default-testResources)[m @ [36mclientControl[0;1m ---[m
[[1;34mINFO[m] Using 'UTF-8' encoding to copy filtered resources.
[[1;34mINFO[m] skip non existing resourceDirectory /home/travis/build/failed/igniterealtime/Openfire/src/plugins/clientControl/src/test/resources
[[1;34mINFO[m] 
[[1;34mINFO[m] [1m--- [0;32mmaven-compiler-plugin:3.3:testCompile[m [1m(default-testCompile)[m @ [36mclientControl[0;1m ---[m
[[1;34mINFO[m] No sources to compile
[[1;34mINFO[m] 
[[1;34mINFO[m] [1m--- [0;32mmaven-surefire-plugin:2.12.4:test[m [1m(default-test)[m @ [36mclientControl[0;1m ---[m
[[1;34mINFO[m] No tests to run.
[[1;34mINFO[m] 
[[1;34mINFO[m] [1m--- [0;32mmaven-jar-plugin:2.4:jar[m [1m(default-jar)[m @ [36mclientControl[0;1m ---[m
[[1;34mINFO[m] Building jar: /home/travis/build/failed/igniterealtime/Openfire/src/plugins/clientControl/target/clientControl-2.1.2.jar
[[1;34mINFO[m] 
[[1;34mINFO[m] [1m--- [0;32mmaven-assembly-plugin:2.6:single[m [1m(make-assembly)[m @ [36mclientControl[0;1m ---[m
[[1;33mWARNING[m] The assembly descriptor contains a filesystem-root relative reference, which is not cross platform compatible /
[[1;34mINFO[m] Building jar: /home/travis/build/failed/igniterealtime/Openfire/src/plugins/clientControl/target/clientControl.jar
[[1;34mINFO[m] 
[[1;34mINFO[m] [1m------------------------------------------------------------------------[m
[[1;34mINFO[m] [1mBuilding ContentFilter Plugin 1.8.0[m
[[1;34mINFO[m] [1m------------------------------------------------------------------------[m
[[1;34mINFO[m] 
[[1;34mINFO[m] [1m--- [0;32mmaven-clean-plugin:2.5:clean[m [1m(default-clean)[m @ [36mcontentFilter[0;1m ---[m
[[1;34mINFO[m] Deleting /home/travis/build/failed/igniterealtime/Openfire/src/plugins/contentFilter/target
[[1;34mINFO[m] 
[[1;34mINFO[m] [1m--- [0;32mmaven-resources-plugin:2.6:resources[m [1m(default-resources)[m @ [36mcontentFilter[0;1m ---[m
[[1;34mINFO[m] Using 'UTF-8' encoding to copy filtered resources.
[[1;34mINFO[m] skip non existing resourceDirectory /home/travis/build/failed/igniterealtime/Openfire/src/plugins/contentFilter/src/main/resources
[[1;34mINFO[m] 
[[1;34mINFO[m] [1m--- [0;32mmaven-compiler-plugin:3.3:compile[m [1m(default-compile)[m @ [36mcontentFilter[0;1m ---[m
[[1;34mINFO[m] Changes detected - recompiling the module!
[[1;34mINFO[m] Compiling 2 source files to /home/travis/build/failed/igniterealtime/Openfire/src/plugins/contentFilter/target/classes
[[1;34mINFO[m] /home/travis/build/failed/igniterealtime/Openfire/src/plugins/contentFilter/src/java/org/jivesoftware/openfire/plugin/ContentFilter.java: /home/travis/build/failed/igniterealtime/Openfire/src/plugins/contentFilter/src/java/org/jivesoftware/openfire/plugin/ContentFilter.java uses unchecked or unsafe operations.
[[1;34mINFO[m] /home/travis/build/failed/igniterealtime/Openfire/src/plugins/contentFilter/src/java/org/jivesoftware/openfire/plugin/ContentFilter.java: Recompile with -Xlint:unchecked for details.
[[1;34mINFO[m] 
[[1;34mINFO[m] [1m--- [0;32mmaven-resources-plugin:2.6:testResources[m [1m(default-testResources)[m @ [36mcontentFilter[0;1m ---[m
[[1;34mINFO[m] Using 'UTF-8' encoding to copy filtered resources.
[[1;34mINFO[m] skip non existing resourceDirectory /home/travis/build/failed/igniterealtime/Openfire/src/plugins/contentFilter/src/test/resources
[[1;34mINFO[m] 
[[1;34mINFO[m] [1m--- [0;32mmaven-compiler-plugin:3.3:testCompile[m [1m(default-testCompile)[m @ [36mcontentFilter[0;1m ---[m
[[1;34mINFO[m] Changes detected - recompiling the module!
[[1;34mINFO[m] Compiling 1 source file to /home/travis/build/failed/igniterealtime/Openfire/src/plugins/contentFilter/target/test-classes
[[1;34mINFO[m] 
[[1;34mINFO[m] [1m--- [0;32mmaven-surefire-plugin:2.12.4:test[m [1m(default-test)[m @ [36mcontentFilter[0;1m ---[m
[[1;34mINFO[m] Surefire report directory: /home/travis/build/failed/igniterealtime/Openfire/src/plugins/contentFilter/target/surefire-reports

-------------------------------------------------------
 T E S T S
-------------------------------------------------------
Picked up _JAVA_OPTIONS: -Xmx2048m -Xms512m
Running org.jivesoftware.openfire.plugin.ContentFilterTest
SLF4J: Class path contains multiple SLF4J bindings.
SLF4J: Found binding in [jar:file:/home/travis/build/failed/igniterealtime/Openfire/target/openfire/lib/slf4j-log4j12-1.7.7.jar!/org/slf4j/impl/StaticLoggerBinder.class]
SLF4J: Found binding in [jar:file:/home/travis/.m2/failed/org/slf4j/slf4j-log4j12/1.7.7/slf4j-log4j12-1.7.7.jar!/org/slf4j/impl/StaticLoggerBinder.class]
SLF4J: See http://www.slf4j.org/codes.html#multiple_bindings for an explanation.
SLF4J: Actual binding is of type [org.slf4j.impl.Log4jLoggerFactory]
<presence><status>fox is now online!</status></presence>
Tests run: 11, Failures: 0, Errors: 0, Skipped: 0, Time elapsed: 0.184 sec

Results :

Tests run: 11, Failures: 0, Errors: 0, Skipped: 0

[[1;34mINFO[m] 
[[1;34mINFO[m] [1m--- [0;32mmaven-jar-plugin:2.4:jar[m [1m(default-jar)[m @ [36mcontentFilter[0;1m ---[m
[[1;34mINFO[m] Building jar: /home/travis/build/failed/igniterealtime/Openfire/src/plugins/contentFilter/target/contentFilter-1.8.0.jar
[[1;34mINFO[m] 
[[1;34mINFO[m] [1m--- [0;32mmaven-assembly-plugin:2.6:single[m [1m(make-assembly)[m @ [36mcontentFilter[0;1m ---[m
[[1;33mWARNING[m] The assembly descriptor contains a filesystem-root relative reference, which is not cross platform compatible /
[[1;34mINFO[m] Building jar: /home/travis/build/failed/igniterealtime/Openfire/src/plugins/contentFilter/target/contentFilter.jar
[[1;34mINFO[m] 
[[1;34mINFO[m] [1m------------------------------------------------------------------------[m
[[1;34mINFO[m] [1mBuilding DB Access Plugin 1.2.0[m
[[1;34mINFO[m] [1m------------------------------------------------------------------------[m
[[1;34mINFO[m] 
[[1;34mINFO[m] [1m--- [0;32mmaven-clean-plugin:2.5:clean[m [1m(default-clean)[m @ [36mdbaccess[0;1m ---[m
[[1;34mINFO[m] Deleting /home/travis/build/failed/igniterealtime/Openfire/src/plugins/dbaccess/target
[[1;34mINFO[m] 
[[1;34mINFO[m] [1m--- [0;32mmaven-resources-plugin:2.6:resources[m [1m(default-resources)[m @ [36mdbaccess[0;1m ---[m
[[1;34mINFO[m] Using 'UTF-8' encoding to copy filtered resources.
[[1;34mINFO[m] skip non existing resourceDirectory /home/travis/build/failed/igniterealtime/Openfire/src/plugins/dbaccess/src/main/resources
[[1;34mINFO[m] 
[[1;34mINFO[m] [1m--- [0;32mmaven-compiler-plugin:3.3:compile[m [1m(default-compile)[m @ [36mdbaccess[0;1m ---[m
[[1;34mINFO[m] Changes detected - recompiling the module!
[[1;34mINFO[m] Compiling 1 source file to /home/travis/build/failed/igniterealtime/Openfire/src/plugins/dbaccess/target/classes
[[1;34mINFO[m] 
[[1;34mINFO[m] [1m--- [0;32mmaven-resources-plugin:2.6:testResources[m [1m(default-testResources)[m @ [36mdbaccess[0;1m ---[m
[[1;34mINFO[m] Using 'UTF-8' encoding to copy filtered resources.
[[1;34mINFO[m] skip non existing resourceDirectory /home/travis/build/failed/igniterealtime/Openfire/src/plugins/dbaccess/src/test/resources
[[1;34mINFO[m] 
[[1;34mINFO[m] [1m--- [0;32mmaven-compiler-plugin:3.3:testCompile[m [1m(default-testCompile)[m @ [36mdbaccess[0;1m ---[m
[[1;34mINFO[m] No sources to compile
[[1;34mINFO[m] 
[[1;34mINFO[m] [1m--- [0;32mmaven-surefire-plugin:2.12.4:test[m [1m(default-test)[m @ [36mdbaccess[0;1m ---[m
[[1;34mINFO[m] No tests to run.
[[1;34mINFO[m] 
[[1;34mINFO[m] [1m--- [0;32mmaven-jar-plugin:2.4:jar[m [1m(default-jar)[m @ [36mdbaccess[0;1m ---[m
[[1;34mINFO[m] Building jar: /home/travis/build/failed/igniterealtime/Openfire/src/plugins/dbaccess/target/dbaccess-1.2.0.jar
[[1;34mINFO[m] 
[[1;34mINFO[m] [1m--- [0;32mmaven-assembly-plugin:2.6:single[m [1m(make-assembly)[m @ [36mdbaccess[0;1m ---[m
[[1;33mWARNING[m] The assembly descriptor contains a filesystem-root relative reference, which is not cross platform compatible /
[[1;34mINFO[m] Building jar: /home/travis/build/failed/igniterealtime/Openfire/src/plugins/dbaccess/target/dbaccess.jar
[[1;34mINFO[m] 
[[1;34mINFO[m] [1m------------------------------------------------------------------------[m
[[1;34mINFO[m] [1mBuilding Email Listener Plugin 1.2.0[m
[[1;34mINFO[m] [1m------------------------------------------------------------------------[m
[[1;34mINFO[m] 
[[1;34mINFO[m] [1m--- [0;32mmaven-clean-plugin:2.5:clean[m [1m(default-clean)[m @ [36memailListener[0;1m ---[m
[[1;34mINFO[m] Deleting /home/travis/build/failed/igniterealtime/Openfire/src/plugins/emailListener/target
[[1;34mINFO[m] 
[[1;34mINFO[m] [1m--- [0;32mmaven-resources-plugin:2.6:resources[m [1m(default-resources)[m @ [36memailListener[0;1m ---[m
[[1;34mINFO[m] Using 'UTF-8' encoding to copy filtered resources.
[[1;34mINFO[m] skip non existing resourceDirectory /home/travis/build/failed/igniterealtime/Openfire/src/plugins/emailListener/src/main/resources
[[1;34mINFO[m] 
[[1;34mINFO[m] [1m--- [0;32mmaven-compiler-plugin:3.3:compile[m [1m(default-compile)[m @ [36memailListener[0;1m ---[m
[[1;34mINFO[m] Changes detected - recompiling the module!
[[1;34mINFO[m] Compiling 2 source files to /home/travis/build/failed/igniterealtime/Openfire/src/plugins/emailListener/target/classes
[[1;34mINFO[m] /home/travis/build/failed/igniterealtime/Openfire/src/plugins/emailListener/src/java/org/jivesoftware/openfire/plugin/emailListener/EmailListener.java: /home/travis/build/failed/igniterealtime/Openfire/src/plugins/emailListener/src/java/org/jivesoftware/openfire/plugin/emailListener/EmailListener.java uses or overrides a deprecated API.
[[1;34mINFO[m] /home/travis/build/failed/igniterealtime/Openfire/src/plugins/emailListener/src/java/org/jivesoftware/openfire/plugin/emailListener/EmailListener.java: Recompile with -Xlint:deprecation for details.
[[1;34mINFO[m] 
[[1;34mINFO[m] [1m--- [0;32mmaven-resources-plugin:2.6:testResources[m [1m(default-testResources)[m @ [36memailListener[0;1m ---[m
[[1;34mINFO[m] Using 'UTF-8' encoding to copy filtered resources.
[[1;34mINFO[m] skip non existing resourceDirectory /home/travis/build/failed/igniterealtime/Openfire/src/plugins/emailListener/src/test/resources
[[1;34mINFO[m] 
[[1;34mINFO[m] [1m--- [0;32mmaven-compiler-plugin:3.3:testCompile[m [1m(default-testCompile)[m @ [36memailListener[0;1m ---[m
[[1;34mINFO[m] No sources to compile
[[1;34mINFO[m] 
[[1;34mINFO[m] [1m--- [0;32mmaven-surefire-plugin:2.12.4:test[m [1m(default-test)[m @ [36memailListener[0;1m ---[m
[[1;34mINFO[m] No tests to run.
[[1;34mINFO[m] 
[[1;34mINFO[m] [1m--- [0;32mmaven-jar-plugin:2.4:jar[m [1m(default-jar)[m @ [36memailListener[0;1m ---[m
[[1;34mINFO[m] Building jar: /home/travis/build/failed/igniterealtime/Openfire/src/plugins/emailListener/target/emailListener-1.2.0.jar
[[1;34mINFO[m] 
[[1;34mINFO[m] [1m--- [0;32mmaven-assembly-plugin:2.6:single[m [1m(make-assembly)[m @ [36memailListener[0;1m ---[m
[[1;33mWARNING[m] The assembly descriptor contains a filesystem-root relative reference, which is not cross platform compatible /
[[1;34mINFO[m] Building jar: /home/travis/build/failed/igniterealtime/Openfire/src/plugins/emailListener/target/emailListener.jar
[[1;34mINFO[m] 
[[1;34mINFO[m] [1m------------------------------------------------------------------------[m
[[1;34mINFO[m] [1mBuilding Email On Away Plugin 1.0.3[m
[[1;34mINFO[m] [1m------------------------------------------------------------------------[m
[[1;34mINFO[m] 
[[1;34mINFO[m] [1m--- [0;32mmaven-clean-plugin:2.5:clean[m [1m(default-clean)[m @ [36memailOnAway[0;1m ---[m
[[1;34mINFO[m] Deleting /home/travis/build/failed/igniterealtime/Openfire/src/plugins/emailOnAway/target
[[1;34mINFO[m] 
[[1;34mINFO[m] [1m--- [0;32mmaven-resources-plugin:2.6:resources[m [1m(default-resources)[m @ [36memailOnAway[0;1m ---[m
[[1;34mINFO[m] Using 'UTF-8' encoding to copy filtered resources.
[[1;34mINFO[m] skip non existing resourceDirectory /home/travis/build/failed/igniterealtime/Openfire/src/plugins/emailOnAway/src/main/resources
[[1;34mINFO[m] 
[[1;34mINFO[m] [1m--- [0;32mmaven-compiler-plugin:3.3:compile[m [1m(default-compile)[m @ [36memailOnAway[0;1m ---[m
[[1;34mINFO[m] Changes detected - recompiling the module!
[[1;34mINFO[m] Compiling 1 source file to /home/travis/build/failed/igniterealtime/Openfire/src/plugins/emailOnAway/target/classes
[[1;34mINFO[m] 
[[1;34mINFO[m] [1m--- [0;32mmaven-resources-plugin:2.6:testResources[m [1m(default-testResources)[m @ [36memailOnAway[0;1m ---[m
[[1;34mINFO[m] Using 'UTF-8' encoding to copy filtered resources.
[[1;34mINFO[m] skip non existing resourceDirectory /home/travis/build/failed/igniterealtime/Openfire/src/plugins/emailOnAway/src/test/resources
[[1;34mINFO[m] 
[[1;34mINFO[m] [1m--- [0;32mmaven-compiler-plugin:3.3:testCompile[m [1m(default-testCompile)[m @ [36memailOnAway[0;1m ---[m
[[1;34mINFO[m] No sources to compile
[[1;34mINFO[m] 
[[1;34mINFO[m] [1m--- [0;32mmaven-surefire-plugin:2.12.4:test[m [1m(default-test)[m @ [36memailOnAway[0;1m ---[m
[[1;34mINFO[m] No tests to run.
[[1;34mINFO[m] 
[[1;34mINFO[m] [1m--- [0;32mmaven-jar-plugin:2.4:jar[m [1m(default-jar)[m @ [36memailOnAway[0;1m ---[m
[[1;34mINFO[m] Building jar: /home/travis/build/failed/igniterealtime/Openfire/src/plugins/emailOnAway/target/emailOnAway-1.0.3.jar
[[1;34mINFO[m] 
[[1;34mINFO[m] [1m--- [0;32mmaven-assembly-plugin:2.6:single[m [1m(make-assembly)[m @ [36memailOnAway[0;1m ---[m
[[1;33mWARNING[m] The assembly descriptor contains a filesystem-root relative reference, which is not cross platform compatible /
[[1;34mINFO[m] Building jar: /home/travis/build/failed/igniterealtime/Openfire/src/plugins/emailOnAway/target/emailOnAway.jar
[[1;34mINFO[m] 
[[1;34mINFO[m] [1m------------------------------------------------------------------------[m
[[1;34mINFO[m] [1mBuilding Fastpath Plugin 4.4.2[m
[[1;34mINFO[m] [1m------------------------------------------------------------------------[m
[[1;34mINFO[m] 
[[1;34mINFO[m] [1m--- [0;32mmaven-clean-plugin:2.5:clean[m [1m(default-clean)[m @ [36mfastpath[0;1m ---[m
[[1;34mINFO[m] Deleting /home/travis/build/failed/igniterealtime/Openfire/src/plugins/fastpath/target
[[1;34mINFO[m] 
[[1;34mINFO[m] [1m--- [0;32mmaven-resources-plugin:2.6:resources[m [1m(default-resources)[m @ [36mfastpath[0;1m ---[m
[[1;34mINFO[m] Using 'UTF-8' encoding to copy filtered resources.
[[1;34mINFO[m] skip non existing resourceDirectory /home/travis/build/failed/igniterealtime/Openfire/src/plugins/fastpath/src/main/resources
[[1;34mINFO[m] 
[[1;34mINFO[m] [1m--- [0;32mmaven-compiler-plugin:3.3:compile[m [1m(default-compile)[m @ [36mfastpath[0;1m ---[m
[[1;34mINFO[m] Changes detected - recompiling the module!
[[1;34mINFO[m] Compiling 124 source files to /home/travis/build/failed/igniterealtime/Openfire/src/plugins/fastpath/target/classes
[[1;34mINFO[m] /home/travis/build/failed/igniterealtime/Openfire/src/plugins/fastpath/src/java/org/jivesoftware/openfire/fastpath/settings/chat/ChatSettingsCreator.java: Some input files use or override a deprecated API.
[[1;34mINFO[m] /home/travis/build/failed/igniterealtime/Openfire/src/plugins/fastpath/src/java/org/jivesoftware/openfire/fastpath/settings/chat/ChatSettingsCreator.java: Recompile with -Xlint:deprecation for details.
[[1;34mINFO[m] /home/travis/build/failed/igniterealtime/Openfire/src/plugins/fastpath/src/java/org/jivesoftware/xmpp/workgroup/request/UserRequest.java: Some input files use unchecked or unsafe operations.
[[1;34mINFO[m] /home/travis/build/failed/igniterealtime/Openfire/src/plugins/fastpath/src/java/org/jivesoftware/xmpp/workgroup/request/UserRequest.java: Recompile with -Xlint:unchecked for details.
[[1;34mINFO[m] 
[[1;34mINFO[m] [1m--- [0;32mmaven-resources-plugin:2.6:testResources[m [1m(default-testResources)[m @ [36mfastpath[0;1m ---[m
[[1;34mINFO[m] Using 'UTF-8' encoding to copy filtered resources.
[[1;34mINFO[m] skip non existing resourceDirectory /home/travis/build/failed/igniterealtime/Openfire/src/plugins/fastpath/src/test/resources
[[1;34mINFO[m] 
[[1;34mINFO[m] [1m--- [0;32mmaven-compiler-plugin:3.3:testCompile[m [1m(default-testCompile)[m @ [36mfastpath[0;1m ---[m
[[1;34mINFO[m] No sources to compile
[[1;34mINFO[m] 
[[1;34mINFO[m] [1m--- [0;32mmaven-surefire-plugin:2.12.4:test[m [1m(default-test)[m @ [36mfastpath[0;1m ---[m
[[1;34mINFO[m] No tests to run.
[[1;34mINFO[m] 
[[1;34mINFO[m] [1m--- [0;32mmaven-jar-plugin:2.4:jar[m [1m(default-jar)[m @ [36mfastpath[0;1m ---[m
[[1;34mINFO[m] Building jar: /home/travis/build/failed/igniterealtime/Openfire/src/plugins/fastpath/target/fastpath-4.4.2.jar
[[1;34mINFO[m] 
[[1;34mINFO[m] [1m--- [0;32mmaven-assembly-plugin:2.6:single[m [1m(make-assembly)[m @ [36mfastpath[0;1m ---[m
[[1;33mWARNING[m] The assembly descriptor contains a filesystem-root relative reference, which is not cross platform compatible /
[[1;34mINFO[m] Building jar: /home/travis/build/failed/igniterealtime/Openfire/src/plugins/fastpath/target/fastpath.jar
[[1;34mINFO[m] 
[[1;34mINFO[m] [1m------------------------------------------------------------------------[m
[[1;34mINFO[m] [1mBuilding Gojara Plugin 2.2.0[m
[[1;34mINFO[m] [1m------------------------------------------------------------------------[m
[[1;34mINFO[m] 
[[1;34mINFO[m] [1m--- [0;32mmaven-clean-plugin:2.5:clean[m [1m(default-clean)[m @ [36mgojara[0;1m ---[m
[[1;34mINFO[m] Deleting /home/travis/build/failed/igniterealtime/Openfire/src/plugins/gojara/target
[[1;34mINFO[m] 
[[1;34mINFO[m] [1m--- [0;32mmaven-resources-plugin:2.6:resources[m [1m(default-resources)[m @ [36mgojara[0;1m ---[m
[[1;34mINFO[m] Using 'UTF-8' encoding to copy filtered resources.
[[1;34mINFO[m] skip non existing resourceDirectory /home/travis/build/failed/igniterealtime/Openfire/src/plugins/gojara/src/main/resources
[[1;34mINFO[m] 
[[1;34mINFO[m] [1m--- [0;32mmaven-compiler-plugin:3.3:compile[m [1m(default-compile)[m @ [36mgojara[0;1m ---[m
[[1;34mINFO[m] Changes detected - recompiling the module!
[[1;34mINFO[m] Compiling 26 source files to /home/travis/build/failed/igniterealtime/Openfire/src/plugins/gojara/target/classes
[[1;34mINFO[m] 
[[1;34mINFO[m] [1m--- [0;32mmaven-resources-plugin:2.6:testResources[m [1m(default-testResources)[m @ [36mgojara[0;1m ---[m
[[1;34mINFO[m] Using 'UTF-8' encoding to copy filtered resources.
[[1;34mINFO[m] skip non existing resourceDirectory /home/travis/build/failed/igniterealtime/Openfire/src/plugins/gojara/src/test/resources
[[1;34mINFO[m] 
[[1;34mINFO[m] [1m--- [0;32mmaven-compiler-plugin:3.3:testCompile[m [1m(default-testCompile)[m @ [36mgojara[0;1m ---[m
[[1;34mINFO[m] No sources to compile
[[1;34mINFO[m] 
[[1;34mINFO[m] [1m--- [0;32mmaven-surefire-plugin:2.12.4:test[m [1m(default-test)[m @ [36mgojara[0;1m ---[m
[[1;34mINFO[m] No tests to run.
[[1;34mINFO[m] 
[[1;34mINFO[m] [1m--- [0;32mmaven-jar-plugin:2.4:jar[m [1m(default-jar)[m @ [36mgojara[0;1m ---[m
[[1;34mINFO[m] Building jar: /home/travis/build/failed/igniterealtime/Openfire/src/plugins/gojara/target/gojara-2.2.0.jar
[[1;34mINFO[m] 
[[1;34mINFO[m] [1m--- [0;32mmaven-assembly-plugin:2.6:single[m [1m(make-assembly)[m @ [36mgojara[0;1m ---[m
[[1;33mWARNING[m] The assembly descriptor contains a filesystem-root relative reference, which is not cross platform compatible /
[[1;34mINFO[m] Building jar: /home/travis/build/failed/igniterealtime/Openfire/src/plugins/gojara/target/gojara.jar
[[1;34mINFO[m] 
[[1;34mINFO[m] [1m------------------------------------------------------------------------[m
[[1;34mINFO[m] [1mBuilding Hazelcast Plugin 2.2.3[m
[[1;34mINFO[m] [1m------------------------------------------------------------------------[m
[[1;34mINFO[m] 
[[1;34mINFO[m] [1m--- [0;32mmaven-clean-plugin:2.5:clean[m [1m(default-clean)[m @ [36mhazelcast[0;1m ---[m
[[1;34mINFO[m] Deleting /home/travis/build/failed/igniterealtime/Openfire/src/plugins/hazelcast/target
[[1;34mINFO[m] 
[[1;34mINFO[m] [1m--- [0;32mmaven-resources-plugin:2.6:resources[m [1m(default-resources)[m @ [36mhazelcast[0;1m ---[m
[[1;34mINFO[m] Using 'UTF-8' encoding to copy filtered resources.
[[1;34mINFO[m] skip non existing resourceDirectory /home/travis/build/failed/igniterealtime/Openfire/src/plugins/hazelcast/src/main/resources
[[1;34mINFO[m] 
[[1;34mINFO[m] [1m--- [0;32mmaven-compiler-plugin:3.3:compile[m [1m(default-compile)[m @ [36mhazelcast[0;1m ---[m
[[1;34mINFO[m] Changes detected - recompiling the module!
[[1;34mINFO[m] Compiling 27 source files to /home/travis/build/failed/igniterealtime/Openfire/src/plugins/hazelcast/target/classes
[[1;34mINFO[m] /home/travis/build/failed/igniterealtime/Openfire/src/plugins/hazelcast/src/java/org/jivesoftware/openfire/plugin/session/ProcessPacketTask.java: Some input files use or override a deprecated API.
[[1;34mINFO[m] /home/travis/build/failed/igniterealtime/Openfire/src/plugins/hazelcast/src/java/org/jivesoftware/openfire/plugin/session/ProcessPacketTask.java: Recompile with -Xlint:deprecation for details.
[[1;34mINFO[m] /home/travis/build/failed/igniterealtime/Openfire/src/plugins/hazelcast/src/java/org/jivesoftware/openfire/plugin/util/cache/ClusteredCache.java: Some input files use unchecked or unsafe operations.
[[1;34mINFO[m] /home/travis/build/failed/igniterealtime/Openfire/src/plugins/hazelcast/src/java/org/jivesoftware/openfire/plugin/util/cache/ClusteredCache.java: Recompile with -Xlint:unchecked for details.
[[1;34mINFO[m] 
[[1;34mINFO[m] [1m--- [0;32mmaven-resources-plugin:2.6:testResources[m [1m(default-testResources)[m @ [36mhazelcast[0;1m ---[m
[[1;34mINFO[m] Using 'UTF-8' encoding to copy filtered resources.
[[1;34mINFO[m] skip non existing resourceDirectory /home/travis/build/failed/igniterealtime/Openfire/src/plugins/hazelcast/src/test/resources
[[1;34mINFO[m] 
[[1;34mINFO[m] [1m--- [0;32mmaven-compiler-plugin:3.3:testCompile[m [1m(default-testCompile)[m @ [36mhazelcast[0;1m ---[m
[[1;34mINFO[m] No sources to compile
[[1;34mINFO[m] 
[[1;34mINFO[m] [1m--- [0;32mmaven-surefire-plugin:2.12.4:test[m [1m(default-test)[m @ [36mhazelcast[0;1m ---[m
[[1;34mINFO[m] No tests to run.
[[1;34mINFO[m] 
[[1;34mINFO[m] [1m--- [0;32mmaven-jar-plugin:2.4:jar[m [1m(default-jar)[m @ [36mhazelcast[0;1m ---[m
[[1;34mINFO[m] Building jar: /home/travis/build/failed/igniterealtime/Openfire/src/plugins/hazelcast/target/hazelcast-2.2.3.jar
[[1;34mINFO[m] 
[[1;34mINFO[m] [1m--- [0;32mmaven-assembly-plugin:2.6:single[m [1m(make-assembly)[m @ [36mhazelcast[0;1m ---[m
[[1;33mWARNING[m] The assembly descriptor contains a filesystem-root relative reference, which is not cross platform compatible /
[[1;34mINFO[m] Building jar: /home/travis/build/failed/igniterealtime/Openfire/src/plugins/hazelcast/target/hazelcast.jar
[[1;34mINFO[m] 
[[1;34mINFO[m] [1m------------------------------------------------------------------------[m
[[1;34mINFO[m] [1mBuilding Inverse Webchat Plugin 3.2.1-release-1[m
[[1;34mINFO[m] [1m------------------------------------------------------------------------[m
[[1;34mINFO[m] 
[[1;34mINFO[m] [1m--- [0;32mmaven-clean-plugin:2.5:clean[m [1m(default-clean)[m @ [36minverse[0;1m ---[m
[[1;34mINFO[m] Deleting /home/travis/build/failed/igniterealtime/Openfire/src/plugins/inverse/target
[[1;34mINFO[m] 
[[1;34mINFO[m] [1m--- [0;32mmaven-resources-plugin:2.6:resources[m [1m(default-resources)[m @ [36minverse[0;1m ---[m
[[1;34mINFO[m] Using 'UTF-8' encoding to copy filtered resources.
[[1;34mINFO[m] skip non existing resourceDirectory /home/travis/build/failed/igniterealtime/Openfire/src/plugins/inverse/src/main/resources
[[1;34mINFO[m] 
[[1;34mINFO[m] [1m--- [0;32mmaven-compiler-plugin:3.3:compile[m [1m(default-compile)[m @ [36minverse[0;1m ---[m
[[1;34mINFO[m] Changes detected - recompiling the module!
[[1;34mINFO[m] Compiling 3 source files to /home/travis/build/failed/igniterealtime/Openfire/src/plugins/inverse/target/classes
[[1;34mINFO[m] 
[[1;34mINFO[m] [1m--- [0;32mjetty-jspc-maven-plugin:9.2.14.v20151106:jspc[m [1m(jspc)[m @ [36minverse[0;1m ---[m
[[1;34mINFO[m] Compiling inverse-config.jsp
[[1;34mINFO[m] Includes=**/*.jsp, **/*.jspx
[[1;34mINFO[m] Excludes=null
[[1;34mINFO[m] Files selected to precompile: inverse-config.jsp
[[1;34mINFO[m] 
[[1;34mINFO[m] [1m--- [0;32mmaven-resources-plugin:2.6:testResources[m [1m(default-testResources)[m @ [36minverse[0;1m ---[m
[[1;34mINFO[m] Using 'UTF-8' encoding to copy filtered resources.
[[1;34mINFO[m] skip non existing resourceDirectory /home/travis/build/failed/igniterealtime/Openfire/src/plugins/inverse/src/test/resources
[[1;34mINFO[m] 
[[1;34mINFO[m] [1m--- [0;32mmaven-compiler-plugin:3.3:testCompile[m [1m(default-testCompile)[m @ [36minverse[0;1m ---[m
[[1;34mINFO[m] No sources to compile
[[1;34mINFO[m] 
[[1;34mINFO[m] [1m--- [0;32mmaven-surefire-plugin:2.12.4:test[m [1m(default-test)[m @ [36minverse[0;1m ---[m
[[1;34mINFO[m] No tests to run.
[[1;34mINFO[m] 
[[1;34mINFO[m] [1m--- [0;32mmaven-jar-plugin:2.4:jar[m [1m(default-jar)[m @ [36minverse[0;1m ---[m
[[1;34mINFO[m] Building jar: /home/travis/build/failed/igniterealtime/Openfire/src/plugins/inverse/target/inverse-3.2.1-release-1.jar
[[1;34mINFO[m] 
[[1;34mINFO[m] [1m--- [0;32mmaven-assembly-plugin:2.6:single[m [1m(make-assembly)[m @ [36minverse[0;1m ---[m
[[1;33mWARNING[m] The assembly descriptor contains a filesystem-root relative reference, which is not cross platform compatible /
[[1;34mINFO[m] Building jar: /home/travis/build/failed/igniterealtime/Openfire/src/plugins/inverse/target/inverse.jar
[[1;34mINFO[m] 
[[1;34mINFO[m] [1m------------------------------------------------------------------------[m
[[1;34mINFO[m] [1mBuilding JMXWeb Plugin 0.0.7[m
[[1;34mINFO[m] [1m------------------------------------------------------------------------[m
[[1;34mINFO[m] 
[[1;34mINFO[m] [1m--- [0;32mmaven-clean-plugin:2.5:clean[m [1m(default-clean)[m @ [36mjmxweb[0;1m ---[m
[[1;34mINFO[m] Deleting /home/travis/build/failed/igniterealtime/Openfire/src/plugins/jmxweb/target
[[1;34mINFO[m] 
[[1;34mINFO[m] [1m--- [0;32mmaven-resources-plugin:2.6:resources[m [1m(default-resources)[m @ [36mjmxweb[0;1m ---[m
[[1;34mINFO[m] Using 'UTF-8' encoding to copy filtered resources.
[[1;34mINFO[m] skip non existing resourceDirectory /home/travis/build/failed/igniterealtime/Openfire/src/plugins/jmxweb/src/main/resources
[[1;34mINFO[m] 
[[1;34mINFO[m] [1m--- [0;32mmaven-compiler-plugin:3.3:compile[m [1m(default-compile)[m @ [36mjmxweb[0;1m ---[m
[[1;34mINFO[m] Changes detected - recompiling the module!
[[1;34mINFO[m] Compiling 26 source files to /home/travis/build/failed/igniterealtime/Openfire/src/plugins/jmxweb/target/classes
[[1;34mINFO[m] /home/travis/build/failed/igniterealtime/Openfire/src/plugins/jmxweb/src/java/com/javamonitor/openfire/mbeans/Openfire.java: Some input files use or override a deprecated API.
[[1;34mINFO[m] /home/travis/build/failed/igniterealtime/Openfire/src/plugins/jmxweb/src/java/com/javamonitor/openfire/mbeans/Openfire.java: Recompile with -Xlint:deprecation for details.
[[1;34mINFO[m] 
[[1;34mINFO[m] [1m--- [0;32mmaven-resources-plugin:2.6:testResources[m [1m(default-testResources)[m @ [36mjmxweb[0;1m ---[m
[[1;34mINFO[m] Using 'UTF-8' encoding to copy filtered resources.
[[1;34mINFO[m] skip non existing resourceDirectory /home/travis/build/failed/igniterealtime/Openfire/src/plugins/jmxweb/src/test/resources
[[1;34mINFO[m] 
[[1;34mINFO[m] [1m--- [0;32mmaven-compiler-plugin:3.3:testCompile[m [1m(default-testCompile)[m @ [36mjmxweb[0;1m ---[m
[[1;34mINFO[m] No sources to compile
[[1;34mINFO[m] 
[[1;34mINFO[m] [1m--- [0;32mmaven-surefire-plugin:2.12.4:test[m [1m(default-test)[m @ [36mjmxweb[0;1m ---[m
[[1;34mINFO[m] No tests to run.
[[1;34mINFO[m] 
[[1;34mINFO[m] [1m--- [0;32mmaven-jar-plugin:2.4:jar[m [1m(default-jar)[m @ [36mjmxweb[0;1m ---[m
[[1;34mINFO[m] Building jar: /home/travis/build/failed/igniterealtime/Openfire/src/plugins/jmxweb/target/jmxweb-0.0.7.jar
[[1;34mINFO[m] 
[[1;34mINFO[m] [1m--- [0;32mmaven-assembly-plugin:2.6:single[m [1m(make-assembly)[m @ [36mjmxweb[0;1m ---[m
[[1;33mWARNING[m] The assembly descriptor contains a filesystem-root relative reference, which is not cross platform compatible /
[[1;34mINFO[m] Building jar: /home/travis/build/failed/igniterealtime/Openfire/src/plugins/jmxweb/target/jmxweb.jar
[[1;34mINFO[m] 
[[1;34mINFO[m] [1m------------------------------------------------------------------------[m
[[1;34mINFO[m] [1mBuilding JustMarried Plugin 1.2.1[m
[[1;34mINFO[m] [1m------------------------------------------------------------------------[m
[[1;34mINFO[m] 
[[1;34mINFO[m] [1m--- [0;32mmaven-clean-plugin:2.5:clean[m [1m(default-clean)[m @ [36mjustmarried[0;1m ---[m
[[1;34mINFO[m] Deleting /home/travis/build/failed/igniterealtime/Openfire/src/plugins/justmarried/target
[[1;34mINFO[m] 
[[1;34mINFO[m] [1m--- [0;32mmaven-resources-plugin:2.6:resources[m [1m(default-resources)[m @ [36mjustmarried[0;1m ---[m
[[1;34mINFO[m] Using 'UTF-8' encoding to copy filtered resources.
[[1;34mINFO[m] skip non existing resourceDirectory /home/travis/build/failed/igniterealtime/Openfire/src/plugins/justmarried/src/main/resources
[[1;34mINFO[m] 
[[1;34mINFO[m] [1m--- [0;32mmaven-compiler-plugin:3.3:compile[m [1m(default-compile)[m @ [36mjustmarried[0;1m ---[m
[[1;34mINFO[m] Changes detected - recompiling the module!
[[1;34mINFO[m] Compiling 1 source file to /home/travis/build/failed/igniterealtime/Openfire/src/plugins/justmarried/target/classes
[[1;34mINFO[m] 
[[1;34mINFO[m] [1m--- [0;32mmaven-resources-plugin:2.6:testResources[m [1m(default-testResources)[m @ [36mjustmarried[0;1m ---[m
[[1;34mINFO[m] Using 'UTF-8' encoding to copy filtered resources.
[[1;34mINFO[m] skip non existing resourceDirectory /home/travis/build/failed/igniterealtime/Openfire/src/plugins/justmarried/src/test/resources
[[1;34mINFO[m] 
[[1;34mINFO[m] [1m--- [0;32mmaven-compiler-plugin:3.3:testCompile[m [1m(default-testCompile)[m @ [36mjustmarried[0;1m ---[m
[[1;34mINFO[m] No sources to compile
[[1;34mINFO[m] 
[[1;34mINFO[m] [1m--- [0;32mmaven-surefire-plugin:2.12.4:test[m [1m(default-test)[m @ [36mjustmarried[0;1m ---[m
[[1;34mINFO[m] No tests to run.
[[1;34mINFO[m] 
[[1;34mINFO[m] [1m--- [0;32mmaven-jar-plugin:2.4:jar[m [1m(default-jar)[m @ [36mjustmarried[0;1m ---[m
[[1;34mINFO[m] Building jar: /home/travis/build/failed/igniterealtime/Openfire/src/plugins/justmarried/target/justmarried-1.2.1.jar
[[1;34mINFO[m] 
[[1;34mINFO[m] [1m--- [0;32mmaven-assembly-plugin:2.6:single[m [1m(make-assembly)[m @ [36mjustmarried[0;1m ---[m
[[1;33mWARNING[m] The assembly descriptor contains a filesystem-root relative reference, which is not cross platform compatible /
[[1;34mINFO[m] Building jar: /home/travis/build/failed/igniterealtime/Openfire/src/plugins/justmarried/target/justmarried.jar
[[1;34mINFO[m] 
[[1;34mINFO[m] [1m------------------------------------------------------------------------[m
[[1;34mINFO[m] [1mBuilding LoadStats Plugin 1.2.0[m
[[1;34mINFO[m] [1m------------------------------------------------------------------------[m
[[1;34mINFO[m] 
[[1;34mINFO[m] [1m--- [0;32mmaven-clean-plugin:2.5:clean[m [1m(default-clean)[m @ [36mloadStats[0;1m ---[m
[[1;34mINFO[m] Deleting /home/travis/build/failed/igniterealtime/Openfire/src/plugins/loadStats/target
[[1;34mINFO[m] 
[[1;34mINFO[m] [1m--- [0;32mmaven-resources-plugin:2.6:resources[m [1m(default-resources)[m @ [36mloadStats[0;1m ---[m
[[1;34mINFO[m] Using 'UTF-8' encoding to copy filtered resources.
[[1;34mINFO[m] skip non existing resourceDirectory /home/travis/build/failed/igniterealtime/Openfire/src/plugins/loadStats/src/main/resources
[[1;34mINFO[m] 
[[1;34mINFO[m] [1m--- [0;32mmaven-compiler-plugin:3.3:compile[m [1m(default-compile)[m @ [36mloadStats[0;1m ---[m
[[1;34mINFO[m] Changes detected - recompiling the module!
[[1;34mINFO[m] Compiling 2 source files to /home/travis/build/failed/igniterealtime/Openfire/src/plugins/loadStats/target/classes
[[1;34mINFO[m] /home/travis/build/failed/igniterealtime/Openfire/src/plugins/loadStats/src/java/org/jivesoftware/openfire/plugin/StatCollector.java: /home/travis/build/failed/igniterealtime/Openfire/src/plugins/loadStats/src/java/org/jivesoftware/openfire/plugin/StatCollector.java uses or overrides a deprecated API.
[[1;34mINFO[m] /home/travis/build/failed/igniterealtime/Openfire/src/plugins/loadStats/src/java/org/jivesoftware/openfire/plugin/StatCollector.java: Recompile with -Xlint:deprecation for details.
[[1;34mINFO[m] 
[[1;34mINFO[m] [1m--- [0;32mmaven-resources-plugin:2.6:testResources[m [1m(default-testResources)[m @ [36mloadStats[0;1m ---[m
[[1;34mINFO[m] Using 'UTF-8' encoding to copy filtered resources.
[[1;34mINFO[m] skip non existing resourceDirectory /home/travis/build/failed/igniterealtime/Openfire/src/plugins/loadStats/src/test/resources
[[1;34mINFO[m] 
[[1;34mINFO[m] [1m--- [0;32mmaven-compiler-plugin:3.3:testCompile[m [1m(default-testCompile)[m @ [36mloadStats[0;1m ---[m
[[1;34mINFO[m] No sources to compile
[[1;34mINFO[m] 
[[1;34mINFO[m] [1m--- [0;32mmaven-surefire-plugin:2.12.4:test[m [1m(default-test)[m @ [36mloadStats[0;1m ---[m
[[1;34mINFO[m] No tests to run.
[[1;34mINFO[m] 
[[1;34mINFO[m] [1m--- [0;32mmaven-jar-plugin:2.4:jar[m [1m(default-jar)[m @ [36mloadStats[0;1m ---[m
[[1;34mINFO[m] Building jar: /home/travis/build/failed/igniterealtime/Openfire/src/plugins/loadStats/target/loadStats-1.2.0.jar
[[1;34mINFO[m] 
[[1;34mINFO[m] [1m--- [0;32mmaven-assembly-plugin:2.6:single[m [1m(make-assembly)[m @ [36mloadStats[0;1m ---[m
[[1;33mWARNING[m] The assembly descriptor contains a filesystem-root relative reference, which is not cross platform compatible /
[[1;34mINFO[m] Building jar: /home/travis/build/failed/igniterealtime/Openfire/src/plugins/loadStats/target/loadStats.jar
[[1;34mINFO[m] 
[[1;34mINFO[m] [1m------------------------------------------------------------------------[m
[[1;34mINFO[m] [1mBuilding Monitoring Plugin 1.5.7[m
[[1;34mINFO[m] [1m------------------------------------------------------------------------[m
[[1;34mINFO[m] 
[[1;34mINFO[m] [1m--- [0;32mmaven-clean-plugin:2.5:clean[m [1m(default-clean)[m @ [36mmonitoring[0;1m ---[m
[[1;34mINFO[m] Deleting /home/travis/build/failed/igniterealtime/Openfire/src/plugins/monitoring/target
[[1;34mINFO[m] 
[[1;34mINFO[m] [1m--- [0;32mmaven-resources-plugin:2.6:resources[m [1m(default-resources)[m @ [36mmonitoring[0;1m ---[m
[[1;34mINFO[m] Using 'UTF-8' encoding to copy filtered resources.
[[1;34mINFO[m] skip non existing resourceDirectory /home/travis/build/failed/igniterealtime/Openfire/src/plugins/monitoring/src/main/resources
[[1;34mINFO[m] 
[[1;34mINFO[m] [1m--- [0;32mmaven-compiler-plugin:3.3:compile[m [1m(default-compile)[m @ [36mmonitoring[0;1m ---[m
[[1;34mINFO[m] Changes detected - recompiling the module!
[[1;34mINFO[m] Compiling 74 source files to /home/travis/build/failed/igniterealtime/Openfire/src/plugins/monitoring/target/classes
[[1;34mINFO[m] /home/travis/build/failed/igniterealtime/Openfire/src/plugins/monitoring/src/java/org/jivesoftware/openfire/archive/ArchiveSearcher.java: Some input files use or override a deprecated API.
[[1;34mINFO[m] /home/travis/build/failed/igniterealtime/Openfire/src/plugins/monitoring/src/java/org/jivesoftware/openfire/archive/ArchiveSearcher.java: Recompile with -Xlint:deprecation for details.
[[1;34mINFO[m] /home/travis/build/failed/igniterealtime/Openfire/src/plugins/monitoring/src/java/org/jivesoftware/openfire/archive/ConversationManager.java: Some input files use unchecked or unsafe operations.
[[1;34mINFO[m] /home/travis/build/failed/igniterealtime/Openfire/src/plugins/monitoring/src/java/org/jivesoftware/openfire/archive/ConversationManager.java: Recompile with -Xlint:unchecked for details.
[[1;34mINFO[m] 
[[1;34mINFO[m] [1m--- [0;32mmaven-resources-plugin:2.6:testResources[m [1m(default-testResources)[m @ [36mmonitoring[0;1m ---[m
[[1;34mINFO[m] Using 'UTF-8' encoding to copy filtered resources.
[[1;34mINFO[m] skip non existing resourceDirectory /home/travis/build/failed/igniterealtime/Openfire/src/plugins/monitoring/src/test/resources
[[1;34mINFO[m] 
[[1;34mINFO[m] [1m--- [0;32mmaven-compiler-plugin:3.3:testCompile[m [1m(default-testCompile)[m @ [36mmonitoring[0;1m ---[m
[[1;34mINFO[m] No sources to compile
[[1;34mINFO[m] 
[[1;34mINFO[m] [1m--- [0;32mmaven-surefire-plugin:2.12.4:test[m [1m(default-test)[m @ [36mmonitoring[0;1m ---[m
[[1;34mINFO[m] No tests to run.
[[1;34mINFO[m] 
[[1;34mINFO[m] [1m--- [0;32mmaven-jar-plugin:2.4:jar[m [1m(default-jar)[m @ [36mmonitoring[0;1m ---[m
[[1;34mINFO[m] Building jar: /home/travis/build/failed/igniterealtime/Openfire/src/plugins/monitoring/target/monitoring-1.5.7.jar
[[1;34mINFO[m] 
[[1;34mINFO[m] [1m--- [0;32mmaven-assembly-plugin:2.6:single[m [1m(make-assembly)[m @ [36mmonitoring[0;1m ---[m
[[1;33mWARNING[m] The assembly descriptor contains a filesystem-root relative reference, which is not cross platform compatible /
[[1;34mINFO[m] Building jar: /home/travis/build/failed/igniterealtime/Openfire/src/plugins/monitoring/target/monitoring.jar
[[1;34mINFO[m] 
[[1;34mINFO[m] [1m------------------------------------------------------------------------[m
[[1;34mINFO[m] [1mBuilding Message of the Day Plugin 1.2.1[m
[[1;34mINFO[m] [1m------------------------------------------------------------------------[m
[[1;34mINFO[m] 
[[1;34mINFO[m] [1m--- [0;32mmaven-clean-plugin:2.5:clean[m [1m(default-clean)[m @ [36mmotd[0;1m ---[m
[[1;34mINFO[m] Deleting /home/travis/build/failed/igniterealtime/Openfire/src/plugins/motd/target
[[1;34mINFO[m] 
[[1;34mINFO[m] [1m--- [0;32mmaven-resources-plugin:2.6:resources[m [1m(default-resources)[m @ [36mmotd[0;1m ---[m
[[1;34mINFO[m] Using 'UTF-8' encoding to copy filtered resources.
[[1;34mINFO[m] skip non existing resourceDirectory /home/travis/build/failed/igniterealtime/Openfire/src/plugins/motd/src/main/resources
[[1;34mINFO[m] 
[[1;34mINFO[m] [1m--- [0;32mmaven-compiler-plugin:3.3:compile[m [1m(default-compile)[m @ [36mmotd[0;1m ---[m
[[1;34mINFO[m] Changes detected - recompiling the module!
[[1;34mINFO[m] Compiling 1 source file to /home/travis/build/failed/igniterealtime/Openfire/src/plugins/motd/target/classes
[[1;34mINFO[m] 
[[1;34mINFO[m] [1m--- [0;32mmaven-resources-plugin:2.6:testResources[m [1m(default-testResources)[m @ [36mmotd[0;1m ---[m
[[1;34mINFO[m] Using 'UTF-8' encoding to copy filtered resources.
[[1;34mINFO[m] skip non existing resourceDirectory /home/travis/build/failed/igniterealtime/Openfire/src/plugins/motd/src/test/resources
[[1;34mINFO[m] 
[[1;34mINFO[m] [1m--- [0;32mmaven-compiler-plugin:3.3:testCompile[m [1m(default-testCompile)[m @ [36mmotd[0;1m ---[m
[[1;34mINFO[m] No sources to compile
[[1;34mINFO[m] 
[[1;34mINFO[m] [1m--- [0;32mmaven-surefire-plugin:2.12.4:test[m [1m(default-test)[m @ [36mmotd[0;1m ---[m
[[1;34mINFO[m] No tests to run.
[[1;34mINFO[m] 
[[1;34mINFO[m] [1m--- [0;32mmaven-jar-plugin:2.4:jar[m [1m(default-jar)[m @ [36mmotd[0;1m ---[m
[[1;34mINFO[m] Building jar: /home/travis/build/failed/igniterealtime/Openfire/src/plugins/motd/target/motd-1.2.1.jar
[[1;34mINFO[m] 
[[1;34mINFO[m] [1m--- [0;32mmaven-assembly-plugin:2.6:single[m [1m(make-assembly)[m @ [36mmotd[0;1m ---[m
[[1;33mWARNING[m] The assembly descriptor contains a filesystem-root relative reference, which is not cross platform compatible /
[[1;34mINFO[m] Building jar: /home/travis/build/failed/igniterealtime/Openfire/src/plugins/motd/target/motd.jar
[[1;34mINFO[m] 
[[1;34mINFO[m] [1m------------------------------------------------------------------------[m
[[1;34mINFO[m] [1mBuilding (deprecated) MUC Service Plugin 0.2.3[m
[[1;34mINFO[m] [1m------------------------------------------------------------------------[m
[[1;34mINFO[m] 
[[1;34mINFO[m] [1m--- [0;32mmaven-clean-plugin:2.5:clean[m [1m(default-clean)[m @ [36mmucservice[0;1m ---[m
[[1;34mINFO[m] Deleting /home/travis/build/failed/igniterealtime/Openfire/src/plugins/mucservice/target
[[1;34mINFO[m] 
[[1;34mINFO[m] [1m--- [0;32mmaven-resources-plugin:2.6:resources[m [1m(default-resources)[m @ [36mmucservice[0;1m ---[m
[[1;34mINFO[m] Using 'UTF-8' encoding to copy filtered resources.
[[1;34mINFO[m] skip non existing resourceDirectory /home/travis/build/failed/igniterealtime/Openfire/src/plugins/mucservice/src/main/resources
[[1;34mINFO[m] 
[[1;34mINFO[m] [1m--- [0;32mmaven-compiler-plugin:3.3:compile[m [1m(default-compile)[m @ [36mmucservice[0;1m ---[m
[[1;34mINFO[m] Changes detected - recompiling the module!
[[1;34mINFO[m] Compiling 19 source files to /home/travis/build/failed/igniterealtime/Openfire/src/plugins/mucservice/target/classes
[[1;34mINFO[m] 
[[1;34mINFO[m] [1m--- [0;32mmaven-resources-plugin:2.6:testResources[m [1m(default-testResources)[m @ [36mmucservice[0;1m ---[m
[[1;34mINFO[m] Using 'UTF-8' encoding to copy filtered resources.
[[1;34mINFO[m] skip non existing resourceDirectory /home/travis/build/failed/igniterealtime/Openfire/src/plugins/mucservice/src/test/resources
[[1;34mINFO[m] 
[[1;34mINFO[m] [1m--- [0;32mmaven-compiler-plugin:3.3:testCompile[m [1m(default-testCompile)[m @ [36mmucservice[0;1m ---[m
[[1;34mINFO[m] No sources to compile
[[1;34mINFO[m] 
[[1;34mINFO[m] [1m--- [0;32mmaven-surefire-plugin:2.12.4:test[m [1m(default-test)[m @ [36mmucservice[0;1m ---[m
[[1;34mINFO[m] No tests to run.
[[1;34mINFO[m] 
[[1;34mINFO[m] [1m--- [0;32mmaven-jar-plugin:2.4:jar[m [1m(default-jar)[m @ [36mmucservice[0;1m ---[m
[[1;34mINFO[m] Building jar: /home/travis/build/failed/igniterealtime/Openfire/src/plugins/mucservice/target/mucservice-0.2.3.jar
[[1;34mINFO[m] 
[[1;34mINFO[m] [1m--- [0;32mmaven-assembly-plugin:2.6:single[m [1m(make-assembly)[m @ [36mmucservice[0;1m ---[m
[[1;33mWARNING[m] The assembly descriptor contains a filesystem-root relative reference, which is not cross platform compatible /
[[1;34mINFO[m] Building jar: /home/travis/build/failed/igniterealtime/Openfire/src/plugins/mucservice/target/mucservice.jar
[[1;34mINFO[m] 
[[1;34mINFO[m] [1m------------------------------------------------------------------------[m
[[1;34mINFO[m] [1mBuilding NodeJS Plugin 0.1.0[m
[[1;34mINFO[m] [1m------------------------------------------------------------------------[m
[[1;34mINFO[m] 
[[1;34mINFO[m] [1m--- [0;32mmaven-clean-plugin:2.5:clean[m [1m(default-clean)[m @ [36mnodejs[0;1m ---[m
[[1;34mINFO[m] Deleting /home/travis/build/failed/igniterealtime/Openfire/src/plugins/nodejs/target
[[1;34mINFO[m] 
[[1;34mINFO[m] [1m--- [0;32mmaven-resources-plugin:2.6:resources[m [1m(default-resources)[m @ [36mnodejs[0;1m ---[m
[[1;34mINFO[m] Using 'UTF-8' encoding to copy filtered resources.
[[1;34mINFO[m] skip non existing resourceDirectory /home/travis/build/failed/igniterealtime/Openfire/src/plugins/nodejs/src/main/resources
[[1;34mINFO[m] 
[[1;34mINFO[m] [1m--- [0;32mmaven-compiler-plugin:3.3:compile[m [1m(default-compile)[m @ [36mnodejs[0;1m ---[m
[[1;34mINFO[m] Changes detected - recompiling the module!
[[1;34mINFO[m] Compiling 3 source files to /home/travis/build/failed/igniterealtime/Openfire/src/plugins/nodejs/target/classes
[[1;34mINFO[m] /home/travis/build/failed/igniterealtime/Openfire/src/plugins/nodejs/src/java/org/ifsoft/nodejs/openfire/NodeThread.java: /home/travis/build/failed/igniterealtime/Openfire/src/plugins/nodejs/src/java/org/ifsoft/nodejs/openfire/NodeThread.java uses or overrides a deprecated API.
[[1;34mINFO[m] /home/travis/build/failed/igniterealtime/Openfire/src/plugins/nodejs/src/java/org/ifsoft/nodejs/openfire/NodeThread.java: Recompile with -Xlint:deprecation for details.
[[1;34mINFO[m] 
[[1;34mINFO[m] [1m--- [0;32mmaven-resources-plugin:2.6:testResources[m [1m(default-testResources)[m @ [36mnodejs[0;1m ---[m
[[1;34mINFO[m] Using 'UTF-8' encoding to copy filtered resources.
[[1;34mINFO[m] skip non existing resourceDirectory /home/travis/build/failed/igniterealtime/Openfire/src/plugins/nodejs/src/test/resources
[[1;34mINFO[m] 
[[1;34mINFO[m] [1m--- [0;32mmaven-compiler-plugin:3.3:testCompile[m [1m(default-testCompile)[m @ [36mnodejs[0;1m ---[m
[[1;34mINFO[m] No sources to compile
[[1;34mINFO[m] 
[[1;34mINFO[m] [1m--- [0;32mmaven-surefire-plugin:2.12.4:test[m [1m(default-test)[m @ [36mnodejs[0;1m ---[m
[[1;34mINFO[m] No tests to run.
[[1;34mINFO[m] 
[[1;34mINFO[m] [1m--- [0;32mmaven-jar-plugin:2.4:jar[m [1m(default-jar)[m @ [36mnodejs[0;1m ---[m
[[1;34mINFO[m] Building jar: /home/travis/build/failed/igniterealtime/Openfire/src/plugins/nodejs/target/nodejs-0.1.0.jar
[[1;34mINFO[m] 
[[1;34mINFO[m] [1m--- [0;32mmaven-assembly-plugin:2.6:single[m [1m(make-assembly)[m @ [36mnodejs[0;1m ---[m
[[1;33mWARNING[m] The assembly descriptor contains a filesystem-root relative reference, which is not cross platform compatible /
[[1;34mINFO[m] Building jar: /home/travis/build/failed/igniterealtime/Openfire/src/plugins/nodejs/target/nodejs.jar
[[1;34mINFO[m] 
[[1;34mINFO[m] [1m------------------------------------------------------------------------[m
[[1;34mINFO[m] [1mBuilding non-SASL Authentication Plugin 1.0.0[m
[[1;34mINFO[m] [1m------------------------------------------------------------------------[m
[[1;34mINFO[m] 
[[1;34mINFO[m] [1m--- [0;32mmaven-clean-plugin:2.5:clean[m [1m(default-clean)[m @ [36mnonSaslAuthentication[0;1m ---[m
[[1;34mINFO[m] Deleting /home/travis/build/failed/igniterealtime/Openfire/src/plugins/nonSaslAuthentication/target
[[1;34mINFO[m] 
[[1;34mINFO[m] [1m--- [0;32mmaven-resources-plugin:2.6:resources[m [1m(default-resources)[m @ [36mnonSaslAuthentication[0;1m ---[m
[[1;34mINFO[m] Using 'UTF-8' encoding to copy filtered resources.
[[1;34mINFO[m] skip non existing resourceDirectory /home/travis/build/failed/igniterealtime/Openfire/src/plugins/nonSaslAuthentication/src/main/resources
[[1;34mINFO[m] 
[[1;34mINFO[m] [1m--- [0;32mmaven-compiler-plugin:3.3:compile[m [1m(default-compile)[m @ [36mnonSaslAuthentication[0;1m ---[m
[[1;34mINFO[m] Changes detected - recompiling the module!
[[1;34mINFO[m] Compiling 2 source files to /home/travis/build/failed/igniterealtime/Openfire/src/plugins/nonSaslAuthentication/target/classes
[[1;34mINFO[m] 
[[1;34mINFO[m] [1m--- [0;32mmaven-resources-plugin:2.6:testResources[m [1m(default-testResources)[m @ [36mnonSaslAuthentication[0;1m ---[m
[[1;34mINFO[m] Using 'UTF-8' encoding to copy filtered resources.
[[1;34mINFO[m] skip non existing resourceDirectory /home/travis/build/failed/igniterealtime/Openfire/src/plugins/nonSaslAuthentication/src/test/resources
[[1;34mINFO[m] 
[[1;34mINFO[m] [1m--- [0;32mmaven-compiler-plugin:3.3:testCompile[m [1m(default-testCompile)[m @ [36mnonSaslAuthentication[0;1m ---[m
[[1;34mINFO[m] No sources to compile
[[1;34mINFO[m] 
[[1;34mINFO[m] [1m--- [0;32mmaven-surefire-plugin:2.12.4:test[m [1m(default-test)[m @ [36mnonSaslAuthentication[0;1m ---[m
[[1;34mINFO[m] No tests to run.
[[1;34mINFO[m] 
[[1;34mINFO[m] [1m--- [0;32mmaven-jar-plugin:2.4:jar[m [1m(default-jar)[m @ [36mnonSaslAuthentication[0;1m ---[m
[[1;34mINFO[m] Building jar: /home/travis/build/failed/igniterealtime/Openfire/src/plugins/nonSaslAuthentication/target/nonSaslAuthentication-1.0.0.jar
[[1;34mINFO[m] 
[[1;34mINFO[m] [1m--- [0;32mmaven-assembly-plugin:2.6:single[m [1m(make-assembly)[m @ [36mnonSaslAuthentication[0;1m ---[m
[[1;33mWARNING[m] The assembly descriptor contains a filesystem-root relative reference, which is not cross platform compatible /
[[1;34mINFO[m] Building jar: /home/travis/build/failed/igniterealtime/Openfire/src/plugins/nonSaslAuthentication/target/nonSaslAuthentication.jar
[[1;34mINFO[m] 
[[1;34mINFO[m] [1m------------------------------------------------------------------------[m
[[1;34mINFO[m] [1mBuilding PacketFilter Plugin 3.3.0[m
[[1;34mINFO[m] [1m------------------------------------------------------------------------[m
[[1;34mINFO[m] 
[[1;34mINFO[m] [1m--- [0;32mmaven-clean-plugin:2.5:clean[m [1m(default-clean)[m @ [36mpacketFilter[0;1m ---[m
[[1;34mINFO[m] Deleting /home/travis/build/failed/igniterealtime/Openfire/src/plugins/packetFilter/target
[[1;34mINFO[m] 
[[1;34mINFO[m] [1m--- [0;32mmaven-resources-plugin:2.6:resources[m [1m(default-resources)[m @ [36mpacketFilter[0;1m ---[m
[[1;34mINFO[m] Using 'UTF-8' encoding to copy filtered resources.
[[1;34mINFO[m] skip non existing resourceDirectory /home/travis/build/failed/igniterealtime/Openfire/src/plugins/packetFilter/src/main/resources
[[1;34mINFO[m] 
[[1;34mINFO[m] [1m--- [0;32mmaven-compiler-plugin:3.3:compile[m [1m(default-compile)[m @ [36mpacketFilter[0;1m ---[m
[[1;34mINFO[m] Changes detected - recompiling the module!
[[1;34mINFO[m] Compiling 16 source files to /home/travis/build/failed/igniterealtime/Openfire/src/plugins/packetFilter/target/classes
[[1;34mINFO[m] /home/travis/build/failed/igniterealtime/Openfire/src/plugins/packetFilter/src/java/org/jivesoftware/openfire/plugin/component/ComponentList.java: /home/travis/build/failed/igniterealtime/Openfire/src/plugins/packetFilter/src/java/org/jivesoftware/openfire/plugin/component/ComponentList.java uses unchecked or unsafe operations.
[[1;34mINFO[m] /home/travis/build/failed/igniterealtime/Openfire/src/plugins/packetFilter/src/java/org/jivesoftware/openfire/plugin/component/ComponentList.java: Recompile with -Xlint:unchecked for details.
[[1;34mINFO[m] 
[[1;34mINFO[m] [1m--- [0;32mmaven-resources-plugin:2.6:testResources[m [1m(default-testResources)[m @ [36mpacketFilter[0;1m ---[m
[[1;34mINFO[m] Using 'UTF-8' encoding to copy filtered resources.
[[1;34mINFO[m] skip non existing resourceDirectory /home/travis/build/failed/igniterealtime/Openfire/src/plugins/packetFilter/src/test/resources
[[1;34mINFO[m] 
[[1;34mINFO[m] [1m--- [0;32mmaven-compiler-plugin:3.3:testCompile[m [1m(default-testCompile)[m @ [36mpacketFilter[0;1m ---[m
[[1;34mINFO[m] No sources to compile
[[1;34mINFO[m] 
[[1;34mINFO[m] [1m--- [0;32mmaven-surefire-plugin:2.12.4:test[m [1m(default-test)[m @ [36mpacketFilter[0;1m ---[m
[[1;34mINFO[m] No tests to run.
[[1;34mINFO[m] 
[[1;34mINFO[m] [1m--- [0;32mmaven-jar-plugin:2.4:jar[m [1m(default-jar)[m @ [36mpacketFilter[0;1m ---[m
[[1;34mINFO[m] Building jar: /home/travis/build/failed/igniterealtime/Openfire/src/plugins/packetFilter/target/packetFilter-3.3.0.jar
[[1;34mINFO[m] 
[[1;34mINFO[m] [1m--- [0;32mmaven-assembly-plugin:2.6:single[m [1m(make-assembly)[m @ [36mpacketFilter[0;1m ---[m
[[1;33mWARNING[m] The assembly descriptor contains a filesystem-root relative reference, which is not cross platform compatible /
[[1;34mINFO[m] Building jar: /home/travis/build/failed/igniterealtime/Openfire/src/plugins/packetFilter/target/packetFilter.jar
[[1;34mINFO[m] 
[[1;34mINFO[m] [1m------------------------------------------------------------------------[m
[[1;34mINFO[m] [1mBuilding Presence Plugin 1.7.0[m
[[1;34mINFO[m] [1m------------------------------------------------------------------------[m
[[1;34mINFO[m] 
[[1;34mINFO[m] [1m--- [0;32mmaven-clean-plugin:2.5:clean[m [1m(default-clean)[m @ [36mpresence[0;1m ---[m
[[1;34mINFO[m] Deleting /home/travis/build/failed/igniterealtime/Openfire/src/plugins/presence/target
[[1;34mINFO[m] 
[[1;34mINFO[m] [1m--- [0;32mmaven-resources-plugin:2.6:resources[m [1m(default-resources)[m @ [36mpresence[0;1m ---[m
[[1;34mINFO[m] Using 'UTF-8' encoding to copy filtered resources.
[[1;34mINFO[m] skip non existing resourceDirectory /home/travis/build/failed/igniterealtime/Openfire/src/plugins/presence/src/main/resources
[[1;34mINFO[m] 
[[1;34mINFO[m] [1m--- [0;32mmaven-compiler-plugin:3.3:compile[m [1m(default-compile)[m @ [36mpresence[0;1m ---[m
[[1;34mINFO[m] Changes detected - recompiling the module!
[[1;34mINFO[m] Compiling 6 source files to /home/travis/build/failed/igniterealtime/Openfire/src/plugins/presence/target/classes
[[1;34mINFO[m] /home/travis/build/failed/igniterealtime/Openfire/src/plugins/presence/src/java/org/jivesoftware/openfire/plugin/PresencePlugin.java: /home/travis/build/failed/igniterealtime/Openfire/src/plugins/presence/src/java/org/jivesoftware/openfire/plugin/PresencePlugin.java uses or overrides a deprecated API.
[[1;34mINFO[m] /home/travis/build/failed/igniterealtime/Openfire/src/plugins/presence/src/java/org/jivesoftware/openfire/plugin/PresencePlugin.java: Recompile with -Xlint:deprecation for details.
[[1;34mINFO[m] 
[[1;34mINFO[m] [1m--- [0;32mmaven-resources-plugin:2.6:testResources[m [1m(default-testResources)[m @ [36mpresence[0;1m ---[m
[[1;34mINFO[m] Using 'UTF-8' encoding to copy filtered resources.
[[1;34mINFO[m] skip non existing resourceDirectory /home/travis/build/failed/igniterealtime/Openfire/src/plugins/presence/src/test/resources
[[1;34mINFO[m] 
[[1;34mINFO[m] [1m--- [0;32mmaven-compiler-plugin:3.3:testCompile[m [1m(default-testCompile)[m @ [36mpresence[0;1m ---[m
[[1;34mINFO[m] No sources to compile
[[1;34mINFO[m] 
[[1;34mINFO[m] [1m--- [0;32mmaven-surefire-plugin:2.12.4:test[m [1m(default-test)[m @ [36mpresence[0;1m ---[m
[[1;34mINFO[m] No tests to run.
[[1;34mINFO[m] 
[[1;34mINFO[m] [1m--- [0;32mmaven-jar-plugin:2.4:jar[m [1m(default-jar)[m @ [36mpresence[0;1m ---[m
[[1;34mINFO[m] Building jar: /home/travis/build/failed/igniterealtime/Openfire/src/plugins/presence/target/presence-1.7.0.jar
[[1;34mINFO[m] 
[[1;34mINFO[m] [1m--- [0;32mmaven-assembly-plugin:2.6:single[m [1m(make-assembly)[m @ [36mpresence[0;1m ---[m
[[1;33mWARNING[m] The assembly descriptor contains a filesystem-root relative reference, which is not cross platform compatible /
[[1;34mINFO[m] Building jar: /home/travis/build/failed/igniterealtime/Openfire/src/plugins/presence/target/presence.jar
[[1;34mINFO[m] 
[[1;34mINFO[m] [1m------------------------------------------------------------------------[m
[[1;34mINFO[m] [1mBuilding Registration Plugin 1.7.1[m
[[1;34mINFO[m] [1m------------------------------------------------------------------------[m
[[1;34mINFO[m] 
[[1;34mINFO[m] [1m--- [0;32mmaven-clean-plugin:2.5:clean[m [1m(default-clean)[m @ [36mregistration[0;1m ---[m
[[1;34mINFO[m] Deleting /home/travis/build/failed/igniterealtime/Openfire/src/plugins/registration/target
[[1;34mINFO[m] 
[[1;34mINFO[m] [1m--- [0;32mmaven-resources-plugin:2.6:resources[m [1m(default-resources)[m @ [36mregistration[0;1m ---[m
[[1;34mINFO[m] Using 'UTF-8' encoding to copy filtered resources.
[[1;34mINFO[m] skip non existing resourceDirectory /home/travis/build/failed/igniterealtime/Openfire/src/plugins/registration/src/main/resources
[[1;34mINFO[m] 
[[1;34mINFO[m] [1m--- [0;32mmaven-compiler-plugin:3.3:compile[m [1m(default-compile)[m @ [36mregistration[0;1m ---[m
[[1;34mINFO[m] Changes detected - recompiling the module!
[[1;34mINFO[m] Compiling 1 source file to /home/travis/build/failed/igniterealtime/Openfire/src/plugins/registration/target/classes
[[1;34mINFO[m] 
[[1;34mINFO[m] [1m--- [0;32mjetty-jspc-maven-plugin:9.2.14.v20151106:jspc[m [1m(jspc)[m @ [36mregistration[0;1m ---[m
[[1;34mINFO[m] Compiling registration-props-form.jsp,sign-up.jsp
[[1;34mINFO[m] Includes=**/*.jsp, **/*.jspx
[[1;34mINFO[m] Excludes=null
[[1;34mINFO[m] Files selected to precompile: registration-props-form.jsp,sign-up.jsp
[[1;34mINFO[m] 
[[1;34mINFO[m] [1m--- [0;32mmaven-resources-plugin:2.6:testResources[m [1m(default-testResources)[m @ [36mregistration[0;1m ---[m
[[1;34mINFO[m] Using 'UTF-8' encoding to copy filtered resources.
[[1;34mINFO[m] skip non existing resourceDirectory /home/travis/build/failed/igniterealtime/Openfire/src/plugins/registration/src/test/resources
[[1;34mINFO[m] 
[[1;34mINFO[m] [1m--- [0;32mmaven-compiler-plugin:3.3:testCompile[m [1m(default-testCompile)[m @ [36mregistration[0;1m ---[m
[[1;34mINFO[m] No sources to compile
[[1;34mINFO[m] 
[[1;34mINFO[m] [1m--- [0;32mmaven-surefire-plugin:2.12.4:test[m [1m(default-test)[m @ [36mregistration[0;1m ---[m
[[1;34mINFO[m] No tests to run.
[[1;34mINFO[m] 
[[1;34mINFO[m] [1m--- [0;32mmaven-jar-plugin:2.4:jar[m [1m(default-jar)[m @ [36mregistration[0;1m ---[m
[[1;34mINFO[m] Building jar: /home/travis/build/failed/igniterealtime/Openfire/src/plugins/registration/target/registration-1.7.1.jar
[[1;34mINFO[m] 
[[1;34mINFO[m] [1m--- [0;32mmaven-assembly-plugin:2.6:single[m [1m(make-assembly)[m @ [36mregistration[0;1m ---[m
[[1;33mWARNING[m] The assembly descriptor contains a filesystem-root relative reference, which is not cross platform compatible /
[[1;34mINFO[m] Building jar: /home/travis/build/failed/igniterealtime/Openfire/src/plugins/registration/target/registration.jar
[[1;34mINFO[m] 
[[1;34mINFO[m] [1m------------------------------------------------------------------------[m
[[1;34mINFO[m] [1mBuilding Rest API Plugin 1.2.6[m
[[1;34mINFO[m] [1m------------------------------------------------------------------------[m
[[1;34mINFO[m] 
[[1;34mINFO[m] [1m--- [0;32mmaven-clean-plugin:2.5:clean[m [1m(default-clean)[m @ [36mrestAPI[0;1m ---[m
[[1;34mINFO[m] Deleting /home/travis/build/failed/igniterealtime/Openfire/src/plugins/restAPI/target
[[1;34mINFO[m] 
[[1;34mINFO[m] [1m--- [0;32mmaven-resources-plugin:2.6:resources[m [1m(default-resources)[m @ [36mrestAPI[0;1m ---[m
[[1;34mINFO[m] Using 'UTF-8' encoding to copy filtered resources.
[[1;34mINFO[m] skip non existing resourceDirectory /home/travis/build/failed/igniterealtime/Openfire/src/plugins/restAPI/src/main/resources
[[1;34mINFO[m] 
[[1;34mINFO[m] [1m--- [0;32mmaven-compiler-plugin:3.3:compile[m [1m(default-compile)[m @ [36mrestAPI[0;1m ---[m
[[1;34mINFO[m] Changes detected - recompiling the module!
[[1;34mINFO[m] Compiling 59 source files to /home/travis/build/failed/igniterealtime/Openfire/src/plugins/restAPI/target/classes
[[1;34mINFO[m] 
[[1;34mINFO[m] [1m--- [0;32mmaven-resources-plugin:2.6:testResources[m [1m(default-testResources)[m @ [36mrestAPI[0;1m ---[m
[[1;34mINFO[m] Using 'UTF-8' encoding to copy filtered resources.
[[1;34mINFO[m] skip non existing resourceDirectory /home/travis/build/failed/igniterealtime/Openfire/src/plugins/restAPI/src/test/resources
[[1;34mINFO[m] 
[[1;34mINFO[m] [1m--- [0;32mmaven-compiler-plugin:3.3:testCompile[m [1m(default-testCompile)[m @ [36mrestAPI[0;1m ---[m
[[1;34mINFO[m] No sources to compile
[[1;34mINFO[m] 
[[1;34mINFO[m] [1m--- [0;32mmaven-surefire-plugin:2.12.4:test[m [1m(default-test)[m @ [36mrestAPI[0;1m ---[m
[[1;34mINFO[m] No tests to run.
[[1;34mINFO[m] 
[[1;34mINFO[m] [1m--- [0;32mmaven-jar-plugin:2.4:jar[m [1m(default-jar)[m @ [36mrestAPI[0;1m ---[m
[[1;34mINFO[m] Building jar: /home/travis/build/failed/igniterealtime/Openfire/src/plugins/restAPI/target/restAPI-1.2.6.jar
[[1;34mINFO[m] 
[[1;34mINFO[m] [1m--- [0;32mmaven-assembly-plugin:2.6:single[m [1m(make-assembly)[m @ [36mrestAPI[0;1m ---[m
[[1;33mWARNING[m] The assembly descriptor contains a filesystem-root relative reference, which is not cross platform compatible /
[[1;34mINFO[m] Building jar: /home/travis/build/failed/igniterealtime/Openfire/src/plugins/restAPI/target/restAPI.jar
[[1;34mINFO[m] 
[[1;34mINFO[m] [1m------------------------------------------------------------------------[m
[[1;34mINFO[m] [1mBuilding Search Plugin 4.2.0-SNAPSHOT[m
[[1;34mINFO[m] [1m------------------------------------------------------------------------[m
[[1;34mINFO[m] 
[[1;34mINFO[m] [1m--- [0;32mmaven-clean-plugin:2.5:clean[m [1m(default-clean)[m @ [36msearch[0;1m ---[m
[[1;34mINFO[m] Deleting /home/travis/build/failed/igniterealtime/Openfire/src/plugins/search/target
[[1;34mINFO[m] 
[[1;34mINFO[m] [1m--- [0;32mmaven-resources-plugin:2.6:resources[m [1m(default-resources)[m @ [36msearch[0;1m ---[m
[[1;34mINFO[m] Using 'UTF-8' encoding to copy filtered resources.
[[1;34mINFO[m] skip non existing resourceDirectory /home/travis/build/failed/igniterealtime/Openfire/src/plugins/search/src/main/resources
[[1;34mINFO[m] 
[[1;34mINFO[m] [1m--- [0;32mmaven-compiler-plugin:3.3:compile[m [1m(default-compile)[m @ [36msearch[0;1m ---[m
[[1;34mINFO[m] Changes detected - recompiling the module!
[[1;34mINFO[m] Compiling 1 source file to /home/travis/build/failed/igniterealtime/Openfire/src/plugins/search/target/classes
[[1;34mINFO[m] /home/travis/build/failed/igniterealtime/Openfire/src/plugins/search/src/java/org/jivesoftware/openfire/plugin/SearchPlugin.java: /home/travis/build/failed/igniterealtime/Openfire/src/plugins/search/src/java/org/jivesoftware/openfire/plugin/SearchPlugin.java uses or overrides a deprecated API.
[[1;34mINFO[m] /home/travis/build/failed/igniterealtime/Openfire/src/plugins/search/src/java/org/jivesoftware/openfire/plugin/SearchPlugin.java: Recompile with -Xlint:deprecation for details.
[[1;34mINFO[m] 
[[1;34mINFO[m] [1m--- [0;32mmaven-resources-plugin:2.6:testResources[m [1m(default-testResources)[m @ [36msearch[0;1m ---[m
[[1;34mINFO[m] Using 'UTF-8' encoding to copy filtered resources.
[[1;34mINFO[m] skip non existing resourceDirectory /home/travis/build/failed/igniterealtime/Openfire/src/plugins/search/src/test/resources
[[1;34mINFO[m] 
[[1;34mINFO[m] [1m--- [0;32mmaven-compiler-plugin:3.3:testCompile[m [1m(default-testCompile)[m @ [36msearch[0;1m ---[m
[[1;34mINFO[m] No sources to compile
[[1;34mINFO[m] 
[[1;34mINFO[m] [1m--- [0;32mmaven-surefire-plugin:2.12.4:test[m [1m(default-test)[m @ [36msearch[0;1m ---[m
[[1;34mINFO[m] No tests to run.
[[1;34mINFO[m] 
[[1;34mINFO[m] [1m--- [0;32mmaven-jar-plugin:2.4:jar[m [1m(default-jar)[m @ [36msearch[0;1m ---[m
[[1;34mINFO[m] Building jar: /home/travis/build/failed/igniterealtime/Openfire/src/plugins/search/target/search-4.2.0-SNAPSHOT.jar
[[1;34mINFO[m] 
[[1;34mINFO[m] [1m--- [0;32mmaven-assembly-plugin:2.6:single[m [1m(make-assembly)[m @ [36msearch[0;1m ---[m
[[1;33mWARNING[m] The assembly descriptor contains a filesystem-root relative reference, which is not cross platform compatible /
[[1;34mINFO[m] Building jar: /home/travis/build/failed/igniterealtime/Openfire/src/plugins/search/target/search.jar
[[1;34mINFO[m] 
[[1;34mINFO[m] [1m------------------------------------------------------------------------[m
[[1;34mINFO[m] [1mBuilding STUN Server Plugin 1.2.2[m
[[1;34mINFO[m] [1m------------------------------------------------------------------------[m
[[1;34mINFO[m] 
[[1;34mINFO[m] [1m--- [0;32mmaven-clean-plugin:2.5:clean[m [1m(default-clean)[m @ [36mstunserver[0;1m ---[m
[[1;34mINFO[m] Deleting /home/travis/build/failed/igniterealtime/Openfire/src/plugins/stunserver/target
[[1;34mINFO[m] 
[[1;34mINFO[m] [1m--- [0;32mmaven-resources-plugin:2.6:resources[m [1m(default-resources)[m @ [36mstunserver[0;1m ---[m
[[1;34mINFO[m] Using 'UTF-8' encoding to copy filtered resources.
[[1;34mINFO[m] skip non existing resourceDirectory /home/travis/build/failed/igniterealtime/Openfire/src/plugins/stunserver/src/main/resources
[[1;34mINFO[m] 
[[1;34mINFO[m] [1m--- [0;32mmaven-compiler-plugin:3.3:compile[m [1m(default-compile)[m @ [36mstunserver[0;1m ---[m
[[1;34mINFO[m] Changes detected - recompiling the module!
[[1;34mINFO[m] Compiling 2 source files to /home/travis/build/failed/igniterealtime/Openfire/src/plugins/stunserver/target/classes
[[1;34mINFO[m] 
[[1;34mINFO[m] [1m--- [0;32mmaven-resources-plugin:2.6:testResources[m [1m(default-testResources)[m @ [36mstunserver[0;1m ---[m
[[1;34mINFO[m] Using 'UTF-8' encoding to copy filtered resources.
[[1;34mINFO[m] skip non existing resourceDirectory /home/travis/build/failed/igniterealtime/Openfire/src/plugins/stunserver/src/test/resources
[[1;34mINFO[m] 
[[1;34mINFO[m] [1m--- [0;32mmaven-compiler-plugin:3.3:testCompile[m [1m(default-testCompile)[m @ [36mstunserver[0;1m ---[m
[[1;34mINFO[m] No sources to compile
[[1;34mINFO[m] 
[[1;34mINFO[m] [1m--- [0;32mmaven-surefire-plugin:2.12.4:test[m [1m(default-test)[m @ [36mstunserver[0;1m ---[m
[[1;34mINFO[m] No tests to run.
[[1;34mINFO[m] 
[[1;34mINFO[m] [1m--- [0;32mmaven-jar-plugin:2.4:jar[m [1m(default-jar)[m @ [36mstunserver[0;1m ---[m
[[1;34mINFO[m] Building jar: /home/travis/build/failed/igniterealtime/Openfire/src/plugins/stunserver/target/stunserver-1.2.2.jar
[[1;34mINFO[m] 
[[1;34mINFO[m] [1m--- [0;32mmaven-assembly-plugin:2.6:single[m [1m(make-assembly)[m @ [36mstunserver[0;1m ---[m
[[1;33mWARNING[m] The assembly descriptor contains a filesystem-root relative reference, which is not cross platform compatible /
[[1;34mINFO[m] Building jar: /home/travis/build/failed/igniterealtime/Openfire/src/plugins/stunserver/target/stunserver.jar
[[1;34mINFO[m] 
[[1;34mINFO[m] [1m------------------------------------------------------------------------[m
[[1;34mINFO[m] [1mBuilding Subscription Plugin 1.4.0[m
[[1;34mINFO[m] [1m------------------------------------------------------------------------[m
[[1;34mINFO[m] 
[[1;34mINFO[m] [1m--- [0;32mmaven-clean-plugin:2.5:clean[m [1m(default-clean)[m @ [36msubscription[0;1m ---[m
[[1;34mINFO[m] Deleting /home/travis/build/failed/igniterealtime/Openfire/src/plugins/subscription/target
[[1;34mINFO[m] 
[[1;34mINFO[m] [1m--- [0;32mmaven-resources-plugin:2.6:resources[m [1m(default-resources)[m @ [36msubscription[0;1m ---[m
[[1;34mINFO[m] Using 'UTF-8' encoding to copy filtered resources.
[[1;34mINFO[m] skip non existing resourceDirectory /home/travis/build/failed/igniterealtime/Openfire/src/plugins/subscription/src/main/resources
[[1;34mINFO[m] 
[[1;34mINFO[m] [1m--- [0;32mmaven-compiler-plugin:3.3:compile[m [1m(default-compile)[m @ [36msubscription[0;1m ---[m
[[1;34mINFO[m] Changes detected - recompiling the module!
[[1;34mINFO[m] Compiling 1 source file to /home/travis/build/failed/igniterealtime/Openfire/src/plugins/subscription/target/classes
[[1;34mINFO[m] 
[[1;34mINFO[m] [1m--- [0;32mmaven-resources-plugin:2.6:testResources[m [1m(default-testResources)[m @ [36msubscription[0;1m ---[m
[[1;34mINFO[m] Using 'UTF-8' encoding to copy filtered resources.
[[1;34mINFO[m] skip non existing resourceDirectory /home/travis/build/failed/igniterealtime/Openfire/src/plugins/subscription/src/test/resources
[[1;34mINFO[m] 
[[1;34mINFO[m] [1m--- [0;32mmaven-compiler-plugin:3.3:testCompile[m [1m(default-testCompile)[m @ [36msubscription[0;1m ---[m
[[1;34mINFO[m] No sources to compile
[[1;34mINFO[m] 
[[1;34mINFO[m] [1m--- [0;32mmaven-surefire-plugin:2.12.4:test[m [1m(default-test)[m @ [36msubscription[0;1m ---[m
[[1;34mINFO[m] No tests to run.
[[1;34mINFO[m] 
[[1;34mINFO[m] [1m--- [0;32mmaven-jar-plugin:2.4:jar[m [1m(default-jar)[m @ [36msubscription[0;1m ---[m
[[1;34mINFO[m] Building jar: /home/travis/build/failed/igniterealtime/Openfire/src/plugins/subscription/target/subscription-1.4.0.jar
[[1;34mINFO[m] 
[[1;34mINFO[m] [1m--- [0;32mmaven-assembly-plugin:2.6:single[m [1m(make-assembly)[m @ [36msubscription[0;1m ---[m
[[1;33mWARNING[m] The assembly descriptor contains a filesystem-root relative reference, which is not cross platform compatible /
[[1;34mINFO[m] Building jar: /home/travis/build/failed/igniterealtime/Openfire/src/plugins/subscription/target/subscription.jar
[[1;34mINFO[m] 
[[1;34mINFO[m] [1m------------------------------------------------------------------------[m
[[1;34mINFO[m] [1mBuilding TikiToken Plugin 0.2[m
[[1;34mINFO[m] [1m------------------------------------------------------------------------[m
[[1;34mINFO[m] 
[[1;34mINFO[m] [1m--- [0;32mmaven-clean-plugin:2.5:clean[m [1m(default-clean)[m @ [36mtikitoken[0;1m ---[m
[[1;34mINFO[m] Deleting /home/travis/build/failed/igniterealtime/Openfire/src/plugins/tikitoken/target
[[1;34mINFO[m] 
[[1;34mINFO[m] [1m--- [0;32mmaven-resources-plugin:2.6:resources[m [1m(default-resources)[m @ [36mtikitoken[0;1m ---[m
[[1;34mINFO[m] Using 'UTF-8' encoding to copy filtered resources.
[[1;34mINFO[m] skip non existing resourceDirectory /home/travis/build/failed/igniterealtime/Openfire/src/plugins/tikitoken/src/main/resources
[[1;34mINFO[m] 
[[1;34mINFO[m] [1m--- [0;32mmaven-compiler-plugin:3.3:compile[m [1m(default-compile)[m @ [36mtikitoken[0;1m ---[m
[[1;34mINFO[m] Changes detected - recompiling the module!
[[1;34mINFO[m] Compiling 5 source files to /home/travis/build/failed/igniterealtime/Openfire/src/plugins/tikitoken/target/classes
[[1;34mINFO[m] /home/travis/build/failed/igniterealtime/Openfire/src/plugins/tikitoken/src/java/org/tiki/tikitoken/TikiTokenQuery.java: /home/travis/build/failed/igniterealtime/Openfire/src/plugins/tikitoken/src/java/org/tiki/tikitoken/TikiTokenQuery.java uses unchecked or unsafe operations.
[[1;34mINFO[m] /home/travis/build/failed/igniterealtime/Openfire/src/plugins/tikitoken/src/java/org/tiki/tikitoken/TikiTokenQuery.java: Recompile with -Xlint:unchecked for details.
[[1;34mINFO[m] 
[[1;34mINFO[m] [1m--- [0;32mmaven-resources-plugin:2.6:testResources[m [1m(default-testResources)[m @ [36mtikitoken[0;1m ---[m
[[1;34mINFO[m] Using 'UTF-8' encoding to copy filtered resources.
[[1;34mINFO[m] skip non existing resourceDirectory /home/travis/build/failed/igniterealtime/Openfire/src/plugins/tikitoken/src/test/resources
[[1;34mINFO[m] 
[[1;34mINFO[m] [1m--- [0;32mmaven-compiler-plugin:3.3:testCompile[m [1m(default-testCompile)[m @ [36mtikitoken[0;1m ---[m
[[1;34mINFO[m] No sources to compile
[[1;34mINFO[m] 
[[1;34mINFO[m] [1m--- [0;32mmaven-surefire-plugin:2.12.4:test[m [1m(default-test)[m @ [36mtikitoken[0;1m ---[m
[[1;34mINFO[m] No tests to run.
[[1;34mINFO[m] 
[[1;34mINFO[m] [1m--- [0;32mmaven-jar-plugin:2.4:jar[m [1m(default-jar)[m @ [36mtikitoken[0;1m ---[m
[[1;34mINFO[m] Building jar: /home/travis/build/failed/igniterealtime/Openfire/src/plugins/tikitoken/target/tikitoken-0.2.jar
[[1;34mINFO[m] 
[[1;34mINFO[m] [1m--- [0;32mmaven-assembly-plugin:2.6:single[m [1m(make-assembly)[m @ [36mtikitoken[0;1m ---[m
[[1;33mWARNING[m] The assembly descriptor contains a filesystem-root relative reference, which is not cross platform compatible /
[[1;34mINFO[m] Building jar: /home/travis/build/failed/igniterealtime/Openfire/src/plugins/tikitoken/target/tikitoken.jar
[[1;34mINFO[m] 
[[1;34mINFO[m] [1m------------------------------------------------------------------------[m
[[1;34mINFO[m] [1mBuilding UserCreation Plugin 1.3.0[m
[[1;34mINFO[m] [1m------------------------------------------------------------------------[m
[[1;34mINFO[m] 
[[1;34mINFO[m] [1m--- [0;32mmaven-clean-plugin:2.5:clean[m [1m(default-clean)[m @ [36muserCreation[0;1m ---[m
[[1;34mINFO[m] Deleting /home/travis/build/failed/igniterealtime/Openfire/src/plugins/userCreation/target
[[1;34mINFO[m] 
[[1;34mINFO[m] [1m--- [0;32mmaven-resources-plugin:2.6:resources[m [1m(default-resources)[m @ [36muserCreation[0;1m ---[m
[[1;34mINFO[m] Using 'UTF-8' encoding to copy filtered resources.
[[1;34mINFO[m] skip non existing resourceDirectory /home/travis/build/failed/igniterealtime/Openfire/src/plugins/userCreation/src/main/resources
[[1;34mINFO[m] 
[[1;34mINFO[m] [1m--- [0;32mmaven-compiler-plugin:3.3:compile[m [1m(default-compile)[m @ [36muserCreation[0;1m ---[m
[[1;34mINFO[m] Changes detected - recompiling the module!
[[1;34mINFO[m] Compiling 1 source file to /home/travis/build/failed/igniterealtime/Openfire/src/plugins/userCreation/target/classes
[[1;34mINFO[m] /home/travis/build/failed/igniterealtime/Openfire/src/plugins/userCreation/src/java/org/jivesoftware/openfire/plugin/UserCreationPlugin.java: /home/travis/build/failed/igniterealtime/Openfire/src/plugins/userCreation/src/java/org/jivesoftware/openfire/plugin/UserCreationPlugin.java uses or overrides a deprecated API.
[[1;34mINFO[m] /home/travis/build/failed/igniterealtime/Openfire/src/plugins/userCreation/src/java/org/jivesoftware/openfire/plugin/UserCreationPlugin.java: Recompile with -Xlint:deprecation for details.
[[1;34mINFO[m] 
[[1;34mINFO[m] [1m--- [0;32mmaven-resources-plugin:2.6:testResources[m [1m(default-testResources)[m @ [36muserCreation[0;1m ---[m
[[1;34mINFO[m] Using 'UTF-8' encoding to copy filtered resources.
[[1;34mINFO[m] skip non existing resourceDirectory /home/travis/build/failed/igniterealtime/Openfire/src/plugins/userCreation/src/test/resources
[[1;34mINFO[m] 
[[1;34mINFO[m] [1m--- [0;32mmaven-compiler-plugin:3.3:testCompile[m [1m(default-testCompile)[m @ [36muserCreation[0;1m ---[m
[[1;34mINFO[m] No sources to compile
[[1;34mINFO[m] 
[[1;34mINFO[m] [1m--- [0;32mmaven-surefire-plugin:2.12.4:test[m [1m(default-test)[m @ [36muserCreation[0;1m ---[m
[[1;34mINFO[m] No tests to run.
[[1;34mINFO[m] 
[[1;34mINFO[m] [1m--- [0;32mmaven-jar-plugin:2.4:jar[m [1m(default-jar)[m @ [36muserCreation[0;1m ---[m
[[1;34mINFO[m] Building jar: /home/travis/build/failed/igniterealtime/Openfire/src/plugins/userCreation/target/userCreation-1.3.0.jar
[[1;34mINFO[m] 
[[1;34mINFO[m] [1m--- [0;32mmaven-assembly-plugin:2.6:single[m [1m(make-assembly)[m @ [36muserCreation[0;1m ---[m
[[1;33mWARNING[m] The assembly descriptor contains a filesystem-root relative reference, which is not cross platform compatible /
[[1;34mINFO[m] Building jar: /home/travis/build/failed/igniterealtime/Openfire/src/plugins/userCreation/target/userCreation.jar
[[1;34mINFO[m] 
[[1;34mINFO[m] [1m------------------------------------------------------------------------[m
[[1;34mINFO[m] [1mBuilding UserImportExport Plugin 2.6.2[m
[[1;34mINFO[m] [1m------------------------------------------------------------------------[m
[[1;34mINFO[m] 
[[1;34mINFO[m] [1m--- [0;32mmaven-clean-plugin:2.5:clean[m [1m(default-clean)[m @ [36muserImportExport[0;1m ---[m
[[1;34mINFO[m] Deleting /home/travis/build/failed/igniterealtime/Openfire/src/plugins/userImportExport/target
[[1;34mINFO[m] 
[[1;34mINFO[m] [1m--- [0;32mmaven-resources-plugin:2.6:resources[m [1m(default-resources)[m @ [36muserImportExport[0;1m ---[m
[[1;34mINFO[m] Using 'UTF-8' encoding to copy filtered resources.
[[1;34mINFO[m] skip non existing resourceDirectory /home/travis/build/failed/igniterealtime/Openfire/src/plugins/userImportExport/src/main/resources
[[1;34mINFO[m] 
[[1;34mINFO[m] [1m--- [0;32mmaven-compiler-plugin:3.3:compile[m [1m(default-compile)[m @ [36muserImportExport[0;1m ---[m
[[1;34mINFO[m] Changes detected - recompiling the module!
[[1;34mINFO[m] Compiling 6 source files to /home/travis/build/failed/igniterealtime/Openfire/src/plugins/userImportExport/target/classes
[[1;34mINFO[m] 
[[1;34mINFO[m] [1m--- [0;32mjetty-jspc-maven-plugin:9.2.14.v20151106:jspc[m [1m(jspc)[m @ [36muserImportExport[0;1m ---[m
[[1;34mINFO[m] Compiling export-file.jsp,export-user-data.jsp,import-export-selection.jsp,import-user-data.jsp
[[1;34mINFO[m] Includes=**/*.jsp, **/*.jspx
[[1;34mINFO[m] Excludes=null
[[1;34mINFO[m] Files selected to precompile: export-file.jsp,export-user-data.jsp,import-export-selection.jsp,import-user-data.jsp
[[1;34mINFO[m] 
[[1;34mINFO[m] [1m--- [0;32mmaven-resources-plugin:2.6:testResources[m [1m(default-testResources)[m @ [36muserImportExport[0;1m ---[m
[[1;34mINFO[m] Using 'UTF-8' encoding to copy filtered resources.
[[1;34mINFO[m] Copying 14 resources
[[1;34mINFO[m] 
[[1;34mINFO[m] [1m--- [0;32mmaven-compiler-plugin:3.3:testCompile[m [1m(default-testCompile)[m @ [36muserImportExport[0;1m ---[m
[[1;34mINFO[m] Changes detected - recompiling the module!
[[1;34mINFO[m] Compiling 3 source files to /home/travis/build/failed/igniterealtime/Openfire/src/plugins/userImportExport/target/test-classes
[[1;34mINFO[m] 
[[1;34mINFO[m] [1m--- [0;32mmaven-surefire-plugin:2.12.4:test[m [1m(default-test)[m @ [36muserImportExport[0;1m ---[m
[[1;34mINFO[m] Tests are skipped.
[[1;34mINFO[m] 
[[1;34mINFO[m] [1m--- [0;32mmaven-jar-plugin:2.4:jar[m [1m(default-jar)[m @ [36muserImportExport[0;1m ---[m
[[1;34mINFO[m] Building jar: /home/travis/build/failed/igniterealtime/Openfire/src/plugins/userImportExport/target/userImportExport-2.6.2.jar
[[1;34mINFO[m] 
[[1;34mINFO[m] [1m--- [0;32mmaven-assembly-plugin:2.6:single[m [1m(make-assembly)[m @ [36muserImportExport[0;1m ---[m
[[1;33mWARNING[m] The assembly descriptor contains a filesystem-root relative reference, which is not cross platform compatible /
[[1;34mINFO[m] Building jar: /home/travis/build/failed/igniterealtime/Openfire/src/plugins/userImportExport/target/userImportExport.jar
[[1;34mINFO[m] 
[[1;34mINFO[m] [1m------------------------------------------------------------------------[m
[[1;34mINFO[m] [1mBuilding (deprecated) UserService Plugin 2.1.0[m
[[1;34mINFO[m] [1m------------------------------------------------------------------------[m
[[1;34mINFO[m] 
[[1;34mINFO[m] [1m--- [0;32mmaven-clean-plugin:2.5:clean[m [1m(default-clean)[m @ [36muserservice[0;1m ---[m
[[1;34mINFO[m] Deleting /home/travis/build/failed/igniterealtime/Openfire/src/plugins/userservice/target
[[1;34mINFO[m] 
[[1;34mINFO[m] [1m--- [0;32mmaven-resources-plugin:2.6:resources[m [1m(default-resources)[m @ [36muserservice[0;1m ---[m
[[1;34mINFO[m] Using 'UTF-8' encoding to copy filtered resources.
[[1;34mINFO[m] skip non existing resourceDirectory /home/travis/build/failed/igniterealtime/Openfire/src/plugins/userservice/src/main/resources
[[1;34mINFO[m] 
[[1;34mINFO[m] [1m--- [0;32mmaven-compiler-plugin:3.3:compile[m [1m(default-compile)[m @ [36muserservice[0;1m ---[m
[[1;34mINFO[m] Changes detected - recompiling the module!
[[1;34mINFO[m] Compiling 23 source files to /home/travis/build/failed/igniterealtime/Openfire/src/plugins/userservice/target/classes
[[1;34mINFO[m] 
[[1;34mINFO[m] [1m--- [0;32mmaven-resources-plugin:2.6:testResources[m [1m(default-testResources)[m @ [36muserservice[0;1m ---[m
[[1;34mINFO[m] Using 'UTF-8' encoding to copy filtered resources.
[[1;34mINFO[m] skip non existing resourceDirectory /home/travis/build/failed/igniterealtime/Openfire/src/plugins/userservice/src/test/resources
[[1;34mINFO[m] 
[[1;34mINFO[m] [1m--- [0;32mmaven-compiler-plugin:3.3:testCompile[m [1m(default-testCompile)[m @ [36muserservice[0;1m ---[m
[[1;34mINFO[m] No sources to compile
[[1;34mINFO[m] 
[[1;34mINFO[m] [1m--- [0;32mmaven-surefire-plugin:2.12.4:test[m [1m(default-test)[m @ [36muserservice[0;1m ---[m
[[1;34mINFO[m] No tests to run.
[[1;34mINFO[m] 
[[1;34mINFO[m] [1m--- [0;32mmaven-jar-plugin:2.4:jar[m [1m(default-jar)[m @ [36muserservice[0;1m ---[m
[[1;34mINFO[m] Building jar: /home/travis/build/failed/igniterealtime/Openfire/src/plugins/userservice/target/userservice-2.1.0.jar
[[1;34mINFO[m] 
[[1;34mINFO[m] [1m--- [0;32mmaven-assembly-plugin:2.6:single[m [1m(make-assembly)[m @ [36muserservice[0;1m ---[m
[[1;33mWARNING[m] The assembly descriptor contains a filesystem-root relative reference, which is not cross platform compatible /
[[1;34mINFO[m] Building jar: /home/travis/build/failed/igniterealtime/Openfire/src/plugins/userservice/target/userservice.jar
[[1;34mINFO[m] 
[[1;34mINFO[m] [1m------------------------------------------------------------------------[m
[[1;34mINFO[m] [1mBuilding XML Debugger Plugin 1.7.0[m
[[1;34mINFO[m] [1m------------------------------------------------------------------------[m
[[1;34mINFO[m] 
[[1;34mINFO[m] [1m--- [0;32mmaven-clean-plugin:2.5:clean[m [1m(default-clean)[m @ [36mxmldebugger[0;1m ---[m
[[1;34mINFO[m] Deleting /home/travis/build/failed/igniterealtime/Openfire/src/plugins/xmldebugger/target
[[1;34mINFO[m] 
[[1;34mINFO[m] [1m--- [0;32mmaven-resources-plugin:2.6:resources[m [1m(default-resources)[m @ [36mxmldebugger[0;1m ---[m
[[1;34mINFO[m] Using 'UTF-8' encoding to copy filtered resources.
[[1;34mINFO[m] skip non existing resourceDirectory /home/travis/build/failed/igniterealtime/Openfire/src/plugins/xmldebugger/src/main/resources
[[1;34mINFO[m] 
[[1;34mINFO[m] [1m--- [0;32mmaven-compiler-plugin:3.3:compile[m [1m(default-compile)[m @ [36mxmldebugger[0;1m ---[m
[[1;34mINFO[m] Changes detected - recompiling the module!
[[1;34mINFO[m] Compiling 3 source files to /home/travis/build/failed/igniterealtime/Openfire/src/plugins/xmldebugger/target/classes
[[1;34mINFO[m] /home/travis/build/failed/igniterealtime/Openfire/src/plugins/xmldebugger/src/java/org/jivesoftware/openfire/plugin/DebuggerPlugin.java: /home/travis/build/failed/igniterealtime/Openfire/src/plugins/xmldebugger/src/java/org/jivesoftware/openfire/plugin/DebuggerPlugin.java uses or overrides a deprecated API.
[[1;34mINFO[m] /home/travis/build/failed/igniterealtime/Openfire/src/plugins/xmldebugger/src/java/org/jivesoftware/openfire/plugin/DebuggerPlugin.java: Recompile with -Xlint:deprecation for details.
[[1;34mINFO[m] 
[[1;34mINFO[m] [1m--- [0;32mmaven-resources-plugin:2.6:testResources[m [1m(default-testResources)[m @ [36mxmldebugger[0;1m ---[m
[[1;34mINFO[m] Using 'UTF-8' encoding to copy filtered resources.
[[1;34mINFO[m] skip non existing resourceDirectory /home/travis/build/failed/igniterealtime/Openfire/src/plugins/xmldebugger/src/test/resources
[[1;34mINFO[m] 
[[1;34mINFO[m] [1m--- [0;32mmaven-compiler-plugin:3.3:testCompile[m [1m(default-testCompile)[m @ [36mxmldebugger[0;1m ---[m
[[1;34mINFO[m] No sources to compile
[[1;34mINFO[m] 
[[1;34mINFO[m] [1m--- [0;32mmaven-surefire-plugin:2.12.4:test[m [1m(default-test)[m @ [36mxmldebugger[0;1m ---[m
[[1;34mINFO[m] No tests to run.
[[1;34mINFO[m] 
[[1;34mINFO[m] [1m--- [0;32mmaven-jar-plugin:2.4:jar[m [1m(default-jar)[m @ [36mxmldebugger[0;1m ---[m
[[1;34mINFO[m] Building jar: /home/travis/build/failed/igniterealtime/Openfire/src/plugins/xmldebugger/target/xmldebugger-1.7.0.jar
[[1;34mINFO[m] 
[[1;34mINFO[m] [1m--- [0;32mmaven-assembly-plugin:2.6:single[m [1m(make-assembly)[m @ [36mxmldebugger[0;1m ---[m
[[1;33mWARNING[m] The assembly descriptor contains a filesystem-root relative reference, which is not cross platform compatible /
[[1;34mINFO[m] Building jar: /home/travis/build/failed/igniterealtime/Openfire/src/plugins/xmldebugger/target/xmldebugger.jar
[[1;34mINFO[m] 
[[1;34mINFO[m] [1m------------------------------------------------------------------------[m
[[1;34mINFO[m] [1mBuilding Web-based Administration Interface 4.2.0-SNAPSHOT[m
[[1;34mINFO[m] [1m------------------------------------------------------------------------[m
[[1;34mINFO[m] 
[[1;34mINFO[m] [1m--- [0;32mmaven-clean-plugin:2.5:clean[m [1m(default-clean)[m @ [36mwebadmin[0;1m ---[m
[[1;34mINFO[m] Deleting /home/travis/build/failed/igniterealtime/Openfire/webadmin/target
[[1;34mINFO[m] 
[[1;34mINFO[m] [1m--- [0;32mmaven-resources-plugin:2.7:resources[m [1m(default-resources)[m @ [36mwebadmin[0;1m ---[m
[[1;34mINFO[m] Using 'UTF-8' encoding to copy filtered resources.
[[1;34mINFO[m] skip non existing resourceDirectory /home/travis/build/failed/igniterealtime/Openfire/webadmin/src/main/resources
[[1;34mINFO[m] 
[[1;34mINFO[m] [1m--- [0;32mmaven-compiler-plugin:3.3:compile[m [1m(default-compile)[m @ [36mwebadmin[0;1m ---[m
[[1;34mINFO[m] No sources to compile
[[1;34mINFO[m] 
[[1;34mINFO[m] [1m--- [0;32mjetty-jspc-maven-plugin:9.2.14.v20151106:jspc[m [1m(jspc)[m @ [36mwebadmin[0;1m ---[m
[[1;34mINFO[m] Compiling audit-policy.jsp,available-plugins.jsp,chatroom-history-settings.jsp,component-session-details.jsp,component-session-summary.jsp,compression-settings.jsp,connection-managers-settings.jsp,connection-settings-advanced.jsp,connection-settings-external-components.jsp,connection-settings-socket-c2s.jsp,connection-settings-socket-s2s.jsp,decorators/main.jsp,decorators/setup.jsp,dns-check.jsp,error-serverdown.jsp,error.jsp,file-transfer-proxy.jsp,group-create.jsp,group-delete.jsp,group-edit.jsp,group-summary.jsp,http-bind.jsp,import-keystore-certificate.jsp,import-truststore-certificate.jsp,index.jsp,js/jscalendar/i18n.jsp,ldap-group.jsp,ldap-server.jsp,ldap-user.jsp,log.jsp,login.jsp,logviewer.jsp,manage-updates.jsp,media-proxy.jsp,muc-create-permission.jsp,muc-default-settings.jsp,muc-history-settings.jsp,muc-room-affiliations.jsp,muc-room-create.jsp,muc-room-delete.jsp,muc-room-edit-form.jsp,muc-room-occupants.jsp,muc-room-summary.jsp,muc-service-create.jsp,muc-service-delete.jsp,muc-service-edit-form.jsp,muc-service-summary.jsp,muc-sysadmins.jsp,muc-tasks.jsp,offline-messages.jsp,plugin-admin.jsp,plugin-showfile.jsp,private-data-settings.jsp,profile-settings.jsp,pubsub-form-table.jsp,pubsub-node-affiliates-delete.jsp,pubsub-node-affiliates-edit.jsp,pubsub-node-affiliates.jsp,pubsub-node-delete.jsp,pubsub-node-edit.jsp,pubsub-node-items.jsp,pubsub-node-subscribers.jsp,pubsub-node-summary.jsp,pubsub-service-summary.jsp,reg-settings.jsp,security-audit-viewer.jsp,security-certificate-details.jsp,security-certificate-store-management.jsp,security-keystore-signing-request.jsp,security-keystore.jsp,security-truststore.jsp,server-connectiontest.jsp,server-db-stats.jsp,server-db.jsp,server-locale.jsp,server-properties.jsp,server-props.jsp,server-restart.jsp,server-session-details.jsp,server-session-summary.jsp,session-conflict.jsp,session-details.jsp,session-summary.jsp,setup/index.jsp,setup/setup-admin-settings.jsp,setup/setup-admin-settings_test.jsp,setup/setup-completed.jsp,setup/setup-datasource-jndi.jsp,setup/setup-datasource-settings.jsp,setup/setup-datasource-standard.jsp,setup/setup-finished.jsp,setup/setup-host-settings.jsp,setup/setup-ldap-group.jsp,setup/setup-ldap-group_test.jsp,setup/setup-ldap-server.jsp,setup/setup-ldap-server_test.jsp,setup/setup-ldap-user.jsp,setup/setup-ldap-user_test.jsp,setup/setup-profile-settings.jsp,system-cache.jsp,system-clustering.jsp,system-email.jsp,system-emailtest.jsp,system-sms.jsp,system-smstest.jsp,user-create.jsp,user-delete.jsp,user-edit-form.jsp,user-groups.jsp,user-lockout.jsp,user-message.jsp,user-password.jsp,user-properties.jsp,user-roster-add.jsp,user-roster-delete.jsp,user-roster-edit.jsp,user-roster-view.jsp,user-roster.jsp,user-search.jsp,user-summary.jsp,user-tabs.jsp
[[1;34mINFO[m] Includes=**/*.jsp, **/*.jspx
[[1;34mINFO[m] Excludes=null
[[1;34mINFO[m] Files selected to precompile: audit-policy.jsp,available-plugins.jsp,chatroom-history-settings.jsp,component-session-details.jsp,component-session-summary.jsp,compression-settings.jsp,connection-managers-settings.jsp,connection-settings-advanced.jsp,connection-settings-external-components.jsp,connection-settings-socket-c2s.jsp,connection-settings-socket-s2s.jsp,decorators/main.jsp,decorators/setup.jsp,dns-check.jsp,error-serverdown.jsp,error.jsp,file-transfer-proxy.jsp,group-create.jsp,group-delete.jsp,group-edit.jsp,group-summary.jsp,http-bind.jsp,import-keystore-certificate.jsp,import-truststore-certificate.jsp,index.jsp,js/jscalendar/i18n.jsp,ldap-group.jsp,ldap-server.jsp,ldap-user.jsp,log.jsp,login.jsp,logviewer.jsp,manage-updates.jsp,media-proxy.jsp,muc-create-permission.jsp,muc-default-settings.jsp,muc-history-settings.jsp,muc-room-affiliations.jsp,muc-room-create.jsp,muc-room-delete.jsp,muc-room-edit-form.jsp,muc-room-occupants.jsp,muc-room-summary.jsp,muc-service-create.jsp,muc-service-delete.jsp,muc-service-edit-form.jsp,muc-service-summary.jsp,muc-sysadmins.jsp,muc-tasks.jsp,offline-messages.jsp,plugin-admin.jsp,plugin-showfile.jsp,private-data-settings.jsp,profile-settings.jsp,pubsub-form-table.jsp,pubsub-node-affiliates-delete.jsp,pubsub-node-affiliates-edit.jsp,pubsub-node-affiliates.jsp,pubsub-node-delete.jsp,pubsub-node-edit.jsp,pubsub-node-items.jsp,pubsub-node-subscribers.jsp,pubsub-node-summary.jsp,pubsub-service-summary.jsp,reg-settings.jsp,security-audit-viewer.jsp,security-certificate-details.jsp,security-certificate-store-management.jsp,security-keystore-signing-request.jsp,security-keystore.jsp,security-truststore.jsp,server-connectiontest.jsp,server-db-stats.jsp,server-db.jsp,server-locale.jsp,server-properties.jsp,server-props.jsp,server-restart.jsp,server-session-details.jsp,server-session-summary.jsp,session-conflict.jsp,session-details.jsp,session-summary.jsp,setup/index.jsp,setup/setup-admin-settings.jsp,setup/setup-admin-settings_test.jsp,setup/setup-completed.jsp,setup/setup-datasource-jndi.jsp,setup/setup-datasource-settings.jsp,setup/setup-datasource-standard.jsp,setup/setup-finished.jsp,setup/setup-host-settings.jsp,setup/setup-ldap-group.jsp,setup/setup-ldap-group_test.jsp,setup/setup-ldap-server.jsp,setup/setup-ldap-server_test.jsp,setup/setup-ldap-user.jsp,setup/setup-ldap-user_test.jsp,setup/setup-profile-settings.jsp,system-cache.jsp,system-clustering.jsp,system-email.jsp,system-emailtest.jsp,system-sms.jsp,system-smstest.jsp,user-create.jsp,user-delete.jsp,user-edit-form.jsp,user-groups.jsp,user-lockout.jsp,user-message.jsp,user-password.jsp,user-properties.jsp,user-roster-add.jsp,user-roster-delete.jsp,user-roster-edit.jsp,user-roster-view.jsp,user-roster.jsp,user-search.jsp,user-summary.jsp,user-tabs.jsp
[[1;34mINFO[m] [1m------------------------------------------------------------------------[m
[[1;34mINFO[m] [1mReactor Summary:[m
[[1;34mINFO[m] 
[[1;34mINFO[m] Parent ............................................. [1;32mSUCCESS[m [  7.139 s]
[[1;34mINFO[m] Database Utilities ................................. [1;32mSUCCESS[m [  4.334 s]
[[1;34mINFO[m] Internationalization files for Openfire ............ [1;32mSUCCESS[m [  0.471 s]
[[1;34mINFO[m] Core XMPP Server ................................... [1;32mSUCCESS[m [ 58.826 s]
[[1;34mINFO[m] Starter for Openfire ............................... [1;32mSUCCESS[m [  6.173 s]
[[1;34mINFO[m] Openfire Plugins ................................... [1;32mSUCCESS[m [  0.002 s]
[[1;34mINFO[m] Openfire Plugin Assembly Descriptor ................ [1;32mSUCCESS[m [  3.405 s]
[[1;34mINFO[m] Bookmarks Plugin ................................... [1;32mSUCCESS[m [  4.756 s]
[[1;34mINFO[m] Broadcast Plugin ................................... [1;32mSUCCESS[m [  0.682 s]
[[1;34mINFO[m] Callback on Offline Plugin ......................... [1;32mSUCCESS[m [  2.188 s]
[[1;34mINFO[m] Administration Interface Taglibs ................... [1;32mSUCCESS[m [  0.396 s]
[[1;34mINFO[m] Candy Webchat Plugin ............................... [1;32mSUCCESS[m [  4.393 s]
[[1;34mINFO[m] ClientControl Plugin ............................... [1;32mSUCCESS[m [  2.338 s]
[[1;34mINFO[m] ContentFilter Plugin ............................... [1;32mSUCCESS[m [  1.290 s]
[[1;34mINFO[m] DB Access Plugin ................................... [1;32mSUCCESS[m [  0.353 s]
[[1;34mINFO[m] Email Listener Plugin .............................. [1;32mSUCCESS[m [  0.326 s]
[[1;34mINFO[m] Email On Away Plugin ............................... [1;32mSUCCESS[m [  0.248 s]
[[1;34mINFO[m] Fastpath Plugin .................................... [1;32mSUCCESS[m [  3.581 s]
[[1;34mINFO[m] Gojara Plugin ...................................... [1;32mSUCCESS[m [  1.791 s]
[[1;34mINFO[m] Hazelcast Plugin ................................... [1;32mSUCCESS[m [  2.581 s]
[[1;34mINFO[m] Inverse Webchat Plugin ............................. [1;32mSUCCESS[m [  1.424 s]
[[1;34mINFO[m] JMXWeb Plugin ...................................... [1;32mSUCCESS[m [ 10.043 s]
[[1;34mINFO[m] JustMarried Plugin ................................. [1;32mSUCCESS[m [  0.700 s]
[[1;34mINFO[m] LoadStats Plugin ................................... [1;32mSUCCESS[m [  0.556 s]
[[1;34mINFO[m] Monitoring Plugin .................................. [1;32mSUCCESS[m [  4.519 s]
[[1;34mINFO[m] Message of the Day Plugin .......................... [1;32mSUCCESS[m [  0.202 s]
[[1;34mINFO[m] (deprecated) MUC Service Plugin .................... [1;32mSUCCESS[m [  0.357 s]
[[1;34mINFO[m] NodeJS Plugin ...................................... [1;32mSUCCESS[m [  0.223 s]
[[1;34mINFO[m] non-SASL Authentication Plugin ..................... [1;32mSUCCESS[m [  0.188 s]
[[1;34mINFO[m] PacketFilter Plugin ................................ [1;32mSUCCESS[m [  0.516 s]
[[1;34mINFO[m] Presence Plugin .................................... [1;32mSUCCESS[m [  0.338 s]
[[1;34mINFO[m] Registration Plugin ................................ [1;32mSUCCESS[m [  0.735 s]
[[1;34mINFO[m] Rest API Plugin .................................... [1;32mSUCCESS[m [  1.088 s]
[[1;34mINFO[m] Search Plugin ...................................... [1;32mSUCCESS[m [  0.908 s]
[[1;34mINFO[m] STUN Server Plugin ................................. [1;32mSUCCESS[m [  1.205 s]
[[1;34mINFO[m] Subscription Plugin ................................ [1;32mSUCCESS[m [  0.401 s]
[[1;34mINFO[m] TikiToken Plugin ................................... [1;32mSUCCESS[m [  0.398 s]
[[1;34mINFO[m] UserCreation Plugin ................................ [1;32mSUCCESS[m [  0.691 s]
[[1;34mINFO[m] UserImportExport Plugin ............................ [1;32mSUCCESS[m [  2.119 s]
[[1;34mINFO[m] (deprecated) UserService Plugin .................... [1;32mSUCCESS[m [  0.499 s]
[[1;34mINFO[m] XML Debugger Plugin ................................ [1;32mSUCCESS[m [  0.227 s]
[[1;34mINFO[m] Web-based Administration Interface ................. [1;31mFAILURE[m [  6.032 s]
[[1;34mINFO[m] [1m------------------------------------------------------------------------[m
[[1;34mINFO[m] [1;31mBUILD FAILURE[m
[[1;34mINFO[m] [1m------------------------------------------------------------------------[m
[[1;34mINFO[m] Total time: 02:28 min
[[1;34mINFO[m] Finished at: 2022-02-12T16:26:04Z
[[1;34mINFO[m] Final Memory: 79M/875M
[[1;34mINFO[m] [1m------------------------------------------------------------------------[m
[[1;31mERROR[m] Failed to execute goal [32morg.eclipse.jetty:jetty-jspc-maven-plugin:9.2.14.v20151106:jspc[m [1m(jspc)[m on project [36mwebadmin[m: [1;31mFailure processing jsps[m: org.apache.jasper.JasperException: Unable to compile class for JSP: 
[[1;31mERROR[m] 
[[1;31mERROR[m] An error occurred at line: 23 in the jsp file: /muc-room-create.jsp
[[1;31mERROR[m] Unreachable code
[[1;31mERROR[m] 20:     // Redirect to muc-room-edit-form and set that a room will be created
[[1;31mERROR[m] 21:     response.sendRedirect("muc-room-edit-form.jsp?create=true");
[[1;31mERROR[m] 22:     return;
[[1;31mERROR[m] 23: %>
[[1;31mERROR[m] 
[[1;31mERROR[m] 
[[1;31mERROR[m] Stacktrace:
[[1;31mERROR[m] -> [1m[Help 1][m
[[1;31mERROR[m] 
[[1;31mERROR[m] To see the full stack trace of the errors, re-run Maven with the [1m-e[m switch.
[[1;31mERROR[m] Re-run Maven using the [1m-X[m switch to enable full debug logging.
[[1;31mERROR[m] 
[[1;31mERROR[m] For more information about the errors and possible solutions, please read the following articles:
[[1;31mERROR[m] [1m[Help 1][m http://cwiki.apache.org/confluence/display/MAVEN/MojoExecutionException
[[1;31mERROR[m] 
[[1;31mERROR[m] After correcting the problems, you can resume the build with the command
[[1;31mERROR[m]   [1mmvn <goals> -rf :webadmin[m

travis_time:end:0139cfaa:start=1644683014130094228,finish=1644683165192450101,duration=151062355873[0K
[31;1mThe command "$SCRIPT" exited with 1.[0m

Done. Your build exited with 1.
