travis_fold:start:system_info[0K[33;1mBuild system information[0m
Build language: java
Build group: stable
Build dist: precise
Build id: ''
Job id: ''
[34m[1mBuild image provisioning date and time[0m
Thu Feb  5 15:09:33 UTC 2015
[34m[1mOperating System Details[0m
Distributor ID:	Ubuntu
Description:	Ubuntu 12.04.5 LTS
Release:	12.04
Codename:	precise
[34m[1mLinux Version[0m
3.13.0-29-generic
[34m[1mCookbooks Version[0m
a68419e https://github.com/travis-ci/travis-cookbooks/tree/a68419e
[34m[1mGCC version[0m
gcc (Ubuntu/Linaro 4.6.3-1ubuntu5) 4.6.3
Copyright (C) 2011 Free Software Foundation, Inc.
This is free software; see the source for copying conditions.  There is NO
warranty; not even for MERCHANTABILITY or FITNESS FOR A PARTICULAR PURPOSE.

[34m[1mLLVM version[0m
clang version 3.4 (tags/RELEASE_34/final)
Target: x86_64-unknown-linux-gnu
Thread model: posix
[34m[1mPre-installed Ruby versions[0m
ruby-1.9.3-p551
[34m[1mPre-installed Node.js versions[0m
v0.10.36
[34m[1mPre-installed Go versions[0m
1.4.1
[34m[1mRedis version[0m
redis-server 2.8.19
[34m[1mriak version[0m
2.0.2
[34m[1mMongoDB version[0m
MongoDB 2.4.12
[34m[1mCouchDB version[0m
couchdb 1.6.1
[34m[1mNeo4j version[0m
1.9.4
[34m[1mRabbitMQ Version[0m
3.4.3
[34m[1mElasticSearch version[0m
1.4.0
[34m[1mInstalled Sphinx versions[0m
2.0.10
2.1.9
2.2.6
[34m[1mDefault Sphinx version[0m
2.2.6
[34m[1mInstalled Firefox version[0m
firefox 31.0esr
[34m[1mPhantomJS version[0m
1.9.8
[34m[1mant -version[0m
Apache Ant(TM) version 1.8.2 compiled on December 3 2011
[34m[1mmvn -version[0m
Apache Maven 3.2.5 (12a6b3acb947671f09b81f49094c53f426d8cea1; 2014-12-14T17:29:23+00:00)
Maven home: /usr/local/maven
Java version: 1.7.0_76, vendor: Oracle Corporation
Java home: /usr/lib/jvm/java-7-oracle/jre
Default locale: en_US, platform encoding: ANSI_X3.4-1968
OS name: "linux", version: "3.13.0-29-generic", arch: "amd64", family: "unix"
travis_fold:end:system_info[0K
grep: /etc/apt/sources.list.d/*: No such file or directory
sed: cannot rename /etc/hosts: Device or resource busy
sed: cannot rename /etc/hosts: Device or resource busy
$ jdk_switcher use oraclejdk8
Switching to Oracle JDK8 (java-8-oracle), JAVA_HOME will be set to /usr/lib/jvm/java-8-oracle
$ cd passed/google/auto
$ java -Xmx32m -version
java version "1.8.0_31"
Java(TM) SE Runtime Environment (build 1.8.0_31-b13)
Java HotSpot(TM) 64-Bit Server VM (build 25.31-b07, mixed mode)
$ javac -J-Xmx32m -version
javac 1.8.0_31
travis_fold:start:install[0Ktravis_time:start:1ca05529[0K$ mvn -Dhttps.protocols=TLSv1.2 -B -U -f build-pom.xml dependency:go-offline test clean --quiet --fail-never -DskipTests=true
Java HotSpot(TM) 64-Bit Server VM warning: ignoring option MaxPermSize=192m; support was removed in 8.0

travis_time:end:1ca05529:start=1608138360952115598,finish=1608138387938800637,duration=26986685039[0Ktravis_fold:end:install[0Ktravis_time:start:124f4d06[0K$ mvn -Dhttps.protocols=TLSv1.2 -B -U -f build-pom.xml verify --fail-at-end -Dsource.skip=true -Dmaven.javadoc.skip=true
Java HotSpot(TM) 64-Bit Server VM warning: ignoring option MaxPermSize=192m; support was removed in 8.0
[INFO] Scanning for projects...
[INFO] ------------------------------------------------------------------------
[INFO] Reactor Build Order:
[INFO] 
[INFO] Auto (Parent)
[INFO] Auto Common Libraries
[INFO] AutoFactory
[INFO] AutoService
[INFO] AutoValue
[INFO] build-only
[INFO]                                                                         
[INFO] ------------------------------------------------------------------------
[INFO] Building Auto (Parent) 4-SNAPSHOT
[INFO] ------------------------------------------------------------------------
[INFO] 
[INFO] --- maven-enforcer-plugin:1.0:enforce (enforce-maven) @ auto-parent ---
[INFO]                                                                         
[INFO] ------------------------------------------------------------------------
[INFO] Building Auto Common Libraries 1.0-SNAPSHOT
[INFO] ------------------------------------------------------------------------
[INFO] 
[INFO] --- maven-enforcer-plugin:1.0:enforce (enforce-maven) @ auto-common ---
[INFO] 
[INFO] --- maven-resources-plugin:2.6:resources (default-resources) @ auto-common ---
[INFO] Using 'UTF-8' encoding to copy filtered resources.
[INFO] skip non existing resourceDirectory /home/travis/build/passed/google/auto/common/src/main/resources
[INFO] 
[INFO] --- maven-compiler-plugin:3.1:compile (default-compile) @ auto-common ---
[INFO] Changes detected - recompiling the module!
[INFO] Compiling 8 source files to /home/travis/build/passed/google/auto/common/target/classes
[WARNING] bootstrap class path not set in conjunction with -source 1.6
[INFO] 
[INFO] --- maven-resources-plugin:2.6:testResources (default-testResources) @ auto-common ---
[INFO] Using 'UTF-8' encoding to copy filtered resources.
[INFO] skip non existing resourceDirectory /home/travis/build/passed/google/auto/common/src/test/resources
[INFO] 
[INFO] --- maven-compiler-plugin:3.1:testCompile (default-testCompile) @ auto-common ---
[INFO] Changes detected - recompiling the module!
[INFO] Compiling 8 source files to /home/travis/build/passed/google/auto/common/target/test-classes
[WARNING] bootstrap class path not set in conjunction with -source 1.6
[WARNING] No processor claimed any of these annotations: com.google.auto.common.AnnotationMirrorsTest.OuterWithValueArray,org.junit.runner.RunWith,org.junit.runners.Parameterized.Parameters,org.junit.Test,javax.annotation.processing.SupportedAnnotationTypes,com.google.auto.common.AnnotationMirrorsTest.Stringy,com.google.auto.common.AnnotationMirrorsTest.AnnotatedOuter,org.junit.Rule,com.google.auto.common.AnnotationMirrorsTest.DefaultingOuter,com.google.auto.common.MoreElementsTest.InnerAnnotation,com.google.auto.common.AnnotationMirrorsTest.Outer,org.junit.Before,com.google.auto.common.AnnotationMirrorsTest.SimpleAnnotation
[WARNING] /home/travis/build/passed/google/auto/common/src/test/java/com/google/auto/common/MoreElementsTest.java:[389,21] getLocalAndInheritedMethods(javax.lang.model.element.TypeElement,javax.lang.model.util.Elements) in com.google.auto.common.MoreElements has been deprecated
[WARNING] /home/travis/build/passed/google/auto/common/src/test/java/com/google/auto/common/MoreElementsTest.java:[395,21] getLocalAndInheritedMethods(javax.lang.model.element.TypeElement,javax.lang.model.util.Elements) in com.google.auto.common.MoreElements has been deprecated
[INFO] 
[INFO] --- maven-surefire-plugin:2.12.4:test (default-test) @ auto-common ---
[INFO] Surefire report directory: /home/travis/build/passed/google/auto/common/target/surefire-reports
[INFO] Downloading: https://repo.maven.apache.org/maven2/org/apache/maven/surefire/surefire-junit4/2.12.4/surefire-junit4-2.12.4.pom
[INFO] Downloaded: https://repo.maven.apache.org/maven2/org/apache/maven/surefire/surefire-junit4/2.12.4/surefire-junit4-2.12.4.pom (3 KB at 6.0 KB/sec)
[INFO] Downloading: https://repo.maven.apache.org/maven2/org/apache/maven/surefire/surefire-providers/2.12.4/surefire-providers-2.12.4.pom
[INFO] Downloaded: https://repo.maven.apache.org/maven2/org/apache/maven/surefire/surefire-providers/2.12.4/surefire-providers-2.12.4.pom (3 KB at 95.5 KB/sec)
[INFO] Downloading: https://repo.maven.apache.org/maven2/org/apache/maven/surefire/surefire-junit4/2.12.4/surefire-junit4-2.12.4.jar
[INFO] Downloaded: https://repo.maven.apache.org/maven2/org/apache/maven/surefire/surefire-junit4/2.12.4/surefire-junit4-2.12.4.jar (37 KB at 735.8 KB/sec)

-------------------------------------------------------
 T E S T S
-------------------------------------------------------
Running com.google.auto.common.BasicAnnotationProcessorTest
Tests run: 6, Failures: 0, Errors: 0, Skipped: 0, Time elapsed: 0.983 sec
Running com.google.auto.common.VisibilityTest
Tests run: 3, Failures: 0, Errors: 0, Skipped: 0, Time elapsed: 0.077 sec
Running com.google.auto.common.OverridesTest
Tests run: 24, Failures: 0, Errors: 0, Skipped: 0, Time elapsed: 2.124 sec
Running com.google.auto.common.AnnotationMirrorsTest
Tests run: 5, Failures: 0, Errors: 0, Skipped: 0, Time elapsed: 0.154 sec
Running com.google.auto.common.MoreTypesIsTypeOfTest
Tests run: 13, Failures: 0, Errors: 0, Skipped: 0, Time elapsed: 0.274 sec
Running com.google.auto.common.SuperficialValidationTest
Tests run: 10, Failures: 0, Errors: 0, Skipped: 0, Time elapsed: 0.141 sec
Running com.google.auto.common.MoreElementsTest
Tests run: 17, Failures: 0, Errors: 0, Skipped: 0, Time elapsed: 0.276 sec
Running com.google.auto.common.MoreTypesTest
Tests run: 6, Failures: 0, Errors: 0, Skipped: 0, Time elapsed: 0.167 sec

Results :

Tests run: 84, Failures: 0, Errors: 0, Skipped: 0

[INFO] 
[INFO] --- maven-jar-plugin:2.6:jar (default-jar) @ auto-common ---
[INFO] Downloading: https://repo.maven.apache.org/maven2/org/apache/maven/reporting/maven-reporting-api/2.2.1/maven-reporting-api-2.2.1.pom
[INFO] Downloaded: https://repo.maven.apache.org/maven2/org/apache/maven/reporting/maven-reporting-api/2.2.1/maven-reporting-api-2.2.1.pom (2 KB at 90.4 KB/sec)
[INFO] Downloading: https://repo.maven.apache.org/maven2/org/apache/maven/reporting/maven-reporting/2.2.1/maven-reporting-2.2.1.pom
[INFO] Downloaded: https://repo.maven.apache.org/maven2/org/apache/maven/reporting/maven-reporting/2.2.1/maven-reporting-2.2.1.pom (2 KB at 74.2 KB/sec)
[INFO] Downloading: https://repo.maven.apache.org/maven2/org/apache/maven/doxia/doxia-sink-api/1.1/doxia-sink-api-1.1.pom
[INFO] Downloaded: https://repo.maven.apache.org/maven2/org/apache/maven/doxia/doxia-sink-api/1.1/doxia-sink-api-1.1.pom (2 KB at 94.8 KB/sec)
[INFO] Downloading: https://repo.maven.apache.org/maven2/org/apache/maven/doxia/doxia/1.1/doxia-1.1.pom
[INFO] Downloaded: https://repo.maven.apache.org/maven2/org/apache/maven/doxia/doxia/1.1/doxia-1.1.pom (15 KB at 780.1 KB/sec)
[INFO] Downloading: https://repo.maven.apache.org/maven2/org/apache/maven/doxia/doxia-logging-api/1.1/doxia-logging-api-1.1.pom
[INFO] Downloaded: https://repo.maven.apache.org/maven2/org/apache/maven/doxia/doxia-logging-api/1.1/doxia-logging-api-1.1.pom (2 KB at 96.1 KB/sec)
[INFO] Downloading: https://repo.maven.apache.org/maven2/commons-cli/commons-cli/1.2/commons-cli-1.2.pom
[INFO] Downloaded: https://repo.maven.apache.org/maven2/commons-cli/commons-cli/1.2/commons-cli-1.2.pom (8 KB at 338.8 KB/sec)
[INFO] Downloading: https://repo.maven.apache.org/maven2/org/apache/commons/commons-parent/11/commons-parent-11.pom
[INFO] Downloaded: https://repo.maven.apache.org/maven2/org/apache/commons/commons-parent/11/commons-parent-11.pom (25 KB at 776.5 KB/sec)
[INFO] Downloading: https://repo.maven.apache.org/maven2/org/apache/maven/maven-archiver/2.6/maven-archiver-2.6.pom
[INFO] Downloaded: https://repo.maven.apache.org/maven2/org/apache/maven/maven-archiver/2.6/maven-archiver-2.6.pom (5 KB at 211.0 KB/sec)
[INFO] Downloading: https://repo.maven.apache.org/maven2/org/apache/maven/shared/maven-shared-components/20/maven-shared-components-20.pom
[INFO] Downloaded: https://repo.maven.apache.org/maven2/org/apache/maven/shared/maven-shared-components/20/maven-shared-components-20.pom (5 KB at 249.3 KB/sec)
[INFO] Downloading: https://repo.maven.apache.org/maven2/org/apache/maven/maven-parent/24/maven-parent-24.pom
[INFO] Downloaded: https://repo.maven.apache.org/maven2/org/apache/maven/maven-parent/24/maven-parent-24.pom (37 KB at 1029.5 KB/sec)
[INFO] Downloading: https://repo.maven.apache.org/maven2/org/apache/apache/14/apache-14.pom
[INFO] Downloaded: https://repo.maven.apache.org/maven2/org/apache/apache/14/apache-14.pom (15 KB at 573.6 KB/sec)
[INFO] Downloading: https://repo.maven.apache.org/maven2/org/apache/maven/shared/maven-shared-utils/0.7/maven-shared-utils-0.7.pom
[INFO] Downloaded: https://repo.maven.apache.org/maven2/org/apache/maven/shared/maven-shared-utils/0.7/maven-shared-utils-0.7.pom (5 KB at 233.1 KB/sec)
[INFO] Downloading: https://repo.maven.apache.org/maven2/org/codehaus/plexus/plexus-archiver/2.8.1/plexus-archiver-2.8.1.pom
[INFO] Downloaded: https://repo.maven.apache.org/maven2/org/codehaus/plexus/plexus-archiver/2.8.1/plexus-archiver-2.8.1.pom (5 KB at 236.6 KB/sec)
[INFO] Downloading: https://repo.maven.apache.org/maven2/org/codehaus/plexus/plexus-utils/3.0.20/plexus-utils-3.0.20.pom
[INFO] Downloaded: https://repo.maven.apache.org/maven2/org/codehaus/plexus/plexus-utils/3.0.20/plexus-utils-3.0.20.pom (4 KB at 186.0 KB/sec)
[INFO] Downloading: https://repo.maven.apache.org/maven2/org/codehaus/plexus/plexus-io/2.3.2/plexus-io-2.3.2.pom
[INFO] Downloaded: https://repo.maven.apache.org/maven2/org/codehaus/plexus/plexus-io/2.3.2/plexus-io-2.3.2.pom (3 KB at 161.8 KB/sec)
[INFO] Downloading: https://repo.maven.apache.org/maven2/org/apache/commons/commons-compress/1.9/commons-compress-1.9.pom
[INFO] Downloaded: https://repo.maven.apache.org/maven2/org/apache/commons/commons-compress/1.9/commons-compress-1.9.pom (12 KB at 485.4 KB/sec)
[INFO] Downloading: https://repo.maven.apache.org/maven2/org/apache/commons/commons-parent/34/commons-parent-34.pom
[INFO] Downloaded: https://repo.maven.apache.org/maven2/org/apache/commons/commons-parent/34/commons-parent-34.pom (55 KB at 1332.5 KB/sec)
[INFO] Downloading: https://repo.maven.apache.org/maven2/org/codehaus/plexus/plexus-interpolation/1.21/plexus-interpolation-1.21.pom
[INFO] Downloaded: https://repo.maven.apache.org/maven2/org/codehaus/plexus/plexus-interpolation/1.21/plexus-interpolation-1.21.pom (2 KB at 83.6 KB/sec)
[INFO] Downloading: https://repo.maven.apache.org/maven2/org/codehaus/plexus/plexus-archiver/2.9/plexus-archiver-2.9.pom
[INFO] Downloaded: https://repo.maven.apache.org/maven2/org/codehaus/plexus/plexus-archiver/2.9/plexus-archiver-2.9.pom (5 KB at 236.9 KB/sec)
[INFO] Downloading: https://repo.maven.apache.org/maven2/org/codehaus/plexus/plexus-io/2.4/plexus-io-2.4.pom
[INFO] Downloaded: https://repo.maven.apache.org/maven2/org/codehaus/plexus/plexus-io/2.4/plexus-io-2.4.pom (4 KB at 202.3 KB/sec)
[INFO] Downloading: https://repo.maven.apache.org/maven2/commons-io/commons-io/2.2/commons-io-2.2.pom
[INFO] Downloaded: https://repo.maven.apache.org/maven2/commons-io/commons-io/2.2/commons-io-2.2.pom (11 KB at 468.5 KB/sec)
[INFO] Downloading: https://repo.maven.apache.org/maven2/org/apache/commons/commons-parent/24/commons-parent-24.pom
[INFO] Downloaded: https://repo.maven.apache.org/maven2/org/apache/commons/commons-parent/24/commons-parent-24.pom (47 KB at 1247.5 KB/sec)
[INFO] Downloading: https://repo.maven.apache.org/maven2/org/slf4j/slf4j-jdk14/1.5.6/slf4j-jdk14-1.5.6.jar
[INFO] Downloading: https://repo.maven.apache.org/maven2/org/slf4j/slf4j-api/1.5.6/slf4j-api-1.5.6.jar
[INFO] Downloading: https://repo.maven.apache.org/maven2/org/slf4j/jcl-over-slf4j/1.5.6/jcl-over-slf4j-1.5.6.jar
[INFO] Downloading: https://repo.maven.apache.org/maven2/org/apache/maven/reporting/maven-reporting-api/2.2.1/maven-reporting-api-2.2.1.jar
[INFO] Downloading: https://repo.maven.apache.org/maven2/org/apache/maven/doxia/doxia-sink-api/1.1/doxia-sink-api-1.1.jar
[INFO] Downloaded: https://repo.maven.apache.org/maven2/org/slf4j/jcl-over-slf4j/1.5.6/jcl-over-slf4j-1.5.6.jar (17 KB at 480.3 KB/sec)
[INFO] Downloading: https://repo.maven.apache.org/maven2/org/apache/maven/doxia/doxia-logging-api/1.1/doxia-logging-api-1.1.jar
[INFO] Downloaded: https://repo.maven.apache.org/maven2/org/apache/maven/doxia/doxia-logging-api/1.1/doxia-logging-api-1.1.jar (12 KB at 201.3 KB/sec)
[INFO] Downloading: https://repo.maven.apache.org/maven2/commons-cli/commons-cli/1.2/commons-cli-1.2.jar
[INFO] Downloaded: https://repo.maven.apache.org/maven2/org/apache/maven/reporting/maven-reporting-api/2.2.1/maven-reporting-api-2.2.1.jar (10 KB at 156.7 KB/sec)
[INFO] Downloading: https://repo.maven.apache.org/maven2/backport-util-concurrent/backport-util-concurrent/3.1/backport-util-concurrent-3.1.jar
[INFO] Downloaded: https://repo.maven.apache.org/maven2/org/slf4j/slf4j-jdk14/1.5.6/slf4j-jdk14-1.5.6.jar (9 KB at 138.8 KB/sec)
[INFO] Downloading: https://repo.maven.apache.org/maven2/org/sonatype/plexus/plexus-sec-dispatcher/1.3/plexus-sec-dispatcher-1.3.jar
[INFO] Downloaded: https://repo.maven.apache.org/maven2/org/slf4j/slf4j-api/1.5.6/slf4j-api-1.5.6.jar (22 KB at 346.3 KB/sec)
[INFO] Downloading: https://repo.maven.apache.org/maven2/org/sonatype/plexus/plexus-cipher/1.4/plexus-cipher-1.4.jar
[INFO] Downloaded: https://repo.maven.apache.org/maven2/org/apache/maven/doxia/doxia-sink-api/1.1/doxia-sink-api-1.1.jar (13 KB at 181.4 KB/sec)
[INFO] Downloading: https://repo.maven.apache.org/maven2/org/codehaus/plexus/plexus-interpolation/1.11/plexus-interpolation-1.11.jar
[INFO] Downloaded: https://repo.maven.apache.org/maven2/commons-cli/commons-cli/1.2/commons-cli-1.2.jar (41 KB at 409.8 KB/sec)
[INFO] Downloading: https://repo.maven.apache.org/maven2/org/apache/maven/shared/maven-shared-utils/0.7/maven-shared-utils-0.7.jar
[INFO] Downloaded: https://repo.maven.apache.org/maven2/org/sonatype/plexus/plexus-cipher/1.4/plexus-cipher-1.4.jar (14 KB at 126.7 KB/sec)
[INFO] Downloaded: https://repo.maven.apache.org/maven2/org/sonatype/plexus/plexus-sec-dispatcher/1.3/plexus-sec-dispatcher-1.3.jar (28 KB at 268.1 KB/sec)
[INFO] Downloading: https://repo.maven.apache.org/maven2/org/codehaus/plexus/plexus-io/2.4/plexus-io-2.4.jar
[INFO] Downloading: https://repo.maven.apache.org/maven2/org/apache/commons/commons-compress/1.9/commons-compress-1.9.jar
[INFO] Downloaded: https://repo.maven.apache.org/maven2/org/codehaus/plexus/plexus-interpolation/1.11/plexus-interpolation-1.11.jar (50 KB at 397.9 KB/sec)
[INFO] Downloaded: https://repo.maven.apache.org/maven2/org/codehaus/plexus/plexus-io/2.4/plexus-io-2.4.jar (80 KB at 513.1 KB/sec)
[INFO] Downloaded: https://repo.maven.apache.org/maven2/org/apache/maven/shared/maven-shared-utils/0.7/maven-shared-utils-0.7.jar (167 KB at 897.9 KB/sec)
[INFO] Downloaded: https://repo.maven.apache.org/maven2/backport-util-concurrent/backport-util-concurrent/3.1/backport-util-concurrent-3.1.jar (324 KB at 1231.7 KB/sec)
[INFO] Downloaded: https://repo.maven.apache.org/maven2/org/apache/commons/commons-compress/1.9/commons-compress-1.9.jar (370 KB at 1352.9 KB/sec)
[INFO] Building jar: /home/travis/build/passed/google/auto/common/target/auto-common-1.0-SNAPSHOT.jar
[INFO]                                                                         
[INFO] ------------------------------------------------------------------------
[INFO] Building AutoFactory 1.0-SNAPSHOT
[INFO] ------------------------------------------------------------------------
[INFO] 
[INFO] --- maven-enforcer-plugin:1.0:enforce (enforce-maven) @ auto-factory ---
[INFO] 
[INFO] --- maven-resources-plugin:2.6:resources (default-resources) @ auto-factory ---
[INFO] Using 'UTF-8' encoding to copy filtered resources.
[INFO] skip non existing resourceDirectory /home/travis/build/passed/google/auto/factory/src/main/resources
[INFO] 
[INFO] --- maven-compiler-plugin:3.1:compile (default-compile) @ auto-factory ---
[INFO] Changes detected - recompiling the module!
[INFO] Compiling 17 source files to /home/travis/build/passed/google/auto/factory/target/classes
[WARNING] bootstrap class path not set in conjunction with -source 1.6
[WARNING] No processor claimed any of these annotations: com.google.auto.value.AutoValue,com.google.auto.value.AutoValue.Builder
[WARNING] No processor claimed any of these annotations: javax.annotation.Generated
[INFO] 
[INFO] --- maven-resources-plugin:2.6:testResources (default-testResources) @ auto-factory ---
[INFO] Using 'UTF-8' encoding to copy filtered resources.
[INFO] Copying 67 resources
[INFO] 
[INFO] --- maven-compiler-plugin:3.1:testCompile (default-testCompile) @ auto-factory ---
[INFO] Changes detected - recompiling the module!
[INFO] Compiling 2 source files to /home/travis/build/passed/google/auto/factory/target/test-classes
[WARNING] bootstrap class path not set in conjunction with -source 1.6
[WARNING] No processor claimed any of these annotations: org.junit.runner.RunWith,org.junit.Test
[INFO] 
[INFO] --- maven-surefire-plugin:2.12.4:test (default-test) @ auto-factory ---
[INFO] Surefire report directory: /home/travis/build/passed/google/auto/factory/target/surefire-reports

-------------------------------------------------------
 T E S T S
-------------------------------------------------------
Running com.google.auto.factory.processor.AutoFactoryDeclarationTest
Tests run: 1, Failures: 0, Errors: 0, Skipped: 0, Time elapsed: 0.057 sec
Running com.google.auto.factory.processor.AutoFactoryProcessorTest
Tests run: 36, Failures: 0, Errors: 0, Skipped: 0, Time elapsed: 4.581 sec

Results :

Tests run: 37, Failures: 0, Errors: 0, Skipped: 0

[INFO] 
[INFO] --- maven-jar-plugin:2.6:jar (default-jar) @ auto-factory ---
[INFO] Building jar: /home/travis/build/passed/google/auto/factory/target/auto-factory-1.0-SNAPSHOT.jar
[INFO] 
[INFO] --- maven-invoker-plugin:1.8:install (integration-test) @ auto-factory ---
[INFO] Downloading: https://repo.maven.apache.org/maven2/org/apache/maven/shared/maven-invoker/2.1.1/maven-invoker-2.1.1.pom
[INFO] Downloaded: https://repo.maven.apache.org/maven2/org/apache/maven/shared/maven-invoker/2.1.1/maven-invoker-2.1.1.pom (6 KB at 236.3 KB/sec)
[INFO] Downloading: https://repo.maven.apache.org/maven2/org/apache/maven/reporting/maven-reporting-impl/2.1/maven-reporting-impl-2.1.pom
[INFO] Downloaded: https://repo.maven.apache.org/maven2/org/apache/maven/reporting/maven-reporting-impl/2.1/maven-reporting-impl-2.1.pom (5 KB at 157.8 KB/sec)
[INFO] Downloading: https://repo.maven.apache.org/maven2/org/apache/maven/maven-project/2.0.10/maven-project-2.0.10.pom
[INFO] Downloaded: https://repo.maven.apache.org/maven2/org/apache/maven/maven-project/2.0.10/maven-project-2.0.10.pom (3 KB at 139.0 KB/sec)
[INFO] Downloading: https://repo.maven.apache.org/maven2/org/apache/maven/maven/2.0.10/maven-2.0.10.pom
[INFO] Downloaded: https://repo.maven.apache.org/maven2/org/apache/maven/maven/2.0.10/maven-2.0.10.pom (24 KB at 912.0 KB/sec)
[INFO] Downloading: https://repo.maven.apache.org/maven2/org/apache/maven/maven-settings/2.0.10/maven-settings-2.0.10.pom
[INFO] Downloaded: https://repo.maven.apache.org/maven2/org/apache/maven/maven-settings/2.0.10/maven-settings-2.0.10.pom (3 KB at 128.6 KB/sec)
[INFO] Downloading: https://repo.maven.apache.org/maven2/org/apache/maven/maven-model/2.0.10/maven-model-2.0.10.pom
[INFO] Downloaded: https://repo.maven.apache.org/maven2/org/apache/maven/maven-model/2.0.10/maven-model-2.0.10.pom (4 KB at 181.0 KB/sec)
[INFO] Downloading: https://repo.maven.apache.org/maven2/org/codehaus/plexus/plexus-interpolation/1.1/plexus-interpolation-1.1.pom
[INFO] Downloaded: https://repo.maven.apache.org/maven2/org/codehaus/plexus/plexus-interpolation/1.1/plexus-interpolation-1.1.pom (2 KB at 78.0 KB/sec)
[INFO] Downloading: https://repo.maven.apache.org/maven2/org/apache/maven/maven-profile/2.0.10/maven-profile-2.0.10.pom
[INFO] Downloaded: https://repo.maven.apache.org/maven2/org/apache/maven/maven-profile/2.0.10/maven-profile-2.0.10.pom (3 KB at 93.0 KB/sec)
[INFO] Downloading: https://repo.maven.apache.org/maven2/org/apache/maven/maven-artifact-manager/2.0.10/maven-artifact-manager-2.0.10.pom
[INFO] Downloaded: https://repo.maven.apache.org/maven2/org/apache/maven/maven-artifact-manager/2.0.10/maven-artifact-manager-2.0.10.pom (3 KB at 138.8 KB/sec)
[INFO] Downloading: https://repo.maven.apache.org/maven2/org/apache/maven/maven-repository-metadata/2.0.10/maven-repository-metadata-2.0.10.pom
[INFO] Downloaded: https://repo.maven.apache.org/maven2/org/apache/maven/maven-repository-metadata/2.0.10/maven-repository-metadata-2.0.10.pom (3 KB at 90.4 KB/sec)
[INFO] Downloading: https://repo.maven.apache.org/maven2/org/apache/maven/maven-artifact/2.0.10/maven-artifact-2.0.10.pom
[INFO] Downloaded: https://repo.maven.apache.org/maven2/org/apache/maven/maven-artifact/2.0.10/maven-artifact-2.0.10.pom (2 KB at 29.8 KB/sec)
[INFO] Downloading: https://repo.maven.apache.org/maven2/org/apache/maven/maven-plugin-registry/2.0.10/maven-plugin-registry-2.0.10.pom
[INFO] Downloaded: https://repo.maven.apache.org/maven2/org/apache/maven/maven-plugin-registry/2.0.10/maven-plugin-registry-2.0.10.pom (2 KB at 103.6 KB/sec)
[INFO] Downloading: https://repo.maven.apache.org/maven2/org/apache/maven/maven-plugin-api/2.0.10/maven-plugin-api-2.0.10.pom
[INFO] Downloaded: https://repo.maven.apache.org/maven2/org/apache/maven/maven-plugin-api/2.0.10/maven-plugin-api-2.0.10.pom (2 KB at 91.2 KB/sec)
[INFO] Downloading: https://repo.maven.apache.org/maven2/org/apache/maven/doxia/doxia-sink-api/1.1.2/doxia-sink-api-1.1.2.pom
[INFO] Downloaded: https://repo.maven.apache.org/maven2/org/apache/maven/doxia/doxia-sink-api/1.1.2/doxia-sink-api-1.1.2.pom (2 KB at 76.9 KB/sec)
[INFO] Downloading: https://repo.maven.apache.org/maven2/org/apache/maven/doxia/doxia/1.1.2/doxia-1.1.2.pom
[INFO] Downloaded: https://repo.maven.apache.org/maven2/org/apache/maven/doxia/doxia/1.1.2/doxia-1.1.2.pom (18 KB at 681.9 KB/sec)
[INFO] Downloading: https://repo.maven.apache.org/maven2/org/apache/maven/doxia/doxia-logging-api/1.1.2/doxia-logging-api-1.1.2.pom
[INFO] Downloaded: https://repo.maven.apache.org/maven2/org/apache/maven/doxia/doxia-logging-api/1.1.2/doxia-logging-api-1.1.2.pom (2 KB at 70.1 KB/sec)
[INFO] Downloading: https://repo.maven.apache.org/maven2/org/apache/maven/doxia/doxia-core/1.1.2/doxia-core-1.1.2.pom
[INFO] Downloaded: https://repo.maven.apache.org/maven2/org/apache/maven/doxia/doxia-core/1.1.2/doxia-core-1.1.2.pom (4 KB at 201.8 KB/sec)
[INFO] Downloading: https://repo.maven.apache.org/maven2/org/codehaus/plexus/plexus-utils/1.5.12/plexus-utils-1.5.12.pom
[INFO] Downloaded: https://repo.maven.apache.org/maven2/org/codehaus/plexus/plexus-utils/1.5.12/plexus-utils-1.5.12.pom (6 KB at 289.6 KB/sec)
[INFO] Downloading: https://repo.maven.apache.org/maven2/xerces/xercesImpl/2.8.1/xercesImpl-2.8.1.pom
[INFO] Downloaded: https://repo.maven.apache.org/maven2/xerces/xercesImpl/2.8.1/xercesImpl-2.8.1.pom (3 KB at 119.7 KB/sec)
[INFO] Downloading: https://repo.maven.apache.org/maven2/xml-apis/xml-apis/1.3.03/xml-apis-1.3.03.pom
[INFO] Downloaded: https://repo.maven.apache.org/maven2/xml-apis/xml-apis/1.3.03/xml-apis-1.3.03.pom (738 B at 45.0 KB/sec)
[INFO] Downloading: https://repo.maven.apache.org/maven2/org/apache/apache/1/apache-1.pom
[INFO] Downloaded: https://repo.maven.apache.org/maven2/org/apache/apache/1/apache-1.pom (4 KB at 133.2 KB/sec)
[INFO] Downloading: https://repo.maven.apache.org/maven2/commons-httpclient/commons-httpclient/3.1/commons-httpclient-3.1.pom
[INFO] Downloaded: https://repo.maven.apache.org/maven2/commons-httpclient/commons-httpclient/3.1/commons-httpclient-3.1.pom (8 KB at 379.1 KB/sec)
[INFO] Downloading: https://repo.maven.apache.org/maven2/commons-codec/commons-codec/1.2/commons-codec-1.2.pom
[INFO] Downloaded: https://repo.maven.apache.org/maven2/commons-codec/commons-codec/1.2/commons-codec-1.2.pom (4 KB at 207.5 KB/sec)
[INFO] Downloading: https://repo.maven.apache.org/maven2/org/apache/maven/doxia/doxia-site-renderer/1.1.2/doxia-site-renderer-1.1.2.pom
[INFO] Downloaded: https://repo.maven.apache.org/maven2/org/apache/maven/doxia/doxia-site-renderer/1.1.2/doxia-site-renderer-1.1.2.pom (6 KB at 284.6 KB/sec)
[INFO] Downloading: https://repo.maven.apache.org/maven2/org/apache/maven/doxia/doxia-sitetools/1.1.2/doxia-sitetools-1.1.2.pom
[INFO] Downloaded: https://repo.maven.apache.org/maven2/org/apache/maven/doxia/doxia-sitetools/1.1.2/doxia-sitetools-1.1.2.pom (15 KB at 574.1 KB/sec)
[INFO] Downloading: https://repo.maven.apache.org/maven2/org/apache/maven/doxia/doxia-decoration-model/1.1.2/doxia-decoration-model-1.1.2.pom
[INFO] Downloaded: https://repo.maven.apache.org/maven2/org/apache/maven/doxia/doxia-decoration-model/1.1.2/doxia-decoration-model-1.1.2.pom (3 KB at 181.6 KB/sec)
[INFO] Downloading: https://repo.maven.apache.org/maven2/org/apache/maven/doxia/doxia-module-xhtml/1.1.2/doxia-module-xhtml-1.1.2.pom
[INFO] Downloaded: https://repo.maven.apache.org/maven2/org/apache/maven/doxia/doxia-module-xhtml/1.1.2/doxia-module-xhtml-1.1.2.pom (2 KB at 62.6 KB/sec)
[INFO] Downloading: https://repo.maven.apache.org/maven2/org/apache/maven/doxia/doxia-modules/1.1.2/doxia-modules-1.1.2.pom
[INFO] Downloaded: https://repo.maven.apache.org/maven2/org/apache/maven/doxia/doxia-modules/1.1.2/doxia-modules-1.1.2.pom (3 KB at 51.7 KB/sec)
[INFO] Downloading: https://repo.maven.apache.org/maven2/org/apache/maven/doxia/doxia-module-fml/1.1.2/doxia-module-fml-1.1.2.pom
[INFO] Downloaded: https://repo.maven.apache.org/maven2/org/apache/maven/doxia/doxia-module-fml/1.1.2/doxia-module-fml-1.1.2.pom (6 KB at 149.1 KB/sec)
[INFO] Downloading: https://repo.maven.apache.org/maven2/org/apache/maven/shared/maven-script-interpreter/1.1/maven-script-interpreter-1.1.pom
[INFO] Downloaded: https://repo.maven.apache.org/maven2/org/apache/maven/shared/maven-script-interpreter/1.1/maven-script-interpreter-1.1.pom (4 KB at 120.8 KB/sec)
[INFO] Downloading: https://repo.maven.apache.org/maven2/org/codehaus/groovy/groovy/2.0.1/groovy-2.0.1.pom
[INFO] Downloaded: https://repo.maven.apache.org/maven2/org/codehaus/groovy/groovy/2.0.1/groovy-2.0.1.pom (16 KB at 538.9 KB/sec)
[INFO] Downloading: https://repo.maven.apache.org/maven2/antlr/antlr/2.7.7/antlr-2.7.7.pom
[INFO] Downloaded: https://repo.maven.apache.org/maven2/antlr/antlr/2.7.7/antlr-2.7.7.pom (632 B at 41.1 KB/sec)
[INFO] Downloading: https://repo.maven.apache.org/maven2/org/ow2/asm/asm-tree/4.0/asm-tree-4.0.pom
[INFO] Downloaded: https://repo.maven.apache.org/maven2/org/ow2/asm/asm-tree/4.0/asm-tree-4.0.pom (3 KB at 112.9 KB/sec)
[INFO] Downloading: https://repo.maven.apache.org/maven2/org/ow2/asm/asm-parent/4.0/asm-parent-4.0.pom
[INFO] Downloaded: https://repo.maven.apache.org/maven2/org/ow2/asm/asm-parent/4.0/asm-parent-4.0.pom (6 KB at 282.3 KB/sec)
[INFO] Downloading: https://repo.maven.apache.org/maven2/org/ow2/ow2/1.3/ow2-1.3.pom
[INFO] Downloaded: https://repo.maven.apache.org/maven2/org/ow2/ow2/1.3/ow2-1.3.pom (10 KB at 422.1 KB/sec)
[INFO] Downloading: https://repo.maven.apache.org/maven2/org/ow2/asm/asm/4.0/asm-4.0.pom
[INFO] Downloaded: https://repo.maven.apache.org/maven2/org/ow2/asm/asm/4.0/asm-4.0.pom (2 KB at 118.0 KB/sec)
[INFO] Downloading: https://repo.maven.apache.org/maven2/org/ow2/asm/asm-commons/4.0/asm-commons-4.0.pom
[INFO] Downloaded: https://repo.maven.apache.org/maven2/org/ow2/asm/asm-commons/4.0/asm-commons-4.0.pom (3 KB at 97.3 KB/sec)
[INFO] Downloading: https://repo.maven.apache.org/maven2/org/ow2/asm/asm-util/4.0/asm-util-4.0.pom
[INFO] Downloaded: https://repo.maven.apache.org/maven2/org/ow2/asm/asm-util/4.0/asm-util-4.0.pom (3 KB at 127.3 KB/sec)
[INFO] Downloading: https://repo.maven.apache.org/maven2/org/ow2/asm/asm-analysis/4.0/asm-analysis-4.0.pom
[INFO] Downloaded: https://repo.maven.apache.org/maven2/org/ow2/asm/asm-analysis/4.0/asm-analysis-4.0.pom (3 KB at 113.6 KB/sec)
[INFO] Downloading: https://repo.maven.apache.org/maven2/org/apache/ant/ant/1.8.1/ant-1.8.1.pom
[INFO] Downloaded: https://repo.maven.apache.org/maven2/org/apache/ant/ant/1.8.1/ant-1.8.1.pom (9 KB at 429.6 KB/sec)
[INFO] Downloading: https://repo.maven.apache.org/maven2/org/apache/ant/ant-parent/1.8.1/ant-parent-1.8.1.pom
[INFO] Downloaded: https://repo.maven.apache.org/maven2/org/apache/ant/ant-parent/1.8.1/ant-parent-1.8.1.pom (5 KB at 245.9 KB/sec)
[INFO] Downloading: https://repo.maven.apache.org/maven2/org/apache/maven/doxia/doxia-sink-api/1.1.4/doxia-sink-api-1.1.4.pom
[INFO] Downloaded: https://repo.maven.apache.org/maven2/org/apache/maven/doxia/doxia-sink-api/1.1.4/doxia-sink-api-1.1.4.pom (2 KB at 85.4 KB/sec)
[INFO] Downloading: https://repo.maven.apache.org/maven2/org/apache/maven/doxia/doxia/1.1.4/doxia-1.1.4.pom
[INFO] Downloaded: https://repo.maven.apache.org/maven2/org/apache/maven/doxia/doxia/1.1.4/doxia-1.1.4.pom (19 KB at 921.6 KB/sec)
[INFO] Downloading: https://repo.maven.apache.org/maven2/org/apache/maven/doxia/doxia-logging-api/1.1.4/doxia-logging-api-1.1.4.pom
[INFO] Downloaded: https://repo.maven.apache.org/maven2/org/apache/maven/doxia/doxia-logging-api/1.1.4/doxia-logging-api-1.1.4.pom (2 KB at 81.2 KB/sec)
[INFO] Downloading: https://repo.maven.apache.org/maven2/org/apache/maven/doxia/doxia-site-renderer/1.1.4/doxia-site-renderer-1.1.4.pom
[INFO] Downloaded: https://repo.maven.apache.org/maven2/org/apache/maven/doxia/doxia-site-renderer/1.1.4/doxia-site-renderer-1.1.4.pom (6 KB at 213.4 KB/sec)
[INFO] Downloading: https://repo.maven.apache.org/maven2/org/apache/maven/doxia/doxia-sitetools/1.1.4/doxia-sitetools-1.1.4.pom
[INFO] Downloaded: https://repo.maven.apache.org/maven2/org/apache/maven/doxia/doxia-sitetools/1.1.4/doxia-sitetools-1.1.4.pom (16 KB at 625.8 KB/sec)
[INFO] Downloading: https://repo.maven.apache.org/maven2/org/apache/maven/doxia/doxia-core/1.1.4/doxia-core-1.1.4.pom
[INFO] Downloaded: https://repo.maven.apache.org/maven2/org/apache/maven/doxia/doxia-core/1.1.4/doxia-core-1.1.4.pom (4 KB at 227.1 KB/sec)
[INFO] Downloading: https://repo.maven.apache.org/maven2/xerces/xercesImpl/2.9.1/xercesImpl-2.9.1.pom
[INFO] Downloaded: https://repo.maven.apache.org/maven2/xerces/xercesImpl/2.9.1/xercesImpl-2.9.1.pom (2 KB at 78.3 KB/sec)
[INFO] Downloading: https://repo.maven.apache.org/maven2/xml-apis/xml-apis/1.3.04/xml-apis-1.3.04.pom
[INFO] Downloaded: https://repo.maven.apache.org/maven2/xml-apis/xml-apis/1.3.04/xml-apis-1.3.04.pom (2 KB at 80.9 KB/sec)
[INFO] Downloading: https://repo.maven.apache.org/maven2/org/apache/httpcomponents/httpclient/4.0.2/httpclient-4.0.2.pom
[INFO] Downloaded: https://repo.maven.apache.org/maven2/org/apache/httpcomponents/httpclient/4.0.2/httpclient-4.0.2.pom (8 KB at 366.0 KB/sec)
[INFO] Downloading: https://repo.maven.apache.org/maven2/org/apache/httpcomponents/httpcomponents-client/4.0.2/httpcomponents-client-4.0.2.pom
[INFO] Downloaded: https://repo.maven.apache.org/maven2/org/apache/httpcomponents/httpcomponents-client/4.0.2/httpcomponents-client-4.0.2.pom (9 KB at 437.8 KB/sec)
[INFO] Downloading: https://repo.maven.apache.org/maven2/org/apache/httpcomponents/project/4.1/project-4.1.pom
[INFO] Downloaded: https://repo.maven.apache.org/maven2/org/apache/httpcomponents/project/4.1/project-4.1.pom (16 KB at 695.6 KB/sec)
[INFO] Downloading: https://repo.maven.apache.org/maven2/org/apache/httpcomponents/httpcore/4.0.1/httpcore-4.0.1.pom
[INFO] Downloaded: https://repo.maven.apache.org/maven2/org/apache/httpcomponents/httpcore/4.0.1/httpcore-4.0.1.pom (5 KB at 265.2 KB/sec)
[INFO] Downloading: https://repo.maven.apache.org/maven2/org/apache/httpcomponents/httpcomponents-core/4.0.1/httpcomponents-core-4.0.1.pom
[INFO] Downloaded: https://repo.maven.apache.org/maven2/org/apache/httpcomponents/httpcomponents-core/4.0.1/httpcomponents-core-4.0.1.pom (10 KB at 397.1 KB/sec)
[INFO] Downloading: https://repo.maven.apache.org/maven2/org/apache/httpcomponents/project/4.0/project-4.0.pom
[INFO] Downloaded: https://repo.maven.apache.org/maven2/org/apache/httpcomponents/project/4.0/project-4.0.pom (13 KB at 533.6 KB/sec)
[INFO] Downloading: https://repo.maven.apache.org/maven2/commons-logging/commons-logging/1.1.1/commons-logging-1.1.1.pom
[INFO] Downloaded: https://repo.maven.apache.org/maven2/commons-logging/commons-logging/1.1.1/commons-logging-1.1.1.pom (18 KB at 747.3 KB/sec)
[INFO] Downloading: https://repo.maven.apache.org/maven2/org/apache/commons/commons-parent/5/commons-parent-5.pom
[INFO] Downloaded: https://repo.maven.apache.org/maven2/org/apache/commons/commons-parent/5/commons-parent-5.pom (16 KB at 460.7 KB/sec)
[INFO] Downloading: https://repo.maven.apache.org/maven2/commons-codec/commons-codec/1.3/commons-codec-1.3.pom
[INFO] Downloaded: https://repo.maven.apache.org/maven2/commons-codec/commons-codec/1.3/commons-codec-1.3.pom (6 KB at 331.2 KB/sec)
[INFO] Downloading: https://repo.maven.apache.org/maven2/org/apache/maven/doxia/doxia-decoration-model/1.1.4/doxia-decoration-model-1.1.4.pom
[INFO] Downloaded: https://repo.maven.apache.org/maven2/org/apache/maven/doxia/doxia-decoration-model/1.1.4/doxia-decoration-model-1.1.4.pom (3 KB at 207.5 KB/sec)
[INFO] Downloading: https://repo.maven.apache.org/maven2/org/apache/maven/doxia/doxia-module-xhtml/1.1.4/doxia-module-xhtml-1.1.4.pom
[INFO] Downloaded: https://repo.maven.apache.org/maven2/org/apache/maven/doxia/doxia-module-xhtml/1.1.4/doxia-module-xhtml-1.1.4.pom (2 KB at 68.0 KB/sec)
[INFO] Downloading: https://repo.maven.apache.org/maven2/org/apache/maven/doxia/doxia-modules/1.1.4/doxia-modules-1.1.4.pom
[INFO] Downloaded: https://repo.maven.apache.org/maven2/org/apache/maven/doxia/doxia-modules/1.1.4/doxia-modules-1.1.4.pom (3 KB at 62.6 KB/sec)
[INFO] Downloading: https://repo.maven.apache.org/maven2/org/apache/maven/doxia/doxia-module-fml/1.1.4/doxia-module-fml-1.1.4.pom
[INFO] Downloaded: https://repo.maven.apache.org/maven2/org/apache/maven/doxia/doxia-module-fml/1.1.4/doxia-module-fml-1.1.4.pom (6 KB at 315.0 KB/sec)
[INFO] Downloading: https://repo.maven.apache.org/maven2/org/codehaus/groovy/groovy-all/2.0.1/groovy-all-2.0.1.pom
[INFO] Downloaded: https://repo.maven.apache.org/maven2/org/codehaus/groovy/groovy-all/2.0.1/groovy-all-2.0.1.pom (18 KB at 579.0 KB/sec)
[INFO] Downloading: https://repo.maven.apache.org/maven2/org/codehaus/plexus/plexus-utils/3.0.7/plexus-utils-3.0.7.pom
[INFO] Downloaded: https://repo.maven.apache.org/maven2/org/codehaus/plexus/plexus-utils/3.0.7/plexus-utils-3.0.7.pom (3 KB at 163.5 KB/sec)
[INFO] Downloading: https://repo.maven.apache.org/maven2/org/codehaus/plexus/plexus/3.1/plexus-3.1.pom
[INFO] Downloaded: https://repo.maven.apache.org/maven2/org/codehaus/plexus/plexus/3.1/plexus-3.1.pom (19 KB at 586.4 KB/sec)
[INFO] Downloading: https://repo.maven.apache.org/maven2/org/codehaus/plexus/plexus-interpolation/1.2/plexus-interpolation-1.2.pom
[INFO] Downloaded: https://repo.maven.apache.org/maven2/org/codehaus/plexus/plexus-interpolation/1.2/plexus-interpolation-1.2.pom (3 KB at 71.0 KB/sec)
[INFO] Downloading: https://repo.maven.apache.org/maven2/org/apache/maven/doxia/doxia-core/1.1.2/doxia-core-1.1.2.jar
[INFO] Downloading: https://repo.maven.apache.org/maven2/xerces/xercesImpl/2.8.1/xercesImpl-2.8.1.jar
[INFO] Downloading: https://repo.maven.apache.org/maven2/commons-httpclient/commons-httpclient/3.1/commons-httpclient-3.1.jar
[INFO] Downloading: https://repo.maven.apache.org/maven2/commons-codec/commons-codec/1.2/commons-codec-1.2.jar
[INFO] Downloading: https://repo.maven.apache.org/maven2/org/codehaus/groovy/groovy/2.0.1/groovy-2.0.1.jar
[INFO] Downloaded: https://repo.maven.apache.org/maven2/commons-codec/commons-codec/1.2/commons-codec-1.2.jar (30 KB at 918.1 KB/sec)
[INFO] Downloading: https://repo.maven.apache.org/maven2/antlr/antlr/2.7.7/antlr-2.7.7.jar
[INFO] Downloaded: https://repo.maven.apache.org/maven2/org/apache/maven/doxia/doxia-core/1.1.2/doxia-core-1.1.2.jar (155 KB at 1486.4 KB/sec)
[INFO] Downloading: https://repo.maven.apache.org/maven2/org/ow2/asm/asm-tree/4.0/asm-tree-4.0.jar
[INFO] Downloaded: https://repo.maven.apache.org/maven2/org/ow2/asm/asm-tree/4.0/asm-tree-4.0.jar (22 KB at 162.6 KB/sec)
[INFO] Downloading: https://repo.maven.apache.org/maven2/org/ow2/asm/asm-commons/4.0/asm-commons-4.0.jar
[INFO] Downloaded: https://repo.maven.apache.org/maven2/commons-httpclient/commons-httpclient/3.1/commons-httpclient-3.1.jar (298 KB at 2040.1 KB/sec)
[INFO] Downloading: https://repo.maven.apache.org/maven2/org/ow2/asm/asm/4.0/asm-4.0.jar
[INFO] Downloaded: https://repo.maven.apache.org/maven2/org/ow2/asm/asm-commons/4.0/asm-commons-4.0.jar (37 KB at 217.0 KB/sec)
[INFO] Downloading: https://repo.maven.apache.org/maven2/org/ow2/asm/asm-util/4.0/asm-util-4.0.jar
[INFO] Downloaded: https://repo.maven.apache.org/maven2/org/ow2/asm/asm/4.0/asm-4.0.jar (45 KB at 241.6 KB/sec)
[INFO] Downloading: https://repo.maven.apache.org/maven2/org/ow2/asm/asm-analysis/4.0/asm-analysis-4.0.jar
[INFO] Downloaded: https://repo.maven.apache.org/maven2/org/ow2/asm/asm-util/4.0/asm-util-4.0.jar (37 KB at 177.1 KB/sec)
[INFO] Downloading: https://repo.maven.apache.org/maven2/org/apache/maven/doxia/doxia-logging-api/1.1.4/doxia-logging-api-1.1.4.jar
[INFO] Downloaded: https://repo.maven.apache.org/maven2/org/ow2/asm/asm-analysis/4.0/asm-analysis-4.0.jar (20 KB at 89.9 KB/sec)
[INFO] Downloading: https://repo.maven.apache.org/maven2/org/apache/maven/doxia/doxia-decoration-model/1.1.4/doxia-decoration-model-1.1.4.jar
[INFO] Downloaded: https://repo.maven.apache.org/maven2/antlr/antlr/2.7.7/antlr-2.7.7.jar (435 KB at 2041.6 KB/sec)
[INFO] Downloading: https://repo.maven.apache.org/maven2/org/apache/maven/doxia/doxia-module-xhtml/1.1.4/doxia-module-xhtml-1.1.4.jar
[INFO] Downloaded: https://repo.maven.apache.org/maven2/org/apache/maven/doxia/doxia-logging-api/1.1.4/doxia-logging-api-1.1.4.jar (12 KB at 49.2 KB/sec)
[INFO] Downloading: https://repo.maven.apache.org/maven2/org/apache/maven/doxia/doxia-module-fml/1.1.4/doxia-module-fml-1.1.4.jar
[INFO] Downloaded: https://repo.maven.apache.org/maven2/org/apache/maven/doxia/doxia-module-fml/1.1.4/doxia-module-fml-1.1.4.jar (37 KB at 140.5 KB/sec)
[INFO] Downloading: https://repo.maven.apache.org/maven2/commons-collections/commons-collections/3.2/commons-collections-3.2.jar
[INFO] Downloaded: https://repo.maven.apache.org/maven2/org/apache/maven/doxia/doxia-module-xhtml/1.1.4/doxia-module-xhtml-1.1.4.jar (15 KB at 56.0 KB/sec)
[INFO] Downloaded: https://repo.maven.apache.org/maven2/org/apache/maven/doxia/doxia-decoration-model/1.1.4/doxia-decoration-model-1.1.4.jar (52 KB at 195.0 KB/sec)
[INFO] Downloaded: https://repo.maven.apache.org/maven2/xerces/xercesImpl/2.8.1/xercesImpl-2.8.1.jar (1185 KB at 2402.7 KB/sec)
[INFO] Downloaded: https://repo.maven.apache.org/maven2/commons-collections/commons-collections/3.2/commons-collections-3.2.jar (558 KB at 1122.5 KB/sec)
[INFO] Downloaded: https://repo.maven.apache.org/maven2/org/codehaus/groovy/groovy/2.0.1/groovy-2.0.1.jar (3194 KB at 2887.9 KB/sec)
[INFO] Installing /home/travis/build/passed/google/auto/pom.xml to /home/travis/.m2/repository/com/google/auto/auto-parent/4-SNAPSHOT/auto-parent-4-SNAPSHOT.pom
[INFO] Installing /home/travis/build/passed/google/auto/common/pom.xml to /home/travis/.m2/repository/com/google/auto/auto-common/1.0-SNAPSHOT/auto-common-1.0-SNAPSHOT.pom
[INFO] Installing /home/travis/build/passed/google/auto/common/target/auto-common-1.0-SNAPSHOT.jar to /home/travis/.m2/repository/com/google/auto/auto-common/1.0-SNAPSHOT/auto-common-1.0-SNAPSHOT.jar
[INFO] Installing /home/travis/build/passed/google/auto/factory/pom.xml to /home/travis/.m2/repository/com/google/auto/factory/auto-factory/1.0-SNAPSHOT/auto-factory-1.0-SNAPSHOT.pom
[INFO] Installing /home/travis/build/passed/google/auto/factory/target/auto-factory-1.0-SNAPSHOT.jar to /home/travis/.m2/repository/com/google/auto/factory/auto-factory/1.0-SNAPSHOT/auto-factory-1.0-SNAPSHOT.jar
[INFO] 
[INFO] --- maven-invoker-plugin:1.8:run (integration-test) @ auto-factory ---
[INFO] Building: functional/pom.xml
[INFO] Java HotSpot(TM) 64-Bit Server VM warning: ignoring option MaxPermSize=192m; support was removed in 8.0
[INFO] [INFO] Scanning for projects...
[INFO] [INFO]                                                                         
[INFO] [INFO] ------------------------------------------------------------------------
[INFO] [INFO] Building Auto-Value Functional Integration Test HEAD-SNAPSHOT
[INFO] [INFO] ------------------------------------------------------------------------
[INFO] [INFO] Downloading: https://repository.apache.org/snapshots/com/google/auto/factory/auto-factory/1.0-SNAPSHOT/maven-metadata.xml
[INFO] [INFO] Downloading: http://insecure.repo1.maven.org/maven2/com/google/inject/guice/4.0/guice-4.0.pom
[INFO] [INFO] Downloaded: http://insecure.repo1.maven.org/maven2/com/google/inject/guice/4.0/guice-4.0.pom (11 KB at 123.6 KB/sec)
[INFO] [INFO] Downloading: http://insecure.repo1.maven.org/maven2/com/google/inject/guice-parent/4.0/guice-parent-4.0.pom
[INFO] [INFO] Downloaded: http://insecure.repo1.maven.org/maven2/com/google/inject/guice-parent/4.0/guice-parent-4.0.pom (16 KB at 581.9 KB/sec)
[INFO] [INFO] Downloading: http://insecure.repo1.maven.org/maven2/com/google/google/5/google-5.pom
[INFO] [INFO] Downloaded: http://insecure.repo1.maven.org/maven2/com/google/google/5/google-5.pom (3 KB at 126.3 KB/sec)
[INFO] [INFO] Downloading: http://insecure.repo1.maven.org/maven2/aopalliance/aopalliance/1.0/aopalliance-1.0.pom
[INFO] [INFO] Downloaded: http://insecure.repo1.maven.org/maven2/aopalliance/aopalliance/1.0/aopalliance-1.0.pom (363 B at 18.7 KB/sec)
[INFO] [INFO] Downloading: http://insecure.repo1.maven.org/maven2/com/google/dagger/dagger/2.4/dagger-2.4.pom
[INFO] [INFO] Downloaded: http://insecure.repo1.maven.org/maven2/com/google/dagger/dagger/2.4/dagger-2.4.pom (4 KB at 174.9 KB/sec)
[INFO] [INFO] Downloading: http://insecure.repo1.maven.org/maven2/com/google/dagger/dagger-parent/2.4/dagger-parent-2.4.pom
[INFO] [INFO] Downloaded: http://insecure.repo1.maven.org/maven2/com/google/dagger/dagger-parent/2.4/dagger-parent-2.4.pom (8 KB at 344.2 KB/sec)
[INFO] [INFO] Downloading: http://insecure.repo1.maven.org/maven2/com/google/dagger/dagger-compiler/2.4/dagger-compiler-2.4.pom
[INFO] [INFO] Downloaded: http://insecure.repo1.maven.org/maven2/com/google/dagger/dagger-compiler/2.4/dagger-compiler-2.4.pom (7 KB at 289.1 KB/sec)
[INFO] [INFO] Downloading: http://insecure.repo1.maven.org/maven2/com/google/dagger/dagger-producers/2.4/dagger-producers-2.4.pom
[INFO] [INFO] Downloaded: http://insecure.repo1.maven.org/maven2/com/google/dagger/dagger-producers/2.4/dagger-producers-2.4.pom (3 KB at 108.5 KB/sec)
[INFO] [INFO] Downloading: http://insecure.repo1.maven.org/maven2/com/google/inject/guice/4.0/guice-4.0.jar
[INFO] [INFO] Downloading: http://insecure.repo1.maven.org/maven2/aopalliance/aopalliance/1.0/aopalliance-1.0.jar
[INFO] [INFO] Downloading: http://insecure.repo1.maven.org/maven2/com/google/dagger/dagger/2.4/dagger-2.4.jar
[INFO] [INFO] Downloading: http://insecure.repo1.maven.org/maven2/com/google/dagger/dagger-compiler/2.4/dagger-compiler-2.4.jar
[INFO] [INFO] Downloading: http://insecure.repo1.maven.org/maven2/com/google/dagger/dagger-producers/2.4/dagger-producers-2.4.jar
[INFO] [INFO] Downloaded: http://insecure.repo1.maven.org/maven2/aopalliance/aopalliance/1.0/aopalliance-1.0.jar (5 KB at 103.9 KB/sec)
[INFO] [INFO] Downloaded: http://insecure.repo1.maven.org/maven2/com/google/dagger/dagger/2.4/dagger-2.4.jar (26 KB at 216.0 KB/sec)
[INFO] [INFO] Downloaded: http://insecure.repo1.maven.org/maven2/com/google/dagger/dagger-producers/2.4/dagger-producers-2.4.jar (67 KB at 336.1 KB/sec)
[INFO] [INFO] Downloaded: http://insecure.repo1.maven.org/maven2/com/google/inject/guice/4.0/guice-4.0.jar (653 KB at 513.0 KB/sec)
[INFO] [INFO] Downloaded: http://insecure.repo1.maven.org/maven2/com/google/dagger/dagger-compiler/2.4/dagger-compiler-2.4.jar (8293 KB at 2987.3 KB/sec)
[INFO] [INFO] 
[INFO] [INFO] --- maven-resources-plugin:2.6:resources (default-resources) @ functional ---
[INFO] [WARNING] Using platform encoding (UTF-8 actually) to copy filtered resources, i.e. build is platform dependent!
[INFO] [INFO] skip non existing resourceDirectory /home/travis/build/passed/google/auto/factory/target/it/functional/src/main/resources
[INFO] [INFO] 
[INFO] [INFO] --- maven-compiler-plugin:3.1:compile (default-compile) @ functional ---
[INFO] [INFO] Changes detected - recompiling the module!
[INFO] [WARNING] File encoding has not been set, using platform encoding UTF-8, i.e. build is platform dependent!
[INFO] [INFO] Compiling 9 source files to /home/travis/build/passed/google/auto/factory/target/it/functional/target/classes
[INFO] [WARNING] bootstrap class path not set in conjunction with -source 1.6
[INFO] [WARNING] No processor claimed any of these annotations: javax.inject.Inject,com.google.auto.factory.Provided,com.google.auto.factory.AutoFactory,dagger.Module,javax.inject.Qualifier,com.google.auto.factory.Qualifier,dagger.Component,dagger.Provides
[INFO] [WARNING] No processor claimed any of these annotations: javax.inject.Inject,com.google.auto.factory.Qualifier,javax.annotation.Generated
[INFO] [WARNING] No processor claimed any of these annotations: javax.annotation.Generated
[INFO] [INFO] 
[INFO] [INFO] --- maven-resources-plugin:2.6:testResources (default-testResources) @ functional ---
[INFO] [WARNING] Using platform encoding (UTF-8 actually) to copy filtered resources, i.e. build is platform dependent!
[INFO] [INFO] skip non existing resourceDirectory /home/travis/build/passed/google/auto/factory/target/it/functional/src/test/resources
[INFO] [INFO] 
[INFO] [INFO] --- maven-compiler-plugin:3.1:testCompile (default-testCompile) @ functional ---
[INFO] [INFO] Changes detected - recompiling the module!
[INFO] [WARNING] File encoding has not been set, using platform encoding UTF-8, i.e. build is platform dependent!
[INFO] [INFO] Compiling 1 source file to /home/travis/build/passed/google/auto/factory/target/it/functional/target/test-classes
[INFO] [WARNING] bootstrap class path not set in conjunction with -source 1.6
[INFO] [WARNING] No processor claimed any of these annotations: org.junit.runner.RunWith,org.junit.Test
[INFO] [INFO] 
[INFO] [INFO] --- maven-surefire-plugin:2.12.4:test (default-test) @ functional ---
[INFO] [INFO] Surefire report directory: /home/travis/build/passed/google/auto/factory/target/it/functional/target/surefire-reports
[INFO] 
[INFO] -------------------------------------------------------
[INFO]  T E S T S
[INFO] -------------------------------------------------------
[INFO] Running com.google.auto.factory.DependencyInjectionIntegrationTest
[INFO] Tests run: 2, Failures: 0, Errors: 0, Skipped: 0, Time elapsed: 0.354 sec
[INFO] 
[INFO] Results :
[INFO] 
[INFO] Tests run: 2, Failures: 0, Errors: 0, Skipped: 0
[INFO] 
[INFO] [INFO] 
[INFO] [INFO] --- maven-jar-plugin:2.6:jar (default-jar) @ functional ---
[INFO] [INFO] Building jar: /home/travis/build/passed/google/auto/factory/target/it/functional/target/functional-HEAD-SNAPSHOT.jar
[INFO] [INFO] ------------------------------------------------------------------------
[INFO] [INFO] BUILD SUCCESS
[INFO] [INFO] ------------------------------------------------------------------------
[INFO] [INFO] Total time: 8.883 s
[INFO] [INFO] Finished at: 2020-12-16T17:06:58+00:00
[INFO] [INFO] Final Memory: 26M/485M
[INFO] [INFO] ------------------------------------------------------------------------
[INFO] ..SUCCESS (10.4 s)
[INFO] -------------------------------------------------
[INFO] Build Summary:
[INFO]   Passed: 1, Failed: 0, Errors: 0, Skipped: 0
[INFO] -------------------------------------------------
[INFO]                                                                         
[INFO] ------------------------------------------------------------------------
[INFO] Building AutoService 1.0-SNAPSHOT
[INFO] ------------------------------------------------------------------------
[INFO] 
[INFO] --- maven-enforcer-plugin:1.0:enforce (enforce-maven) @ auto-service ---
[INFO] 
[INFO] --- maven-resources-plugin:2.6:resources (default-resources) @ auto-service ---
[INFO] Using 'UTF-8' encoding to copy filtered resources.
[INFO] Copying 1 resource
[INFO] 
[INFO] --- maven-compiler-plugin:3.1:compile (default-compile) @ auto-service ---
[INFO] Changes detected - recompiling the module!
[INFO] Compiling 4 source files to /home/travis/build/passed/google/auto/service/target/classes
[WARNING] bootstrap class path not set in conjunction with -source 1.6
[INFO] 
[INFO] --- maven-resources-plugin:2.6:testResources (default-testResources) @ auto-service ---
[INFO] Using 'UTF-8' encoding to copy filtered resources.
[INFO] Copying 8 resources
[INFO] 
[INFO] --- maven-compiler-plugin:3.1:testCompile (default-testCompile) @ auto-service ---
[INFO] Changes detected - recompiling the module!
[INFO] Compiling 1 source file to /home/travis/build/passed/google/auto/service/target/test-classes
[WARNING] bootstrap class path not set in conjunction with -source 1.6
[INFO] 
[INFO] --- maven-surefire-plugin:2.12.4:test (default-test) @ auto-service ---
[INFO] Surefire report directory: /home/travis/build/passed/google/auto/service/target/surefire-reports

-------------------------------------------------------
 T E S T S
-------------------------------------------------------
Running com.google.auto.service.processor.AutoServiceProcessorTest
Tests run: 1, Failures: 0, Errors: 0, Skipped: 0, Time elapsed: 0.648 sec

Results :

Tests run: 1, Failures: 0, Errors: 0, Skipped: 0

[INFO] 
[INFO] --- maven-jar-plugin:2.6:jar (default-jar) @ auto-service ---
[INFO] Building jar: /home/travis/build/passed/google/auto/service/target/auto-service-1.0-SNAPSHOT.jar
[INFO]                                                                         
[INFO] ------------------------------------------------------------------------
[INFO] Building AutoValue 1.5-SNAPSHOT
[INFO] ------------------------------------------------------------------------
[INFO] 
[INFO] --- maven-enforcer-plugin:1.0:enforce (enforce-maven) @ auto-value ---
[INFO] 
[INFO] --- maven-resources-plugin:2.6:resources (default-resources) @ auto-value ---
[INFO] Using 'UTF-8' encoding to copy filtered resources.
[INFO] Copying 47 resources
[INFO] 
[INFO] --- maven-compiler-plugin:3.1:compile (default-compile) @ auto-value ---
[INFO] Changes detected - recompiling the module!
[INFO] Compiling 42 source files to /home/travis/build/passed/google/auto/value/target/classes
[WARNING] No processor claimed any of these annotations: com.google.common.annotations.VisibleForTesting
[INFO] 
[INFO] --- maven-resources-plugin:2.6:testResources (default-testResources) @ auto-value ---
[INFO] Using 'UTF-8' encoding to copy filtered resources.
[INFO] skip non existing resourceDirectory /home/travis/build/passed/google/auto/value/src/test/resources
[INFO] 
[INFO] --- maven-compiler-plugin:3.1:testCompile (default-testCompile) @ auto-value ---
[INFO] Changes detected - recompiling the module!
[INFO] Compiling 19 source files to /home/travis/build/passed/google/auto/value/target/test-classes
[WARNING] No processor claimed any of these annotations: org.junit.Rule,com.google.auto.value.extension.memoized.Memoized,org.junit.runner.RunWith,com.google.auto.value.AutoValue,org.junit.Test,javax.annotation.processing.SupportedAnnotationTypes,javax.annotation.Nullable,org.junit.Before
[WARNING] No processor claimed any of these annotations: javax.annotation.Generated,javax.annotation.Nullable,com.google.errorprone.annotations.concurrent.LazyInit
[WARNING] /home/travis/build/passed/google/auto/value/src/test/java/com/google/auto/value/extension/memoized/MemoizedMethodSubject.java:[44,13] getSubject() in com.google.common.truth.Subject has been deprecated
[WARNING] /home/travis/build/passed/google/auto/value/src/test/java/com/google/auto/value/extension/memoized/MemoizedTest.java:[110,16] serializable class com.google.auto.value.extension.memoized.MemoizedTest.SomeCheckedException has no definition of serialVersionUID
[WARNING] /home/travis/build/passed/google/auto/value/src/test/java/com/google/auto/value/extension/memoized/MemoizedTest.java:[190,27] hasMessage(java.lang.String) in com.google.common.truth.ThrowableSubject has been deprecated
[INFO] 
[INFO] --- maven-surefire-plugin:2.12.4:test (default-test) @ auto-value ---
[INFO] Surefire report directory: /home/travis/build/passed/google/auto/value/target/surefire-reports

-------------------------------------------------------
 T E S T S
-------------------------------------------------------
Running com.google.auto.value.processor.SimplifyWithAnnotationsTest
SKIPPING TEST BECAUSE OF BUGGY COMPILER
Tests run: 1, Failures: 0, Errors: 0, Skipped: 0, Time elapsed: 0.657 sec
Running com.google.auto.value.processor.TypeSimplifierTest
Tests run: 20, Failures: 0, Errors: 0, Skipped: 0, Time elapsed: 0.592 sec
Running com.google.auto.value.processor.CompilationTest
Tests run: 73, Failures: 0, Errors: 0, Skipped: 0, Time elapsed: 2.704 sec
Running com.google.auto.value.processor.ExtensionTest
Tests run: 20, Failures: 0, Errors: 0, Skipped: 0, Time elapsed: 0.612 sec
Running com.google.auto.value.processor.PropertyAnnotationsTest
Tests run: 21, Failures: 0, Errors: 0, Skipped: 0, Time elapsed: 1.088 sec
Running com.google.auto.value.processor.escapevelocity.ReferenceNodeTest
Tests run: 3, Failures: 0, Errors: 0, Skipped: 0, Time elapsed: 0.002 sec
Running com.google.auto.value.processor.escapevelocity.TemplateTest
Tests run: 59, Failures: 0, Errors: 0, Skipped: 0, Time elapsed: 0.322 sec
Running com.google.auto.value.processor.AutoAnnotationErrorsTest
Tests run: 12, Failures: 0, Errors: 0, Skipped: 0, Time elapsed: 0.316 sec
Running com.google.auto.value.processor.ReformatterTest
Tests run: 2, Failures: 0, Errors: 0, Skipped: 0, Time elapsed: 0 sec
Running com.google.auto.value.processor.TemplateVarsTest
Tests run: 8, Failures: 0, Errors: 0, Skipped: 0, Time elapsed: 0.317 sec
Running com.google.auto.value.processor.GuavaCollectionBuildersTest
Tests run: 1, Failures: 0, Errors: 0, Skipped: 0, Time elapsed: 0.124 sec
Running com.google.auto.value.processor.JavaScannerTest
Tests run: 1, Failures: 0, Errors: 0, Skipped: 0, Time elapsed: 0 sec
Running com.google.auto.value.processor.GeneratedDoesNotExistTest
Tests run: 1, Failures: 0, Errors: 0, Skipped: 0, Time elapsed: 0.034 sec
Running com.google.auto.value.processor.AutoAnnotationCompilationTest
Tests run: 5, Failures: 0, Errors: 0, Skipped: 0, Time elapsed: 0.205 sec
Running com.google.auto.value.extension.memoized.MemoizedValidationTest
Tests run: 7, Failures: 0, Errors: 0, Skipped: 0, Time elapsed: 0.141 sec
Running com.google.auto.value.extension.memoized.MemoizedTest
Tests run: 11, Failures: 0, Errors: 0, Skipped: 0, Time elapsed: 0.005 sec

Results :

Tests run: 245, Failures: 0, Errors: 0, Skipped: 0

[INFO] 
[INFO] --- maven-jar-plugin:2.6:jar (default-jar) @ auto-value ---
[INFO] Building jar: /home/travis/build/passed/google/auto/value/target/auto-value-1.5-SNAPSHOT.jar
[INFO] 
[INFO] --- maven-shade-plugin:4:shade (default) @ auto-value ---
[INFO] Downloading: https://repo.maven.apache.org/maven2/org/apache/maven/maven-plugin-api/3.0/maven-plugin-api-3.0.pom
[INFO] Downloaded: https://repo.maven.apache.org/maven2/org/apache/maven/maven-plugin-api/3.0/maven-plugin-api-3.0.pom (3 KB at 124.1 KB/sec)
[INFO] Downloading: https://repo.maven.apache.org/maven2/org/apache/maven/maven/3.0/maven-3.0.pom
[INFO] Downloaded: https://repo.maven.apache.org/maven2/org/apache/maven/maven/3.0/maven-3.0.pom (22 KB at 689.4 KB/sec)
[INFO] Downloading: https://repo.maven.apache.org/maven2/org/apache/maven/maven-model/3.0/maven-model-3.0.pom
[INFO] Downloaded: https://repo.maven.apache.org/maven2/org/apache/maven/maven-model/3.0/maven-model-3.0.pom (4 KB at 223.6 KB/sec)
[INFO] Downloading: https://repo.maven.apache.org/maven2/org/codehaus/plexus/plexus-utils/2.0.4/plexus-utils-2.0.4.pom
[INFO] Downloaded: https://repo.maven.apache.org/maven2/org/codehaus/plexus/plexus-utils/2.0.4/plexus-utils-2.0.4.pom (4 KB at 203.5 KB/sec)
[INFO] Downloading: https://repo.maven.apache.org/maven2/org/apache/maven/maven-artifact/3.0/maven-artifact-3.0.pom
[INFO] Downloaded: https://repo.maven.apache.org/maven2/org/apache/maven/maven-artifact/3.0/maven-artifact-3.0.pom (2 KB at 110.8 KB/sec)
[INFO] Downloading: https://repo.maven.apache.org/maven2/org/sonatype/sisu/sisu-inject-plexus/1.4.2/sisu-inject-plexus-1.4.2.pom
[INFO] Downloaded: https://repo.maven.apache.org/maven2/org/sonatype/sisu/sisu-inject-plexus/1.4.2/sisu-inject-plexus-1.4.2.pom (6 KB at 262.2 KB/sec)
[INFO] Downloading: https://repo.maven.apache.org/maven2/org/sonatype/sisu/inject/guice-plexus/1.4.2/guice-plexus-1.4.2.pom
[INFO] Downloaded: https://repo.maven.apache.org/maven2/org/sonatype/sisu/inject/guice-plexus/1.4.2/guice-plexus-1.4.2.pom (4 KB at 145.5 KB/sec)
[INFO] Downloading: https://repo.maven.apache.org/maven2/org/sonatype/sisu/inject/guice-bean/1.4.2/guice-bean-1.4.2.pom
[INFO] Downloaded: https://repo.maven.apache.org/maven2/org/sonatype/sisu/inject/guice-bean/1.4.2/guice-bean-1.4.2.pom (3 KB at 149.7 KB/sec)
[INFO] Downloading: https://repo.maven.apache.org/maven2/org/sonatype/sisu/sisu-inject/1.4.2/sisu-inject-1.4.2.pom
[INFO] Downloaded: https://repo.maven.apache.org/maven2/org/sonatype/sisu/sisu-inject/1.4.2/sisu-inject-1.4.2.pom (2 KB at 81.3 KB/sec)
[INFO] Downloading: https://repo.maven.apache.org/maven2/org/sonatype/sisu/sisu-parent/1.4.2/sisu-parent-1.4.2.pom
[INFO] Downloaded: https://repo.maven.apache.org/maven2/org/sonatype/sisu/sisu-parent/1.4.2/sisu-parent-1.4.2.pom (8 KB at 303.8 KB/sec)
[INFO] Downloading: https://repo.maven.apache.org/maven2/org/sonatype/forge/forge-parent/6/forge-parent-6.pom
[INFO] Downloaded: https://repo.maven.apache.org/maven2/org/sonatype/forge/forge-parent/6/forge-parent-6.pom (11 KB at 500.1 KB/sec)
[INFO] Downloading: https://repo.maven.apache.org/maven2/org/codehaus/plexus/plexus-classworlds/2.2.3/plexus-classworlds-2.2.3.pom
[INFO] Downloaded: https://repo.maven.apache.org/maven2/org/codehaus/plexus/plexus-classworlds/2.2.3/plexus-classworlds-2.2.3.pom (4 KB at 216.9 KB/sec)
[INFO] Downloading: https://repo.maven.apache.org/maven2/org/sonatype/sisu/sisu-inject-bean/1.4.2/sisu-inject-bean-1.4.2.pom
[INFO] Downloaded: https://repo.maven.apache.org/maven2/org/sonatype/sisu/sisu-inject-bean/1.4.2/sisu-inject-bean-1.4.2.pom (6 KB at 296.1 KB/sec)
[INFO] Downloading: https://repo.maven.apache.org/maven2/org/sonatype/sisu/sisu-guice/2.1.7/sisu-guice-2.1.7.pom
[INFO] Downloaded: https://repo.maven.apache.org/maven2/org/sonatype/sisu/sisu-guice/2.1.7/sisu-guice-2.1.7.pom (11 KB at 514.4 KB/sec)
[INFO] Downloading: https://repo.maven.apache.org/maven2/org/apache/maven/maven-core/3.0/maven-core-3.0.pom
[INFO] Downloaded: https://repo.maven.apache.org/maven2/org/apache/maven/maven-core/3.0/maven-core-3.0.pom (7 KB at 340.7 KB/sec)
[INFO] Downloading: https://repo.maven.apache.org/maven2/org/apache/maven/maven-settings/3.0/maven-settings-3.0.pom
[INFO] Downloaded: https://repo.maven.apache.org/maven2/org/apache/maven/maven-settings/3.0/maven-settings-3.0.pom (2 KB at 122.5 KB/sec)
[INFO] Downloading: https://repo.maven.apache.org/maven2/org/apache/maven/maven-settings-builder/3.0/maven-settings-builder-3.0.pom
[INFO] Downloaded: https://repo.maven.apache.org/maven2/org/apache/maven/maven-settings-builder/3.0/maven-settings-builder-3.0.pom (3 KB at 86.7 KB/sec)
[INFO] Downloading: https://repo.maven.apache.org/maven2/org/codehaus/plexus/plexus-interpolation/1.14/plexus-interpolation-1.14.pom
[INFO] Downloaded: https://repo.maven.apache.org/maven2/org/codehaus/plexus/plexus-interpolation/1.14/plexus-interpolation-1.14.pom (910 B at 55.5 KB/sec)
[INFO] Downloading: https://repo.maven.apache.org/maven2/org/codehaus/plexus/plexus-components/1.1.18/plexus-components-1.1.18.pom
[INFO] Downloaded: https://repo.maven.apache.org/maven2/org/codehaus/plexus/plexus-components/1.1.18/plexus-components-1.1.18.pom (6 KB at 307.6 KB/sec)
[INFO] Downloading: https://repo.maven.apache.org/maven2/org/apache/maven/maven-repository-metadata/3.0/maven-repository-metadata-3.0.pom
[INFO] Downloaded: https://repo.maven.apache.org/maven2/org/apache/maven/maven-repository-metadata/3.0/maven-repository-metadata-3.0.pom (2 KB at 125.6 KB/sec)
[INFO] Downloading: https://repo.maven.apache.org/maven2/org/apache/maven/maven-model-builder/3.0/maven-model-builder-3.0.pom
[INFO] Downloaded: https://repo.maven.apache.org/maven2/org/apache/maven/maven-model-builder/3.0/maven-model-builder-3.0.pom (3 KB at 129.0 KB/sec)
[INFO] Downloading: https://repo.maven.apache.org/maven2/org/apache/maven/maven-aether-provider/3.0/maven-aether-provider-3.0.pom
[INFO] Downloaded: https://repo.maven.apache.org/maven2/org/apache/maven/maven-aether-provider/3.0/maven-aether-provider-3.0.pom (3 KB at 120.6 KB/sec)
[INFO] Downloading: https://repo.maven.apache.org/maven2/org/sonatype/aether/aether-api/1.7/aether-api-1.7.pom
[INFO] Downloaded: https://repo.maven.apache.org/maven2/org/sonatype/aether/aether-api/1.7/aether-api-1.7.pom (2 KB at 102.1 KB/sec)
[INFO] Downloading: https://repo.maven.apache.org/maven2/org/sonatype/aether/aether-parent/1.7/aether-parent-1.7.pom
[INFO] Downloaded: https://repo.maven.apache.org/maven2/org/sonatype/aether/aether-parent/1.7/aether-parent-1.7.pom (8 KB at 397.0 KB/sec)
[INFO] Downloading: https://repo.maven.apache.org/maven2/org/sonatype/aether/aether-util/1.7/aether-util-1.7.pom
[INFO] Downloaded: https://repo.maven.apache.org/maven2/org/sonatype/aether/aether-util/1.7/aether-util-1.7.pom (3 KB at 125.9 KB/sec)
[INFO] Downloading: https://repo.maven.apache.org/maven2/org/sonatype/aether/aether-impl/1.7/aether-impl-1.7.pom
[INFO] Downloaded: https://repo.maven.apache.org/maven2/org/sonatype/aether/aether-impl/1.7/aether-impl-1.7.pom (4 KB at 212.1 KB/sec)
[INFO] Downloading: https://repo.maven.apache.org/maven2/org/sonatype/aether/aether-spi/1.7/aether-spi-1.7.pom
[INFO] Downloaded: https://repo.maven.apache.org/maven2/org/sonatype/aether/aether-spi/1.7/aether-spi-1.7.pom (2 KB at 100.0 KB/sec)
[INFO] Downloading: https://repo.maven.apache.org/maven2/org/apache/maven/maven-compat/3.0/maven-compat-3.0.pom
[INFO] Downloaded: https://repo.maven.apache.org/maven2/org/apache/maven/maven-compat/3.0/maven-compat-3.0.pom (4 KB at 231.0 KB/sec)
[INFO] Downloading: https://repo.maven.apache.org/maven2/org/apache/maven/wagon/wagon-provider-api/1.0-beta-6/wagon-provider-api-1.0-beta-6.pom
[INFO] Downloaded: https://repo.maven.apache.org/maven2/org/apache/maven/wagon/wagon-provider-api/1.0-beta-6/wagon-provider-api-1.0-beta-6.pom (2 KB at 95.5 KB/sec)
[INFO] Downloading: https://repo.maven.apache.org/maven2/org/apache/maven/wagon/wagon/1.0-beta-6/wagon-1.0-beta-6.pom
[INFO] Downloaded: https://repo.maven.apache.org/maven2/org/apache/maven/wagon/wagon/1.0-beta-6/wagon-1.0-beta-6.pom (13 KB at 549.8 KB/sec)
[INFO] Downloading: https://repo.maven.apache.org/maven2/org/codehaus/plexus/plexus-utils/1.4.2/plexus-utils-1.4.2.pom
[INFO] Downloaded: https://repo.maven.apache.org/maven2/org/codehaus/plexus/plexus-utils/1.4.2/plexus-utils-1.4.2.pom (2 KB at 127.5 KB/sec)
[INFO] Downloading: https://repo.maven.apache.org/maven2/org/ow2/asm/asm/5.2/asm-5.2.pom
[INFO] Downloaded: https://repo.maven.apache.org/maven2/org/ow2/asm/asm/5.2/asm-5.2.pom (2 KB at 111.0 KB/sec)
[INFO] Downloading: https://repo.maven.apache.org/maven2/org/ow2/asm/asm-parent/5.2/asm-parent-5.2.pom
[INFO] Downloaded: https://repo.maven.apache.org/maven2/org/ow2/asm/asm-parent/5.2/asm-parent-5.2.pom (6 KB at 298.0 KB/sec)
[INFO] Downloading: https://repo.maven.apache.org/maven2/org/ow2/asm/asm-commons/5.2/asm-commons-5.2.pom
[INFO] Downloaded: https://repo.maven.apache.org/maven2/org/ow2/asm/asm-commons/5.2/asm-commons-5.2.pom (3 KB at 75.7 KB/sec)
[INFO] Downloading: https://repo.maven.apache.org/maven2/org/ow2/asm/asm-tree/5.2/asm-tree-5.2.pom
[INFO] Downloaded: https://repo.maven.apache.org/maven2/org/ow2/asm/asm-tree/5.2/asm-tree-5.2.pom (3 KB at 119.5 KB/sec)
[INFO] Downloading: https://repo.maven.apache.org/maven2/org/jdom/jdom/1.1/jdom-1.1.pom
[INFO] Downloaded: https://repo.maven.apache.org/maven2/org/jdom/jdom/1.1/jdom-1.1.pom (3 KB at 133.5 KB/sec)
[INFO] Downloading: https://repo.maven.apache.org/maven2/com/google/guava/guava/11.0.2/guava-11.0.2.pom
[INFO] Downloaded: https://repo.maven.apache.org/maven2/com/google/guava/guava/11.0.2/guava-11.0.2.pom (6 KB at 242.8 KB/sec)
[INFO] Downloading: https://repo.maven.apache.org/maven2/com/google/guava/guava-parent/11.0.2/guava-parent-11.0.2.pom
[INFO] Downloaded: https://repo.maven.apache.org/maven2/com/google/guava/guava-parent/11.0.2/guava-parent-11.0.2.pom (2 KB at 127.5 KB/sec)
[INFO] Downloading: https://repo.maven.apache.org/maven2/org/sonatype/sisu/sisu-inject-bean/1.4.2/sisu-inject-bean-1.4.2.jar
[INFO] Downloading: https://repo.maven.apache.org/maven2/org/sonatype/sisu/sisu-guice/2.1.7/sisu-guice-2.1.7-noaop.jar
[INFO] Downloading: https://repo.maven.apache.org/maven2/org/sonatype/aether/aether-util/1.7/aether-util-1.7.jar
[INFO] Downloading: https://repo.maven.apache.org/maven2/org/ow2/asm/asm-tree/5.2/asm-tree-5.2.jar
[INFO] Downloading: https://repo.maven.apache.org/maven2/org/codehaus/plexus/plexus-interpolation/1.14/plexus-interpolation-1.14.jar
[INFO] Downloaded: https://repo.maven.apache.org/maven2/org/ow2/asm/asm-tree/5.2/asm-tree-5.2.jar (29 KB at 902.8 KB/sec)
[INFO] Downloaded: https://repo.maven.apache.org/maven2/org/codehaus/plexus/plexus-interpolation/1.14/plexus-interpolation-1.14.jar (60 KB at 1296.5 KB/sec)
[INFO] Downloaded: https://repo.maven.apache.org/maven2/org/sonatype/aether/aether-util/1.7/aether-util-1.7.jar (106 KB at 1728.2 KB/sec)
[INFO] Downloaded: https://repo.maven.apache.org/maven2/org/sonatype/sisu/sisu-inject-bean/1.4.2/sisu-inject-bean-1.4.2.jar (150 KB at 1940.3 KB/sec)
[INFO] Downloaded: https://repo.maven.apache.org/maven2/org/sonatype/sisu/sisu-guice/2.1.7/sisu-guice-2.1.7-noaop.jar (461 KB at 2411.9 KB/sec)
[INFO] Including com.google.auto:auto-common:jar:0.8 in the shaded jar.
[INFO] Including com.google.auto.service:auto-service:jar:1.0-rc3 in the shaded jar.
[INFO] Including com.google.guava:guava:jar:23.0 in the shaded jar.
[INFO] Including com.google.code.findbugs:jsr305:jar:1.3.9 in the shaded jar.
[INFO] Including com.google.errorprone:error_prone_annotations:jar:2.0.18 in the shaded jar.
[INFO] Including com.google.j2objc:j2objc-annotations:jar:1.1 in the shaded jar.
[INFO] Including org.codehaus.mojo:animal-sniffer-annotations:jar:1.14 in the shaded jar.
[INFO] Including com.squareup:javapoet:jar:1.9.0 in the shaded jar.
[INFO] Minimizing jar com.google.auto.value:auto-value:jar:1.5-SNAPSHOT
[INFO] Minimized 2151 -> 948 (44%)
[INFO] Replacing original artifact with shaded artifact.
[INFO] Replacing /home/travis/build/passed/google/auto/value/target/auto-value-1.5-SNAPSHOT.jar with /home/travis/build/passed/google/auto/value/target/auto-value-1.5-SNAPSHOT-shaded.jar
[INFO] Dependency-reduced POM written at: /home/travis/build/passed/google/auto/value/dependency-reduced-pom.xml
[INFO] Dependency-reduced POM written at: /home/travis/build/passed/google/auto/value/dependency-reduced-pom.xml
[INFO] 
[INFO] --- maven-invoker-plugin:1.8:install (integration-test) @ auto-value ---
[INFO] Installing /home/travis/build/passed/google/auto/pom.xml to /home/travis/.m2/repository/com/google/auto/auto-parent/4-SNAPSHOT/auto-parent-4-SNAPSHOT.pom
[INFO] Installing /home/travis/build/passed/google/auto/common/pom.xml to /home/travis/.m2/repository/com/google/auto/auto-common/1.0-SNAPSHOT/auto-common-1.0-SNAPSHOT.pom
[INFO] Installing /home/travis/build/passed/google/auto/common/target/auto-common-1.0-SNAPSHOT.jar to /home/travis/.m2/repository/com/google/auto/auto-common/1.0-SNAPSHOT/auto-common-1.0-SNAPSHOT.jar
[INFO] Installing /home/travis/build/passed/google/auto/factory/pom.xml to /home/travis/.m2/repository/com/google/auto/factory/auto-factory/1.0-SNAPSHOT/auto-factory-1.0-SNAPSHOT.pom
[INFO] Installing /home/travis/build/passed/google/auto/factory/target/auto-factory-1.0-SNAPSHOT.jar to /home/travis/.m2/repository/com/google/auto/factory/auto-factory/1.0-SNAPSHOT/auto-factory-1.0-SNAPSHOT.jar
[INFO] Installing /home/travis/build/passed/google/auto/service/pom.xml to /home/travis/.m2/repository/com/google/auto/service/auto-service/1.0-SNAPSHOT/auto-service-1.0-SNAPSHOT.pom
[INFO] Installing /home/travis/build/passed/google/auto/service/target/auto-service-1.0-SNAPSHOT.jar to /home/travis/.m2/repository/com/google/auto/service/auto-service/1.0-SNAPSHOT/auto-service-1.0-SNAPSHOT.jar
[INFO] Installing /home/travis/build/passed/google/auto/value/dependency-reduced-pom.xml to /home/travis/.m2/repository/com/google/auto/value/auto-value/1.5-SNAPSHOT/auto-value-1.5-SNAPSHOT.pom
[INFO] Installing /home/travis/build/passed/google/auto/value/target/auto-value-1.5-SNAPSHOT.jar to /home/travis/.m2/repository/com/google/auto/value/auto-value/1.5-SNAPSHOT/auto-value-1.5-SNAPSHOT.jar
[INFO] 
[INFO] --- maven-invoker-plugin:1.8:run (integration-test) @ auto-value ---
[INFO] Building: functional/pom.xml
[INFO] Java HotSpot(TM) 64-Bit Server VM warning: ignoring option MaxPermSize=192m; support was removed in 8.0
[INFO] [INFO] Scanning for projects...
[INFO] [INFO]                                                                         
[INFO] [INFO] ------------------------------------------------------------------------
[INFO] [INFO] Building Auto-Value Functional Integration Test HEAD-SNAPSHOT
[INFO] [INFO] ------------------------------------------------------------------------
[INFO] [INFO] Downloading: https://repository.apache.org/snapshots/com/google/auto/value/auto-value/1.5-SNAPSHOT/maven-metadata.xml
[INFO] [INFO] Downloading: http://insecure.repo1.maven.org/maven2/com/google/code/findbugs/jsr305/3.0.0/jsr305-3.0.0.pom
[INFO] [INFO] Downloaded: http://insecure.repo1.maven.org/maven2/com/google/code/findbugs/jsr305/3.0.0/jsr305-3.0.0.pom (4 KB at 59.7 KB/sec)
[INFO] [INFO] Downloading: http://insecure.repo1.maven.org/maven2/com/google/guava/guava-testlib/20.0/guava-testlib-20.0.pom
[INFO] [INFO] Downloaded: http://insecure.repo1.maven.org/maven2/com/google/guava/guava-testlib/20.0/guava-testlib-20.0.pom (3 KB at 134.2 KB/sec)
[INFO] [INFO] Downloading: http://insecure.repo1.maven.org/maven2/com/google/code/findbugs/jsr305/3.0.0/jsr305-3.0.0.jar
[INFO] [INFO] Downloading: http://insecure.repo1.maven.org/maven2/com/google/guava/guava/20.0/guava-20.0.jar
[INFO] [INFO] Downloading: http://insecure.repo1.maven.org/maven2/com/google/guava/guava-testlib/20.0/guava-testlib-20.0.jar
[INFO] [INFO] Downloading: http://insecure.repo1.maven.org/maven2/com/google/errorprone/error_prone_annotations/2.0.12/error_prone_annotations-2.0.12.jar
[INFO] [INFO] Downloading: http://insecure.repo1.maven.org/maven2/com/google/truth/truth/0.31/truth-0.31.jar
[INFO] [INFO] Downloaded: http://insecure.repo1.maven.org/maven2/com/google/errorprone/error_prone_annotations/2.0.12/error_prone_annotations-2.0.12.jar (11 KB at 125.7 KB/sec)
[INFO] [INFO] Downloaded: http://insecure.repo1.maven.org/maven2/com/google/code/findbugs/jsr305/3.0.0/jsr305-3.0.0.jar (33 KB at 280.5 KB/sec)
[INFO] [INFO] Downloaded: http://insecure.repo1.maven.org/maven2/com/google/truth/truth/0.31/truth-0.31.jar (138 KB at 464.9 KB/sec)
[INFO] [INFO] Downloaded: http://insecure.repo1.maven.org/maven2/com/google/guava/guava-testlib/20.0/guava-testlib-20.0.jar (749 KB at 570.8 KB/sec)
[INFO] [INFO] Downloaded: http://insecure.repo1.maven.org/maven2/com/google/guava/guava/20.0/guava-20.0.jar (2386 KB at 535.8 KB/sec)
[INFO] [INFO] 
[INFO] [INFO] --- maven-clean-plugin:2.5:clean (default-clean) @ functional ---
[INFO] [INFO] 
[INFO] [INFO] --- maven-resources-plugin:2.6:resources (default-resources) @ functional ---
[INFO] [WARNING] Using platform encoding (UTF-8 actually) to copy filtered resources, i.e. build is platform dependent!
[INFO] [INFO] skip non existing resourceDirectory /home/travis/build/passed/google/auto/value/target/it/functional/src/main/resources
[INFO] [INFO] 
[INFO] [INFO] --- maven-compiler-plugin:3.1:compile (default-compile) @ functional ---
[INFO] [INFO] Changes detected - recompiling the module!
[INFO] [WARNING] File encoding has not been set, using platform encoding UTF-8, i.e. build is platform dependent!
[INFO] [INFO] Compiling 4 source files to /home/travis/build/passed/google/auto/value/target/it/functional/target/classes
[INFO] [WARNING] No processor claimed any of these annotations: com.google.auto.value.AutoValue,javax.annotation.Nullable
[INFO] [WARNING] No processor claimed any of these annotations: javax.annotation.Generated,javax.annotation.Nullable
[INFO] [INFO] 
[INFO] [INFO] --- maven-resources-plugin:2.6:testResources (default-testResources) @ functional ---
[INFO] [WARNING] Using platform encoding (UTF-8 actually) to copy filtered resources, i.e. build is platform dependent!
[INFO] [INFO] skip non existing resourceDirectory /home/travis/build/passed/google/auto/value/target/it/functional/src/test/resources
[INFO] [INFO] 
[INFO] [INFO] --- maven-compiler-plugin:3.1:testCompile (default-testCompile) @ functional ---
[INFO] [INFO] Changes detected - recompiling the module!
[INFO] [WARNING] File encoding has not been set, using platform encoding UTF-8, i.e. build is platform dependent!
[INFO] [INFO] Compiling 10 source files to /home/travis/build/passed/google/auto/value/target/it/functional/target/test-classes
[INFO] [WARNING] No processor claimed any of these annotations: com.google.auto.value.AutoValueTest.InheritedAnnotation,com.google.auto.value.annotations.Empty,org.junit.BeforeClass,com.google.auto.value.AutoAnnotationTest.ClassesAnnotation,org.junit.runner.RunWith,com.google.auto.value.AutoValueTest.CopiedAnnotation,javax.annotation.processing.SupportedAnnotationTypes,com.google.common.annotations.GwtCompatible,com.google.auto.value.AutoValueTest.AlternativeNullableProperties.Nullable,javax.annotation.processing.SupportedSourceVersion,com.google.auto.value.AutoValueTest.HairyAnnotation,com.google.auto.value.AutoAnnotationTest.IntArray,javax.annotation.Nullable,com.google.auto.value.AutoValueJava8Test.FunkyNullable.Nullable,com.google.auto.value.AutoAnnotationTest.EverythingWithDefaults,com.google.auto.value.AutoAnnotationTest.AnnotationsAnnotation,com.google.auto.value.AutoValue.Builder,com.google.auto.value.annotations.StringValues,com.google.auto.value.AutoAnnotationTest.IntegersAnnotation,com.google.auto.value.AutoValueTest.GwtCompatible,org.junit.Test,com.google.auto.value.AutoValue.CopyAnnotations,com.google.auto.value.AutoAnnotationTest.Everything,com.google.auto.value.AutoValue,com.google.auto.value.AutoValueTest.ExcludedAnnotation
[INFO] [WARNING] No processor claimed any of these annotations: com.google.auto.value.AutoValueTest.AlternativeNullableProperties.Nullable,com.google.auto.value.AutoValueTest.InheritedAnnotation,javax.annotation.Generated,com.google.auto.value.AutoValueTest.HairyAnnotation,com.google.auto.value.AutoValueTest.GwtCompatible,com.google.auto.value.AutoValueTest.CopiedAnnotation,javax.annotation.Nullable
[INFO] [WARNING] /home/travis/build/passed/google/auto/value/target/it/functional/src/test/java/com/google/auto/value/AutoAnnotationTest.java:[308,17] serializable class com.google.auto.value.AutoAnnotationTest.IntList has no definition of serialVersionUID
[INFO] [WARNING] /home/travis/build/passed/google/auto/value/target/it/functional/src/test/java/com/google/auto/value/AutoValueTest.java:[177,26] serializable class com.google.auto.value.AutoValueTest.Serialize has no definition of serialVersionUID
[INFO] [WARNING] /home/travis/build/passed/google/auto/value/target/it/functional/src/test/java/com/google/auto/value/AutoValueTest.java:[681,5] serializable class ComparableList has no definition of serialVersionUID
[INFO] [WARNING] /home/travis/build/passed/google/auto/value/target/it/functional/src/test/java/com/google/auto/value/AutoValueTest.java:[1926,33] Possible heap pollution from parameterized vararg type T
[INFO] [WARNING] /home/travis/build/passed/google/auto/value/target/it/functional/src/test/java/com/google/auto/value/AutoValueTest.java:[2329,17] serializable class com.google.auto.value.AutoValueTest.MyMap has no definition of serialVersionUID
[INFO] [WARNING] /home/travis/build/passed/google/auto/value/target/it/functional/src/test/java/com/google/auto/value/AutoValueTest.java:[2337,17] serializable class com.google.auto.value.AutoValueTest.MyMapBuilder has no definition of serialVersionUID
[INFO] [WARNING] /home/travis/build/passed/google/auto/value/target/it/functional/src/test/java/com/google/auto/value/AutoValueTest.java:[2373,17] serializable class com.google.auto.value.AutoValueTest.MyStringMap has no definition of serialVersionUID
[INFO] [WARNING] /home/travis/build/passed/google/auto/value/target/it/functional/src/test/java/com/google/auto/value/AutoValueTest.java:[2385,17] serializable class com.google.auto.value.AutoValueTest.MyStringMapBuilder has no definition of serialVersionUID
[INFO] [WARNING] /home/travis/build/passed/google/auto/value/target/it/functional/target/generated-test-sources/test-annotations/com/google/auto/value/AutoValue_AutoValueTest_Serialize.java:[8,8] serializable class com.google.auto.value.AutoValue_AutoValueTest_Serialize has no definition of serialVersionUID
[INFO] [WARNING] /home/travis/build/passed/google/auto/value/target/it/functional/target/generated-test-sources/test-annotations/com/google/auto/value/AutoValue_AutoValueTest_BuilderWithCopyingSetters.java:[101,78] Possible heap pollution from parameterized vararg type T
[INFO] [INFO] 
[INFO] [INFO] --- maven-surefire-plugin:2.12.4:test (default-test) @ functional ---
[INFO] [INFO] Surefire report directory: /home/travis/build/passed/google/auto/value/target/it/functional/target/surefire-reports
[INFO] 
[INFO] -------------------------------------------------------
[INFO]  T E S T S
[INFO] -------------------------------------------------------
[INFO] Running com.google.auto.value.AutoAnnotationDefaultsTest
[INFO] Tests run: 1, Failures: 0, Errors: 0, Skipped: 0, Time elapsed: 0.106 sec
[INFO] Running com.google.auto.value.AutoAnnotationTest
[INFO] Tests run: 13, Failures: 0, Errors: 0, Skipped: 0, Time elapsed: 0.045 sec
[INFO] Running com.google.auto.value.SimpleValueTypeTest
[INFO] Tests run: 3, Failures: 0, Errors: 0, Skipped: 0, Time elapsed: 0.193 sec
[INFO] Running com.google.auto.value.AutoValueTest
[INFO] Tests run: 96, Failures: 0, Errors: 0, Skipped: 0, Time elapsed: 0.184 sec
[INFO] Running com.google.auto.value.AutoValueJava8Test
[INFO] Tests run: 12, Failures: 0, Errors: 0, Skipped: 3, Time elapsed: 0.472 sec
[INFO] Running PackagelessValueTypeTest
[INFO] Tests run: 3, Failures: 0, Errors: 0, Skipped: 0, Time elapsed: 0.002 sec
[INFO] 
[INFO] Results :
[INFO] 
[INFO] Tests run: 128, Failures: 0, Errors: 0, Skipped: 3
[INFO] 
[INFO] [INFO] 
[INFO] [INFO] --- maven-jar-plugin:2.6:jar (default-jar) @ functional ---
[INFO] [INFO] Building jar: /home/travis/build/passed/google/auto/value/target/it/functional/target/functional-HEAD-SNAPSHOT.jar
[INFO] [INFO] ------------------------------------------------------------------------
[INFO] [INFO] BUILD SUCCESS
[INFO] [INFO] ------------------------------------------------------------------------
[INFO] [INFO] Total time: 11.788 s
[INFO] [INFO] Finished at: 2020-12-16T17:07:25+00:00
[INFO] [INFO] Final Memory: 22M/404M
[INFO] [INFO] ------------------------------------------------------------------------
[INFO] Java HotSpot(TM) 64-Bit Server VM warning: ignoring option MaxPermSize=192m; support was removed in 8.0
[INFO] [INFO] Scanning for projects...
[INFO] [INFO]                                                                         
[INFO] [INFO] ------------------------------------------------------------------------
[INFO] [INFO] Building Auto-Value Functional Integration Test HEAD-SNAPSHOT
[INFO] [INFO] ------------------------------------------------------------------------
[INFO] [INFO] Downloading: https://repository.apache.org/snapshots/com/google/auto/value/auto-value/1.5-SNAPSHOT/maven-metadata.xml
[INFO] [INFO] 
[INFO] [INFO] --- maven-clean-plugin:2.5:clean (default-clean) @ functional ---
[INFO] [INFO] Deleting /home/travis/build/passed/google/auto/value/target/it/functional/target
[INFO] [INFO] 
[INFO] [INFO] --- maven-resources-plugin:2.6:resources (default-resources) @ functional ---
[INFO] [WARNING] Using platform encoding (UTF-8 actually) to copy filtered resources, i.e. build is platform dependent!
[INFO] [INFO] skip non existing resourceDirectory /home/travis/build/passed/google/auto/value/target/it/functional/src/main/resources
[INFO] [INFO] 
[INFO] [INFO] --- maven-compiler-plugin:3.1:compile (default-compile) @ functional ---
[INFO] [INFO] Changes detected - recompiling the module!
[INFO] [WARNING] File encoding has not been set, using platform encoding UTF-8, i.e. build is platform dependent!
[INFO] [INFO] Compiling 4 source files to /home/travis/build/passed/google/auto/value/target/it/functional/target/classes
[INFO] [WARNING] No processor claimed any of these annotations: com.google.auto.value.AutoValue,javax.annotation.Nullable
[INFO] [WARNING] No processor claimed any of these annotations: javax.annotation.Generated,javax.annotation.Nullable
[INFO] [INFO] 
[INFO] [INFO] --- maven-resources-plugin:2.6:testResources (default-testResources) @ functional ---
[INFO] [WARNING] Using platform encoding (UTF-8 actually) to copy filtered resources, i.e. build is platform dependent!
[INFO] [INFO] skip non existing resourceDirectory /home/travis/build/passed/google/auto/value/target/it/functional/src/test/resources
[INFO] [INFO] 
[INFO] [INFO] --- maven-compiler-plugin:3.1:testCompile (default-testCompile) @ functional ---
[INFO] [INFO] Changes detected - recompiling the module!
[INFO] [WARNING] File encoding has not been set, using platform encoding UTF-8, i.e. build is platform dependent!
[INFO] [INFO] Compiling 10 source files to /home/travis/build/passed/google/auto/value/target/it/functional/target/test-classes
[INFO] [WARNING] No processor claimed any of these annotations: com.google.auto.value.AutoValueTest.InheritedAnnotation,com.google.auto.value.annotations.Empty,org.junit.BeforeClass,com.google.auto.value.AutoAnnotationTest.ClassesAnnotation,org.junit.runner.RunWith,com.google.auto.value.AutoValueTest.CopiedAnnotation,javax.annotation.processing.SupportedAnnotationTypes,com.google.common.annotations.GwtCompatible,com.google.auto.value.AutoValueTest.AlternativeNullableProperties.Nullable,javax.annotation.processing.SupportedSourceVersion,com.google.auto.value.AutoValueTest.HairyAnnotation,com.google.auto.value.AutoAnnotationTest.IntArray,javax.annotation.Nullable,com.google.auto.value.AutoValueJava8Test.FunkyNullable.Nullable,com.google.auto.value.AutoAnnotationTest.EverythingWithDefaults,com.google.auto.value.AutoAnnotationTest.AnnotationsAnnotation,com.google.auto.value.AutoValue.Builder,com.google.auto.value.annotations.StringValues,com.google.auto.value.AutoAnnotationTest.IntegersAnnotation,com.google.auto.value.AutoValueTest.GwtCompatible,org.junit.Test,com.google.auto.value.AutoValue.CopyAnnotations,com.google.auto.value.AutoAnnotationTest.Everything,com.google.auto.value.AutoValue,com.google.auto.value.AutoValueTest.ExcludedAnnotation
[INFO] [WARNING] No processor claimed any of these annotations: com.google.auto.value.AutoValueTest.AlternativeNullableProperties.Nullable,com.google.auto.value.AutoValueTest.InheritedAnnotation,javax.annotation.Generated,com.google.auto.value.AutoValueTest.HairyAnnotation,com.google.auto.value.AutoValueTest.GwtCompatible,com.google.auto.value.AutoValueTest.CopiedAnnotation,javax.annotation.Nullable
[INFO] [WARNING] /home/travis/build/passed/google/auto/value/target/it/functional/src/test/java/com/google/auto/value/AutoAnnotationTest.java:[308,17] serializable class com.google.auto.value.AutoAnnotationTest.IntList has no definition of serialVersionUID
[INFO] [WARNING] /home/travis/build/passed/google/auto/value/target/it/functional/src/test/java/com/google/auto/value/AutoValueTest.java:[177,26] serializable class com.google.auto.value.AutoValueTest.Serialize has no definition of serialVersionUID
[INFO] [WARNING] /home/travis/build/passed/google/auto/value/target/it/functional/src/test/java/com/google/auto/value/AutoValueTest.java:[681,5] serializable class ComparableList has no definition of serialVersionUID
[INFO] [WARNING] /home/travis/build/passed/google/auto/value/target/it/functional/src/test/java/com/google/auto/value/AutoValueTest.java:[1926,33] Possible heap pollution from parameterized vararg type T
[INFO] [WARNING] /home/travis/build/passed/google/auto/value/target/it/functional/src/test/java/com/google/auto/value/AutoValueTest.java:[2329,17] serializable class com.google.auto.value.AutoValueTest.MyMap has no definition of serialVersionUID
[INFO] [WARNING] /home/travis/build/passed/google/auto/value/target/it/functional/src/test/java/com/google/auto/value/AutoValueTest.java:[2337,17] serializable class com.google.auto.value.AutoValueTest.MyMapBuilder has no definition of serialVersionUID
[INFO] [WARNING] /home/travis/build/passed/google/auto/value/target/it/functional/src/test/java/com/google/auto/value/AutoValueTest.java:[2373,17] serializable class com.google.auto.value.AutoValueTest.MyStringMap has no definition of serialVersionUID
[INFO] [WARNING] /home/travis/build/passed/google/auto/value/target/it/functional/src/test/java/com/google/auto/value/AutoValueTest.java:[2385,17] serializable class com.google.auto.value.AutoValueTest.MyStringMapBuilder has no definition of serialVersionUID
[INFO] [WARNING] /home/travis/build/passed/google/auto/value/target/it/functional/target/generated-test-sources/test-annotations/com/google/auto/value/AutoValue_AutoValueTest_Serialize.java:[8,8] serializable class com.google.auto.value.AutoValue_AutoValueTest_Serialize has no definition of serialVersionUID
[INFO] [WARNING] /home/travis/build/passed/google/auto/value/target/it/functional/target/generated-test-sources/test-annotations/com/google/auto/value/AutoValue_AutoValueTest_BuilderWithCopyingSetters.java:[101,78] Possible heap pollution from parameterized vararg type T
[INFO] [INFO] 
[INFO] [INFO] --- maven-surefire-plugin:2.12.4:test (default-test) @ functional ---
[INFO] [INFO] Surefire report directory: /home/travis/build/passed/google/auto/value/target/it/functional/target/surefire-reports
[INFO] 
[INFO] -------------------------------------------------------
[INFO]  T E S T S
[INFO] -------------------------------------------------------
[INFO] Running com.google.auto.value.AutoAnnotationDefaultsTest
[INFO] Tests run: 1, Failures: 0, Errors: 0, Skipped: 0, Time elapsed: 0.067 sec
[INFO] Running com.google.auto.value.AutoAnnotationTest
[INFO] Tests run: 13, Failures: 0, Errors: 0, Skipped: 0, Time elapsed: 0.001 sec
[INFO] Running com.google.auto.value.SimpleValueTypeTest
[INFO] Tests run: 3, Failures: 0, Errors: 0, Skipped: 0, Time elapsed: 0.02 sec
[INFO] Running com.google.auto.value.AutoValueTest
[INFO] Tests run: 96, Failures: 0, Errors: 0, Skipped: 0, Time elapsed: 0.127 sec
[INFO] Running com.google.auto.value.AutoValueJava8Test
[INFO] Tests run: 12, Failures: 0, Errors: 0, Skipped: 3, Time elapsed: 0.47 sec
[INFO] Running PackagelessValueTypeTest
[INFO] Tests run: 3, Failures: 0, Errors: 0, Skipped: 0, Time elapsed: 0.001 sec
[INFO] 
[INFO] Results :
[INFO] 
[INFO] Tests run: 128, Failures: 0, Errors: 0, Skipped: 3
[INFO] 
[INFO] [INFO] 
[INFO] [INFO] --- maven-jar-plugin:2.6:jar (default-jar) @ functional ---
[INFO] [INFO] Building jar: /home/travis/build/passed/google/auto/value/target/it/functional/target/functional-HEAD-SNAPSHOT.jar
[INFO] [INFO] ------------------------------------------------------------------------
[INFO] [INFO] BUILD SUCCESS
[INFO] [INFO] ------------------------------------------------------------------------
[INFO] [INFO] Total time: 7.537 s
[INFO] [INFO] Finished at: 2020-12-16T17:07:34+00:00
[INFO] [INFO] Final Memory: 22M/440M
[INFO] [INFO] ------------------------------------------------------------------------
[INFO] ..SUCCESS (29.8 s)
[INFO] Building: gwtserializer/pom.xml
[INFO] Java HotSpot(TM) 64-Bit Server VM warning: ignoring option MaxPermSize=192m; support was removed in 8.0
[INFO] [INFO] Scanning for projects...
[INFO] [INFO] Downloading: http://insecure.repo1.maven.org/maven2/com/google/gwt/gwt/2.8.0/gwt-2.8.0.pom
[INFO] [INFO] Downloaded: http://insecure.repo1.maven.org/maven2/com/google/gwt/gwt/2.8.0/gwt-2.8.0.pom (10 KB at 56.9 KB/sec)
[INFO] [INFO] Downloading: http://insecure.repo1.maven.org/maven2/org/sonatype/oss/oss-parent/4/oss-parent-4.pom
[INFO] [INFO] Downloaded: http://insecure.repo1.maven.org/maven2/org/sonatype/oss/oss-parent/4/oss-parent-4.pom (4 KB at 195.3 KB/sec)
[INFO] [INFO] Downloading: https://oss.sonatype.org/content/repositories/releases/com/google/web/bindery/requestfactory/2.8.0/requestfactory-2.8.0.pom
[INFO] [INFO] Downloading: https://repository.apache.org/releases/com/google/web/bindery/requestfactory/2.8.0/requestfactory-2.8.0.pom
[INFO] [INFO] Downloading: https://repo.maven.apache.org/maven2/com/google/web/bindery/requestfactory/2.8.0/requestfactory-2.8.0.pom
[INFO] [INFO] Downloaded: https://repo.maven.apache.org/maven2/com/google/web/bindery/requestfactory/2.8.0/requestfactory-2.8.0.pom (2 KB at 21.4 KB/sec)
[INFO] [INFO] Downloading: https://oss.sonatype.org/content/repositories/releases/com/google/jsinterop/jsinterop/1.0.1/jsinterop-1.0.1.pom
[INFO] [INFO] Downloading: https://repository.apache.org/releases/com/google/jsinterop/jsinterop/1.0.1/jsinterop-1.0.1.pom
[INFO] [INFO] Downloading: https://repo.maven.apache.org/maven2/com/google/jsinterop/jsinterop/1.0.1/jsinterop-1.0.1.pom
[INFO] [INFO] Downloaded: https://repo.maven.apache.org/maven2/com/google/jsinterop/jsinterop/1.0.1/jsinterop-1.0.1.pom (2 KB at 81.4 KB/sec)
[INFO] [INFO] Downloading: https://oss.sonatype.org/content/repositories/releases/org/ow2/asm/asm-parent/5.0.3/asm-parent-5.0.3.pom
[INFO] [INFO] Downloading: https://repository.apache.org/releases/org/ow2/asm/asm-parent/5.0.3/asm-parent-5.0.3.pom
[INFO] [INFO] Downloading: https://repo.maven.apache.org/maven2/org/ow2/asm/asm-parent/5.0.3/asm-parent-5.0.3.pom
[INFO] [INFO] Downloaded: https://repo.maven.apache.org/maven2/org/ow2/asm/asm-parent/5.0.3/asm-parent-5.0.3.pom (6 KB at 89.4 KB/sec)
[INFO] [WARNING] 
[INFO] [WARNING] Some problems were encountered while building the effective model for com.google.auto.value.it.gwtserializer:gwtserializer:jar:HEAD-SNAPSHOT
[INFO] [WARNING] 'build.plugins.plugin.version' for org.apache.maven.plugins:maven-surefire-plugin is missing. @ line 99, column 15
[INFO] [WARNING] 
[INFO] [WARNING] It is highly recommended to fix these problems because they threaten the stability of your build.
[INFO] [WARNING] 
[INFO] [WARNING] For this reason, future Maven versions might no longer support building such malformed projects.
[INFO] [WARNING] 
[INFO] [INFO]                                                                         
[INFO] [INFO] ------------------------------------------------------------------------
[INFO] [INFO] Building Auto-Value GWT-RPC Serialization Integration Test HEAD-SNAPSHOT
[INFO] [INFO] ------------------------------------------------------------------------
[INFO] [INFO] Downloading: https://repo.maven.apache.org/maven2/net/ltgt/gwt/maven/gwt-maven-plugin/1.0-rc-6/gwt-maven-plugin-1.0-rc-6.pom
[INFO] [INFO] Downloaded: https://repo.maven.apache.org/maven2/net/ltgt/gwt/maven/gwt-maven-plugin/1.0-rc-6/gwt-maven-plugin-1.0-rc-6.pom (11 KB at 435.9 KB/sec)
[INFO] [INFO] Downloading: https://repo.maven.apache.org/maven2/net/ltgt/gwt/maven/gwt-maven-plugin/1.0-rc-6/gwt-maven-plugin-1.0-rc-6.jar
[INFO] [INFO] Downloaded: https://repo.maven.apache.org/maven2/net/ltgt/gwt/maven/gwt-maven-plugin/1.0-rc-6/gwt-maven-plugin-1.0-rc-6.jar (79 KB at 1007.2 KB/sec)
[INFO] [INFO] Downloading: https://repo.maven.apache.org/maven2/org/apache/maven/plugins/maven-resources-plugin/2.7/maven-resources-plugin-2.7.pom
[INFO] [INFO] Downloaded: https://repo.maven.apache.org/maven2/org/apache/maven/plugins/maven-resources-plugin/2.7/maven-resources-plugin-2.7.pom (8 KB at 342.1 KB/sec)
[INFO] [INFO] Downloading: https://repo.maven.apache.org/maven2/org/apache/maven/plugins/maven-plugins/25/maven-plugins-25.pom
[INFO] [INFO] Downloaded: https://repo.maven.apache.org/maven2/org/apache/maven/plugins/maven-plugins/25/maven-plugins-25.pom (10 KB at 424.0 KB/sec)
[INFO] [INFO] Downloading: https://repo.maven.apache.org/maven2/org/apache/maven/plugins/maven-resources-plugin/2.7/maven-resources-plugin-2.7.jar
[INFO] [INFO] Downloaded: https://repo.maven.apache.org/maven2/org/apache/maven/plugins/maven-resources-plugin/2.7/maven-resources-plugin-2.7.jar (31 KB at 714.5 KB/sec)
[INFO] [INFO] Downloading: https://repository.apache.org/snapshots/com/google/auto/value/auto-value/1.5-SNAPSHOT/maven-metadata.xml
[INFO] [INFO] Downloading: http://insecure.repo1.maven.org/maven2/com/google/gwt/gwt-user/2.8.0/gwt-user-2.8.0.pom
[INFO] [INFO] Downloaded: http://insecure.repo1.maven.org/maven2/com/google/gwt/gwt-user/2.8.0/gwt-user-2.8.0.pom (2 KB at 80.5 KB/sec)
[INFO] [INFO] Downloading: http://insecure.repo1.maven.org/maven2/com/google/jsinterop/jsinterop-annotations/1.0.1/jsinterop-annotations-1.0.1.pom
[INFO] [INFO] Downloaded: http://insecure.repo1.maven.org/maven2/com/google/jsinterop/jsinterop-annotations/1.0.1/jsinterop-annotations-1.0.1.pom (605 B at 3.0 KB/sec)
[INFO] [INFO] Downloading: http://insecure.repo1.maven.org/maven2/javax/validation/validation-api/1.0.0.GA/validation-api-1.0.0.GA.pom
[INFO] [INFO] Downloaded: http://insecure.repo1.maven.org/maven2/javax/validation/validation-api/1.0.0.GA/validation-api-1.0.0.GA.pom (5 KB at 225.6 KB/sec)
[INFO] [INFO] Downloading: http://insecure.repo1.maven.org/maven2/javax/servlet/javax.servlet-api/3.1.0/javax.servlet-api-3.1.0.pom
[INFO] [INFO] Downloaded: http://insecure.repo1.maven.org/maven2/javax/servlet/javax.servlet-api/3.1.0/javax.servlet-api-3.1.0.pom (14 KB at 600.5 KB/sec)
[INFO] [INFO] Downloading: http://insecure.repo1.maven.org/maven2/net/java/jvnet-parent/3/jvnet-parent-3.pom
[INFO] [INFO] Downloaded: http://insecure.repo1.maven.org/maven2/net/java/jvnet-parent/3/jvnet-parent-3.pom (5 KB at 233.8 KB/sec)
[INFO] [INFO] Downloading: http://insecure.repo1.maven.org/maven2/org/w3c/css/sac/1.3/sac-1.3.pom
[INFO] [INFO] Downloaded: http://insecure.repo1.maven.org/maven2/org/w3c/css/sac/1.3/sac-1.3.pom (2 KB at 61.5 KB/sec)
[INFO] [INFO] Downloading: http://insecure.repo1.maven.org/maven2/com/google/gwt/gwt-dev/2.8.0/gwt-dev-2.8.0.pom
[INFO] [INFO] Downloaded: http://insecure.repo1.maven.org/maven2/com/google/gwt/gwt-dev/2.8.0/gwt-dev-2.8.0.pom (5 KB at 64.3 KB/sec)
[INFO] [INFO] Downloading: http://insecure.repo1.maven.org/maven2/com/google/code/gson/gson/2.6.2/gson-2.6.2.pom
[INFO] [INFO] Downloaded: http://insecure.repo1.maven.org/maven2/com/google/code/gson/gson/2.6.2/gson-2.6.2.pom (2 KB at 78.5 KB/sec)
[INFO] [INFO] Downloading: http://insecure.repo1.maven.org/maven2/com/google/code/gson/gson-parent/2.6.2/gson-parent-2.6.2.pom
[INFO] [INFO] Downloaded: http://insecure.repo1.maven.org/maven2/com/google/code/gson/gson-parent/2.6.2/gson-parent-2.6.2.pom (4 KB at 184.2 KB/sec)
[INFO] [INFO] Downloading: http://insecure.repo1.maven.org/maven2/org/ow2/asm/asm/5.0.3/asm-5.0.3.pom
[INFO] [INFO] Downloaded: http://insecure.repo1.maven.org/maven2/org/ow2/asm/asm/5.0.3/asm-5.0.3.pom (2 KB at 111.2 KB/sec)
[INFO] [INFO] Downloading: http://insecure.repo1.maven.org/maven2/org/ow2/asm/asm-util/5.0.3/asm-util-5.0.3.pom
[INFO] [INFO] Downloaded: http://insecure.repo1.maven.org/maven2/org/ow2/asm/asm-util/5.0.3/asm-util-5.0.3.pom (3 KB at 113.3 KB/sec)
[INFO] [INFO] Downloading: http://insecure.repo1.maven.org/maven2/org/ow2/asm/asm-tree/5.0.3/asm-tree-5.0.3.pom
[INFO] [INFO] Downloaded: http://insecure.repo1.maven.org/maven2/org/ow2/asm/asm-tree/5.0.3/asm-tree-5.0.3.pom (3 KB at 113.0 KB/sec)
[INFO] [INFO] Downloading: http://insecure.repo1.maven.org/maven2/org/ow2/asm/asm-commons/5.0.3/asm-commons-5.0.3.pom
[INFO] [INFO] Downloaded: http://insecure.repo1.maven.org/maven2/org/ow2/asm/asm-commons/5.0.3/asm-commons-5.0.3.pom (3 KB at 113.6 KB/sec)
[INFO] [INFO] Downloading: http://insecure.repo1.maven.org/maven2/colt/colt/1.2.0/colt-1.2.0.pom
[INFO] [INFO] Downloaded: http://insecure.repo1.maven.org/maven2/colt/colt/1.2.0/colt-1.2.0.pom (322 B at 18.5 KB/sec)
[INFO] [INFO] Downloading: http://insecure.repo1.maven.org/maven2/ant/ant/1.6.5/ant-1.6.5.pom
[INFO] [INFO] Downloaded: http://insecure.repo1.maven.org/maven2/ant/ant/1.6.5/ant-1.6.5.pom (861 B at 52.6 KB/sec)
[INFO] [INFO] Downloading: http://insecure.repo1.maven.org/maven2/commons-collections/commons-collections/3.2.2/commons-collections-3.2.2.pom
[INFO] [INFO] Downloaded: http://insecure.repo1.maven.org/maven2/commons-collections/commons-collections/3.2.2/commons-collections-3.2.2.pom (13 KB at 550.6 KB/sec)
[INFO] [INFO] Downloading: http://insecure.repo1.maven.org/maven2/org/apache/commons/commons-parent/39/commons-parent-39.pom
[INFO] [INFO] Downloaded: http://insecure.repo1.maven.org/maven2/org/apache/commons/commons-parent/39/commons-parent-39.pom (61 KB at 1834.0 KB/sec)
[INFO] [INFO] Downloading: http://insecure.repo1.maven.org/maven2/commons-io/commons-io/2.4/commons-io-2.4.pom
[INFO] [INFO] Downloaded: http://insecure.repo1.maven.org/maven2/commons-io/commons-io/2.4/commons-io-2.4.pom (10 KB at 451.3 KB/sec)
[INFO] [INFO] Downloading: http://insecure.repo1.maven.org/maven2/org/apache/commons/commons-parent/25/commons-parent-25.pom
[INFO] [INFO] Downloaded: http://insecure.repo1.maven.org/maven2/org/apache/commons/commons-parent/25/commons-parent-25.pom (48 KB at 1626.6 KB/sec)
[INFO] [INFO] Downloading: http://insecure.repo1.maven.org/maven2/com/ibm/icu/icu4j/50.1.1/icu4j-50.1.1.pom
[INFO] [INFO] Downloaded: http://insecure.repo1.maven.org/maven2/com/ibm/icu/icu4j/50.1.1/icu4j-50.1.1.pom (5 KB at 247.9 KB/sec)
[INFO] [INFO] Downloading: http://insecure.repo1.maven.org/maven2/tapestry/tapestry/4.0.2/tapestry-4.0.2.pom
[INFO] [INFO] Downloaded: http://insecure.repo1.maven.org/maven2/tapestry/tapestry/4.0.2/tapestry-4.0.2.pom (2 KB at 85.8 KB/sec)
[INFO] [INFO] Downloading: http://insecure.repo1.maven.org/maven2/net/sourceforge/htmlunit/htmlunit/2.19/htmlunit-2.19.pom
[INFO] [INFO] Downloaded: http://insecure.repo1.maven.org/maven2/net/sourceforge/htmlunit/htmlunit/2.19/htmlunit-2.19.pom (36 KB at 1382.6 KB/sec)
[INFO] [INFO] Downloading: http://insecure.repo1.maven.org/maven2/xalan/xalan/2.7.2/xalan-2.7.2.pom
[INFO] [INFO] Downloaded: http://insecure.repo1.maven.org/maven2/xalan/xalan/2.7.2/xalan-2.7.2.pom (2 KB at 69.3 KB/sec)
[INFO] [INFO] Downloading: http://insecure.repo1.maven.org/maven2/xalan/serializer/2.7.2/serializer-2.7.2.pom
[INFO] [INFO] Downloaded: http://insecure.repo1.maven.org/maven2/xalan/serializer/2.7.2/serializer-2.7.2.pom (2 KB at 59.1 KB/sec)
[INFO] [INFO] Downloading: http://insecure.repo1.maven.org/maven2/org/apache/commons/commons-lang3/3.4/commons-lang3-3.4.pom
[INFO] [INFO] Downloaded: http://insecure.repo1.maven.org/maven2/org/apache/commons/commons-lang3/3.4/commons-lang3-3.4.pom (22 KB at 941.9 KB/sec)
[INFO] [INFO] Downloading: http://insecure.repo1.maven.org/maven2/org/apache/commons/commons-parent/37/commons-parent-37.pom
[INFO] [INFO] Downloaded: http://insecure.repo1.maven.org/maven2/org/apache/commons/commons-parent/37/commons-parent-37.pom (62 KB at 1986.0 KB/sec)
[INFO] [INFO] Downloading: http://insecure.repo1.maven.org/maven2/org/apache/httpcomponents/httpclient/4.5.1/httpclient-4.5.1.pom
[INFO] [INFO] Downloaded: http://insecure.repo1.maven.org/maven2/org/apache/httpcomponents/httpclient/4.5.1/httpclient-4.5.1.pom (7 KB at 328.6 KB/sec)
[INFO] [INFO] Downloading: http://insecure.repo1.maven.org/maven2/org/apache/httpcomponents/httpcomponents-client/4.5.1/httpcomponents-client-4.5.1.pom
[INFO] [INFO] Downloaded: http://insecure.repo1.maven.org/maven2/org/apache/httpcomponents/httpcomponents-client/4.5.1/httpcomponents-client-4.5.1.pom (16 KB at 695.6 KB/sec)
[INFO] [INFO] Downloading: http://insecure.repo1.maven.org/maven2/org/apache/httpcomponents/project/7/project-7.pom
[INFO] [INFO] Downloaded: http://insecure.repo1.maven.org/maven2/org/apache/httpcomponents/project/7/project-7.pom (27 KB at 1108.5 KB/sec)
[INFO] [INFO] Downloading: http://insecure.repo1.maven.org/maven2/org/apache/httpcomponents/httpcore/4.4.3/httpcore-4.4.3.pom
[INFO] [INFO] Downloaded: http://insecure.repo1.maven.org/maven2/org/apache/httpcomponents/httpcore/4.4.3/httpcore-4.4.3.pom (6 KB at 299.6 KB/sec)
[INFO] [INFO] Downloading: http://insecure.repo1.maven.org/maven2/org/apache/httpcomponents/httpcomponents-core/4.4.3/httpcomponents-core-4.4.3.pom
[INFO] [INFO] Downloaded: http://insecure.repo1.maven.org/maven2/org/apache/httpcomponents/httpcomponents-core/4.4.3/httpcomponents-core-4.4.3.pom (13 KB at 598.0 KB/sec)
[INFO] [INFO] Downloading: http://insecure.repo1.maven.org/maven2/commons-logging/commons-logging/1.2/commons-logging-1.2.pom
[INFO] [INFO] Downloaded: http://insecure.repo1.maven.org/maven2/commons-logging/commons-logging/1.2/commons-logging-1.2.pom (19 KB at 852.5 KB/sec)
[INFO] [INFO] Downloading: http://insecure.repo1.maven.org/maven2/commons-codec/commons-codec/1.9/commons-codec-1.9.pom
[INFO] [INFO] Downloaded: http://insecure.repo1.maven.org/maven2/commons-codec/commons-codec/1.9/commons-codec-1.9.pom (12 KB at 626.2 KB/sec)
[INFO] [INFO] Downloading: http://insecure.repo1.maven.org/maven2/org/apache/commons/commons-parent/32/commons-parent-32.pom
[INFO] [INFO] Downloaded: http://insecure.repo1.maven.org/maven2/org/apache/commons/commons-parent/32/commons-parent-32.pom (52 KB at 1982.5 KB/sec)
[INFO] [INFO] Downloading: http://insecure.repo1.maven.org/maven2/org/apache/httpcomponents/httpmime/4.5.1/httpmime-4.5.1.pom
[INFO] [INFO] Downloaded: http://insecure.repo1.maven.org/maven2/org/apache/httpcomponents/httpmime/4.5.1/httpmime-4.5.1.pom (5 KB at 274.7 KB/sec)
[INFO] [INFO] Downloading: http://insecure.repo1.maven.org/maven2/commons-codec/commons-codec/1.10/commons-codec-1.10.pom
[INFO] [INFO] Downloaded: http://insecure.repo1.maven.org/maven2/commons-codec/commons-codec/1.10/commons-codec-1.10.pom (12 KB at 596.7 KB/sec)
[INFO] [INFO] Downloading: http://insecure.repo1.maven.org/maven2/org/apache/commons/commons-parent/35/commons-parent-35.pom
[INFO] [INFO] Downloaded: http://insecure.repo1.maven.org/maven2/org/apache/commons/commons-parent/35/commons-parent-35.pom (57 KB at 2089.6 KB/sec)
[INFO] [INFO] Downloading: http://insecure.repo1.maven.org/maven2/org/apache/apache/15/apache-15.pom
[INFO] [INFO] Downloaded: http://insecure.repo1.maven.org/maven2/org/apache/apache/15/apache-15.pom (15 KB at 743.9 KB/sec)
[INFO] [INFO] Downloading: http://insecure.repo1.maven.org/maven2/net/sourceforge/htmlunit/htmlunit-core-js/2.17/htmlunit-core-js-2.17.pom
[INFO] [INFO] Downloaded: http://insecure.repo1.maven.org/maven2/net/sourceforge/htmlunit/htmlunit-core-js/2.17/htmlunit-core-js-2.17.pom (2 KB at 85.1 KB/sec)
[INFO] [INFO] Downloading: http://insecure.repo1.maven.org/maven2/xerces/xercesImpl/2.11.0/xercesImpl-2.11.0.pom
[INFO] [INFO] Downloaded: http://insecure.repo1.maven.org/maven2/xerces/xercesImpl/2.11.0/xercesImpl-2.11.0.pom (4 KB at 194.9 KB/sec)
[INFO] [INFO] Downloading: http://insecure.repo1.maven.org/maven2/xml-apis/xml-apis/1.4.01/xml-apis-1.4.01.pom
[INFO] [INFO] Downloaded: http://insecure.repo1.maven.org/maven2/xml-apis/xml-apis/1.4.01/xml-apis-1.4.01.pom (3 KB at 152.9 KB/sec)
[INFO] [INFO] Downloading: http://insecure.repo1.maven.org/maven2/net/sourceforge/nekohtml/nekohtml/1.9.22/nekohtml-1.9.22.pom
[INFO] [INFO] Downloaded: http://insecure.repo1.maven.org/maven2/net/sourceforge/nekohtml/nekohtml/1.9.22/nekohtml-1.9.22.pom (2 KB at 81.9 KB/sec)
[INFO] [INFO] Downloading: http://insecure.repo1.maven.org/maven2/net/sourceforge/cssparser/cssparser/0.9.18/cssparser-0.9.18.pom
[INFO] [INFO] Downloaded: http://insecure.repo1.maven.org/maven2/net/sourceforge/cssparser/cssparser/0.9.18/cssparser-0.9.18.pom (13 KB at 649.9 KB/sec)
[INFO] [INFO] Downloading: http://insecure.repo1.maven.org/maven2/org/eclipse/jetty/websocket/websocket-client/9.2.13.v20150730/websocket-client-9.2.13.v20150730.pom
[INFO] [INFO] Downloaded: http://insecure.repo1.maven.org/maven2/org/eclipse/jetty/websocket/websocket-client/9.2.13.v20150730/websocket-client-9.2.13.v20150730.pom (5 KB at 293.7 KB/sec)
[INFO] [INFO] Downloading: http://insecure.repo1.maven.org/maven2/org/eclipse/jetty/websocket/websocket-parent/9.2.13.v20150730/websocket-parent-9.2.13.v20150730.pom
[INFO] [INFO] Downloaded: http://insecure.repo1.maven.org/maven2/org/eclipse/jetty/websocket/websocket-parent/9.2.13.v20150730/websocket-parent-9.2.13.v20150730.pom (4 KB at 189.7 KB/sec)
[INFO] [INFO] Downloading: http://insecure.repo1.maven.org/maven2/org/eclipse/jetty/jetty-project/9.2.13.v20150730/jetty-project-9.2.13.v20150730.pom
[INFO] [INFO] Downloaded: http://insecure.repo1.maven.org/maven2/org/eclipse/jetty/jetty-project/9.2.13.v20150730/jetty-project-9.2.13.v20150730.pom (37 KB at 1441.2 KB/sec)
[INFO] [INFO] Downloading: http://insecure.repo1.maven.org/maven2/org/eclipse/jetty/jetty-parent/23/jetty-parent-23.pom
[INFO] [INFO] Downloaded: http://insecure.repo1.maven.org/maven2/org/eclipse/jetty/jetty-parent/23/jetty-parent-23.pom (22 KB at 891.6 KB/sec)
[INFO] [INFO] Downloading: http://insecure.repo1.maven.org/maven2/org/eclipse/jetty/jetty-util/9.2.14.v20151106/jetty-util-9.2.14.v20151106.pom
[INFO] [INFO] Downloaded: http://insecure.repo1.maven.org/maven2/org/eclipse/jetty/jetty-util/9.2.14.v20151106/jetty-util-9.2.14.v20151106.pom (4 KB at 195.1 KB/sec)
[INFO] [INFO] Downloading: http://insecure.repo1.maven.org/maven2/org/eclipse/jetty/jetty-project/9.2.14.v20151106/jetty-project-9.2.14.v20151106.pom
[INFO] [INFO] Downloaded: http://insecure.repo1.maven.org/maven2/org/eclipse/jetty/jetty-project/9.2.14.v20151106/jetty-project-9.2.14.v20151106.pom (37 KB at 1535.8 KB/sec)
[INFO] [INFO] Downloading: http://insecure.repo1.maven.org/maven2/org/eclipse/jetty/jetty-io/9.2.14.v20151106/jetty-io-9.2.14.v20151106.pom
[INFO] [INFO] Downloaded: http://insecure.repo1.maven.org/maven2/org/eclipse/jetty/jetty-io/9.2.14.v20151106/jetty-io-9.2.14.v20151106.pom (3 KB at 139.6 KB/sec)
[INFO] [INFO] Downloading: http://insecure.repo1.maven.org/maven2/org/eclipse/jetty/websocket/websocket-common/9.2.14.v20151106/websocket-common-9.2.14.v20151106.pom
[INFO] [INFO] Downloaded: http://insecure.repo1.maven.org/maven2/org/eclipse/jetty/websocket/websocket-common/9.2.14.v20151106/websocket-common-9.2.14.v20151106.pom (3 KB at 129.3 KB/sec)
[INFO] [INFO] Downloading: http://insecure.repo1.maven.org/maven2/org/eclipse/jetty/websocket/websocket-parent/9.2.14.v20151106/websocket-parent-9.2.14.v20151106.pom
[INFO] [INFO] Downloaded: http://insecure.repo1.maven.org/maven2/org/eclipse/jetty/websocket/websocket-parent/9.2.14.v20151106/websocket-parent-9.2.14.v20151106.pom (4 KB at 189.7 KB/sec)
[INFO] [INFO] Downloading: http://insecure.repo1.maven.org/maven2/org/eclipse/jetty/websocket/websocket-api/9.2.14.v20151106/websocket-api-9.2.14.v20151106.pom
[INFO] [INFO] Downloaded: http://insecure.repo1.maven.org/maven2/org/eclipse/jetty/websocket/websocket-api/9.2.14.v20151106/websocket-api-9.2.14.v20151106.pom (3 KB at 126.4 KB/sec)
[INFO] [INFO] Downloading: http://insecure.repo1.maven.org/maven2/org/eclipse/jetty/jetty-webapp/9.2.14.v20151106/jetty-webapp-9.2.14.v20151106.pom
[INFO] [INFO] Downloaded: http://insecure.repo1.maven.org/maven2/org/eclipse/jetty/jetty-webapp/9.2.14.v20151106/jetty-webapp-9.2.14.v20151106.pom (4 KB at 203.2 KB/sec)
[INFO] [INFO] Downloading: http://insecure.repo1.maven.org/maven2/org/eclipse/jetty/jetty-xml/9.2.14.v20151106/jetty-xml-9.2.14.v20151106.pom
[INFO] [INFO] Downloaded: http://insecure.repo1.maven.org/maven2/org/eclipse/jetty/jetty-xml/9.2.14.v20151106/jetty-xml-9.2.14.v20151106.pom (2 KB at 109.8 KB/sec)
[INFO] [INFO] Downloading: http://insecure.repo1.maven.org/maven2/org/eclipse/jetty/jetty-servlet/9.2.14.v20151106/jetty-servlet-9.2.14.v20151106.pom
[INFO] [INFO] Downloaded: http://insecure.repo1.maven.org/maven2/org/eclipse/jetty/jetty-servlet/9.2.14.v20151106/jetty-servlet-9.2.14.v20151106.pom (4 KB at 188.6 KB/sec)
[INFO] [INFO] Downloading: http://insecure.repo1.maven.org/maven2/org/eclipse/jetty/jetty-security/9.2.14.v20151106/jetty-security-9.2.14.v20151106.pom
[INFO] [INFO] Downloaded: http://insecure.repo1.maven.org/maven2/org/eclipse/jetty/jetty-security/9.2.14.v20151106/jetty-security-9.2.14.v20151106.pom (3 KB at 159.5 KB/sec)
[INFO] [INFO] Downloading: http://insecure.repo1.maven.org/maven2/org/eclipse/jetty/jetty-server/9.2.14.v20151106/jetty-server-9.2.14.v20151106.pom
[INFO] [INFO] Downloaded: http://insecure.repo1.maven.org/maven2/org/eclipse/jetty/jetty-server/9.2.14.v20151106/jetty-server-9.2.14.v20151106.pom (5 KB at 235.6 KB/sec)
[INFO] [INFO] Downloading: http://insecure.repo1.maven.org/maven2/org/eclipse/jetty/jetty-http/9.2.14.v20151106/jetty-http-9.2.14.v20151106.pom
[INFO] [INFO] Downloaded: http://insecure.repo1.maven.org/maven2/org/eclipse/jetty/jetty-http/9.2.14.v20151106/jetty-http-9.2.14.v20151106.pom (3 KB at 136.9 KB/sec)
[INFO] [INFO] Downloading: http://insecure.repo1.maven.org/maven2/org/eclipse/jetty/jetty-servlets/9.2.14.v20151106/jetty-servlets-9.2.14.v20151106.pom
[INFO] [INFO] Downloaded: http://insecure.repo1.maven.org/maven2/org/eclipse/jetty/jetty-servlets/9.2.14.v20151106/jetty-servlets-9.2.14.v20151106.pom (4 KB at 208.7 KB/sec)
[INFO] [INFO] Downloading: http://insecure.repo1.maven.org/maven2/org/eclipse/jetty/jetty-continuation/9.2.14.v20151106/jetty-continuation-9.2.14.v20151106.pom
[INFO] [INFO] Downloaded: http://insecure.repo1.maven.org/maven2/org/eclipse/jetty/jetty-continuation/9.2.14.v20151106/jetty-continuation-9.2.14.v20151106.pom (2 KB at 115.7 KB/sec)
[INFO] [INFO] Downloading: http://insecure.repo1.maven.org/maven2/org/eclipse/jetty/jetty-annotations/9.2.14.v20151106/jetty-annotations-9.2.14.v20151106.pom
[INFO] [INFO] Downloaded: http://insecure.repo1.maven.org/maven2/org/eclipse/jetty/jetty-annotations/9.2.14.v20151106/jetty-annotations-9.2.14.v20151106.pom (4 KB at 133.8 KB/sec)
[INFO] [INFO] Downloading: http://insecure.repo1.maven.org/maven2/org/eclipse/jetty/jetty-plus/9.2.14.v20151106/jetty-plus-9.2.14.v20151106.pom
[INFO] [INFO] Downloaded: http://insecure.repo1.maven.org/maven2/org/eclipse/jetty/jetty-plus/9.2.14.v20151106/jetty-plus-9.2.14.v20151106.pom (5 KB at 231.8 KB/sec)
[INFO] [INFO] Downloading: http://insecure.repo1.maven.org/maven2/org/eclipse/jetty/jetty-jndi/9.2.14.v20151106/jetty-jndi-9.2.14.v20151106.pom
[INFO] [INFO] Downloaded: http://insecure.repo1.maven.org/maven2/org/eclipse/jetty/jetty-jndi/9.2.14.v20151106/jetty-jndi-9.2.14.v20151106.pom (4 KB at 180.1 KB/sec)
[INFO] [INFO] Downloading: http://insecure.repo1.maven.org/maven2/javax/annotation/javax.annotation-api/1.2/javax.annotation-api-1.2.pom
[INFO] [INFO] Downloaded: http://insecure.repo1.maven.org/maven2/javax/annotation/javax.annotation-api/1.2/javax.annotation-api-1.2.pom (14 KB at 624.6 KB/sec)
[INFO] [INFO] Downloading: http://insecure.repo1.maven.org/maven2/org/eclipse/jetty/apache-jsp/9.2.14.v20151106/apache-jsp-9.2.14.v20151106.pom
[INFO] [INFO] Downloaded: http://insecure.repo1.maven.org/maven2/org/eclipse/jetty/apache-jsp/9.2.14.v20151106/apache-jsp-9.2.14.v20151106.pom (5 KB at 227.6 KB/sec)
[INFO] [INFO] Downloading: http://insecure.repo1.maven.org/maven2/org/eclipse/jetty/toolchain/jetty-schemas/3.1.M0/jetty-schemas-3.1.M0.pom
[INFO] [INFO] Downloaded: http://insecure.repo1.maven.org/maven2/org/eclipse/jetty/toolchain/jetty-schemas/3.1.M0/jetty-schemas-3.1.M0.pom (4 KB at 174.2 KB/sec)
[INFO] [INFO] Downloading: http://insecure.repo1.maven.org/maven2/org/eclipse/jetty/toolchain/jetty-toolchain/1.4/jetty-toolchain-1.4.pom
[INFO] [INFO] Downloaded: http://insecure.repo1.maven.org/maven2/org/eclipse/jetty/toolchain/jetty-toolchain/1.4/jetty-toolchain-1.4.pom (2 KB at 82.7 KB/sec)
[INFO] [INFO] Downloading: http://insecure.repo1.maven.org/maven2/org/eclipse/jetty/jetty-parent/18/jetty-parent-18.pom
[INFO] [INFO] Downloaded: http://insecure.repo1.maven.org/maven2/org/eclipse/jetty/jetty-parent/18/jetty-parent-18.pom (17 KB at 805.5 KB/sec)
[INFO] [INFO] Downloading: http://insecure.repo1.maven.org/maven2/org/mortbay/jasper/apache-jsp/8.0.9.M3/apache-jsp-8.0.9.M3.pom
[INFO] [INFO] Downloaded: http://insecure.repo1.maven.org/maven2/org/mortbay/jasper/apache-jsp/8.0.9.M3/apache-jsp-8.0.9.M3.pom (12 KB at 555.9 KB/sec)
[INFO] [INFO] Downloading: http://insecure.repo1.maven.org/maven2/org/mortbay/jasper/jasper-jsp/8.0.9.M3/jasper-jsp-8.0.9.M3.pom
[INFO] [INFO] Downloaded: http://insecure.repo1.maven.org/maven2/org/mortbay/jasper/jasper-jsp/8.0.9.M3/jasper-jsp-8.0.9.M3.pom (4 KB at 178.1 KB/sec)
[INFO] [INFO] Downloading: http://insecure.repo1.maven.org/maven2/org/eclipse/jetty/jetty-parent/22/jetty-parent-22.pom
[INFO] [INFO] Downloaded: http://insecure.repo1.maven.org/maven2/org/eclipse/jetty/jetty-parent/22/jetty-parent-22.pom (22 KB at 988.1 KB/sec)
[INFO] [INFO] Downloading: http://insecure.repo1.maven.org/maven2/org/mortbay/jasper/apache-el/8.0.9.M3/apache-el-8.0.9.M3.pom
[INFO] [INFO] Downloaded: http://insecure.repo1.maven.org/maven2/org/mortbay/jasper/apache-el/8.0.9.M3/apache-el-8.0.9.M3.pom (7 KB at 324.5 KB/sec)
[INFO] [INFO] Downloading: http://insecure.repo1.maven.org/maven2/com/google/guava/guava-gwt/20.0/guava-gwt-20.0.pom
[INFO] [INFO] Downloaded: http://insecure.repo1.maven.org/maven2/com/google/guava/guava-gwt/20.0/guava-gwt-20.0.pom (14 KB at 656.2 KB/sec)
[INFO] [INFO] Downloading: http://insecure.repo1.maven.org/maven2/com/google/gwt/gwt-user/2.8.0/gwt-user-2.8.0.jar
[INFO] [INFO] Downloading: http://insecure.repo1.maven.org/maven2/com/google/jsinterop/jsinterop-annotations/1.0.1/jsinterop-annotations-1.0.1.jar
[INFO] [INFO] Downloading: http://insecure.repo1.maven.org/maven2/com/google/jsinterop/jsinterop-annotations/1.0.1/jsinterop-annotations-1.0.1-sources.jar
[INFO] [INFO] Downloading: http://insecure.repo1.maven.org/maven2/javax/validation/validation-api/1.0.0.GA/validation-api-1.0.0.GA.jar
[INFO] [INFO] Downloading: http://insecure.repo1.maven.org/maven2/javax/validation/validation-api/1.0.0.GA/validation-api-1.0.0.GA-sources.jar
[INFO] [INFO] Downloaded: http://insecure.repo1.maven.org/maven2/javax/validation/validation-api/1.0.0.GA/validation-api-1.0.0.GA-sources.jar (64 KB at 501.5 KB/sec)
[INFO] [INFO] Downloading: http://insecure.repo1.maven.org/maven2/javax/servlet/javax.servlet-api/3.1.0/javax.servlet-api-3.1.0.jar
[INFO] [INFO] Downloaded: http://insecure.repo1.maven.org/maven2/javax/validation/validation-api/1.0.0.GA/validation-api-1.0.0.GA.jar (47 KB at 260.2 KB/sec)
[INFO] [INFO] Downloading: http://insecure.repo1.maven.org/maven2/org/w3c/css/sac/1.3/sac-1.3.jar
[INFO] [INFO] Downloaded: http://insecure.repo1.maven.org/maven2/org/w3c/css/sac/1.3/sac-1.3.jar (16 KB at 67.7 KB/sec)
[INFO] [INFO] Downloading: http://insecure.repo1.maven.org/maven2/com/google/gwt/gwt-dev/2.8.0/gwt-dev-2.8.0.jar
[INFO] [INFO] Downloaded: http://insecure.repo1.maven.org/maven2/com/google/jsinterop/jsinterop-annotations/1.0.1/jsinterop-annotations-1.0.1.jar (4 KB at 16.0 KB/sec)
[INFO] [INFO] Downloading: http://insecure.repo1.maven.org/maven2/com/google/code/gson/gson/2.6.2/gson-2.6.2.jar
[INFO] [INFO] Downloaded: http://insecure.repo1.maven.org/maven2/com/google/jsinterop/jsinterop-annotations/1.0.1/jsinterop-annotations-1.0.1-sources.jar (10 KB at 33.5 KB/sec)
[INFO] [INFO] Downloading: http://insecure.repo1.maven.org/maven2/org/ow2/asm/asm/5.0.3/asm-5.0.3.jar
[INFO] [INFO] Downloaded: http://insecure.repo1.maven.org/maven2/javax/servlet/javax.servlet-api/3.1.0/javax.servlet-api-3.1.0.jar (94 KB at 316.1 KB/sec)
[INFO] [INFO] Downloading: http://insecure.repo1.maven.org/maven2/org/ow2/asm/asm-util/5.0.3/asm-util-5.0.3.jar
[INFO] [INFO] Downloaded: http://insecure.repo1.maven.org/maven2/org/ow2/asm/asm/5.0.3/asm-5.0.3.jar (52 KB at 137.5 KB/sec)
[INFO] [INFO] Downloading: http://insecure.repo1.maven.org/maven2/org/ow2/asm/asm-tree/5.0.3/asm-tree-5.0.3.jar
[INFO] [INFO] Downloaded: http://insecure.repo1.maven.org/maven2/org/ow2/asm/asm-util/5.0.3/asm-util-5.0.3.jar (43 KB at 110.1 KB/sec)
[INFO] [INFO] Downloading: http://insecure.repo1.maven.org/maven2/org/ow2/asm/asm-commons/5.0.3/asm-commons-5.0.3.jar
[INFO] [INFO] Downloaded: http://insecure.repo1.maven.org/maven2/org/ow2/asm/asm-tree/5.0.3/asm-tree-5.0.3.jar (29 KB at 62.0 KB/sec)
[INFO] [INFO] Downloading: http://insecure.repo1.maven.org/maven2/colt/colt/1.2.0/colt-1.2.0.jar
[INFO] [INFO] Downloaded: http://insecure.repo1.maven.org/maven2/org/ow2/asm/asm-commons/5.0.3/asm-commons-5.0.3.jar (41 KB at 86.1 KB/sec)
[INFO] [INFO] Downloading: http://insecure.repo1.maven.org/maven2/ant/ant/1.6.5/ant-1.6.5.jar
[INFO] [INFO] Downloaded: http://insecure.repo1.maven.org/maven2/ant/ant/1.6.5/ant-1.6.5.jar (1010 KB at 1781.0 KB/sec)
[INFO] [INFO] Downloading: http://insecure.repo1.maven.org/maven2/commons-collections/commons-collections/3.2.2/commons-collections-3.2.2.jar
[INFO] [INFO] Downloaded: http://insecure.repo1.maven.org/maven2/commons-collections/commons-collections/3.2.2/commons-collections-3.2.2.jar (575 KB at 954.4 KB/sec)
[INFO] [INFO] Downloading: http://insecure.repo1.maven.org/maven2/commons-io/commons-io/2.4/commons-io-2.4.jar
[INFO] [INFO] Downloaded: http://insecure.repo1.maven.org/maven2/commons-io/commons-io/2.4/commons-io-2.4.jar (181 KB at 291.1 KB/sec)
[INFO] [INFO] Downloading: http://insecure.repo1.maven.org/maven2/com/ibm/icu/icu4j/50.1.1/icu4j-50.1.1.jar
[INFO] [INFO] Downloaded: http://insecure.repo1.maven.org/maven2/com/google/code/gson/gson/2.6.2/gson-2.6.2.jar (225 KB at 353.2 KB/sec)
[INFO] [INFO] Downloading: http://insecure.repo1.maven.org/maven2/tapestry/tapestry/4.0.2/tapestry-4.0.2.jar
[INFO] [INFO] Downloaded: http://insecure.repo1.maven.org/maven2/com/ibm/icu/icu4j/50.1.1/icu4j-50.1.1.jar (9000 KB at 11841.9 KB/sec)
[INFO] [INFO] Downloading: http://insecure.repo1.maven.org/maven2/net/sourceforge/htmlunit/htmlunit/2.19/htmlunit-2.19.jar
[INFO] [INFO] Downloaded: http://insecure.repo1.maven.org/maven2/net/sourceforge/htmlunit/htmlunit/2.19/htmlunit-2.19.jar (1863 KB at 2316.0 KB/sec)
[INFO] [INFO] Downloading: http://insecure.repo1.maven.org/maven2/xalan/xalan/2.7.2/xalan-2.7.2.jar
[INFO] [INFO] Downloaded: http://insecure.repo1.maven.org/maven2/xalan/xalan/2.7.2/xalan-2.7.2.jar (3081 KB at 3561.8 KB/sec)
[INFO] [INFO] Downloading: http://insecure.repo1.maven.org/maven2/xalan/serializer/2.7.2/serializer-2.7.2.jar
[INFO] [INFO] Downloaded: http://insecure.repo1.maven.org/maven2/xalan/serializer/2.7.2/serializer-2.7.2.jar (270 KB at 305.4 KB/sec)
[INFO] [INFO] Downloading: http://insecure.repo1.maven.org/maven2/org/apache/commons/commons-lang3/3.4/commons-lang3-3.4.jar
[INFO] [INFO] Downloaded: http://insecure.repo1.maven.org/maven2/org/apache/commons/commons-lang3/3.4/commons-lang3-3.4.jar (425 KB at 468.5 KB/sec)
[INFO] [INFO] Downloading: http://insecure.repo1.maven.org/maven2/org/apache/httpcomponents/httpclient/4.5.1/httpclient-4.5.1.jar
[INFO] [INFO] Downloaded: http://insecure.repo1.maven.org/maven2/org/apache/httpcomponents/httpclient/4.5.1/httpclient-4.5.1.jar (716 KB at 766.2 KB/sec)
[INFO] [INFO] Downloading: http://insecure.repo1.maven.org/maven2/org/apache/httpcomponents/httpcore/4.4.3/httpcore-4.4.3.jar
[INFO] [INFO] Downloaded: http://insecure.repo1.maven.org/maven2/org/apache/httpcomponents/httpcore/4.4.3/httpcore-4.4.3.jar (319 KB at 334.0 KB/sec)
[INFO] [INFO] Downloading: http://insecure.repo1.maven.org/maven2/org/apache/httpcomponents/httpmime/4.5.1/httpmime-4.5.1.jar
[INFO] [INFO] Downloaded: http://insecure.repo1.maven.org/maven2/org/apache/httpcomponents/httpmime/4.5.1/httpmime-4.5.1.jar (40 KB at 41.1 KB/sec)
[INFO] [INFO] Downloading: http://insecure.repo1.maven.org/maven2/commons-codec/commons-codec/1.10/commons-codec-1.10.jar
[INFO] [INFO] Downloaded: http://insecure.repo1.maven.org/maven2/commons-codec/commons-codec/1.10/commons-codec-1.10.jar (278 KB at 281.2 KB/sec)
[INFO] [INFO] Downloading: http://insecure.repo1.maven.org/maven2/net/sourceforge/htmlunit/htmlunit-core-js/2.17/htmlunit-core-js-2.17.jar
[INFO] [INFO] Downloaded: http://insecure.repo1.maven.org/maven2/net/sourceforge/htmlunit/htmlunit-core-js/2.17/htmlunit-core-js-2.17.jar (1062 KB at 1040.5 KB/sec)
[INFO] [INFO] Downloading: http://insecure.repo1.maven.org/maven2/xerces/xercesImpl/2.11.0/xercesImpl-2.11.0.jar
[INFO] [INFO] Downloaded: http://insecure.repo1.maven.org/maven2/xerces/xercesImpl/2.11.0/xercesImpl-2.11.0.jar (1336 KB at 1262.5 KB/sec)
[INFO] [INFO] Downloading: http://insecure.repo1.maven.org/maven2/xml-apis/xml-apis/1.4.01/xml-apis-1.4.01.jar
[INFO] [INFO] Downloaded: http://insecure.repo1.maven.org/maven2/xml-apis/xml-apis/1.4.01/xml-apis-1.4.01.jar (216 KB at 200.2 KB/sec)
[INFO] [INFO] Downloading: http://insecure.repo1.maven.org/maven2/net/sourceforge/nekohtml/nekohtml/1.9.22/nekohtml-1.9.22.jar
[INFO] [INFO] Downloaded: http://insecure.repo1.maven.org/maven2/net/sourceforge/nekohtml/nekohtml/1.9.22/nekohtml-1.9.22.jar (123 KB at 112.0 KB/sec)
[INFO] [INFO] Downloading: http://insecure.repo1.maven.org/maven2/net/sourceforge/cssparser/cssparser/0.9.18/cssparser-0.9.18.jar
[INFO] [INFO] Downloaded: http://insecure.repo1.maven.org/maven2/net/sourceforge/cssparser/cssparser/0.9.18/cssparser-0.9.18.jar (365 KB at 326.9 KB/sec)
[INFO] [INFO] Downloading: http://insecure.repo1.maven.org/maven2/commons-logging/commons-logging/1.2/commons-logging-1.2.jar
[INFO] [INFO] Downloaded: http://insecure.repo1.maven.org/maven2/commons-logging/commons-logging/1.2/commons-logging-1.2.jar (61 KB at 53.5 KB/sec)
[INFO] [INFO] Downloading: http://insecure.repo1.maven.org/maven2/org/eclipse/jetty/websocket/websocket-client/9.2.13.v20150730/websocket-client-9.2.13.v20150730.jar
[INFO] [INFO] Downloaded: http://insecure.repo1.maven.org/maven2/org/eclipse/jetty/websocket/websocket-client/9.2.13.v20150730/websocket-client-9.2.13.v20150730.jar (36 KB at 31.0 KB/sec)
[INFO] [INFO] Downloading: http://insecure.repo1.maven.org/maven2/org/eclipse/jetty/websocket/websocket-common/9.2.14.v20151106/websocket-common-9.2.14.v20151106.jar
[INFO] [INFO] Downloaded: http://insecure.repo1.maven.org/maven2/org/eclipse/jetty/websocket/websocket-common/9.2.14.v20151106/websocket-common-9.2.14.v20151106.jar (177 KB at 152.1 KB/sec)
[INFO] [INFO] Downloading: http://insecure.repo1.maven.org/maven2/org/eclipse/jetty/websocket/websocket-api/9.2.14.v20151106/websocket-api-9.2.14.v20151106.jar
[INFO] [INFO] Downloaded: http://insecure.repo1.maven.org/maven2/org/eclipse/jetty/websocket/websocket-api/9.2.14.v20151106/websocket-api-9.2.14.v20151106.jar (44 KB at 36.4 KB/sec)
[INFO] [INFO] Downloading: http://insecure.repo1.maven.org/maven2/org/eclipse/jetty/jetty-webapp/9.2.14.v20151106/jetty-webapp-9.2.14.v20151106.jar
[INFO] [INFO] Downloaded: http://insecure.repo1.maven.org/maven2/org/eclipse/jetty/jetty-webapp/9.2.14.v20151106/jetty-webapp-9.2.14.v20151106.jar (106 KB at 87.9 KB/sec)
[INFO] [INFO] Downloading: http://insecure.repo1.maven.org/maven2/org/eclipse/jetty/jetty-xml/9.2.14.v20151106/jetty-xml-9.2.14.v20151106.jar
[INFO] [INFO] Downloaded: http://insecure.repo1.maven.org/maven2/org/eclipse/jetty/jetty-xml/9.2.14.v20151106/jetty-xml-9.2.14.v20151106.jar (44 KB at 35.6 KB/sec)
[INFO] [INFO] Downloading: http://insecure.repo1.maven.org/maven2/org/eclipse/jetty/jetty-servlet/9.2.14.v20151106/jetty-servlet-9.2.14.v20151106.jar
[INFO] [INFO] Downloaded: http://insecure.repo1.maven.org/maven2/org/eclipse/jetty/jetty-servlet/9.2.14.v20151106/jetty-servlet-9.2.14.v20151106.jar (114 KB at 92.0 KB/sec)
[INFO] [INFO] Downloading: http://insecure.repo1.maven.org/maven2/org/eclipse/jetty/jetty-security/9.2.14.v20151106/jetty-security-9.2.14.v20151106.jar
[INFO] [INFO] Downloaded: http://insecure.repo1.maven.org/maven2/org/eclipse/jetty/jetty-security/9.2.14.v20151106/jetty-security-9.2.14.v20151106.jar (94 KB at 75.3 KB/sec)
[INFO] [INFO] Downloading: http://insecure.repo1.maven.org/maven2/org/eclipse/jetty/jetty-servlets/9.2.14.v20151106/jetty-servlets-9.2.14.v20151106.jar
[INFO] [INFO] Downloaded: http://insecure.repo1.maven.org/maven2/org/eclipse/jetty/jetty-servlets/9.2.14.v20151106/jetty-servlets-9.2.14.v20151106.jar (120 KB at 94.9 KB/sec)
[INFO] [INFO] Downloading: http://insecure.repo1.maven.org/maven2/org/eclipse/jetty/jetty-continuation/9.2.14.v20151106/jetty-continuation-9.2.14.v20151106.jar
[INFO] [INFO] Downloaded: http://insecure.repo1.maven.org/maven2/org/eclipse/jetty/jetty-continuation/9.2.14.v20151106/jetty-continuation-9.2.14.v20151106.jar (16 KB at 12.2 KB/sec)
[INFO] [INFO] Downloading: http://insecure.repo1.maven.org/maven2/org/eclipse/jetty/jetty-http/9.2.14.v20151106/jetty-http-9.2.14.v20151106.jar
[INFO] [INFO] Downloaded: http://insecure.repo1.maven.org/maven2/org/eclipse/jetty/jetty-http/9.2.14.v20151106/jetty-http-9.2.14.v20151106.jar (104 KB at 80.1 KB/sec)
[INFO] [INFO] Downloading: http://insecure.repo1.maven.org/maven2/org/eclipse/jetty/jetty-util/9.2.14.v20151106/jetty-util-9.2.14.v20151106.jar
[INFO] [INFO] Downloaded: http://insecure.repo1.maven.org/maven2/org/eclipse/jetty/jetty-util/9.2.14.v20151106/jetty-util-9.2.14.v20151106.jar (353 KB at 259.5 KB/sec)
[INFO] [INFO] Downloading: http://insecure.repo1.maven.org/maven2/org/eclipse/jetty/jetty-io/9.2.14.v20151106/jetty-io-9.2.14.v20151106.jar
[INFO] [INFO] Downloaded: http://insecure.repo1.maven.org/maven2/org/eclipse/jetty/jetty-io/9.2.14.v20151106/jetty-io-9.2.14.v20151106.jar (106 KB at 70.6 KB/sec)
[INFO] [INFO] Downloading: http://insecure.repo1.maven.org/maven2/org/eclipse/jetty/jetty-annotations/9.2.14.v20151106/jetty-annotations-9.2.14.v20151106.jar
[INFO] [INFO] Downloaded: http://insecure.repo1.maven.org/maven2/org/eclipse/jetty/jetty-annotations/9.2.14.v20151106/jetty-annotations-9.2.14.v20151106.jar (79 KB at 51.7 KB/sec)
[INFO] [INFO] Downloading: http://insecure.repo1.maven.org/maven2/org/eclipse/jetty/jetty-plus/9.2.14.v20151106/jetty-plus-9.2.14.v20151106.jar
[INFO] [INFO] Downloaded: http://insecure.repo1.maven.org/maven2/org/eclipse/jetty/jetty-plus/9.2.14.v20151106/jetty-plus-9.2.14.v20151106.jar (53 KB at 34.6 KB/sec)
[INFO] [INFO] Downloading: http://insecure.repo1.maven.org/maven2/org/eclipse/jetty/jetty-jndi/9.2.14.v20151106/jetty-jndi-9.2.14.v20151106.jar
[INFO] [INFO] Downloaded: http://insecure.repo1.maven.org/maven2/colt/colt/1.2.0/colt-1.2.0.jar (569 KB at 358.6 KB/sec)
[INFO] [INFO] Downloading: http://insecure.repo1.maven.org/maven2/javax/annotation/javax.annotation-api/1.2/javax.annotation-api-1.2.jar
[INFO] [INFO] Downloaded: http://insecure.repo1.maven.org/maven2/org/eclipse/jetty/jetty-jndi/9.2.14.v20151106/jetty-jndi-9.2.14.v20151106.jar (41 KB at 25.4 KB/sec)
[INFO] [INFO] Downloading: http://insecure.repo1.maven.org/maven2/org/eclipse/jetty/apache-jsp/9.2.14.v20151106/apache-jsp-9.2.14.v20151106.jar
[INFO] [INFO] Downloaded: http://insecure.repo1.maven.org/maven2/org/eclipse/jetty/apache-jsp/9.2.14.v20151106/apache-jsp-9.2.14.v20151106.jar (11 KB at 6.5 KB/sec)
[INFO] [INFO] Downloading: http://insecure.repo1.maven.org/maven2/org/eclipse/jetty/jetty-server/9.2.14.v20151106/jetty-server-9.2.14.v20151106.jar
[INFO] [INFO] Downloaded: http://insecure.repo1.maven.org/maven2/org/eclipse/jetty/jetty-server/9.2.14.v20151106/jetty-server-9.2.14.v20151106.jar (410 KB at 251.6 KB/sec)
[INFO] [INFO] Downloading: http://insecure.repo1.maven.org/maven2/org/eclipse/jetty/toolchain/jetty-schemas/3.1.M0/jetty-schemas-3.1.M0.jar
[INFO] [INFO] Downloaded: http://insecure.repo1.maven.org/maven2/javax/annotation/javax.annotation-api/1.2/javax.annotation-api-1.2.jar (26 KB at 15.7 KB/sec)
[INFO] [INFO] Downloading: http://insecure.repo1.maven.org/maven2/org/mortbay/jasper/apache-jsp/8.0.9.M3/apache-jsp-8.0.9.M3.jar
[INFO] [INFO] Downloaded: http://insecure.repo1.maven.org/maven2/org/eclipse/jetty/toolchain/jetty-schemas/3.1.M0/jetty-schemas-3.1.M0.jar (184 KB at 111.7 KB/sec)
[INFO] [INFO] Downloading: http://insecure.repo1.maven.org/maven2/org/mortbay/jasper/apache-el/8.0.9.M3/apache-el-8.0.9.M3.jar
[INFO] [INFO] Downloaded: http://insecure.repo1.maven.org/maven2/org/mortbay/jasper/apache-el/8.0.9.M3/apache-el-8.0.9.M3.jar (233 KB at 139.7 KB/sec)
[INFO] [INFO] Downloading: http://insecure.repo1.maven.org/maven2/com/google/guava/guava-gwt/20.0/guava-gwt-20.0.jar
[INFO] [INFO] Downloaded: http://insecure.repo1.maven.org/maven2/com/google/guava/guava-gwt/20.0/guava-gwt-20.0.jar (1096 KB at 646.6 KB/sec)
[INFO] [INFO] Downloaded: http://insecure.repo1.maven.org/maven2/org/mortbay/jasper/apache-jsp/8.0.9.M3/apache-jsp-8.0.9.M3.jar (934 KB at 550.5 KB/sec)
[INFO] [INFO] Downloaded: http://insecure.repo1.maven.org/maven2/tapestry/tapestry/4.0.2/tapestry-4.0.2.jar (1062 KB at 432.3 KB/sec)
[INFO] [INFO] Downloaded: http://insecure.repo1.maven.org/maven2/com/google/gwt/gwt-dev/2.8.0/gwt-dev-2.8.0.jar (14267 KB at 5531.7 KB/sec)
[INFO] [INFO] Downloaded: http://insecure.repo1.maven.org/maven2/com/google/gwt/gwt-user/2.8.0/gwt-user-2.8.0.jar (15886 KB at 1075.6 KB/sec)
[INFO] [INFO] 
[INFO] [INFO] --- maven-clean-plugin:2.5:clean (default-clean) @ gwtserializer ---
[INFO] [INFO] 
[INFO] [INFO] --- maven-resources-plugin:2.7:resources (default-resources) @ gwtserializer ---
[INFO] [INFO] Downloading: https://repo.maven.apache.org/maven2/org/codehaus/plexus/plexus-utils/3.0.15/plexus-utils-3.0.15.pom
[INFO] [INFO] Downloaded: https://repo.maven.apache.org/maven2/org/codehaus/plexus/plexus-utils/3.0.15/plexus-utils-3.0.15.pom (4 KB at 192.0 KB/sec)
[INFO] [INFO] Downloading: https://repo.maven.apache.org/maven2/org/apache/maven/shared/maven-filtering/1.2/maven-filtering-1.2.pom
[INFO] [INFO] Downloaded: https://repo.maven.apache.org/maven2/org/apache/maven/shared/maven-filtering/1.2/maven-filtering-1.2.pom (7 KB at 397.3 KB/sec)
[INFO] [INFO] Downloading: https://repo.maven.apache.org/maven2/org/apache/maven/shared/maven-shared-utils/0.3/maven-shared-utils-0.3.pom
[INFO] [INFO] Downloaded: https://repo.maven.apache.org/maven2/org/apache/maven/shared/maven-shared-utils/0.3/maven-shared-utils-0.3.pom (4 KB at 282.3 KB/sec)
[INFO] [INFO] Downloading: https://repo.maven.apache.org/maven2/org/codehaus/plexus/plexus-interpolation/1.19/plexus-interpolation-1.19.pom
[INFO] [INFO] Downloaded: https://repo.maven.apache.org/maven2/org/codehaus/plexus/plexus-interpolation/1.19/plexus-interpolation-1.19.pom (2 KB at 45.7 KB/sec)
[INFO] [INFO] Downloading: https://repo.maven.apache.org/maven2/org/apache/maven/shared/maven-filtering/1.2/maven-filtering-1.2.jar
[INFO] [INFO] Downloading: https://repo.maven.apache.org/maven2/org/apache/maven/shared/maven-shared-utils/0.3/maven-shared-utils-0.3.jar
[INFO] [INFO] Downloaded: https://repo.maven.apache.org/maven2/org/apache/maven/shared/maven-filtering/1.2/maven-filtering-1.2.jar (44 KB at 1135.3 KB/sec)
[INFO] [INFO] Downloaded: https://repo.maven.apache.org/maven2/org/apache/maven/shared/maven-shared-utils/0.3/maven-shared-utils-0.3.jar (152 KB at 1318.9 KB/sec)
[INFO] [WARNING] Using platform encoding (UTF-8 actually) to copy filtered resources, i.e. build is platform dependent!
[INFO] [INFO] skip non existing resourceDirectory /home/travis/build/passed/google/auto/value/target/it/gwtserializer/src/main/resources
[INFO] [INFO] 
[INFO] [INFO] --- maven-compiler-plugin:3.1:compile (default-compile) @ gwtserializer ---
[INFO] [INFO] No sources to compile
[INFO] [INFO] 
[INFO] [INFO] --- maven-compiler-plugin:3.1:testCompile (default-testCompile) @ gwtserializer ---
[INFO] [INFO] Changes detected - recompiling the module!
[INFO] [WARNING] File encoding has not been set, using platform encoding UTF-8, i.e. build is platform dependent!
[INFO] [INFO] Compiling 2 source files to /home/travis/build/passed/google/auto/value/target/it/gwtserializer/target/test-classes
[INFO] [WARNING] bootstrap class path not set in conjunction with -source 1.6
[INFO] [WARNING] No processor claimed any of these annotations: com.google.common.annotations.GwtCompatible,com.google.gwt.user.client.rpc.RemoteServiceRelativePath,com.google.auto.value.AutoValue.Builder,com.google.auto.value.AutoValue,com.google.common.annotations.GwtIncompatible
[INFO] [WARNING] No processor claimed any of these annotations: com.google.common.annotations.GwtCompatible,javax.annotation.Generated
[INFO] [INFO] 
[INFO] [INFO] --- maven-resources-plugin:2.7:testResources (default-testResources) @ gwtserializer ---
[INFO] [WARNING] Using platform encoding (UTF-8 actually) to copy filtered resources, i.e. build is platform dependent!
[INFO] [INFO] Copying 3 resources
[INFO] [INFO] Copying 12 resources
[INFO] [INFO] 
[INFO] [INFO] --- maven-surefire-plugin:2.12.4:test (default-test) @ gwtserializer ---
[INFO] [INFO] Tests are skipped.
[INFO] [INFO] 
[INFO] [INFO] --- gwt-maven-plugin:1.0-rc-6:test (default) @ gwtserializer ---
[INFO] [INFO] Downloading: https://repo.maven.apache.org/maven2/org/apache/maven/maven-plugin-api/3.0.5/maven-plugin-api-3.0.5.pom
[INFO] [INFO] Downloaded: https://repo.maven.apache.org/maven2/org/apache/maven/maven-plugin-api/3.0.5/maven-plugin-api-3.0.5.pom (3 KB at 173.2 KB/sec)
[INFO] [INFO] Downloading: https://repo.maven.apache.org/maven2/org/apache/maven/maven/3.0.5/maven-3.0.5.pom
[INFO] [INFO] Downloaded: https://repo.maven.apache.org/maven2/org/apache/maven/maven/3.0.5/maven-3.0.5.pom (22 KB at 841.8 KB/sec)
[INFO] [INFO] Downloading: https://repo.maven.apache.org/maven2/org/apache/maven/maven-model/3.0.5/maven-model-3.0.5.pom
[INFO] [INFO] Downloaded: https://repo.maven.apache.org/maven2/org/apache/maven/maven-model/3.0.5/maven-model-3.0.5.pom (4 KB at 176.9 KB/sec)
[INFO] [INFO] Downloading: https://repo.maven.apache.org/maven2/org/codehaus/plexus/plexus-utils/2.0.6/plexus-utils-2.0.6.pom
[INFO] [INFO] Downloaded: https://repo.maven.apache.org/maven2/org/codehaus/plexus/plexus-utils/2.0.6/plexus-utils-2.0.6.pom (3 KB at 176.5 KB/sec)
[INFO] [INFO] Downloading: https://repo.maven.apache.org/maven2/org/apache/maven/maven-artifact/3.0.5/maven-artifact-3.0.5.pom
[INFO] [INFO] Downloaded: https://repo.maven.apache.org/maven2/org/apache/maven/maven-artifact/3.0.5/maven-artifact-3.0.5.pom (2 KB at 106.2 KB/sec)
[INFO] [INFO] Downloading: https://repo.maven.apache.org/maven2/org/sonatype/sisu/sisu-inject-plexus/2.3.0/sisu-inject-plexus-2.3.0.pom
[INFO] [INFO] Downloaded: https://repo.maven.apache.org/maven2/org/sonatype/sisu/sisu-inject-plexus/2.3.0/sisu-inject-plexus-2.3.0.pom (6 KB at 300.0 KB/sec)
[INFO] [INFO] Downloading: https://repo.maven.apache.org/maven2/org/sonatype/sisu/inject/guice-plexus/2.3.0/guice-plexus-2.3.0.pom
[INFO] [INFO] Downloaded: https://repo.maven.apache.org/maven2/org/sonatype/sisu/inject/guice-plexus/2.3.0/guice-plexus-2.3.0.pom (4 KB at 218.3 KB/sec)
[INFO] [INFO] Downloading: https://repo.maven.apache.org/maven2/org/sonatype/sisu/inject/guice-bean/2.3.0/guice-bean-2.3.0.pom
[INFO] [INFO] Downloaded: https://repo.maven.apache.org/maven2/org/sonatype/sisu/inject/guice-bean/2.3.0/guice-bean-2.3.0.pom (3 KB at 185.4 KB/sec)
[INFO] [INFO] Downloading: https://repo.maven.apache.org/maven2/org/sonatype/sisu/inject/containers/2.3.0/containers-2.3.0.pom
[INFO] [INFO] Downloaded: https://repo.maven.apache.org/maven2/org/sonatype/sisu/inject/containers/2.3.0/containers-2.3.0.pom (2 KB at 73.2 KB/sec)
[INFO] [INFO] Downloading: https://repo.maven.apache.org/maven2/org/sonatype/sisu/sisu-inject/2.3.0/sisu-inject-2.3.0.pom
[INFO] [INFO] Downloaded: https://repo.maven.apache.org/maven2/org/sonatype/sisu/sisu-inject/2.3.0/sisu-inject-2.3.0.pom (4 KB at 185.9 KB/sec)
[INFO] [INFO] Downloading: https://repo.maven.apache.org/maven2/org/sonatype/sisu/sisu-parent/2.3.0/sisu-parent-2.3.0.pom
[INFO] [INFO] Downloaded: https://repo.maven.apache.org/maven2/org/sonatype/sisu/sisu-parent/2.3.0/sisu-parent-2.3.0.pom (11 KB at 493.4 KB/sec)
[INFO] [INFO] Downloading: https://repo.maven.apache.org/maven2/org/codehaus/plexus/plexus-classworlds/2.4/plexus-classworlds-2.4.pom
[INFO] [INFO] Downloaded: https://repo.maven.apache.org/maven2/org/codehaus/plexus/plexus-classworlds/2.4/plexus-classworlds-2.4.pom (4 KB at 210.7 KB/sec)
[INFO] [INFO] Downloading: https://repo.maven.apache.org/maven2/org/sonatype/sisu/sisu-inject-bean/2.3.0/sisu-inject-bean-2.3.0.pom
[INFO] [INFO] Downloaded: https://repo.maven.apache.org/maven2/org/sonatype/sisu/sisu-inject-bean/2.3.0/sisu-inject-bean-2.3.0.pom (7 KB at 347.7 KB/sec)
[INFO] [INFO] Downloading: https://repo.maven.apache.org/maven2/org/sonatype/sisu/sisu-guice/3.1.0/sisu-guice-3.1.0.pom
[INFO] [INFO] Downloaded: https://repo.maven.apache.org/maven2/org/sonatype/sisu/sisu-guice/3.1.0/sisu-guice-3.1.0.pom (10 KB at 495.6 KB/sec)
[INFO] [INFO] Downloading: https://repo.maven.apache.org/maven2/org/sonatype/sisu/inject/guice-parent/3.1.0/guice-parent-3.1.0.pom
[INFO] [INFO] Downloaded: https://repo.maven.apache.org/maven2/org/sonatype/sisu/inject/guice-parent/3.1.0/guice-parent-3.1.0.pom (11 KB at 533.5 KB/sec)
[INFO] [INFO] Downloading: https://repo.maven.apache.org/maven2/org/sonatype/sisu/sisu-guava/0.9.9/sisu-guava-0.9.9.pom
[INFO] [INFO] Downloaded: https://repo.maven.apache.org/maven2/org/sonatype/sisu/sisu-guava/0.9.9/sisu-guava-0.9.9.pom (2 KB at 65.6 KB/sec)
[INFO] [INFO] Downloading: https://repo.maven.apache.org/maven2/org/sonatype/sisu/inject/guava-parent/0.9.9/guava-parent-0.9.9.pom
[INFO] [INFO] Downloaded: https://repo.maven.apache.org/maven2/org/sonatype/sisu/inject/guava-parent/0.9.9/guava-parent-0.9.9.pom (11 KB at 488.6 KB/sec)
[INFO] [INFO] Downloading: https://repo.maven.apache.org/maven2/org/sonatype/plexus/plexus-build-api/0.0.7/plexus-build-api-0.0.7.pom
[INFO] [INFO] Downloaded: https://repo.maven.apache.org/maven2/org/sonatype/plexus/plexus-build-api/0.0.7/plexus-build-api-0.0.7.pom (4 KB at 184.1 KB/sec)
[INFO] [INFO] Downloading: https://repo.maven.apache.org/maven2/org/sonatype/spice/spice-parent/15/spice-parent-15.pom
[INFO] [INFO] Downloaded: https://repo.maven.apache.org/maven2/org/sonatype/spice/spice-parent/15/spice-parent-15.pom (9 KB at 388.7 KB/sec)
[INFO] [INFO] Downloading: https://repo.maven.apache.org/maven2/org/codehaus/plexus/plexus-archiver/2.9.1/plexus-archiver-2.9.1.pom
[INFO] [INFO] Downloaded: https://repo.maven.apache.org/maven2/org/codehaus/plexus/plexus-archiver/2.9.1/plexus-archiver-2.9.1.pom (5 KB at 251.2 KB/sec)
[INFO] [INFO] Downloading: https://repo.maven.apache.org/maven2/org/codehaus/plexus/plexus-io/2.4.1/plexus-io-2.4.1.pom
[INFO] [INFO] Downloaded: https://repo.maven.apache.org/maven2/org/codehaus/plexus/plexus-io/2.4.1/plexus-io-2.4.1.pom (4 KB at 227.8 KB/sec)
[INFO] [INFO] Downloading: https://repo.maven.apache.org/maven2/org/codehaus/plexus/plexus-utils/3.0.21/plexus-utils-3.0.21.pom
[INFO] [INFO] Downloaded: https://repo.maven.apache.org/maven2/org/codehaus/plexus/plexus-utils/3.0.21/plexus-utils-3.0.21.pom (4 KB at 218.9 KB/sec)
[INFO] [INFO] Downloading: https://repo.maven.apache.org/maven2/org/codehaus/plexus/plexus-compiler-api/2.4/plexus-compiler-api-2.4.pom
[INFO] [INFO] Downloaded: https://repo.maven.apache.org/maven2/org/codehaus/plexus/plexus-compiler-api/2.4/plexus-compiler-api-2.4.pom (865 B at 56.3 KB/sec)
[INFO] [INFO] Downloading: https://repo.maven.apache.org/maven2/org/codehaus/plexus/plexus-compiler/2.4/plexus-compiler-2.4.pom
[INFO] [INFO] Downloaded: https://repo.maven.apache.org/maven2/org/codehaus/plexus/plexus-compiler/2.4/plexus-compiler-2.4.pom (6 KB at 323.2 KB/sec)
[INFO] [INFO] Downloading: https://repo.maven.apache.org/maven2/org/apache/maven/maven-core/3.0.5/maven-core-3.0.5.pom
[INFO] [INFO] Downloaded: https://repo.maven.apache.org/maven2/org/apache/maven/maven-core/3.0.5/maven-core-3.0.5.pom (6 KB at 333.5 KB/sec)
[INFO] [INFO] Downloading: https://repo.maven.apache.org/maven2/org/apache/maven/maven-settings/3.0.5/maven-settings-3.0.5.pom
[INFO] [INFO] Downloaded: https://repo.maven.apache.org/maven2/org/apache/maven/maven-settings/3.0.5/maven-settings-3.0.5.pom (2 KB at 111.9 KB/sec)
[INFO] [INFO] Downloading: https://repo.maven.apache.org/maven2/org/apache/maven/maven-settings-builder/3.0.5/maven-settings-builder-3.0.5.pom
[INFO] [INFO] Downloaded: https://repo.maven.apache.org/maven2/org/apache/maven/maven-settings-builder/3.0.5/maven-settings-builder-3.0.5.pom (3 KB at 147.0 KB/sec)
[INFO] [INFO] Downloading: https://repo.maven.apache.org/maven2/org/apache/maven/maven-repository-metadata/3.0.5/maven-repository-metadata-3.0.5.pom
[INFO] [INFO] Downloaded: https://repo.maven.apache.org/maven2/org/apache/maven/maven-repository-metadata/3.0.5/maven-repository-metadata-3.0.5.pom (2 KB at 115.4 KB/sec)
[INFO] [INFO] Downloading: https://repo.maven.apache.org/maven2/org/apache/maven/maven-model-builder/3.0.5/maven-model-builder-3.0.5.pom
[INFO] [INFO] Downloaded: https://repo.maven.apache.org/maven2/org/apache/maven/maven-model-builder/3.0.5/maven-model-builder-3.0.5.pom (3 KB at 141.7 KB/sec)
[INFO] [INFO] Downloading: https://repo.maven.apache.org/maven2/org/apache/maven/maven-aether-provider/3.0.5/maven-aether-provider-3.0.5.pom
[INFO] [INFO] Downloaded: https://repo.maven.apache.org/maven2/org/apache/maven/maven-aether-provider/3.0.5/maven-aether-provider-3.0.5.pom (3 KB at 171.9 KB/sec)
[INFO] [INFO] Downloading: https://repo.maven.apache.org/maven2/org/sonatype/aether/aether-api/1.13.1/aether-api-1.13.1.pom
[INFO] [INFO] Downloaded: https://repo.maven.apache.org/maven2/org/sonatype/aether/aether-api/1.13.1/aether-api-1.13.1.pom (2 KB at 92.8 KB/sec)
[INFO] [INFO] Downloading: https://repo.maven.apache.org/maven2/org/sonatype/aether/aether/1.13.1/aether-1.13.1.pom
[INFO] [INFO] Downloaded: https://repo.maven.apache.org/maven2/org/sonatype/aether/aether/1.13.1/aether-1.13.1.pom (10 KB at 449.8 KB/sec)
[INFO] [INFO] Downloading: https://repo.maven.apache.org/maven2/org/sonatype/aether/aether-spi/1.13.1/aether-spi-1.13.1.pom
[INFO] [INFO] Downloaded: https://repo.maven.apache.org/maven2/org/sonatype/aether/aether-spi/1.13.1/aether-spi-1.13.1.pom (2 KB at 88.4 KB/sec)
[INFO] [INFO] Downloading: https://repo.maven.apache.org/maven2/org/sonatype/aether/aether-util/1.13.1/aether-util-1.13.1.pom
[INFO] [INFO] Downloaded: https://repo.maven.apache.org/maven2/org/sonatype/aether/aether-util/1.13.1/aether-util-1.13.1.pom (2 KB at 112.2 KB/sec)
[INFO] [INFO] Downloading: https://repo.maven.apache.org/maven2/org/sonatype/aether/aether-impl/1.13.1/aether-impl-1.13.1.pom
[INFO] [INFO] Downloaded: https://repo.maven.apache.org/maven2/org/sonatype/aether/aether-impl/1.13.1/aether-impl-1.13.1.pom (3 KB at 23.3 KB/sec)
[INFO] [INFO] Downloading: https://repo.maven.apache.org/maven2/org/apache/maven/shared/maven-filtering/3.0.0/maven-filtering-3.0.0.pom
[INFO] [INFO] Downloaded: https://repo.maven.apache.org/maven2/org/apache/maven/shared/maven-filtering/3.0.0/maven-filtering-3.0.0.pom (6 KB at 272.1 KB/sec)
[INFO] [INFO] Downloading: https://repo.maven.apache.org/maven2/org/apache/maven/shared/maven-shared-components/22/maven-shared-components-22.pom
[INFO] [INFO] Downloaded: https://repo.maven.apache.org/maven2/org/apache/maven/shared/maven-shared-components/22/maven-shared-components-22.pom (5 KB at 293.8 KB/sec)
[INFO] [INFO] Downloading: https://repo.maven.apache.org/maven2/org/apache/maven/maven-parent/27/maven-parent-27.pom
[INFO] [INFO] Downloaded: https://repo.maven.apache.org/maven2/org/apache/maven/maven-parent/27/maven-parent-27.pom (40 KB at 1242.3 KB/sec)
[INFO] [INFO] Downloading: https://repo.maven.apache.org/maven2/org/apache/apache/17/apache-17.pom
[INFO] [INFO] Downloaded: https://repo.maven.apache.org/maven2/org/apache/apache/17/apache-17.pom (16 KB at 580.7 KB/sec)
[INFO] [INFO] Downloading: https://repo.maven.apache.org/maven2/org/codehaus/plexus/plexus-component-annotations/1.5.4/plexus-component-annotations-1.5.4.pom
[INFO] [INFO] Downloaded: https://repo.maven.apache.org/maven2/org/codehaus/plexus/plexus-component-annotations/1.5.4/plexus-component-annotations-1.5.4.pom (815 B at 56.8 KB/sec)
[INFO] [INFO] Downloading: https://repo.maven.apache.org/maven2/org/codehaus/plexus/plexus-containers/1.5.4/plexus-containers-1.5.4.pom
[INFO] [INFO] Downloaded: https://repo.maven.apache.org/maven2/org/codehaus/plexus/plexus-containers/1.5.4/plexus-containers-1.5.4.pom (5 KB at 243.6 KB/sec)
[INFO] [INFO] Downloading: https://repo.maven.apache.org/maven2/org/codehaus/plexus/plexus/2.0.5/plexus-2.0.5.pom
[INFO] [INFO] Downloaded: https://repo.maven.apache.org/maven2/org/codehaus/plexus/plexus/2.0.5/plexus-2.0.5.pom (17 KB at 847.1 KB/sec)
[INFO] [INFO] Downloading: https://repo.maven.apache.org/maven2/org/apache/maven/shared/maven-shared-utils/3.0.0/maven-shared-utils-3.0.0.pom
[INFO] [INFO] Downloaded: https://repo.maven.apache.org/maven2/org/apache/maven/shared/maven-shared-utils/3.0.0/maven-shared-utils-3.0.0.pom (6 KB at 389.5 KB/sec)
[INFO] [INFO] Downloading: https://repo.maven.apache.org/maven2/org/apache/maven/shared/maven-shared-components/21/maven-shared-components-21.pom
[INFO] [INFO] Downloaded: https://repo.maven.apache.org/maven2/org/apache/maven/shared/maven-shared-components/21/maven-shared-components-21.pom (5 KB at 311.7 KB/sec)
[INFO] [INFO] Downloading: https://repo.maven.apache.org/maven2/org/apache/maven/maven-parent/25/maven-parent-25.pom
[INFO] [INFO] Downloaded: https://repo.maven.apache.org/maven2/org/apache/maven/maven-parent/25/maven-parent-25.pom (37 KB at 1354.2 KB/sec)
[INFO] [INFO] Downloading: https://repo.maven.apache.org/maven2/org/codehaus/plexus/plexus-utils/3.0.22/plexus-utils-3.0.22.pom
[INFO] [INFO] Downloaded: https://repo.maven.apache.org/maven2/org/codehaus/plexus/plexus-utils/3.0.22/plexus-utils-3.0.22.pom (4 KB at 249.4 KB/sec)
[INFO] [INFO] Downloading: https://repo.maven.apache.org/maven2/org/apache/maven/surefire/maven-surefire-common/2.16/maven-surefire-common-2.16.pom
[INFO] [INFO] Downloaded: https://repo.maven.apache.org/maven2/org/apache/maven/surefire/maven-surefire-common/2.16/maven-surefire-common-2.16.pom (6 KB at 350.2 KB/sec)
[INFO] [INFO] Downloading: https://repo.maven.apache.org/maven2/org/apache/maven/surefire/surefire/2.16/surefire-2.16.pom
[INFO] [INFO] Downloaded: https://repo.maven.apache.org/maven2/org/apache/maven/surefire/surefire/2.16/surefire-2.16.pom (19 KB at 775.0 KB/sec)
[INFO] [INFO] Downloading: https://repo.maven.apache.org/maven2/org/apache/maven/plugin-tools/maven-plugin-annotations/3.2/maven-plugin-annotations-3.2.pom
[INFO] [INFO] Downloaded: https://repo.maven.apache.org/maven2/org/apache/maven/plugin-tools/maven-plugin-annotations/3.2/maven-plugin-annotations-3.2.pom (2 KB at 105.7 KB/sec)
[INFO] [INFO] Downloading: https://repo.maven.apache.org/maven2/org/apache/maven/plugin-tools/maven-plugin-tools/3.2/maven-plugin-tools-3.2.pom
[INFO] [INFO] Downloaded: https://repo.maven.apache.org/maven2/org/apache/maven/plugin-tools/maven-plugin-tools/3.2/maven-plugin-tools-3.2.pom (17 KB at 733.7 KB/sec)
[INFO] [INFO] Downloading: https://repo.maven.apache.org/maven2/org/apache/maven/surefire/surefire-api/2.16/surefire-api-2.16.pom
[INFO] [INFO] Downloaded: https://repo.maven.apache.org/maven2/org/apache/maven/surefire/surefire-api/2.16/surefire-api-2.16.pom (3 KB at 149.2 KB/sec)
[INFO] [INFO] Downloading: https://repo.maven.apache.org/maven2/org/apache/maven/surefire/surefire-booter/2.16/surefire-booter-2.16.pom
[INFO] [INFO] Downloaded: https://repo.maven.apache.org/maven2/org/apache/maven/surefire/surefire-booter/2.16/surefire-booter-2.16.pom (3 KB at 184.3 KB/sec)
[INFO] [INFO] Downloading: https://repo.maven.apache.org/maven2/org/sonatype/sisu/sisu-inject-bean/2.3.0/sisu-inject-bean-2.3.0.jar
[INFO] [INFO] Downloading: https://repo.maven.apache.org/maven2/org/sonatype/sisu/sisu-guice/3.1.0/sisu-guice-3.1.0-no_aop.jar
[INFO] [INFO] Downloading: https://repo.maven.apache.org/maven2/org/sonatype/sisu/sisu-guava/0.9.9/sisu-guava-0.9.9.jar
[INFO] [INFO] Downloading: https://repo.maven.apache.org/maven2/org/sonatype/plexus/plexus-build-api/0.0.7/plexus-build-api-0.0.7.jar
[INFO] [INFO] Downloading: https://repo.maven.apache.org/maven2/org/codehaus/plexus/plexus-archiver/2.9.1/plexus-archiver-2.9.1.jar
[INFO] [INFO] Downloaded: https://repo.maven.apache.org/maven2/org/sonatype/plexus/plexus-build-api/0.0.7/plexus-build-api-0.0.7.jar (9 KB at 218.0 KB/sec)
[INFO] [INFO] Downloading: https://repo.maven.apache.org/maven2/org/codehaus/plexus/plexus-io/2.4.1/plexus-io-2.4.1.jar
[INFO] [INFO] Downloaded: https://repo.maven.apache.org/maven2/org/codehaus/plexus/plexus-io/2.4.1/plexus-io-2.4.1.jar (81 KB at 925.7 KB/sec)
[INFO] [INFO] Downloading: https://repo.maven.apache.org/maven2/org/codehaus/plexus/plexus-utils/3.0.21/plexus-utils-3.0.21.jar
[INFO] [INFO] Downloaded: https://repo.maven.apache.org/maven2/org/codehaus/plexus/plexus-archiver/2.9.1/plexus-archiver-2.9.1.jar (142 KB at 1223.9 KB/sec)
[INFO] [INFO] Downloading: https://repo.maven.apache.org/maven2/org/codehaus/plexus/plexus-compiler-api/2.4/plexus-compiler-api-2.4.jar
[INFO] [INFO] Downloaded: https://repo.maven.apache.org/maven2/org/sonatype/sisu/sisu-inject-bean/2.3.0/sisu-inject-bean-2.3.0.jar (283 KB at 2240.4 KB/sec)
[INFO] [INFO] Downloading: https://repo.maven.apache.org/maven2/org/sonatype/aether/aether-util/1.13.1/aether-util-1.13.1.jar
[INFO] [INFO] Downloaded: https://repo.maven.apache.org/maven2/org/codehaus/plexus/plexus-compiler-api/2.4/plexus-compiler-api-2.4.jar (25 KB at 174.4 KB/sec)
[INFO] [INFO] Downloading: https://repo.maven.apache.org/maven2/org/apache/maven/shared/maven-filtering/3.0.0/maven-filtering-3.0.0.jar
[INFO] [INFO] Downloaded: https://repo.maven.apache.org/maven2/org/sonatype/sisu/sisu-guice/3.1.0/sisu-guice-3.1.0-no_aop.jar (350 KB at 2251.9 KB/sec)
[INFO] [INFO] Downloading: https://repo.maven.apache.org/maven2/org/apache/maven/shared/maven-shared-utils/3.0.0/maven-shared-utils-3.0.0.jar
[INFO] [INFO] Downloaded: https://repo.maven.apache.org/maven2/org/apache/maven/shared/maven-filtering/3.0.0/maven-filtering-3.0.0.jar (50 KB at 269.3 KB/sec)
[INFO] [INFO] Downloading: https://repo.maven.apache.org/maven2/org/apache/maven/surefire/maven-surefire-common/2.16/maven-surefire-common-2.16.jar
[INFO] [INFO] Downloaded: https://repo.maven.apache.org/maven2/org/sonatype/aether/aether-util/1.13.1/aether-util-1.13.1.jar (127 KB at 682.7 KB/sec)
[INFO] [INFO] Downloading: https://repo.maven.apache.org/maven2/org/apache/maven/plugin-tools/maven-plugin-annotations/3.2/maven-plugin-annotations-3.2.jar
[INFO] [INFO] Downloaded: https://repo.maven.apache.org/maven2/org/codehaus/plexus/plexus-utils/3.0.21/plexus-utils-3.0.21.jar (240 KB at 1207.2 KB/sec)
[INFO] [INFO] Downloading: https://repo.maven.apache.org/maven2/org/apache/maven/surefire/surefire-api/2.16/surefire-api-2.16.jar
[INFO] [INFO] Downloaded: https://repo.maven.apache.org/maven2/org/apache/maven/plugin-tools/maven-plugin-annotations/3.2/maven-plugin-annotations-3.2.jar (15 KB at 66.3 KB/sec)
[INFO] [INFO] Downloading: https://repo.maven.apache.org/maven2/org/apache/maven/surefire/surefire-booter/2.16/surefire-booter-2.16.jar
[INFO] [INFO] Downloaded: https://repo.maven.apache.org/maven2/org/apache/maven/shared/maven-shared-utils/3.0.0/maven-shared-utils-3.0.0.jar (152 KB at 659.7 KB/sec)
[INFO] [INFO] Downloaded: https://repo.maven.apache.org/maven2/org/apache/maven/surefire/surefire-booter/2.16/surefire-booter-2.16.jar (39 KB at 156.0 KB/sec)
[INFO] [INFO] Downloaded: https://repo.maven.apache.org/maven2/org/apache/maven/surefire/surefire-api/2.16/surefire-api-2.16.jar (146 KB at 536.6 KB/sec)
[INFO] [INFO] Downloaded: https://repo.maven.apache.org/maven2/org/apache/maven/surefire/maven-surefire-common/2.16/maven-surefire-common-2.16.jar (259 KB at 881.5 KB/sec)
[INFO] [INFO] Downloaded: https://repo.maven.apache.org/maven2/org/sonatype/sisu/sisu-guava/0.9.9/sisu-guava-0.9.9.jar (1473 KB at 2746.8 KB/sec)
[INFO] [INFO] GWT tests report directory: /home/travis/build/passed/google/auto/value/target/it/gwtserializer/target/surefire-reports
[INFO] [INFO] Downloading: https://repo.maven.apache.org/maven2/org/apache/maven/surefire/surefire-junit4/2.16/surefire-junit4-2.16.pom
[INFO] [INFO] Downloaded: https://repo.maven.apache.org/maven2/org/apache/maven/surefire/surefire-junit4/2.16/surefire-junit4-2.16.pom (3 KB at 32.4 KB/sec)
[INFO] [INFO] Downloading: https://repo.maven.apache.org/maven2/org/apache/maven/surefire/surefire-providers/2.16/surefire-providers-2.16.pom
[INFO] [INFO] Downloaded: https://repo.maven.apache.org/maven2/org/apache/maven/surefire/surefire-providers/2.16/surefire-providers-2.16.pom (3 KB at 145.1 KB/sec)
[INFO] [INFO] Downloading: https://repo.maven.apache.org/maven2/org/apache/maven/surefire/surefire-junit4/2.16/surefire-junit4-2.16.jar
[INFO] [INFO] Downloaded: https://repo.maven.apache.org/maven2/org/apache/maven/surefire/surefire-junit4/2.16/surefire-junit4-2.16.jar (63 KB at 1461.0 KB/sec)
[INFO] 
[INFO] -------------------------------------------------------
[INFO]  T E S T S
[INFO] -------------------------------------------------------
[INFO] Running com.google.auto.value.GwtSerializerSuite
[INFO] Dec 16, 2020 5:08:11 PM java.util.prefs.FileSystemPreferences$1 run
[INFO] INFO: Created user preferences directory.
[INFO] Starting Jetty on port 0
[INFO]    [WARN] ServletContainerInitializers: detected. Class hierarchy: empty
[INFO] Compiling module com.google.auto.value.GwtSerializerSuite.JUnit
[INFO]    Compiling 1 permutation
[INFO]       Compiling permutation 0...
[INFO]    Compile of permutations succeeded
[INFO]    Compilation succeeded -- 14.222s
[INFO] Linking into /home/travis/build/passed/google/auto/value/target/it/gwtserializer/target/gwt-tests/www/com.google.auto.value.GwtSerializerSuite.JUnit
[INFO]    Link succeeded
[INFO]    Linking succeeded -- 0.130s
[INFO] Starting http://localhost:42787/com.google.auto.value.GwtSerializerSuite.JUnit/junit.html on browser FF38
[INFO] 200 - GET /com.google.auto.value.GwtSerializerSuite.JUnit/junit.html (127.0.0.1)
[INFO] 200 - GET /com.google.auto.value.GwtSerializerSuite.JUnit/com.google.auto.value.GwtSerializerSuite.JUnit.nocache.js (127.0.0.1)
[INFO] 200 - GET /com.google.auto.value.GwtSerializerSuite.JUnit/5AC561012BEBD5C658BEDEFB1962F510.cache.js (127.0.0.1)
[INFO] 200 - POST /com.google.auto.value.GwtSerializerSuite.JUnit/junithost (127.0.0.1) 228 bytes
[INFO] 200 - POST /com.google.auto.value.GwtSerializerSuite.JUnit/test (127.0.0.1) 147 bytes
[INFO] 200 - POST /com.google.auto.value.GwtSerializerSuite.JUnit/junithost (127.0.0.1) 198 bytes
[INFO] 200 - POST /com.google.auto.value.GwtSerializerSuite.JUnit/test (127.0.0.1) 155 bytes
[INFO] 200 - POST /com.google.auto.value.GwtSerializerSuite.JUnit/junithost (127.0.0.1) 197 bytes
[INFO] 200 - POST /com.google.auto.value.GwtSerializerSuite.JUnit/test (127.0.0.1) 108 bytes
[INFO] 200 - POST /com.google.auto.value.GwtSerializerSuite.JUnit/junithost (127.0.0.1) 189 bytes
[INFO] 200 - POST /com.google.auto.value.GwtSerializerSuite.JUnit/test (127.0.0.1) 137 bytes
[INFO] 200 - POST /com.google.auto.value.GwtSerializerSuite.JUnit/junithost (127.0.0.1) 189 bytes
[INFO] 200 - POST /com.google.auto.value.GwtSerializerSuite.JUnit/test (127.0.0.1) 143 bytes
[INFO] 200 - POST /com.google.auto.value.GwtSerializerSuite.JUnit/junithost (127.0.0.1) 188 bytes
[INFO] 200 - POST /com.google.auto.value.GwtSerializerSuite.JUnit/test (127.0.0.1) 98 bytes
[INFO] Tests run: 6, Failures: 0, Errors: 0, Skipped: 0, Time elapsed: 20.038 sec - in com.google.auto.value.GwtSerializerSuite
[INFO] 
[INFO] Results :
[INFO] 
[INFO] Tests run: 6, Failures: 0, Errors: 0, Skipped: 0
[INFO] 
[INFO] [INFO] 
[INFO] [INFO] --- maven-jar-plugin:2.6:jar (default-jar) @ gwtserializer ---
[INFO] [WARNING] JAR will be empty - no content was marked for inclusion!
[INFO] [INFO] Building jar: /home/travis/build/passed/google/auto/value/target/it/gwtserializer/target/gwtserializer-HEAD-SNAPSHOT.jar
[INFO] [INFO] ------------------------------------------------------------------------
[INFO] [INFO] BUILD SUCCESS
[INFO] [INFO] ------------------------------------------------------------------------
[INFO] [INFO] Total time: 48.099 s
[INFO] [INFO] Finished at: 2020-12-16T17:08:31+00:00
[INFO] [INFO] Final Memory: 31M/366M
[INFO] [INFO] ------------------------------------------------------------------------
[INFO] ..SUCCESS (49.6 s)
[INFO] -------------------------------------------------
[INFO] Build Summary:
[INFO]   Passed: 2, Failed: 0, Errors: 0, Skipped: 0
[INFO] -------------------------------------------------
[INFO]                                                                         
[INFO] ------------------------------------------------------------------------
[INFO] Building build-only NO_VERSION
[INFO] ------------------------------------------------------------------------
[INFO] ------------------------------------------------------------------------
[INFO] Reactor Summary:
[INFO] 
[INFO] Auto (Parent) ...................................... SUCCESS [  0.295 s]
[INFO] Auto Common Libraries .............................. SUCCESS [  9.057 s]
[INFO] AutoFactory ........................................ SUCCESS [ 20.190 s]
[INFO] AutoService ........................................ SUCCESS [  0.993 s]
[INFO] AutoValue .......................................... SUCCESS [01:32 min]
[INFO] build-only ......................................... SUCCESS [  0.000 s]
[INFO] ------------------------------------------------------------------------
[INFO] BUILD SUCCESS
[INFO] ------------------------------------------------------------------------
[INFO] Total time: 02:03 min
[INFO] Finished at: 2020-12-16T17:08:32+00:00
[INFO] Final Memory: 33M/462M
[INFO] ------------------------------------------------------------------------

travis_time:end:124f4d06:start=1608138387949770150,finish=1608138512622538038,duration=124672767888[0K
[32;1mThe command "mvn -Dhttps.protocols=TLSv1.2 -B -U -f build-pom.xml verify --fail-at-end -Dsource.skip=true -Dmaven.javadoc.skip=true" exited with 0.[0m
travis_fold:start:after_success.1[0Ktravis_time:start:08397480[0K$ util/generate-latest-docs.sh

travis_time:end:08397480:start=1608138512633678639,finish=1608138512698732019,duration=65053380[0Ktravis_fold:end:after_success.1[0Ktravis_fold:start:after_success.2[0Ktravis_time:start:0fd0a61c[0K$ util/publish-snapshot-on-commit.sh

travis_time:end:0fd0a61c:start=1608138512710488528,finish=1608138512743444701,duration=32956173[0Ktravis_fold:end:after_success.2[0K
Done. Your build exited with 0.
