travis_fold:start:system_info[0K[33;1mBuild system information[0m
Build language: java
Build group: stable
Build dist: precise
Build id: ''
Job id: ''
[34m[1mBuild image provisioning date and time[0m
Thu Feb  5 15:09:33 UTC 2015
[34m[1mOperating System Details[0m
Distributor ID:	Ubuntu
Description:	Ubuntu 12.04.5 LTS
Release:	12.04
Codename:	precise
[34m[1mLinux Version[0m
3.13.0-29-generic
[34m[1mCookbooks Version[0m
a68419e https://github.com/travis-ci/travis-cookbooks/tree/a68419e
[34m[1mGCC version[0m
gcc (Ubuntu/Linaro 4.6.3-1ubuntu5) 4.6.3
Copyright (C) 2011 Free Software Foundation, Inc.
This is free software; see the source for copying conditions.  There is NO
warranty; not even for MERCHANTABILITY or FITNESS FOR A PARTICULAR PURPOSE.

[34m[1mLLVM version[0m
clang version 3.4 (tags/RELEASE_34/final)
Target: x86_64-unknown-linux-gnu
Thread model: posix
[34m[1mPre-installed Ruby versions[0m
ruby-1.9.3-p551
[34m[1mPre-installed Node.js versions[0m
v0.10.36
[34m[1mPre-installed Go versions[0m
1.4.1
[34m[1mRedis version[0m
redis-server 2.8.19
[34m[1mriak version[0m
2.0.2
[34m[1mMongoDB version[0m
MongoDB 2.4.12
[34m[1mCouchDB version[0m
couchdb 1.6.1
[34m[1mNeo4j version[0m
1.9.4
[34m[1mRabbitMQ Version[0m
3.4.3
[34m[1mElasticSearch version[0m
1.4.0
[34m[1mInstalled Sphinx versions[0m
2.0.10
2.1.9
2.2.6
[34m[1mDefault Sphinx version[0m
2.2.6
[34m[1mInstalled Firefox version[0m
firefox 31.0esr
[34m[1mPhantomJS version[0m
1.9.8
[34m[1mant -version[0m
Apache Ant(TM) version 1.8.2 compiled on December 3 2011
[34m[1mmvn -version[0m
Apache Maven 3.2.5 (12a6b3acb947671f09b81f49094c53f426d8cea1; 2014-12-14T17:29:23+00:00)
Maven home: /usr/local/maven
Java version: 1.7.0_76, vendor: Oracle Corporation
Java home: /usr/lib/jvm/java-7-oracle/jre
Default locale: en_US, platform encoding: ANSI_X3.4-1968
OS name: "linux", version: "3.13.0-29-generic", arch: "amd64", family: "unix"
travis_fold:end:system_info[0K
W: Failed to fetch http://security.ubuntu.com/ubuntu/dists/precise-security/main/source/Sources  404  Not Found [IP: 91.189.91.39 80]

W: Failed to fetch http://security.ubuntu.com/ubuntu/dists/precise-security/restricted/source/Sources  404  Not Found [IP: 91.189.91.39 80]

W: Failed to fetch http://security.ubuntu.com/ubuntu/dists/precise-security/universe/source/Sources  404  Not Found [IP: 91.189.91.39 80]

W: Failed to fetch http://security.ubuntu.com/ubuntu/dists/precise-security/multiverse/source/Sources  404  Not Found [IP: 91.189.91.39 80]

W: Failed to fetch http://security.ubuntu.com/ubuntu/dists/precise-security/main/binary-amd64/Packages  404  Not Found [IP: 91.189.91.39 80]

W: Failed to fetch http://security.ubuntu.com/ubuntu/dists/precise-security/restricted/binary-amd64/Packages  404  Not Found [IP: 91.189.91.39 80]

W: Failed to fetch http://security.ubuntu.com/ubuntu/dists/precise-security/universe/binary-amd64/Packages  404  Not Found [IP: 91.189.91.39 80]

W: Failed to fetch http://security.ubuntu.com/ubuntu/dists/precise-security/multiverse/binary-amd64/Packages  404  Not Found [IP: 91.189.91.39 80]

W: Failed to fetch http://security.ubuntu.com/ubuntu/dists/precise-security/main/binary-i386/Packages  404  Not Found [IP: 91.189.91.39 80]

W: Failed to fetch http://security.ubuntu.com/ubuntu/dists/precise-security/restricted/binary-i386/Packages  404  Not Found [IP: 91.189.91.39 80]

W: Failed to fetch http://security.ubuntu.com/ubuntu/dists/precise-security/universe/binary-i386/Packages  404  Not Found [IP: 91.189.91.39 80]

W: Failed to fetch http://security.ubuntu.com/ubuntu/dists/precise-security/multiverse/binary-i386/Packages  404  Not Found [IP: 91.189.91.39 80]

W: Failed to fetch http://us.archive.ubuntu.com/ubuntu/dists/precise/main/source/Sources  404  Not Found [IP: 91.189.91.38 80]

W: Failed to fetch http://us.archive.ubuntu.com/ubuntu/dists/precise/restricted/source/Sources  404  Not Found [IP: 91.189.91.38 80]

W: Failed to fetch http://us.archive.ubuntu.com/ubuntu/dists/precise/universe/source/Sources  404  Not Found [IP: 91.189.91.38 80]

W: Failed to fetch http://us.archive.ubuntu.com/ubuntu/dists/precise/multiverse/source/Sources  404  Not Found [IP: 91.189.91.38 80]

W: Failed to fetch http://us.archive.ubuntu.com/ubuntu/dists/precise/main/binary-amd64/Packages  404  Not Found [IP: 91.189.91.38 80]

W: Failed to fetch http://us.archive.ubuntu.com/ubuntu/dists/precise/restricted/binary-amd64/Packages  404  Not Found [IP: 91.189.91.38 80]

W: Failed to fetch http://us.archive.ubuntu.com/ubuntu/dists/precise/universe/binary-amd64/Packages  404  Not Found [IP: 91.189.91.38 80]

W: Failed to fetch http://us.archive.ubuntu.com/ubuntu/dists/precise/multiverse/binary-amd64/Packages  404  Not Found [IP: 91.189.91.38 80]

W: Failed to fetch http://us.archive.ubuntu.com/ubuntu/dists/precise/main/binary-i386/Packages  404  Not Found [IP: 91.189.91.38 80]

W: Failed to fetch http://us.archive.ubuntu.com/ubuntu/dists/precise/restricted/binary-i386/Packages  404  Not Found [IP: 91.189.91.38 80]

W: Failed to fetch http://us.archive.ubuntu.com/ubuntu/dists/precise/universe/binary-i386/Packages  404  Not Found [IP: 91.189.91.38 80]

W: Failed to fetch http://us.archive.ubuntu.com/ubuntu/dists/precise/multiverse/binary-i386/Packages  404  Not Found [IP: 91.189.91.38 80]

W: Failed to fetch http://us.archive.ubuntu.com/ubuntu/dists/precise-updates/main/source/Sources  404  Not Found [IP: 91.189.91.38 80]

W: Failed to fetch http://us.archive.ubuntu.com/ubuntu/dists/precise-updates/restricted/source/Sources  404  Not Found [IP: 91.189.91.38 80]

W: Failed to fetch http://us.archive.ubuntu.com/ubuntu/dists/precise-updates/universe/source/Sources  404  Not Found [IP: 91.189.91.38 80]

W: Failed to fetch http://us.archive.ubuntu.com/ubuntu/dists/precise-updates/multiverse/source/Sources  404  Not Found [IP: 91.189.91.38 80]

W: Failed to fetch http://us.archive.ubuntu.com/ubuntu/dists/precise-updates/main/binary-amd64/Packages  404  Not Found [IP: 91.189.91.38 80]

W: Failed to fetch http://us.archive.ubuntu.com/ubuntu/dists/precise-updates/restricted/binary-amd64/Packages  404  Not Found [IP: 91.189.91.38 80]

W: Failed to fetch http://us.archive.ubuntu.com/ubuntu/dists/precise-updates/universe/binary-amd64/Packages  404  Not Found [IP: 91.189.91.38 80]

W: Failed to fetch http://us.archive.ubuntu.com/ubuntu/dists/precise-updates/multiverse/binary-amd64/Packages  404  Not Found [IP: 91.189.91.38 80]

W: Failed to fetch http://us.archive.ubuntu.com/ubuntu/dists/precise-updates/main/binary-i386/Packages  404  Not Found [IP: 91.189.91.38 80]

W: Failed to fetch http://us.archive.ubuntu.com/ubuntu/dists/precise-updates/restricted/binary-i386/Packages  404  Not Found [IP: 91.189.91.38 80]

W: Failed to fetch http://us.archive.ubuntu.com/ubuntu/dists/precise-updates/universe/binary-i386/Packages  404  Not Found [IP: 91.189.91.38 80]

W: Failed to fetch http://us.archive.ubuntu.com/ubuntu/dists/precise-updates/multiverse/binary-i386/Packages  404  Not Found [IP: 91.189.91.38 80]

W: Failed to fetch http://us.archive.ubuntu.com/ubuntu/dists/precise-backports/main/source/Sources  404  Not Found [IP: 91.189.91.38 80]

W: Failed to fetch http://us.archive.ubuntu.com/ubuntu/dists/precise-backports/restricted/source/Sources  404  Not Found [IP: 91.189.91.38 80]

W: Failed to fetch http://us.archive.ubuntu.com/ubuntu/dists/precise-backports/universe/source/Sources  404  Not Found [IP: 91.189.91.38 80]

W: Failed to fetch http://us.archive.ubuntu.com/ubuntu/dists/precise-backports/multiverse/source/Sources  404  Not Found [IP: 91.189.91.38 80]

W: Failed to fetch http://us.archive.ubuntu.com/ubuntu/dists/precise-backports/main/binary-amd64/Packages  404  Not Found [IP: 91.189.91.38 80]

W: Failed to fetch http://us.archive.ubuntu.com/ubuntu/dists/precise-backports/restricted/binary-amd64/Packages  404  Not Found [IP: 91.189.91.38 80]

W: Failed to fetch http://us.archive.ubuntu.com/ubuntu/dists/precise-backports/universe/binary-amd64/Packages  404  Not Found [IP: 91.189.91.38 80]

W: Failed to fetch http://us.archive.ubuntu.com/ubuntu/dists/precise-backports/multiverse/binary-amd64/Packages  404  Not Found [IP: 91.189.91.38 80]

W: Failed to fetch http://us.archive.ubuntu.com/ubuntu/dists/precise-backports/main/binary-i386/Packages  404  Not Found [IP: 91.189.91.38 80]

W: Failed to fetch http://us.archive.ubuntu.com/ubuntu/dists/precise-backports/restricted/binary-i386/Packages  404  Not Found [IP: 91.189.91.38 80]

W: Failed to fetch http://us.archive.ubuntu.com/ubuntu/dists/precise-backports/universe/binary-i386/Packages  404  Not Found [IP: 91.189.91.38 80]

W: Failed to fetch http://us.archive.ubuntu.com/ubuntu/dists/precise-backports/multiverse/binary-i386/Packages  404  Not Found [IP: 91.189.91.38 80]

W: Failed to fetch http://apt.postgresql.org/pub/repos/apt/dists/precise-pgdg/main/binary-amd64/Packages  404  Not Found [IP: 87.238.57.227 80]

W: Failed to fetch http://apt.postgresql.org/pub/repos/apt/dists/precise-pgdg/main/binary-i386/Packages  404  Not Found [IP: 87.238.57.227 80]

W: Failed to fetch http://ppa.launchpad.net/rwky/ppa/ubuntu/dists/precise/main/binary-amd64/Packages  403  Forbidden

W: Failed to fetch http://ppa.launchpad.net/rwky/ppa/ubuntu/dists/precise/main/binary-i386/Packages  403  Forbidden

W: Failed to fetch http://ppa.launchpad.net/travis-ci/zero-mq/ubuntu/dists/precise/main/binary-amd64/Packages  403  Forbidden

W: Failed to fetch http://ppa.launchpad.net/travis-ci/zero-mq/ubuntu/dists/precise/main/binary-i386/Packages  403  Forbidden

W: Failed to fetch http://downloads-distro.mongodb.org/repo/debian-sysvinit/dists/dist/10gen/binary-amd64/Packages  Undetermined Error [IP: 54.175.147.155 80]

W: Failed to fetch http://downloads-distro.mongodb.org/repo/debian-sysvinit/dists/dist/10gen/binary-i386/Packages  Undetermined Error [IP: 54.175.147.155 80]

E: Some index files failed to download. They have been ignored, or old ones used instead.
sed: cannot rename /etc/hosts: Device or resource busy
sed: cannot rename /etc/hosts: Device or resource busy
$ jdk_switcher use oraclejdk8
Switching to Oracle JDK8 (java-8-oracle), JAVA_HOME will be set to /usr/lib/jvm/java-8-oracle
$ cd failed/brettwooldridge/HikariCP
travis_fold:start:cache.1[0KSetting up build cache
$ export CASHER_DIR=$HOME/.casher
travis_time:start:22ab6f92[0K
travis_time:end:22ab6f92:start=1642663631959124913,finish=1642663631967684420,duration=8559507[0Ktravis_time:start:00b3b750[0K/home/travis/.casher/bin/casher:213:in `cache_archive_name': undefined method `[]' for nil:NilClass (NoMethodError)
	from /home/travis/.casher/bin/casher:65:in `block in fetch'
	from /home/travis/.casher/bin/casher:64:in `each'
	from /home/travis/.casher/bin/casher:64:in `fetch'
	from /home/travis/.casher/bin/casher:53:in `block in run'
	from /home/travis/.rvm/rubies/ruby-1.9.3-p551/lib/ruby/1.9.1/timeout.rb:69:in `timeout'
	from /home/travis/.casher/bin/casher:53:in `run'
	from /home/travis/.casher/bin/casher:263:in `<main>'
[32;1mattempting to download cache archive[0m

travis_time:end:00b3b750:start=1642663631977022662,finish=1642663632762212466,duration=785189804[0Ktravis_time:start:059cb5a8[0K
travis_time:end:059cb5a8:start=1642663632771200188,finish=1642663632780263130,duration=9062942[0Ktravis_time:start:00280578[0K[32;1madding /home/travis/.m2/repository to cache[0m

travis_time:end:00280578:start=1642663632789028150,finish=1642663634069328534,duration=1280300384[0Ktravis_fold:end:cache.1[0K$ java -Xmx32m -version
java version "1.8.0_31"
Java(TM) SE Runtime Environment (build 1.8.0_31-b13)
Java HotSpot(TM) 64-Bit Server VM (build 25.31-b07, mixed mode)
$ javac -J-Xmx32m -version
javac 1.8.0_31
travis_fold:start:install[0Ktravis_time:start:07cf7fe0[0K$ /bin/true

travis_time:end:07cf7fe0:start=1642663634323651077,finish=1642663634518213880,duration=194562803[0Ktravis_fold:end:install[0Ktravis_time:start:1434c298[0K$ mvn -o install -Dhttps.protocols=TLSv1.2 -Dhttps.protocols=TLSv1.2 -Dhttps.protocols=TLSv1.2 -Dmaven.javadoc.skip=true -V -B
Java HotSpot(TM) 64-Bit Server VM warning: ignoring option MaxPermSize=192m; support was removed in 8.0
Apache Maven 3.2.5 (12a6b3acb947671f09b81f49094c53f426d8cea1; 2014-12-14T17:29:23+00:00)
Maven home: /usr/local/maven
Java version: 1.8.0_31, vendor: Oracle Corporation
Java home: /usr/lib/jvm/java-8-oracle/jre
Default locale: en_US, platform encoding: UTF-8
OS name: "linux", version: "4.15.0-109-generic", arch: "amd64", family: "unix"
[INFO] Scanning for projects...
[INFO]                                                                         
[INFO] ------------------------------------------------------------------------
[INFO] Building HikariCP 2.4.9-SNAPSHOT
[INFO] ------------------------------------------------------------------------
[INFO] 
[INFO] --- maven-enforcer-plugin:1.2:enforce (enforce-maven) @ HikariCP-java7 ---
[INFO] 
[INFO] --- jacoco-maven-plugin:0.7.7.201606060606:prepare-agent (pre-unit-test) @ HikariCP-java7 ---
[INFO] surefireArgLine set to -javaagent:/home/travis/.m2/repository/org/jacoco/org.jacoco.agent/0.7.7.201606060606/org.jacoco.agent-0.7.7.201606060606-runtime.jar=destfile=/home/travis/build/failed/brettwooldridge/HikariCP/target/coverage-reports/jacoco.exec,excludes=**/com/zaxxer/hikari/pool/HikariProxy*:**/com/zaxxer/hikari/metrics/**
[INFO] 
[INFO] --- maven-resources-plugin:3.2.0:resources (default-resources) @ HikariCP-java7 ---
[INFO] Using 'UTF-8' encoding to copy filtered resources.
[INFO] Using 'UTF-8' encoding to copy filtered properties files.
[INFO] skip non existing resourceDirectory /home/travis/build/failed/brettwooldridge/HikariCP/src/main/resources
[INFO] 
[INFO] --- maven-compiler-plugin:3.5.1:compile (default-compile) @ HikariCP-java7 ---
[INFO] Nothing to compile - all classes are up to date
[INFO] 
[INFO] --- exec-maven-plugin:1.5.0:java (default) @ HikariCP-java7 ---
Generating com.zaxxer.hikari.pool.HikariProxyConnection
Generating com.zaxxer.hikari.pool.HikariProxyStatement
Generating com.zaxxer.hikari.pool.HikariProxyResultSet
Generating com.zaxxer.hikari.pool.HikariProxyPreparedStatement
Generating com.zaxxer.hikari.pool.HikariProxyCallableStatement
Generating method bodies for com.zaxxer.hikari.proxy.ProxyFactory
[INFO] 
[INFO] --- maven-bundle-plugin:3.2.0:manifest (default) @ HikariCP-java7 ---
[INFO] 
[INFO] --- maven-resources-plugin:3.2.0:testResources (default-testResources) @ HikariCP-java7 ---
[INFO] Using 'UTF-8' encoding to copy filtered resources.
[INFO] Using 'UTF-8' encoding to copy filtered properties files.
[INFO] Copying 5 resources
[INFO] 
[INFO] --- maven-compiler-plugin:3.5.1:testCompile (default-testCompile) @ HikariCP-java7 ---
[INFO] Nothing to compile - all classes are up to date
[INFO] 
[INFO] --- maven-surefire-plugin:2.19.1:test (default-test) @ HikariCP-java7 ---

-------------------------------------------------------
 T E S T S
-------------------------------------------------------
Running com.zaxxer.hikari.db.BasicPoolTest
     1 [main                      ] INFO  HikariDataSource     - HikariPool-1 - Started.
     2 [main                      ] INFO  HikariPool           - HikariPool-1 - Close initiated...
     3 [main                      ] INFO  HikariPool           - HikariPool-1 - Closed.
     4 [main                      ] INFO  HikariDataSource     - HikariPool-2 - Started.
     5 [main                      ] INFO  HikariPool           - HikariPool-2 - Close initiated...
     6 [main                      ] INFO  HikariPool           - HikariPool-2 - Closed.
     7 [main                      ] INFO  HikariDataSource     - HikariPool-3 - Started.
     8 [main                      ] INFO  HikariPool           - HikariPool-3 - Close initiated...
     9 [main                      ] INFO  HikariPool           - HikariPool-3 - Closed.
    10 [main                      ] INFO  HikariDataSource     - HikariPool-4 - Started.
    11 [main                      ] INFO  HikariPool           - HikariPool-4 - Close initiated...
    12 [main                      ] INFO  HikariPool           - HikariPool-4 - Closed.
Tests run: 2, Failures: 0, Errors: 0, Skipped: 0, Time elapsed: 31.377 sec - in com.zaxxer.hikari.db.BasicPoolTest
Running com.zaxxer.hikari.metrics.dropwizard.CodaHaleMetricsTrackerTest
Tests run: 1, Failures: 0, Errors: 0, Skipped: 0, Time elapsed: 5.64 sec - in com.zaxxer.hikari.metrics.dropwizard.CodaHaleMetricsTrackerTest
Running com.zaxxer.hikari.metrics.prometheus.HikariCPCollectorTest
     1 [main                      ] INFO  HikariDataSource     - connectionClosed - Started.
     2 [main                      ] INFO  HikariDataSource     - no_connection - Started.
     3 [main                      ] INFO  HikariDataSource     - HikariPool-1 - Started.
     4 [main                      ] INFO  HikariDataSource     - connection1 - Started.
Tests run: 4, Failures: 0, Errors: 0, Skipped: 0, Time elapsed: 1.209 sec - in com.zaxxer.hikari.metrics.prometheus.HikariCPCollectorTest
Running com.zaxxer.hikari.metrics.prometheus.PrometheusMetricsTrackerTest
     1 [main                      ] INFO  HikariDataSource     - record - Started.
Tests run: 1, Failures: 0, Errors: 0, Skipped: 0, Time elapsed: 1.41 sec - in com.zaxxer.hikari.metrics.prometheus.PrometheusMetricsTrackerTest
Running com.zaxxer.hikari.osgi.OSGiBundleTest
     1 [main                      ] INFO  DefaultExamSystem    - Pax Exam System (Version: 4.9.1) created.
     2 [main                      ] INFO  ProbeRunner          - creating PaxExam runner for class com.zaxxer.hikari.osgi.OSGiBundleTest
     3 [main                      ] INFO  ProbeRunner          - running test class com.zaxxer.hikari.osgi.OSGiBundleTest
     4 [main                      ] INFO  ReactorManager       - suite finished
Tests run: 2, Failures: 0, Errors: 0, Skipped: 0, Time elapsed: 41.457 sec - in com.zaxxer.hikari.osgi.OSGiBundleTest
Running com.zaxxer.hikari.pool.ConcurrentCloseConnectionTest
     1 [main                      ] INFO  HikariDataSource     - HikariPool-1 - Started.
     2 [main                      ] INFO  HikariPool           - HikariPool-1 - Close initiated...
     3 [main                      ] INFO  HikariPool           - HikariPool-1 - Closed.
Tests run: 1, Failures: 0, Errors: 0, Skipped: 0, Time elapsed: 0.721 sec - in com.zaxxer.hikari.pool.ConcurrentCloseConnectionTest
Running com.zaxxer.hikari.pool.ConnectionRaceConditionTest
     1 [main                      ] INFO  HikariDataSource     - HikariPool-1 - Started.
     2 [main                      ] INFO  HikariPool           - HikariPool-1 - Close initiated...
     3 [main                      ] INFO  HikariPool           - HikariPool-1 - Closed.
Tests run: 1, Failures: 0, Errors: 0, Skipped: 0, Time elapsed: 0.951 sec - in com.zaxxer.hikari.pool.ConnectionRaceConditionTest
Running com.zaxxer.hikari.pool.ConnectionStateTest
     1 [main                      ] INFO  HikariDataSource     - HikariPool-1 - Started.
     2 [main                      ] INFO  HikariPool           - HikariPool-1 - Close initiated...
     3 [main                      ] INFO  HikariPool           - HikariPool-1 - Closed.
     4 [main                      ] INFO  HikariDataSource     - HikariPool-2 - Started.
     5 [main                      ] INFO  HikariPool           - HikariPool-2 - Close initiated...
     6 [main                      ] INFO  HikariPool           - HikariPool-2 - Closed.
     7 [main                      ] INFO  HikariDataSource     - HikariPool-3 - Started.
     8 [main                      ] INFO  HikariPool           - HikariPool-3 - Close initiated...
     9 [main                      ] INFO  HikariPool           - HikariPool-3 - Closed.
    10 [main                      ] INFO  HikariDataSource     - HikariPool-4 - Started.
    11 [main                      ] INFO  HikariPool           - HikariPool-4 - Close initiated...
    12 [main                      ] INFO  HikariPool           - HikariPool-4 - Closed.
    13 [main                      ] INFO  HikariDataSource     - HikariPool-6 - Started.
    14 [main                      ] INFO  HikariPool           - HikariPool-6 - Close initiated...
    15 [main                      ] INFO  HikariPool           - HikariPool-6 - Closed.
Tests run: 6, Failures: 0, Errors: 0, Skipped: 0, Time elapsed: 0.647 sec - in com.zaxxer.hikari.pool.ConnectionStateTest
Running com.zaxxer.hikari.pool.ExceptionTest
     1 [main                      ] INFO  HikariDataSource     - HikariPool-1 - Started.
     2 [main                      ] WARN  ProxyConnection      - HikariPool-1 - Connection com.zaxxer.hikari.mocks.StubConnection@6a1d526c marked as broken because of SQLSTATE(08999), ErrorCode(0)
java.sql.SQLException: No reason
	at com.zaxxer.hikari.mocks.StubPreparedStatement.getMaxFieldSize(StubPreparedStatement.java:71) ~[test-classes/:?]
	at com.zaxxer.hikari.pool.HikariProxyPreparedStatement.getMaxFieldSize(HikariProxyPreparedStatement.java) [classes/:?]
	at com.zaxxer.hikari.pool.ExceptionTest.testException1(ExceptionTest.java:68) [test-classes/:?]
	at sun.reflect.NativeMethodAccessorImpl.invoke0(Native Method) ~[?:1.8.0_31]
	at sun.reflect.NativeMethodAccessorImpl.invoke(NativeMethodAccessorImpl.java:62) ~[?:1.8.0_31]
	at sun.reflect.DelegatingMethodAccessorImpl.invoke(DelegatingMethodAccessorImpl.java:43) ~[?:1.8.0_31]
	at java.lang.reflect.Method.invoke(Method.java:483) ~[?:1.8.0_31]
	at org.junit.runners.model.FrameworkMethod$1.runReflectiveCall(FrameworkMethod.java:50) [junit-4.12.jar:4.12]
	at org.junit.internal.runners.model.ReflectiveCallable.run(ReflectiveCallable.java:12) [junit-4.12.jar:4.12]
	at org.junit.runners.model.FrameworkMethod.invokeExplosively(FrameworkMethod.java:47) [junit-4.12.jar:4.12]
	at org.junit.internal.runners.statements.InvokeMethod.evaluate(InvokeMethod.java:17) [junit-4.12.jar:4.12]
	at org.junit.internal.runners.statements.RunBefores.evaluate(RunBefores.java:26) [junit-4.12.jar:4.12]
	at org.junit.internal.runners.statements.RunAfters.evaluate(RunAfters.java:27) [junit-4.12.jar:4.12]
	at org.junit.runners.ParentRunner.runLeaf(ParentRunner.java:325) [junit-4.12.jar:4.12]
	at org.junit.runners.BlockJUnit4ClassRunner.runChild(BlockJUnit4ClassRunner.java:78) [junit-4.12.jar:4.12]
	at org.junit.runners.BlockJUnit4ClassRunner.runChild(BlockJUnit4ClassRunner.java:57) [junit-4.12.jar:4.12]
	at org.junit.runners.ParentRunner$3.run(ParentRunner.java:290) [junit-4.12.jar:4.12]
	at org.junit.runners.ParentRunner$1.schedule(ParentRunner.java:71) [junit-4.12.jar:4.12]
	at org.junit.runners.ParentRunner.runChildren(ParentRunner.java:288) [junit-4.12.jar:4.12]
	at org.junit.runners.ParentRunner.access$000(ParentRunner.java:58) [junit-4.12.jar:4.12]
	at org.junit.runners.ParentRunner$2.evaluate(ParentRunner.java:268) [junit-4.12.jar:4.12]
	at org.junit.runners.ParentRunner.run(ParentRunner.java:363) [junit-4.12.jar:4.12]
	at org.apache.maven.surefire.junit4.JUnit4Provider.execute(JUnit4Provider.java:367) [surefire-junit4-2.19.1.jar:2.19.1]
	at org.apache.maven.surefire.junit4.JUnit4Provider.executeWithRerun(JUnit4Provider.java:274) [surefire-junit4-2.19.1.jar:2.19.1]
	at org.apache.maven.surefire.junit4.JUnit4Provider.executeTestSet(JUnit4Provider.java:238) [surefire-junit4-2.19.1.jar:2.19.1]
	at org.apache.maven.surefire.junit4.JUnit4Provider.invoke(JUnit4Provider.java:161) [surefire-junit4-2.19.1.jar:2.19.1]
	at org.apache.maven.surefire.booter.ForkedBooter.invokeProviderInSameClassLoader(ForkedBooter.java:290) [surefire-booter-2.19.1.jar:2.19.1]
	at org.apache.maven.surefire.booter.ForkedBooter.runSuitesInProcess(ForkedBooter.java:242) [surefire-booter-2.19.1.jar:2.19.1]
	at org.apache.maven.surefire.booter.ForkedBooter.main(ForkedBooter.java:121) [surefire-booter-2.19.1.jar:2.19.1]
     3 [main                      ] INFO  HikariPool           - HikariPool-1 - Close initiated...
     4 [main                      ] INFO  HikariPool           - HikariPool-1 - Closed.
     5 [main                      ] INFO  HikariDataSource     - HikariPool-2 - Started.
     6 [main                      ] INFO  HikariPool           - HikariPool-2 - Close initiated...
     7 [main                      ] INFO  HikariPool           - HikariPool-2 - Closed.
     8 [main                      ] INFO  HikariDataSource     - HikariPool-3 - Started.
     9 [main                      ] INFO  HikariPool           - HikariPool-3 - Close initiated...
    10 [main                      ] INFO  HikariPool           - HikariPool-3 - Closed.
Tests run: 3, Failures: 0, Errors: 0, Skipped: 0, Time elapsed: 0.672 sec - in com.zaxxer.hikari.pool.ExceptionTest
Running com.zaxxer.hikari.pool.IsolationTest
     1 [main                      ] INFO  HikariDataSource     - HikariPool-1 - Started.
     2 [main                      ] INFO  HikariPool           - HikariPool-1 - Close initiated...
     3 [main                      ] INFO  HikariPool           - HikariPool-1 - Closed.
     4 [main                      ] INFO  HikariDataSource     - HikariPool-2 - Started.
     5 [main                      ] INFO  HikariPool           - HikariPool-2 - Close initiated...
     6 [main                      ] INFO  HikariPool           - HikariPool-2 - Closed.
Tests run: 2, Failures: 0, Errors: 0, Skipped: 0, Time elapsed: 0.642 sec - in com.zaxxer.hikari.pool.IsolationTest
Running com.zaxxer.hikari.pool.JdbcDriverTest
     1 [main                      ] INFO  HikariDataSource     - HikariPool-1 - Started.
     2 [main                      ] INFO  HikariPool           - HikariPool-1 - Close initiated...
     3 [main                      ] INFO  HikariPool           - HikariPool-1 - Closed.
     4 [main                      ] INFO  HikariDataSource     - HikariPool-2 - Started.
Tests run: 2, Failures: 0, Errors: 0, Skipped: 0, Time elapsed: 0.887 sec - in com.zaxxer.hikari.pool.JdbcDriverTest
Running com.zaxxer.hikari.pool.MiscTest
     1 [main                      ] INFO  HikariDataSource     - test - Started.
     2 [main                      ] INFO  HikariPool           - test - Close initiated...
     3 [main                      ] INFO  HikariPool           - test - Closed.
     4 [main                      ] INFO  HikariDataSource     - test - Started.
     5 [main                      ] DEBUG HikariPool           - test - stats (total=0, active=0, idle=0, waiting=0)
     6 [pool-2-thread-2           ] DEBUG HikariPool           - test - Added connection com.zaxxer.hikari.mocks.StubConnection@651ce998
     7 [pool-2-thread-1           ] DEBUG HikariPool           - test - Pool stats (total=1, active=1, idle=0, waiting=0)
     8 [pool-2-thread-1           ] WARN  ProxyLeakTask        - Connection leak detection triggered for com.zaxxer.hikari.mocks.StubConnection@651ce998, stack trace follows
java.lang.Exception: Apparent connection leak detected
	at com.zaxxer.hikari.pool.MiscTest.testLeakDetection(MiscTest.java:107) ~[test-classes/:?]
	at sun.reflect.NativeMethodAccessorImpl.invoke0(Native Method) ~[?:1.8.0_31]
	at sun.reflect.NativeMethodAccessorImpl.invoke(NativeMethodAccessorImpl.java:62) ~[?:1.8.0_31]
	at sun.reflect.DelegatingMethodAccessorImpl.invoke(DelegatingMethodAccessorImpl.java:43) ~[?:1.8.0_31]
	at java.lang.reflect.Method.invoke(Method.java:483) ~[?:1.8.0_31]
	at org.junit.runners.model.FrameworkMethod$1.runReflectiveCall(FrameworkMethod.java:50) ~[junit-4.12.jar:4.12]
	at org.junit.internal.runners.model.ReflectiveCallable.run(ReflectiveCallable.java:12) ~[junit-4.12.jar:4.12]
	at org.junit.runners.model.FrameworkMethod.invokeExplosively(FrameworkMethod.java:47) ~[junit-4.12.jar:4.12]
	at org.junit.internal.runners.statements.InvokeMethod.evaluate(InvokeMethod.java:17) ~[junit-4.12.jar:4.12]
	at org.junit.runners.ParentRunner.runLeaf(ParentRunner.java:325) ~[junit-4.12.jar:4.12]
	at org.junit.runners.BlockJUnit4ClassRunner.runChild(BlockJUnit4ClassRunner.java:78) ~[junit-4.12.jar:4.12]
	at org.junit.runners.BlockJUnit4ClassRunner.runChild(BlockJUnit4ClassRunner.java:57) ~[junit-4.12.jar:4.12]
	at org.junit.runners.ParentRunner$3.run(ParentRunner.java:290) ~[junit-4.12.jar:4.12]
	at org.junit.runners.ParentRunner$1.schedule(ParentRunner.java:71) ~[junit-4.12.jar:4.12]
	at org.junit.runners.ParentRunner.runChildren(ParentRunner.java:288) ~[junit-4.12.jar:4.12]
	at org.junit.runners.ParentRunner.access$000(ParentRunner.java:58) ~[junit-4.12.jar:4.12]
	at org.junit.runners.ParentRunner$2.evaluate(ParentRunner.java:268) ~[junit-4.12.jar:4.12]
	at org.junit.runners.ParentRunner.run(ParentRunner.java:363) ~[junit-4.12.jar:4.12]
	at org.apache.maven.surefire.junit4.JUnit4Provider.execute(JUnit4Provider.java:367) ~[surefire-junit4-2.19.1.jar:2.19.1]
	at org.apache.maven.surefire.junit4.JUnit4Provider.executeWithRerun(JUnit4Provider.java:274) ~[surefire-junit4-2.19.1.jar:2.19.1]
	at org.apache.maven.surefire.junit4.JUnit4Provider.executeTestSet(JUnit4Provider.java:238) ~[surefire-junit4-2.19.1.jar:2.19.1]
	at org.apache.maven.surefire.junit4.JUnit4Provider.invoke(JUnit4Provider.java:161) ~[surefire-junit4-2.19.1.jar:2.19.1]
	at org.apache.maven.surefire.booter.ForkedBooter.invokeProviderInSameClassLoader(ForkedBooter.java:290) ~[surefire-booter-2.19.1.jar:2.19.1]
	at org.apache.maven.surefire.booter.ForkedBooter.runSuitesInProcess(ForkedBooter.java:242) ~[surefire-booter-2.19.1.jar:2.19.1]
	at org.apache.maven.surefire.booter.ForkedBooter.main(ForkedBooter.java:121) ~[surefire-booter-2.19.1.jar:2.19.1]
     9 [main                      ] INFO  ProxyLeakTask        - Previously reported leaked connection com.zaxxer.hikari.mocks.StubConnection@651ce998 was returned to the pool (unleaked)
    10 [main                      ] INFO  HikariPool           - test - Close initiated...
    11 [main                      ] DEBUG HikariPool           - test - Before closing stats (total=1, active=0, idle=1, waiting=0)
    12 [main                      ] DEBUG HikariPool           - test - After closing stats (total=0, active=0, idle=0, waiting=0)
    13 [main                      ] INFO  HikariPool           - test - Closed.
Tests run: 4, Failures: 0, Errors: 0, Skipped: 0, Time elapsed: 6.35 sec - in com.zaxxer.hikari.pool.MiscTest
Running com.zaxxer.hikari.pool.ShutdownTest
     1 [main                      ] INFO  HikariDataSource     - HikariPool-1 - Started.
     2 [ariPool-1 connection adder] DEBUG HikariPool           - HikariPool-1 - Added connection com.zaxxer.hikari.mocks.StubConnection@19ac2d65
     3 [ariPool-1 connection adder] DEBUG HikariPool           - HikariPool-1 - Added connection com.zaxxer.hikari.mocks.StubConnection@4859d7d8
     4 [Thread-2                  ] WARN  ProxyConnection      - HikariPool-1 - Connection com.zaxxer.hikari.mocks.StubConnection@4859d7d8 marked as broken because of SQLSTATE(08999), ErrorCode(0)
java.sql.SQLException: No reason
	at com.zaxxer.hikari.mocks.StubPreparedStatement.getMaxFieldSize(StubPreparedStatement.java:71) ~[test-classes/:?]
	at com.zaxxer.hikari.pool.HikariProxyPreparedStatement.getMaxFieldSize(HikariProxyPreparedStatement.java) [classes/:?]
	at com.zaxxer.hikari.pool.ShutdownTest$2.run(ShutdownTest.java:284) [test-classes/:?]
     6 [ariPool-1 connection adder] DEBUG HikariPool           - HikariPool-1 - Added connection com.zaxxer.hikari.mocks.StubConnection@341ea618
     5 [riPool-1 connection closer] DEBUG PoolBase             - HikariPool-1 - Closing connection com.zaxxer.hikari.mocks.StubConnection@4859d7d8: (connection is broken)
     7 [Thread-2                  ] WARN  ProxyConnection      - HikariPool-1 - Connection com.zaxxer.hikari.mocks.StubConnection@341ea618 marked as broken because of SQLSTATE(08999), ErrorCode(0)
java.sql.SQLException: No reason
	at com.zaxxer.hikari.mocks.StubPreparedStatement.getMaxFieldSize(StubPreparedStatement.java:71) ~[test-classes/:?]
	at com.zaxxer.hikari.pool.HikariProxyPreparedStatement.getMaxFieldSize(HikariProxyPreparedStatement.java) [classes/:?]
	at com.zaxxer.hikari.pool.ShutdownTest$2.run(ShutdownTest.java:284) [test-classes/:?]
     8 [riPool-1 connection closer] DEBUG PoolBase             - HikariPool-1 - Closing connection com.zaxxer.hikari.mocks.StubConnection@341ea618: (connection is broken)
     9 [ariPool-1 connection adder] DEBUG HikariPool           - HikariPool-1 - Added connection com.zaxxer.hikari.mocks.StubConnection@26934822
    10 [Thread-2                  ] WARN  ProxyConnection      - HikariPool-1 - Connection com.zaxxer.hikari.mocks.StubConnection@26934822 marked as broken because of SQLSTATE(08999), ErrorCode(0)
java.sql.SQLException: No reason
	at com.zaxxer.hikari.mocks.StubPreparedStatement.getMaxFieldSize(StubPreparedStatement.java:71) ~[test-classes/:?]
	at com.zaxxer.hikari.pool.HikariProxyPreparedStatement.getMaxFieldSize(HikariProxyPreparedStatement.java) [classes/:?]
	at com.zaxxer.hikari.pool.ShutdownTest$2.run(ShutdownTest.java:284) [test-classes/:?]
    11 [riPool-1 connection closer] DEBUG PoolBase             - HikariPool-1 - Closing connection com.zaxxer.hikari.mocks.StubConnection@26934822: (connection is broken)
    12 [ariPool-1 connection adder] DEBUG HikariPool           - HikariPool-1 - Added connection com.zaxxer.hikari.mocks.StubConnection@5e2c9e90
    13 [HikariPool-1 housekeeper  ] DEBUG HikariPool           - HikariPool-1 - Pool stats (total=2, active=2, idle=0, waiting=0)
    14 [ariPool-1 connection adder] DEBUG HikariPool           - HikariPool-1 - Added connection com.zaxxer.hikari.mocks.StubConnection@58cd759a
    15 [ariPool-1 connection adder] DEBUG HikariPool           - HikariPool-1 - Added connection com.zaxxer.hikari.mocks.StubConnection@19a226fd
    16 [Thread-3                  ] INFO  HikariPool           - HikariPool-1 - Close initiated...
    17 [Thread-3                  ] DEBUG HikariPool           - HikariPool-1 - Before closing stats (total=4, active=2, idle=2, waiting=0)
    18 [ariPool-1 connection adder] DEBUG HikariPool           - HikariPool-1 - After adding stats (total=4, active=2, idle=2, waiting=0)
    19 [riPool-1 connection closer] DEBUG PoolBase             - HikariPool-1 - Closing connection com.zaxxer.hikari.mocks.StubConnection@58cd759a: (connection evicted)
    20 [riPool-1 connection closer] DEBUG PoolBase             - HikariPool-1 - Closing connection com.zaxxer.hikari.mocks.StubConnection@19a226fd: (connection evicted)
    21 [Thread-3                  ] DEBUG PoolBase             - HikariPool-1 - Closing connection com.zaxxer.hikari.mocks.StubConnection@19ac2d65: (connection aborted during shutdown)
    22 [Thread-3                  ] DEBUG PoolBase             - HikariPool-1 - Closing connection com.zaxxer.hikari.mocks.StubConnection@5e2c9e90: (connection aborted during shutdown)
    23 [Thread-3                  ] DEBUG HikariPool           - HikariPool-1 - After closing stats (total=0, active=0, idle=0, waiting=0)
    24 [Thread-3                  ] INFO  HikariPool           - HikariPool-1 - Closed.
    25 [Thread-2                  ] WARN  ProxyConnection      - HikariPool-1 - Connection com.zaxxer.hikari.mocks.StubConnection@5e2c9e90 marked as broken because of SQLSTATE(08999), ErrorCode(0)
java.sql.SQLException: No reason
	at com.zaxxer.hikari.mocks.StubPreparedStatement.getMaxFieldSize(StubPreparedStatement.java:71) ~[test-classes/:?]
	at com.zaxxer.hikari.pool.HikariProxyPreparedStatement.getMaxFieldSize(HikariProxyPreparedStatement.java) [classes/:?]
	at com.zaxxer.hikari.pool.ShutdownTest$2.run(ShutdownTest.java:284) [test-classes/:?]
    26 [main                      ] INFO  HikariDataSource     - HikariPool-1 - Started.
    27 [ariPool-1 connection adder] DEBUG HikariPool           - HikariPool-1 - Added connection com.zaxxer.hikari.mocks.StubConnection@1cd6a57d
    28 [ariPool-1 connection adder] DEBUG HikariPool           - HikariPool-1 - Added connection com.zaxxer.hikari.mocks.StubConnection@12115897
    29 [Thread-4                  ] WARN  ProxyConnection      - HikariPool-1 - Connection com.zaxxer.hikari.mocks.StubConnection@12115897 marked as broken because of SQLSTATE(08999), ErrorCode(0)
java.sql.SQLException: No reason
	at com.zaxxer.hikari.mocks.StubPreparedStatement.getMaxFieldSize(StubPreparedStatement.java:71) ~[test-classes/:?]
	at com.zaxxer.hikari.pool.HikariProxyPreparedStatement.getMaxFieldSize(HikariProxyPreparedStatement.java) [classes/:?]
	at com.zaxxer.hikari.pool.ShutdownTest$2.run(ShutdownTest.java:284) [test-classes/:?]
    30 [riPool-1 connection closer] DEBUG PoolBase             - HikariPool-1 - Closing connection com.zaxxer.hikari.mocks.StubConnection@12115897: (connection is broken)
    31 [ariPool-1 connection adder] DEBUG HikariPool           - HikariPool-1 - Added connection com.zaxxer.hikari.mocks.StubConnection@162ece0d
    32 [Thread-4                  ] WARN  ProxyConnection      - HikariPool-1 - Connection com.zaxxer.hikari.mocks.StubConnection@162ece0d marked as broken because of SQLSTATE(08999), ErrorCode(0)
java.sql.SQLException: No reason
	at com.zaxxer.hikari.mocks.StubPreparedStatement.getMaxFieldSize(StubPreparedStatement.java:71) ~[test-classes/:?]
	at com.zaxxer.hikari.pool.HikariProxyPreparedStatement.getMaxFieldSize(HikariProxyPreparedStatement.java) [classes/:?]
	at com.zaxxer.hikari.pool.ShutdownTest$2.run(ShutdownTest.java:284) [test-classes/:?]
    33 [riPool-1 connection closer] DEBUG PoolBase             - HikariPool-1 - Closing connection com.zaxxer.hikari.mocks.StubConnection@162ece0d: (connection is broken)
    34 [ariPool-1 connection adder] DEBUG HikariPool           - HikariPool-1 - Added connection com.zaxxer.hikari.mocks.StubConnection@532c52ac
    35 [Thread-4                  ] WARN  ProxyConnection      - HikariPool-1 - Connection com.zaxxer.hikari.mocks.StubConnection@532c52ac marked as broken because of SQLSTATE(08999), ErrorCode(0)
java.sql.SQLException: No reason
	at com.zaxxer.hikari.mocks.StubPreparedStatement.getMaxFieldSize(StubPreparedStatement.java:71) ~[test-classes/:?]
	at com.zaxxer.hikari.pool.HikariProxyPreparedStatement.getMaxFieldSize(HikariProxyPreparedStatement.java) [classes/:?]
	at com.zaxxer.hikari.pool.ShutdownTest$2.run(ShutdownTest.java:284) [test-classes/:?]
    36 [riPool-1 connection closer] DEBUG PoolBase             - HikariPool-1 - Closing connection com.zaxxer.hikari.mocks.StubConnection@532c52ac: (connection is broken)
    37 [ariPool-1 connection adder] DEBUG HikariPool           - HikariPool-1 - Added connection com.zaxxer.hikari.mocks.StubConnection@7a78f8f9
    38 [Thread-4                  ] WARN  ProxyConnection      - HikariPool-1 - Connection com.zaxxer.hikari.mocks.StubConnection@7a78f8f9 marked as broken because of SQLSTATE(08999), ErrorCode(0)
java.sql.SQLException: No reason
	at com.zaxxer.hikari.mocks.StubPreparedStatement.getMaxFieldSize(StubPreparedStatement.java:71) ~[test-classes/:?]
	at com.zaxxer.hikari.pool.HikariProxyPreparedStatement.getMaxFieldSize(HikariProxyPreparedStatement.java) [classes/:?]
	at com.zaxxer.hikari.pool.ShutdownTest$2.run(ShutdownTest.java:284) [test-classes/:?]
    39 [riPool-1 connection closer] DEBUG PoolBase             - HikariPool-1 - Closing connection com.zaxxer.hikari.mocks.StubConnection@7a78f8f9: (connection is broken)
    40 [ariPool-1 connection adder] DEBUG HikariPool           - HikariPool-1 - Added connection com.zaxxer.hikari.mocks.StubConnection@62b5c2c1
    41 [HikariPool-1 housekeeper  ] DEBUG HikariPool           - HikariPool-1 - Pool stats (total=2, active=2, idle=0, waiting=0)
    42 [Thread-5                  ] INFO  HikariPool           - HikariPool-1 - Close initiated...
    43 [ariPool-1 connection adder] DEBUG HikariPool           - HikariPool-1 - After adding stats (total=2, active=2, idle=0, waiting=0)
    44 [Thread-5                  ] DEBUG HikariPool           - HikariPool-1 - Before closing stats (total=2, active=2, idle=0, waiting=0)
    45 [Thread-5                  ] DEBUG PoolBase             - HikariPool-1 - Closing connection com.zaxxer.hikari.mocks.StubConnection@1cd6a57d: (connection aborted during shutdown)
    46 [Thread-5                  ] DEBUG PoolBase             - HikariPool-1 - Closing connection com.zaxxer.hikari.mocks.StubConnection@62b5c2c1: (connection aborted during shutdown)
    47 [Thread-5                  ] DEBUG HikariPool           - HikariPool-1 - After closing stats (total=0, active=0, idle=0, waiting=0)
    48 [Thread-5                  ] INFO  HikariPool           - HikariPool-1 - Closed.
    49 [Thread-4                  ] WARN  ProxyConnection      - HikariPool-1 - Connection com.zaxxer.hikari.mocks.StubConnection@62b5c2c1 marked as broken because of SQLSTATE(08999), ErrorCode(0)
java.sql.SQLException: No reason
	at com.zaxxer.hikari.mocks.StubPreparedStatement.getMaxFieldSize(StubPreparedStatement.java:71) ~[test-classes/:?]
	at com.zaxxer.hikari.pool.HikariProxyPreparedStatement.getMaxFieldSize(HikariProxyPreparedStatement.java) [classes/:?]
	at com.zaxxer.hikari.pool.ShutdownTest$2.run(ShutdownTest.java:284) [test-classes/:?]
    50 [main                      ] INFO  HikariDataSource     - HikariPool-1 - Started.
    51 [ariPool-1 connection adder] DEBUG HikariPool           - HikariPool-1 - Added connection com.zaxxer.hikari.mocks.StubConnection@16594646
    52 [ariPool-1 connection adder] DEBUG HikariPool           - HikariPool-1 - Added connection com.zaxxer.hikari.mocks.StubConnection@189eaafd
    53 [Thread-6                  ] WARN  ProxyConnection      - HikariPool-1 - Connection com.zaxxer.hikari.mocks.StubConnection@189eaafd marked as broken because of SQLSTATE(08999), ErrorCode(0)
java.sql.SQLException: No reason
	at com.zaxxer.hikari.mocks.StubPreparedStatement.getMaxFieldSize(StubPreparedStatement.java:71) ~[test-classes/:?]
	at com.zaxxer.hikari.pool.HikariProxyPreparedStatement.getMaxFieldSize(HikariProxyPreparedStatement.java) [classes/:?]
	at com.zaxxer.hikari.pool.ShutdownTest$2.run(ShutdownTest.java:284) [test-classes/:?]
    54 [riPool-1 connection closer] DEBUG PoolBase             - HikariPool-1 - Closing connection com.zaxxer.hikari.mocks.StubConnection@189eaafd: (connection is broken)
    55 [ariPool-1 connection adder] DEBUG HikariPool           - HikariPool-1 - Added connection com.zaxxer.hikari.mocks.StubConnection@1ca12d36
    56 [Thread-6                  ] WARN  ProxyConnection      - HikariPool-1 - Connection com.zaxxer.hikari.mocks.StubConnection@1ca12d36 marked as broken because of SQLSTATE(08999), ErrorCode(0)
java.sql.SQLException: No reason
	at com.zaxxer.hikari.mocks.StubPreparedStatement.getMaxFieldSize(StubPreparedStatement.java:71) ~[test-classes/:?]
	at com.zaxxer.hikari.pool.HikariProxyPreparedStatement.getMaxFieldSize(HikariProxyPreparedStatement.java) [classes/:?]
	at com.zaxxer.hikari.pool.ShutdownTest$2.run(ShutdownTest.java:284) [test-classes/:?]
    57 [riPool-1 connection closer] DEBUG PoolBase             - HikariPool-1 - Closing connection com.zaxxer.hikari.mocks.StubConnection@1ca12d36: (connection is broken)
    58 [ariPool-1 connection adder] DEBUG HikariPool           - HikariPool-1 - Added connection com.zaxxer.hikari.mocks.StubConnection@59a3a0c6
    59 [Thread-6                  ] WARN  ProxyConnection      - HikariPool-1 - Connection com.zaxxer.hikari.mocks.StubConnection@59a3a0c6 marked as broken because of SQLSTATE(08999), ErrorCode(0)
java.sql.SQLException: No reason
	at com.zaxxer.hikari.mocks.StubPreparedStatement.getMaxFieldSize(StubPreparedStatement.java:71) ~[test-classes/:?]
	at com.zaxxer.hikari.pool.HikariProxyPreparedStatement.getMaxFieldSize(HikariProxyPreparedStatement.java) [classes/:?]
	at com.zaxxer.hikari.pool.ShutdownTest$2.run(ShutdownTest.java:284) [test-classes/:?]
    60 [riPool-1 connection closer] DEBUG PoolBase             - HikariPool-1 - Closing connection com.zaxxer.hikari.mocks.StubConnection@59a3a0c6: (connection is broken)
    61 [ariPool-1 connection adder] DEBUG HikariPool           - HikariPool-1 - Added connection com.zaxxer.hikari.mocks.StubConnection@594b6c2
    62 [Thread-6                  ] WARN  ProxyConnection      - HikariPool-1 - Connection com.zaxxer.hikari.mocks.StubConnection@594b6c2 marked as broken because of SQLSTATE(08999), ErrorCode(0)
java.sql.SQLException: No reason
	at com.zaxxer.hikari.mocks.StubPreparedStatement.getMaxFieldSize(StubPreparedStatement.java:71) ~[test-classes/:?]
	at com.zaxxer.hikari.pool.HikariProxyPreparedStatement.getMaxFieldSize(HikariProxyPreparedStatement.java) [classes/:?]
	at com.zaxxer.hikari.pool.ShutdownTest$2.run(ShutdownTest.java:284) [test-classes/:?]
    63 [riPool-1 connection closer] DEBUG PoolBase             - HikariPool-1 - Closing connection com.zaxxer.hikari.mocks.StubConnection@594b6c2: (connection is broken)
    64 [ariPool-1 connection adder] DEBUG HikariPool           - HikariPool-1 - Added connection com.zaxxer.hikari.mocks.StubConnection@68b03dcf
    65 [HikariPool-1 housekeeper  ] DEBUG HikariPool           - HikariPool-1 - Pool stats (total=2, active=2, idle=0, waiting=0)
    66 [Thread-7                  ] INFO  HikariPool           - HikariPool-1 - Close initiated...
    67 [ariPool-1 connection adder] DEBUG HikariPool           - HikariPool-1 - After adding stats (total=2, active=2, idle=0, waiting=0)
    68 [Thread-7                  ] DEBUG HikariPool           - HikariPool-1 - Before closing stats (total=2, active=2, idle=0, waiting=0)
    69 [Thread-7                  ] DEBUG PoolBase             - HikariPool-1 - Closing connection com.zaxxer.hikari.mocks.StubConnection@16594646: (connection aborted during shutdown)
    70 [Thread-7                  ] DEBUG PoolBase             - HikariPool-1 - Closing connection com.zaxxer.hikari.mocks.StubConnection@68b03dcf: (connection aborted during shutdown)
    71 [Thread-7                  ] DEBUG HikariPool           - HikariPool-1 - After closing stats (total=0, active=0, idle=0, waiting=0)
    72 [Thread-7                  ] INFO  HikariPool           - HikariPool-1 - Closed.
    73 [Thread-6                  ] WARN  ProxyConnection      - HikariPool-1 - Connection com.zaxxer.hikari.mocks.StubConnection@68b03dcf marked as broken because of SQLSTATE(08999), ErrorCode(0)
java.sql.SQLException: No reason
	at com.zaxxer.hikari.mocks.StubPreparedStatement.getMaxFieldSize(StubPreparedStatement.java:71) ~[test-classes/:?]
	at com.zaxxer.hikari.pool.HikariProxyPreparedStatement.getMaxFieldSize(HikariProxyPreparedStatement.java) [classes/:?]
	at com.zaxxer.hikari.pool.ShutdownTest$2.run(ShutdownTest.java:284) [test-classes/:?]
    74 [main                      ] INFO  HikariDataSource     - HikariPool-1 - Started.
    75 [ariPool-1 connection adder] DEBUG HikariPool           - HikariPool-1 - Added connection com.zaxxer.hikari.mocks.StubConnection@41a890b3
    76 [ariPool-1 connection adder] DEBUG HikariPool           - HikariPool-1 - Added connection com.zaxxer.hikari.mocks.StubConnection@4f6f76f6
    77 [Thread-8                  ] WARN  ProxyConnection      - HikariPool-1 - Connection com.zaxxer.hikari.mocks.StubConnection@4f6f76f6 marked as broken because of SQLSTATE(08999), ErrorCode(0)
java.sql.SQLException: No reason
	at com.zaxxer.hikari.mocks.StubPreparedStatement.getMaxFieldSize(StubPreparedStatement.java:71) ~[test-classes/:?]
	at com.zaxxer.hikari.pool.HikariProxyPreparedStatement.getMaxFieldSize(HikariProxyPreparedStatement.java) [classes/:?]
	at com.zaxxer.hikari.pool.ShutdownTest$2.run(ShutdownTest.java:284) [test-classes/:?]
    78 [ariPool-1 connection adder] DEBUG HikariPool           - HikariPool-1 - Added connection com.zaxxer.hikari.mocks.StubConnection@4b50fbc3
    79 [riPool-1 connection closer] DEBUG PoolBase             - HikariPool-1 - Closing connection com.zaxxer.hikari.mocks.StubConnection@4f6f76f6: (connection is broken)
    80 [Thread-8                  ] WARN  ProxyConnection      - HikariPool-1 - Connection com.zaxxer.hikari.mocks.StubConnection@4b50fbc3 marked as broken because of SQLSTATE(08999), ErrorCode(0)
java.sql.SQLException: No reason
	at com.zaxxer.hikari.mocks.StubPreparedStatement.getMaxFieldSize(StubPreparedStatement.java:71) ~[test-classes/:?]
	at com.zaxxer.hikari.pool.HikariProxyPreparedStatement.getMaxFieldSize(HikariProxyPreparedStatement.java) [classes/:?]
	at com.zaxxer.hikari.pool.ShutdownTest$2.run(ShutdownTest.java:284) [test-classes/:?]
    81 [riPool-1 connection closer] DEBUG PoolBase             - HikariPool-1 - Closing connection com.zaxxer.hikari.mocks.StubConnection@4b50fbc3: (connection is broken)
    82 [ariPool-1 connection adder] DEBUG HikariPool           - HikariPool-1 - Added connection com.zaxxer.hikari.mocks.StubConnection@e527ccd
    83 [Thread-8                  ] WARN  ProxyConnection      - HikariPool-1 - Connection com.zaxxer.hikari.mocks.StubConnection@e527ccd marked as broken because of SQLSTATE(08999), ErrorCode(0)
java.sql.SQLException: No reason
	at com.zaxxer.hikari.mocks.StubPreparedStatement.getMaxFieldSize(StubPreparedStatement.java:71) ~[test-classes/:?]
	at com.zaxxer.hikari.pool.HikariProxyPreparedStatement.getMaxFieldSize(HikariProxyPreparedStatement.java) [classes/:?]
	at com.zaxxer.hikari.pool.ShutdownTest$2.run(ShutdownTest.java:284) [test-classes/:?]
    84 [riPool-1 connection closer] DEBUG PoolBase             - HikariPool-1 - Closing connection com.zaxxer.hikari.mocks.StubConnection@e527ccd: (connection is broken)
    85 [ariPool-1 connection adder] DEBUG HikariPool           - HikariPool-1 - Added connection com.zaxxer.hikari.mocks.StubConnection@bfa58bc
    86 [Thread-8                  ] WARN  ProxyConnection      - HikariPool-1 - Connection com.zaxxer.hikari.mocks.StubConnection@bfa58bc marked as broken because of SQLSTATE(08999), ErrorCode(0)
java.sql.SQLException: No reason
	at com.zaxxer.hikari.mocks.StubPreparedStatement.getMaxFieldSize(StubPreparedStatement.java:71) ~[test-classes/:?]
	at com.zaxxer.hikari.pool.HikariProxyPreparedStatement.getMaxFieldSize(HikariProxyPreparedStatement.java) [classes/:?]
	at com.zaxxer.hikari.pool.ShutdownTest$2.run(ShutdownTest.java:284) [test-classes/:?]
    87 [riPool-1 connection closer] DEBUG PoolBase             - HikariPool-1 - Closing connection com.zaxxer.hikari.mocks.StubConnection@bfa58bc: (connection is broken)
    88 [ariPool-1 connection adder] DEBUG HikariPool           - HikariPool-1 - Added connection com.zaxxer.hikari.mocks.StubConnection@3f1657f3
    89 [HikariPool-1 housekeeper  ] DEBUG HikariPool           - HikariPool-1 - Pool stats (total=2, active=2, idle=0, waiting=0)
    90 [Thread-9                  ] INFO  HikariPool           - HikariPool-1 - Close initiated...
    92 [Thread-9                  ] DEBUG HikariPool           - HikariPool-1 - Before closing stats (total=2, active=2, idle=0, waiting=0)
    91 [ariPool-1 connection adder] DEBUG HikariPool           - HikariPool-1 - After adding stats (total=2, active=2, idle=0, waiting=0)
    93 [Thread-9                  ] DEBUG PoolBase             - HikariPool-1 - Closing connection com.zaxxer.hikari.mocks.StubConnection@41a890b3: (connection aborted during shutdown)
    94 [Thread-9                  ] DEBUG PoolBase             - HikariPool-1 - Closing connection com.zaxxer.hikari.mocks.StubConnection@3f1657f3: (connection aborted during shutdown)
    95 [Thread-9                  ] DEBUG HikariPool           - HikariPool-1 - After closing stats (total=0, active=0, idle=0, waiting=0)
    96 [Thread-9                  ] INFO  HikariPool           - HikariPool-1 - Closed.
    97 [Thread-8                  ] WARN  ProxyConnection      - HikariPool-1 - Connection com.zaxxer.hikari.mocks.StubConnection@3f1657f3 marked as broken because of SQLSTATE(08999), ErrorCode(0)
java.sql.SQLException: No reason
	at com.zaxxer.hikari.mocks.StubPreparedStatement.getMaxFieldSize(StubPreparedStatement.java:71) ~[test-classes/:?]
	at com.zaxxer.hikari.pool.HikariProxyPreparedStatement.getMaxFieldSize(HikariProxyPreparedStatement.java) [classes/:?]
	at com.zaxxer.hikari.pool.ShutdownTest$2.run(ShutdownTest.java:284) [test-classes/:?]
    98 [main                      ] INFO  HikariDataSource     - HikariPool-2 - Started.
    99 [main                      ] INFO  HikariPool           - HikariPool-2 - Close initiated...
   100 [main                      ] DEBUG HikariPool           - HikariPool-2 - Before closing stats (total=0, active=0, idle=0, waiting=0)
   101 [main                      ] DEBUG HikariPool           - HikariPool-2 - After closing stats (total=0, active=0, idle=0, waiting=0)
   102 [main                      ] INFO  HikariPool           - HikariPool-2 - Closed.
   103 [main                      ] INFO  HikariDataSource     - HikariPool-3 - Started.
   104 [HikariPool-3 housekeeper  ] DEBUG HikariPool           - HikariPool-3 - Pool stats (total=0, active=0, idle=0, waiting=10)
   105 [ariPool-3 connection adder] DEBUG HikariPool           - HikariPool-3 - Added connection com.zaxxer.hikari.mocks.StubConnection@53411a22
   106 [main                      ] INFO  HikariPool           - HikariPool-3 - Close initiated...
   107 [main                      ] DEBUG HikariPool           - HikariPool-3 - Before closing stats (total=1, active=1, idle=0, waiting=9)
   108 [ariPool-3 connection adder] DEBUG HikariPool           - HikariPool-3 - Added connection com.zaxxer.hikari.mocks.StubConnection@5d86ee3a
   109 [main                      ] DEBUG PoolBase             - HikariPool-3 - Closing connection com.zaxxer.hikari.mocks.StubConnection@53411a22: (connection aborted during shutdown)
   110 [main                      ] DEBUG PoolBase             - HikariPool-3 - Closing connection com.zaxxer.hikari.mocks.StubConnection@5d86ee3a: (connection aborted during shutdown)
   111 [main                      ] DEBUG HikariPool           - HikariPool-3 - After closing stats (total=0, active=0, idle=0, waiting=8)
   112 [main                      ] INFO  HikariPool           - HikariPool-3 - Closed.
   113 [main                      ] INFO  HikariDataSource     - HikariPool-4 - Started.
   114 [HikariPool-4 housekeeper  ] DEBUG HikariPool           - HikariPool-4 - Pool stats (total=0, active=0, idle=0, waiting=0)
   115 [ariPool-4 connection adder] DEBUG HikariPool           - HikariPool-4 - Added connection com.zaxxer.hikari.mocks.StubConnection@58fb122b
   116 [main                      ] INFO  HikariPool           - HikariPool-4 - Close initiated...
   117 [main                      ] DEBUG HikariPool           - HikariPool-4 - Before closing stats (total=1, active=0, idle=1, waiting=0)
   118 [riPool-4 connection closer] DEBUG PoolBase             - HikariPool-4 - Closing connection com.zaxxer.hikari.mocks.StubConnection@58fb122b: (connection evicted)
   119 [ariPool-4 connection adder] DEBUG HikariPool           - HikariPool-4 - Added connection com.zaxxer.hikari.mocks.StubConnection@563cf744
   120 [ariPool-4 connection adder] DEBUG HikariPool           - HikariPool-4 - After adding stats (total=1, active=0, idle=1, waiting=0)
   121 [riPool-4 connection closer] DEBUG PoolBase             - HikariPool-4 - Closing connection com.zaxxer.hikari.mocks.StubConnection@563cf744: (connection evicted)
   122 [main                      ] DEBUG HikariPool           - HikariPool-4 - After closing stats (total=0, active=0, idle=0, waiting=0)
   123 [main                      ] INFO  HikariPool           - HikariPool-4 - Closed.
   124 [main                      ] INFO  HikariDataSource     - HikariPool-5 - Started.
   125 [HikariPool-5 housekeeper  ] DEBUG HikariPool           - HikariPool-5 - Pool stats (total=0, active=0, idle=0, waiting=0)
   126 [ariPool-5 connection adder] DEBUG HikariPool           - HikariPool-5 - Added connection com.zaxxer.hikari.mocks.StubConnection@2166c324
   127 [ariPool-5 connection adder] DEBUG HikariPool           - HikariPool-5 - Added connection com.zaxxer.hikari.mocks.StubConnection@2fa12978
   128 [ariPool-5 connection adder] DEBUG HikariPool           - HikariPool-5 - Added connection com.zaxxer.hikari.mocks.StubConnection@2b9ea854
   129 [ariPool-5 connection adder] DEBUG HikariPool           - HikariPool-5 - Added connection com.zaxxer.hikari.mocks.StubConnection@6e9c2343
   130 [ariPool-5 connection adder] DEBUG HikariPool           - HikariPool-5 - Added connection com.zaxxer.hikari.mocks.StubConnection@7974b257
   131 [ariPool-5 connection adder] DEBUG HikariPool           - HikariPool-5 - After adding stats (total=5, active=0, idle=5, waiting=0)
   132 [main                      ] INFO  HikariPool           - HikariPool-5 - Close initiated...
   133 [main                      ] DEBUG HikariPool           - HikariPool-5 - Before closing stats (total=5, active=0, idle=5, waiting=0)
   134 [riPool-5 connection closer] DEBUG PoolBase             - HikariPool-5 - Closing connection com.zaxxer.hikari.mocks.StubConnection@2166c324: (connection evicted)
   135 [riPool-5 connection closer] DEBUG PoolBase             - HikariPool-5 - Closing connection com.zaxxer.hikari.mocks.StubConnection@2fa12978: (connection evicted)
   136 [riPool-5 connection closer] DEBUG PoolBase             - HikariPool-5 - Closing connection com.zaxxer.hikari.mocks.StubConnection@2b9ea854: (connection evicted)
   137 [riPool-5 connection closer] DEBUG PoolBase             - HikariPool-5 - Closing connection com.zaxxer.hikari.mocks.StubConnection@6e9c2343: (connection evicted)
   138 [riPool-5 connection closer] DEBUG PoolBase             - HikariPool-5 - Closing connection com.zaxxer.hikari.mocks.StubConnection@7974b257: (connection evicted)
   139 [main                      ] DEBUG HikariPool           - HikariPool-5 - After closing stats (total=0, active=0, idle=0, waiting=0)
   140 [main                      ] INFO  HikariPool           - HikariPool-5 - Closed.
   141 [main                      ] INFO  HikariDataSource     - HikariPool-6 - Started.
   142 [HikariPool-6 housekeeper  ] DEBUG HikariPool           - HikariPool-6 - Pool stats (total=0, active=0, idle=0, waiting=0)
   143 [main                      ] INFO  HikariPool           - HikariPool-6 - Close initiated...
   144 [main                      ] DEBUG HikariPool           - HikariPool-6 - Before closing stats (total=0, active=0, idle=0, waiting=0)
   145 [ariPool-6 connection adder] DEBUG HikariPool           - HikariPool-6 - Added connection com.zaxxer.hikari.mocks.StubConnection@7cf96236
   146 [ariPool-6 connection adder] DEBUG HikariPool           - HikariPool-6 - After adding stats (total=1, active=0, idle=1, waiting=0)
   147 [riPool-6 connection closer] DEBUG PoolBase             - HikariPool-6 - Closing connection com.zaxxer.hikari.mocks.StubConnection@7cf96236: (connection evicted)
   148 [main                      ] DEBUG HikariPool           - HikariPool-6 - After closing stats (total=0, active=0, idle=0, waiting=0)
   149 [main                      ] INFO  HikariPool           - HikariPool-6 - Closed.
   150 [main                      ] INFO  HikariDataSource     - HikariPool-7 - Started.
   151 [ariPool-7 connection adder] DEBUG HikariPool           - HikariPool-7 - Added connection com.zaxxer.hikari.mocks.StubConnection@262e3cbb
   152 [ariPool-7 connection adder] DEBUG HikariPool           - HikariPool-7 - Added connection com.zaxxer.hikari.mocks.StubConnection@28e9d60e
   153 [ariPool-7 connection adder] DEBUG HikariPool           - HikariPool-7 - Added connection com.zaxxer.hikari.mocks.StubConnection@2cd657cb
   154 [ariPool-7 connection adder] DEBUG HikariPool           - HikariPool-7 - Added connection com.zaxxer.hikari.mocks.StubConnection@69d4dc35
   155 [ariPool-7 connection adder] DEBUG HikariPool           - HikariPool-7 - Added connection com.zaxxer.hikari.mocks.StubConnection@3ec8fe50
   156 [main                      ] INFO  HikariPool           - HikariPool-7 - Close initiated...
   157 [main                      ] DEBUG HikariPool           - HikariPool-7 - Before closing stats (total=5, active=5, idle=0, waiting=0)
   158 [main                      ] DEBUG PoolBase             - HikariPool-7 - Closing connection com.zaxxer.hikari.mocks.StubConnection@262e3cbb: (connection aborted during shutdown)
   159 [main                      ] DEBUG PoolBase             - HikariPool-7 - Closing connection com.zaxxer.hikari.mocks.StubConnection@28e9d60e: (connection aborted during shutdown)
   160 [main                      ] DEBUG PoolBase             - HikariPool-7 - Closing connection com.zaxxer.hikari.mocks.StubConnection@2cd657cb: (connection aborted during shutdown)
   161 [main                      ] DEBUG PoolBase             - HikariPool-7 - Closing connection com.zaxxer.hikari.mocks.StubConnection@69d4dc35: (connection aborted during shutdown)
   162 [main                      ] DEBUG PoolBase             - HikariPool-7 - Closing connection com.zaxxer.hikari.mocks.StubConnection@3ec8fe50: (connection aborted during shutdown)
   163 [main                      ] DEBUG HikariPool           - HikariPool-7 - After closing stats (total=0, active=0, idle=0, waiting=0)
   164 [main                      ] INFO  HikariPool           - HikariPool-7 - Closed.
   165 [main                      ] INFO  HikariDataSource     - HikariPool-8 - Started.
   166 [HikariPool-8 housekeeper  ] DEBUG HikariPool           - HikariPool-8 - Pool stats (total=0, active=0, idle=0, waiting=0)
   167 [ariPool-8 connection adder] DEBUG HikariPool           - HikariPool-8 - Added connection com.zaxxer.hikari.mocks.StubConnection@1d399089
   168 [ariPool-8 connection adder] DEBUG HikariPool           - HikariPool-8 - Added connection com.zaxxer.hikari.mocks.StubConnection@13fe7d5e
   169 [main                      ] INFO  HikariPool           - HikariPool-8 - Close initiated...
   170 [main                      ] DEBUG HikariPool           - HikariPool-8 - Before closing stats (total=2, active=0, idle=2, waiting=0)
   171 [riPool-8 connection closer] DEBUG PoolBase             - HikariPool-8 - Closing connection com.zaxxer.hikari.mocks.StubConnection@1d399089: (connection evicted)
   172 [riPool-8 connection closer] DEBUG PoolBase             - HikariPool-8 - Closing connection com.zaxxer.hikari.mocks.StubConnection@13fe7d5e: (connection evicted)
   173 [ariPool-8 connection adder] DEBUG HikariPool           - HikariPool-8 - Added connection com.zaxxer.hikari.mocks.StubConnection@17c1fbf9
   174 [ariPool-8 connection adder] DEBUG HikariPool           - HikariPool-8 - After adding stats (total=1, active=0, idle=1, waiting=0)
   175 [riPool-8 connection closer] DEBUG PoolBase             - HikariPool-8 - Closing connection com.zaxxer.hikari.mocks.StubConnection@17c1fbf9: (connection evicted)
   176 [main                      ] DEBUG HikariPool           - HikariPool-8 - After closing stats (total=0, active=0, idle=0, waiting=0)
   177 [main                      ] INFO  HikariPool           - HikariPool-8 - Closed.
Tests run: 8, Failures: 0, Errors: 0, Skipped: 0, Time elapsed: 11.594 sec - in com.zaxxer.hikari.pool.ShutdownTest
Running com.zaxxer.hikari.pool.StatementTest
     1 [main                      ] INFO  HikariDataSource     - HikariPool-1 - Started.
     2 [main                      ] INFO  HikariPool           - HikariPool-1 - Close initiated...
     3 [main                      ] INFO  HikariPool           - HikariPool-1 - Closed.
     4 [main                      ] INFO  HikariDataSource     - HikariPool-2 - Started.
     5 [main                      ] INFO  HikariPool           - HikariPool-2 - Close initiated...
     6 [main                      ] INFO  HikariPool           - HikariPool-2 - Closed.
     7 [main                      ] INFO  HikariDataSource     - HikariPool-3 - Started.
     8 [main                      ] INFO  HikariPool           - HikariPool-3 - Close initiated...
     9 [main                      ] INFO  HikariPool           - HikariPool-3 - Closed.
    10 [main                      ] INFO  HikariDataSource     - HikariPool-4 - Started.
    11 [main                      ] INFO  HikariPool           - HikariPool-4 - Close initiated...
    12 [main                      ] INFO  HikariPool           - HikariPool-4 - Closed.
Tests run: 4, Failures: 0, Errors: 0, Skipped: 0, Time elapsed: 0.636 sec - in com.zaxxer.hikari.pool.StatementTest
Running com.zaxxer.hikari.pool.TestConcurrentBag
     1 [main                      ] INFO  HikariDataSource     - HikariPool-1 - Started.
     2 [main                      ] INFO  ConcurrentBag        - com.zaxxer.hikari.mocks.StubConnection@7c2924d7, accessed 1ms819µs191ns ago, RESERVED
     3 [main                      ] INFO  ConcurrentBag        - com.zaxxer.hikari.mocks.StubConnection@5b9499fe, accessed 1ms700µs218ns ago, IN_USE
     4 [main                      ] INFO  ConcurrentBag        - com.zaxxer.hikari.mocks.StubConnection@74d6736, accessed 1ms952µs346ns ago, NOT_IN_USE
     5 [main                      ] WARN  ConcurrentBag        - Attempt to remove an object from the bag that was not borrowed or reserved: com.zaxxer.hikari.mocks.StubConnection@74d6736, accessed 12ms121µs886ns ago, NOT_IN_USE
     6 [main                      ] WARN  ConcurrentBag        - Attempt to relinquish an object to the bag that was not reserved: com.zaxxer.hikari.mocks.StubConnection@74d6736, accessed 14ms718µs904ns ago, NOT_IN_USE
     7 [main                      ] WARN  ConcurrentBag        - Attempt to remove an object from the bag that was not borrowed or reserved: com.zaxxer.hikari.mocks.StubConnection@5b9499fe, accessed 15ms412µs856ns ago, REMOVED
     8 [main                      ] INFO  ConcurrentBag        - ConcurrentBag has been closed, ignoring add()
     9 [main                      ] INFO  HikariPool           - HikariPool-1 - Close initiated...
    10 [main                      ] INFO  HikariPool           - HikariPool-1 - Closed.
Tests run: 1, Failures: 0, Errors: 0, Skipped: 0, Time elapsed: 0.658 sec - in com.zaxxer.hikari.pool.TestConcurrentBag
Running com.zaxxer.hikari.pool.TestConnectionTimeoutRetry
     1 [main                      ] INFO  HikariDataSource     - HikariPool-1 - Started.
     2 [main                      ] INFO  HikariPool           - HikariPool-1 - Close initiated...
     3 [main                      ] INFO  HikariPool           - HikariPool-1 - Closed.
     4 [main                      ] INFO  HikariDataSource     - HikariPool-2 - Started.
     5 [main                      ] INFO  HikariPool           - HikariPool-2 - Close initiated...
     6 [main                      ] INFO  HikariPool           - HikariPool-2 - Closed.
     7 [main                      ] INFO  HikariDataSource     - HikariPool-3 - Started.
     8 [main                      ] INFO  HikariPool           - HikariPool-3 - Close initiated...
     9 [main                      ] INFO  HikariPool           - HikariPool-3 - Closed.
    10 [main                      ] INFO  HikariDataSource     - HikariPool-4 - Started.
    11 [ariPool-4 connection adder] DEBUG HikariPool           - HikariPool-4 - Added connection com.zaxxer.hikari.mocks.StubConnection@fbf10a2
    12 [ariPool-4 connection adder] DEBUG HikariPool           - HikariPool-4 - Added connection com.zaxxer.hikari.mocks.StubConnection@4045e51e
    13 [ariPool-4 connection adder] DEBUG HikariPool           - HikariPool-4 - Added connection com.zaxxer.hikari.mocks.StubConnection@3788c7b4
    14 [ariPool-4 connection adder] DEBUG HikariPool           - HikariPool-4 - Added connection com.zaxxer.hikari.mocks.StubConnection@71cf07a7
    15 [ariPool-4 connection adder] DEBUG HikariPool           - HikariPool-4 - Added connection com.zaxxer.hikari.mocks.StubConnection@4fe87ba7
    16 [ariPool-4 connection adder] DEBUG HikariPool           - HikariPool-4 - Added connection com.zaxxer.hikari.mocks.StubConnection@206a1a51
    17 [ariPool-4 connection adder] DEBUG HikariPool           - HikariPool-4 - Added connection com.zaxxer.hikari.mocks.StubConnection@51aecc8f
    18 [HikariPool-4 housekeeper  ] DEBUG HikariPool           - HikariPool-4 - Pool stats (total=7, active=7, idle=0, waiting=0)
    19 [ariPool-4 connection adder] DEBUG HikariPool           - HikariPool-4 - Added connection com.zaxxer.hikari.mocks.StubConnection@58550b22
    20 [ariPool-4 connection adder] DEBUG HikariPool           - HikariPool-4 - Added connection com.zaxxer.hikari.mocks.StubConnection@54ec76cc
    21 [ariPool-4 connection adder] DEBUG HikariPool           - HikariPool-4 - Added connection com.zaxxer.hikari.mocks.StubConnection@24244692
    22 [ariPool-4 connection adder] DEBUG HikariPool           - HikariPool-4 - After adding stats (total=10, active=7, idle=3, waiting=0)
    23 [HikariPool-4 housekeeper  ] DEBUG HikariPool           - HikariPool-4 - Pool stats (total=10, active=7, idle=3, waiting=0)
    24 [HikariPool-4 housekeeper  ] DEBUG HikariPool           - HikariPool-4 - Pool stats (total=10, active=7, idle=3, waiting=0)
    25 [HikariPool-4 housekeeper  ] DEBUG HikariPool           - HikariPool-4 - Pool stats (total=10, active=7, idle=3, waiting=0)
    26 [main                      ] INFO  HikariPool           - HikariPool-4 - Close initiated...
    27 [main                      ] DEBUG HikariPool           - HikariPool-4 - Before closing stats (total=10, active=0, idle=10, waiting=0)
    28 [main                      ] DEBUG HikariPool           - HikariPool-4 - After closing stats (total=0, active=0, idle=0, waiting=0)
    29 [main                      ] INFO  HikariPool           - HikariPool-4 - Closed.
    30 [main                      ] INFO  HikariDataSource     - HikariPool-5 - Started.
    31 [main                      ] INFO  HikariPool           - HikariPool-5 - Close initiated...
    32 [main                      ] INFO  HikariPool           - HikariPool-5 - Closed.
Tests run: 5, Failures: 0, Errors: 0, Skipped: 0, Time elapsed: 7.024 sec - in com.zaxxer.hikari.pool.TestConnectionTimeoutRetry
Running com.zaxxer.hikari.pool.TestConnections
     1 [main                      ] INFO  HikariDataSource     - HikariPool-1 - Started.
HikariPool-1 - Added connection com.zaxxer.hikari.mocks.StubConnection@3f0b4d0b
     2 [ariPool-1 connection adder] DEBUG HikariPool           - HikariPool-1 - Added connection com.zaxxer.hikari.mocks.StubConnection@3f0b4d0b
HikariPool-1 - Thread starvation or clock leap detected (housekeeper delta=200ms317µs742ns).
     3 [HikariPool-1 housekeeper  ] WARN  HikariPool           - HikariPool-1 - Thread starvation or clock leap detected (housekeeper delta=200ms317µs742ns).
HikariPool-1 - Before cleanup stats (total=1, active=0, idle=1, waiting=0)
     4 [HikariPool-1 housekeeper  ] DEBUG HikariPool           - HikariPool-1 - Before cleanup stats (total=1, active=0, idle=1, waiting=0)
HikariPool-1 - After cleanup  stats (total=1, active=0, idle=1, waiting=0)
     5 [HikariPool-1 housekeeper  ] DEBUG HikariPool           - HikariPool-1 - After cleanup  stats (total=1, active=0, idle=1, waiting=0)
HikariPool-1 - Before cleanup stats (total=1, active=0, idle=1, waiting=0)
     6 [HikariPool-1 housekeeper  ] DEBUG HikariPool           - HikariPool-1 - Before cleanup stats (total=1, active=0, idle=1, waiting=0)
HikariPool-1 - After cleanup  stats (total=1, active=0, idle=1, waiting=0)
     7 [HikariPool-1 housekeeper  ] DEBUG HikariPool           - HikariPool-1 - After cleanup  stats (total=1, active=0, idle=1, waiting=0)
HikariPool-1 - Before cleanup stats (total=1, active=0, idle=1, waiting=0)
     8 [HikariPool-1 housekeeper  ] DEBUG HikariPool           - HikariPool-1 - Before cleanup stats (total=1, active=0, idle=1, waiting=0)
HikariPool-1 - After cleanup  stats (total=1, active=0, idle=1, waiting=0)
     9 [HikariPool-1 housekeeper  ] DEBUG HikariPool           - HikariPool-1 - After cleanup  stats (total=1, active=0, idle=1, waiting=0)
HikariPool-1 - Before cleanup stats (total=1, active=0, idle=1, waiting=0)
    10 [HikariPool-1 housekeeper  ] DEBUG HikariPool           - HikariPool-1 - Before cleanup stats (total=1, active=0, idle=1, waiting=0)
HikariPool-1 - After cleanup  stats (total=1, active=0, idle=1, waiting=0)
    11 [HikariPool-1 housekeeper  ] DEBUG HikariPool           - HikariPool-1 - After cleanup  stats (total=1, active=0, idle=1, waiting=0)
HikariPool-1 - Before cleanup stats (total=1, active=0, idle=1, waiting=0)
    12 [HikariPool-1 housekeeper  ] DEBUG HikariPool           - HikariPool-1 - Before cleanup stats (total=1, active=0, idle=1, waiting=0)
HikariPool-1 - After cleanup  stats (total=1, active=0, idle=1, waiting=0)
    13 [HikariPool-1 housekeeper  ] DEBUG HikariPool           - HikariPool-1 - After cleanup  stats (total=1, active=0, idle=1, waiting=0)
HikariPool-1 - Before cleanup stats (total=1, active=0, idle=1, waiting=0)
    14 [HikariPool-1 housekeeper  ] DEBUG HikariPool           - HikariPool-1 - Before cleanup stats (total=1, active=0, idle=1, waiting=0)
HikariPool-1 - After cleanup  stats (total=1, active=0, idle=1, waiting=0)
    15 [HikariPool-1 housekeeper  ] DEBUG HikariPool           - HikariPool-1 - After cleanup  stats (total=1, active=0, idle=1, waiting=0)
HikariPool-1 - Before cleanup stats (total=1, active=0, idle=1, waiting=0)
    16 [HikariPool-1 housekeeper  ] DEBUG HikariPool           - HikariPool-1 - Before cleanup stats (total=1, active=0, idle=1, waiting=0)
HikariPool-1 - After cleanup  stats (total=1, active=0, idle=1, waiting=0)
    17 [HikariPool-1 housekeeper  ] DEBUG HikariPool           - HikariPool-1 - After cleanup  stats (total=1, active=0, idle=1, waiting=0)
    18 [riPool-1 connection closer] DEBUG PoolBase             - HikariPool-1 - Closing connection com.zaxxer.hikari.mocks.StubConnection@3f0b4d0b: (connection has passed maxLifetime)
HikariPool-1 - Pool stats (total=0, active=0, idle=0, waiting=0)
    19 [HikariPool-1 housekeeper  ] DEBUG HikariPool           - HikariPool-1 - Pool stats (total=0, active=0, idle=0, waiting=0)
HikariPool-1 - Pool stats (total=0, active=0, idle=0, waiting=0)
    20 [HikariPool-1 housekeeper  ] DEBUG HikariPool           - HikariPool-1 - Pool stats (total=0, active=0, idle=0, waiting=0)
HikariPool-1 - Pool stats (total=0, active=0, idle=0, waiting=0)
    21 [HikariPool-1 housekeeper  ] DEBUG HikariPool           - HikariPool-1 - Pool stats (total=0, active=0, idle=0, waiting=0)
HikariPool-1 - Pool stats (total=0, active=0, idle=0, waiting=0)
    22 [HikariPool-1 housekeeper  ] DEBUG HikariPool           - HikariPool-1 - Pool stats (total=0, active=0, idle=0, waiting=0)
HikariPool-1 - Pool stats (total=0, active=0, idle=0, waiting=0)
    23 [HikariPool-1 housekeeper  ] DEBUG HikariPool           - HikariPool-1 - Pool stats (total=0, active=0, idle=0, waiting=0)
HikariPool-1 - Pool stats (total=0, active=0, idle=0, waiting=0)
    24 [HikariPool-1 housekeeper  ] DEBUG HikariPool           - HikariPool-1 - Pool stats (total=0, active=0, idle=0, waiting=0)
HikariPool-1 - Pool stats (total=0, active=0, idle=0, waiting=0)
    25 [HikariPool-1 housekeeper  ] DEBUG HikariPool           - HikariPool-1 - Pool stats (total=0, active=0, idle=0, waiting=0)
HikariPool-1 - Pool stats (total=0, active=0, idle=0, waiting=0)
    26 [HikariPool-1 housekeeper  ] DEBUG HikariPool           - HikariPool-1 - Pool stats (total=0, active=0, idle=0, waiting=0)
HikariPool-1 - Pool stats (total=0, active=0, idle=0, waiting=0)
    27 [HikariPool-1 housekeeper  ] DEBUG HikariPool           - HikariPool-1 - Pool stats (total=0, active=0, idle=0, waiting=0)
HikariPool-1 - Pool stats (total=0, active=0, idle=0, waiting=0)
    28 [HikariPool-1 housekeeper  ] DEBUG HikariPool           - HikariPool-1 - Pool stats (total=0, active=0, idle=0, waiting=0)
HikariPool-1 - Pool stats (total=0, active=0, idle=0, waiting=0)
    29 [HikariPool-1 housekeeper  ] DEBUG HikariPool           - HikariPool-1 - Pool stats (total=0, active=0, idle=0, waiting=0)
HikariPool-1 - Pool stats (total=0, active=0, idle=0, waiting=0)
    30 [HikariPool-1 housekeeper  ] DEBUG HikariPool           - HikariPool-1 - Pool stats (total=0, active=0, idle=0, waiting=0)
HikariPool-1 - Pool stats (total=0, active=0, idle=0, waiting=0)
    31 [HikariPool-1 housekeeper  ] DEBUG HikariPool           - HikariPool-1 - Pool stats (total=0, active=0, idle=0, waiting=0)
HikariPool-1 - Added connection com.zaxxer.hikari.mocks.StubConnection@2636993c
    32 [ariPool-1 connection adder] DEBUG HikariPool           - HikariPool-1 - Added connection com.zaxxer.hikari.mocks.StubConnection@2636993c
HikariPool-1 - Close initiated...
    33 [main                      ] INFO  HikariPool           - HikariPool-1 - Close initiated...
HikariPool-1 - Before closing stats (total=1, active=0, idle=1, waiting=0)
    34 [main                      ] DEBUG HikariPool           - HikariPool-1 - Before closing stats (total=1, active=0, idle=1, waiting=0)
    35 [riPool-1 connection closer] DEBUG PoolBase             - HikariPool-1 - Closing connection com.zaxxer.hikari.mocks.StubConnection@2636993c: (connection evicted)
HikariPool-1 - After closing stats (total=0, active=0, idle=0, waiting=0)
    36 [main                      ] DEBUG HikariPool           - HikariPool-1 - After closing stats (total=0, active=0, idle=0, waiting=0)
HikariPool-1 - Closed.
    37 [main                      ] INFO  HikariPool           - HikariPool-1 - Closed.
    38 [main                      ] INFO  HikariDataSource     - HikariPool-2 - Started.
    39 [main                      ] INFO  HikariDataSource     - HikariPool-3 - Started.
HikariPool-3 - Pool stats (total=0, active=0, idle=0, waiting=0)
    40 [HikariPool-3 housekeeper  ] DEBUG HikariPool           - HikariPool-3 - Pool stats (total=0, active=0, idle=0, waiting=0)
HikariPool-3 - Added connection com.zaxxer.hikari.mocks.StubConnection@2665e975
    41 [ariPool-3 connection adder] DEBUG HikariPool           - HikariPool-3 - Added connection com.zaxxer.hikari.mocks.StubConnection@2665e975
HikariPool-3 - After adding stats (total=1, active=0, idle=1, waiting=0)
    42 [ariPool-3 connection adder] DEBUG HikariPool           - HikariPool-3 - After adding stats (total=1, active=0, idle=1, waiting=0)
    43 [main                      ] WARN  ProxyConnection      - HikariPool-3 - Connection com.zaxxer.hikari.mocks.StubConnection@2665e975 marked as broken because of SQLSTATE(08999), ErrorCode(0)
java.sql.SQLException: No reason
	at com.zaxxer.hikari.mocks.StubPreparedStatement.getMaxFieldSize(StubPreparedStatement.java:71) ~[test-classes/:?]
	at com.zaxxer.hikari.pool.HikariProxyPreparedStatement.getMaxFieldSize(HikariProxyPreparedStatement.java) [classes/:?]
	at com.zaxxer.hikari.pool.TestConnections.testBackfill(TestConnections.java:297) [test-classes/:?]
	at sun.reflect.NativeMethodAccessorImpl.invoke0(Native Method) ~[?:1.8.0_31]
	at sun.reflect.NativeMethodAccessorImpl.invoke(NativeMethodAccessorImpl.java:62) ~[?:1.8.0_31]
	at sun.reflect.DelegatingMethodAccessorImpl.invoke(DelegatingMethodAccessorImpl.java:43) ~[?:1.8.0_31]
	at java.lang.reflect.Method.invoke(Method.java:483) ~[?:1.8.0_31]
	at org.junit.runners.model.FrameworkMethod$1.runReflectiveCall(FrameworkMethod.java:50) [junit-4.12.jar:4.12]
	at org.junit.internal.runners.model.ReflectiveCallable.run(ReflectiveCallable.java:12) [junit-4.12.jar:4.12]
	at org.junit.runners.model.FrameworkMethod.invokeExplosively(FrameworkMethod.java:47) [junit-4.12.jar:4.12]
	at org.junit.internal.runners.statements.InvokeMethod.evaluate(InvokeMethod.java:17) [junit-4.12.jar:4.12]
	at org.junit.internal.runners.statements.RunBefores.evaluate(RunBefores.java:26) [junit-4.12.jar:4.12]
	at org.junit.internal.runners.statements.RunAfters.evaluate(RunAfters.java:27) [junit-4.12.jar:4.12]
	at org.junit.runners.ParentRunner.runLeaf(ParentRunner.java:325) [junit-4.12.jar:4.12]
	at org.junit.runners.BlockJUnit4ClassRunner.runChild(BlockJUnit4ClassRunner.java:78) [junit-4.12.jar:4.12]
	at org.junit.runners.BlockJUnit4ClassRunner.runChild(BlockJUnit4ClassRunner.java:57) [junit-4.12.jar:4.12]
	at org.junit.runners.ParentRunner$3.run(ParentRunner.java:290) [junit-4.12.jar:4.12]
	at org.junit.runners.ParentRunner$1.schedule(ParentRunner.java:71) [junit-4.12.jar:4.12]
	at org.junit.runners.ParentRunner.runChildren(ParentRunner.java:288) [junit-4.12.jar:4.12]
	at org.junit.runners.ParentRunner.access$000(ParentRunner.java:58) [junit-4.12.jar:4.12]
	at org.junit.runners.ParentRunner$2.evaluate(ParentRunner.java:268) [junit-4.12.jar:4.12]
	at org.junit.runners.ParentRunner.run(ParentRunner.java:363) [junit-4.12.jar:4.12]
	at org.apache.maven.surefire.junit4.JUnit4Provider.execute(JUnit4Provider.java:367) [surefire-junit4-2.19.1.jar:2.19.1]
	at org.apache.maven.surefire.junit4.JUnit4Provider.executeWithRerun(JUnit4Provider.java:274) [surefire-junit4-2.19.1.jar:2.19.1]
	at org.apache.maven.surefire.junit4.JUnit4Provider.executeTestSet(JUnit4Provider.java:238) [surefire-junit4-2.19.1.jar:2.19.1]
	at org.apache.maven.surefire.junit4.JUnit4Provider.invoke(JUnit4Provider.java:161) [surefire-junit4-2.19.1.jar:2.19.1]
	at org.apache.maven.surefire.booter.ForkedBooter.invokeProviderInSameClassLoader(ForkedBooter.java:290) [surefire-booter-2.19.1.jar:2.19.1]
	at org.apache.maven.surefire.booter.ForkedBooter.runSuitesInProcess(ForkedBooter.java:242) [surefire-booter-2.19.1.jar:2.19.1]
	at org.apache.maven.surefire.booter.ForkedBooter.main(ForkedBooter.java:121) [surefire-booter-2.19.1.jar:2.19.1]
    44 [riPool-3 connection closer] DEBUG PoolBase             - HikariPool-3 - Closing connection com.zaxxer.hikari.mocks.StubConnection@2665e975: (connection is broken)
HikariPool-3 - testBackfill() before close...stats (total=0, active=0, idle=0, waiting=0)
    45 [main                      ] DEBUG HikariPool           - HikariPool-3 - testBackfill() before close...stats (total=0, active=0, idle=0, waiting=0)
HikariPool-3 - testBackfill() after close...stats (total=0, active=0, idle=0, waiting=0)
    46 [main                      ] DEBUG HikariPool           - HikariPool-3 - testBackfill() after close...stats (total=0, active=0, idle=0, waiting=0)
HikariPool-3 - Added connection com.zaxxer.hikari.mocks.StubConnection@28a213c9
    47 [ariPool-3 connection adder] DEBUG HikariPool           - HikariPool-3 - Added connection com.zaxxer.hikari.mocks.StubConnection@28a213c9
HikariPool-3 - Close initiated...
    48 [main                      ] INFO  HikariPool           - HikariPool-3 - Close initiated...
HikariPool-3 - Before closing stats (total=1, active=0, idle=1, waiting=0)
    49 [main                      ] DEBUG HikariPool           - HikariPool-3 - Before closing stats (total=1, active=0, idle=1, waiting=0)
    50 [riPool-3 connection closer] DEBUG PoolBase             - HikariPool-3 - Closing connection com.zaxxer.hikari.mocks.StubConnection@28a213c9: (connection evicted)
HikariPool-3 - After closing stats (total=0, active=0, idle=0, waiting=0)
    51 [main                      ] DEBUG HikariPool           - HikariPool-3 - After closing stats (total=0, active=0, idle=0, waiting=0)
HikariPool-3 - Closed.
    52 [main                      ] INFO  HikariPool           - HikariPool-3 - Closed.
    53 [main                      ] INFO  HikariDataSource     - SlowAcquisition - Started.
SlowAcquisition - Pool stats (total=0, active=0, idle=0, waiting=0)
    54 [lowAcquisition housekeeper] DEBUG HikariPool           - SlowAcquisition - Pool stats (total=0, active=0, idle=0, waiting=0)
SlowAcquisition - Added connection com.zaxxer.hikari.mocks.StubConnection@4dd97c40
    55 [quisition connection adder] DEBUG HikariPool           - SlowAcquisition - Added connection com.zaxxer.hikari.mocks.StubConnection@4dd97c40
SlowAcquisition - Pool stats (total=0, active=0, idle=0, waiting=0)
    56 [lowAcquisition housekeeper] DEBUG HikariPool           - SlowAcquisition - Pool stats (total=0, active=0, idle=0, waiting=0)
SlowAcquisition - Added connection com.zaxxer.hikari.mocks.StubConnection@431e8b8b
SlowAcquisition - Pool stats (total=1, active=1, idle=0, waiting=0)
    57 [quisition connection adder] DEBUG HikariPool           - SlowAcquisition - Added connection com.zaxxer.hikari.mocks.StubConnection@431e8b8b
    58 [lowAcquisition housekeeper] DEBUG HikariPool           - SlowAcquisition - Pool stats (total=1, active=1, idle=0, waiting=0)
SlowAcquisition - Added connection com.zaxxer.hikari.mocks.StubConnection@47211730
SlowAcquisition - Pool stats (total=2, active=1, idle=1, waiting=0)
    59 [quisition connection adder] DEBUG HikariPool           - SlowAcquisition - Added connection com.zaxxer.hikari.mocks.StubConnection@47211730
    60 [lowAcquisition housekeeper] DEBUG HikariPool           - SlowAcquisition - Pool stats (total=2, active=1, idle=1, waiting=0)
SlowAcquisition - Added connection com.zaxxer.hikari.mocks.StubConnection@22381b0
SlowAcquisition - Pool stats (total=3, active=1, idle=2, waiting=0)
    61 [quisition connection adder] DEBUG HikariPool           - SlowAcquisition - Added connection com.zaxxer.hikari.mocks.StubConnection@22381b0
    62 [lowAcquisition housekeeper] DEBUG HikariPool           - SlowAcquisition - Pool stats (total=3, active=1, idle=2, waiting=0)
SlowAcquisition - Pool stats (total=4, active=1, idle=3, waiting=0)
SlowAcquisition - Added connection com.zaxxer.hikari.mocks.StubConnection@49ed6c8
    63 [quisition connection adder] DEBUG HikariPool           - SlowAcquisition - Added connection com.zaxxer.hikari.mocks.StubConnection@49ed6c8
    64 [lowAcquisition housekeeper] DEBUG HikariPool           - SlowAcquisition - Pool stats (total=4, active=1, idle=3, waiting=0)
SlowAcquisition - Added connection com.zaxxer.hikari.mocks.StubConnection@33eb4703
SlowAcquisition - Pool stats (total=5, active=1, idle=4, waiting=0)
    66 [lowAcquisition housekeeper] DEBUG HikariPool           - SlowAcquisition - Pool stats (total=5, active=1, idle=4, waiting=0)
    65 [quisition connection adder] DEBUG HikariPool           - SlowAcquisition - Added connection com.zaxxer.hikari.mocks.StubConnection@33eb4703
SlowAcquisition - Added connection com.zaxxer.hikari.mocks.StubConnection@7cbc4ed9
SlowAcquisition - Pool stats (total=6, active=1, idle=5, waiting=0)
    67 [quisition connection adder] DEBUG HikariPool           - SlowAcquisition - Added connection com.zaxxer.hikari.mocks.StubConnection@7cbc4ed9
    68 [lowAcquisition housekeeper] DEBUG HikariPool           - SlowAcquisition - Pool stats (total=6, active=1, idle=5, waiting=0)
SlowAcquisition - Added connection com.zaxxer.hikari.mocks.StubConnection@620c7eff
SlowAcquisition - Pool stats (total=7, active=1, idle=6, waiting=0)
    69 [quisition connection adder] DEBUG HikariPool           - SlowAcquisition - Added connection com.zaxxer.hikari.mocks.StubConnection@620c7eff
    70 [lowAcquisition housekeeper] DEBUG HikariPool           - SlowAcquisition - Pool stats (total=7, active=1, idle=6, waiting=0)
SlowAcquisition - Added connection com.zaxxer.hikari.mocks.StubConnection@10d6cce0
SlowAcquisition - Pool stats (total=8, active=1, idle=7, waiting=0)
    71 [quisition connection adder] DEBUG HikariPool           - SlowAcquisition - Added connection com.zaxxer.hikari.mocks.StubConnection@10d6cce0
    72 [lowAcquisition housekeeper] DEBUG HikariPool           - SlowAcquisition - Pool stats (total=8, active=1, idle=7, waiting=0)
SlowAcquisition - Pool stats (total=9, active=1, idle=8, waiting=0)
SlowAcquisition - Added connection com.zaxxer.hikari.mocks.StubConnection@796c52a6
    73 [quisition connection adder] DEBUG HikariPool           - SlowAcquisition - Added connection com.zaxxer.hikari.mocks.StubConnection@796c52a6
    74 [lowAcquisition housekeeper] DEBUG HikariPool           - SlowAcquisition - Pool stats (total=9, active=1, idle=8, waiting=0)
SlowAcquisition - Pool stats (total=10, active=1, idle=9, waiting=0)
SlowAcquisition - Added connection com.zaxxer.hikari.mocks.StubConnection@67b801d4
    76 [quisition connection adder] DEBUG HikariPool           - SlowAcquisition - Added connection com.zaxxer.hikari.mocks.StubConnection@67b801d4
    75 [lowAcquisition housekeeper] DEBUG HikariPool           - SlowAcquisition - Pool stats (total=10, active=1, idle=9, waiting=0)
SlowAcquisition - Added connection com.zaxxer.hikari.mocks.StubConnection@6642605a
    77 [quisition connection adder] DEBUG HikariPool           - SlowAcquisition - Added connection com.zaxxer.hikari.mocks.StubConnection@6642605a
SlowAcquisition - Pool stats (total=11, active=1, idle=10, waiting=0)
    78 [lowAcquisition housekeeper] DEBUG HikariPool           - SlowAcquisition - Pool stats (total=11, active=1, idle=10, waiting=0)
SlowAcquisition - Added connection com.zaxxer.hikari.mocks.StubConnection@40d501be
    79 [quisition connection adder] DEBUG HikariPool           - SlowAcquisition - Added connection com.zaxxer.hikari.mocks.StubConnection@40d501be
SlowAcquisition - Pool stats (total=13, active=1, idle=12, waiting=0)
    80 [lowAcquisition housekeeper] DEBUG HikariPool           - SlowAcquisition - Pool stats (total=13, active=1, idle=12, waiting=0)
SlowAcquisition - Added connection com.zaxxer.hikari.mocks.StubConnection@5bb78260
    81 [quisition connection adder] DEBUG HikariPool           - SlowAcquisition - Added connection com.zaxxer.hikari.mocks.StubConnection@5bb78260
SlowAcquisition - Pool stats (total=14, active=1, idle=13, waiting=0)
    82 [lowAcquisition housekeeper] DEBUG HikariPool           - SlowAcquisition - Pool stats (total=14, active=1, idle=13, waiting=0)
SlowAcquisition - Added connection com.zaxxer.hikari.mocks.StubConnection@7c269e63
    83 [quisition connection adder] DEBUG HikariPool           - SlowAcquisition - Added connection com.zaxxer.hikari.mocks.StubConnection@7c269e63
SlowAcquisition - Pool stats (total=15, active=1, idle=14, waiting=0)
    84 [lowAcquisition housekeeper] DEBUG HikariPool           - SlowAcquisition - Pool stats (total=15, active=1, idle=14, waiting=0)
SlowAcquisition - Added connection com.zaxxer.hikari.mocks.StubConnection@993610d
    85 [quisition connection adder] DEBUG HikariPool           - SlowAcquisition - Added connection com.zaxxer.hikari.mocks.StubConnection@993610d
SlowAcquisition - Pool stats (total=16, active=1, idle=15, waiting=0)
    86 [lowAcquisition housekeeper] DEBUG HikariPool           - SlowAcquisition - Pool stats (total=16, active=1, idle=15, waiting=0)
SlowAcquisition - Added connection com.zaxxer.hikari.mocks.StubConnection@61235970
    87 [quisition connection adder] DEBUG HikariPool           - SlowAcquisition - Added connection com.zaxxer.hikari.mocks.StubConnection@61235970
SlowAcquisition - Pool stats (total=17, active=1, idle=16, waiting=0)
    88 [lowAcquisition housekeeper] DEBUG HikariPool           - SlowAcquisition - Pool stats (total=17, active=1, idle=16, waiting=0)
SlowAcquisition - Added connection com.zaxxer.hikari.mocks.StubConnection@66063b6
    89 [quisition connection adder] DEBUG HikariPool           - SlowAcquisition - Added connection com.zaxxer.hikari.mocks.StubConnection@66063b6
SlowAcquisition - Pool stats (total=18, active=1, idle=17, waiting=0)
    90 [lowAcquisition housekeeper] DEBUG HikariPool           - SlowAcquisition - Pool stats (total=18, active=1, idle=17, waiting=0)
SlowAcquisition - Added connection com.zaxxer.hikari.mocks.StubConnection@4efd309f
    91 [quisition connection adder] DEBUG HikariPool           - SlowAcquisition - Added connection com.zaxxer.hikari.mocks.StubConnection@4efd309f
SlowAcquisition - Pool stats (total=19, active=1, idle=18, waiting=0)
    92 [lowAcquisition housekeeper] DEBUG HikariPool           - SlowAcquisition - Pool stats (total=19, active=1, idle=18, waiting=0)
SlowAcquisition - Added connection com.zaxxer.hikari.mocks.StubConnection@5c74ab44
    93 [quisition connection adder] DEBUG HikariPool           - SlowAcquisition - Added connection com.zaxxer.hikari.mocks.StubConnection@5c74ab44
SlowAcquisition - Pool stats (total=20, active=1, idle=19, waiting=0)
    94 [lowAcquisition housekeeper] DEBUG HikariPool           - SlowAcquisition - Pool stats (total=20, active=1, idle=19, waiting=0)
SlowAcquisition - Added connection com.zaxxer.hikari.mocks.StubConnection@27679163
    95 [quisition connection adder] DEBUG HikariPool           - SlowAcquisition - Added connection com.zaxxer.hikari.mocks.StubConnection@27679163
SlowAcquisition - Pool stats (total=21, active=1, idle=20, waiting=0)
    96 [lowAcquisition housekeeper] DEBUG HikariPool           - SlowAcquisition - Pool stats (total=21, active=1, idle=20, waiting=0)
SlowAcquisition - Added connection com.zaxxer.hikari.mocks.StubConnection@221f2bea
    97 [quisition connection adder] DEBUG HikariPool           - SlowAcquisition - Added connection com.zaxxer.hikari.mocks.StubConnection@221f2bea
SlowAcquisition - Pool stats (total=22, active=1, idle=21, waiting=0)
    98 [lowAcquisition housekeeper] DEBUG HikariPool           - SlowAcquisition - Pool stats (total=22, active=1, idle=21, waiting=0)
SlowAcquisition - Added connection com.zaxxer.hikari.mocks.StubConnection@5c18efe
    99 [quisition connection adder] DEBUG HikariPool           - SlowAcquisition - Added connection com.zaxxer.hikari.mocks.StubConnection@5c18efe
SlowAcquisition - Pool stats (total=23, active=1, idle=22, waiting=0)
   100 [lowAcquisition housekeeper] DEBUG HikariPool           - SlowAcquisition - Pool stats (total=23, active=1, idle=22, waiting=0)
SlowAcquisition - Added connection com.zaxxer.hikari.mocks.StubConnection@7c162b89
   101 [quisition connection adder] DEBUG HikariPool           - SlowAcquisition - Added connection com.zaxxer.hikari.mocks.StubConnection@7c162b89
SlowAcquisition - Pool stats (total=24, active=1, idle=23, waiting=0)
   102 [lowAcquisition housekeeper] DEBUG HikariPool           - SlowAcquisition - Pool stats (total=24, active=1, idle=23, waiting=0)
SlowAcquisition - Added connection com.zaxxer.hikari.mocks.StubConnection@676151e1
   103 [quisition connection adder] DEBUG HikariPool           - SlowAcquisition - Added connection com.zaxxer.hikari.mocks.StubConnection@676151e1
SlowAcquisition - Pool stats (total=25, active=1, idle=24, waiting=0)
   104 [lowAcquisition housekeeper] DEBUG HikariPool           - SlowAcquisition - Pool stats (total=25, active=1, idle=24, waiting=0)
SlowAcquisition - Added connection com.zaxxer.hikari.mocks.StubConnection@3c7a669c
   105 [quisition connection adder] DEBUG HikariPool           - SlowAcquisition - Added connection com.zaxxer.hikari.mocks.StubConnection@3c7a669c
SlowAcquisition - Pool stats (total=26, active=1, idle=25, waiting=0)
   106 [lowAcquisition housekeeper] DEBUG HikariPool           - SlowAcquisition - Pool stats (total=26, active=1, idle=25, waiting=0)
SlowAcquisition - Added connection com.zaxxer.hikari.mocks.StubConnection@35c5a993
   107 [quisition connection adder] DEBUG HikariPool           - SlowAcquisition - Added connection com.zaxxer.hikari.mocks.StubConnection@35c5a993
SlowAcquisition - Pool stats (total=27, active=1, idle=26, waiting=0)
   108 [lowAcquisition housekeeper] DEBUG HikariPool           - SlowAcquisition - Pool stats (total=27, active=1, idle=26, waiting=0)
SlowAcquisition - Added connection com.zaxxer.hikari.mocks.StubConnection@78c286c1
   109 [quisition connection adder] DEBUG HikariPool           - SlowAcquisition - Added connection com.zaxxer.hikari.mocks.StubConnection@78c286c1
SlowAcquisition - Pool stats (total=28, active=1, idle=27, waiting=0)
   110 [lowAcquisition housekeeper] DEBUG HikariPool           - SlowAcquisition - Pool stats (total=28, active=1, idle=27, waiting=0)
SlowAcquisition - Added connection com.zaxxer.hikari.mocks.StubConnection@15413e61
   111 [quisition connection adder] DEBUG HikariPool           - SlowAcquisition - Added connection com.zaxxer.hikari.mocks.StubConnection@15413e61
SlowAcquisition - Pool stats (total=29, active=1, idle=28, waiting=0)
   112 [lowAcquisition housekeeper] DEBUG HikariPool           - SlowAcquisition - Pool stats (total=29, active=1, idle=28, waiting=0)
SlowAcquisition - Added connection com.zaxxer.hikari.mocks.StubConnection@7ae0f4d3
   113 [quisition connection adder] DEBUG HikariPool           - SlowAcquisition - Added connection com.zaxxer.hikari.mocks.StubConnection@7ae0f4d3
SlowAcquisition - After adding stats (total=30, active=1, idle=29, waiting=0)
   114 [quisition connection adder] DEBUG HikariPool           - SlowAcquisition - After adding stats (total=30, active=1, idle=29, waiting=0)
SlowAcquisition - Pool stats (total=30, active=1, idle=29, waiting=0)
   115 [lowAcquisition housekeeper] DEBUG HikariPool           - SlowAcquisition - Pool stats (total=30, active=1, idle=29, waiting=0)
SlowAcquisition - Pool stats (total=30, active=1, idle=29, waiting=0)
   116 [lowAcquisition housekeeper] DEBUG HikariPool           - SlowAcquisition - Pool stats (total=30, active=1, idle=29, waiting=0)
SlowAcquisition - Pool stats (total=30, active=0, idle=30, waiting=0)
   117 [lowAcquisition housekeeper] DEBUG HikariPool           - SlowAcquisition - Pool stats (total=30, active=0, idle=30, waiting=0)
SlowAcquisition - Pool stats (total=30, active=0, idle=30, waiting=0)
   118 [lowAcquisition housekeeper] DEBUG HikariPool           - SlowAcquisition - Pool stats (total=30, active=0, idle=30, waiting=0)
SlowAcquisition - Pool stats (total=30, active=0, idle=30, waiting=0)
   119 [lowAcquisition housekeeper] DEBUG HikariPool           - SlowAcquisition - Pool stats (total=30, active=0, idle=30, waiting=0)
SlowAcquisition - Pool stats (total=30, active=0, idle=30, waiting=0)
   120 [lowAcquisition housekeeper] DEBUG HikariPool           - SlowAcquisition - Pool stats (total=30, active=0, idle=30, waiting=0)
SlowAcquisition - Pool stats (total=30, active=0, idle=30, waiting=0)
   121 [lowAcquisition housekeeper] DEBUG HikariPool           - SlowAcquisition - Pool stats (total=30, active=0, idle=30, waiting=0)
SlowAcquisition - Close initiated...
   122 [main                      ] INFO  HikariPool           - SlowAcquisition - Close initiated...
SlowAcquisition - Before closing stats (total=30, active=0, idle=30, waiting=0)
   123 [main                      ] DEBUG HikariPool           - SlowAcquisition - Before closing stats (total=30, active=0, idle=30, waiting=0)
   124 [uisition connection closer] DEBUG PoolBase             - SlowAcquisition - Closing connection com.zaxxer.hikari.mocks.StubConnection@4dd97c40: (connection evicted)
   125 [uisition connection closer] DEBUG PoolBase             - SlowAcquisition - Closing connection com.zaxxer.hikari.mocks.StubConnection@431e8b8b: (connection evicted)
   126 [uisition connection closer] DEBUG PoolBase             - SlowAcquisition - Closing connection com.zaxxer.hikari.mocks.StubConnection@47211730: (connection evicted)
   127 [uisition connection closer] DEBUG PoolBase             - SlowAcquisition - Closing connection com.zaxxer.hikari.mocks.StubConnection@22381b0: (connection evicted)
   128 [uisition connection closer] DEBUG PoolBase             - SlowAcquisition - Closing connection com.zaxxer.hikari.mocks.StubConnection@49ed6c8: (connection evicted)
   129 [uisition connection closer] DEBUG PoolBase             - SlowAcquisition - Closing connection com.zaxxer.hikari.mocks.StubConnection@33eb4703: (connection evicted)
   130 [uisition connection closer] DEBUG PoolBase             - SlowAcquisition - Closing connection com.zaxxer.hikari.mocks.StubConnection@7cbc4ed9: (connection evicted)
   131 [uisition connection closer] DEBUG PoolBase             - SlowAcquisition - Closing connection com.zaxxer.hikari.mocks.StubConnection@620c7eff: (connection evicted)
   132 [uisition connection closer] DEBUG PoolBase             - SlowAcquisition - Closing connection com.zaxxer.hikari.mocks.StubConnection@10d6cce0: (connection evicted)
   133 [uisition connection closer] DEBUG PoolBase             - SlowAcquisition - Closing connection com.zaxxer.hikari.mocks.StubConnection@796c52a6: (connection evicted)
   134 [uisition connection closer] DEBUG PoolBase             - SlowAcquisition - Closing connection com.zaxxer.hikari.mocks.StubConnection@67b801d4: (connection evicted)
   135 [uisition connection closer] DEBUG PoolBase             - SlowAcquisition - Closing connection com.zaxxer.hikari.mocks.StubConnection@6642605a: (connection evicted)
   136 [uisition connection closer] DEBUG PoolBase             - SlowAcquisition - Closing connection com.zaxxer.hikari.mocks.StubConnection@40d501be: (connection evicted)
   137 [uisition connection closer] DEBUG PoolBase             - SlowAcquisition - Closing connection com.zaxxer.hikari.mocks.StubConnection@5bb78260: (connection evicted)
   138 [uisition connection closer] DEBUG PoolBase             - SlowAcquisition - Closing connection com.zaxxer.hikari.mocks.StubConnection@7c269e63: (connection evicted)
   139 [uisition connection closer] DEBUG PoolBase             - SlowAcquisition - Closing connection com.zaxxer.hikari.mocks.StubConnection@993610d: (connection evicted)
   140 [uisition connection closer] DEBUG PoolBase             - SlowAcquisition - Closing connection com.zaxxer.hikari.mocks.StubConnection@61235970: (connection evicted)
   141 [uisition connection closer] DEBUG PoolBase             - SlowAcquisition - Closing connection com.zaxxer.hikari.mocks.StubConnection@66063b6: (connection evicted)
   142 [uisition connection closer] DEBUG PoolBase             - SlowAcquisition - Closing connection com.zaxxer.hikari.mocks.StubConnection@4efd309f: (connection evicted)
   143 [uisition connection closer] DEBUG PoolBase             - SlowAcquisition - Closing connection com.zaxxer.hikari.mocks.StubConnection@5c74ab44: (connection evicted)
   144 [uisition connection closer] DEBUG PoolBase             - SlowAcquisition - Closing connection com.zaxxer.hikari.mocks.StubConnection@27679163: (connection evicted)
   145 [uisition connection closer] DEBUG PoolBase             - SlowAcquisition - Closing connection com.zaxxer.hikari.mocks.StubConnection@221f2bea: (connection evicted)
   146 [uisition connection closer] DEBUG PoolBase             - SlowAcquisition - Closing connection com.zaxxer.hikari.mocks.StubConnection@5c18efe: (connection evicted)
   147 [uisition connection closer] DEBUG PoolBase             - SlowAcquisition - Closing connection com.zaxxer.hikari.mocks.StubConnection@7c162b89: (connection evicted)
   148 [uisition connection closer] DEBUG PoolBase             - SlowAcquisition - Closing connection com.zaxxer.hikari.mocks.StubConnection@676151e1: (connection evicted)
   149 [uisition connection closer] DEBUG PoolBase             - SlowAcquisition - Closing connection com.zaxxer.hikari.mocks.StubConnection@3c7a669c: (connection evicted)
   150 [uisition connection closer] DEBUG PoolBase             - SlowAcquisition - Closing connection com.zaxxer.hikari.mocks.StubConnection@35c5a993: (connection evicted)
   151 [uisition connection closer] DEBUG PoolBase             - SlowAcquisition - Closing connection com.zaxxer.hikari.mocks.StubConnection@78c286c1: (connection evicted)
   152 [uisition connection closer] DEBUG PoolBase             - SlowAcquisition - Closing connection com.zaxxer.hikari.mocks.StubConnection@15413e61: (connection evicted)
   153 [uisition connection closer] DEBUG PoolBase             - SlowAcquisition - Closing connection com.zaxxer.hikari.mocks.StubConnection@7ae0f4d3: (connection evicted)
SlowAcquisition - After closing stats (total=0, active=0, idle=0, waiting=0)
   154 [main                      ] DEBUG HikariPool           - SlowAcquisition - After closing stats (total=0, active=0, idle=0, waiting=0)
SlowAcquisition - Closed.
   155 [main                      ] INFO  HikariPool           - SlowAcquisition - Closed.
   156 [main                      ] INFO  HikariDataSource     - HikariPool-4 - Started.
HikariPool-4 - Added connection com.zaxxer.hikari.mocks.StubConnection@2f39e578
   157 [ariPool-4 connection adder] DEBUG HikariPool           - HikariPool-4 - Added connection com.zaxxer.hikari.mocks.StubConnection@2f39e578
HikariPool-4 - Thread starvation or clock leap detected (housekeeper delta=200ms239µs117ns).
   158 [HikariPool-4 housekeeper  ] WARN  HikariPool           - HikariPool-4 - Thread starvation or clock leap detected (housekeeper delta=200ms239µs117ns).
HikariPool-4 - Before cleanup stats (total=1, active=0, idle=1, waiting=0)
   159 [HikariPool-4 housekeeper  ] DEBUG HikariPool           - HikariPool-4 - Before cleanup stats (total=1, active=0, idle=1, waiting=0)
HikariPool-4 - After cleanup  stats (total=1, active=0, idle=1, waiting=0)
   160 [HikariPool-4 housekeeper  ] DEBUG HikariPool           - HikariPool-4 - After cleanup  stats (total=1, active=0, idle=1, waiting=0)
HikariPool-4 - Before cleanup stats (total=1, active=0, idle=1, waiting=0)
   161 [HikariPool-4 housekeeper  ] DEBUG HikariPool           - HikariPool-4 - Before cleanup stats (total=1, active=0, idle=1, waiting=0)
HikariPool-4 - After cleanup  stats (total=1, active=0, idle=1, waiting=0)
   162 [HikariPool-4 housekeeper  ] DEBUG HikariPool           - HikariPool-4 - After cleanup  stats (total=1, active=0, idle=1, waiting=0)
HikariPool-4 - Before cleanup stats (total=1, active=0, idle=1, waiting=0)
   163 [HikariPool-4 housekeeper  ] DEBUG HikariPool           - HikariPool-4 - Before cleanup stats (total=1, active=0, idle=1, waiting=0)
HikariPool-4 - After cleanup  stats (total=1, active=0, idle=1, waiting=0)
   164 [HikariPool-4 housekeeper  ] DEBUG HikariPool           - HikariPool-4 - After cleanup  stats (total=1, active=0, idle=1, waiting=0)
HikariPool-4 - Before cleanup stats (total=1, active=0, idle=1, waiting=0)
   165 [HikariPool-4 housekeeper  ] DEBUG HikariPool           - HikariPool-4 - Before cleanup stats (total=1, active=0, idle=1, waiting=0)
HikariPool-4 - After cleanup  stats (total=1, active=0, idle=1, waiting=0)
   166 [HikariPool-4 housekeeper  ] DEBUG HikariPool           - HikariPool-4 - After cleanup  stats (total=1, active=0, idle=1, waiting=0)
HikariPool-4 - Before cleanup stats (total=1, active=0, idle=1, waiting=0)
   167 [HikariPool-4 housekeeper  ] DEBUG HikariPool           - HikariPool-4 - Before cleanup stats (total=1, active=0, idle=1, waiting=0)
HikariPool-4 - After cleanup  stats (total=1, active=0, idle=1, waiting=0)
   168 [HikariPool-4 housekeeper  ] DEBUG HikariPool           - HikariPool-4 - After cleanup  stats (total=1, active=0, idle=1, waiting=0)
HikariPool-4 - Before cleanup stats (total=1, active=0, idle=1, waiting=0)
   169 [HikariPool-4 housekeeper  ] DEBUG HikariPool           - HikariPool-4 - Before cleanup stats (total=1, active=0, idle=1, waiting=0)
HikariPool-4 - After cleanup  stats (total=1, active=0, idle=1, waiting=0)
   170 [HikariPool-4 housekeeper  ] DEBUG HikariPool           - HikariPool-4 - After cleanup  stats (total=1, active=0, idle=1, waiting=0)
   171 [riPool-4 connection closer] DEBUG PoolBase             - HikariPool-4 - Closing connection com.zaxxer.hikari.mocks.StubConnection@2f39e578: (connection has passed maxLifetime)
HikariPool-4 - Pool stats (total=0, active=0, idle=0, waiting=0)
   172 [HikariPool-4 housekeeper  ] DEBUG HikariPool           - HikariPool-4 - Pool stats (total=0, active=0, idle=0, waiting=0)
HikariPool-4 - Added connection com.zaxxer.hikari.mocks.StubConnection@21fe0eef
   173 [ariPool-4 connection adder] DEBUG HikariPool           - HikariPool-4 - Added connection com.zaxxer.hikari.mocks.StubConnection@21fe0eef
HikariPool-4 - Close initiated...
   174 [main                      ] INFO  HikariPool           - HikariPool-4 - Close initiated...
HikariPool-4 - Before closing stats (total=1, active=0, idle=1, waiting=0)
   175 [main                      ] DEBUG HikariPool           - HikariPool-4 - Before closing stats (total=1, active=0, idle=1, waiting=0)
   176 [riPool-4 connection closer] DEBUG PoolBase             - HikariPool-4 - Closing connection com.zaxxer.hikari.mocks.StubConnection@21fe0eef: (connection evicted)
HikariPool-4 - After closing stats (total=0, active=0, idle=0, waiting=0)
   177 [main                      ] DEBUG HikariPool           - HikariPool-4 - After closing stats (total=0, active=0, idle=0, waiting=0)
HikariPool-4 - Closed.
   178 [main                      ] INFO  HikariPool           - HikariPool-4 - Closed.
   179 [main                      ] INFO  HikariDataSource     - HikariPool-5 - Started.
HikariPool-5 - Before acquire stats (total=0, active=0, idle=0, waiting=0)
HikariPool-5 - Before acquire stats (total=0, active=0, idle=0, waiting=0)
HikariPool-5 - Before acquire stats (total=0, active=0, idle=0, waiting=0)
   181 [Thread-2                  ] DEBUG HikariPool           - HikariPool-5 - Before acquire stats (total=0, active=0, idle=0, waiting=0)
   182 [Thread-4                  ] DEBUG HikariPool           - HikariPool-5 - Before acquire stats (total=0, active=0, idle=0, waiting=0)
   180 [Thread-3                  ] DEBUG HikariPool           - HikariPool-5 - Before acquire stats (total=0, active=0, idle=0, waiting=0)
HikariPool-5 - Before acquire stats (total=0, active=0, idle=0, waiting=0)
HikariPool-5 - Before acquire stats (total=0, active=0, idle=0, waiting=0)
HikariPool-5 - Before acquire stats (total=0, active=0, idle=0, waiting=0)
HikariPool-5 - Before acquire stats (total=0, active=0, idle=0, waiting=0)
HikariPool-5 - Before acquire stats (total=0, active=0, idle=0, waiting=2)
   186 [Thread-7                  ] DEBUG HikariPool           - HikariPool-5 - Before acquire stats (total=0, active=0, idle=0, waiting=0)
   185 [Thread-8                  ] DEBUG HikariPool           - HikariPool-5 - Before acquire stats (total=0, active=0, idle=0, waiting=0)
HikariPool-5 - Before acquire stats (total=0, active=0, idle=0, waiting=2)
HikariPool-5 - Before acquire stats (total=0, active=0, idle=0, waiting=3)
   183 [Thread-5                  ] DEBUG HikariPool           - HikariPool-5 - Before acquire stats (total=0, active=0, idle=0, waiting=0)
HikariPool-5 - Before acquire stats (total=0, active=0, idle=0, waiting=4)
   184 [Thread-6                  ] DEBUG HikariPool           - HikariPool-5 - Before acquire stats (total=0, active=0, idle=0, waiting=0)
HikariPool-5 - Before acquire stats (total=0, active=0, idle=0, waiting=4)
   187 [Thread-9                  ] DEBUG HikariPool           - HikariPool-5 - Before acquire stats (total=0, active=0, idle=0, waiting=2)
   188 [Thread-10                 ] DEBUG HikariPool           - HikariPool-5 - Before acquire stats (total=0, active=0, idle=0, waiting=2)
   189 [Thread-12                 ] DEBUG HikariPool           - HikariPool-5 - Before acquire stats (total=0, active=0, idle=0, waiting=3)
   191 [Thread-13                 ] DEBUG HikariPool           - HikariPool-5 - Before acquire stats (total=0, active=0, idle=0, waiting=4)
HikariPool-5 - Added connection com.zaxxer.hikari.mocks.StubConnection@398eae6e
HikariPool-5 - Before acquire stats (total=0, active=0, idle=0, waiting=8)
HikariPool-5 - Before acquire stats (total=0, active=0, idle=0, waiting=10)
   190 [Thread-11                 ] DEBUG HikariPool           - HikariPool-5 - Before acquire stats (total=0, active=0, idle=0, waiting=4)
   193 [ariPool-5 connection adder] DEBUG HikariPool           - HikariPool-5 - Added connection com.zaxxer.hikari.mocks.StubConnection@398eae6e
   192 [Thread-14                 ] DEBUG HikariPool           - HikariPool-5 - Before acquire stats (total=0, active=0, idle=0, waiting=8)
HikariPool-5 - Before acquire stats (total=0, active=0, idle=0, waiting=11)
   194 [Thread-15                 ] DEBUG HikariPool           - HikariPool-5 - Before acquire stats (total=0, active=0, idle=0, waiting=10)
HikariPool-5 - Before acquire stats (total=0, active=0, idle=0, waiting=11)
HikariPool-5 - After  acquire stats (total=1, active=1, idle=0, waiting=12)
   195 [Thread-17                 ] DEBUG HikariPool           - HikariPool-5 - Before acquire stats (total=0, active=0, idle=0, waiting=11)
HikariPool-5 - Before acquire stats (total=1, active=0, idle=1, waiting=12)
   197 [Thread-14                 ] DEBUG HikariPool           - HikariPool-5 - After  acquire stats (total=1, active=1, idle=0, waiting=12)
   196 [Thread-16                 ] DEBUG HikariPool           - HikariPool-5 - Before acquire stats (total=0, active=0, idle=0, waiting=11)
   198 [Thread-18                 ] DEBUG HikariPool           - HikariPool-5 - Before acquire stats (total=1, active=0, idle=1, waiting=12)
HikariPool-5 - Added connection com.zaxxer.hikari.mocks.StubConnection@3749572f
HikariPool-5 - Before acquire stats (total=1, active=1, idle=0, waiting=14)
HikariPool-5 - Before acquire stats (total=1, active=1, idle=0, waiting=12)
HikariPool-5 - Before acquire stats (total=1, active=1, idle=0, waiting=12)
   199 [ariPool-5 connection adder] DEBUG HikariPool           - HikariPool-5 - Added connection com.zaxxer.hikari.mocks.StubConnection@3749572f
   201 [Thread-20                 ] DEBUG HikariPool           - HikariPool-5 - Before acquire stats (total=1, active=1, idle=0, waiting=12)
HikariPool-5 - After  acquire stats (total=2, active=2, idle=0, waiting=14)
   200 [Thread-19                 ] DEBUG HikariPool           - HikariPool-5 - Before acquire stats (total=1, active=1, idle=0, waiting=14)
HikariPool-5 - Added connection com.zaxxer.hikari.mocks.StubConnection@3376c51e
   202 [Thread-21                 ] DEBUG HikariPool           - HikariPool-5 - Before acquire stats (total=1, active=1, idle=0, waiting=12)
   203 [Thread-13                 ] DEBUG HikariPool           - HikariPool-5 - After  acquire stats (total=2, active=2, idle=0, waiting=14)
   204 [ariPool-5 connection adder] DEBUG HikariPool           - HikariPool-5 - Added connection com.zaxxer.hikari.mocks.StubConnection@3376c51e
HikariPool-5 - After  acquire stats (total=3, active=3, idle=0, waiting=16)
HikariPool-5 - Added connection com.zaxxer.hikari.mocks.StubConnection@76745d14
   205 [Thread-11                 ] DEBUG HikariPool           - HikariPool-5 - After  acquire stats (total=3, active=3, idle=0, waiting=16)
   206 [ariPool-5 connection adder] DEBUG HikariPool           - HikariPool-5 - Added connection com.zaxxer.hikari.mocks.StubConnection@76745d14
HikariPool-5 - After  acquire stats (total=4, active=4, idle=0, waiting=15)
   207 [Thread-8                  ] DEBUG HikariPool           - HikariPool-5 - After  acquire stats (total=4, active=4, idle=0, waiting=15)
HikariPool-5 - Pool stats (total=4, active=4, idle=0, waiting=16)
   208 [HikariPool-5 housekeeper  ] DEBUG HikariPool           - HikariPool-5 - Pool stats (total=4, active=4, idle=0, waiting=16)
HikariPool-5 - After  acquire stats (total=4, active=4, idle=0, waiting=14)
   209 [Thread-10                 ] DEBUG HikariPool           - HikariPool-5 - After  acquire stats (total=4, active=4, idle=0, waiting=14)
HikariPool-5 - After  acquire stats (total=4, active=3, idle=1, waiting=14)
HikariPool-5 - After  acquire stats (total=4, active=3, idle=1, waiting=13)
   210 [Thread-12                 ] DEBUG HikariPool           - HikariPool-5 - After  acquire stats (total=4, active=3, idle=1, waiting=14)
HikariPool-5 - After  acquire stats (total=4, active=4, idle=0, waiting=11)
   211 [Thread-21                 ] DEBUG HikariPool           - HikariPool-5 - After  acquire stats (total=4, active=3, idle=1, waiting=13)
   212 [Thread-15                 ] DEBUG HikariPool           - HikariPool-5 - After  acquire stats (total=4, active=4, idle=0, waiting=11)
HikariPool-5 - After  acquire stats (total=4, active=4, idle=0, waiting=10)
   213 [Thread-17                 ] DEBUG HikariPool           - HikariPool-5 - After  acquire stats (total=4, active=4, idle=0, waiting=10)
HikariPool-5 - After  acquire stats (total=4, active=3, idle=1, waiting=9)
HikariPool-5 - After  acquire stats (total=4, active=3, idle=1, waiting=9)
   214 [Thread-16                 ] DEBUG HikariPool           - HikariPool-5 - After  acquire stats (total=4, active=3, idle=1, waiting=9)
HikariPool-5 - After  acquire stats (total=4, active=4, idle=0, waiting=7)
   215 [Thread-18                 ] DEBUG HikariPool           - HikariPool-5 - After  acquire stats (total=4, active=3, idle=1, waiting=9)
   216 [Thread-4                  ] DEBUG HikariPool           - HikariPool-5 - After  acquire stats (total=4, active=4, idle=0, waiting=7)
HikariPool-5 - After  acquire stats (total=4, active=4, idle=0, waiting=6)
   217 [Thread-20                 ] DEBUG HikariPool           - HikariPool-5 - After  acquire stats (total=4, active=4, idle=0, waiting=6)
HikariPool-5 - After  acquire stats (total=4, active=4, idle=0, waiting=4)
HikariPool-5 - After  acquire stats (total=4, active=4, idle=0, waiting=4)
HikariPool-5 - After  acquire stats (total=4, active=4, idle=0, waiting=3)
   219 [Thread-3                  ] DEBUG HikariPool           - HikariPool-5 - After  acquire stats (total=4, active=4, idle=0, waiting=4)
   220 [Thread-9                  ] DEBUG HikariPool           - HikariPool-5 - After  acquire stats (total=4, active=4, idle=0, waiting=3)
   218 [Thread-7                  ] DEBUG HikariPool           - HikariPool-5 - After  acquire stats (total=4, active=4, idle=0, waiting=4)
HikariPool-5 - After  acquire stats (total=4, active=4, idle=0, waiting=1)
   221 [Thread-6                  ] DEBUG HikariPool           - HikariPool-5 - After  acquire stats (total=4, active=4, idle=0, waiting=1)
HikariPool-5 - After  acquire stats (total=4, active=4, idle=0, waiting=0)
HikariPool-5 - After  acquire stats (total=4, active=4, idle=0, waiting=0)
HikariPool-5 - After  acquire stats (total=4, active=4, idle=0, waiting=0)
   222 [Thread-2                  ] DEBUG HikariPool           - HikariPool-5 - After  acquire stats (total=4, active=4, idle=0, waiting=0)
   223 [Thread-19                 ] DEBUG HikariPool           - HikariPool-5 - After  acquire stats (total=4, active=4, idle=0, waiting=0)
   224 [Thread-5                  ] DEBUG HikariPool           - HikariPool-5 - After  acquire stats (total=4, active=4, idle=0, waiting=0)
HikariPool-5 - before check stats (total=4, active=0, idle=4, waiting=0)
   225 [main                      ] DEBUG HikariPool           - HikariPool-5 - before check stats (total=4, active=0, idle=4, waiting=0)
HikariPool-5 - Close initiated...
   226 [main                      ] INFO  HikariPool           - HikariPool-5 - Close initiated...
HikariPool-5 - Before closing stats (total=4, active=0, idle=4, waiting=0)
   227 [main                      ] DEBUG HikariPool           - HikariPool-5 - Before closing stats (total=4, active=0, idle=4, waiting=0)
   228 [riPool-5 connection closer] DEBUG PoolBase             - HikariPool-5 - Closing connection com.zaxxer.hikari.mocks.StubConnection@398eae6e: (connection evicted)
   229 [riPool-5 connection closer] DEBUG PoolBase             - HikariPool-5 - Closing connection com.zaxxer.hikari.mocks.StubConnection@3749572f: (connection evicted)
   230 [riPool-5 connection closer] DEBUG PoolBase             - HikariPool-5 - Closing connection com.zaxxer.hikari.mocks.StubConnection@3376c51e: (connection evicted)
   231 [riPool-5 connection closer] DEBUG PoolBase             - HikariPool-5 - Closing connection com.zaxxer.hikari.mocks.StubConnection@76745d14: (connection evicted)
HikariPool-5 - After closing stats (total=0, active=0, idle=0, waiting=0)
   232 [main                      ] DEBUG HikariPool           - HikariPool-5 - After closing stats (total=0, active=0, idle=0, waiting=0)
HikariPool-5 - Closed.
   233 [main                      ] INFO  HikariPool           - HikariPool-5 - Closed.
   234 [main                      ] INFO  HikariDataSource     - HikariPool-6 - Started.
   235 [ariPool-6 connection adder] ERROR PoolBase             - HikariPool-6 - Failed to execute connection test query. (Bad query or something.)
   236 [ariPool-6 connection adder] DEBUG PoolBase             - HikariPool-6 - Closing connection com.zaxxer.hikari.pool.TestConnections$1BadConnection@327285bc: (Failed to create/set connection)
HikariPool-6 - Cannot acquire connection from data source
   237 [ariPool-6 connection adder] DEBUG HikariPool           - HikariPool-6 - Cannot acquire connection from data source
java.sql.SQLException: Bad query or something.
	at com.zaxxer.hikari.pool.TestConnections$1BadConnection.createStatement(TestConnections.java:483) ~[test-classes/:?]
	at com.zaxxer.hikari.pool.PoolBase.executeSql(PoolBase.java:509) ~[classes/:?]
	at com.zaxxer.hikari.pool.PoolBase.checkDriverSupport(PoolBase.java:403) ~[classes/:?]
	at com.zaxxer.hikari.pool.PoolBase.setupConnection(PoolBase.java:375) ~[classes/:?]
	at com.zaxxer.hikari.pool.PoolBase.newConnection(PoolBase.java:346) ~[classes/:?]
	at com.zaxxer.hikari.pool.PoolBase.newPoolEntry(PoolBase.java:193) ~[classes/:?]
	at com.zaxxer.hikari.pool.HikariPool.createPoolEntry(HikariPool.java:432) [classes/:?]
	at com.zaxxer.hikari.pool.HikariPool.access$500(HikariPool.java:66) [classes/:?]
	at com.zaxxer.hikari.pool.HikariPool$PoolEntryCreator.call(HikariPool.java:572) [classes/:?]
	at com.zaxxer.hikari.pool.HikariPool$PoolEntryCreator.call(HikariPool.java:565) [classes/:?]
	at java.util.concurrent.FutureTask.run(FutureTask.java:266) [?:1.8.0_31]
	at java.util.concurrent.ThreadPoolExecutor.runWorker(ThreadPoolExecutor.java:1142) [?:1.8.0_31]
	at java.util.concurrent.ThreadPoolExecutor$Worker.run(ThreadPoolExecutor.java:617) [?:1.8.0_31]
	at java.lang.Thread.run(Thread.java:745) [?:1.8.0_31]
HikariPool-6 - Pool stats (total=0, active=0, idle=0, waiting=1)
   238 [HikariPool-6 housekeeper  ] DEBUG HikariPool           - HikariPool-6 - Pool stats (total=0, active=0, idle=0, waiting=1)
   239 [ariPool-6 connection adder] ERROR PoolBase             - HikariPool-6 - Failed to execute connection test query. (Bad query or something.)
   240 [ariPool-6 connection adder] DEBUG PoolBase             - HikariPool-6 - Closing connection com.zaxxer.hikari.pool.TestConnections$1BadConnection@364d072a: (Failed to create/set connection)
HikariPool-6 - Cannot acquire connection from data source
   241 [ariPool-6 connection adder] DEBUG HikariPool           - HikariPool-6 - Cannot acquire connection from data source
java.sql.SQLException: Bad query or something.
	at com.zaxxer.hikari.pool.TestConnections$1BadConnection.createStatement(TestConnections.java:483) ~[test-classes/:?]
	at com.zaxxer.hikari.pool.PoolBase.executeSql(PoolBase.java:509) ~[classes/:?]
	at com.zaxxer.hikari.pool.PoolBase.checkDriverSupport(PoolBase.java:403) ~[classes/:?]
	at com.zaxxer.hikari.pool.PoolBase.setupConnection(PoolBase.java:375) ~[classes/:?]
	at com.zaxxer.hikari.pool.PoolBase.newConnection(PoolBase.java:346) ~[classes/:?]
	at com.zaxxer.hikari.pool.PoolBase.newPoolEntry(PoolBase.java:193) ~[classes/:?]
	at com.zaxxer.hikari.pool.HikariPool.createPoolEntry(HikariPool.java:432) [classes/:?]
	at com.zaxxer.hikari.pool.HikariPool.access$500(HikariPool.java:66) [classes/:?]
	at com.zaxxer.hikari.pool.HikariPool$PoolEntryCreator.call(HikariPool.java:572) [classes/:?]
	at com.zaxxer.hikari.pool.HikariPool$PoolEntryCreator.call(HikariPool.java:565) [classes/:?]
	at java.util.concurrent.FutureTask.run(FutureTask.java:266) [?:1.8.0_31]
	at java.util.concurrent.ThreadPoolExecutor.runWorker(ThreadPoolExecutor.java:1142) [?:1.8.0_31]
	at java.util.concurrent.ThreadPoolExecutor$Worker.run(ThreadPoolExecutor.java:617) [?:1.8.0_31]
	at java.lang.Thread.run(Thread.java:745) [?:1.8.0_31]
   242 [ariPool-6 connection adder] ERROR PoolBase             - HikariPool-6 - Failed to execute connection test query. (Bad query or something.)
   243 [ariPool-6 connection adder] DEBUG PoolBase             - HikariPool-6 - Closing connection com.zaxxer.hikari.pool.TestConnections$1BadConnection@734f8f87: (Failed to create/set connection)
HikariPool-6 - Cannot acquire connection from data source
   244 [ariPool-6 connection adder] DEBUG HikariPool           - HikariPool-6 - Cannot acquire connection from data source
java.sql.SQLException: Bad query or something.
	at com.zaxxer.hikari.pool.TestConnections$1BadConnection.createStatement(TestConnections.java:483) ~[test-classes/:?]
	at com.zaxxer.hikari.pool.PoolBase.executeSql(PoolBase.java:509) ~[classes/:?]
	at com.zaxxer.hikari.pool.PoolBase.checkDriverSupport(PoolBase.java:403) ~[classes/:?]
	at com.zaxxer.hikari.pool.PoolBase.setupConnection(PoolBase.java:375) ~[classes/:?]
	at com.zaxxer.hikari.pool.PoolBase.newConnection(PoolBase.java:346) ~[classes/:?]
	at com.zaxxer.hikari.pool.PoolBase.newPoolEntry(PoolBase.java:193) ~[classes/:?]
	at com.zaxxer.hikari.pool.HikariPool.createPoolEntry(HikariPool.java:432) [classes/:?]
	at com.zaxxer.hikari.pool.HikariPool.access$500(HikariPool.java:66) [classes/:?]
	at com.zaxxer.hikari.pool.HikariPool$PoolEntryCreator.call(HikariPool.java:572) [classes/:?]
	at com.zaxxer.hikari.pool.HikariPool$PoolEntryCreator.call(HikariPool.java:565) [classes/:?]
	at java.util.concurrent.FutureTask.run(FutureTask.java:266) [?:1.8.0_31]
	at java.util.concurrent.ThreadPoolExecutor.runWorker(ThreadPoolExecutor.java:1142) [?:1.8.0_31]
	at java.util.concurrent.ThreadPoolExecutor$Worker.run(ThreadPoolExecutor.java:617) [?:1.8.0_31]
	at java.lang.Thread.run(Thread.java:745) [?:1.8.0_31]
   245 [ariPool-6 connection adder] ERROR PoolBase             - HikariPool-6 - Failed to execute connection test query. (Bad query or something.)
   246 [ariPool-6 connection adder] DEBUG PoolBase             - HikariPool-6 - Closing connection com.zaxxer.hikari.pool.TestConnections$1BadConnection@648fea08: (Failed to create/set connection)
HikariPool-6 - Cannot acquire connection from data source
   247 [ariPool-6 connection adder] DEBUG HikariPool           - HikariPool-6 - Cannot acquire connection from data source
java.sql.SQLException: Bad query or something.
	at com.zaxxer.hikari.pool.TestConnections$1BadConnection.createStatement(TestConnections.java:483) ~[test-classes/:?]
	at com.zaxxer.hikari.pool.PoolBase.executeSql(PoolBase.java:509) ~[classes/:?]
	at com.zaxxer.hikari.pool.PoolBase.checkDriverSupport(PoolBase.java:403) ~[classes/:?]
	at com.zaxxer.hikari.pool.PoolBase.setupConnection(PoolBase.java:375) ~[classes/:?]
	at com.zaxxer.hikari.pool.PoolBase.newConnection(PoolBase.java:346) ~[classes/:?]
	at com.zaxxer.hikari.pool.PoolBase.newPoolEntry(PoolBase.java:193) ~[classes/:?]
	at com.zaxxer.hikari.pool.HikariPool.createPoolEntry(HikariPool.java:432) [classes/:?]
	at com.zaxxer.hikari.pool.HikariPool.access$500(HikariPool.java:66) [classes/:?]
	at com.zaxxer.hikari.pool.HikariPool$PoolEntryCreator.call(HikariPool.java:572) [classes/:?]
	at com.zaxxer.hikari.pool.HikariPool$PoolEntryCreator.call(HikariPool.java:565) [classes/:?]
	at java.util.concurrent.FutureTask.run(FutureTask.java:266) [?:1.8.0_31]
	at java.util.concurrent.ThreadPoolExecutor.runWorker(ThreadPoolExecutor.java:1142) [?:1.8.0_31]
	at java.util.concurrent.ThreadPoolExecutor$Worker.run(ThreadPoolExecutor.java:617) [?:1.8.0_31]
	at java.lang.Thread.run(Thread.java:745) [?:1.8.0_31]
   248 [ariPool-6 connection adder] ERROR PoolBase             - HikariPool-6 - Failed to execute connection test query. (Bad query or something.)
   249 [ariPool-6 connection adder] DEBUG PoolBase             - HikariPool-6 - Closing connection com.zaxxer.hikari.pool.TestConnections$1BadConnection@4276dc40: (Failed to create/set connection)
HikariPool-6 - Cannot acquire connection from data source
   250 [ariPool-6 connection adder] DEBUG HikariPool           - HikariPool-6 - Cannot acquire connection from data source
java.sql.SQLException: Bad query or something.
	at com.zaxxer.hikari.pool.TestConnections$1BadConnection.createStatement(TestConnections.java:483) ~[test-classes/:?]
	at com.zaxxer.hikari.pool.PoolBase.executeSql(PoolBase.java:509) ~[classes/:?]
	at com.zaxxer.hikari.pool.PoolBase.checkDriverSupport(PoolBase.java:403) ~[classes/:?]
	at com.zaxxer.hikari.pool.PoolBase.setupConnection(PoolBase.java:375) ~[classes/:?]
	at com.zaxxer.hikari.pool.PoolBase.newConnection(PoolBase.java:346) ~[classes/:?]
	at com.zaxxer.hikari.pool.PoolBase.newPoolEntry(PoolBase.java:193) ~[classes/:?]
	at com.zaxxer.hikari.pool.HikariPool.createPoolEntry(HikariPool.java:432) [classes/:?]
	at com.zaxxer.hikari.pool.HikariPool.access$500(HikariPool.java:66) [classes/:?]
	at com.zaxxer.hikari.pool.HikariPool$PoolEntryCreator.call(HikariPool.java:572) [classes/:?]
	at com.zaxxer.hikari.pool.HikariPool$PoolEntryCreator.call(HikariPool.java:565) [classes/:?]
	at java.util.concurrent.FutureTask.run(FutureTask.java:266) [?:1.8.0_31]
	at java.util.concurrent.ThreadPoolExecutor.runWorker(ThreadPoolExecutor.java:1142) [?:1.8.0_31]
	at java.util.concurrent.ThreadPoolExecutor$Worker.run(ThreadPoolExecutor.java:617) [?:1.8.0_31]
	at java.lang.Thread.run(Thread.java:745) [?:1.8.0_31]
HikariPool-6 - Timeout failure stats (total=0, active=0, idle=0, waiting=0)
   251 [main                      ] DEBUG HikariPool           - HikariPool-6 - Timeout failure stats (total=0, active=0, idle=0, waiting=0)
HikariPool-6 - Close initiated...
   252 [main                      ] INFO  HikariPool           - HikariPool-6 - Close initiated...
HikariPool-6 - Before closing stats (total=0, active=0, idle=0, waiting=0)
   253 [main                      ] DEBUG HikariPool           - HikariPool-6 - Before closing stats (total=0, active=0, idle=0, waiting=0)
HikariPool-6 - After adding stats (total=0, active=0, idle=0, waiting=0)
   254 [ariPool-6 connection adder] DEBUG HikariPool           - HikariPool-6 - After adding stats (total=0, active=0, idle=0, waiting=0)
HikariPool-6 - After closing stats (total=0, active=0, idle=0, waiting=0)
   255 [main                      ] DEBUG HikariPool           - HikariPool-6 - After closing stats (total=0, active=0, idle=0, waiting=0)
HikariPool-6 - Closed.
   256 [main                      ] INFO  HikariPool           - HikariPool-6 - Closed.
   257 [main                      ] INFO  HikariDataSource     - HikariPool-6 - Started.
   258 [main                      ] ERROR PoolBase             - HikariPool-6 - Failed to execute connection test query. (Bad query or something.)
   259 [main                      ] DEBUG PoolBase             - HikariPool-6 - Closing connection com.zaxxer.hikari.pool.TestConnections$1BadConnection@5a515e5d: (Failed to create/set connection)
   260 [main                      ] INFO  HikariDataSource     - HikariPool-7 - Started.
HikariPool-7 - Pool stats (total=0, active=0, idle=0, waiting=0)
   261 [HikariPool-7 housekeeper  ] DEBUG HikariPool           - HikariPool-7 - Pool stats (total=0, active=0, idle=0, waiting=0)
HikariPool-7 - Added connection com.zaxxer.hikari.mocks.StubConnection@572d0d97
   262 [ariPool-7 connection adder] DEBUG HikariPool           - HikariPool-7 - Added connection com.zaxxer.hikari.mocks.StubConnection@572d0d97
HikariPool-7 - Added connection com.zaxxer.hikari.mocks.StubConnection@59eae902
   263 [ariPool-7 connection adder] DEBUG HikariPool           - HikariPool-7 - Added connection com.zaxxer.hikari.mocks.StubConnection@59eae902
HikariPool-7 - Added connection com.zaxxer.hikari.mocks.StubConnection@5dd566e7
   264 [ariPool-7 connection adder] DEBUG HikariPool           - HikariPool-7 - Added connection com.zaxxer.hikari.mocks.StubConnection@5dd566e7
HikariPool-7 - After adding stats (total=3, active=0, idle=3, waiting=0)
   265 [ariPool-7 connection adder] DEBUG HikariPool           - HikariPool-7 - After adding stats (total=3, active=0, idle=3, waiting=0)
HikariPool-7 - Close initiated...
   266 [main                      ] INFO  HikariPool           - HikariPool-7 - Close initiated...
HikariPool-7 - Before closing stats (total=3, active=2, idle=1, waiting=0)
   267 [main                      ] DEBUG HikariPool           - HikariPool-7 - Before closing stats (total=3, active=2, idle=1, waiting=0)
   268 [riPool-7 connection closer] DEBUG PoolBase             - HikariPool-7 - Closing connection com.zaxxer.hikari.mocks.StubConnection@5dd566e7: (connection evicted)
   269 [main                      ] DEBUG PoolBase             - HikariPool-7 - Closing connection com.zaxxer.hikari.mocks.StubConnection@572d0d97: (connection aborted during shutdown)
   270 [main                      ] DEBUG PoolBase             - HikariPool-7 - Closing connection com.zaxxer.hikari.mocks.StubConnection@59eae902: (connection aborted during shutdown)
HikariPool-7 - After closing stats (total=0, active=0, idle=0, waiting=0)
   271 [main                      ] DEBUG HikariPool           - HikariPool-7 - After closing stats (total=0, active=0, idle=0, waiting=0)
HikariPool-7 - Closed.
   272 [main                      ] INFO  HikariPool           - HikariPool-7 - Closed.
   273 [main                      ] INFO  HikariDataSource     - HikariPool-8 - Started.
HikariPool-8 - Added connection com.zaxxer.hikari.mocks.StubConnection@280efce8
   274 [ariPool-8 connection adder] DEBUG HikariPool           - HikariPool-8 - Added connection com.zaxxer.hikari.mocks.StubConnection@280efce8
   275 [riPool-8 connection closer] DEBUG PoolBase             - HikariPool-8 - Closing connection com.zaxxer.hikari.mocks.StubConnection@280efce8: (connection evicted by user)
HikariPool-8 - Close initiated...
   276 [main                      ] INFO  HikariPool           - HikariPool-8 - Close initiated...
HikariPool-8 - Before closing stats (total=0, active=0, idle=0, waiting=0)
   277 [main                      ] DEBUG HikariPool           - HikariPool-8 - Before closing stats (total=0, active=0, idle=0, waiting=0)
HikariPool-8 - After closing stats (total=0, active=0, idle=0, waiting=0)
   278 [main                      ] DEBUG HikariPool           - HikariPool-8 - After closing stats (total=0, active=0, idle=0, waiting=0)
HikariPool-8 - Closed.
   279 [main                      ] INFO  HikariPool           - HikariPool-8 - Closed.
   280 [main                      ] INFO  HikariDataSource     - HikariPool-9 - Started.
HikariPool-9 - Added connection com.zaxxer.hikari.mocks.StubConnection@1a22bcc0
   281 [ariPool-9 connection adder] DEBUG HikariPool           - HikariPool-9 - Added connection com.zaxxer.hikari.mocks.StubConnection@1a22bcc0
HikariPool-9 - Close initiated...
   282 [main                      ] INFO  HikariPool           - HikariPool-9 - Close initiated...
HikariPool-9 - Before closing stats (total=1, active=0, idle=1, waiting=0)
   283 [main                      ] DEBUG HikariPool           - HikariPool-9 - Before closing stats (total=1, active=0, idle=1, waiting=0)
   284 [riPool-9 connection closer] DEBUG PoolBase             - HikariPool-9 - Closing connection com.zaxxer.hikari.mocks.StubConnection@1a22bcc0: (connection evicted)
HikariPool-9 - After closing stats (total=0, active=0, idle=0, waiting=0)
   285 [main                      ] DEBUG HikariPool           - HikariPool-9 - After closing stats (total=0, active=0, idle=0, waiting=0)
HikariPool-9 - Closed.
   286 [main                      ] INFO  HikariPool           - HikariPool-9 - Closed.
   287 [main                      ] INFO  HikariDataSource     - HikariPool-10 - Started.
   288 [main                      ] INFO  PoolBase             - HikariPool-10 - Driver does not support get/set network timeout for connections. (null)
HikariPool-10 - Pool stats (total=0, active=0, idle=0, waiting=0)
   289 [HikariPool-10 housekeeper ] DEBUG HikariPool           - HikariPool-10 - Pool stats (total=0, active=0, idle=0, waiting=0)
HikariPool-10 - Added connection com.zaxxer.hikari.mocks.StubConnection@2d2f1fa6
   290 [riPool-10 connection adder] DEBUG HikariPool           - HikariPool-10 - Added connection com.zaxxer.hikari.mocks.StubConnection@2d2f1fa6
HikariPool-10 - After adding stats (total=1, active=0, idle=1, waiting=0)
   291 [riPool-10 connection adder] DEBUG HikariPool           - HikariPool-10 - After adding stats (total=1, active=0, idle=1, waiting=0)
HikariPool-10 - Close initiated...
   292 [main                      ] INFO  HikariPool           - HikariPool-10 - Close initiated...
HikariPool-10 - Before closing stats (total=1, active=1, idle=0, waiting=0)
   293 [main                      ] DEBUG HikariPool           - HikariPool-10 - Before closing stats (total=1, active=1, idle=0, waiting=0)
   294 [main                      ] DEBUG PoolBase             - HikariPool-10 - Closing connection com.zaxxer.hikari.mocks.StubConnection@2d2f1fa6: (connection aborted during shutdown)
HikariPool-10 - After closing stats (total=0, active=0, idle=0, waiting=0)
   295 [main                      ] DEBUG HikariPool           - HikariPool-10 - After closing stats (total=0, active=0, idle=0, waiting=0)
HikariPool-10 - Closed.
   296 [main                      ] INFO  HikariPool           - HikariPool-10 - Closed.
   297 [main                      ] INFO  HikariDataSource     - HikariPool-11 - Started.
HikariPool-11 - Added connection com.zaxxer.hikari.mocks.StubConnection@57f1034c
   298 [riPool-11 connection adder] DEBUG HikariPool           - HikariPool-11 - Added connection com.zaxxer.hikari.mocks.StubConnection@57f1034c
HikariPool-11 - Close initiated...
   299 [main                      ] INFO  HikariPool           - HikariPool-11 - Close initiated...
HikariPool-11 - Before closing stats (total=1, active=0, idle=1, waiting=0)
   300 [main                      ] DEBUG HikariPool           - HikariPool-11 - Before closing stats (total=1, active=0, idle=1, waiting=0)
   301 [iPool-11 connection closer] DEBUG PoolBase             - HikariPool-11 - Closing connection com.zaxxer.hikari.mocks.StubConnection@57f1034c: (connection evicted)
HikariPool-11 - After closing stats (total=0, active=0, idle=0, waiting=0)
   302 [main                      ] DEBUG HikariPool           - HikariPool-11 - After closing stats (total=0, active=0, idle=0, waiting=0)
HikariPool-11 - Closed.
   303 [main                      ] INFO  HikariPool           - HikariPool-11 - Closed.
Tests run: 12, Failures: 0, Errors: 0, Skipped: 0, Time elapsed: 50.689 sec - in com.zaxxer.hikari.pool.TestConnections
Running com.zaxxer.hikari.pool.TestFastList
Tests run: 6, Failures: 0, Errors: 0, Skipped: 0, Time elapsed: 0.076 sec - in com.zaxxer.hikari.pool.TestFastList
Running com.zaxxer.hikari.pool.TestHibernate
     1 [main                      ] WARN  HikariConnectionProvider - com.zaxxer.hikari.hibernate.HikariConnectionProvider has been deprecated for versions of Hibernate 4.3.6 and newer.  Please switch to org.hibernate.hikaricp.internal.HikariCPConnectionProvider.
     2 [main                      ] INFO  HikariDataSource     - HikariPool-1 - Started.
     3 [main                      ] INFO  HikariPool           - HikariPool-1 - Close initiated...
     4 [main                      ] INFO  HikariPool           - HikariPool-1 - Closed.
Tests run: 1, Failures: 0, Errors: 0, Skipped: 0, Time elapsed: 1.127 sec - in com.zaxxer.hikari.pool.TestHibernate
Running com.zaxxer.hikari.pool.TestJNDI
     1 [main                      ] WARN  HikariConfig         - HikariPool-1 - idleTimeout is close to or more than maxLifetime, disabling it.
     2 [main                      ] INFO  HikariDataSource     - HikariPool-1 - Started.
     3 [main                      ] INFO  HikariPool           - HikariPool-1 - Close initiated...
     4 [main                      ] INFO  HikariPool           - HikariPool-1 - Closed.
     5 [main                      ] WARN  HikariConfig         - HikariPool-2 - idleTimeout is close to or more than maxLifetime, disabling it.
     6 [main                      ] INFO  HikariDataSource     - HikariPool-2 - Started.
     7 [main                      ] INFO  HikariPool           - HikariPool-2 - Close initiated...
     8 [main                      ] INFO  HikariPool           - HikariPool-2 - Closed.
Tests run: 3, Failures: 0, Errors: 0, Skipped: 0, Time elapsed: 0.613 sec - in com.zaxxer.hikari.pool.TestJNDI
Running com.zaxxer.hikari.pool.TestMBean
     1 [main                      ] INFO  HikariDataSource     - HikariPool-1 - Started.
     2 [main                      ] INFO  HikariPool           - HikariPool-1 - Close initiated...
     3 [main                      ] INFO  HikariPool           - HikariPool-1 - Closed.
Tests run: 1, Failures: 0, Errors: 0, Skipped: 0, Time elapsed: 0.58 sec - in com.zaxxer.hikari.pool.TestMBean
Running com.zaxxer.hikari.pool.TestMetrics
     1 [main                      ] INFO  HikariDataSource     - HikariPool-1 - Started.
     2 [main                      ] INFO  HikariPool           - HikariPool-1 - Close initiated...
     3 [main                      ] INFO  HikariPool           - HikariPool-1 - Closed.
     4 [main                      ] INFO  HikariDataSource     - HikariPool-2 - Started.
     5 [main                      ] INFO  HikariPool           - HikariPool-2 - Close initiated...
     6 [main                      ] INFO  HikariPool           - HikariPool-2 - Closed.
     7 [main                      ] INFO  HikariDataSource     - HikariPool-3 - Started.
     8 [main                      ] INFO  HikariPool           - HikariPool-3 - Close initiated...
     9 [main                      ] INFO  HikariPool           - HikariPool-3 - Closed.
    10 [main                      ] INFO  HikariDataSource     - HikariPool-4 - Started.
    11 [main                      ] INFO  HikariPool           - HikariPool-4 - Close initiated...
    12 [main                      ] INFO  HikariPool           - HikariPool-4 - Closed.
    13 [main                      ] INFO  HikariDataSource     - HikariPool-5 - Started.
    14 [main                      ] INFO  HikariPool           - HikariPool-5 - Close initiated...
    15 [main                      ] INFO  HikariPool           - HikariPool-5 - Closed.
    16 [main                      ] INFO  HikariDataSource     - test - Started.
    17 [main                      ] INFO  HikariPool           - test - Close initiated...
    18 [main                      ] INFO  HikariPool           - test - Closed.
    19 [main                      ] INFO  HikariDataSource     - test - Started.
    20 [main                      ] INFO  HikariPool           - test - Close initiated...
    21 [main                      ] INFO  HikariPool           - test - Closed.
    22 [main                      ] INFO  HikariDataSource     - test - Started.
    23 [main                      ] INFO  HikariPool           - test - Close initiated...
    24 [main                      ] INFO  HikariPool           - test - Closed.
Tests run: 8, Failures: 0, Errors: 0, Skipped: 0, Time elapsed: 3.288 sec - in com.zaxxer.hikari.pool.TestMetrics
Running com.zaxxer.hikari.pool.TestPropertySetter
     1 [main                      ] ERROR PropertyElf          - Property what does not exist on target class com.zaxxer.hikari.HikariConfig
Tests run: 6, Failures: 0, Errors: 0, Skipped: 0, Time elapsed: 0.594 sec - in com.zaxxer.hikari.pool.TestPropertySetter
Running com.zaxxer.hikari.pool.TestProxies
     1 [main                      ] INFO  HikariDataSource     - HikariPool-1 - Started.
     2 [main                      ] INFO  HikariPool           - HikariPool-1 - Close initiated...
     3 [main                      ] INFO  HikariPool           - HikariPool-1 - Closed.
     4 [main                      ] INFO  HikariDataSource     - HikariPool-2 - Started.
     5 [main                      ] INFO  HikariPool           - HikariPool-2 - Close initiated...
     6 [main                      ] INFO  HikariPool           - HikariPool-2 - Closed.
     7 [main                      ] INFO  HikariDataSource     - HikariPool-3 - Started.
     8 [main                      ] INFO  HikariPool           - HikariPool-3 - Close initiated...
     9 [main                      ] INFO  HikariPool           - HikariPool-3 - Closed.
    10 [main                      ] INFO  HikariDataSource     - HikariPool-4 - Started.
    11 [main                      ] INFO  HikariPool           - HikariPool-4 - Close initiated...
    12 [main                      ] INFO  HikariPool           - HikariPool-4 - Closed.
Tests run: 4, Failures: 0, Errors: 0, Skipped: 0, Time elapsed: 0.704 sec - in com.zaxxer.hikari.pool.TestProxies
Running com.zaxxer.hikari.pool.TestValidation
     1 [main                      ] ERROR HikariConfig         - HikariPool-1 - dataSource or dataSourceClassName or jdbcUrl is required.
     2 [main                      ] WARN  HikariConfig         - HikariPool-2 - idleTimeout is less than 10000ms, setting to default 600000ms.
     3 [main                      ] ERROR HikariConfig         - HikariPool-3 - dataSource or dataSourceClassName or jdbcUrl is required.
     4 [main                      ] ERROR HikariConfig         - HikariPool-4 - dataSource or dataSourceClassName or jdbcUrl is required.
     5 [main                      ] WARN  HikariConfig         - HikariPool-5 - idleTimeout is close to or more than maxLifetime, disabling it.
     6 [main                      ] ERROR HikariConfig         - HikariPool-7 - dataSource or dataSourceClassName or jdbcUrl is required.
     7 [main                      ] ERROR HikariConfig         - HikariPool-8 - jdbcUrl is required with driverClassName.
Tests run: 16, Failures: 0, Errors: 0, Skipped: 0, Time elapsed: 0.638 sec - in com.zaxxer.hikari.pool.TestValidation
Running com.zaxxer.hikari.pool.UnwrapTest
     1 [main                      ] INFO  HikariDataSource     - HikariPool-1 - Started.
     2 [main                      ] INFO  HikariPool           - HikariPool-1 - Close initiated...
     3 [main                      ] INFO  HikariPool           - HikariPool-1 - Closed.
     4 [main                      ] INFO  HikariDataSource     - HikariPool-2 - Started.
     5 [main                      ] INFO  HikariPool           - HikariPool-2 - Close initiated...
     6 [main                      ] INFO  HikariPool           - HikariPool-2 - Closed.
Tests run: 2, Failures: 0, Errors: 0, Skipped: 0, Time elapsed: 0.7 sec - in com.zaxxer.hikari.pool.UnwrapTest
Running com.zaxxer.hikari.util.ClockSourceTest
Tests run: 1, Failures: 0, Errors: 0, Skipped: 0, Time elapsed: 0.072 sec - in com.zaxxer.hikari.util.ClockSourceTest

Results :

Tests run: 107, Failures: 0, Errors: 0, Skipped: 0

[INFO] 
[INFO] --- jacoco-maven-plugin:0.7.7.201606060606:report (post-unit-test) @ HikariCP-java7 ---
[INFO] Loading execution data file /home/travis/build/failed/brettwooldridge/HikariCP/target/coverage-reports/jacoco.exec
[INFO] Analyzed bundle 'HikariCP' with 50 classes
[INFO] 
[INFO] --- maven-bundle-plugin:3.2.0:bundle (default-bundle) @ HikariCP-java7 ---
[INFO] 
[INFO] --- maven-install-plugin:3.0.0-M1:install (default-install) @ HikariCP-java7 ---
[INFO] Installing /home/travis/build/failed/brettwooldridge/HikariCP/target/HikariCP-java7-2.4.9-SNAPSHOT.jar to /home/travis/.m2/repository/com/zaxxer/HikariCP-java7/2.4.9-SNAPSHOT/HikariCP-java7-2.4.9-SNAPSHOT.jar
[INFO] Installing /home/travis/build/failed/brettwooldridge/HikariCP/pom.xml to /home/travis/.m2/repository/com/zaxxer/HikariCP-java7/2.4.9-SNAPSHOT/HikariCP-java7-2.4.9-SNAPSHOT.pom
[INFO] 
[INFO] --- maven-bundle-plugin:3.2.0:install (default-install) @ HikariCP-java7 ---
[INFO] Installing com/zaxxer/HikariCP-java7/2.4.9-SNAPSHOT/HikariCP-java7-2.4.9-SNAPSHOT.jar
[INFO] Writing OBR metadata
[INFO] ------------------------------------------------------------------------
[INFO] BUILD SUCCESS
[INFO] ------------------------------------------------------------------------
[INFO] Total time: 05:52 min
[INFO] Finished at: 2022-01-20T07:33:08+00:00
[INFO] Final Memory: 23M/285M
[INFO] ------------------------------------------------------------------------

travis_time:end:1434c298:start=1642663634529331925,finish=1642663988599376019,duration=354070044094[0K
[32;1mThe command "mvn -o install -Dhttps.protocols=TLSv1.2 -Dhttps.protocols=TLSv1.2 -Dhttps.protocols=TLSv1.2 -Dmaven.javadoc.skip=true -V -B" exited with 0.[0m
travis_time:start:054980ca[0K$ jdk_switcher use openjdk7
Switching to OpenJDK7 (java-1.7.0-openjdk-amd64), JAVA_HOME will be set to /usr/lib/jvm/java-7-openjdk-amd64

travis_time:end:054980ca:start=1642663988608274020,finish=1642663988621612681,duration=13338661[0K
[32;1mThe command "jdk_switcher use openjdk7" exited with 0.[0m
travis_time:start:017352ab[0K$ mvn test -Dhttps.protocols=TLSv1.2 -Dhttps.protocols=TLSv1.2 -Dhttps.protocols=TLSv1.2
[INFO] Scanning for projects...
[INFO]                                                                         
[INFO] ------------------------------------------------------------------------
[INFO] Building HikariCP 2.4.9-SNAPSHOT
[INFO] ------------------------------------------------------------------------
[INFO] 
[INFO] --- maven-enforcer-plugin:1.2:enforce (enforce-maven) @ HikariCP-java7 ---
[INFO] 
[INFO] --- jacoco-maven-plugin:0.7.7.201606060606:prepare-agent (pre-unit-test) @ HikariCP-java7 ---
[INFO] surefireArgLine set to -javaagent:/home/travis/.m2/repository/org/jacoco/org.jacoco.agent/0.7.7.201606060606/org.jacoco.agent-0.7.7.201606060606-runtime.jar=destfile=/home/travis/build/failed/brettwooldridge/HikariCP/target/coverage-reports/jacoco.exec,excludes=**/com/zaxxer/hikari/pool/HikariProxy*:**/com/zaxxer/hikari/metrics/**
[INFO] 
[INFO] --- maven-resources-plugin:3.2.0:resources (default-resources) @ HikariCP-java7 ---
[INFO] Using 'UTF-8' encoding to copy filtered resources.
[INFO] Using 'UTF-8' encoding to copy filtered properties files.
[INFO] skip non existing resourceDirectory /home/travis/build/failed/brettwooldridge/HikariCP/src/main/resources
[INFO] 
[INFO] --- maven-compiler-plugin:3.5.1:compile (default-compile) @ HikariCP-java7 ---
[INFO] Nothing to compile - all classes are up to date
[INFO] 
[INFO] --- exec-maven-plugin:1.5.0:java (default) @ HikariCP-java7 ---
Generating com.zaxxer.hikari.pool.HikariProxyConnection
Generating com.zaxxer.hikari.pool.HikariProxyStatement
Generating com.zaxxer.hikari.pool.HikariProxyResultSet
Generating com.zaxxer.hikari.pool.HikariProxyPreparedStatement
Generating com.zaxxer.hikari.pool.HikariProxyCallableStatement
Generating method bodies for com.zaxxer.hikari.proxy.ProxyFactory
[INFO] 
[INFO] --- maven-bundle-plugin:3.2.0:manifest (default) @ HikariCP-java7 ---
[INFO] 
[INFO] --- maven-resources-plugin:3.2.0:testResources (default-testResources) @ HikariCP-java7 ---
[INFO] Using 'UTF-8' encoding to copy filtered resources.
[INFO] Using 'UTF-8' encoding to copy filtered properties files.
[INFO] Copying 5 resources
[INFO] 
[INFO] --- maven-compiler-plugin:3.5.1:testCompile (default-testCompile) @ HikariCP-java7 ---
[INFO] Nothing to compile - all classes are up to date
[INFO] 
[INFO] --- maven-surefire-plugin:2.19.1:test (default-test) @ HikariCP-java7 ---

-------------------------------------------------------
 T E S T S
-------------------------------------------------------

Results :

Tests run: 0, Failures: 0, Errors: 0, Skipped: 0

[INFO] ------------------------------------------------------------------------
[INFO] BUILD FAILURE
[INFO] ------------------------------------------------------------------------
[INFO] Total time: 5.918 s
[INFO] Finished at: 2022-01-20T07:33:15+00:00
[INFO] Final Memory: 20M/491M
[INFO] ------------------------------------------------------------------------
[ERROR] Failed to execute goal org.apache.maven.plugins:maven-surefire-plugin:2.19.1:test (default-test) on project HikariCP-java7: Execution default-test of goal org.apache.maven.plugins:maven-surefire-plugin:2.19.1:test failed: java.lang.UnsupportedClassVersionError: org/hibernate/service/UnknownUnwrapTypeException : Unsupported major.minor version 52.0 -> [Help 1]
[ERROR] 
[ERROR] To see the full stack trace of the errors, re-run Maven with the -e switch.
[ERROR] Re-run Maven using the -X switch to enable full debug logging.
[ERROR] 
[ERROR] For more information about the errors and possible solutions, please read the following articles:
[ERROR] [Help 1] http://cwiki.apache.org/confluence/display/MAVEN/PluginExecutionException

travis_time:end:017352ab:start=1642663988627973211,finish=1642664002917690554,duration=14289717343[0K
[31;1mThe command "mvn test -Dhttps.protocols=TLSv1.2 -Dhttps.protocols=TLSv1.2 -Dhttps.protocols=TLSv1.2" exited with 1.[0m
travis_fold:start:cache.2[0Kstore build cache
travis_time:start:1fb36018[0K
travis_time:end:1fb36018:start=1642664002926330399,finish=1642664002933293129,duration=6962730[0Ktravis_time:start:1af08731[0K/home/travis/.casher/bin/casher:190: warning: Insecure world writable dir /home/travis/build/failed/brettwooldridge/HikariCP/. in PATH, mode 040777
[32;1mchanges detected, packing new archive[0m
/home/travis/.casher/bin/casher:213:in `cache_archive_name': undefined method `[]' for nil:NilClass (NoMethodError)
	from /home/travis/.casher/bin/casher:143:in `push'
	from /home/travis/.casher/bin/casher:53:in `block in run'
	from /home/travis/.rvm/rubies/ruby-1.9.3-p551/lib/ruby/1.9.1/timeout.rb:69:in `timeout'
	from /home/travis/.casher/bin/casher:53:in `run'
	from /home/travis/.casher/bin/casher:263:in `<main>'
.
.
.
.
.
.
.
.
.
.
.
.
.
.
.

travis_time:end:1af08731:start=1642664002942278949,finish=1642664080659264252,duration=77716985303[0Ktravis_fold:end:cache.2[0K
Done. Your build exited with 1.
