travis_fold:start:system_info[0K[33;1mBuild system information[0m
Build language: java
Build group: stable
Build dist: precise
Build id: ''
Job id: ''
[34m[1mBuild image provisioning date and time[0m
Thu Feb  5 15:09:33 UTC 2015
[34m[1mOperating System Details[0m
Distributor ID:	Ubuntu
Description:	Ubuntu 12.04.5 LTS
Release:	12.04
Codename:	precise
[34m[1mLinux Version[0m
3.13.0-29-generic
[34m[1mCookbooks Version[0m
a68419e https://github.com/travis-ci/travis-cookbooks/tree/a68419e
[34m[1mGCC version[0m
gcc (Ubuntu/Linaro 4.6.3-1ubuntu5) 4.6.3
Copyright (C) 2011 Free Software Foundation, Inc.
This is free software; see the source for copying conditions.  There is NO
warranty; not even for MERCHANTABILITY or FITNESS FOR A PARTICULAR PURPOSE.

[34m[1mLLVM version[0m
clang version 3.4 (tags/RELEASE_34/final)
Target: x86_64-unknown-linux-gnu
Thread model: posix
[34m[1mPre-installed Ruby versions[0m
ruby-1.9.3-p551
[34m[1mPre-installed Node.js versions[0m
v0.10.36
[34m[1mPre-installed Go versions[0m
1.4.1
[34m[1mRedis version[0m
redis-server 2.8.19
[34m[1mriak version[0m
2.0.2
[34m[1mMongoDB version[0m
MongoDB 2.4.12
[34m[1mCouchDB version[0m
couchdb 1.6.1
[34m[1mNeo4j version[0m
1.9.4
[34m[1mRabbitMQ Version[0m
3.4.3
[34m[1mElasticSearch version[0m
1.4.0
[34m[1mInstalled Sphinx versions[0m
2.0.10
2.1.9
2.2.6
[34m[1mDefault Sphinx version[0m
2.2.6
[34m[1mInstalled Firefox version[0m
firefox 31.0esr
[34m[1mPhantomJS version[0m
1.9.8
[34m[1mant -version[0m
Apache Ant(TM) version 1.8.2 compiled on December 3 2011
[34m[1mmvn -version[0m
Apache Maven 3.2.5 (12a6b3acb947671f09b81f49094c53f426d8cea1; 2014-12-14T17:29:23+00:00)
Maven home: /usr/local/maven
Java version: 1.7.0_76, vendor: Oracle Corporation
Java home: /usr/lib/jvm/java-7-oracle/jre
Default locale: en_US, platform encoding: ANSI_X3.4-1968
OS name: "linux", version: "3.13.0-29-generic", arch: "amd64", family: "unix"
travis_fold:end:system_info[0K
W: Failed to fetch http://us.archive.ubuntu.com/ubuntu/dists/precise/main/source/Sources  404  Not Found [IP: 91.189.91.38 80]

W: Failed to fetch http://us.archive.ubuntu.com/ubuntu/dists/precise/restricted/source/Sources  404  Not Found [IP: 91.189.91.38 80]

W: Failed to fetch http://us.archive.ubuntu.com/ubuntu/dists/precise/universe/source/Sources  404  Not Found [IP: 91.189.91.38 80]

W: Failed to fetch http://us.archive.ubuntu.com/ubuntu/dists/precise/multiverse/source/Sources  404  Not Found [IP: 91.189.91.38 80]

W: Failed to fetch http://us.archive.ubuntu.com/ubuntu/dists/precise/main/binary-amd64/Packages  404  Not Found [IP: 91.189.91.38 80]

W: Failed to fetch http://us.archive.ubuntu.com/ubuntu/dists/precise/restricted/binary-amd64/Packages  404  Not Found [IP: 91.189.91.38 80]

W: Failed to fetch http://us.archive.ubuntu.com/ubuntu/dists/precise/universe/binary-amd64/Packages  404  Not Found [IP: 91.189.91.38 80]

W: Failed to fetch http://us.archive.ubuntu.com/ubuntu/dists/precise/multiverse/binary-amd64/Packages  404  Not Found [IP: 91.189.91.38 80]

W: Failed to fetch http://us.archive.ubuntu.com/ubuntu/dists/precise/main/binary-i386/Packages  404  Not Found [IP: 91.189.91.38 80]

W: Failed to fetch http://us.archive.ubuntu.com/ubuntu/dists/precise/restricted/binary-i386/Packages  404  Not Found [IP: 91.189.91.38 80]

W: Failed to fetch http://us.archive.ubuntu.com/ubuntu/dists/precise/universe/binary-i386/Packages  404  Not Found [IP: 91.189.91.38 80]

W: Failed to fetch http://us.archive.ubuntu.com/ubuntu/dists/precise/multiverse/binary-i386/Packages  404  Not Found [IP: 91.189.91.38 80]

W: Failed to fetch http://us.archive.ubuntu.com/ubuntu/dists/precise-updates/main/source/Sources  404  Not Found [IP: 91.189.91.38 80]

W: Failed to fetch http://us.archive.ubuntu.com/ubuntu/dists/precise-updates/restricted/source/Sources  404  Not Found [IP: 91.189.91.38 80]

W: Failed to fetch http://us.archive.ubuntu.com/ubuntu/dists/precise-updates/universe/source/Sources  404  Not Found [IP: 91.189.91.38 80]

W: Failed to fetch http://us.archive.ubuntu.com/ubuntu/dists/precise-updates/multiverse/source/Sources  404  Not Found [IP: 91.189.91.38 80]

W: Failed to fetch http://us.archive.ubuntu.com/ubuntu/dists/precise-updates/main/binary-amd64/Packages  404  Not Found [IP: 91.189.91.38 80]

W: Failed to fetch http://us.archive.ubuntu.com/ubuntu/dists/precise-updates/restricted/binary-amd64/Packages  404  Not Found [IP: 91.189.91.38 80]

W: Failed to fetch http://us.archive.ubuntu.com/ubuntu/dists/precise-updates/universe/binary-amd64/Packages  404  Not Found [IP: 91.189.91.38 80]

W: Failed to fetch http://us.archive.ubuntu.com/ubuntu/dists/precise-updates/multiverse/binary-amd64/Packages  404  Not Found [IP: 91.189.91.38 80]

W: Failed to fetch http://us.archive.ubuntu.com/ubuntu/dists/precise-updates/main/binary-i386/Packages  404  Not Found [IP: 91.189.91.38 80]

W: Failed to fetch http://us.archive.ubuntu.com/ubuntu/dists/precise-updates/restricted/binary-i386/Packages  404  Not Found [IP: 91.189.91.38 80]

W: Failed to fetch http://us.archive.ubuntu.com/ubuntu/dists/precise-updates/universe/binary-i386/Packages  404  Not Found [IP: 91.189.91.38 80]

W: Failed to fetch http://us.archive.ubuntu.com/ubuntu/dists/precise-updates/multiverse/binary-i386/Packages  404  Not Found [IP: 91.189.91.38 80]

W: Failed to fetch http://us.archive.ubuntu.com/ubuntu/dists/precise-backports/main/source/Sources  404  Not Found [IP: 91.189.91.38 80]

W: Failed to fetch http://us.archive.ubuntu.com/ubuntu/dists/precise-backports/restricted/source/Sources  404  Not Found [IP: 91.189.91.38 80]

W: Failed to fetch http://us.archive.ubuntu.com/ubuntu/dists/precise-backports/universe/source/Sources  404  Not Found [IP: 91.189.91.38 80]

W: Failed to fetch http://us.archive.ubuntu.com/ubuntu/dists/precise-backports/multiverse/source/Sources  404  Not Found [IP: 91.189.91.38 80]

W: Failed to fetch http://us.archive.ubuntu.com/ubuntu/dists/precise-backports/main/binary-amd64/Packages  404  Not Found [IP: 91.189.91.38 80]

W: Failed to fetch http://us.archive.ubuntu.com/ubuntu/dists/precise-backports/restricted/binary-amd64/Packages  404  Not Found [IP: 91.189.91.38 80]

W: Failed to fetch http://us.archive.ubuntu.com/ubuntu/dists/precise-backports/universe/binary-amd64/Packages  404  Not Found [IP: 91.189.91.38 80]

W: Failed to fetch http://us.archive.ubuntu.com/ubuntu/dists/precise-backports/multiverse/binary-amd64/Packages  404  Not Found [IP: 91.189.91.38 80]

W: Failed to fetch http://us.archive.ubuntu.com/ubuntu/dists/precise-backports/main/binary-i386/Packages  404  Not Found [IP: 91.189.91.38 80]

W: Failed to fetch http://us.archive.ubuntu.com/ubuntu/dists/precise-backports/restricted/binary-i386/Packages  404  Not Found [IP: 91.189.91.38 80]

W: Failed to fetch http://us.archive.ubuntu.com/ubuntu/dists/precise-backports/universe/binary-i386/Packages  404  Not Found [IP: 91.189.91.38 80]

W: Failed to fetch http://us.archive.ubuntu.com/ubuntu/dists/precise-backports/multiverse/binary-i386/Packages  404  Not Found [IP: 91.189.91.38 80]

W: Failed to fetch http://security.ubuntu.com/ubuntu/dists/precise-security/main/source/Sources  404  Not Found [IP: 91.189.91.38 80]

W: Failed to fetch http://security.ubuntu.com/ubuntu/dists/precise-security/restricted/source/Sources  404  Not Found [IP: 91.189.91.38 80]

W: Failed to fetch http://security.ubuntu.com/ubuntu/dists/precise-security/universe/source/Sources  404  Not Found [IP: 91.189.91.38 80]

W: Failed to fetch http://security.ubuntu.com/ubuntu/dists/precise-security/multiverse/source/Sources  404  Not Found [IP: 91.189.91.38 80]

W: Failed to fetch http://security.ubuntu.com/ubuntu/dists/precise-security/main/binary-amd64/Packages  404  Not Found [IP: 91.189.91.38 80]

W: Failed to fetch http://security.ubuntu.com/ubuntu/dists/precise-security/restricted/binary-amd64/Packages  404  Not Found [IP: 91.189.91.38 80]

W: Failed to fetch http://security.ubuntu.com/ubuntu/dists/precise-security/universe/binary-amd64/Packages  404  Not Found [IP: 91.189.91.38 80]

W: Failed to fetch http://security.ubuntu.com/ubuntu/dists/precise-security/multiverse/binary-amd64/Packages  404  Not Found [IP: 91.189.91.38 80]

W: Failed to fetch http://security.ubuntu.com/ubuntu/dists/precise-security/main/binary-i386/Packages  404  Not Found [IP: 91.189.91.38 80]

W: Failed to fetch http://security.ubuntu.com/ubuntu/dists/precise-security/restricted/binary-i386/Packages  404  Not Found [IP: 91.189.91.38 80]

W: Failed to fetch http://security.ubuntu.com/ubuntu/dists/precise-security/universe/binary-i386/Packages  404  Not Found [IP: 91.189.91.38 80]

W: Failed to fetch http://security.ubuntu.com/ubuntu/dists/precise-security/multiverse/binary-i386/Packages  404  Not Found [IP: 91.189.91.38 80]

W: Failed to fetch http://apt.postgresql.org/pub/repos/apt/dists/precise-pgdg/main/binary-amd64/Packages  404  Not Found [IP: 147.75.85.69 80]

W: Failed to fetch http://apt.postgresql.org/pub/repos/apt/dists/precise-pgdg/main/binary-i386/Packages  404  Not Found [IP: 147.75.85.69 80]

W: Failed to fetch http://ppa.launchpad.net/rwky/ppa/ubuntu/dists/precise/main/binary-amd64/Packages  403  Forbidden

W: Failed to fetch http://ppa.launchpad.net/rwky/ppa/ubuntu/dists/precise/main/binary-i386/Packages  403  Forbidden

W: Failed to fetch http://ppa.launchpad.net/travis-ci/zero-mq/ubuntu/dists/precise/main/binary-amd64/Packages  403  Forbidden

W: Failed to fetch http://ppa.launchpad.net/travis-ci/zero-mq/ubuntu/dists/precise/main/binary-i386/Packages  403  Forbidden

W: Failed to fetch http://downloads-distro.mongodb.org/repo/debian-sysvinit/dists/dist/10gen/binary-amd64/Packages  Undetermined Error [IP: 54.175.147.155 80]

W: Failed to fetch http://downloads-distro.mongodb.org/repo/debian-sysvinit/dists/dist/10gen/binary-i386/Packages  Undetermined Error [IP: 54.175.147.155 80]

E: Some index files failed to download. They have been ignored, or old ones used instead.
sed: cannot rename /etc/hosts: Device or resource busy
sed: cannot rename /etc/hosts: Device or resource busy
$ jdk_switcher use oraclejdk7
Switching to Oracle JDK7 (java-7-oracle), JAVA_HOME will be set to /usr/lib/jvm/java-7-oracle
$ cd passed/jcabi/jcabi-s3

[33;1mSetting environment variables from .travis.yml[0m
$ export MAVEN_OPTS="-Xmx256m"
$ export JAVA_OPTS="-Xmx256m"

travis_fold:start:cache.1[0KSetting up build cache
$ export CASHER_DIR=$HOME/.casher
travis_time:start:01b17e80[0K$ Installing caching utilities

travis_time:end:01b17e80:start=1642692106143683905,finish=1642692106362897793,duration=219213888[0Ktravis_time:start:0e8201aa[0K
travis_time:end:0e8201aa:start=1642692106374211915,finish=1642692106382457908,duration=8245993[0Ktravis_time:start:1482324a[0K/home/travis/.casher/bin/casher:213:in `cache_archive_name': undefined method `[]' for nil:NilClass (NoMethodError)
	from /home/travis/.casher/bin/casher:65:in `block in fetch'
	from /home/travis/.casher/bin/casher:64:in `each'
	from /home/travis/.casher/bin/casher:64:in `fetch'
	from /home/travis/.casher/bin/casher:53:in `block in run'
	from /home/travis/.rvm/rubies/ruby-1.9.3-p551/lib/ruby/1.9.1/timeout.rb:69:in `timeout'
	from /home/travis/.casher/bin/casher:53:in `run'
	from /home/travis/.casher/bin/casher:263:in `<main>'
[32;1mattempting to download cache archive[0m

travis_time:end:1482324a:start=1642692106392413258,finish=1642692107128662309,duration=736249051[0Ktravis_time:start:1f14fa5c[0K
travis_time:end:1f14fa5c:start=1642692107139743847,finish=1642692107148697091,duration=8953244[0Ktravis_time:start:072d9f7a[0K[32;1madding /home/travis/.m2 to cache[0m

travis_time:end:072d9f7a:start=1642692107158441780,finish=1642692107921041358,duration=762599578[0Ktravis_fold:end:cache.1[0K$ java -Xmx32m -version
java version "1.7.0_76"
Java(TM) SE Runtime Environment (build 1.7.0_76-b13)
Java HotSpot(TM) 64-Bit Server VM (build 24.76-b04, mixed mode)
$ javac -J-Xmx32m -version
javac 1.7.0_76
travis_fold:start:before_install.1[0Ktravis_time:start:2a73da00[0K$ rvm install 2.3.0
Already installed ruby-2.3.0.
To reinstall use:

    rvm reinstall ruby-2.3.0


travis_time:end:2a73da00:start=1642692108109708345,finish=1642692108402719783,duration=293011438[0Ktravis_fold:end:before_install.1[0Ktravis_fold:start:before_install.2[0Ktravis_time:start:07c0d8b4[0K$ rvm use 2.3.0
Using /home/travis/.rvm/gems/ruby-2.3.0

travis_time:end:07c0d8b4:start=1642692108412527682,finish=1642692108805459345,duration=392931663[0Ktravis_fold:end:before_install.2[0Ktravis_fold:start:install.1[0KSuccessfully installed pdd-0.20.8
Parsing documentation for pdd-0.20.8
Installing ri documentation for pdd-0.20.8
Done installing documentation for pdd after 1 seconds
1 gem installed
travis_fold:end:install.1[0Ktravis_fold:start:install.2[0Ktravis_time:start:25b6ba9f[0K$ gem install est
/home/travis/.rvm/rubies/ruby-2.3.0/lib/ruby/2.3.0/open3.rb:199: warning: Insecure world writable dir /usr/local/bin in PATH, mode 040757
Successfully installed slop-3.6.0
Successfully installed mini_portile-0.6.2
Building native extensions. This could take a while...
Successfully installed nokogiri-1.6.6.4
Successfully installed est-0.3.4
Parsing documentation for slop-3.6.0
Installing ri documentation for slop-3.6.0
Parsing documentation for mini_portile-0.6.2
Installing ri documentation for mini_portile-0.6.2
Parsing documentation for nokogiri-1.6.6.4
Installing ri documentation for nokogiri-1.6.6.4
Parsing documentation for est-0.3.4
Installing ri documentation for est-0.3.4
Done installing documentation for slop, mini_portile, nokogiri, est after 3 seconds
4 gems installed

travis_time:end:25b6ba9f:start=1642692112517156147,finish=1642692200970565194,duration=88453409047[0Ktravis_fold:end:install.2[0Ktravis_time:start:2f3e5e82[0K$ set -e

travis_time:end:2f3e5e82:start=1642692200982467679,finish=1642692200990206770,duration=7739091[0K
[32;1mThe command "set -e" exited with 0.[0m
travis_time:start:0cefd69e[0K$ mvn clean install -Dhttps.protocols=TLSv1.2 -Pqulice --errors --batch-mode
[INFO] Error stacktraces are turned on.
[INFO] Scanning for projects...
[INFO]                                                                         
[INFO] ------------------------------------------------------------------------
[INFO] Building jcabi-s3 1.0-SNAPSHOT
[INFO] ------------------------------------------------------------------------
[INFO] 
[INFO] --- maven-clean-plugin:3.0.0:clean (default-clean) @ jcabi-s3 ---
[INFO] 
[INFO] --- maven-enforcer-plugin:1.4.1:enforce (enforce-maven) @ jcabi-s3 ---
[INFO] 
[INFO] --- buildnumber-maven-plugin:1.4:create (jcabi-build-number) @ jcabi-s3 ---
[INFO] ShortRevision tag detected. The value is '7'.
[INFO] Executing: /bin/sh -c cd '/home/travis/build/passed/jcabi/jcabi-s3' && 'git' 'rev-parse' '--verify' '--short=7' 'HEAD'
[INFO] Working directory: /home/travis/build/passed/jcabi/jcabi-s3
[INFO] Storing buildNumber: a1baac7 at timestamp: 2022-01-20T15:23:29
[INFO] Storing buildScmBranch: master
[INFO] 
[INFO] --- buildnumber-maven-plugin:1.4:create-timestamp (jcabi-build-number) @ jcabi-s3 ---
[INFO] 
[INFO] --- maven-resources-plugin:3.0.1:resources (default-resources) @ jcabi-s3 ---
[INFO] Using 'UTF-8' encoding to copy filtered resources.
[INFO] skip non existing resourceDirectory /home/travis/build/passed/jcabi/jcabi-s3/src/main/resources
[INFO] 
[INFO] --- maven-compiler-plugin:3.6.0:compile (default-compile) @ jcabi-s3 ---
[INFO] Changes detected - recompiling the module!
[INFO] Compiling 20 source files to /home/travis/build/passed/jcabi/jcabi-s3/target/classes
[INFO] 
[INFO] --- jcabi-maven-plugin:0.14.1:ajc (jcabi-ajc-compile) @ jcabi-s3 ---
[INFO] jcabi-aspects 0.18/55a5c13 started new daemon thread jcabi-loggable for watching of @Loggable annotated methods
[INFO] Unwoven classes will be copied to /home/travis/build/passed/jcabi/jcabi-s3/target/unwoven
[INFO] Created temp dir /home/travis/build/passed/jcabi/jcabi-s3/target/jcabi-ajc
[INFO] jcabi-aspects 0.18/55a5c13 started new daemon thread jcabi-cacheable for automated cleaning of expired @Cacheable values

125 warnings
[INFO] ajc result: 125 file(s) processed, 0 pointcut(s) woven, 0 error(s), 0 warning(s)
[INFO] 
[INFO] --- maven-resources-plugin:3.0.1:testResources (default-testResources) @ jcabi-s3 ---
[INFO] Using 'UTF-8' encoding to copy filtered resources.
[INFO] Copying 2 resources
[INFO] 
[INFO] --- maven-compiler-plugin:3.6.0:testCompile (default-testCompile) @ jcabi-s3 ---
[INFO] Changes detected - recompiling the module!
[INFO] Compiling 9 source files to /home/travis/build/passed/jcabi/jcabi-s3/target/test-classes
[INFO] 
[INFO] --- jcabi-maven-plugin:0.14.1:ajc (jcabi-ajc-test-compile) @ jcabi-s3 ---
[INFO] Unwoven test classes will be copied to /home/travis/build/passed/jcabi/jcabi-s3/target/unwoven-test
[INFO] Created temp dir /home/travis/build/passed/jcabi/jcabi-s3/target/jcabi-ajc-test

28 warnings
[INFO] ajc result: 12 file(s) processed, 0 pointcut(s) woven, 0 error(s), 0 warning(s)
[INFO] 
[INFO] --- maven-surefire-plugin:2.19.1:test (default-test) @ jcabi-s3 ---
[INFO] Surefire report directory: /home/travis/build/passed/jcabi/jcabi-s3/target/surefire-reports
[INFO] parallel='all', perCoreThreadCount=true, threadCount=4, useUnlimitedThreads=false, threadCountSuites=0, threadCountClasses=0, threadCountMethods=0, parallelOptimized=true

-------------------------------------------------------
 T E S T S
-------------------------------------------------------
Running com.jcabi.s3.AwsOcketTest
[[0;37mINFO[m] pool-1-thread-15 com.jcabi.s3.AwsOcket: saved 0 byte(s) to ocket 'test-3.txt' in bucket 'null' in 25ms (etag=null)
[[2;37mDEBUG[m] pool-1-thread-15 com.jcabi.s3.AwsOcket: #write(java.io.ByteArrayInputStream@2644f3a2, com.amazonaws.services.s3.model.ObjectMetadata@78d7244e): in 26.52ms
[[0;37mINFO[m] pool-1-thread-8 com.jcabi.s3.AwsOcket: loaded 20 byte(s) from ocket 'test.txt' in bucket 'null' in 3ms (etag=null)
[[2;37mDEBUG[m] pool-1-thread-8 com.jcabi.s3.AwsOcket: #read('some text â‚¬\n	test'): in 4.95ms
[[2;37mDEBUG[m] pool-1-thread-13 com.jcabi.s3.AwsOcket: #meta(): thrown com.jcabi.s3.OcketNotFoundException(ocket 'test-99.txt' not found in 'null', can't fetch meta()) out of com.jcabi.s3.AwsOcket#meta_aroundBody4[119] in 2ms
Tests run: 3, Failures: 0, Errors: 0, Skipped: 0, Time elapsed: 1.294 sec - in com.jcabi.s3.AwsOcketTest
Running com.jcabi.s3.AwsBucketTest
[[2;37mDEBUG[m] pool-1-thread-16 com.jcabi.s3.AwsBucket: Does bucket 'existing.bucket.com' exist? true
[[2;37mDEBUG[m] pool-1-thread-16 com.jcabi.s3.AwsBucket: #exists(): true in 6.47ms
[[2;37mDEBUG[m] pool-1-thread-14 com.jcabi.s3.AwsBucket: Does bucket 'non.existing.bucket.com' exist? false
[[2;37mDEBUG[m] pool-1-thread-14 com.jcabi.s3.AwsBucket: #exists(): false in 6.48ms
[[2;37mDEBUG[m] pool-1-thread-17 com.jcabi.s3.AwsBucket: #ocket('test'): test in 4.22ms
[[2;37mDEBUG[m] pool-1-thread-11 com.jcabi.s3.AwsBucket: #exists(): thrown java.io.IOException(failed to check existence of 'throwing.bucket.com' bucket) out of com.jcabi.s3.AwsBucket#exists_aroundBody6[102] in 6ms
Tests run: 4, Failures: 0, Errors: 0, Skipped: 0, Time elapsed: 1.225 sec - in com.jcabi.s3.AwsBucketTest
Running com.jcabi.s3.mock.MkBucketTest
[[2;37mDEBUG[m] pool-1-thread-9 com.jcabi.s3.mock.MkRegion: #bucket('test'): com.jcabi.s3.mock.MkBucket@3644cd in 56.12Âµs
[[2;37mDEBUG[m] pool-1-thread-9 com.jcabi.s3.mock.MkBucket: #ocket('a/first.txt'): com.jcabi.s3.mock.MkOcket@58820143 in 78.65Âµs
[[2;37mDEBUG[m] pool-1-thread-9 com.jcabi.s3.mock.MkOcket: #write(java.io.ByteArrayInputStream@308f3911, com.amazonaws.services.s3.model.ObjectMetadata@745bbff2): in 371.26Âµs
[[2;37mDEBUG[m] pool-1-thread-9 com.jcabi.s3.Ocket$Text: #write('', 'text/plain'): in 1.97ms
[[2;37mDEBUG[m] pool-1-thread-9 com.jcabi.s3.Ocket$Text: #write(''): in 3.58ms
[[2;37mDEBUG[m] pool-1-thread-9 com.jcabi.s3.mock.MkBucket: #ocket('a/b/hello.txt'): com.jcabi.s3.mock.MkOcket@f60fec78 in 33.60Âµs
[[2;37mDEBUG[m] pool-1-thread-9 com.jcabi.s3.mock.MkOcket: #write(java.io.ByteArrayInputStream@7776bdc9, com.amazonaws.services.s3.model.ObjectMetadata@14a61465): in 194.81Âµs
[[2;37mDEBUG[m] pool-1-thread-9 com.jcabi.s3.Ocket$Text: #write('', 'text/plain'): in 1.68ms
[[2;37mDEBUG[m] pool-1-thread-9 com.jcabi.s3.Ocket$Text: #write(''): in 3.20ms
[[2;37mDEBUG[m] pool-1-thread-9 com.jcabi.s3.mock.MkBucket: #ocket('a/b/f/2.txt'): com.jcabi.s3.mock.MkOcket@8bf5ba2f in 44.13Âµs
[[2;37mDEBUG[m] pool-1-thread-9 com.jcabi.s3.mock.MkOcket: #write(java.io.ByteArrayInputStream@1a48563c, com.amazonaws.services.s3.model.ObjectMetadata@3158a9f): in 187.93Âµs
[[2;37mDEBUG[m] pool-1-thread-9 com.jcabi.s3.Ocket$Text: #write('', 'text/plain'): in 1.68ms
[[2;37mDEBUG[m] pool-1-thread-9 com.jcabi.s3.Ocket$Text: #write(''): in 3.12ms
[[2;37mDEBUG[m] pool-1-thread-9 com.jcabi.s3.mock.MkBucket: #ocket('a/b/c/d/3.txt'): com.jcabi.s3.mock.MkOcket@14a35042 in 31.70Âµs
[[2;37mDEBUG[m] pool-1-thread-9 com.jcabi.s3.mock.MkOcket: #write(java.io.ByteArrayInputStream@63d3477d, com.amazonaws.services.s3.model.ObjectMetadata@77b81acf): in 390.80Âµs
[[2;37mDEBUG[m] pool-1-thread-9 com.jcabi.s3.Ocket$Text: #write('', 'text/plain'): in 1.88ms
[[2;37mDEBUG[m] pool-1-thread-9 com.jcabi.s3.Ocket$Text: #write(''): in 3.33ms
[[2;37mDEBUG[m] pool-1-thread-9 com.jcabi.s3.mock.MkBucket: #list('a/b'): '[a/b/hello.txt, a/b/f/2.txt, a/b/c/d/3.txt]' in 71.11ms
[[2;37mDEBUG[m] pool-1-thread-9 com.jcabi.s3.Bucket$Prefixed: #list(''): '[/hello.txt, /f/2.txt, /c/d/3.txt]' in 86.32ms
[[2;37mDEBUG[m] pool-1-thread-6 com.jcabi.s3.mock.MkRegion: #bucket('foo'): com.jcabi.s3.mock.MkBucket@18d01 in 63.28Âµs
[[2;37mDEBUG[m] pool-1-thread-6 com.jcabi.s3.mock.MkBucket: #ocket('1/foo.txt'): com.jcabi.s3.mock.MkOcket@4b2460a5 in 63.39Âµs
[[2;37mDEBUG[m] pool-1-thread-6 com.jcabi.s3.mock.MkOcket: #write(java.io.ByteArrayInputStream@aeba3ff, com.amazonaws.services.s3.model.ObjectMetadata@3396e48c): in 318.37Âµs
[[2;37mDEBUG[m] pool-1-thread-6 com.jcabi.s3.Ocket$Text: #write('', 'text/plain'): in 1.96ms
[[2;37mDEBUG[m] pool-1-thread-6 com.jcabi.s3.Ocket$Text: #write(''): in 3.52ms
[[2;37mDEBUG[m] pool-1-thread-6 com.jcabi.s3.mock.MkBucket: #ocket('1/2/foo.txt'): com.jcabi.s3.mock.MkOcket@38aacb48 in 28.27Âµs
[[2;37mDEBUG[m] pool-1-thread-6 com.jcabi.s3.mock.MkOcket: #write(java.io.ByteArrayInputStream@2384fd7a, com.amazonaws.services.s3.model.ObjectMetadata@701d66cd): in 175.61Âµs
[[2;37mDEBUG[m] pool-1-thread-6 com.jcabi.s3.Ocket$Text: #write('', 'text/plain'): in 1.70ms
[[2;37mDEBUG[m] pool-1-thread-6 com.jcabi.s3.Ocket$Text: #write(''): in 3.20ms
[[2;37mDEBUG[m] pool-1-thread-6 com.jcabi.s3.mock.MkBucket: #ocket('1/2/3/foo.txt'): com.jcabi.s3.mock.MkOcket@7285882c in 28.50Âµs
[[2;37mDEBUG[m] pool-1-thread-6 com.jcabi.s3.mock.MkOcket: #write(java.io.ByteArrayInputStream@7b3fce4d, com.amazonaws.services.s3.model.ObjectMetadata@1a016072): in 182.22Âµs
[[2;37mDEBUG[m] pool-1-thread-6 com.jcabi.s3.Ocket$Text: #write('', 'text/plain'): in 1.70ms
[[2;37mDEBUG[m] pool-1-thread-6 com.jcabi.s3.Ocket$Text: #write(''): in 3.12ms
[[2;37mDEBUG[m] pool-1-thread-6 com.jcabi.s3.mock.MkBucket: #list('1/'): '[1/foo.txt, 1/2/foo.txt, 1/2/3/foo.txt]' in 71.32ms
[[2;37mDEBUG[m] pool-1-thread-6 com.jcabi.s3.Bucket$Prefixed: #list(''): '[foo.txt, 2/foo.txt, 2/3/foo.txt]' in 86.65ms
Tests run: 2, Failures: 0, Errors: 0, Skipped: 0, Time elapsed: 0.601 sec - in com.jcabi.s3.mock.MkBucketTest
Running com.jcabi.s3.mock.MkRegionTest
[[2;37mDEBUG[m] pool-1-thread-10 com.jcabi.s3.mock.MkRegion: #bucket('test'): com.jcabi.s3.mock.MkBucket@3644cd in 49.52Âµs
[[2;37mDEBUG[m] pool-1-thread-10 com.jcabi.s3.mock.MkBucket: #ocket('hello.txt'): com.jcabi.s3.mock.MkOcket@53c4e693 in 25.21Âµs
[[2;37mDEBUG[m] pool-1-thread-10 com.jcabi.s3.mock.MkOcket: #write(java.io.ByteArrayInputStream@40e09d8b, com.amazonaws.services.s3.model.ObjectMetadata@5a8731f3): in 446.37Âµs
[[2;37mDEBUG[m] pool-1-thread-10 com.jcabi.s3.Ocket$Text: #write('hello, world!', 'text/plain'): in 2.81ms
[[2;37mDEBUG[m] pool-1-thread-10 com.jcabi.s3.Ocket$Text: #write('hello, world!'): in 4.97ms
[[2;37mDEBUG[m] pool-1-thread-10 com.jcabi.s3.mock.MkOcket: #key(): 'hello.txt' in 37.17Âµs
[[2;37mDEBUG[m] pool-1-thread-10 com.jcabi.s3.mock.MkBucket: #ocket('hello.txt'): com.jcabi.s3.mock.MkOcket@53c4e693 in 38.38Âµs
[[2;37mDEBUG[m] pool-1-thread-10 com.jcabi.s3.mock.MkOcket: #read('hello, world!'): in 137.97Âµs
[[2;37mDEBUG[m] pool-1-thread-10 com.jcabi.s3.Ocket$Text: #read(): 'hello, world!' in 1.21ms
Tests run: 1, Failures: 0, Errors: 0, Skipped: 0, Time elapsed: 0.481 sec - in com.jcabi.s3.mock.MkRegionTest
Running com.jcabi.s3.mock.MkOcketTest
[[2;37mDEBUG[m] pool-1-thread-7 com.jcabi.s3.mock.MkRegion: #bucket('test'): com.jcabi.s3.mock.MkBucket@3644cd in 5.76ms
[[2;37mDEBUG[m] pool-1-thread-7 com.jcabi.s3.mock.MkBucket: #ocket('hello.txt'): com.jcabi.s3.mock.MkOcket@53c4e693 in 2.52ms
[[2;37mDEBUG[m] pool-1-thread-7 com.jcabi.s3.mock.MkOcket: #key(): 'hello.txt' in 22.24Âµs
[[2;37mDEBUG[m] pool-1-thread-7 com.jcabi.s3.mock.MkBucket: #ocket('hello.txt'): com.jcabi.s3.mock.MkOcket@53c4e693 in 25.99Âµs
[[2;37mDEBUG[m] pool-1-thread-7 com.jcabi.s3.mock.MkOcket: #meta(): com.amazonaws.services.s3.model.ObjectMetadata@1fe5cb31 in 381.23ms
[[2;37mDEBUG[m] pool-1-thread-7 com.jcabi.s3.Ocket$Text: #meta(): com.amazonaws.services.s3.model.ObjectMetadata@1fe5cb31 in 382.14ms
[[2;37mDEBUG[m] pool-1-thread-12 com.jcabi.s3.mock.MkRegion: #bucket('test'): com.jcabi.s3.mock.MkBucket@3644cd in 26.22Âµs
[[2;37mDEBUG[m] pool-1-thread-12 com.jcabi.s3.mock.MkBucket: #ocket('hello.txt'): com.jcabi.s3.mock.MkOcket@53c4e693 in 25.01Âµs
[[2;37mDEBUG[m] pool-1-thread-12 com.jcabi.s3.mock.MkOcket: #write(java.io.ByteArrayInputStream@4cb5833e, com.amazonaws.services.s3.model.ObjectMetadata@20bb82ca): in 204.69Âµs
[[2;37mDEBUG[m] pool-1-thread-12 com.jcabi.s3.Ocket$Text: #write('hello, world!', 'text/plain'): in 2.68ms
[[2;37mDEBUG[m] pool-1-thread-12 com.jcabi.s3.Ocket$Text: #write('hello, world!'): in 3.66ms
[[2;37mDEBUG[m] pool-1-thread-12 com.jcabi.s3.mock.MkOcket: #key(): 'hello.txt' in 11.72Âµs
[[2;37mDEBUG[m] pool-1-thread-12 com.jcabi.s3.mock.MkBucket: #ocket('hello.txt'): com.jcabi.s3.mock.MkOcket@53c4e693 in 20.43Âµs
[[2;37mDEBUG[m] pool-1-thread-12 com.jcabi.s3.mock.MkOcket: #meta(): com.amazonaws.services.s3.model.ObjectMetadata@277f0e53 in 71.22ms
[[2;37mDEBUG[m] pool-1-thread-12 com.jcabi.s3.Ocket$Text: #meta(): com.amazonaws.services.s3.model.ObjectMetadata@277f0e53 in 72.25ms
Tests run: 2, Failures: 0, Errors: 0, Skipped: 0, Time elapsed: 0.558 sec - in com.jcabi.s3.mock.MkOcketTest

Results :

Tests run: 12, Failures: 0, Errors: 0, Skipped: 0

[INFO] 
[INFO] --- jcabi-maven-plugin:0.14.1:versionalize (jcabi-versionalize-packages) @ jcabi-s3 ---
[INFO] Versionalizing /home/travis/build/passed/jcabi/jcabi-s3/target/classes directory
[[0;37mINFO[m] org.hibernate.validator.internal.util.Version: HV000001: Hibernate Validator 5.1.2.Final
[INFO] JSR-303 validator org.hibernate.validator.internal.engine.ValidatorImpl instantiated by jcabi-aspects 0.18/55a5c13
[INFO] File /home/travis/build/passed/jcabi/jcabi-s3/target/classes/com/jcabi/s3/com-jcabi-jcabi-s3-jar.txt added
[INFO] File /home/travis/build/passed/jcabi/jcabi-s3/target/classes/com/jcabi/s3/cached/com-jcabi-jcabi-s3-jar.txt added
[INFO] File /home/travis/build/passed/jcabi/jcabi-s3/target/classes/com/jcabi/s3/mock/com-jcabi-jcabi-s3-jar.txt added
[INFO] File /home/travis/build/passed/jcabi/jcabi-s3/target/classes/com/jcabi/s3/retry/com-jcabi-jcabi-s3-jar.txt added
[INFO] 
[INFO] --- maven-jar-plugin:3.0.2:jar (default-jar) @ jcabi-s3 ---
[INFO] Building jar: /home/travis/build/passed/jcabi/jcabi-s3/target/jcabi-s3-1.0-SNAPSHOT.jar
[INFO] 
[INFO] --- maven-assembly-plugin:3.0.0:single (assemble-all) @ jcabi-s3 ---
[INFO] Downloading: http://repo.maven.apache.org/maven2/org/apache/maven/wagon/wagon-ssh/2.0/wagon-ssh-2.0.pom
[WARNING] Failed to build parent project for org.slf4j:slf4j-api:jar:1.7.5
[INFO] Downloading: http://repo.maven.apache.org/maven2/org/apache/maven/scm/maven-scm-provider-gitexe/1.9.1/maven-scm-provider-gitexe-1.9.1.pom
[WARNING] Failed to build parent project for com.fasterxml.jackson:jackson-parent:pom:2.5.1
[WARNING] Failed to build parent project for com.fasterxml.jackson.core:jackson-databind:bundle:2.5.3
[WARNING] Failed to build parent project for com.fasterxml.jackson:jackson-parent:pom:2.5
[WARNING] Failed to build parent project for com.fasterxml.jackson.core:jackson-annotations:bundle:2.5.0
[WARNING] Failed to build parent project for com.fasterxml.jackson:jackson-parent:pom:2.5.1
[WARNING] Failed to build parent project for com.fasterxml.jackson.core:jackson-core:bundle:2.5.3
[WARNING] Failed to build parent project for com.fasterxml.jackson:jackson-parent:pom:2.5.1
[WARNING] Failed to build parent project for com.fasterxml.jackson.dataformat:jackson-dataformat-cbor:bundle:2.5.3
[INFO] Downloading: http://repo.maven.apache.org/maven2/org/apache/felix/maven-bundle-plugin/2.5.0/maven-bundle-plugin-2.5.0.pom
[INFO] Building jar: /home/travis/build/passed/jcabi/jcabi-s3/target/jcabi-s3-1.0-SNAPSHOT-jar-with-dependencies.jar
[INFO] 
[INFO] --- maven-failsafe-plugin:2.19.1:integration-test (default) @ jcabi-s3 ---
[WARNING] useSystemClassloader setting has no effect when not forking
[INFO] Failsafe report directory: /home/travis/build/passed/jcabi/jcabi-s3/target/failsafe-reports
[INFO] parallel='all', perCoreThreadCount=true, threadCount=8, useUnlimitedThreads=false, threadCountSuites=0, threadCountClasses=0, threadCountMethods=0, parallelOptimized=true
Running com.jcabi.s3.AwsOcketITCase
SLF4J: The following loggers will not work because they were created
SLF4J: during the default configuration phase of the underlying logging system.
SLF4J: See also http://www.slf4j.org/codes.html#substituteLogger
SLF4J: com.jcabi.s3.BucketRule$1
SLF4J: com.jcabi.s3.BucketRule$1
SLF4J: com.jcabi.s3.BucketRule$1
SLF4J: com.jcabi.s3.BucketRule$1
SLF4J: com.jcabi.s3.BucketRule$1
SLF4J: com.jcabi.s3.BucketRule$1
SLF4J: com.jcabi.s3.BucketRule$1
SLF4J: com.jcabi.s3.BucketRule$1
SLF4J: com.jcabi.s3.BucketRule$1
[[0;33mWARN[m] pool-1-thread-11 com.jcabi.s3.BucketRule$1: system property failsafe.s3.key is not set, skipping
Tests run: 4, Failures: 0, Errors: 0, Skipped: 0, Time elapsed: 0.048 sec - in com.jcabi.s3.AwsOcketITCase
Running com.jcabi.s3.RegionITCase
Tests run: 1, Failures: 0, Errors: 0, Skipped: 0, Time elapsed: 0.025 sec - in com.jcabi.s3.RegionITCase
Running com.jcabi.s3.AwsBucketITCase
Tests run: 5, Failures: 0, Errors: 0, Skipped: 0, Time elapsed: 0.027 sec - in com.jcabi.s3.AwsBucketITCase

Results :

Tests run: 10, Failures: 0, Errors: 0, Skipped: 0

[INFO] 
[INFO] --- maven-failsafe-plugin:2.19.1:verify (default) @ jcabi-s3 ---
[INFO] Failsafe report directory: /home/travis/build/passed/jcabi/jcabi-s3/target/failsafe-reports
[INFO] 
[INFO] --- qulice-maven-plugin:0.17.1:check (jcabi-check) @ jcabi-s3 ---
log4j:WARN No appenders could be found for logger (com.puppycrawl.tools.checkstyle.ConfigurationLoader).
log4j:WARN Please initialize the log4j system properly.
log4j:WARN See http://logging.apache.org/log4j/1.2/faq.html#noconfig for more info.
[INFO] Starting PMD validator
[INFO] No PMD violations found in 31 files
[INFO] Finishing PMD validator
[INFO] Starting FindBugs validator
[INFO] Finishing FindBugs validator
[INFO] Starting XML validator
[INFO] /src/site/site.xml: to be validated
[WARNING] Failed to validate file /src/site/site.xml against schema(s). Cause: java.lang.IllegalStateException: org.xml.sax.SAXParseException; systemId: http://maven.apache.org/xsd/decoration-1.3.0.xsd; lineNumber: 1; columnNumber: 1; Premature end of file.
[INFO] Finishing XML validator
[INFO] Starting CodeNarc validator
[INFO] CodeNarc not required since no groovy files in /home/travis/build/passed/jcabi/jcabi-s3/src
[INFO] Finishing CodeNarc validator
[INFO] Calling org.apache.maven.plugins:maven-enforcer-plugin:1.0-beta-1:enforce...
[INFO] Calling com.ning.maven.plugins:maven-duplicate-finder-plugin:1.0.7:check...
[INFO] Checking compile classpath
[INFO] Checking runtime classpath
[INFO] This is not an SVN project
[INFO] Calling org.codehaus.mojo:cobertura-maven-plugin:2.5.1:check...
[INFO] Cannot perform check, instrumentation not performed - skipping.
[INFO] No dependency problems found
[INFO] Calling org.codehaus.mojo:jslint-maven-plugin:1.0.1:jslint...
[INFO] Qulice quality check completed in 47s
[INFO] 
[INFO] --- maven-install-plugin:2.5.2:install (default-install) @ jcabi-s3 ---
[INFO] Installing /home/travis/build/passed/jcabi/jcabi-s3/target/jcabi-s3-1.0-SNAPSHOT.jar to /home/travis/.m2/repository/com/jcabi/jcabi-s3/1.0-SNAPSHOT/jcabi-s3-1.0-SNAPSHOT.jar
[INFO] Installing /home/travis/build/passed/jcabi/jcabi-s3/pom.xml to /home/travis/.m2/repository/com/jcabi/jcabi-s3/1.0-SNAPSHOT/jcabi-s3-1.0-SNAPSHOT.pom
[INFO] Installing /home/travis/build/passed/jcabi/jcabi-s3/target/jcabi-s3-1.0-SNAPSHOT-jar-with-dependencies.jar to /home/travis/.m2/repository/com/jcabi/jcabi-s3/1.0-SNAPSHOT/jcabi-s3-1.0-SNAPSHOT-jar-with-dependencies.jar
[INFO] ------------------------------------------------------------------------
[INFO] BUILD SUCCESS
[INFO] ------------------------------------------------------------------------
[INFO] Total time: 03:36 min
[INFO] Finished at: 2022-01-20T15:26:58+00:00
[INFO] Final Memory: 60M/494M
[INFO] ------------------------------------------------------------------------

travis_time:end:0cefd69e:start=1642692200999439358,finish=1642692418852727063,duration=217853287705[0K
[32;1mThe command "mvn clean install -Dhttps.protocols=TLSv1.2 -Pqulice --errors --batch-mode" exited with 0.[0m
travis_time:start:0400c060[0K$ mvn clean -Dhttps.protocols=TLSv1.2
[INFO] Scanning for projects...
[INFO]                                                                         
[INFO] ------------------------------------------------------------------------
[INFO] Building jcabi-s3 1.0-SNAPSHOT
[INFO] ------------------------------------------------------------------------
[INFO] 
[INFO] --- maven-clean-plugin:3.0.0:clean (default-clean) @ jcabi-s3 ---
[INFO] Deleting /home/travis/build/passed/jcabi/jcabi-s3/target
[INFO] ------------------------------------------------------------------------
[INFO] BUILD SUCCESS
[INFO] ------------------------------------------------------------------------
[INFO] Total time: 1.910 s
[INFO] Finished at: 2022-01-20T15:27:02+00:00
[INFO] Final Memory: 14M/491M
[INFO] ------------------------------------------------------------------------

travis_time:end:0400c060:start=1642692418863773322,finish=1642692422457035857,duration=3593262535[0K
[32;1mThe command "mvn clean -Dhttps.protocols=TLSv1.2" exited with 0.[0m
travis_time:start:07f0c052[0K$ pdd --source=$(pwd) --file=/dev/null
Found 7 lines in /home/travis/build/passed/jcabi/jcabi-s3/.pdd
My version is 0.20.8
Ruby version is 2.3.0 at x86_64-linux
Reading from root dir /home/travis/build/passed/jcabi/jcabi-s3
Excluding target/**/*
Excluding src/main/resources/images/**/*
/home/travis/.rvm/gems/ruby-2.3.0/gems/pdd-0.20.8/lib/pdd/sources.rb:87: warning: Insecure world writable dir /home/travis/build/passed/jcabi/jcabi-s3/. in PATH, mode 040777
Reading .0pdd.yml ...
Reading .gitattributes ...
Reading .gitignore ...
Reading .pdd ...
Reading .rultor.yml ...
Reading .travis.yml ...
Reading LICENSE.txt ...
Reading README.md ...
Reading TEAM.md ...
Reading est/jcabi-s3.est ...
Reading pom.xml ...
Reading src/main/aspect/README.txt ...
Reading src/main/java/com/jcabi/s3/AwsBucket.java ...
Reading src/main/java/com/jcabi/s3/AwsListIterator.java ...
Reading src/main/java/com/jcabi/s3/AwsOcket.java ...
Reading src/main/java/com/jcabi/s3/Bucket.java ...
Reading src/main/java/com/jcabi/s3/Ocket.java ...
Reading src/main/java/com/jcabi/s3/OcketNotFoundException.java ...
Reading src/main/java/com/jcabi/s3/Region.java ...
Reading src/main/java/com/jcabi/s3/cached/CdBucket.java ...
Reading src/main/java/com/jcabi/s3/cached/CdOcket.java ...
Reading src/main/java/com/jcabi/s3/cached/CdRegion.java ...
Reading src/main/java/com/jcabi/s3/cached/package-info.java ...
Reading src/main/java/com/jcabi/s3/mock/MkBucket.java ...
Reading src/main/java/com/jcabi/s3/mock/MkOcket.java ...
Reading src/main/java/com/jcabi/s3/mock/MkRegion.java ...
Reading src/main/java/com/jcabi/s3/mock/package-info.java ...
Reading src/main/java/com/jcabi/s3/package-info.java ...
Reading src/main/java/com/jcabi/s3/retry/ReBucket.java ...
Reading src/main/java/com/jcabi/s3/retry/ReOcket.java ...
Reading src/main/java/com/jcabi/s3/retry/ReRegion.java ...
Reading src/main/java/com/jcabi/s3/retry/package-info.java ...
Reading src/site/apt/example-cached.apt.vm ...
Reading src/site/apt/example-list.apt.vm ...
Reading src/site/apt/example-read.apt.vm ...
Reading src/site/apt/index.apt.vm ...
Reading src/site/resources/CNAME ...
Reading src/site/site.xml ...
Reading src/test/java/com/jcabi/s3/AwsBucketITCase.java ...
Reading src/test/java/com/jcabi/s3/AwsBucketTest.java ...
Reading src/test/java/com/jcabi/s3/AwsOcketITCase.java ...
Reading src/test/java/com/jcabi/s3/AwsOcketTest.java ...
Reading src/test/java/com/jcabi/s3/BucketRule.java ...
Reading src/test/java/com/jcabi/s3/RegionITCase.java ...
Reading src/test/java/com/jcabi/s3/mock/MkBucketTest.java ...
Reading src/test/java/com/jcabi/s3/mock/MkOcketTest.java ...
Reading src/test/java/com/jcabi/s3/mock/MkRegionTest.java ...
Reading src/test/java/com/jcabi/s3/mock/package-info.java ...
Reading src/test/java/com/jcabi/s3/package-info.java ...
Reading src/test/resources/META-INF/mime.types ...
Reading src/test/resources/log4j.properties ...

travis_time:end:07f0c052:start=1642692422472180722,finish=1642692425871436382,duration=3399255660[0K
[32;1mThe command "pdd --source=$(pwd) --file=/dev/null" exited with 0.[0m
travis_time:start:0d6466f8[0K$ est --dir=est --file=/dev/null

travis_time:end:0d6466f8:start=1642692425883397427,finish=1642692426235792856,duration=352395429[0K
[32;1mThe command "est --dir=est --file=/dev/null" exited with 0.[0m
travis_fold:start:cache.2[0Kstore build cache
travis_time:start:0049b132[0K
travis_time:end:0049b132:start=1642692426268192508,finish=1642692426284543489,duration=16350981[0Ktravis_time:start:015dd9f7[0K/home/travis/.casher/bin/casher:190: warning: Insecure world writable dir /home/travis/build/passed/jcabi/jcabi-s3/. in PATH, mode 040777
[32;1mchanges detected, packing new archive[0m
/home/travis/.casher/bin/casher:213:in `cache_archive_name': undefined method `[]' for nil:NilClass (NoMethodError)
	from /home/travis/.casher/bin/casher:143:in `push'
	from /home/travis/.casher/bin/casher:53:in `block in run'
	from /home/travis/.rvm/rubies/ruby-1.9.3-p551/lib/ruby/1.9.1/timeout.rb:69:in `timeout'
	from /home/travis/.casher/bin/casher:53:in `run'
	from /home/travis/.casher/bin/casher:263:in `<main>'
.
.
.
.
.
.
.

travis_time:end:015dd9f7:start=1642692426312078376,finish=1642692464241857576,duration=37929779200[0Ktravis_fold:end:cache.2[0K
Done. Your build exited with 0.
