travis_time:start:1d17975d[0Ktravis_time:end:1d17975d:start=1642598104471800482,finish=1642598104860119276,duration=388318794,event=no_world_writable_dirs[0Ktravis_time:start:0a9db14f[0Ktravis_time:end:0a9db14f:start=1642598104867493811,finish=1642598104872631728,duration=5137917,event=check_unsupported[0Ktravis_time:start:0a41c35c[0Ktravis_fold:start:system_info[0K[33;1mBuild system information[0m
Build language: java
Build dist: trusty
Build id: ''
Job id: ''
Runtime kernel version: 4.15.0-109-generic
[34m[1mBuild image provisioning date and time[0m
Tue Dec  5 20:11:19 UTC 2017
[34m[1mOperating System Details[0m
Distributor ID:	Ubuntu
Description:	Ubuntu 14.04.5 LTS
Release:	14.04
Codename:	trusty
[34m[1mCookbooks Version[0m
7c2c6a6 https://github.com/travis-ci/travis-cookbooks/tree/7c2c6a6
[34m[1mgit version[0m
git version 2.15.1
[34m[1mbash version[0m
GNU bash, version 4.3.11(1)-release (x86_64-pc-linux-gnu)
[34m[1mgcc version[0m
gcc (Ubuntu 4.8.4-2ubuntu1~14.04.3) 4.8.4
Copyright (C) 2013 Free Software Foundation, Inc.
This is free software; see the source for copying conditions.  There is NO
warranty; not even for MERCHANTABILITY or FITNESS FOR A PARTICULAR PURPOSE.

[34m[1mdocker version[0m
Client:
 Version:      17.09.0-ce
 API version:  1.32
 Go version:   go1.8.3
 Git commit:   afdb6d4
 Built:        Tue Sep 26 22:39:28 2017
 OS/Arch:      linux/amd64
[34m[1mclang version[0m
clang version 5.0.0 (tags/RELEASE_500/final)
Target: x86_64-unknown-linux-gnu
Thread model: posix
InstalledDir: /usr/local/clang-5.0.0/bin
[34m[1mjq version[0m
jq-1.5
[34m[1mbats version[0m
Bats 0.4.0
[34m[1mshellcheck version[0m
0.4.6
[34m[1mshfmt version[0m
v2.0.0
[34m[1mccache version[0m
ccache version 3.1.9

Copyright (C) 2002-2007 Andrew Tridgell
Copyright (C) 2009-2011 Joel Rosdahl

This program is free software; you can redistribute it and/or modify it under
the terms of the GNU General Public License as published by the Free Software
Foundation; either version 3 of the License, or (at your option) any later
version.
[34m[1mcmake version[0m
cmake version 3.9.2

CMake suite maintained and supported by Kitware (kitware.com/cmake).
[34m[1mheroku version[0m
heroku-cli/6.14.39-addc925 (linux-x64) node-v9.2.0
[34m[1mimagemagick version[0m
Version: ImageMagick 6.7.7-10 2017-07-31 Q16 http://www.imagemagick.org
[34m[1mmd5deep version[0m
4.2
[34m[1mmercurial version[0m
Mercurial Distributed SCM (version 4.2.2)
(see https://mercurial-scm.org for more information)

Copyright (C) 2005-2017 Matt Mackall and others
This is free software; see the source for copying conditions. There is NO
warranty; not even for MERCHANTABILITY or FITNESS FOR A PARTICULAR PURPOSE.
[34m[1mmysql version[0m
mysql  Ver 14.14 Distrib 5.6.33, for debian-linux-gnu (x86_64) using  EditLine wrapper
[34m[1mopenssl version[0m
OpenSSL 1.0.1f 6 Jan 2014
[34m[1mpacker version[0m
Packer v1.0.2

Your version of Packer is out of date! The latest version
is 1.1.2. You can update by downloading from www.packer.io
[34m[1mpostgresql client version[0m
psql (PostgreSQL) 9.6.6
[34m[1mragel version[0m
Ragel State Machine Compiler version 6.8 Feb 2013
Copyright (c) 2001-2009 by Adrian Thurston
[34m[1msubversion version[0m
svn, version 1.8.8 (r1568071)
   compiled Aug 10 2017, 17:20:39 on x86_64-pc-linux-gnu

Copyright (C) 2013 The Apache Software Foundation.
This software consists of contributions made by many people;
see the NOTICE file for more information.
Subversion is open source software, see http://subversion.apache.org/

The following repository access (RA) modules are available:

* ra_svn : Module for accessing a repository using the svn network protocol.
  - with Cyrus SASL authentication
  - handles 'svn' scheme
* ra_local : Module for accessing a repository on local disk.
  - handles 'file' scheme
* ra_serf : Module for accessing a repository via WebDAV protocol using serf.
  - using serf 1.3.3
  - handles 'http' scheme
  - handles 'https' scheme

[34m[1msudo version[0m
Sudo version 1.8.9p5
Configure options: --prefix=/usr -v --with-all-insults --with-pam --with-fqdn --with-logging=syslog --with-logfac=authpriv --with-env-editor --with-editor=/usr/bin/editor --with-timeout=15 --with-password-timeout=0 --with-passprompt=[sudo] password for %p:  --without-lecture --with-tty-tickets --disable-root-mailer --enable-admin-flag --with-sendmail=/usr/sbin/sendmail --with-timedir=/var/lib/sudo --mandir=/usr/share/man --libexecdir=/usr/lib/sudo --with-sssd --with-sssd-lib=/usr/lib/x86_64-linux-gnu --with-selinux
Sudoers policy plugin version 1.8.9p5
Sudoers file grammar version 43

Sudoers path: /etc/sudoers
Authentication methods: 'pam'
Syslog facility if syslog is being used for logging: authpriv
Syslog priority to use when user authenticates successfully: notice
Syslog priority to use when user authenticates unsuccessfully: alert
Send mail if the user is not in sudoers
Use a separate timestamp for each user/tty combo
Lecture user the first time they run sudo
Root may run sudo
Allow some information gathering to give useful error messages
Require fully-qualified hostnames in the sudoers file
Visudo will honor the EDITOR environment variable
Set the LOGNAME and USER environment variables
Length at which to wrap log file lines (0 for no wrap): 80
Authentication timestamp timeout: 15.0 minutes
Password prompt timeout: 0.0 minutes
Number of tries to enter a password: 3
Umask to use or 0777 to use user's: 022
Path to mail program: /usr/sbin/sendmail
Flags for mail program: -t
Address to send mail to: root
Subject line for mail messages: *** SECURITY information for %h ***
Incorrect password message: Sorry, try again.
Path to authentication timestamp dir: /var/lib/sudo
Default password prompt: [sudo] password for %p: 
Default user to run commands as: root
Value to override user's $PATH with: /usr/local/sbin:/usr/local/bin:/usr/sbin:/usr/bin:/sbin:/bin:/snap/bin
Path to the editor for use by visudo: /usr/bin/editor
When to require a password for 'list' pseudocommand: any
When to require a password for 'verify' pseudocommand: all
File descriptors >= 3 will be closed before executing a command
Environment variables to check for sanity:
	TZ
	TERM
	LINGUAS
	LC_*
	LANGUAGE
	LANG
	COLORTERM
Environment variables to remove:
	RUBYOPT
	RUBYLIB
	PYTHONUSERBASE
	PYTHONINSPECT
	PYTHONPATH
	PYTHONHOME
	TMPPREFIX
	ZDOTDIR
	READNULLCMD
	NULLCMD
	FPATH
	PERL5DB
	PERL5OPT
	PERL5LIB
	PERLLIB
	PERLIO_DEBUG 
	JAVA_TOOL_OPTIONS
	SHELLOPTS
	GLOBIGNORE
	PS4
	BASH_ENV
	ENV
	TERMCAP
	TERMPATH
	TERMINFO_DIRS
	TERMINFO
	_RLD*
	LD_*
	PATH_LOCALE
	NLSPATH
	HOSTALIASES
	RES_OPTIONS
	LOCALDOMAIN
	CDPATH
	IFS
Environment variables to preserve:
	JAVA_HOME
	TRAVIS
	CI
	DEBIAN_FRONTEND
	XAUTHORIZATION
	XAUTHORITY
	PS2
	PS1
	PATH
	LS_COLORS
	KRB5CCNAME
	HOSTNAME
	HOME
	DISPLAY
	COLORS
Locale to use while parsing sudoers: C
Directory in which to store input/output logs: /var/log/sudo-io
File in which to store the input/output log: %{seq}
Add an entry to the utmp/utmpx file when allocating a pty
PAM service name to use
PAM service name to use for login shells
Create a new PAM session for the command to run in
Maximum I/O log sequence number: 0

Local IP address and netmask pairs:
	172.17.0.2/255.255.0.0

Sudoers I/O plugin version 1.8.9p5
[34m[1mgzip version[0m
gzip 1.6
Copyright (C) 2007, 2010, 2011 Free Software Foundation, Inc.
Copyright (C) 1993 Jean-loup Gailly.
This is free software.  You may redistribute copies of it under the terms of
the GNU General Public License <http://www.gnu.org/licenses/gpl.html>.
There is NO WARRANTY, to the extent permitted by law.

Written by Jean-loup Gailly.
[34m[1mzip version[0m
Copyright (c) 1990-2008 Info-ZIP - Type 'zip "-L"' for software license.
This is Zip 3.0 (July 5th 2008), by Info-ZIP.
Currently maintained by E. Gordon.  Please send bug reports to
the authors using the web page at www.info-zip.org; see README for details.

Latest sources and executables are at ftp://ftp.info-zip.org/pub/infozip,
as of above date; see http://www.info-zip.org/ for other sites.

Compiled with gcc 4.8.2 for Unix (Linux ELF) on Oct 21 2013.

Zip special compilation options:
	USE_EF_UT_TIME       (store Universal Time)
	BZIP2_SUPPORT        (bzip2 library version 1.0.6, 6-Sept-2010)
	    bzip2 code and library copyright (c) Julian R Seward
	    (See the bzip2 license for terms of use)
	SYMLINK_SUPPORT      (symbolic links supported)
	LARGE_FILE_SUPPORT   (can read and write large files on file system)
	ZIP64_SUPPORT        (use Zip64 to store large files in archives)
	UNICODE_SUPPORT      (store and read UTF-8 Unicode paths)
	STORE_UNIX_UIDs_GIDs (store UID/GID sizes/values using new extra field)
	UIDGID_NOT_16BIT     (old Unix 16-bit UID/GID extra field not used)
	[encryption, version 2.91 of 05 Jan 2007] (modified for Zip 3)

Encryption notice:
	The encryption code of this program is not copyrighted and is
	put in the public domain.  It was originally written in Europe
	and, to the best of our knowledge, can be freely distributed
	in both source and object forms from any country, including
	the USA under License Exception TSU of the U.S. Export
	Administration Regulations (section 740.13(e)) of 6 June 2002.

Zip environment options:
             ZIP:  [none]
          ZIPOPT:  [none]
[34m[1mvim version[0m
VIM - Vi IMproved 7.4 (2013 Aug 10, compiled Nov 24 2016 16:43:18)
Included patches: 1-52
Extra patches: 8.0.0056
Modified by pkg-vim-maintainers@lists.alioth.debian.org
Compiled by buildd@
Huge version without GUI.  Features included (+) or not (-):
+acl             +farsi           +mouse_netterm   +syntax
+arabic          +file_in_path    +mouse_sgr       +tag_binary
+autocmd         +find_in_path    -mouse_sysmouse  +tag_old_static
-balloon_eval    +float           +mouse_urxvt     -tag_any_white
-browse          +folding         +mouse_xterm     -tcl
++builtin_terms  -footer          +multi_byte      +terminfo
+byte_offset     +fork()          +multi_lang      +termresponse
+cindent         +gettext         -mzscheme        +textobjects
-clientserver    -hangul_input    +netbeans_intg   +title
-clipboard       +iconv           +path_extra      -toolbar
+cmdline_compl   +insert_expand   -perl            +user_commands
+cmdline_hist    +jumplist        +persistent_undo +vertsplit
+cmdline_info    +keymap          +postscript      +virtualedit
+comments        +langmap         +printer         +visual
+conceal         +libcall         +profile         +visualextra
+cryptv          +linebreak       +python          +viminfo
+cscope          +lispindent      -python3         +vreplace
+cursorbind      +listcmds        +quickfix        +wildignore
+cursorshape     +localmap        +reltime         +wildmenu
+dialog_con      -lua             +rightleft       +windows
+diff            +menu            -ruby            +writebackup
+digraphs        +mksession       +scrollbind      -X11
-dnd             +modify_fname    +signs           -xfontset
-ebcdic          +mouse           +smartindent     -xim
+emacs_tags      -mouseshape      -sniff           -xsmp
+eval            +mouse_dec       +startuptime     -xterm_clipboard
+ex_extra        +mouse_gpm       +statusline      -xterm_save
+extra_search    -mouse_jsbterm   -sun_workshop    -xpm
   system vimrc file: "$VIM/vimrc"
     user vimrc file: "$HOME/.vimrc"
 2nd user vimrc file: "~/.vim/vimrc"
      user exrc file: "$HOME/.exrc"
  fall-back for $VIM: "/usr/share/vim"
Compilation: gcc -c -I. -Iproto -DHAVE_CONFIG_H     -g -O2 -fstack-protector --param=ssp-buffer-size=4 -Wformat -Werror=format-security -U_FORTIFY_SOURCE -D_FORTIFY_SOURCE=1      
Linking: gcc   -Wl,-Bsymbolic-functions -Wl,-z,relro -Wl,--as-needed -o vim        -lm -ltinfo -lnsl  -lselinux  -lacl -lattr -lgpm -ldl    -L/usr/lib/python2.7/config-x86_64-linux-gnu -lpython2.7 -lpthread -ldl -lutil -lm -Xlinker -export-dynamic -Wl,-O1 -Wl,-Bsymbolic-functions      
[34m[1miptables version[0m
iptables v1.4.21
[34m[1mcurl version[0m
curl 7.35.0 (x86_64-pc-linux-gnu) libcurl/7.35.0 OpenSSL/1.0.1f zlib/1.2.8 libidn/1.28 librtmp/2.3
[34m[1mwget version[0m
GNU Wget 1.15 built on linux-gnu.
[34m[1mrsync version[0m
rsync  version 3.1.0  protocol version 31
[34m[1mgimme version[0m
v1.2.0
[34m[1mnvm version[0m
0.33.6
[34m[1mperlbrew version[0m
/home/travis/perl5/perlbrew/bin/perlbrew  - App::perlbrew/0.80
[34m[1mphpenv version[0m
rbenv 1.1.1-25-g6aa70b6
[34m[1mrvm version[0m
rvm 1.29.3 (latest) by Michal Papis, Piotr Kuczynski, Wayne E. Seguin [https://rvm.io]
[34m[1mdefault ruby version[0m
ruby 2.4.1p111 (2017-03-22 revision 58053) [x86_64-linux]
[34m[1mCouchDB version[0m
couchdb 1.6.1
[34m[1mElasticSearch version[0m
5.5.0
[34m[1mInstalled Firefox version[0m
firefox 56.0.2
[34m[1mMongoDB version[0m
MongoDB 3.4.10
[34m[1mPhantomJS version[0m
2.1.1
[34m[1mPre-installed PostgreSQL versions[0m
9.2.24
9.3.20
9.4.15
9.5.10
9.6.6
[34m[1mRabbitMQ Version[0m
3.6.14
[34m[1mRedis version[0m
redis-server 4.0.6
[34m[1mriak version[0m
2.2.3
[34m[1mPre-installed Go versions[0m
1.7.4
[34m[1mant version[0m
Apache Ant(TM) version 1.9.3 compiled on April 8 2014
[34m[1mmvn version[0m
Apache Maven 3.5.2 (138edd61fd100ec658bfa2d307c43b76940a5d7d; 2017-10-18T07:58:13Z)
Maven home: /usr/local/maven-3.5.2
Java version: 1.8.0_151, vendor: Oracle Corporation
Java home: /usr/lib/jvm/java-8-oracle/jre
Default locale: en_US, platform encoding: UTF-8
OS name: "linux", version: "4.4.0-101-generic", arch: "amd64", family: "unix"
[34m[1mgradle version[0m

------------------------------------------------------------
Gradle 4.0.1
------------------------------------------------------------

Build time:   2017-07-07 14:02:41 UTC
Revision:     38e5dc0f772daecca1d2681885d3d85414eb6826

Groovy:       2.4.11
Ant:          Apache Ant(TM) version 1.9.6 compiled on June 29 2015
JVM:          1.8.0_151 (Oracle Corporation 25.151-b12)
OS:           Linux 4.4.0-101-generic amd64

[34m[1mlein version[0m
Leiningen 2.8.1 on Java 1.8.0_151 Java HotSpot(TM) 64-Bit Server VM
[34m[1mPre-installed Node.js versions[0m
v4.8.6
v6.12.0
v6.12.1
v8.9
v8.9.1
[34m[1mphpenv versions[0m
  system
  5.6
* 5.6.32 (set by /home/travis/.phpenv/version)
  7.0
  7.0.25
  7.1
  7.1.11
  hhvm
  hhvm-stable
[34m[1mcomposer --version[0m
Composer version 1.5.2 2017-09-11 16:59:25
[34m[1mPre-installed Ruby versions[0m
ruby-2.2.7
ruby-2.3.4
ruby-2.4.1
travis_fold:end:system_info[0K
travis_time:end:0a41c35c:start=1642598104880316165,finish=1642598104890562885,duration=10246720,event=show_system_info[0Ktravis_time:start:09544698[0Ktravis_time:end:09544698:start=1642598104897614486,finish=1642598104919592093,duration=21977607,event=rm_riak_source[0Ktravis_time:start:31d2698c[0Ktravis_time:end:31d2698c:start=1642598104925547536,finish=1642598104937134624,duration=11587088,event=fix_rwky_redis[0Ktravis_time:start:12afbba0[0K[31;1mTimeout waiting for network availability.[0m
travis_time:end:12afbba0:start=1642598104945227657,finish=1642598125700167837,duration=20754940180,event=wait_for_network[0Ktravis_time:start:0831ef64[0Ktravis_time:end:0831ef64:start=1642598125708679727,finish=1642598126358698854,duration=650019127,event=update_apt_keys[0Ktravis_time:start:120d10c1[0Ktravis_time:end:120d10c1:start=1642598126366261410,finish=1642598138684499278,duration=12318237868,event=fix_hhvm_source[0Ktravis_time:start:009ba410[0Ktravis_time:end:009ba410:start=1642598138691618289,finish=1642598138697977199,duration=6358910,event=update_mongo_arch[0Ktravis_time:start:2dd28720[0Ktravis_time:end:2dd28720:start=1642598138704448196,finish=1642598138781884015,duration=77435819,event=fix_sudo_enabled_trusty[0Ktravis_time:start:045430c6[0Ktravis_time:end:045430c6:start=1642598138789885644,finish=1642598138808512032,duration=18626388,event=clean_up_path[0Ktravis_time:start:038e1a5c[0Ktravis_time:end:038e1a5c:start=1642598138815775173,finish=1642598138834100429,duration=18325256,event=fix_resolv_conf[0Ktravis_time:start:16a1f958[0Ktravis_time:end:16a1f958:start=1642598138842537117,finish=1642598138864297870,duration=21760753,event=fix_etc_hosts[0Ktravis_time:start:06ea82e0[0Ktravis_time:end:06ea82e0:start=1642598138871799744,finish=1642598138888985901,duration=17186157,event=fix_mvn_settings_xml[0Ktravis_time:start:06276e92[0Ktravis_time:end:06276e92:start=1642598138897187383,finish=1642598138918400871,duration=21213488,event=no_ipv6_localhost[0Ktravis_time:start:1d63bdc1[0Ktravis_time:end:1d63bdc1:start=1642598138926077856,finish=1642598138931823321,duration=5745465,event=fix_etc_mavenrc[0Ktravis_time:start:0a47731e[0Ktravis_time:end:0a47731e:start=1642598138939611446,finish=1642598138947412652,duration=7801206,event=fix_wwdr_certificate[0Ktravis_time:start:0d82f557[0Ktravis_time:end:0d82f557:start=1642598138954416687,finish=1642598139260647154,duration=306230467,event=put_localhost_first[0Ktravis_time:start:11007ee5[0Ktravis_time:end:11007ee5:start=1642598139268182595,finish=1642598139273640489,duration=5457894,event=home_paths[0Ktravis_time:start:0274b500[0Ktravis_time:end:0274b500:start=1642598139281250234,finish=1642598140024326464,duration=743076230,event=disable_initramfs[0Ktravis_time:start:05eb16fd[0Ktravis_time:end:05eb16fd:start=1642598140030799604,finish=1642598140190457071,duration=159657467,event=disable_ssh_roaming[0Ktravis_time:start:05569adc[0Ktravis_time:end:05569adc:start=1642598140198203507,finish=1642598140203666284,duration=5462777,event=debug_tools[0Ktravis_time:start:1959f48c[0Ktravis_time:end:1959f48c:start=1642598140210719375,finish=1642598140219553967,duration=8834592,event=uninstall_oclint[0Ktravis_time:start:171ddf80[0Ktravis_time:end:171ddf80:start=1642598140228196420,finish=1642598140236642470,duration=8446050,event=rvm_use[0Ktravis_time:start:03874788[0Ktravis_time:end:03874788:start=1642598140244591064,finish=1642598140262281383,duration=17690319,event=rm_etc_boto_cfg[0Ktravis_time:start:0aefdf9e[0Ktravis_time:end:0aefdf9e:start=1642598140270180623,finish=1642598140275645703,duration=5465080,event=rm_oraclejdk8_symlink[0Ktravis_time:start:11ad620c[0Ktravis_time:end:11ad620c:start=1642598140282590336,finish=1642598141599584401,duration=1316994065,event=enable_i386[0Ktravis_time:start:08ffba21[0Ktravis_time:end:08ffba21:start=1642598141608494991,finish=1642598141617533932,duration=9038941,event=update_rubygems[0Ktravis_time:start:1dd53663[0Ktravis_time:end:1dd53663:start=1642598141626442095,finish=1642598142946569716,duration=1320127621,event=ensure_path_components[0Ktravis_time:start:2f1ef6cf[0Ktravis_time:end:2f1ef6cf:start=1642598142954476011,finish=1642598142960240549,duration=5764538,event=redefine_curl[0Ktravis_time:start:0452f11c[0Ktravis_time:end:0452f11c:start=1642598142967769973,finish=1642598142973255023,duration=5485050,event=nonblock_pipe[0Ktravis_time:start:247fbf28[0Ktravis_time:end:247fbf28:start=1642598142981027889,finish=1642598151519287480,duration=8538259591,event=apt_get_update[0Ktravis_time:start:06bd3f22[0Ktravis_time:end:06bd3f22:start=1642598151527880769,finish=1642598151533085201,duration=5204432,event=deprecate_xcode_64[0Ktravis_time:start:042f1cc1[0Ktravis_time:end:042f1cc1:start=1642598151539341165,finish=1642598178411522806,duration=26872181641,event=update_heroku[0Ktravis_time:start:0bc7dbd8[0Ktravis_time:end:0bc7dbd8:start=1642598178415663606,finish=1642598178419416096,duration=3752490,event=shell_session_update[0Ktravis_time:start:03604fe4[0Ktravis_fold:start:docker_mtu[0Ktee: /etc/docker/daemon.json: No such file or directory
docker: unrecognized service
travis_fold:end:docker_mtu[0Ktravis_time:end:03604fe4:start=1642598178424367864,finish=1642598178447665761,duration=23297897,event=set_docker_mtu[0Ktravis_time:start:0a3fb628[0Ktravis_fold:start:resolvconf[0Kinitctl: Unable to connect to Upstart: Failed to connect to socket /com/ubuntu/upstart: Connection refused
 * Restarting resolvconf...
   ...done.
travis_fold:end:resolvconf[0Ktravis_time:end:0a3fb628:start=1642598178451721612,finish=1642598178497276960,duration=45555348,event=resolvconf[0Ktravis_time:start:34282fbf[0Ktravis_time:end:34282fbf:start=1642598178502562179,finish=1642598178584217632,duration=81655453,event=maven_https[0K
travis_fold:start:install_jdk[0K[33;1mInstalling oraclejdk8[0m
$ jdk_switcher use "oraclejdk8"
Switching to Oracle JDK8 (java-8-oracle), JAVA_HOME will be set to /usr/lib/jvm/java-8-oracle
travis_fold:end:install_jdk[0Ktravis_time:start:19f96176[0Ktravis_time:end:19f96176:start=1642598209126335988,finish=1642598209130549233,duration=4213245,event=fix_ps4[0Ktravis_time:start:0458ae61[0K
$ cd passed/perwendel/spark

travis_time:end:0458ae61:start=1642598209135589011,finish=1642598209140129736,duration=4540725,event=checkout[0Ktravis_time:start:2622ad8c[0Ktravis_time:end:2622ad8c:start=1642598209146258258,finish=1642598209479389588,duration=333131330,event=env[0K$ java -Xmx32m -version
java version "1.8.0_151"
Java(TM) SE Runtime Environment (build 1.8.0_151-b12)
Java HotSpot(TM) 64-Bit Server VM (build 25.151-b12, mixed mode)
$ javac -J-Xmx32m -version
javac 1.8.0_151
travis_fold:start:install[0Ktravis_time:start:068ce73a[0K$ ./mvnw install -DskipTests=true -Dmaven.javadoc.skip=true -B -V
Apache Maven 3.5.4 (1edded0938998edf8bf061f1ceb3cfdeccf443fe; 2018-06-17T18:33:14Z)
Maven home: /home/travis/.m2/wrapper/dists/apache-maven-3.5.4-bin/4lcg54ki11c6mp435njk296gm5/apache-maven-3.5.4
Java version: 1.8.0_151, vendor: Oracle Corporation, runtime: /usr/lib/jvm/java-8-oracle/jre
Default locale: en_US, platform encoding: UTF-8
OS name: "linux", version: "4.15.0-109-generic", arch: "amd64", family: "unix"
[INFO] Scanning for projects...
[INFO] 
[INFO] ----------------------< com.sparkjava:spark-core >----------------------
[INFO] Building Spark 2.9.4-SNAPSHOT
[INFO] -------------------------------[ bundle ]-------------------------------
[INFO] 
[INFO] --- maven-enforcer-plugin:1.4.1:enforce (enforce-maven) @ spark-core ---
[INFO] 
[INFO] --- maven-enforcer-plugin:1.4.1:enforce (enforce-java) @ spark-core ---
[INFO] 
[INFO] --- maven-resources-plugin:3.2.0:resources (default-resources) @ spark-core ---
[INFO] Using 'UTF-8' encoding to copy filtered resources.
[INFO] Using 'UTF-8' encoding to copy filtered properties files.
[INFO] skip non existing resourceDirectory /home/travis/build/passed/perwendel/spark/src/main/resources
[INFO] Copying 0 resource
[INFO] 
[INFO] --- maven-compiler-plugin:3.8.0:compile (default-compile) @ spark-core ---
[INFO] Changes detected - recompiling the module!
[INFO] Compiling 100 source files to /home/travis/build/passed/perwendel/spark/target/classes
[INFO] /home/travis/build/passed/perwendel/spark/src/main/java/spark/embeddedserver/jetty/websocket/WebSocketServletContextHandlerFactory.java: /home/travis/build/passed/perwendel/spark/src/main/java/spark/embeddedserver/jetty/websocket/WebSocketServletContextHandlerFactory.java uses or overrides a deprecated API.
[INFO] /home/travis/build/passed/perwendel/spark/src/main/java/spark/embeddedserver/jetty/websocket/WebSocketServletContextHandlerFactory.java: Recompile with -Xlint:deprecation for details.
[INFO] /home/travis/build/passed/perwendel/spark/src/main/java/spark/http/matching/GeneralError.java: Some input files use unchecked or unsafe operations.
[INFO] /home/travis/build/passed/perwendel/spark/src/main/java/spark/http/matching/GeneralError.java: Recompile with -Xlint:unchecked for details.
[INFO] 
[INFO] --- maven-resources-plugin:3.2.0:testResources (default-testResources) @ spark-core ---
[INFO] Using 'UTF-8' encoding to copy filtered resources.
[INFO] Using 'UTF-8' encoding to copy filtered properties files.
[INFO] Copying 16 resources
[INFO] 
[INFO] --- maven-compiler-plugin:3.8.0:testCompile (default-testCompile) @ spark-core ---
[INFO] Changes detected - recompiling the module!
[INFO] Compiling 85 source files to /home/travis/build/passed/perwendel/spark/target/test-classes
[INFO] /home/travis/build/passed/perwendel/spark/src/test/java/spark/embeddedserver/EmbeddedServersTest.java: Some input files use or override a deprecated API.
[INFO] /home/travis/build/passed/perwendel/spark/src/test/java/spark/embeddedserver/EmbeddedServersTest.java: Recompile with -Xlint:deprecation for details.
[INFO] /home/travis/build/passed/perwendel/spark/src/test/java/spark/StaticFilesMemberTest.java: /home/travis/build/passed/perwendel/spark/src/test/java/spark/StaticFilesMemberTest.java uses unchecked or unsafe operations.
[INFO] /home/travis/build/passed/perwendel/spark/src/test/java/spark/StaticFilesMemberTest.java: Recompile with -Xlint:unchecked for details.
[INFO] 
[INFO] --- maven-surefire-plugin:2.22.0:test (default-test) @ spark-core ---
[INFO] Tests are skipped.
[INFO] 
[INFO] --- maven-bundle-plugin:3.5.1:bundle (default-bundle) @ spark-core ---
[INFO] 
[INFO] --- maven-install-plugin:3.0.0-M1:install (default-install) @ spark-core ---
[INFO] Installing /home/travis/build/passed/perwendel/spark/target/spark-core-2.9.4-SNAPSHOT.jar to /home/travis/.m2/repository/com/sparkjava/spark-core/2.9.4-SNAPSHOT/spark-core-2.9.4-SNAPSHOT.jar
[INFO] Installing /home/travis/build/passed/perwendel/spark/pom.xml to /home/travis/.m2/repository/com/sparkjava/spark-core/2.9.4-SNAPSHOT/spark-core-2.9.4-SNAPSHOT.pom
[INFO] 
[INFO] --- maven-bundle-plugin:3.5.1:install (default-install) @ spark-core ---
[INFO] Installing com/sparkjava/spark-core/2.9.4-SNAPSHOT/spark-core-2.9.4-SNAPSHOT.jar
[INFO] Writing OBR metadata
[INFO] ------------------------------------------------------------------------
[INFO] BUILD SUCCESS
[INFO] ------------------------------------------------------------------------
[INFO] Total time: 17.972 s
[INFO] Finished at: 2022-01-19T13:17:09Z
[INFO] ------------------------------------------------------------------------
travis_time:end:068ce73a:start=1642598210327076035,finish=1642598230004022315,duration=19676946280,event=install[0Ktravis_fold:end:install[0Ktravis_time:start:2783837d[0K$ ./mvnw test -B
[INFO] Scanning for projects...
[INFO] 
[INFO] ----------------------< com.sparkjava:spark-core >----------------------
[INFO] Building Spark 2.9.4-SNAPSHOT
[INFO] -------------------------------[ bundle ]-------------------------------
[INFO] 
[INFO] --- maven-enforcer-plugin:1.4.1:enforce (enforce-maven) @ spark-core ---
[INFO] 
[INFO] --- maven-enforcer-plugin:1.4.1:enforce (enforce-java) @ spark-core ---
[INFO] 
[INFO] --- maven-resources-plugin:3.2.0:resources (default-resources) @ spark-core ---
[INFO] Using 'UTF-8' encoding to copy filtered resources.
[INFO] Using 'UTF-8' encoding to copy filtered properties files.
[INFO] skip non existing resourceDirectory /home/travis/build/passed/perwendel/spark/src/main/resources
[INFO] Copying 0 resource
[INFO] 
[INFO] --- maven-compiler-plugin:3.8.0:compile (default-compile) @ spark-core ---
[INFO] Nothing to compile - all classes are up to date
[INFO] 
[INFO] --- maven-resources-plugin:3.2.0:testResources (default-testResources) @ spark-core ---
[INFO] Using 'UTF-8' encoding to copy filtered resources.
[INFO] Using 'UTF-8' encoding to copy filtered properties files.
[INFO] Copying 16 resources
[INFO] 
[INFO] --- maven-compiler-plugin:3.8.0:testCompile (default-testCompile) @ spark-core ---
[INFO] Nothing to compile - all classes are up to date
[INFO] 
[INFO] --- maven-surefire-plugin:2.22.0:test (default-test) @ spark-core ---
[INFO] 
[INFO] -------------------------------------------------------
[INFO]  T E S T S
[INFO] -------------------------------------------------------
[INFO] Running spark.Base64Test
[INFO] Tests run: 2, Failures: 0, Errors: 0, Skipped: 0, Time elapsed: 0.215 s - in spark.Base64Test
[INFO] Running spark.InitExceptionHandlerTest
[Thread-0] INFO org.eclipse.jetty.util.log - Logging initialized @537ms to org.eclipse.jetty.util.log.Slf4jLog
[Thread-0] INFO spark.embeddedserver.jetty.EmbeddedJettyServer - == Spark has ignited ...
[Thread-0] INFO spark.embeddedserver.jetty.EmbeddedJettyServer - >> Listening on 0.0.0.0:2147483647
[Thread-0] INFO org.eclipse.jetty.server.Server - jetty-9.4.33.v20201020; built: 2020-10-20T23:39:24.803Z; git: 1be68755656cef678b79a2ef1c2ebbca99e25420; jvm 1.8.0_151-b12
[Thread-0] INFO org.eclipse.jetty.server.session - DefaultSessionIdManager workerName=node0
[Thread-0] INFO org.eclipse.jetty.server.session - No SessionScavenger set, using defaults
[Thread-0] INFO org.eclipse.jetty.server.session - node0 Scavenging every 660000ms
[Thread-9] INFO spark.embeddedserver.jetty.EmbeddedJettyServer - >>> Spark shutting down ...
[INFO] Tests run: 1, Failures: 0, Errors: 0, Skipped: 0, Time elapsed: 1.165 s - in spark.InitExceptionHandlerTest
[INFO] Running spark.embeddedserver.jetty.websocket.WebSocketCreatorFactoryTest
[INFO] Tests run: 3, Failures: 0, Errors: 0, Skipped: 0, Time elapsed: 0.043 s - in spark.embeddedserver.jetty.websocket.WebSocketCreatorFactoryTest
[INFO] Running spark.embeddedserver.jetty.websocket.WebSocketServletContextHandlerFactoryTest
[main] INFO org.eclipse.jetty.util.log - Logging initialized @4263ms to org.eclipse.jetty.util.log.Slf4jLog
[main] INFO org.eclipse.jetty.util.log - Logging initialized @5887ms to org.eclipse.jetty.util.log.Slf4jLog
[main] ERROR spark.embeddedserver.jetty.websocket.WebSocketServletContextHandlerFactory - creation of websocket context handler failed.
java.lang.Exception: 
	at org.powermock.core.MockGateway.newInstanceCall(MockGateway.java:83)
	at spark.embeddedserver.jetty.websocket.WebSocketServletContextHandlerFactory.create(WebSocketServletContextHandlerFactory.java:49)
	at spark.embeddedserver.jetty.websocket.WebSocketServletContextHandlerFactoryTest.testCreate_whenWebSocketContextHandlerCreationFails_thenThrowException(WebSocketServletContextHandlerFactoryTest.java:125)
	at sun.reflect.NativeMethodAccessorImpl.invoke0(Native Method)
	at sun.reflect.NativeMethodAccessorImpl.invoke(NativeMethodAccessorImpl.java:62)
	at sun.reflect.DelegatingMethodAccessorImpl.invoke(DelegatingMethodAccessorImpl.java:43)
	at java.lang.reflect.Method.invoke(Method.java:498)
	at org.junit.internal.runners.TestMethod.invoke(TestMethod.java:68)
	at org.powermock.modules.junit4.internal.impl.PowerMockJUnit44RunnerDelegateImpl$PowerMockJUnit44MethodRunner.runTestMethod(PowerMockJUnit44RunnerDelegateImpl.java:326)
	at org.junit.internal.runners.MethodRoadie$2.run(MethodRoadie.java:89)
	at org.junit.internal.runners.MethodRoadie.runBeforesThenTestThenAfters(MethodRoadie.java:97)
	at org.powermock.modules.junit4.internal.impl.PowerMockJUnit44RunnerDelegateImpl$PowerMockJUnit44MethodRunner.executeTest(PowerMockJUnit44RunnerDelegateImpl.java:310)
	at org.powermock.modules.junit4.internal.impl.PowerMockJUnit47RunnerDelegateImpl$PowerMockJUnit47MethodRunner.executeTestInSuper(PowerMockJUnit47RunnerDelegateImpl.java:131)
	at org.powermock.modules.junit4.internal.impl.PowerMockJUnit47RunnerDelegateImpl$PowerMockJUnit47MethodRunner.access$100(PowerMockJUnit47RunnerDelegateImpl.java:59)
	at org.powermock.modules.junit4.internal.impl.PowerMockJUnit47RunnerDelegateImpl$PowerMockJUnit47MethodRunner$TestExecutorStatement.evaluate(PowerMockJUnit47RunnerDelegateImpl.java:147)
	at org.powermock.modules.junit4.internal.impl.PowerMockJUnit47RunnerDelegateImpl$PowerMockJUnit47MethodRunner.evaluateStatement(PowerMockJUnit47RunnerDelegateImpl.java:107)
	at org.powermock.modules.junit4.internal.impl.PowerMockJUnit47RunnerDelegateImpl$PowerMockJUnit47MethodRunner.executeTest(PowerMockJUnit47RunnerDelegateImpl.java:82)
	at org.powermock.modules.junit4.internal.impl.PowerMockJUnit44RunnerDelegateImpl$PowerMockJUnit44MethodRunner.runBeforesThenTestThenAfters(PowerMockJUnit44RunnerDelegateImpl.java:298)
	at org.junit.internal.runners.MethodRoadie.runTest(MethodRoadie.java:87)
	at org.junit.internal.runners.MethodRoadie.run(MethodRoadie.java:50)
	at org.powermock.modules.junit4.internal.impl.PowerMockJUnit44RunnerDelegateImpl.invokeTestMethod(PowerMockJUnit44RunnerDelegateImpl.java:218)
	at org.powermock.modules.junit4.internal.impl.PowerMockJUnit44RunnerDelegateImpl.runMethods(PowerMockJUnit44RunnerDelegateImpl.java:160)
	at org.powermock.modules.junit4.internal.impl.PowerMockJUnit44RunnerDelegateImpl$1.run(PowerMockJUnit44RunnerDelegateImpl.java:134)
	at org.junit.internal.runners.ClassRoadie.runUnprotected(ClassRoadie.java:34)
	at org.junit.internal.runners.ClassRoadie.runProtected(ClassRoadie.java:44)
	at org.powermock.modules.junit4.internal.impl.PowerMockJUnit44RunnerDelegateImpl.run(PowerMockJUnit44RunnerDelegateImpl.java:136)
	at org.powermock.modules.junit4.common.internal.impl.JUnit4TestSuiteChunkerImpl.run(JUnit4TestSuiteChunkerImpl.java:121)
	at org.powermock.modules.junit4.common.internal.impl.AbstractCommonPowerMockRunner.run(AbstractCommonPowerMockRunner.java:57)
	at org.powermock.modules.junit4.PowerMockRunner.run(PowerMockRunner.java:59)
	at org.apache.maven.surefire.junit4.JUnit4Provider.execute(JUnit4Provider.java:365)
	at org.apache.maven.surefire.junit4.JUnit4Provider.executeWithRerun(JUnit4Provider.java:273)
	at org.apache.maven.surefire.junit4.JUnit4Provider.executeTestSet(JUnit4Provider.java:238)
	at org.apache.maven.surefire.junit4.JUnit4Provider.invoke(JUnit4Provider.java:159)
	at org.apache.maven.surefire.booter.ForkedBooter.invokeProviderInSameClassLoader(ForkedBooter.java:383)
	at org.apache.maven.surefire.booter.ForkedBooter.runSuitesInProcess(ForkedBooter.java:344)
	at org.apache.maven.surefire.booter.ForkedBooter.execute(ForkedBooter.java:125)
	at org.apache.maven.surefire.booter.ForkedBooter.main(ForkedBooter.java:417)
[INFO] Tests run: 4, Failures: 0, Errors: 0, Skipped: 0, Time elapsed: 5.73 s - in spark.embeddedserver.jetty.websocket.WebSocketServletContextHandlerFactoryTest
[INFO] Running spark.embeddedserver.jetty.SocketConnectorFactoryTest
[main] INFO org.eclipse.jetty.util.log - Logging initialized @274ms to org.eclipse.jetty.util.log.Slf4jLog
[INFO] Tests run: 7, Failures: 0, Errors: 0, Skipped: 0, Time elapsed: 0.26 s - in spark.embeddedserver.jetty.SocketConnectorFactoryTest
[INFO] Running spark.embeddedserver.jetty.JettyServerTest
[main] INFO org.eclipse.jetty.util.log - Logging initialized @236ms to org.eclipse.jetty.util.log.Slf4jLog
[INFO] Tests run: 3, Failures: 0, Errors: 0, Skipped: 0, Time elapsed: 0.086 s - in spark.embeddedserver.jetty.JettyServerTest
[INFO] Running spark.embeddedserver.jetty.EmbeddedJettyFactoryTest
[main] INFO org.eclipse.jetty.util.log - Logging initialized @234ms to org.eclipse.jetty.util.log.Slf4jLog
[main] INFO spark.embeddedserver.jetty.EmbeddedJettyServer - == Spark has ignited ...
[main] INFO spark.embeddedserver.jetty.EmbeddedJettyServer - >> Listening on localhost:6758
[main] INFO org.eclipse.jetty.server.Server - jetty-9.4.33.v20201020; built: 2020-10-20T23:39:24.803Z; git: 1be68755656cef678b79a2ef1c2ebbca99e25420; jvm 1.8.0_151-b12
[main] INFO org.eclipse.jetty.server.session - DefaultSessionIdManager workerName=node0
[main] INFO org.eclipse.jetty.server.session - No SessionScavenger set, using defaults
[main] INFO org.eclipse.jetty.server.session - node0 Scavenging every 660000ms
[main] INFO org.eclipse.jetty.server.AbstractConnector - Started ServerConnector@48a242ce{HTTP/1.1, (http/1.1)}{localhost:6758}
[main] INFO org.eclipse.jetty.server.Server - Started @617ms
[main] INFO spark.embeddedserver.jetty.EmbeddedJettyServer - >>> Spark shutting down ...
[main] INFO org.eclipse.jetty.server.AbstractConnector - Stopped ServerConnector@48a242ce{HTTP/1.1, (http/1.1)}{localhost:6758}
[main] INFO org.eclipse.jetty.server.session - node0 Stopped scavenging
[main] INFO spark.embeddedserver.jetty.EmbeddedJettyServer - done
[main] INFO spark.embeddedserver.jetty.EmbeddedJettyServer - == Spark has ignited ...
[main] INFO spark.embeddedserver.jetty.EmbeddedJettyServer - >> Listening on localhost:6759
[main] INFO org.eclipse.jetty.server.Server - jetty-9.4.33.v20201020; built: 2020-10-20T23:39:24.803Z; git: 1be68755656cef678b79a2ef1c2ebbca99e25420; jvm 1.8.0_151-b12
[main] INFO org.eclipse.jetty.server.session - DefaultSessionIdManager workerName=node0
[main] INFO org.eclipse.jetty.server.session - No SessionScavenger set, using defaults
[main] INFO org.eclipse.jetty.server.session - node0 Scavenging every 660000ms
[main] INFO org.eclipse.jetty.server.AbstractConnector - Started ServerConnector@5b0abc94{HTTP/1.1, (http/1.1)}{localhost:6759}
[main] INFO org.eclipse.jetty.server.Server - Started @635ms
[main] INFO spark.embeddedserver.jetty.EmbeddedJettyServer - >>> Spark shutting down ...
[main] INFO org.eclipse.jetty.server.AbstractConnector - Stopped ServerConnector@5b0abc94{HTTP/1.1, (http/1.1)}{localhost:6759}
[main] INFO org.eclipse.jetty.server.session - node0 Stopped scavenging
[main] INFO spark.embeddedserver.jetty.EmbeddedJettyServer - done
[main] INFO spark.embeddedserver.jetty.EmbeddedJettyServer - == Spark has ignited ...
[main] INFO spark.embeddedserver.jetty.EmbeddedJettyServer - >> Listening on localhost:6757
[main] INFO org.eclipse.jetty.server.Server - jetty-9.4.33.v20201020; built: 2020-10-20T23:39:24.803Z; git: 1be68755656cef678b79a2ef1c2ebbca99e25420; jvm 1.8.0_151-b12
[main] INFO org.eclipse.jetty.server.session - DefaultSessionIdManager workerName=node0
[main] INFO org.eclipse.jetty.server.session - No SessionScavenger set, using defaults
[main] INFO org.eclipse.jetty.server.session - node0 Scavenging every 600000ms
[main] INFO org.eclipse.jetty.server.AbstractConnector - Started ServerConnector@5ef60048{HTTP/1.1, (http/1.1)}{localhost:6757}
[main] INFO org.eclipse.jetty.server.Server - Started @653ms
[main] INFO spark.embeddedserver.jetty.EmbeddedJettyServer - >>> Spark shutting down ...
[main] INFO org.eclipse.jetty.server.AbstractConnector - Stopped ServerConnector@5ef60048{HTTP/1.1, (http/1.1)}{localhost:6757}
[main] INFO org.eclipse.jetty.server.session - node0 Stopped scavenging
[main] INFO spark.embeddedserver.jetty.EmbeddedJettyServer - done
[main] INFO spark.embeddedserver.jetty.EmbeddedJettyServer - == Spark has ignited ...
[main] INFO spark.embeddedserver.jetty.EmbeddedJettyServer - >> Listening on localhost:6759
[main] INFO org.eclipse.jetty.server.Server - jetty-9.4.33.v20201020; built: 2020-10-20T23:39:24.803Z; git: 1be68755656cef678b79a2ef1c2ebbca99e25420; jvm 1.8.0_151-b12
[main] INFO org.eclipse.jetty.server.session - DefaultSessionIdManager workerName=node0
[main] INFO org.eclipse.jetty.server.session - No SessionScavenger set, using defaults
[main] INFO org.eclipse.jetty.server.session - node0 Scavenging every 600000ms
[main] INFO org.eclipse.jetty.server.AbstractConnector - Started ServerConnector@258e2e41{HTTP/1.1, (http/1.1)}{localhost:6759}
[main] INFO org.eclipse.jetty.server.Server - Started @661ms
[main] INFO spark.embeddedserver.jetty.EmbeddedJettyServer - >>> Spark shutting down ...
[main] INFO org.eclipse.jetty.server.AbstractConnector - Stopped ServerConnector@258e2e41{HTTP/1.1, (http/1.1)}{localhost:6759}
[main] INFO org.eclipse.jetty.server.session - node0 Stopped scavenging
[main] INFO spark.embeddedserver.jetty.EmbeddedJettyServer - done
[INFO] Tests run: 4, Failures: 0, Errors: 0, Skipped: 0, Time elapsed: 0.488 s - in spark.embeddedserver.jetty.EmbeddedJettyFactoryTest
[INFO] Running spark.embeddedserver.EmbeddedServersTest
[main] INFO org.eclipse.jetty.util.log - Logging initialized @257ms to org.eclipse.jetty.util.log.Slf4jLog
[main] INFO spark.embeddedserver.jetty.EmbeddedJettyServer - == Spark has ignited ...
[main] INFO spark.embeddedserver.jetty.EmbeddedJettyServer - >> Listening on localhost:40591
[main] INFO org.eclipse.jetty.server.Server - jetty-9.4.33.v20201020; built: 2020-10-20T23:39:24.803Z; git: 1be68755656cef678b79a2ef1c2ebbca99e25420; jvm 1.8.0_151-b12
[main] INFO org.eclipse.jetty.server.RequestLogWriter - Opened /tmp/junit7391904031097214262/junit6349174558829239808/request.log
[main] INFO org.eclipse.jetty.server.session - DefaultSessionIdManager workerName=node0
[main] INFO org.eclipse.jetty.server.session - No SessionScavenger set, using defaults
[main] INFO org.eclipse.jetty.server.session - node0 Scavenging every 600000ms
[main] INFO org.eclipse.jetty.server.AbstractConnector - Started ServerConnector@1ee807c6{HTTP/1.1, (http/1.1)}{localhost:40591}
[main] INFO org.eclipse.jetty.server.Server - Started @553ms
[main] INFO spark.embeddedserver.jetty.EmbeddedJettyServer - >>> Spark shutting down ...
[main] INFO org.eclipse.jetty.server.AbstractConnector - Stopped ServerConnector@1ee807c6{HTTP/1.1, (http/1.1)}{localhost:40591}
[main] INFO org.eclipse.jetty.server.session - node0 Stopped scavenging
[main] INFO spark.embeddedserver.jetty.EmbeddedJettyServer - done
[Thread-17] INFO spark.embeddedserver.jetty.EmbeddedJettyServer - == Spark has ignited ...
[Thread-17] INFO spark.embeddedserver.jetty.EmbeddedJettyServer - >> Listening on 0.0.0.0:4567
[Thread-17] INFO org.eclipse.jetty.server.Server - jetty-9.4.33.v20201020; built: 2020-10-20T23:39:24.803Z; git: 1be68755656cef678b79a2ef1c2ebbca99e25420; jvm 1.8.0_151-b12
[Thread-17] INFO org.eclipse.jetty.server.RequestLogWriter - Opened /tmp/junit1677576699826274501/junit8587549210622091140/request.log
[Thread-17] INFO org.eclipse.jetty.server.session - DefaultSessionIdManager workerName=node0
[Thread-17] INFO org.eclipse.jetty.server.session - No SessionScavenger set, using defaults
[Thread-17] INFO org.eclipse.jetty.server.session - node0 Scavenging every 660000ms
[Thread-17] INFO org.eclipse.jetty.server.AbstractConnector - Started ServerConnector@7ee0d527{HTTP/1.1, (http/1.1)}{0.0.0.0:4567}
[Thread-17] INFO org.eclipse.jetty.server.Server - Started @586ms
[Thread-34] INFO spark.embeddedserver.jetty.EmbeddedJettyServer - >>> Spark shutting down ...
[INFO] Tests run: 2, Failures: 0, Errors: 0, Skipped: 0, Time elapsed: 0.407 s - in spark.embeddedserver.EmbeddedServersTest
[Thread-34] INFO org.eclipse.jetty.server.AbstractConnector - Stopped ServerConnector@7ee0d527{HTTP/1.1, (http/1.1)}{0.0.0.0:4567}
[Thread-34] INFO org.eclipse.jetty.server.session - node0 Stopped scavenging
[Thread-34] INFO spark.embeddedserver.jetty.EmbeddedJettyServer - done
[INFO] Running spark.serialization.InputStreamSerializerTest
[INFO] Tests run: 2, Failures: 0, Errors: 0, Skipped: 0, Time elapsed: 0.043 s - in spark.serialization.InputStreamSerializerTest
[INFO] Running spark.utils.MimeParseTest
[INFO] Tests run: 2, Failures: 0, Errors: 0, Skipped: 0, Time elapsed: 0.043 s - in spark.utils.MimeParseTest
[INFO] Running spark.utils.ObjectUtilsTest
[INFO] Tests run: 2, Failures: 0, Errors: 0, Skipped: 0, Time elapsed: 0.041 s - in spark.utils.ObjectUtilsTest
[INFO] Running spark.utils.SparkUtilsTest
[INFO] Tests run: 5, Failures: 0, Errors: 0, Skipped: 0, Time elapsed: 0.045 s - in spark.utils.SparkUtilsTest
[INFO] Running spark.utils.CollectionUtilsTest
[INFO] Tests run: 6, Failures: 0, Errors: 0, Skipped: 0, Time elapsed: 0.062 s - in spark.utils.CollectionUtilsTest
[INFO] Running spark.StaticFilesMemberTest
[main] INFO spark.staticfiles.StaticFilesConfiguration - StaticResourceHandler configured with folder = /public
[main] INFO spark.staticfiles.StaticFilesConfiguration - External StaticResourceHandler configured with folder = /tmp
[Thread-1] INFO org.eclipse.jetty.util.log - Logging initialized @1402ms to org.eclipse.jetty.util.log.Slf4jLog
[Thread-1] INFO spark.embeddedserver.jetty.EmbeddedJettyServer - == Spark has ignited ...
[Thread-1] INFO spark.embeddedserver.jetty.EmbeddedJettyServer - >> Listening on 0.0.0.0:4567
[Thread-1] INFO org.eclipse.jetty.server.Server - jetty-9.4.33.v20201020; built: 2020-10-20T23:39:24.803Z; git: 1be68755656cef678b79a2ef1c2ebbca99e25420; jvm 1.8.0_151-b12
[Thread-1] INFO org.eclipse.jetty.server.session - DefaultSessionIdManager workerName=node0
[Thread-1] INFO org.eclipse.jetty.server.session - No SessionScavenger set, using defaults
[Thread-1] INFO org.eclipse.jetty.server.session - node0 Scavenging every 600000ms
[Thread-1] INFO org.eclipse.jetty.server.AbstractConnector - Started ServerConnector@6c9c5680{HTTP/1.1, (http/1.1)}{0.0.0.0:4567}
[Thread-1] INFO org.eclipse.jetty.server.Server - Started @1576ms
[Thread-20] INFO spark.embeddedserver.jetty.EmbeddedJettyServer - >>> Spark shutting down ...
[INFO] Tests run: 8, Failures: 0, Errors: 0, Skipped: 0, Time elapsed: 1.832 s - in spark.StaticFilesMemberTest
[INFO] Running spark.util.ResourceUtilsTest
[INFO] Tests run: 2, Failures: 0, Errors: 0, Skipped: 0, Time elapsed: 0.158 s - in spark.util.ResourceUtilsTest
[INFO] Running spark.FilterTest
[Thread-1] INFO org.eclipse.jetty.util.log - Logging initialized @737ms to org.eclipse.jetty.util.log.Slf4jLog
[Thread-1] INFO spark.embeddedserver.jetty.EmbeddedJettyServer - == Spark has ignited ...
[Thread-1] INFO spark.embeddedserver.jetty.EmbeddedJettyServer - >> Listening on 0.0.0.0:4567
[Thread-1] INFO org.eclipse.jetty.server.Server - jetty-9.4.33.v20201020; built: 2020-10-20T23:39:24.803Z; git: 1be68755656cef678b79a2ef1c2ebbca99e25420; jvm 1.8.0_151-b12
[Thread-1] INFO org.eclipse.jetty.server.session - DefaultSessionIdManager workerName=node0
[Thread-1] INFO org.eclipse.jetty.server.session - No SessionScavenger set, using defaults
[Thread-1] INFO org.eclipse.jetty.server.session - node0 Scavenging every 600000ms
[Thread-1] INFO org.eclipse.jetty.server.AbstractConnector - Started ServerConnector@26045b71{HTTP/1.1, (http/1.1)}{0.0.0.0:4567}
[Thread-1] INFO org.eclipse.jetty.server.Server - Started @951ms
Filter matched
[qtp792648137-45] INFO spark.http.matching.MatcherFilter - The requested route [/justfilter] has not been mapped in Spark for Accept: [text/html]
response.status = 404
[Thread-20] INFO spark.embeddedserver.jetty.EmbeddedJettyServer - >>> Spark shutting down ...
[INFO] Tests run: 1, Failures: 0, Errors: 0, Skipped: 0, Time elapsed: 0.887 s - in spark.FilterTest
[INFO] Running spark.route.HttpMethodTest
[INFO] Tests run: 2, Failures: 0, Errors: 0, Skipped: 0, Time elapsed: 0.061 s - in spark.route.HttpMethodTest
[INFO] Running spark.route.RouteEntryTest
[INFO] Tests run: 9, Failures: 0, Errors: 0, Skipped: 0, Time elapsed: 0.075 s - in spark.route.RouteEntryTest
[INFO] Running spark.RedirectTest
[Thread-1] INFO org.eclipse.jetty.util.log - Logging initialized @839ms to org.eclipse.jetty.util.log.Slf4jLog
[Thread-1] INFO spark.embeddedserver.jetty.EmbeddedJettyServer - == Spark has ignited ...
[Thread-1] INFO spark.embeddedserver.jetty.EmbeddedJettyServer - >> Listening on 0.0.0.0:4567
[Thread-1] INFO org.eclipse.jetty.server.Server - jetty-9.4.33.v20201020; built: 2020-10-20T23:39:24.803Z; git: 1be68755656cef678b79a2ef1c2ebbca99e25420; jvm 1.8.0_151-b12
[Thread-1] INFO org.eclipse.jetty.server.session - DefaultSessionIdManager workerName=node0
[Thread-1] INFO org.eclipse.jetty.server.session - No SessionScavenger set, using defaults
[Thread-1] INFO org.eclipse.jetty.server.session - node0 Scavenging every 600000ms
[Thread-1] INFO org.eclipse.jetty.server.AbstractConnector - Started ServerConnector@1ec11f6f{HTTP/1.1, (http/1.1)}{0.0.0.0:4567}
[Thread-1] INFO org.eclipse.jetty.server.Server - Started @1019ms
[INFO] Tests run: 16, Failures: 0, Errors: 0, Skipped: 0, Time elapsed: 0.949 s - in spark.RedirectTest
[INFO] Running spark.ServiceTest
[INFO] Tests run: 29, Failures: 0, Errors: 0, Skipped: 0, Time elapsed: 0.329 s - in spark.ServiceTest
[INFO] Running spark.customerrorpages.CustomErrorPagesTest
[Thread-1] INFO org.eclipse.jetty.util.log - Logging initialized @741ms to org.eclipse.jetty.util.log.Slf4jLog
[Thread-1] INFO spark.embeddedserver.jetty.EmbeddedJettyServer - == Spark has ignited ...
[Thread-1] INFO spark.embeddedserver.jetty.EmbeddedJettyServer - >> Listening on 0.0.0.0:4567
[Thread-1] INFO org.eclipse.jetty.server.Server - jetty-9.4.33.v20201020; built: 2020-10-20T23:39:24.803Z; git: 1be68755656cef678b79a2ef1c2ebbca99e25420; jvm 1.8.0_151-b12
[Thread-1] INFO org.eclipse.jetty.server.session - DefaultSessionIdManager workerName=node0
[Thread-1] INFO org.eclipse.jetty.server.session - No SessionScavenger set, using defaults
[Thread-1] INFO org.eclipse.jetty.server.session - node0 Scavenging every 660000ms
[Thread-1] INFO org.eclipse.jetty.server.AbstractConnector - Started ServerConnector@1d7ff54a{HTTP/1.1, (http/1.1)}{0.0.0.0:4567}
[Thread-1] INFO org.eclipse.jetty.server.Server - Started @942ms
[qtp1597391352-29] ERROR spark.http.matching.GeneralError - 
java.lang.Exception: 
	at spark.customerrorpages.CustomErrorPagesTest.lambda$setup$1(CustomErrorPagesTest.java:40)
	at spark.RouteImpl$1.handle(RouteImpl.java:72)
	at spark.http.matching.Routes.execute(Routes.java:61)
	at spark.http.matching.MatcherFilter.doFilter(MatcherFilter.java:134)
	at spark.embeddedserver.jetty.JettyHandler.doHandle(JettyHandler.java:59)
	at org.eclipse.jetty.server.session.SessionHandler.doScope(SessionHandler.java:1586)
	at org.eclipse.jetty.server.handler.ScopedHandler.handle(ScopedHandler.java:141)
	at org.eclipse.jetty.server.handler.HandlerWrapper.handle(HandlerWrapper.java:127)
	at org.eclipse.jetty.server.Server.handle(Server.java:516)
	at org.eclipse.jetty.server.HttpChannel.lambda$handle$1(HttpChannel.java:383)
	at org.eclipse.jetty.server.HttpChannel.dispatch(HttpChannel.java:556)
	at org.eclipse.jetty.server.HttpChannel.handle(HttpChannel.java:375)
	at org.eclipse.jetty.server.HttpConnection.onFillable(HttpConnection.java:273)
	at org.eclipse.jetty.io.AbstractConnection$ReadCallback.succeeded(AbstractConnection.java:311)
	at org.eclipse.jetty.io.FillInterest.fillable(FillInterest.java:105)
	at org.eclipse.jetty.io.ChannelEndPoint$1.run(ChannelEndPoint.java:104)
	at org.eclipse.jetty.util.thread.strategy.EatWhatYouKill.runTask(EatWhatYouKill.java:336)
	at org.eclipse.jetty.util.thread.strategy.EatWhatYouKill.doProduce(EatWhatYouKill.java:313)
	at org.eclipse.jetty.util.thread.strategy.EatWhatYouKill.tryProduce(EatWhatYouKill.java:171)
	at org.eclipse.jetty.util.thread.strategy.EatWhatYouKill.produce(EatWhatYouKill.java:135)
	at org.eclipse.jetty.util.thread.QueuedThreadPool.runJob(QueuedThreadPool.java:773)
	at org.eclipse.jetty.util.thread.QueuedThreadPool$Runner.run(QueuedThreadPool.java:905)
	at java.lang.Thread.run(Thread.java:748)
[qtp1597391352-29] WARN spark.CustomErrorPages - Custom error page handler for status code 500 has thrown an exception: null. Using default page instead.
[qtp1597391352-43] ERROR spark.http.matching.GeneralError - 
java.lang.Exception: 
	at spark.customerrorpages.CustomErrorPagesTest.lambda$setup$1(CustomErrorPagesTest.java:40)
	at spark.RouteImpl$1.handle(RouteImpl.java:72)
	at spark.http.matching.Routes.execute(Routes.java:61)
	at spark.http.matching.MatcherFilter.doFilter(MatcherFilter.java:134)
	at spark.embeddedserver.jetty.JettyHandler.doHandle(JettyHandler.java:59)
	at org.eclipse.jetty.server.session.SessionHandler.doScope(SessionHandler.java:1586)
	at org.eclipse.jetty.server.handler.ScopedHandler.handle(ScopedHandler.java:141)
	at org.eclipse.jetty.server.handler.HandlerWrapper.handle(HandlerWrapper.java:127)
	at org.eclipse.jetty.server.Server.handle(Server.java:516)
	at org.eclipse.jetty.server.HttpChannel.lambda$handle$1(HttpChannel.java:383)
	at org.eclipse.jetty.server.HttpChannel.dispatch(HttpChannel.java:556)
	at org.eclipse.jetty.server.HttpChannel.handle(HttpChannel.java:375)
	at org.eclipse.jetty.server.HttpConnection.onFillable(HttpConnection.java:273)
	at org.eclipse.jetty.io.AbstractConnection$ReadCallback.succeeded(AbstractConnection.java:311)
	at org.eclipse.jetty.io.FillInterest.fillable(FillInterest.java:105)
	at org.eclipse.jetty.io.ChannelEndPoint$1.run(ChannelEndPoint.java:104)
	at org.eclipse.jetty.util.thread.strategy.EatWhatYouKill.runTask(EatWhatYouKill.java:336)
	at org.eclipse.jetty.util.thread.strategy.EatWhatYouKill.doProduce(EatWhatYouKill.java:313)
	at org.eclipse.jetty.util.thread.strategy.EatWhatYouKill.tryProduce(EatWhatYouKill.java:171)
	at org.eclipse.jetty.util.thread.strategy.EatWhatYouKill.run(EatWhatYouKill.java:129)
	at org.eclipse.jetty.util.thread.ReservedThreadExecutor$ReservedThread.run(ReservedThreadExecutor.java:375)
	at org.eclipse.jetty.util.thread.QueuedThreadPool.runJob(QueuedThreadPool.java:773)
	at org.eclipse.jetty.util.thread.QueuedThreadPool$Runner.run(QueuedThreadPool.java:905)
	at java.lang.Thread.run(Thread.java:748)
[qtp1597391352-45] INFO spark.http.matching.MatcherFilter - The requested route [/othernotmapped] has not been mapped in Spark for Accept: [text/html]
[Thread-20] INFO spark.embeddedserver.jetty.EmbeddedJettyServer - >>> Spark shutting down ...
[INFO] Tests run: 4, Failures: 0, Errors: 0, Skipped: 0, Time elapsed: 0.873 s - in spark.customerrorpages.CustomErrorPagesTest
[INFO] Running spark.UnmapTest
[Thread-1] INFO org.eclipse.jetty.util.log - Logging initialized @680ms to org.eclipse.jetty.util.log.Slf4jLog
[Thread-1] INFO spark.embeddedserver.jetty.EmbeddedJettyServer - == Spark has ignited ...
[Thread-1] INFO spark.embeddedserver.jetty.EmbeddedJettyServer - >> Listening on 0.0.0.0:4567
[Thread-1] INFO org.eclipse.jetty.server.Server - jetty-9.4.33.v20201020; built: 2020-10-20T23:39:24.803Z; git: 1be68755656cef678b79a2ef1c2ebbca99e25420; jvm 1.8.0_151-b12
[Thread-1] INFO org.eclipse.jetty.server.session - DefaultSessionIdManager workerName=node0
[Thread-1] INFO org.eclipse.jetty.server.session - No SessionScavenger set, using defaults
[Thread-1] INFO org.eclipse.jetty.server.session - node0 Scavenging every 660000ms
[Thread-1] INFO org.eclipse.jetty.server.AbstractConnector - Started ServerConnector@6c3215c7{HTTP/1.1, (http/1.1)}{0.0.0.0:4567}
[Thread-1] INFO org.eclipse.jetty.server.Server - Started @874ms
[qtp430380876-28] INFO spark.http.matching.MatcherFilter - The requested route [/tobeunmapped] has not been mapped in Spark for Accept: [text/html]
[qtp430380876-45] INFO spark.http.matching.MatcherFilter - The requested route [/tobeunmapped] has not been mapped in Spark for Accept: [text/html]
[INFO] Tests run: 1, Failures: 0, Errors: 0, Skipped: 0, Time elapsed: 0.796 s - in spark.UnmapTest
[INFO] Running spark.QueryParamsMapTest
[INFO] Tests run: 8, Failures: 0, Errors: 0, Skipped: 0, Time elapsed: 0.058 s - in spark.QueryParamsMapTest
[INFO] Running spark.ResponseWrapperDelegationTest
[Thread-1] INFO org.eclipse.jetty.util.log - Logging initialized @830ms to org.eclipse.jetty.util.log.Slf4jLog
[Thread-1] INFO spark.embeddedserver.jetty.EmbeddedJettyServer - == Spark has ignited ...
[Thread-1] INFO spark.embeddedserver.jetty.EmbeddedJettyServer - >> Listening on 0.0.0.0:4567
[Thread-1] INFO org.eclipse.jetty.server.Server - jetty-9.4.33.v20201020; built: 2020-10-20T23:39:24.803Z; git: 1be68755656cef678b79a2ef1c2ebbca99e25420; jvm 1.8.0_151-b12
[Thread-1] INFO org.eclipse.jetty.server.session - DefaultSessionIdManager workerName=node0
[Thread-1] INFO org.eclipse.jetty.server.session - No SessionScavenger set, using defaults
[Thread-1] INFO org.eclipse.jetty.server.session - node0 Scavenging every 600000ms
[Thread-1] INFO org.eclipse.jetty.server.AbstractConnector - Started ServerConnector@7f2c9db2{HTTP/1.1, (http/1.1)}{0.0.0.0:4567}
[Thread-1] INFO org.eclipse.jetty.server.Server - Started @1050ms
[Thread-20] INFO spark.embeddedserver.jetty.EmbeddedJettyServer - >>> Spark shutting down ...
[INFO] Tests run: 2, Failures: 0, Errors: 0, Skipped: 0, Time elapsed: 0.986 s - in spark.ResponseWrapperDelegationTest
[INFO] Running spark.CookiesIntegrationTest
[Thread-0] INFO org.eclipse.jetty.util.log - Logging initialized @443ms to org.eclipse.jetty.util.log.Slf4jLog
[Thread-0] INFO spark.embeddedserver.jetty.EmbeddedJettyServer - == Spark has ignited ...
[Thread-0] INFO spark.embeddedserver.jetty.EmbeddedJettyServer - >> Listening on 0.0.0.0:4567
[Thread-0] INFO org.eclipse.jetty.server.Server - jetty-9.4.33.v20201020; built: 2020-10-20T23:39:24.803Z; git: 1be68755656cef678b79a2ef1c2ebbca99e25420; jvm 1.8.0_151-b12
[Thread-0] INFO org.eclipse.jetty.server.session - DefaultSessionIdManager workerName=node0
[Thread-0] INFO org.eclipse.jetty.server.session - No SessionScavenger set, using defaults
[Thread-0] INFO org.eclipse.jetty.server.session - node0 Scavenging every 660000ms
[Thread-0] INFO org.eclipse.jetty.server.AbstractConnector - Started ServerConnector@f1bc4d0{HTTP/1.1, (http/1.1)}{0.0.0.0:4567}
[Thread-0] INFO org.eclipse.jetty.server.Server - Started @759ms
[INFO] Tests run: 4, Failures: 0, Errors: 0, Skipped: 0, Time elapsed: 0.876 s - in spark.CookiesIntegrationTest
[Thread-22] INFO spark.embeddedserver.jetty.EmbeddedJettyServer - >>> Spark shutting down ...
[INFO] Running spark.MultipleFiltersTest
[Thread-1] INFO org.eclipse.jetty.util.log - Logging initialized @769ms to org.eclipse.jetty.util.log.Slf4jLog
[Thread-1] INFO spark.embeddedserver.jetty.EmbeddedJettyServer - == Spark has ignited ...
[Thread-1] INFO spark.embeddedserver.jetty.EmbeddedJettyServer - >> Listening on 0.0.0.0:4567
[Thread-1] INFO org.eclipse.jetty.server.Server - jetty-9.4.33.v20201020; built: 2020-10-20T23:39:24.803Z; git: 1be68755656cef678b79a2ef1c2ebbca99e25420; jvm 1.8.0_151-b12
[Thread-1] INFO org.eclipse.jetty.server.session - DefaultSessionIdManager workerName=node0
[Thread-1] INFO org.eclipse.jetty.server.session - No SessionScavenger set, using defaults
[Thread-1] INFO org.eclipse.jetty.server.session - node0 Scavenging every 660000ms
[Thread-1] INFO org.eclipse.jetty.server.AbstractConnector - Started ServerConnector@11ed4796{HTTP/1.1, (http/1.1)}{0.0.0.0:4567}
[Thread-1] INFO org.eclipse.jetty.server.Server - Started @963ms
[Thread-20] INFO spark.embeddedserver.jetty.EmbeddedJettyServer - >>> Spark shutting down ...
[INFO] Tests run: 1, Failures: 0, Errors: 0, Skipped: 0, Time elapsed: 0.877 s - in spark.MultipleFiltersTest
[INFO] Running spark.ServicePortIntegrationTest
[Thread-0] INFO org.eclipse.jetty.util.log - Logging initialized @368ms to org.eclipse.jetty.util.log.Slf4jLog
[Thread-0] INFO spark.embeddedserver.jetty.EmbeddedJettyServer - == Spark has ignited ...
[Thread-0] INFO spark.embeddedserver.jetty.EmbeddedJettyServer - >> Listening on 0.0.0.0:44793
[Thread-0] INFO org.eclipse.jetty.server.Server - jetty-9.4.33.v20201020; built: 2020-10-20T23:39:24.803Z; git: 1be68755656cef678b79a2ef1c2ebbca99e25420; jvm 1.8.0_151-b12
[Thread-0] INFO org.eclipse.jetty.server.session - DefaultSessionIdManager workerName=node0
[Thread-0] INFO org.eclipse.jetty.server.session - No SessionScavenger set, using defaults
[Thread-0] INFO org.eclipse.jetty.server.session - node0 Scavenging every 660000ms
[Thread-0] INFO org.eclipse.jetty.server.AbstractConnector - Started ServerConnector@41ca3f56{HTTP/1.1, (http/1.1)}{0.0.0.0:44793}
[Thread-0] INFO org.eclipse.jetty.server.Server - Started @579ms
[main] INFO spark.ServicePortIntegrationTest - got port 
[Thread-20] INFO spark.embeddedserver.jetty.EmbeddedJettyServer - >>> Spark shutting down ...
[INFO] Tests run: 1, Failures: 0, Errors: 0, Skipped: 0, Time elapsed: 0.858 s - in spark.ServicePortIntegrationTest
[INFO] Running spark.BodyAvailabilityTest
[Thread-1] INFO org.eclipse.jetty.util.log - Logging initialized @733ms to org.eclipse.jetty.util.log.Slf4jLog
[Thread-1] INFO spark.embeddedserver.jetty.EmbeddedJettyServer - == Spark has ignited ...
[Thread-1] INFO spark.embeddedserver.jetty.EmbeddedJettyServer - >> Listening on 0.0.0.0:4567
[Thread-1] INFO org.eclipse.jetty.server.Server - jetty-9.4.33.v20201020; built: 2020-10-20T23:39:24.803Z; git: 1be68755656cef678b79a2ef1c2ebbca99e25420; jvm 1.8.0_151-b12
[Thread-1] INFO org.eclipse.jetty.server.session - DefaultSessionIdManager workerName=node0
[Thread-1] INFO org.eclipse.jetty.server.session - No SessionScavenger set, using defaults
[Thread-1] INFO org.eclipse.jetty.server.session - node0 Scavenging every 660000ms
[Thread-1] INFO org.eclipse.jetty.server.AbstractConnector - Started ServerConnector@7c670a86{HTTP/1.1, (http/1.1)}{0.0.0.0:4567}
[Thread-1] INFO org.eclipse.jetty.server.Server - Started @912ms
[main] INFO spark.BodyAvailabilityTest - the body content
[Thread-20] INFO spark.embeddedserver.jetty.EmbeddedJettyServer - >>> Spark shutting down ...
[INFO] Tests run: 1, Failures: 0, Errors: 0, Skipped: 0, Time elapsed: 0.82 s - in spark.BodyAvailabilityTest
[INFO] Running spark.resource.UriPathTest
[INFO] Tests run: 1, Failures: 0, Errors: 0, Skipped: 0, Time elapsed: 0.052 s - in spark.resource.UriPathTest
[INFO] Running spark.servlet.ServletTest
[main] INFO org.eclipse.jetty.util.log - Logging initialized @738ms to org.eclipse.jetty.util.log.Slf4jLog
[main] WARN org.eclipse.jetty.server.AbstractConnector - Ignoring deprecated socket close linger time
[Thread-1] INFO spark.servlet.ServletTest - >>> STARTING EMBEDDED JETTY SERVER for jUnit testing of SparkFilter
[Thread-1] INFO org.eclipse.jetty.server.Server - jetty-9.4.33.v20201020; built: 2020-10-20T23:39:24.803Z; git: 1be68755656cef678b79a2ef1c2ebbca99e25420; jvm 1.8.0_151-b12
[Thread-1] INFO org.eclipse.jetty.webapp.StandardDescriptorProcessor - NO JSP Support for /somepath, did not find org.eclipse.jetty.jsp.JettyJspServlet
[Thread-1] INFO org.eclipse.jetty.server.session - DefaultSessionIdManager workerName=node0
[Thread-1] INFO org.eclipse.jetty.server.session - No SessionScavenger set, using defaults
[Thread-1] INFO org.eclipse.jetty.server.session - node0 Scavenging every 660000ms
[Thread-1] INFO spark.staticfiles.StaticFilesConfiguration - External StaticResourceHandler configured with folder = /tmp
[Thread-1] INFO spark.staticfiles.StaticFilesConfiguration - StaticResourceHandler configured with folder = /public
[Thread-1] INFO org.eclipse.jetty.server.handler.ContextHandler - Started o.e.j.w.WebAppContext@721347f6{Archetype Created Web Application,/somepath,file:///home/travis/build/passed/perwendel/spark/src/test/webapp/,AVAILABLE}{src/test/webapp}
[Thread-1] INFO org.eclipse.jetty.server.AbstractConnector - Started ServerConnector@5579bb86{HTTP/1.1, (http/1.1)}{0.0.0.0:9393}
[Thread-1] INFO org.eclipse.jetty.server.Server - Started @1820ms
[qtp205962452-45] INFO spark.http.matching.MatcherFilter - The requested route [/no/resource] has not been mapped in Spark for Accept: [text/html]
[INFO] Tests run: 12, Failures: 0, Errors: 0, Skipped: 0, Time elapsed: 1.783 s - in spark.servlet.ServletTest
[Thread-1] INFO spark.servlet.ServletTest - >>> STOPPING EMBEDDED JETTY SERVER
[Thread-1] INFO org.eclipse.jetty.server.AbstractConnector - Stopped ServerConnector@5579bb86{HTTP/1.1, (http/1.1)}{0.0.0.0:9393}
[Thread-1] INFO org.eclipse.jetty.server.session - node0 Stopped scavenging
[Thread-1] INFO org.eclipse.jetty.server.handler.ContextHandler - Stopped o.e.j.w.WebAppContext@721347f6{Archetype Created Web Application,/somepath,null,STOPPED}{src/test/webapp}
[INFO] Running spark.ResponseBodyTest
[Thread-1] INFO org.eclipse.jetty.util.log - Logging initialized @786ms to org.eclipse.jetty.util.log.Slf4jLog
[Thread-1] INFO spark.embeddedserver.jetty.EmbeddedJettyServer - == Spark has ignited ...
[Thread-1] INFO spark.embeddedserver.jetty.EmbeddedJettyServer - >> Listening on 0.0.0.0:4567
[Thread-1] INFO org.eclipse.jetty.server.Server - jetty-9.4.33.v20201020; built: 2020-10-20T23:39:24.803Z; git: 1be68755656cef678b79a2ef1c2ebbca99e25420; jvm 1.8.0_151-b12
[Thread-1] INFO org.eclipse.jetty.server.session - DefaultSessionIdManager workerName=node0
[Thread-1] INFO org.eclipse.jetty.server.session - No SessionScavenger set, using defaults
[Thread-1] INFO org.eclipse.jetty.server.session - node0 Scavenging every 660000ms
[Thread-1] INFO org.eclipse.jetty.server.AbstractConnector - Started ServerConnector@52b4ee18{HTTP/1.1, (http/1.1)}{0.0.0.0:4567}
[Thread-1] INFO org.eclipse.jetty.server.Server - Started @978ms
[Thread-20] INFO spark.embeddedserver.jetty.EmbeddedJettyServer - >>> Spark shutting down ...
[INFO] Tests run: 4, Failures: 0, Errors: 0, Skipped: 0, Time elapsed: 0.907 s - in spark.ResponseBodyTest
[INFO] Running spark.FilterImplTest
[INFO] Tests run: 4, Failures: 0, Errors: 0, Skipped: 0, Time elapsed: 0.072 s - in spark.FilterImplTest
[INFO] Running spark.staticfiles.DisableMimeGuessingTest
[main] INFO spark.staticfiles.StaticFilesConfiguration - StaticResourceHandler configured with folder = /public
[main] INFO spark.staticfiles.StaticFilesConfiguration - External StaticResourceHandler configured with folder = /tmp
[Thread-1] INFO org.eclipse.jetty.util.log - Logging initialized @731ms to org.eclipse.jetty.util.log.Slf4jLog
[Thread-1] INFO spark.embeddedserver.jetty.EmbeddedJettyServer - == Spark has ignited ...
[Thread-1] INFO spark.embeddedserver.jetty.EmbeddedJettyServer - >> Listening on 0.0.0.0:4567
[Thread-1] INFO org.eclipse.jetty.server.Server - jetty-9.4.33.v20201020; built: 2020-10-20T23:39:24.803Z; git: 1be68755656cef678b79a2ef1c2ebbca99e25420; jvm 1.8.0_151-b12
[Thread-1] INFO org.eclipse.jetty.server.session - DefaultSessionIdManager workerName=node0
[Thread-1] INFO org.eclipse.jetty.server.session - No SessionScavenger set, using defaults
[Thread-1] INFO org.eclipse.jetty.server.session - node0 Scavenging every 660000ms
[Thread-1] INFO org.eclipse.jetty.server.AbstractConnector - Started ServerConnector@be9c616{HTTP/1.1, (http/1.1)}{0.0.0.0:4567}
[Thread-1] INFO org.eclipse.jetty.server.Server - Started @936ms
[Thread-20] INFO spark.embeddedserver.jetty.EmbeddedJettyServer - >>> Spark shutting down ...
[INFO] Tests run: 2, Failures: 0, Errors: 0, Skipped: 0, Time elapsed: 0.9 s - in spark.staticfiles.DisableMimeGuessingTest
[INFO] Running spark.staticfiles.StaticFilesTest
[main] INFO spark.staticfiles.StaticFilesConfiguration - StaticResourceHandler configured with folder = /public
[main] INFO spark.staticfiles.StaticFilesConfiguration - External StaticResourceHandler configured with folder = /tmp
[Thread-1] INFO org.eclipse.jetty.util.log - Logging initialized @775ms to org.eclipse.jetty.util.log.Slf4jLog
[Thread-1] INFO spark.embeddedserver.jetty.EmbeddedJettyServer - == Spark has ignited ...
[Thread-1] INFO spark.embeddedserver.jetty.EmbeddedJettyServer - >> Listening on 0.0.0.0:4567
[Thread-1] INFO org.eclipse.jetty.server.Server - jetty-9.4.33.v20201020; built: 2020-10-20T23:39:24.803Z; git: 1be68755656cef678b79a2ef1c2ebbca99e25420; jvm 1.8.0_151-b12
[Thread-1] INFO org.eclipse.jetty.server.session - DefaultSessionIdManager workerName=node0
[Thread-1] INFO org.eclipse.jetty.server.session - No SessionScavenger set, using defaults
[Thread-1] INFO org.eclipse.jetty.server.session - node0 Scavenging every 660000ms
[Thread-1] INFO org.eclipse.jetty.server.AbstractConnector - Started ServerConnector@7c4c30d9{HTTP/1.1, (http/1.1)}{0.0.0.0:4567}
[Thread-1] INFO org.eclipse.jetty.server.Server - Started @969ms
[qtp1928440981-45] WARN spark.staticfiles.StaticFilesConfiguration - classpath directory traversal detection for path: /..\spark\Spark.class
[Thread-20] INFO spark.embeddedserver.jetty.EmbeddedJettyServer - >>> Spark shutting down ...
[INFO] Tests run: 8, Failures: 0, Errors: 0, Skipped: 0, Time elapsed: 0.93 s - in spark.staticfiles.StaticFilesTest
[INFO] Running spark.GenericIntegrationTest
[main] INFO spark.staticfiles.StaticFilesConfiguration - StaticResourceHandler configured with folder = /public
[main] INFO spark.staticfiles.StaticFilesConfiguration - External StaticResourceHandler configured with folder = /tmp
[Thread-1] INFO org.eclipse.jetty.util.log - Logging initialized @723ms to org.eclipse.jetty.util.log.Slf4jLog
[Thread-1] INFO spark.embeddedserver.jetty.EmbeddedJettyServer - == Spark has ignited ...
[Thread-1] INFO spark.embeddedserver.jetty.EmbeddedJettyServer - >> Listening on 0.0.0.0:4567
[Thread-1] INFO org.eclipse.jetty.server.Server - jetty-9.4.33.v20201020; built: 2020-10-20T23:39:24.803Z; git: 1be68755656cef678b79a2ef1c2ebbca99e25420; jvm 1.8.0_151-b12
[Thread-1] INFO org.eclipse.jetty.server.session - DefaultSessionIdManager workerName=node0
[Thread-1] INFO org.eclipse.jetty.server.session - No SessionScavenger set, using defaults
[Thread-1] INFO org.eclipse.jetty.server.session - node0 Scavenging every 600000ms
[Thread-1] INFO org.eclipse.jetty.server.handler.ContextHandler - Started o.e.j.s.ServletContextHandler@4cef743{/,null,AVAILABLE}
[Thread-1] INFO org.eclipse.jetty.server.AbstractConnector - Started ServerConnector@7db6c999{HTTP/1.1, (http/1.1)}{0.0.0.0:4567}
[Thread-1] INFO org.eclipse.jetty.server.Server - Started @1054ms
[qtp542174964-45] INFO spark.http.matching.MatcherFilter - The requested route [/no/resource] has not been mapped in Spark for Accept: [text/html]
[main] INFO spark.GenericIntegrationTest - Body was: Fo shizzy
[main] INFO spark.GenericIntegrationTest - Body was: Fo shizzy
Method Override Worked
[qtp542174964-43] ERROR spark.http.matching.GeneralError - 
java.lang.RuntimeException
	at spark.GenericIntegrationTest.lambda$setup$35(GenericIntegrationTest.java:195)
	at spark.RouteImpl$1.handle(RouteImpl.java:72)
	at spark.http.matching.Routes.execute(Routes.java:61)
	at spark.http.matching.MatcherFilter.doFilter(MatcherFilter.java:134)
	at spark.embeddedserver.jetty.JettyHandler.doHandle(JettyHandler.java:59)
	at org.eclipse.jetty.server.session.SessionHandler.doScope(SessionHandler.java:1586)
	at org.eclipse.jetty.server.handler.ScopedHandler.handle(ScopedHandler.java:141)
	at org.eclipse.jetty.server.handler.HandlerList.handle(HandlerList.java:59)
	at org.eclipse.jetty.server.handler.HandlerWrapper.handle(HandlerWrapper.java:127)
	at org.eclipse.jetty.server.Server.handle(Server.java:516)
	at org.eclipse.jetty.server.HttpChannel.lambda$handle$1(HttpChannel.java:383)
	at org.eclipse.jetty.server.HttpChannel.dispatch(HttpChannel.java:556)
	at org.eclipse.jetty.server.HttpChannel.handle(HttpChannel.java:375)
	at org.eclipse.jetty.server.HttpConnection.onFillable(HttpConnection.java:273)
	at org.eclipse.jetty.io.AbstractConnection$ReadCallback.succeeded(AbstractConnection.java:311)
	at org.eclipse.jetty.io.FillInterest.fillable(FillInterest.java:105)
	at org.eclipse.jetty.io.ChannelEndPoint$1.run(ChannelEndPoint.java:104)
	at org.eclipse.jetty.util.thread.strategy.EatWhatYouKill.runTask(EatWhatYouKill.java:336)
	at org.eclipse.jetty.util.thread.strategy.EatWhatYouKill.doProduce(EatWhatYouKill.java:313)
	at org.eclipse.jetty.util.thread.strategy.EatWhatYouKill.tryProduce(EatWhatYouKill.java:171)
	at org.eclipse.jetty.util.thread.strategy.EatWhatYouKill.run(EatWhatYouKill.java:129)
	at org.eclipse.jetty.util.thread.ReservedThreadExecutor$ReservedThread.run(ReservedThreadExecutor.java:375)
	at org.eclipse.jetty.util.thread.QueuedThreadPool.runJob(QueuedThreadPool.java:773)
	at org.eclipse.jetty.util.thread.QueuedThreadPool$Runner.run(QueuedThreadPool.java:905)
	at java.lang.Thread.run(Thread.java:748)
[Thread-44] INFO spark.embeddedserver.jetty.EmbeddedJettyServer - >>> Spark shutting down ...
[INFO] Tests run: 40, Failures: 0, Errors: 0, Skipped: 0, Time elapsed: 1.677 s - in spark.GenericIntegrationTest
[Thread-44] INFO org.eclipse.jetty.server.AbstractConnector - Stopped ServerConnector@7db6c999{HTTP/1.1, (http/1.1)}{0.0.0.0:4567}
[Thread-44] INFO org.eclipse.jetty.server.session - node0 Stopped scavenging
[Thread-44] INFO org.eclipse.jetty.server.handler.ContextHandler - Stopped o.e.j.s.ServletContextHandler@4cef743{/,null,STOPPED}
[Thread-44] INFO spark.embeddedserver.jetty.EmbeddedJettyServer - done
[INFO] Running spark.RouteImplTest
[INFO] Tests run: 6, Failures: 0, Errors: 0, Skipped: 0, Time elapsed: 0.064 s - in spark.RouteImplTest
[INFO] Running spark.globalstate.ServletFlagTest
[INFO] Tests run: 4, Failures: 0, Errors: 0, Skipped: 0, Time elapsed: 0.476 s - in spark.globalstate.ServletFlagTest
[INFO] Running spark.WebSocketRequestTest
[main] INFO spark.staticfiles.StaticFilesConfiguration - StaticResourceHandler configured with folder = /public/chatPages
[Thread-1] INFO org.eclipse.jetty.util.log - Logging initialized @716ms to org.eclipse.jetty.util.log.Slf4jLog
org.apache.http.conn.HttpHostConnectException: Connect to localhost:4567 [localhost/127.0.0.1] failed: Connection refused (Connection refused)
	at org.apache.http.impl.conn.DefaultHttpClientConnectionOperator.connect(DefaultHttpClientConnectionOperator.java:159)
	at org.apache.http.impl.conn.BasicHttpClientConnectionManager.connect(BasicHttpClientConnectionManager.java:313)
	at org.apache.http.impl.execchain.MainClientExec.establishRoute(MainClientExec.java:394)
	at org.apache.http.impl.execchain.MainClientExec.execute(MainClientExec.java:237)
	at org.apache.http.impl.execchain.ProtocolExec.execute(ProtocolExec.java:185)
	at org.apache.http.impl.execchain.RetryExec.execute(RetryExec.java:89)
	at org.apache.http.impl.execchain.RedirectExec.execute(RedirectExec.java:110)
	at org.apache.http.impl.client.InternalHttpClient.doExecute(InternalHttpClient.java:185)
	at org.apache.http.impl.client.CloseableHttpClient.execute(CloseableHttpClient.java:83)
	at org.apache.http.impl.client.CloseableHttpClient.execute(CloseableHttpClient.java:108)
	at org.apache.http.impl.client.CloseableHttpClient.execute(CloseableHttpClient.java:56)
	at spark.util.SparkTestUtil.doMethod(SparkTestUtil.java:120)
	at spark.WebSocketRequestTest.testUrl1(WebSocketRequestTest.java:56)
	at sun.reflect.NativeMethodAccessorImpl.invoke0(Native Method)
	at sun.reflect.NativeMethodAccessorImpl.invoke(NativeMethodAccessorImpl.java:62)
	at sun.reflect.DelegatingMethodAccessorImpl.invoke(DelegatingMethodAccessorImpl.java:43)
	at java.lang.reflect.Method.invoke(Method.java:498)
	at org.junit.runners.model.FrameworkMethod$1.runReflectiveCall(FrameworkMethod.java:50)
	at org.junit.internal.runners.model.ReflectiveCallable.run(ReflectiveCallable.java:12)
	at org.junit.runners.model.FrameworkMethod.invokeExplosively(FrameworkMethod.java:47)
	at org.junit.internal.runners.statements.InvokeMethod.evaluate(InvokeMethod.java:17)
	at org.junit.runners.ParentRunner.runLeaf(ParentRunner.java:325)
	at org.junit.runners.BlockJUnit4ClassRunner.runChild(BlockJUnit4ClassRunner.java:78)
	at org.junit.runners.BlockJUnit4ClassRunner.runChild(BlockJUnit4ClassRunner.java:57)
	at org.junit.runners.ParentRunner$3.run(ParentRunner.java:290)
	at org.junit.runners.ParentRunner$1.schedule(ParentRunner.java:71)
	at org.junit.runners.ParentRunner.runChildren(ParentRunner.java:288)
	at org.junit.runners.ParentRunner.access$000(ParentRunner.java:58)
	at org.junit.runners.ParentRunner$2.evaluate(ParentRunner.java:268)
	at org.junit.internal.runners.statements.RunBefores.evaluate(RunBefores.java:26)
	at org.junit.internal.runners.statements.RunAfters.evaluate(RunAfters.java:27)
	at org.junit.runners.ParentRunner.run(ParentRunner.java:363)
	at org.apache.maven.surefire.junit4.JUnit4Provider.execute(JUnit4Provider.java:365)
	at org.apache.maven.surefire.junit4.JUnit4Provider.executeWithRerun(JUnit4Provider.java:273)
	at org.apache.maven.surefire.junit4.JUnit4Provider.executeTestSet(JUnit4Provider.java:238)
	at org.apache.maven.surefire.junit4.JUnit4Provider.invoke(JUnit4Provider.java:159)
	at org.apache.maven.surefire.booter.ForkedBooter.invokeProviderInSameClassLoader(ForkedBooter.java:383)
	at org.apache.maven.surefire.booter.ForkedBooter.runSuitesInProcess(ForkedBooter.java:344)
	at org.apache.maven.surefire.booter.ForkedBooter.execute(ForkedBooter.java:125)
	at org.apache.maven.surefire.booter.ForkedBooter.main(ForkedBooter.java:417)
Caused by: java.net.ConnectException: Connection refused (Connection refused)
	at java.net.PlainSocketImpl.socketConnect(Native Method)
	at java.net.AbstractPlainSocketImpl.doConnect(AbstractPlainSocketImpl.java:350)
	at java.net.AbstractPlainSocketImpl.connectToAddress(AbstractPlainSocketImpl.java:206)
	at java.net.AbstractPlainSocketImpl.connect(AbstractPlainSocketImpl.java:188)
	at java.net.SocksSocketImpl.connect(SocksSocketImpl.java:392)
	at java.net.Socket.connect(Socket.java:589)
	at org.apache.http.conn.socket.PlainConnectionSocketFactory.connectSocket(PlainConnectionSocketFactory.java:75)
	at org.apache.http.impl.conn.DefaultHttpClientConnectionOperator.connect(DefaultHttpClientConnectionOperator.java:142)
	... 39 more
org.apache.http.conn.HttpHostConnectException: Connect to localhost:4567 [localhost/127.0.0.1] failed: Connection refused (Connection refused)
	at org.apache.http.impl.conn.DefaultHttpClientConnectionOperator.connect(DefaultHttpClientConnectionOperator.java:159)
	at org.apache.http.impl.conn.BasicHttpClientConnectionManager.connect(BasicHttpClientConnectionManager.java:313)
	at org.apache.http.impl.execchain.MainClientExec.establishRoute(MainClientExec.java:394)
	at org.apache.http.impl.execchain.MainClientExec.execute(MainClientExec.java:237)
	at org.apache.http.impl.execchain.ProtocolExec.execute(ProtocolExec.java:185)
	at org.apache.http.impl.execchain.RetryExec.execute(RetryExec.java:89)
	at org.apache.http.impl.execchain.RedirectExec.execute(RedirectExec.java:110)
	at org.apache.http.impl.client.InternalHttpClient.doExecute(InternalHttpClient.java:185)
	at org.apache.http.impl.client.CloseableHttpClient.execute(CloseableHttpClient.java:83)
	at org.apache.http.impl.client.CloseableHttpClient.execute(CloseableHttpClient.java:108)
	at org.apache.http.impl.client.CloseableHttpClient.execute(CloseableHttpClient.java:56)
	at spark.util.SparkTestUtil.doMethod(SparkTestUtil.java:120)
	at spark.WebSocketRequestTest.testUrl2(WebSocketRequestTest.java:71)
	at sun.reflect.NativeMethodAccessorImpl.invoke0(Native Method)
	at sun.reflect.NativeMethodAccessorImpl.invoke(NativeMethodAccessorImpl.java:62)
	at sun.reflect.DelegatingMethodAccessorImpl.invoke(DelegatingMethodAccessorImpl.java:43)
	at java.lang.reflect.Method.invoke(Method.java:498)
	at org.junit.runners.model.FrameworkMethod$1.runReflectiveCall(FrameworkMethod.java:50)
	at org.junit.internal.runners.model.ReflectiveCallable.run(ReflectiveCallable.java:12)
	at org.junit.runners.model.FrameworkMethod.invokeExplosively(FrameworkMethod.java:47)
	at org.junit.internal.runners.statements.InvokeMethod.evaluate(InvokeMethod.java:17)
	at org.junit.runners.ParentRunner.runLeaf(ParentRunner.java:325)
	at org.junit.runners.BlockJUnit4ClassRunner.runChild(BlockJUnit4ClassRunner.java:78)
	at org.junit.runners.BlockJUnit4ClassRunner.runChild(BlockJUnit4ClassRunner.java:57)
	at org.junit.runners.ParentRunner$3.run(ParentRunner.java:290)
	at org.junit.runners.ParentRunner$1.schedule(ParentRunner.java:71)
	at org.junit.runners.ParentRunner.runChildren(ParentRunner.java:288)
	at org.junit.runners.ParentRunner.access$000(ParentRunner.java:58)
	at org.junit.runners.ParentRunner$2.evaluate(ParentRunner.java:268)
	at org.junit.internal.runners.statements.RunBefores.evaluate(RunBefores.java:26)
	at org.junit.internal.runners.statements.RunAfters.evaluate(RunAfters.java:27)
	at org.junit.runners.ParentRunner.run(ParentRunner.java:363)
	at org.apache.maven.surefire.junit4.JUnit4Provider.execute(JUnit4Provider.java:365)
	at org.apache.maven.surefire.junit4.JUnit4Provider.executeWithRerun(JUnit4Provider.java:273)
	at org.apache.maven.surefire.junit4.JUnit4Provider.executeTestSet(JUnit4Provider.java:238)
	at org.apache.maven.surefire.junit4.JUnit4Provider.invoke(JUnit4Provider.java:159)
	at org.apache.maven.surefire.booter.ForkedBooter.invokeProviderInSameClassLoader(ForkedBooter.java:383)
	at org.apache.maven.surefire.booter.ForkedBooter.runSuitesInProcess(ForkedBooter.java:344)
	at org.apache.maven.surefire.booter.ForkedBooter.execute(ForkedBooter.java:125)
	at org.apache.maven.surefire.booter.ForkedBooter.main(ForkedBooter.java:417)
Caused by: java.net.ConnectException: Connection refused (Connection refused)
	at java.net.PlainSocketImpl.socketConnect(Native Method)
	at java.net.AbstractPlainSocketImpl.doConnect(AbstractPlainSocketImpl.java:350)
	at java.net.AbstractPlainSocketImpl.connectToAddress(AbstractPlainSocketImpl.java:206)
	at java.net.AbstractPlainSocketImpl.connect(AbstractPlainSocketImpl.java:188)
	at java.net.SocksSocketImpl.connect(SocksSocketImpl.java:392)
	at java.net.Socket.connect(Socket.java:589)
	at org.apache.http.conn.socket.PlainConnectionSocketFactory.connectSocket(PlainConnectionSocketFactory.java:75)
	at org.apache.http.impl.conn.DefaultHttpClientConnectionOperator.connect(DefaultHttpClientConnectionOperator.java:142)
	... 39 more
org.apache.http.conn.HttpHostConnectException: Connect to localhost:4567 [localhost/127.0.0.1] failed: Connection refused (Connection refused)
	at org.apache.http.impl.conn.DefaultHttpClientConnectionOperator.connect(DefaultHttpClientConnectionOperator.java:159)
	at org.apache.http.impl.conn.BasicHttpClientConnectionManager.connect(BasicHttpClientConnectionManager.java:313)
	at org.apache.http.impl.execchain.MainClientExec.establishRoute(MainClientExec.java:394)
	at org.apache.http.impl.execchain.MainClientExec.execute(MainClientExec.java:237)
	at org.apache.http.impl.execchain.ProtocolExec.execute(ProtocolExec.java:185)
	at org.apache.http.impl.execchain.RetryExec.execute(RetryExec.java:89)
	at org.apache.http.impl.execchain.RedirectExec.execute(RedirectExec.java:110)
	at org.apache.http.impl.client.InternalHttpClient.doExecute(InternalHttpClient.java:185)
	at org.apache.http.impl.client.CloseableHttpClient.execute(CloseableHttpClient.java:83)
	at org.apache.http.impl.client.CloseableHttpClient.execute(CloseableHttpClient.java:108)
	at org.apache.http.impl.client.CloseableHttpClient.execute(CloseableHttpClient.java:56)
	at spark.util.SparkTestUtil.doMethod(SparkTestUtil.java:120)
	at spark.WebSocketRequestTest.testUrl3(WebSocketRequestTest.java:86)
	at sun.reflect.NativeMethodAccessorImpl.invoke0(Native Method)
	at sun.reflect.NativeMethodAccessorImpl.invoke(NativeMethodAccessorImpl.java:62)
	at sun.reflect.DelegatingMethodAccessorImpl.invoke(DelegatingMethodAccessorImpl.java:43)
	at java.lang.reflect.Method.invoke(Method.java:498)
	at org.junit.runners.model.FrameworkMethod$1.runReflectiveCall(FrameworkMethod.java:50)
	at org.junit.internal.runners.model.ReflectiveCallable.run(ReflectiveCallable.java:12)
	at org.junit.runners.model.FrameworkMethod.invokeExplosively(FrameworkMethod.java:47)
	at org.junit.internal.runners.statements.InvokeMethod.evaluate(InvokeMethod.java:17)
	at org.junit.runners.ParentRunner.runLeaf(ParentRunner.java:325)
	at org.junit.runners.BlockJUnit4ClassRunner.runChild(BlockJUnit4ClassRunner.java:78)
	at org.junit.runners.BlockJUnit4ClassRunner.runChild(BlockJUnit4ClassRunner.java:57)
	at org.junit.runners.ParentRunner$3.run(ParentRunner.java:290)
	at org.junit.runners.ParentRunner$1.schedule(ParentRunner.java:71)
	at org.junit.runners.ParentRunner.runChildren(ParentRunner.java:288)
	at org.junit.runners.ParentRunner.access$000(ParentRunner.java:58)
	at org.junit.runners.ParentRunner$2.evaluate(ParentRunner.java:268)
	at org.junit.internal.runners.statements.RunBefores.evaluate(RunBefores.java:26)
	at org.junit.internal.runners.statements.RunAfters.evaluate(RunAfters.java:27)
	at org.junit.runners.ParentRunner.run(ParentRunner.java:363)
	at org.apache.maven.surefire.junit4.JUnit4Provider.execute(JUnit4Provider.java:365)
	at org.apache.maven.surefire.junit4.JUnit4Provider.executeWithRerun(JUnit4Provider.java:273)
	at org.apache.maven.surefire.junit4.JUnit4Provider.executeTestSet(JUnit4Provider.java:238)
	at org.apache.maven.surefire.junit4.JUnit4Provider.invoke(JUnit4Provider.java:159)
	at org.apache.maven.surefire.booter.ForkedBooter.invokeProviderInSameClassLoader(ForkedBooter.java:383)
	at org.apache.maven.surefire.booter.ForkedBooter.runSuitesInProcess(ForkedBooter.java:344)
	at org.apache.maven.surefire.booter.ForkedBooter.execute(ForkedBooter.java:125)
	at org.apache.maven.surefire.booter.ForkedBooter.main(ForkedBooter.java:417)
Caused by: java.net.ConnectException: Connection refused (Connection refused)
	at java.net.PlainSocketImpl.socketConnect(Native Method)
	at java.net.AbstractPlainSocketImpl.doConnect(AbstractPlainSocketImpl.java:350)
	at java.net.AbstractPlainSocketImpl.connectToAddress(AbstractPlainSocketImpl.java:206)
	at java.net.AbstractPlainSocketImpl.connect(AbstractPlainSocketImpl.java:188)
	at java.net.SocksSocketImpl.connect(SocksSocketImpl.java:392)
	at java.net.Socket.connect(Socket.java:589)
	at org.apache.http.conn.socket.PlainConnectionSocketFactory.connectSocket(PlainConnectionSocketFactory.java:75)
	at org.apache.http.impl.conn.DefaultHttpClientConnectionOperator.connect(DefaultHttpClientConnectionOperator.java:142)
	... 39 more
org.apache.http.conn.HttpHostConnectException: Connect to localhost:4567 [localhost/127.0.0.1] failed: Connection refused (Connection refused)
	at org.apache.http.impl.conn.DefaultHttpClientConnectionOperator.connect(DefaultHttpClientConnectionOperator.java:159)
	at org.apache.http.impl.conn.BasicHttpClientConnectionManager.connect(BasicHttpClientConnectionManager.java:313)
	at org.apache.http.impl.execchain.MainClientExec.establishRoute(MainClientExec.java:394)
	at org.apache.http.impl.execchain.MainClientExec.execute(MainClientExec.java:237)
	at org.apache.http.impl.execchain.ProtocolExec.execute(ProtocolExec.java:185)
	at org.apache.http.impl.execchain.RetryExec.execute(RetryExec.java:89)
	at org.apache.http.impl.execchain.RedirectExec.execute(RedirectExec.java:110)
	at org.apache.http.impl.client.InternalHttpClient.doExecute(InternalHttpClient.java:185)
	at org.apache.http.impl.client.CloseableHttpClient.execute(CloseableHttpClient.java:83)
	at org.apache.http.impl.client.CloseableHttpClient.execute(CloseableHttpClient.java:108)
	at org.apache.http.impl.client.CloseableHttpClient.execute(CloseableHttpClient.java:56)
	at spark.util.SparkTestUtil.doMethod(SparkTestUtil.java:120)
	at spark.WebSocketRequestTest.testUrl4(WebSocketRequestTest.java:100)
	at sun.reflect.NativeMethodAccessorImpl.invoke0(Native Method)
	at sun.reflect.NativeMethodAccessorImpl.invoke(NativeMethodAccessorImpl.java:62)
	at sun.reflect.DelegatingMethodAccessorImpl.invoke(DelegatingMethodAccessorImpl.java:43)
	at java.lang.reflect.Method.invoke(Method.java:498)
	at org.junit.runners.model.FrameworkMethod$1.runReflectiveCall(FrameworkMethod.java:50)
	at org.junit.internal.runners.model.ReflectiveCallable.run(ReflectiveCallable.java:12)
	at org.junit.runners.model.FrameworkMethod.invokeExplosively(FrameworkMethod.java:47)
	at org.junit.internal.runners.statements.InvokeMethod.evaluate(InvokeMethod.java:17)
	at org.junit.runners.ParentRunner.runLeaf(ParentRunner.java:325)
	at org.junit.runners.BlockJUnit4ClassRunner.runChild(BlockJUnit4ClassRunner.java:78)
	at org.junit.runners.BlockJUnit4ClassRunner.runChild(BlockJUnit4ClassRunner.java:57)
	at org.junit.runners.ParentRunner$3.run(ParentRunner.java:290)
	at org.junit.runners.ParentRunner$1.schedule(ParentRunner.java:71)
	at org.junit.runners.ParentRunner.runChildren(ParentRunner.java:288)
	at org.junit.runners.ParentRunner.access$000(ParentRunner.java:58)
	at org.junit.runners.ParentRunner$2.evaluate(ParentRunner.java:268)
	at org.junit.internal.runners.statements.RunBefores.evaluate(RunBefores.java:26)
	at org.junit.internal.runners.statements.RunAfters.evaluate(RunAfters.java:27)
	at org.junit.runners.ParentRunner.run(ParentRunner.java:363)
	at org.apache.maven.surefire.junit4.JUnit4Provider.execute(JUnit4Provider.java:365)
	at org.apache.maven.surefire.junit4.JUnit4Provider.executeWithRerun(JUnit4Provider.java:273)
	at org.apache.maven.surefire.junit4.JUnit4Provider.executeTestSet(JUnit4Provider.java:238)
	at org.apache.maven.surefire.junit4.JUnit4Provider.invoke(JUnit4Provider.java:159)
	at org.apache.maven.surefire.booter.ForkedBooter.invokeProviderInSameClassLoader(ForkedBooter.java:383)
	at org.apache.maven.surefire.booter.ForkedBooter.runSuitesInProcess(ForkedBooter.java:344)
	at org.apache.maven.surefire.booter.ForkedBooter.execute(ForkedBooter.java:125)
	at org.apache.maven.surefire.booter.ForkedBooter.main(ForkedBooter.java:417)
Caused by: java.net.ConnectException: Connection refused (Connection refused)
	at java.net.PlainSocketImpl.socketConnect(Native Method)
	at java.net.AbstractPlainSocketImpl.doConnect(AbstractPlainSocketImpl.java:350)
	at java.net.AbstractPlainSocketImpl.connectToAddress(AbstractPlainSocketImpl.java:206)
	at java.net.AbstractPlainSocketImpl.connect(AbstractPlainSocketImpl.java:188)
	at java.net.SocksSocketImpl.connect(SocksSocketImpl.java:392)
	at java.net.Socket.connect(Socket.java:589)
	at org.apache.http.conn.socket.PlainConnectionSocketFactory.connectSocket(PlainConnectionSocketFactory.java:75)
	at org.apache.http.impl.conn.DefaultHttpClientConnectionOperator.connect(DefaultHttpClientConnectionOperator.java:142)
	... 39 more
[Thread-2] INFO spark.embeddedserver.jetty.EmbeddedJettyServer - >>> Spark shutting down ...
[Thread-2] INFO spark.embeddedserver.jetty.EmbeddedJettyServer - done
[INFO] Tests run: 4, Failures: 0, Errors: 0, Skipped: 0, Time elapsed: 0.539 s - in spark.WebSocketRequestTest
[INFO] Running spark.RequestTest
[Thread-1] INFO org.eclipse.jetty.util.log - Logging initialized @651ms to org.eclipse.jetty.util.log.Slf4jLog
[Thread-1] INFO spark.embeddedserver.jetty.EmbeddedJettyServer - == Spark has ignited ...
[Thread-1] INFO spark.embeddedserver.jetty.EmbeddedJettyServer - >> Listening on 0.0.0.0:4567
[Thread-1] INFO org.eclipse.jetty.server.Server - jetty-9.4.33.v20201020; built: 2020-10-20T23:39:24.803Z; git: 1be68755656cef678b79a2ef1c2ebbca99e25420; jvm 1.8.0_151-b12
[Thread-1] INFO org.eclipse.jetty.server.session - DefaultSessionIdManager workerName=node0
[Thread-1] INFO org.eclipse.jetty.server.session - No SessionScavenger set, using defaults
[Thread-1] INFO org.eclipse.jetty.server.session - node0 Scavenging every 600000ms
[Thread-1] INFO org.eclipse.jetty.server.AbstractConnector - Started ServerConnector@33ecb506{HTTP/1.1, (http/1.1)}{0.0.0.0:4567}
[Thread-1] INFO org.eclipse.jetty.server.Server - Started @814ms
before filter matched
before filter matched
before filter matched
before filter matched
before filter matched
before filter matched
before filter matched
before filter matched
before filter matched
before filter matched
before filter matched
before filter matched
before filter matched
before filter matched
before filter matched
after filter matched
after filter matched
after filter matched
after filter matched
after filter matched
after filter matched
after filter matched
after filter matched
after filter matched
after filter matched
after filter matched
after filter matched
after filter matched
after filter matched
after filter matched
afterafter filter matched
afterafter filter matched
afterafter filter matched
afterafter filter matched
afterafter filter matched
afterafter filter matched
afterafter filter matched
afterafter filter matched
afterafter filter matched
afterafter filter matched
afterafter filter matched
afterafter filter matched
afterafter filter matched
afterafter filter matched
afterafter filter matched
[INFO] Tests run: 36, Failures: 0, Errors: 0, Skipped: 0, Time elapsed: 1.017 s - in spark.RequestTest
[INFO] Running spark.BooksIntegrationTest
[Thread-0] INFO org.eclipse.jetty.util.log - Logging initialized @415ms to org.eclipse.jetty.util.log.Slf4jLog
[Thread-0] INFO spark.embeddedserver.jetty.EmbeddedJettyServer - == Spark has ignited ...
[Thread-0] INFO spark.embeddedserver.jetty.EmbeddedJettyServer - >> Listening on 0.0.0.0:4567
[Thread-0] INFO org.eclipse.jetty.server.Server - jetty-9.4.33.v20201020; built: 2020-10-20T23:39:24.803Z; git: 1be68755656cef678b79a2ef1c2ebbca99e25420; jvm 1.8.0_151-b12
[Thread-0] INFO org.eclipse.jetty.server.session - DefaultSessionIdManager workerName=node0
[Thread-0] INFO org.eclipse.jetty.server.session - No SessionScavenger set, using defaults
[Thread-0] INFO org.eclipse.jetty.server.session - node0 Scavenging every 660000ms
[Thread-0] INFO org.eclipse.jetty.server.AbstractConnector - Started ServerConnector@74903c45{HTTP/1.1, (http/1.1)}{0.0.0.0:4567}
[Thread-0] INFO org.eclipse.jetty.server.Server - Started @609ms
[INFO] Tests run: 7, Failures: 0, Errors: 0, Skipped: 0, Time elapsed: 0.494 s - in spark.BooksIntegrationTest
[Thread-19] INFO spark.embeddedserver.jetty.EmbeddedJettyServer - >>> Spark shutting down ...
[INFO] Running spark.StaticFilesFromArchiveTest
[main] INFO spark.staticfiles.StaticFilesConfiguration - StaticResourceHandler configured with folder = /public-jar
[Thread-1] INFO org.eclipse.jetty.util.log - Logging initialized @902ms to org.eclipse.jetty.util.log.Slf4jLog
[Thread-1] INFO spark.embeddedserver.jetty.EmbeddedJettyServer - == Spark has ignited ...
[Thread-1] INFO spark.embeddedserver.jetty.EmbeddedJettyServer - >> Listening on 0.0.0.0:4567
[Thread-1] INFO org.eclipse.jetty.server.Server - jetty-9.4.33.v20201020; built: 2020-10-20T23:39:24.803Z; git: 1be68755656cef678b79a2ef1c2ebbca99e25420; jvm 1.8.0_151-b12
[Thread-1] INFO org.eclipse.jetty.server.session - DefaultSessionIdManager workerName=node0
[Thread-1] INFO org.eclipse.jetty.server.session - No SessionScavenger set, using defaults
[Thread-1] INFO org.eclipse.jetty.server.session - node0 Scavenging every 660000ms
[Thread-1] INFO org.eclipse.jetty.server.AbstractConnector - Started ServerConnector@46fc68c3{HTTP/1.1, (http/1.1)}{0.0.0.0:4567}
[Thread-1] INFO org.eclipse.jetty.server.Server - Started @1116ms
[INFO] Tests run: 1, Failures: 0, Errors: 0, Skipped: 0, Time elapsed: 1.016 s - in spark.StaticFilesFromArchiveTest
[INFO] Running spark.GzipTest
[main] INFO spark.staticfiles.StaticFilesConfiguration - StaticResourceHandler configured with folder = /public
[Thread-0] INFO org.eclipse.jetty.util.log - Logging initialized @405ms to org.eclipse.jetty.util.log.Slf4jLog
[Thread-0] INFO spark.embeddedserver.jetty.EmbeddedJettyServer - == Spark has ignited ...
[Thread-0] INFO spark.embeddedserver.jetty.EmbeddedJettyServer - >> Listening on 0.0.0.0:4567
[Thread-0] INFO org.eclipse.jetty.server.Server - jetty-9.4.33.v20201020; built: 2020-10-20T23:39:24.803Z; git: 1be68755656cef678b79a2ef1c2ebbca99e25420; jvm 1.8.0_151-b12
[Thread-0] INFO org.eclipse.jetty.server.session - DefaultSessionIdManager workerName=node0
[Thread-0] INFO org.eclipse.jetty.server.session - No SessionScavenger set, using defaults
[Thread-0] INFO org.eclipse.jetty.server.session - node0 Scavenging every 660000ms
[Thread-0] INFO org.eclipse.jetty.server.AbstractConnector - Started ServerConnector@46ee39d8{HTTP/1.1, (http/1.1)}{0.0.0.0:4567}
[Thread-0] INFO org.eclipse.jetty.server.Server - Started @635ms
[Thread-20] INFO spark.embeddedserver.jetty.EmbeddedJettyServer - >>> Spark shutting down ...
[INFO] Tests run: 2, Failures: 0, Errors: 0, Skipped: 0, Time elapsed: 0.902 s - in spark.GzipTest
[INFO] Running spark.GenericSecureIntegrationTest
[Thread-1] INFO org.eclipse.jetty.util.log - Logging initialized @832ms to org.eclipse.jetty.util.log.Slf4jLog
[Thread-1] INFO spark.embeddedserver.jetty.EmbeddedJettyServer - == Spark has ignited ...
[Thread-1] INFO spark.embeddedserver.jetty.EmbeddedJettyServer - >> Listening on 0.0.0.0:4567
[Thread-1] INFO org.eclipse.jetty.server.Server - jetty-9.4.33.v20201020; built: 2020-10-20T23:39:24.803Z; git: 1be68755656cef678b79a2ef1c2ebbca99e25420; jvm 1.8.0_151-b12
[Thread-1] INFO org.eclipse.jetty.server.session - DefaultSessionIdManager workerName=node0
[Thread-1] INFO org.eclipse.jetty.server.session - No SessionScavenger set, using defaults
[Thread-1] INFO org.eclipse.jetty.server.session - node0 Scavenging every 600000ms
[Thread-1] INFO org.eclipse.jetty.util.ssl.SslContextFactory - x509=X509@48f800f1(selfsigned,h=[],w=[]) for Server@6a773a1c[provider=null,keyStore=file:///home/travis/build/passed/perwendel/spark/src/test/resources/keystore.jks,trustStore=null]
[Thread-1] INFO org.eclipse.jetty.server.AbstractConnector - Started ServerConnector@2a351c22{SSL, (ssl, http/1.1)}{0.0.0.0:4567}
[Thread-1] INFO org.eclipse.jetty.server.Server - Started @1047ms
[qtp759350396-43] INFO spark.http.matching.MatcherFilter - The requested route [/no/resource] has not been mapped in Spark for Accept: [text/html]
[main] INFO spark.GenericSecureIntegrationTest - Body was: Fo shizzy
[main] INFO spark.GenericSecureIntegrationTest - Body was: Fo shizzy
[Thread-20] INFO spark.embeddedserver.jetty.EmbeddedJettyServer - >>> Spark shutting down ...
[INFO] Tests run: 12, Failures: 0, Errors: 0, Skipped: 0, Time elapsed: 1.144 s - in spark.GenericSecureIntegrationTest
[INFO] Running spark.MultipleServicesTest
[main] INFO spark.staticfiles.StaticFilesConfiguration - StaticResourceHandler configured with folder = /public
[Thread-1] INFO org.eclipse.jetty.util.log - Logging initialized @818ms to org.eclipse.jetty.util.log.Slf4jLog
[Thread-2] INFO spark.embeddedserver.jetty.EmbeddedJettyServer - == Spark has ignited ...
[Thread-1] INFO spark.embeddedserver.jetty.EmbeddedJettyServer - == Spark has ignited ...
[Thread-1] INFO spark.embeddedserver.jetty.EmbeddedJettyServer - >> Listening on 0.0.0.0:4567
[Thread-2] INFO spark.embeddedserver.jetty.EmbeddedJettyServer - >> Listening on 0.0.0.0:1234
[Thread-2] INFO org.eclipse.jetty.server.Server - jetty-9.4.33.v20201020; built: 2020-10-20T23:39:24.803Z; git: 1be68755656cef678b79a2ef1c2ebbca99e25420; jvm 1.8.0_151-b12
[Thread-1] INFO org.eclipse.jetty.server.Server - jetty-9.4.33.v20201020; built: 2020-10-20T23:39:24.803Z; git: 1be68755656cef678b79a2ef1c2ebbca99e25420; jvm 1.8.0_151-b12
[Thread-1] INFO org.eclipse.jetty.server.session - DefaultSessionIdManager workerName=node0
[Thread-2] INFO org.eclipse.jetty.server.session - DefaultSessionIdManager workerName=node0
[Thread-1] INFO org.eclipse.jetty.server.session - No SessionScavenger set, using defaults
[Thread-2] INFO org.eclipse.jetty.server.session - No SessionScavenger set, using defaults
[Thread-1] INFO org.eclipse.jetty.server.session - node0 Scavenging every 660000ms
[Thread-2] INFO org.eclipse.jetty.server.session - node0 Scavenging every 660000ms
[Thread-2] INFO org.eclipse.jetty.server.AbstractConnector - Started ServerConnector@2ca90da6{HTTP/1.1, (http/1.1)}{0.0.0.0:1234}
[Thread-2] INFO org.eclipse.jetty.server.Server - Started @1031ms
[Thread-1] INFO org.eclipse.jetty.server.AbstractConnector - Started ServerConnector@2e9eea94{HTTP/1.1, (http/1.1)}{0.0.0.0:4567}
[Thread-1] INFO org.eclipse.jetty.server.Server - Started @1033ms
[qtp1183073584-29] INFO spark.http.matching.MatcherFilter - The requested route [/css/style.css] has not been mapped in Spark for Accept: [text/html]
[qtp1183073584-54] INFO spark.http.matching.MatcherFilter - The requested route [/uniqueforsecond] has not been mapped in Spark for Accept: [text/html]
[Thread-29] INFO spark.embeddedserver.jetty.EmbeddedJettyServer - >>> Spark shutting down ...
[Thread-30] INFO spark.embeddedserver.jetty.EmbeddedJettyServer - >>> Spark shutting down ...
[INFO] Tests run: 7, Failures: 0, Errors: 0, Skipped: 0, Time elapsed: 1.01 s - in spark.MultipleServicesTest
[Thread-30] INFO org.eclipse.jetty.server.AbstractConnector - Stopped ServerConnector@2ca90da6{HTTP/1.1, (http/1.1)}{0.0.0.0:1234}
[Thread-30] INFO org.eclipse.jetty.server.session - node0 Stopped scavenging
[INFO] Running spark.SessionTest
[INFO] Tests run: 15, Failures: 0, Errors: 0, Skipped: 0, Time elapsed: 0.301 s - in spark.SessionTest
[INFO] Running spark.ResponseTest
[INFO] Tests run: 23, Failures: 0, Errors: 0, Skipped: 0, Time elapsed: 0.283 s - in spark.ResponseTest
[INFO] Running spark.ExceptionMapperTest
[INFO] Tests run: 2, Failures: 0, Errors: 0, Skipped: 0, Time elapsed: 0.062 s - in spark.ExceptionMapperTest
[INFO] 
[INFO] Results:
[INFO] 
[INFO] Tests run: 322, Failures: 0, Errors: 0, Skipped: 0
[INFO] 
[INFO] ------------------------------------------------------------------------
[INFO] BUILD SUCCESS
[INFO] ------------------------------------------------------------------------
[INFO] Total time: 01:04 min
[INFO] Finished at: 2022-01-19T13:18:16Z
[INFO] ------------------------------------------------------------------------
travis_time:end:2783837d:start=1642598230009701920,finish=1642598296104514143,duration=66094812223,event=[0K[32;1mThe command "./mvnw test -B" exited with 0.[0m


Done. Your build exited with 0.
