travis_fold:start:system_info[0K[33;1mBuild system information[0m
Build language: java
Build group: stable
Build dist: precise
Build id: ''
Job id: ''
[34m[1mBuild image provisioning date and time[0m
Thu Feb  5 15:09:33 UTC 2015
[34m[1mOperating System Details[0m
Distributor ID:	Ubuntu
Description:	Ubuntu 12.04.5 LTS
Release:	12.04
Codename:	precise
[34m[1mLinux Version[0m
3.13.0-29-generic
[34m[1mCookbooks Version[0m
a68419e https://github.com/travis-ci/travis-cookbooks/tree/a68419e
[34m[1mGCC version[0m
gcc (Ubuntu/Linaro 4.6.3-1ubuntu5) 4.6.3
Copyright (C) 2011 Free Software Foundation, Inc.
This is free software; see the source for copying conditions.  There is NO
warranty; not even for MERCHANTABILITY or FITNESS FOR A PARTICULAR PURPOSE.

[34m[1mLLVM version[0m
clang version 3.4 (tags/RELEASE_34/final)
Target: x86_64-unknown-linux-gnu
Thread model: posix
[34m[1mPre-installed Ruby versions[0m
ruby-1.9.3-p551
[34m[1mPre-installed Node.js versions[0m
v0.10.36
[34m[1mPre-installed Go versions[0m
1.4.1
[34m[1mRedis version[0m
redis-server 2.8.19
[34m[1mriak version[0m
2.0.2
[34m[1mMongoDB version[0m
MongoDB 2.4.12
[34m[1mCouchDB version[0m
couchdb 1.6.1
[34m[1mNeo4j version[0m
1.9.4
[34m[1mRabbitMQ Version[0m
3.4.3
[34m[1mElasticSearch version[0m
1.4.0
[34m[1mInstalled Sphinx versions[0m
2.0.10
2.1.9
2.2.6
[34m[1mDefault Sphinx version[0m
2.2.6
[34m[1mInstalled Firefox version[0m
firefox 31.0esr
[34m[1mPhantomJS version[0m
1.9.8
[34m[1mant -version[0m
Apache Ant(TM) version 1.8.2 compiled on December 3 2011
[34m[1mmvn -version[0m
Apache Maven 3.2.5 (12a6b3acb947671f09b81f49094c53f426d8cea1; 2014-12-14T17:29:23+00:00)
Maven home: /usr/local/maven
Java version: 1.7.0_76, vendor: Oracle Corporation
Java home: /usr/lib/jvm/java-7-oracle/jre
Default locale: en_US, platform encoding: ANSI_X3.4-1968
OS name: "linux", version: "3.13.0-29-generic", arch: "amd64", family: "unix"
travis_fold:end:system_info[0K
grep: /etc/apt/sources.list.d/*: No such file or directory
W: Failed to fetch http://us.archive.ubuntu.com/ubuntu/dists/precise/main/source/Sources  404  Not Found [IP: 91.189.91.38 80]

W: Failed to fetch http://us.archive.ubuntu.com/ubuntu/dists/precise/restricted/source/Sources  404  Not Found [IP: 91.189.91.38 80]

W: Failed to fetch http://us.archive.ubuntu.com/ubuntu/dists/precise/universe/source/Sources  404  Not Found [IP: 91.189.91.38 80]

W: Failed to fetch http://us.archive.ubuntu.com/ubuntu/dists/precise/multiverse/source/Sources  404  Not Found [IP: 91.189.91.38 80]

W: Failed to fetch http://us.archive.ubuntu.com/ubuntu/dists/precise/main/binary-amd64/Packages  404  Not Found [IP: 91.189.91.38 80]

W: Failed to fetch http://us.archive.ubuntu.com/ubuntu/dists/precise/restricted/binary-amd64/Packages  404  Not Found [IP: 91.189.91.38 80]

W: Failed to fetch http://us.archive.ubuntu.com/ubuntu/dists/precise/universe/binary-amd64/Packages  404  Not Found [IP: 91.189.91.38 80]

W: Failed to fetch http://us.archive.ubuntu.com/ubuntu/dists/precise/multiverse/binary-amd64/Packages  404  Not Found [IP: 91.189.91.38 80]

W: Failed to fetch http://us.archive.ubuntu.com/ubuntu/dists/precise/main/binary-i386/Packages  404  Not Found [IP: 91.189.91.38 80]

W: Failed to fetch http://us.archive.ubuntu.com/ubuntu/dists/precise/restricted/binary-i386/Packages  404  Not Found [IP: 91.189.91.38 80]

W: Failed to fetch http://us.archive.ubuntu.com/ubuntu/dists/precise/universe/binary-i386/Packages  404  Not Found [IP: 91.189.91.38 80]

W: Failed to fetch http://us.archive.ubuntu.com/ubuntu/dists/precise/multiverse/binary-i386/Packages  404  Not Found [IP: 91.189.91.38 80]

W: Failed to fetch http://us.archive.ubuntu.com/ubuntu/dists/precise-updates/main/source/Sources  404  Not Found [IP: 91.189.91.38 80]

W: Failed to fetch http://us.archive.ubuntu.com/ubuntu/dists/precise-updates/restricted/source/Sources  404  Not Found [IP: 91.189.91.38 80]

W: Failed to fetch http://us.archive.ubuntu.com/ubuntu/dists/precise-updates/universe/source/Sources  404  Not Found [IP: 91.189.91.38 80]

W: Failed to fetch http://us.archive.ubuntu.com/ubuntu/dists/precise-updates/multiverse/source/Sources  404  Not Found [IP: 91.189.91.38 80]

W: Failed to fetch http://us.archive.ubuntu.com/ubuntu/dists/precise-updates/main/binary-amd64/Packages  404  Not Found [IP: 91.189.91.38 80]

W: Failed to fetch http://us.archive.ubuntu.com/ubuntu/dists/precise-updates/restricted/binary-amd64/Packages  404  Not Found [IP: 91.189.91.38 80]

W: Failed to fetch http://us.archive.ubuntu.com/ubuntu/dists/precise-updates/universe/binary-amd64/Packages  404  Not Found [IP: 91.189.91.38 80]

W: Failed to fetch http://us.archive.ubuntu.com/ubuntu/dists/precise-updates/multiverse/binary-amd64/Packages  404  Not Found [IP: 91.189.91.38 80]

W: Failed to fetch http://us.archive.ubuntu.com/ubuntu/dists/precise-updates/main/binary-i386/Packages  404  Not Found [IP: 91.189.91.38 80]

W: Failed to fetch http://us.archive.ubuntu.com/ubuntu/dists/precise-updates/restricted/binary-i386/Packages  404  Not Found [IP: 91.189.91.38 80]

W: Failed to fetch http://us.archive.ubuntu.com/ubuntu/dists/precise-updates/universe/binary-i386/Packages  404  Not Found [IP: 91.189.91.38 80]

W: Failed to fetch http://us.archive.ubuntu.com/ubuntu/dists/precise-updates/multiverse/binary-i386/Packages  404  Not Found [IP: 91.189.91.38 80]

W: Failed to fetch http://us.archive.ubuntu.com/ubuntu/dists/precise-backports/main/source/Sources  404  Not Found [IP: 91.189.91.38 80]

W: Failed to fetch http://us.archive.ubuntu.com/ubuntu/dists/precise-backports/restricted/source/Sources  404  Not Found [IP: 91.189.91.38 80]

W: Failed to fetch http://us.archive.ubuntu.com/ubuntu/dists/precise-backports/universe/source/Sources  404  Not Found [IP: 91.189.91.38 80]

W: Failed to fetch http://us.archive.ubuntu.com/ubuntu/dists/precise-backports/multiverse/source/Sources  404  Not Found [IP: 91.189.91.38 80]

W: Failed to fetch http://us.archive.ubuntu.com/ubuntu/dists/precise-backports/main/binary-amd64/Packages  404  Not Found [IP: 91.189.91.38 80]

W: Failed to fetch http://us.archive.ubuntu.com/ubuntu/dists/precise-backports/restricted/binary-amd64/Packages  404  Not Found [IP: 91.189.91.38 80]

W: Failed to fetch http://us.archive.ubuntu.com/ubuntu/dists/precise-backports/universe/binary-amd64/Packages  404  Not Found [IP: 91.189.91.38 80]

W: Failed to fetch http://us.archive.ubuntu.com/ubuntu/dists/precise-backports/multiverse/binary-amd64/Packages  404  Not Found [IP: 91.189.91.38 80]

W: Failed to fetch http://us.archive.ubuntu.com/ubuntu/dists/precise-backports/main/binary-i386/Packages  404  Not Found [IP: 91.189.91.38 80]

W: Failed to fetch http://us.archive.ubuntu.com/ubuntu/dists/precise-backports/restricted/binary-i386/Packages  404  Not Found [IP: 91.189.91.38 80]

W: Failed to fetch http://us.archive.ubuntu.com/ubuntu/dists/precise-backports/universe/binary-i386/Packages  404  Not Found [IP: 91.189.91.38 80]

W: Failed to fetch http://us.archive.ubuntu.com/ubuntu/dists/precise-backports/multiverse/binary-i386/Packages  404  Not Found [IP: 91.189.91.38 80]

W: Failed to fetch http://security.ubuntu.com/ubuntu/dists/precise-security/main/source/Sources  404  Not Found [IP: 91.189.88.152 80]

W: Failed to fetch http://security.ubuntu.com/ubuntu/dists/precise-security/restricted/source/Sources  404  Not Found [IP: 91.189.88.152 80]

W: Failed to fetch http://security.ubuntu.com/ubuntu/dists/precise-security/universe/source/Sources  404  Not Found [IP: 91.189.88.152 80]

W: Failed to fetch http://security.ubuntu.com/ubuntu/dists/precise-security/multiverse/source/Sources  404  Not Found [IP: 91.189.88.152 80]

W: Failed to fetch http://security.ubuntu.com/ubuntu/dists/precise-security/main/binary-amd64/Packages  404  Not Found [IP: 91.189.88.152 80]

W: Failed to fetch http://security.ubuntu.com/ubuntu/dists/precise-security/restricted/binary-amd64/Packages  404  Not Found [IP: 91.189.88.152 80]

W: Failed to fetch http://security.ubuntu.com/ubuntu/dists/precise-security/universe/binary-amd64/Packages  404  Not Found [IP: 91.189.88.152 80]

W: Failed to fetch http://security.ubuntu.com/ubuntu/dists/precise-security/multiverse/binary-amd64/Packages  404  Not Found [IP: 91.189.88.152 80]

W: Failed to fetch http://security.ubuntu.com/ubuntu/dists/precise-security/main/binary-i386/Packages  404  Not Found [IP: 91.189.88.152 80]

W: Failed to fetch http://security.ubuntu.com/ubuntu/dists/precise-security/restricted/binary-i386/Packages  404  Not Found [IP: 91.189.88.152 80]

W: Failed to fetch http://security.ubuntu.com/ubuntu/dists/precise-security/universe/binary-i386/Packages  404  Not Found [IP: 91.189.88.152 80]

W: Failed to fetch http://security.ubuntu.com/ubuntu/dists/precise-security/multiverse/binary-i386/Packages  404  Not Found [IP: 91.189.88.152 80]

E: Some index files failed to download. They have been ignored, or old ones used instead.
sed: cannot rename /etc/hosts: Device or resource busy
sed: cannot rename /etc/hosts: Device or resource busy
$ jdk_switcher use oraclejdk8
Switching to Oracle JDK8 (java-8-oracle), JAVA_HOME will be set to /usr/lib/jvm/java-8-oracle
$ cd passed/pgjdbc/pgjdbc
travis_fold:start:postgresql[0K[33;1mStarting PostgreSQL v9.4[0m
travis_time:start:1cb6adf4[0K$ sudo service postgresql stop
 * Stopping PostgreSQL 9.1 database server
   ...done.
 * Stopping PostgreSQL 9.2 database server
   ...done.
 * Stopping PostgreSQL 9.3 database server
   ...done.
 * Stopping PostgreSQL 9.4 database server
   ...done.

travis_time:end:1cb6adf4:start=1642604011578037887,finish=1642604012356612302,duration=778574415[0Ktravis_time:start:171d341a[0K$ sudo service postgresql start 9.4
 * Starting PostgreSQL 9.4 database server
   ...done.

travis_time:end:171d341a:start=1642604012368135584,finish=1642604015148186862,duration=2780051278[0Ktravis_time:start:19d2eb5d[0K$ sudo -u postgres createuser -s -p 5432 travis &>/dev/null

travis_time:end:19d2eb5d:start=1642604015158523998,finish=1642604015211044405,duration=52520407[0Ktravis_time:start:01065623[0K$ sudo -u postgres createdb -O travis -p 5432 travis &>/dev/null

travis_time:end:01065623:start=1642604015219603708,finish=1642604015495505377,duration=275901669[0Ktravis_time:start:0402e934[0K$ sudo -u postgres createuser -s -p 5433 travis &>/dev/null

travis_time:end:0402e934:start=1642604015506531136,finish=1642604015558875794,duration=52344658[0Ktravis_time:start:011c4abb[0K$ sudo -u postgres createdb -O travis -p 5433 travis &>/dev/null

travis_time:end:011c4abb:start=1642604015569185627,finish=1642604015620600845,duration=51415218[0Ktravis_fold:end:postgresql[0K
[33;1mSetting environment variables from .travis.yml[0m
$ export SONATYPE_USERNAME=[secure]
$ export SONATYPE_PASSWORD=[secure]
$ export PG_VERSION=9.4
$ export COVERAGE=Y

travis_fold:start:cache.1[0KSetting up build cache
$ export CASHER_DIR=$HOME/.casher
travis_fold:end:cache.1[0K$ java -Xmx32m -version
java version "1.8.0_31"
Java(TM) SE Runtime Environment (build 1.8.0_31-b13)
Java HotSpot(TM) 64-Bit Server VM (build 25.31-b07, mixed mode)
$ javac -J-Xmx32m -version
javac 1.8.0_31
travis_fold:start:install[0Ktravis_time:start:1544314c[0K$ true

travis_time:end:1544314c:start=1642604019950211062,finish=1642604019957537165,duration=7326103[0Ktravis_fold:end:install[0Ktravis_fold:start:before_script.1[0Ktravis_time:start:16314430[0K$ test "x$XA" == 'x' || ./travis_install_dependencies.sh

travis_time:end:16314430:start=1642604019966486914,finish=1642604019974673207,duration=8186293[0Ktravis_fold:end:before_script.1[0Ktravis_fold:start:before_script.2[0Ktravis_time:start:05b9b96c[0K$ psql -U postgres -c "create user test with password 'test';"
CREATE ROLE

travis_time:end:05b9b96c:start=1642604019984613941,finish=1642604020000784650,duration=16170709[0Ktravis_fold:end:before_script.2[0Ktravis_fold:start:before_script.3[0Ktravis_time:start:00154b24[0K$ psql -c 'create database test owner test;' -U postgres
CREATE DATABASE

travis_time:end:00154b24:start=1642604020014832629,finish=1642604020250339132,duration=235506503[0Ktravis_fold:end:before_script.3[0Ktravis_fold:start:before_script.4[0Ktravis_time:start:272f00d2[0K$ echo "MAVEN_OPTS='-Xmx1g -Dgpg.skip=true'" > ~/.mavenrc

travis_time:end:272f00d2:start=1642604020260164557,finish=1642604020268693458,duration=8528901[0Ktravis_fold:end:before_script.4[0Ktravis_fold:start:before_script.5[0Ktravis_time:start:008ab16c[0K$ test "x$PG_VERSION" == 'x' || test $PG_VERSION == '8.4' || test $PG_VERSION == '9.0' || psql test -c 'CREATE EXTENSION hstore;' -U postgres
CREATE EXTENSION

travis_time:end:008ab16c:start=1642604020278642888,finish=1642604020318930368,duration=40287480[0Ktravis_fold:end:before_script.5[0Ktravis_fold:start:before_script.6[0Ktravis_time:start:0755e14e[0K$ test "x$PG_VERSION" == 'x' || test $PG_VERSION != '8.4' || createlang -U postgres plpgsql test

travis_time:end:0755e14e:start=1642604020331083738,finish=1642604020340289700,duration=9205962[0Ktravis_fold:end:before_script.6[0Ktravis_time:start:127e0e80[0K$ rm -rf $HOME/.m2/repository/org/postgresql || true

travis_time:end:127e0e80:start=1642604020351496475,finish=1642604020362361373,duration=10864898[0K
[32;1mThe command "rm -rf $HOME/.m2/repository/org/postgresql || true" exited with 0.[0m
travis_time:start:0cb0a5ad[0K$ export JDK6_HOME=$(jdk_switcher home openjdk6)

travis_time:end:0cb0a5ad:start=1642604020371769479,finish=1642604020381585678,duration=9816199[0K
[32;1mThe command "export JDK6_HOME=$(jdk_switcher home openjdk6)" exited with 0.[0m
travis_time:start:22d7c4c0[0K$ export JDK7_HOME=$(jdk_switcher home openjdk7)

travis_time:end:22d7c4c0:start=1642604020392154608,finish=1642604020403190235,duration=11035627[0K
[32;1mThe command "export JDK7_HOME=$(jdk_switcher home openjdk7)" exited with 0.[0m
travis_time:start:06cb7906[0K$ export JDK8_HOME=$(jdk_switcher home oraclejdk8)

travis_time:end:06cb7906:start=1642604020414696432,finish=1642604020424979553,duration=10283121[0K
[32;1mThe command "export JDK8_HOME=$(jdk_switcher home oraclejdk8)" exited with 0.[0m
travis_time:start:09065a88[0K$ envsubst < toolchains.xml > ~/.m2/toolchains.xml

travis_time:end:09065a88:start=1642604020434816225,finish=1642604020828639994,duration=393823769[0K
[32;1mThe command "envsubst < toolchains.xml > ~/.m2/toolchains.xml" exited with 0.[0m
travis_time:start:1ace065c[0K$ ./travis_build.sh
+MVN_ARGS='clean package -B -V'
+MVN_PROFILES=release
+[[ Y == *\Y* ]]
+MVN_PROFILES=release,coverage
+[[ oraclejdk8 == *\j\d\k\6* ]]
+[[ oraclejdk8 == *\j\d\k\7* ]]
+'[' 9.4 == 9.4 ']'
+mvn clean package -B -V -P release,coverage,release-artifacts
Apache Maven 3.2.5 (12a6b3acb947671f09b81f49094c53f426d8cea1; 2014-12-14T17:29:23+00:00)
Maven home: /usr/local/maven
Java version: 1.8.0_31, vendor: Oracle Corporation
Java home: /usr/lib/jvm/java-8-oracle/jre
Default locale: en_US, platform encoding: UTF-8
OS name: "linux", version: "4.15.0-109-generic", arch: "amd64", family: "unix"
[INFO] Scanning for projects...
[INFO] ------------------------------------------------------------------------
[INFO] Reactor Build Order:
[INFO] 
[INFO] PostgreSQL JDBC Driver - JDBC 4.2
[INFO] PostgreSQL JDBC Driver - benchmarks
[INFO] PostgreSQL JDBC Driver aggregate
[INFO]                                                                         
[INFO] ------------------------------------------------------------------------
[INFO] Building PostgreSQL JDBC Driver - JDBC 4.2 9.4.1209-SNAPSHOT
[INFO] ------------------------------------------------------------------------
[INFO] 
[INFO] --- maven-clean-plugin:2.5:clean (default-clean) @ postgresql ---
[INFO] 
[INFO] --- maven-enforcer-plugin:1.3.1:enforce (enforce-java) @ postgresql ---
[INFO] Skipping Rule Enforcement.
[INFO] 
[INFO] --- maven-toolchains-plugin:1.1:toolchain (default) @ postgresql ---
[INFO] Required toolchain: jdk [ version='1.8' ]
[INFO] Found matching toolchain for type jdk: JDK[/usr/lib/jvm/java-8-oracle]
[INFO] 
[INFO] --- jacoco-maven-plugin:0.7.5.201505241946:prepare-agent (default) @ postgresql ---
[INFO] argLine set to -javaagent:/home/travis/.m2/passed/org/jacoco/org.jacoco.agent/0.7.5.201505241946/org.jacoco.agent-0.7.5.201505241946-runtime.jar=destfile=/home/travis/build/passed/pgjdbc/pgjdbc/pgjdbc/target/jacoco.exec -Xmx512m
[INFO] 
[INFO] --- build-helper-maven-plugin:1.5:parse-version (parse-version) @ postgresql ---
[INFO] 
[INFO] --- properties-maven-plugin:1.0-alpha-2:read-project-properties (default) @ postgresql ---
[WARNING] Ignoring missing properties file: /home/travis/build/passed/pgjdbc/pgjdbc/pgjdbc/../build.local.properties
[INFO] 
[INFO] --- maven-antrun-plugin:1.7:run (create-unzipjdkant.xml) @ postgresql ---
[INFO] Executing tasks

main:
     [echo] Generating /home/travis/build/passed/pgjdbc/pgjdbc/pgjdbc/target/unzip-jdk-ant.xml
[INFO] Executed tasks
[INFO] 
[INFO] --- exec-maven-plugin:1.4.0:exec (unzip-jdk-src) @ postgresql ---
[INFO] skipping execute as per configuraion
[INFO] 
[INFO] --- jcp:6.0.1:preprocess (preprocessSources) @ postgresql ---
[INFO] Added MAVEN property mvn.project.name=PostgreSQL JDBC Driver - JDBC 4.2
[INFO] Added MAVEN property mvn.project.version=9.4.1209-SNAPSHOT
[INFO] Added MAVEN property mvn.project.url=https://github.com/pgjdbc/pgjdbc
[INFO] Added MAVEN property mvn.project.packaging=bundle
[INFO] Added MAVEN property mvn.project.modelversion=4.0.0
[INFO] Added MAVEN property mvn.project.inceptionyear=
[INFO] Added MAVEN property mvn.project.id=org.postgresql:postgresql:bundle:9.4.1209-SNAPSHOT
[INFO] Added MAVEN property mvn.project.groupid=org.postgresql
[INFO] Added MAVEN property mvn.project.description=Java JDBC 4.2 (JRE 8+) driver for PostgreSQL database
[INFO] Added MAVEN property mvn.project.artifact.id=org.postgresql:postgresql:bundle:9.4.1209-SNAPSHOT
[INFO] Added MAVEN property mvn.project.artifact.artifactid=postgresql
[INFO] Added MAVEN property mvn.project.artifact.baseversion=9.4.1209-SNAPSHOT
[INFO] Added MAVEN property mvn.project.artifact.dependencyconflictid=org.postgresql:postgresql:bundle
[INFO] Added MAVEN property mvn.project.artifact.downloadurl=
[INFO] Added MAVEN property mvn.project.artifact.groupid=org.postgresql
[INFO] Added MAVEN property mvn.project.artifact.scope=
[INFO] Added MAVEN property mvn.project.artifact.type=bundle
[INFO] Added MAVEN property mvn.project.artifact.version=9.4.1209-SNAPSHOT
[INFO] Added MAVEN property mvn.project.build.directory=/home/travis/build/passed/pgjdbc/pgjdbc/pgjdbc/target
[INFO] Added MAVEN property mvn.project.build.defaultgoal=
[INFO] Added MAVEN property mvn.project.build.outputdirectory=/home/travis/build/passed/pgjdbc/pgjdbc/pgjdbc/target/classes
[INFO] Added MAVEN property mvn.project.build.scriptsourcedirectory=/home/travis/build/passed/pgjdbc/pgjdbc/pgjdbc/src/main/scripts
[INFO] Added MAVEN property mvn.project.build.sourcedirectory=/home/travis/build/passed/pgjdbc/pgjdbc/pgjdbc/src/main/java
[INFO] Added MAVEN property mvn.project.build.testoutputdirectory=/home/travis/build/passed/pgjdbc/pgjdbc/pgjdbc/target/test-classes
[INFO] Added MAVEN property mvn.project.build.testsourcedirectory=/home/travis/build/passed/pgjdbc/pgjdbc/pgjdbc/src/test/java
[INFO] Added MAVEN property mvn.project.organization.name=PostgreSQL Global Development Group
[INFO] Added MAVEN property mvn.project.organization.url=http://jdbc.postgresql.org/
[INFO] Added MAVEN property mvn.project.activeprofiles=standard-with-extra-repos
[INFO] Added MAVEN property mvn.project.property.jdbc.specification.version.nodot=42
[INFO] Added MAVEN property mvn.project.property.password=***** [hidden because may contain private info]
[INFO] Added MAVEN property mvn.project.property.preparethreshold=5
[INFO] Added MAVEN property mvn.project.property.parsedversion.osgiversion=9.4.1209.SNAPSHOT
[INFO] Added MAVEN property mvn.project.property.postgresql.preprocessed.sources.directory=/home/travis/build/passed/pgjdbc/pgjdbc/pgjdbc/target/gen-src
[INFO] Added MAVEN property mvn.project.property.postgresql.driver.fullversion=PostgreSQL JDBC4.2
[INFO] Added MAVEN property mvn.project.property.username=test
[INFO] Added MAVEN property mvn.project.property.parsedversion.incrementalversion=1209
[INFO] Added MAVEN property mvn.project.property.protocolversion=0
[INFO] Added MAVEN property mvn.project.property.parsedversion.buildnumber=0
[INFO] Added MAVEN property mvn.project.property.javac.target=1.8
[INFO] Added MAVEN property mvn.project.property.project.build.sourceencoding=UTF-8
[INFO] Added MAVEN property mvn.project.property.postgresql.jdbc.spec=JDBC4.2
[INFO] Added MAVEN property mvn.project.property.parsedversion.minorversion=4
[INFO] Added MAVEN property mvn.project.property.port=5432
[INFO] Added MAVEN property mvn.project.property.unzip.jdk.ant.build.xml=/home/travis/build/passed/pgjdbc/pgjdbc/pgjdbc/target/unzip-jdk-ant.xml
[INFO] Added MAVEN property mvn.project.property.skip.assembly=false
[INFO] Added MAVEN property mvn.project.property.database=test
[INFO] Added MAVEN property mvn.project.property.privilegedpassword=***** [hidden because may contain private info]
[INFO] Added MAVEN property mvn.project.property.server=localhost
[INFO] Added MAVEN property mvn.project.property.skip.unzip-jdk-src=true
[INFO] Added MAVEN property mvn.project.property.waffle-jna.version=1.7
[INFO] Added MAVEN property mvn.project.property.parsedversion.majorversion=9
[INFO] Added MAVEN property mvn.project.property.postgresql.enforce.jdk.version=1.8
[INFO] Added MAVEN property mvn.project.property.jdbc.specification.version=4.2
[INFO] Added MAVEN property mvn.project.property.build.properties.relative.path=/home/travis/build/passed/pgjdbc/pgjdbc/pgjdbc/..
[INFO] Added MAVEN property mvn.project.property.loglevel=0
[INFO] Added MAVEN property mvn.project.property.parsedversion.qualifier=SNAPSHOT
[INFO] Added MAVEN property mvn.project.property.template.default.pg.port=5432
[INFO] Added MAVEN property mvn.project.property.argline=-javaagent:/home/travis/.m2/passed/org/jacoco/org.jacoco.agent/0.7.5.201505241946/org.jacoco.agent-0.7.5.201505241946-runtime.jar=destfile=/home/travis/build/passed/pgjdbc/pgjdbc/pgjdbc/target/jacoco.exec -Xmx512m
[INFO] Added MAVEN property mvn.project.property.privilegeduser=postgres
[INFO] Preprocess sources : /home/travis/build/passed/pgjdbc/pgjdbc/pgjdbc/src/main/java
[INFO] Preprocess destination : /home/travis/build/passed/pgjdbc/pgjdbc/pgjdbc/target/gen-src
[INFO] -----------------------------------------------------------------
[INFO] Completed, preprocessed 168 files, copied 16 files, elapsed time 6917ms
[INFO] A Compile source root has been removed from the root list [/home/travis/build/passed/pgjdbc/pgjdbc/pgjdbc/src/main/java]
[INFO] The New compile source root has been added into the list [/home/travis/build/passed/pgjdbc/pgjdbc/pgjdbc/target/gen-src]
[INFO] 
[INFO] --- maven-resources-plugin:2.6:resources (default-resources) @ postgresql ---
[INFO] Using 'UTF-8' encoding to copy filtered resources.
[INFO] Copying 16 resources
[INFO] 
[INFO] --- maven-compiler-plugin:3.3:compile (default-compile) @ postgresql ---
[INFO] Toolchain in maven-compiler-plugin: JDK[/usr/lib/jvm/java-8-oracle]
[INFO] Changes detected - recompiling the module!
[INFO] Compiling 168 source files to /home/travis/build/passed/pgjdbc/pgjdbc/pgjdbc/target/classes
[INFO] 
[INFO] --- maven-resources-plugin:2.6:testResources (default-testResources) @ postgresql ---
[INFO] Using 'UTF-8' encoding to copy filtered resources.
[INFO] Copying 1 resource
[INFO] 
[INFO] --- maven-compiler-plugin:3.3:testCompile (default-testCompile) @ postgresql ---
[INFO] Toolchain in maven-compiler-plugin: JDK[/usr/lib/jvm/java-8-oracle]
[INFO] Changes detected - recompiling the module!
[INFO] Compiling 119 source files to /home/travis/build/passed/pgjdbc/pgjdbc/pgjdbc/target/test-classes
[INFO] 
[INFO] --- maven-surefire-plugin:2.18.1:test (default-test) @ postgresql ---
[INFO] Toolchain in maven-surefire-plugin: JDK[/usr/lib/jvm/java-8-oracle]
[INFO] Surefire report directory: /home/travis/build/passed/pgjdbc/pgjdbc/pgjdbc/target/surefire-reports

-------------------------------------------------------
 T E S T S
-------------------------------------------------------
Configuration file /home/travis/build/passed/pgjdbc/pgjdbc/pgjdbc/../build.local.properties does not exist. Consider adding it to specify test db host and login
Configuration file /home/travis/build/passed/pgjdbc/pgjdbc/pgjdbc/../build.local.properties does not exist. Consider adding it to specify test db host and login
Skipping XA tests because max_prepared_transactions = 0.
Skipping SingleCertSocketFactoryTests. To enable set the property testsinglecertfactory=true in the ssltest.properties file.
Configuration file /home/travis/build/passed/pgjdbc/pgjdbc/pgjdbc/../ssltest.local.properties does not exist. Consider adding it to specify test db host and login
Skipping ssloff8.
Skipping sslhostnossl8.
Skipping ssloff9.
Skipping sslhostnossl9.
Skipping sslhostgh8.
Skipping sslhostgh9.
Skipping sslhostbh8.
Skipping sslhostbh9.
Skipping sslhostsslgh8.
Skipping sslhostsslgh9.
Skipping sslhostsslbh8.
Skipping sslhostsslbh9.
Skipping sslhostsslcertgh8.
Skipping sslhostsslcertgh9.
Skipping sslhostsslcertbh8.
Skipping sslhostsslcertbh9.
Skipping sslcertgh8.
Skipping sslcertgh9.
Skipping sslcertbh8.
Skipping sslcertbh9.
Running org.postgresql.test.jdbc2.optional.OptionalTestSuite
Tests run: 49, Failures: 0, Errors: 0, Skipped: 0, Time elapsed: 1.084 sec - in org.postgresql.test.jdbc2.optional.OptionalTestSuite
Running org.postgresql.test.jdbc2.Jdbc2TestSuite
file:/home/travis/build/passed/pgjdbc/pgjdbc/pgjdbc/target/classes/
Using seed = 1642604182337 for StrangeInputStream. Set -DStrangeInputStream.seed=1642604182337 to reproduce the test
Using seed = 1642604182763 for StrangeInputStream. Set -DStrangeInputStream.seed=1642604182763 to reproduce the test
Using seed = 1642604183115 for StrangeInputStream. Set -DStrangeInputStream.seed=1642604183115 to reproduce the test
Using seed = 1642604183391 for StrangeInputStream. Set -DStrangeInputStream.seed=1642604183391 to reproduce the test
Using seed = 1642604183647 for StrangeInputStream. Set -DStrangeInputStream.seed=1642604183647 to reproduce the test
Using seed = 1642604184048 for StrangeInputStream. Set -DStrangeInputStream.seed=1642604184048 to reproduce the test
Using seed = 1642604184318 for StrangeInputStream. Set -DStrangeInputStream.seed=1642604184318 to reproduce the test
Using seed = 1642604184586 for StrangeInputStream. Set -DStrangeInputStream.seed=1642604184586 to reproduce the test
Using seed = 1642604184844 for StrangeInputStream. Set -DStrangeInputStream.seed=1642604184844 to reproduce the test
Using seed = 1642604185099 for StrangeInputStream. Set -DStrangeInputStream.seed=1642604185099 to reproduce the test
Tests run: 1113, Failures: 0, Errors: 0, Skipped: 0, Time elapsed: 64.666 sec - in org.postgresql.test.jdbc2.Jdbc2TestSuite
Running org.postgresql.test.jdbc4.jdbc41.Jdbc41TestSuite
Tests run: 45, Failures: 0, Errors: 0, Skipped: 0, Time elapsed: 0.637 sec - in org.postgresql.test.jdbc4.jdbc41.Jdbc41TestSuite
Running org.postgresql.test.jdbc4.Jdbc4TestSuite
Tests run: 93, Failures: 0, Errors: 0, Skipped: 0, Time elapsed: 1.683 sec - in org.postgresql.test.jdbc4.Jdbc4TestSuite
Running org.postgresql.test.jdbc3.Jdbc3TestSuite
Tests run: 89, Failures: 0, Errors: 0, Skipped: 0, Time elapsed: 0.847 sec - in org.postgresql.test.jdbc3.Jdbc3TestSuite
Running org.postgresql.test.jdbc42.Jdbc42TestSuite
Tests run: 19, Failures: 0, Errors: 0, Skipped: 0, Time elapsed: 45.777 sec - in org.postgresql.test.jdbc42.Jdbc42TestSuite
Running org.postgresql.test.socketfactory.SocketFactoryTestSuite
Tests run: 1, Failures: 0, Errors: 0, Skipped: 0, Time elapsed: 0.006 sec - in org.postgresql.test.socketfactory.SocketFactoryTestSuite
Running org.postgresql.test.xa.XATestSuite
Skipping XA tests because max_prepared_transactions = 0.
Tests run: 0, Failures: 0, Errors: 0, Skipped: 0, Time elapsed: 0.003 sec - in org.postgresql.test.xa.XATestSuite
Running org.postgresql.test.extensions.ExtensionsTestSuite
Tests run: 4, Failures: 0, Errors: 0, Skipped: 0, Time elapsed: 0.036 sec - in org.postgresql.test.extensions.ExtensionsTestSuite
Running org.postgresql.test.hostchooser.MultiHostTestSuite
Tests run: 1, Failures: 0, Errors: 0, Skipped: 0, Time elapsed: 0 sec - in org.postgresql.test.hostchooser.MultiHostTestSuite
Running org.postgresql.test.osgi.OsgiTestSuite
Tests run: 8, Failures: 0, Errors: 0, Skipped: 0, Time elapsed: 0.003 sec - in org.postgresql.test.osgi.OsgiTestSuite
Running org.postgresql.test.ssl.SingleCertValidatingFactoryTestSuite
Skipping SingleCertSocketFactoryTests. To enable set the property testsinglecertfactory=true in the ssltest.properties file.
Tests run: 0, Failures: 0, Errors: 0, Skipped: 0, Time elapsed: 0 sec - in org.postgresql.test.ssl.SingleCertValidatingFactoryTestSuite
Running org.postgresql.test.ssl.SslTestSuite
Configuration file /home/travis/build/passed/pgjdbc/pgjdbc/pgjdbc/../ssltest.local.properties does not exist. Consider adding it to specify test db host and login
Skipping ssloff8.
Skipping sslhostnossl8.
Skipping ssloff9.
Skipping sslhostnossl9.
Skipping sslhostgh8.
Skipping sslhostgh9.
Skipping sslhostbh8.
Skipping sslhostbh9.
Skipping sslhostsslgh8.
Skipping sslhostsslgh9.
Skipping sslhostsslbh8.
Skipping sslhostsslbh9.
Skipping sslhostsslcertgh8.
Skipping sslhostsslcertgh9.
Skipping sslhostsslcertbh8.
Skipping sslhostsslcertbh9.
Skipping sslcertgh8.
Skipping sslcertgh9.
Skipping sslcertbh8.
Skipping sslcertbh9.
Tests run: 0, Failures: 0, Errors: 0, Skipped: 0, Time elapsed: 0 sec - in org.postgresql.test.ssl.SslTestSuite

Results :

Tests run: 1422, Failures: 0, Errors: 0, Skipped: 0

[INFO] 
[INFO] --- jacoco-maven-plugin:0.7.5.201505241946:report (report) @ postgresql ---
[INFO] Analyzed bundle 'PostgreSQL JDBC Driver - JDBC 4.2' with 208 classes
[INFO] 
[INFO] --- maven-bundle-plugin:2.5.3:bundle (default-bundle) @ postgresql ---
[INFO] 
[INFO] --- maven-source-plugin:2.4:jar-no-fork (attach-sources-no-fork) @ postgresql ---
[INFO] Building jar: /home/travis/build/passed/pgjdbc/pgjdbc/pgjdbc/target/postgresql-9.4.1209-SNAPSHOT-sources.jar
[INFO] 
[INFO] --- maven-javadoc-plugin:2.10.3:jar (attach-javadocs) @ postgresql ---
[INFO] Toolchain in maven-javadoc-plugin: JDK[/usr/lib/jvm/java-8-oracle]
[INFO] 
Loading source files for package org.postgresql.core...
Loading source files for package org.postgresql.core.v3...
Loading source files for package org.postgresql.core.v2...
Loading source files for package org.postgresql.largeobject...
Loading source files for package org.postgresql.util...
Loading source files for package org.postgresql.geometric...
Loading source files for package org.postgresql.xa...
Loading source files for package org.postgresql.jdbc...
Loading source files for package org.postgresql.jdbc2...
Loading source files for package org.postgresql.jdbc2.optional...
Loading source files for package org.postgresql.gss...
Loading source files for package org.postgresql.jdbc3...
Loading source files for package org.postgresql...
Loading source files for package org.postgresql.fastpath...
Loading source files for package org.postgresql.hostchooser...
Loading source files for package org.postgresql.sspi...
Loading source files for package org.postgresql.osgi...
Loading source files for package org.postgresql.ds.common...
Loading source files for package org.postgresql.ds...
Loading source files for package org.postgresql.copy...
Loading source files for package org.postgresql.ssl...
Loading source files for package org.postgresql.ssl.jdbc4...
Constructing Javadoc information...
Standard Doclet version 1.8.0_31
Building tree for all the packages and classes...
Generating /home/travis/build/passed/pgjdbc/pgjdbc/pgjdbc/target/apidocs/org/postgresql/core/BaseConnection.html...
Generating /home/travis/build/passed/pgjdbc/pgjdbc/pgjdbc/target/apidocs/org/postgresql/core/BaseStatement.html...
Generating /home/travis/build/passed/pgjdbc/pgjdbc/pgjdbc/target/apidocs/org/postgresql/core/CachedQuery.html...
Generating /home/travis/build/passed/pgjdbc/pgjdbc/pgjdbc/target/apidocs/org/postgresql/core/ConnectionFactory.html...
Generating /home/travis/build/passed/pgjdbc/pgjdbc/pgjdbc/target/apidocs/org/postgresql/core/Encoding.html...
Generating /home/travis/build/passed/pgjdbc/pgjdbc/pgjdbc/target/apidocs/org/postgresql/core/Field.html...
Generating /home/travis/build/passed/pgjdbc/pgjdbc/pgjdbc/target/apidocs/org/postgresql/core/JdbcCallParseInfo.html...
Generating /home/travis/build/passed/pgjdbc/pgjdbc/pgjdbc/target/apidocs/org/postgresql/core/Logger.html...
Generating /home/travis/build/passed/pgjdbc/pgjdbc/pgjdbc/target/apidocs/org/postgresql/core/NativeQuery.html...
Generating /home/travis/build/passed/pgjdbc/pgjdbc/pgjdbc/target/apidocs/org/postgresql/core/Notification.html...
Generating /home/travis/build/passed/pgjdbc/pgjdbc/pgjdbc/target/apidocs/org/postgresql/core/Oid.html...
Generating /home/travis/build/passed/pgjdbc/pgjdbc/pgjdbc/target/apidocs/org/postgresql/core/ParameterList.html...
Generating /home/travis/build/passed/pgjdbc/pgjdbc/pgjdbc/target/apidocs/org/postgresql/core/Parser.html...
Generating /home/travis/build/passed/pgjdbc/pgjdbc/pgjdbc/target/apidocs/org/postgresql/core/PGBindException.html...
Generating /home/travis/build/passed/pgjdbc/pgjdbc/pgjdbc/target/apidocs/org/postgresql/core/PGStream.html...
Generating /home/travis/build/passed/pgjdbc/pgjdbc/pgjdbc/target/apidocs/org/postgresql/core/ProtocolConnection.html...
Generating /home/travis/build/passed/pgjdbc/pgjdbc/pgjdbc/target/apidocs/org/postgresql/core/Provider.html...
Generating /home/travis/build/passed/pgjdbc/pgjdbc/pgjdbc/target/apidocs/org/postgresql/core/Query.html...
Generating /home/travis/build/passed/pgjdbc/pgjdbc/pgjdbc/target/apidocs/org/postgresql/core/QueryExecutor.html...
Generating /home/travis/build/passed/pgjdbc/pgjdbc/pgjdbc/target/apidocs/org/postgresql/core/ResultCursor.html...
Generating /home/travis/build/passed/pgjdbc/pgjdbc/pgjdbc/target/apidocs/org/postgresql/core/ResultHandler.html...
Generating /home/travis/build/passed/pgjdbc/pgjdbc/pgjdbc/target/apidocs/org/postgresql/core/ServerVersion.html...
Generating /home/travis/build/passed/pgjdbc/pgjdbc/pgjdbc/target/apidocs/org/postgresql/core/SetupQueryRunner.html...
Generating /home/travis/build/passed/pgjdbc/pgjdbc/pgjdbc/target/apidocs/org/postgresql/core/TypeInfo.html...
Generating /home/travis/build/passed/pgjdbc/pgjdbc/pgjdbc/target/apidocs/org/postgresql/core/Utils.html...
Generating /home/travis/build/passed/pgjdbc/pgjdbc/pgjdbc/target/apidocs/org/postgresql/core/Version.html...
Generating /home/travis/build/passed/pgjdbc/pgjdbc/pgjdbc/target/apidocs/org/postgresql/core/VisibleBufferedInputStream.html...
Generating /home/travis/build/passed/pgjdbc/pgjdbc/pgjdbc/target/apidocs/org/postgresql/core/v3/ConnectionFactoryImpl.html...
Generating /home/travis/build/passed/pgjdbc/pgjdbc/pgjdbc/target/apidocs/org/postgresql/core/v3/CopyInImpl.html...
Generating /home/travis/build/passed/pgjdbc/pgjdbc/pgjdbc/target/apidocs/org/postgresql/core/v3/CopyOperationImpl.html...
Generating /home/travis/build/passed/pgjdbc/pgjdbc/pgjdbc/target/apidocs/org/postgresql/core/v3/CopyOutImpl.html...
Generating /home/travis/build/passed/pgjdbc/pgjdbc/pgjdbc/target/apidocs/org/postgresql/core/v3/QueryExecutorImpl.html...
Generating /home/travis/build/passed/pgjdbc/pgjdbc/pgjdbc/target/apidocs/org/postgresql/core/v2/ConnectionFactoryImpl.html...
Generating /home/travis/build/passed/pgjdbc/pgjdbc/pgjdbc/target/apidocs/org/postgresql/core/v2/QueryExecutorImpl.html...
Generating /home/travis/build/passed/pgjdbc/pgjdbc/pgjdbc/target/apidocs/org/postgresql/core/v2/SocketFactoryFactory.html...
Generating /home/travis/build/passed/pgjdbc/pgjdbc/pgjdbc/target/apidocs/org/postgresql/largeobject/BlobInputStream.html...
Generating /home/travis/build/passed/pgjdbc/pgjdbc/pgjdbc/target/apidocs/org/postgresql/largeobject/BlobOutputStream.html...
Generating /home/travis/build/passed/pgjdbc/pgjdbc/pgjdbc/target/apidocs/org/postgresql/largeobject/LargeObject.html...
Generating /home/travis/build/passed/pgjdbc/pgjdbc/pgjdbc/target/apidocs/org/postgresql/largeobject/LargeObjectManager.html...
Generating /home/travis/build/passed/pgjdbc/pgjdbc/pgjdbc/target/apidocs/org/postgresql/util/Base64.html...
Generating /home/travis/build/passed/pgjdbc/pgjdbc/pgjdbc/target/apidocs/org/postgresql/util/ByteConverter.html...
Generating /home/travis/build/passed/pgjdbc/pgjdbc/pgjdbc/target/apidocs/org/postgresql/util/CanEstimateSize.html...
Generating /home/travis/build/passed/pgjdbc/pgjdbc/pgjdbc/target/apidocs/org/postgresql/util/GT.html...
Generating /home/travis/build/passed/pgjdbc/pgjdbc/pgjdbc/target/apidocs/org/postgresql/util/HostSpec.html...
Generating /home/travis/build/passed/pgjdbc/pgjdbc/pgjdbc/target/apidocs/org/postgresql/util/HStoreConverter.html...
Generating /home/travis/build/passed/pgjdbc/pgjdbc/pgjdbc/target/apidocs/org/postgresql/util/LruCache.html...
Generating /home/travis/build/passed/pgjdbc/pgjdbc/pgjdbc/target/apidocs/org/postgresql/util/LruCache.CreateAction.html...
Generating /home/travis/build/passed/pgjdbc/pgjdbc/pgjdbc/target/apidocs/org/postgresql/util/LruCache.EvictAction.html...
Generating /home/travis/build/passed/pgjdbc/pgjdbc/pgjdbc/target/apidocs/org/postgresql/util/MD5Digest.html...
Generating /home/travis/build/passed/pgjdbc/pgjdbc/pgjdbc/target/apidocs/org/postgresql/util/ObjectFactory.html...
Generating /home/travis/build/passed/pgjdbc/pgjdbc/pgjdbc/target/apidocs/org/postgresql/util/PGBinaryObject.html...
Generating /home/travis/build/passed/pgjdbc/pgjdbc/pgjdbc/target/apidocs/org/postgresql/util/PGbytea.html...
Generating /home/travis/build/passed/pgjdbc/pgjdbc/pgjdbc/target/apidocs/org/postgresql/util/PGInterval.html...
Generating /home/travis/build/passed/pgjdbc/pgjdbc/pgjdbc/target/apidocs/org/postgresql/util/PGJDBCMain.html...
Generating /home/travis/build/passed/pgjdbc/pgjdbc/pgjdbc/target/apidocs/org/postgresql/util/PGmoney.html...
Generating /home/travis/build/passed/pgjdbc/pgjdbc/pgjdbc/target/apidocs/org/postgresql/util/PGobject.html...
Generating /home/travis/build/passed/pgjdbc/pgjdbc/pgjdbc/target/apidocs/org/postgresql/util/PGTime.html...
Generating /home/travis/build/passed/pgjdbc/pgjdbc/pgjdbc/target/apidocs/org/postgresql/util/PGTimestamp.html...
Generating /home/travis/build/passed/pgjdbc/pgjdbc/pgjdbc/target/apidocs/org/postgresql/util/PGtokenizer.html...
Generating /home/travis/build/passed/pgjdbc/pgjdbc/pgjdbc/target/apidocs/org/postgresql/util/PSQLDriverVersion.html...
Generating /home/travis/build/passed/pgjdbc/pgjdbc/pgjdbc/target/apidocs/org/postgresql/util/PSQLException.html...
Generating /home/travis/build/passed/pgjdbc/pgjdbc/pgjdbc/target/apidocs/org/postgresql/util/PSQLState.html...
Generating /home/travis/build/passed/pgjdbc/pgjdbc/pgjdbc/target/apidocs/org/postgresql/util/PSQLWarning.html...
Generating /home/travis/build/passed/pgjdbc/pgjdbc/pgjdbc/target/apidocs/org/postgresql/util/ServerErrorMessage.html...
Generating /home/travis/build/passed/pgjdbc/pgjdbc/pgjdbc/target/apidocs/org/postgresql/util/SharedTimer.html...
Generating /home/travis/build/passed/pgjdbc/pgjdbc/pgjdbc/target/apidocs/org/postgresql/util/StreamWrapper.html...
Generating /home/travis/build/passed/pgjdbc/pgjdbc/pgjdbc/target/apidocs/org/postgresql/util/UnixCrypt.html...
Generating /home/travis/build/passed/pgjdbc/pgjdbc/pgjdbc/target/apidocs/org/postgresql/geometric/PGbox.html...
Generating /home/travis/build/passed/pgjdbc/pgjdbc/pgjdbc/target/apidocs/org/postgresql/geometric/PGcircle.html...
Generating /home/travis/build/passed/pgjdbc/pgjdbc/pgjdbc/target/apidocs/org/postgresql/geometric/PGline.html...
Generating /home/travis/build/passed/pgjdbc/pgjdbc/pgjdbc/target/apidocs/org/postgresql/geometric/PGlseg.html...
Generating /home/travis/build/passed/pgjdbc/pgjdbc/pgjdbc/target/apidocs/org/postgresql/geometric/PGpath.html...
Generating /home/travis/build/passed/pgjdbc/pgjdbc/pgjdbc/target/apidocs/org/postgresql/geometric/PGpoint.html...
Generating /home/travis/build/passed/pgjdbc/pgjdbc/pgjdbc/target/apidocs/org/postgresql/geometric/PGpolygon.html...
Generating /home/travis/build/passed/pgjdbc/pgjdbc/pgjdbc/target/apidocs/org/postgresql/xa/PGXAConnection.html...
Generating /home/travis/build/passed/pgjdbc/pgjdbc/pgjdbc/target/apidocs/org/postgresql/xa/PGXADataSource.html...
Generating /home/travis/build/passed/pgjdbc/pgjdbc/pgjdbc/target/apidocs/org/postgresql/xa/PGXADataSourceFactory.html...
Generating /home/travis/build/passed/pgjdbc/pgjdbc/pgjdbc/target/apidocs/org/postgresql/xa/PGXAException.html...
Generating /home/travis/build/passed/pgjdbc/pgjdbc/pgjdbc/target/apidocs/org/postgresql/jdbc/AbstractBlobClob.html...
Generating /home/travis/build/passed/pgjdbc/pgjdbc/pgjdbc/target/apidocs/org/postgresql/jdbc/BatchResultHandler.html...
Generating /home/travis/build/passed/pgjdbc/pgjdbc/pgjdbc/target/apidocs/org/postgresql/jdbc/CacheMetadata.html...
Generating /home/travis/build/passed/pgjdbc/pgjdbc/pgjdbc/target/apidocs/org/postgresql/jdbc/EscapedFunctions.html...
Generating /home/travis/build/passed/pgjdbc/pgjdbc/pgjdbc/target/apidocs/org/postgresql/jdbc/PgArray.html...
Generating /home/travis/build/passed/pgjdbc/pgjdbc/pgjdbc/target/apidocs/org/postgresql/jdbc/PgBlob.html...
Generating /home/travis/build/passed/pgjdbc/pgjdbc/pgjdbc/target/apidocs/org/postgresql/jdbc/PgClob.html...
Generating /home/travis/build/passed/pgjdbc/pgjdbc/pgjdbc/target/apidocs/org/postgresql/jdbc/PgConnection.html...
Generating /home/travis/build/passed/pgjdbc/pgjdbc/pgjdbc/target/apidocs/org/postgresql/jdbc/PgConnection.AbortCommand.html...
Generating /home/travis/build/passed/pgjdbc/pgjdbc/pgjdbc/target/apidocs/org/postgresql/jdbc/PgDatabaseMetaData.html...
Generating /home/travis/build/passed/pgjdbc/pgjdbc/pgjdbc/target/apidocs/org/postgresql/jdbc/PgParameterMetaData.html...
Generating /home/travis/build/passed/pgjdbc/pgjdbc/pgjdbc/target/apidocs/org/postgresql/jdbc/PgResultSet.html...
Generating /home/travis/build/passed/pgjdbc/pgjdbc/pgjdbc/target/apidocs/org/postgresql/jdbc/PgResultSet.CursorResultHandler.html...
Generating /home/travis/build/passed/pgjdbc/pgjdbc/pgjdbc/target/apidocs/org/postgresql/jdbc/PgResultSetMetaData.html...
Generating /home/travis/build/passed/pgjdbc/pgjdbc/pgjdbc/target/apidocs/org/postgresql/jdbc/PgSQLXML.html...
Generating /home/travis/build/passed/pgjdbc/pgjdbc/pgjdbc/target/apidocs/org/postgresql/jdbc/PgStatement.html...
Generating /home/travis/build/passed/pgjdbc/pgjdbc/pgjdbc/target/apidocs/org/postgresql/jdbc/PgStatement.StatementResultHandler.html...
Generating /home/travis/build/passed/pgjdbc/pgjdbc/pgjdbc/target/apidocs/org/postgresql/jdbc/PSQLSavepoint.html...
Generating /home/travis/build/passed/pgjdbc/pgjdbc/pgjdbc/target/apidocs/org/postgresql/jdbc/ResultWrapper.html...
Generating /home/travis/build/passed/pgjdbc/pgjdbc/pgjdbc/target/apidocs/org/postgresql/jdbc/TimestampUtils.html...
Generating /home/travis/build/passed/pgjdbc/pgjdbc/pgjdbc/target/apidocs/org/postgresql/jdbc/TypeInfoCache.html...
Generating /home/travis/build/passed/pgjdbc/pgjdbc/pgjdbc/target/apidocs/org/postgresql/jdbc/UUIDArrayAssistant.html...
Generating /home/travis/build/passed/pgjdbc/pgjdbc/pgjdbc/target/apidocs/org/postgresql/jdbc2/ArrayAssistant.html...
Generating /home/travis/build/passed/pgjdbc/pgjdbc/pgjdbc/target/apidocs/org/postgresql/jdbc2/ArrayAssistantRegistry.html...
Generating /home/travis/build/passed/pgjdbc/pgjdbc/pgjdbc/target/apidocs/org/postgresql/jdbc2/optional/ConnectionPool.html...
Generating /home/travis/build/passed/pgjdbc/pgjdbc/pgjdbc/target/apidocs/org/postgresql/jdbc2/optional/PoolingDataSource.html...
Generating /home/travis/build/passed/pgjdbc/pgjdbc/pgjdbc/target/apidocs/org/postgresql/jdbc2/optional/SimpleDataSource.html...
Generating /home/travis/build/passed/pgjdbc/pgjdbc/pgjdbc/target/apidocs/org/postgresql/gss/GSSCallbackHandler.html...
Generating /home/travis/build/passed/pgjdbc/pgjdbc/pgjdbc/target/apidocs/org/postgresql/gss/MakeGSS.html...
Generating /home/travis/build/passed/pgjdbc/pgjdbc/pgjdbc/target/apidocs/org/postgresql/jdbc3/Jdbc3ConnectionPool.html...
Generating /home/travis/build/passed/pgjdbc/pgjdbc/pgjdbc/target/apidocs/org/postgresql/jdbc3/Jdbc3PoolingDataSource.html...
Generating /home/travis/build/passed/pgjdbc/pgjdbc/pgjdbc/target/apidocs/org/postgresql/jdbc3/Jdbc3SimpleDataSource.html...
Generating /home/travis/build/passed/pgjdbc/pgjdbc/pgjdbc/target/apidocs/org/postgresql/Driver.html...
Generating /home/travis/build/passed/pgjdbc/pgjdbc/pgjdbc/target/apidocs/org/postgresql/PGConnection.html...
Generating /home/travis/build/passed/pgjdbc/pgjdbc/pgjdbc/target/apidocs/org/postgresql/PGNotification.html...
Generating /home/travis/build/passed/pgjdbc/pgjdbc/pgjdbc/target/apidocs/org/postgresql/PGProperty.html...
Generating /home/travis/build/passed/pgjdbc/pgjdbc/pgjdbc/target/apidocs/org/postgresql/PGRefCursorResultSet.html...
Generating /home/travis/build/passed/pgjdbc/pgjdbc/pgjdbc/target/apidocs/org/postgresql/PGResultSetMetaData.html...
Generating /home/travis/build/passed/pgjdbc/pgjdbc/pgjdbc/target/apidocs/org/postgresql/PGStatement.html...
Generating /home/travis/build/passed/pgjdbc/pgjdbc/pgjdbc/target/apidocs/org/postgresql/fastpath/Fastpath.html...
Generating /home/travis/build/passed/pgjdbc/pgjdbc/pgjdbc/target/apidocs/org/postgresql/fastpath/FastpathArg.html...
Generating /home/travis/build/passed/pgjdbc/pgjdbc/pgjdbc/target/apidocs/org/postgresql/hostchooser/GlobalHostStatusTracker.html...
Generating /home/travis/build/passed/pgjdbc/pgjdbc/pgjdbc/target/apidocs/org/postgresql/hostchooser/HostChooser.html...
Generating /home/travis/build/passed/pgjdbc/pgjdbc/pgjdbc/target/apidocs/org/postgresql/hostchooser/HostChooserFactory.html...
Generating /home/travis/build/passed/pgjdbc/pgjdbc/pgjdbc/target/apidocs/org/postgresql/hostchooser/HostRequirement.html...
Generating /home/travis/build/passed/pgjdbc/pgjdbc/pgjdbc/target/apidocs/org/postgresql/hostchooser/HostStatus.html...
Generating /home/travis/build/passed/pgjdbc/pgjdbc/pgjdbc/target/apidocs/org/postgresql/hostchooser/MultiHostChooser.html...
Generating /home/travis/build/passed/pgjdbc/pgjdbc/pgjdbc/target/apidocs/org/postgresql/hostchooser/SingleHostChooser.html...
Generating /home/travis/build/passed/pgjdbc/pgjdbc/pgjdbc/target/apidocs/org/postgresql/sspi/NTDSAPIWrapper.html...
Generating /home/travis/build/passed/pgjdbc/pgjdbc/pgjdbc/target/apidocs/org/postgresql/sspi/SSPIClient.html...
Generating /home/travis/build/passed/pgjdbc/pgjdbc/pgjdbc/target/apidocs/org/postgresql/osgi/PGBundleActivator.html...
Generating /home/travis/build/passed/pgjdbc/pgjdbc/pgjdbc/target/apidocs/org/postgresql/osgi/PGDataSourceFactory.html...
Generating /home/travis/build/passed/pgjdbc/pgjdbc/pgjdbc/target/apidocs/org/postgresql/ds/common/BaseDataSource.html...
Generating /home/travis/build/passed/pgjdbc/pgjdbc/pgjdbc/target/apidocs/org/postgresql/ds/common/PGObjectFactory.html...
Generating /home/travis/build/passed/pgjdbc/pgjdbc/pgjdbc/target/apidocs/org/postgresql/ds/PGConnectionPoolDataSource.html...
Generating /home/travis/build/passed/pgjdbc/pgjdbc/pgjdbc/target/apidocs/org/postgresql/ds/PGPooledConnection.html...
Generating /home/travis/build/passed/pgjdbc/pgjdbc/pgjdbc/target/apidocs/org/postgresql/ds/PGPoolingDataSource.html...
Generating /home/travis/build/passed/pgjdbc/pgjdbc/pgjdbc/target/apidocs/org/postgresql/ds/PGSimpleDataSource.html...
Generating /home/travis/build/passed/pgjdbc/pgjdbc/pgjdbc/target/apidocs/org/postgresql/copy/CopyIn.html...
Generating /home/travis/build/passed/pgjdbc/pgjdbc/pgjdbc/target/apidocs/org/postgresql/copy/CopyManager.html...
Generating /home/travis/build/passed/pgjdbc/pgjdbc/pgjdbc/target/apidocs/org/postgresql/copy/CopyOperation.html...
Generating /home/travis/build/passed/pgjdbc/pgjdbc/pgjdbc/target/apidocs/org/postgresql/copy/CopyOut.html...
Generating /home/travis/build/passed/pgjdbc/pgjdbc/pgjdbc/target/apidocs/org/postgresql/copy/PGCopyInputStream.html...
Generating /home/travis/build/passed/pgjdbc/pgjdbc/pgjdbc/target/apidocs/org/postgresql/copy/PGCopyOutputStream.html...
Generating /home/travis/build/passed/pgjdbc/pgjdbc/pgjdbc/target/apidocs/org/postgresql/ssl/DbKeyStoreSocketFactory.html...
Generating /home/travis/build/passed/pgjdbc/pgjdbc/pgjdbc/target/apidocs/org/postgresql/ssl/DbKeyStoreSocketFactory.DbKeyStoreSocketException.html...
Generating /home/travis/build/passed/pgjdbc/pgjdbc/pgjdbc/target/apidocs/org/postgresql/ssl/MakeSSL.html...
Generating /home/travis/build/passed/pgjdbc/pgjdbc/pgjdbc/target/apidocs/org/postgresql/ssl/NonValidatingFactory.html...
Generating /home/travis/build/passed/pgjdbc/pgjdbc/pgjdbc/target/apidocs/org/postgresql/ssl/NonValidatingFactory.NonValidatingTM.html...
Generating /home/travis/build/passed/pgjdbc/pgjdbc/pgjdbc/target/apidocs/org/postgresql/ssl/SingleCertValidatingFactory.html...
Generating /home/travis/build/passed/pgjdbc/pgjdbc/pgjdbc/target/apidocs/org/postgresql/ssl/SingleCertValidatingFactory.SingleCertTrustManager.html...
Generating /home/travis/build/passed/pgjdbc/pgjdbc/pgjdbc/target/apidocs/org/postgresql/ssl/WrappedFactory.html...
Generating /home/travis/build/passed/pgjdbc/pgjdbc/pgjdbc/target/apidocs/org/postgresql/ssl/jdbc4/LazyKeyManager.html...
Generating /home/travis/build/passed/pgjdbc/pgjdbc/pgjdbc/target/apidocs/org/postgresql/ssl/jdbc4/LibPQFactory.html...
Generating /home/travis/build/passed/pgjdbc/pgjdbc/pgjdbc/target/apidocs/overview-frame.html...
Generating /home/travis/build/passed/pgjdbc/pgjdbc/pgjdbc/target/apidocs/org/postgresql/package-frame.html...
Generating /home/travis/build/passed/pgjdbc/pgjdbc/pgjdbc/target/apidocs/org/postgresql/package-summary.html...
Generating /home/travis/build/passed/pgjdbc/pgjdbc/pgjdbc/target/apidocs/org/postgresql/package-tree.html...
Generating /home/travis/build/passed/pgjdbc/pgjdbc/pgjdbc/target/apidocs/org/postgresql/copy/package-frame.html...
Generating /home/travis/build/passed/pgjdbc/pgjdbc/pgjdbc/target/apidocs/org/postgresql/copy/package-summary.html...
Generating /home/travis/build/passed/pgjdbc/pgjdbc/pgjdbc/target/apidocs/org/postgresql/copy/package-tree.html...
Generating /home/travis/build/passed/pgjdbc/pgjdbc/pgjdbc/target/apidocs/org/postgresql/core/package-frame.html...
Generating /home/travis/build/passed/pgjdbc/pgjdbc/pgjdbc/target/apidocs/org/postgresql/core/package-summary.html...
Generating /home/travis/build/passed/pgjdbc/pgjdbc/pgjdbc/target/apidocs/org/postgresql/core/package-tree.html...
Generating /home/travis/build/passed/pgjdbc/pgjdbc/pgjdbc/target/apidocs/org/postgresql/core/v2/package-frame.html...
Generating /home/travis/build/passed/pgjdbc/pgjdbc/pgjdbc/target/apidocs/org/postgresql/core/v2/package-summary.html...
Generating /home/travis/build/passed/pgjdbc/pgjdbc/pgjdbc/target/apidocs/org/postgresql/core/v2/package-tree.html...
Generating /home/travis/build/passed/pgjdbc/pgjdbc/pgjdbc/target/apidocs/org/postgresql/core/v3/package-frame.html...
Generating /home/travis/build/passed/pgjdbc/pgjdbc/pgjdbc/target/apidocs/org/postgresql/core/v3/package-summary.html...
Generating /home/travis/build/passed/pgjdbc/pgjdbc/pgjdbc/target/apidocs/org/postgresql/core/v3/package-tree.html...
Generating /home/travis/build/passed/pgjdbc/pgjdbc/pgjdbc/target/apidocs/org/postgresql/ds/package-frame.html...
Generating /home/travis/build/passed/pgjdbc/pgjdbc/pgjdbc/target/apidocs/org/postgresql/ds/package-summary.html...
Generating /home/travis/build/passed/pgjdbc/pgjdbc/pgjdbc/target/apidocs/org/postgresql/ds/package-tree.html...
Generating /home/travis/build/passed/pgjdbc/pgjdbc/pgjdbc/target/apidocs/org/postgresql/ds/common/package-frame.html...
Generating /home/travis/build/passed/pgjdbc/pgjdbc/pgjdbc/target/apidocs/org/postgresql/ds/common/package-summary.html...
Generating /home/travis/build/passed/pgjdbc/pgjdbc/pgjdbc/target/apidocs/org/postgresql/ds/common/package-tree.html...
Generating /home/travis/build/passed/pgjdbc/pgjdbc/pgjdbc/target/apidocs/org/postgresql/fastpath/package-frame.html...
Generating /home/travis/build/passed/pgjdbc/pgjdbc/pgjdbc/target/apidocs/org/postgresql/fastpath/package-summary.html...
Generating /home/travis/build/passed/pgjdbc/pgjdbc/pgjdbc/target/apidocs/org/postgresql/fastpath/package-tree.html...
Generating /home/travis/build/passed/pgjdbc/pgjdbc/pgjdbc/target/apidocs/org/postgresql/geometric/package-frame.html...
Generating /home/travis/build/passed/pgjdbc/pgjdbc/pgjdbc/target/apidocs/org/postgresql/geometric/package-summary.html...
Generating /home/travis/build/passed/pgjdbc/pgjdbc/pgjdbc/target/apidocs/org/postgresql/geometric/package-tree.html...
Generating /home/travis/build/passed/pgjdbc/pgjdbc/pgjdbc/target/apidocs/org/postgresql/gss/package-frame.html...
Generating /home/travis/build/passed/pgjdbc/pgjdbc/pgjdbc/target/apidocs/org/postgresql/gss/package-summary.html...
Generating /home/travis/build/passed/pgjdbc/pgjdbc/pgjdbc/target/apidocs/org/postgresql/gss/package-tree.html...
Generating /home/travis/build/passed/pgjdbc/pgjdbc/pgjdbc/target/apidocs/org/postgresql/hostchooser/package-frame.html...
Generating /home/travis/build/passed/pgjdbc/pgjdbc/pgjdbc/target/apidocs/org/postgresql/hostchooser/package-summary.html...
Generating /home/travis/build/passed/pgjdbc/pgjdbc/pgjdbc/target/apidocs/org/postgresql/hostchooser/package-tree.html...
Generating /home/travis/build/passed/pgjdbc/pgjdbc/pgjdbc/target/apidocs/org/postgresql/jdbc/package-frame.html...
Generating /home/travis/build/passed/pgjdbc/pgjdbc/pgjdbc/target/apidocs/org/postgresql/jdbc/package-summary.html...
Generating /home/travis/build/passed/pgjdbc/pgjdbc/pgjdbc/target/apidocs/org/postgresql/jdbc/package-tree.html...
Generating /home/travis/build/passed/pgjdbc/pgjdbc/pgjdbc/target/apidocs/org/postgresql/jdbc2/package-frame.html...
Generating /home/travis/build/passed/pgjdbc/pgjdbc/pgjdbc/target/apidocs/org/postgresql/jdbc2/package-summary.html...
Generating /home/travis/build/passed/pgjdbc/pgjdbc/pgjdbc/target/apidocs/org/postgresql/jdbc2/package-tree.html...
Generating /home/travis/build/passed/pgjdbc/pgjdbc/pgjdbc/target/apidocs/org/postgresql/jdbc2/optional/package-frame.html...
Generating /home/travis/build/passed/pgjdbc/pgjdbc/pgjdbc/target/apidocs/org/postgresql/jdbc2/optional/package-summary.html...
Generating /home/travis/build/passed/pgjdbc/pgjdbc/pgjdbc/target/apidocs/org/postgresql/jdbc2/optional/package-tree.html...
Generating /home/travis/build/passed/pgjdbc/pgjdbc/pgjdbc/target/apidocs/org/postgresql/jdbc3/package-frame.html...
Generating /home/travis/build/passed/pgjdbc/pgjdbc/pgjdbc/target/apidocs/org/postgresql/jdbc3/package-summary.html...
Generating /home/travis/build/passed/pgjdbc/pgjdbc/pgjdbc/target/apidocs/org/postgresql/jdbc3/package-tree.html...
Generating /home/travis/build/passed/pgjdbc/pgjdbc/pgjdbc/target/apidocs/org/postgresql/largeobject/package-frame.html...
Generating /home/travis/build/passed/pgjdbc/pgjdbc/pgjdbc/target/apidocs/org/postgresql/largeobject/package-summary.html...
Generating /home/travis/build/passed/pgjdbc/pgjdbc/pgjdbc/target/apidocs/org/postgresql/largeobject/package-tree.html...
Generating /home/travis/build/passed/pgjdbc/pgjdbc/pgjdbc/target/apidocs/org/postgresql/osgi/package-frame.html...
Generating /home/travis/build/passed/pgjdbc/pgjdbc/pgjdbc/target/apidocs/org/postgresql/osgi/package-summary.html...
Generating /home/travis/build/passed/pgjdbc/pgjdbc/pgjdbc/target/apidocs/org/postgresql/osgi/package-tree.html...
Generating /home/travis/build/passed/pgjdbc/pgjdbc/pgjdbc/target/apidocs/org/postgresql/ssl/package-frame.html...
Generating /home/travis/build/passed/pgjdbc/pgjdbc/pgjdbc/target/apidocs/org/postgresql/ssl/package-summary.html...
Generating /home/travis/build/passed/pgjdbc/pgjdbc/pgjdbc/target/apidocs/org/postgresql/ssl/package-tree.html...
Generating /home/travis/build/passed/pgjdbc/pgjdbc/pgjdbc/target/apidocs/org/postgresql/ssl/jdbc4/package-frame.html...
Generating /home/travis/build/passed/pgjdbc/pgjdbc/pgjdbc/target/apidocs/org/postgresql/ssl/jdbc4/package-summary.html...
Generating /home/travis/build/passed/pgjdbc/pgjdbc/pgjdbc/target/apidocs/org/postgresql/ssl/jdbc4/package-tree.html...
Generating /home/travis/build/passed/pgjdbc/pgjdbc/pgjdbc/target/apidocs/org/postgresql/sspi/package-frame.html...
Generating /home/travis/build/passed/pgjdbc/pgjdbc/pgjdbc/target/apidocs/org/postgresql/sspi/package-summary.html...
Generating /home/travis/build/passed/pgjdbc/pgjdbc/pgjdbc/target/apidocs/org/postgresql/sspi/package-tree.html...
Generating /home/travis/build/passed/pgjdbc/pgjdbc/pgjdbc/target/apidocs/org/postgresql/util/package-frame.html...
Generating /home/travis/build/passed/pgjdbc/pgjdbc/pgjdbc/target/apidocs/org/postgresql/util/package-summary.html...
Generating /home/travis/build/passed/pgjdbc/pgjdbc/pgjdbc/target/apidocs/org/postgresql/util/package-tree.html...
Generating /home/travis/build/passed/pgjdbc/pgjdbc/pgjdbc/target/apidocs/org/postgresql/xa/package-frame.html...
Generating /home/travis/build/passed/pgjdbc/pgjdbc/pgjdbc/target/apidocs/org/postgresql/xa/package-summary.html...
Generating /home/travis/build/passed/pgjdbc/pgjdbc/pgjdbc/target/apidocs/org/postgresql/xa/package-tree.html...
Generating /home/travis/build/passed/pgjdbc/pgjdbc/pgjdbc/target/apidocs/constant-values.html...
Generating /home/travis/build/passed/pgjdbc/pgjdbc/pgjdbc/target/apidocs/serialized-form.html...
Generating /home/travis/build/passed/pgjdbc/pgjdbc/pgjdbc/target/apidocs/org/postgresql/core/class-use/Version.html...
Generating /home/travis/build/passed/pgjdbc/pgjdbc/pgjdbc/target/apidocs/org/postgresql/core/class-use/ResultHandler.html...
Generating /home/travis/build/passed/pgjdbc/pgjdbc/pgjdbc/target/apidocs/org/postgresql/core/class-use/SetupQueryRunner.html...
Generating /home/travis/build/passed/pgjdbc/pgjdbc/pgjdbc/target/apidocs/org/postgresql/core/class-use/NativeQuery.html...
Generating /home/travis/build/passed/pgjdbc/pgjdbc/pgjdbc/target/apidocs/org/postgresql/core/class-use/CachedQuery.html...
Generating /home/travis/build/passed/pgjdbc/pgjdbc/pgjdbc/target/apidocs/org/postgresql/core/class-use/ServerVersion.html...
Generating /home/travis/build/passed/pgjdbc/pgjdbc/pgjdbc/target/apidocs/org/postgresql/core/class-use/ConnectionFactory.html...
Generating /home/travis/build/passed/pgjdbc/pgjdbc/pgjdbc/target/apidocs/org/postgresql/core/class-use/BaseStatement.html...
Generating /home/travis/build/passed/pgjdbc/pgjdbc/pgjdbc/target/apidocs/org/postgresql/core/class-use/VisibleBufferedInputStream.html...
Generating /home/travis/build/passed/pgjdbc/pgjdbc/pgjdbc/target/apidocs/org/postgresql/core/class-use/BaseConnection.html...
Generating /home/travis/build/passed/pgjdbc/pgjdbc/pgjdbc/target/apidocs/org/postgresql/core/class-use/Logger.html...
Generating /home/travis/build/passed/pgjdbc/pgjdbc/pgjdbc/target/apidocs/org/postgresql/core/class-use/QueryExecutor.html...
Generating /home/travis/build/passed/pgjdbc/pgjdbc/pgjdbc/target/apidocs/org/postgresql/core/class-use/Notification.html...
Generating /home/travis/build/passed/pgjdbc/pgjdbc/pgjdbc/target/apidocs/org/postgresql/core/class-use/Encoding.html...
Generating /home/travis/build/passed/pgjdbc/pgjdbc/pgjdbc/target/apidocs/org/postgresql/core/class-use/TypeInfo.html...
Generating /home/travis/build/passed/pgjdbc/pgjdbc/pgjdbc/target/apidocs/org/postgresql/core/class-use/PGStream.html...
Generating /home/travis/build/passed/pgjdbc/pgjdbc/pgjdbc/target/apidocs/org/postgresql/core/class-use/Field.html...
Generating /home/travis/build/passed/pgjdbc/pgjdbc/pgjdbc/target/apidocs/org/postgresql/core/class-use/PGBindException.html...
Generating /home/travis/build/passed/pgjdbc/pgjdbc/pgjdbc/target/apidocs/org/postgresql/core/class-use/Query.html...
Generating /home/travis/build/passed/pgjdbc/pgjdbc/pgjdbc/target/apidocs/org/postgresql/core/class-use/Parser.html...
Generating /home/travis/build/passed/pgjdbc/pgjdbc/pgjdbc/target/apidocs/org/postgresql/core/class-use/ProtocolConnection.html...
Generating /home/travis/build/passed/pgjdbc/pgjdbc/pgjdbc/target/apidocs/org/postgresql/core/class-use/Utils.html...
Generating /home/travis/build/passed/pgjdbc/pgjdbc/pgjdbc/target/apidocs/org/postgresql/core/class-use/JdbcCallParseInfo.html...
Generating /home/travis/build/passed/pgjdbc/pgjdbc/pgjdbc/target/apidocs/org/postgresql/core/class-use/ParameterList.html...
Generating /home/travis/build/passed/pgjdbc/pgjdbc/pgjdbc/target/apidocs/org/postgresql/core/class-use/Oid.html...
Generating /home/travis/build/passed/pgjdbc/pgjdbc/pgjdbc/target/apidocs/org/postgresql/core/class-use/ResultCursor.html...
Generating /home/travis/build/passed/pgjdbc/pgjdbc/pgjdbc/target/apidocs/org/postgresql/core/class-use/Provider.html...
Generating /home/travis/build/passed/pgjdbc/pgjdbc/pgjdbc/target/apidocs/org/postgresql/core/v3/class-use/ConnectionFactoryImpl.html...
Generating /home/travis/build/passed/pgjdbc/pgjdbc/pgjdbc/target/apidocs/org/postgresql/core/v3/class-use/QueryExecutorImpl.html...
Generating /home/travis/build/passed/pgjdbc/pgjdbc/pgjdbc/target/apidocs/org/postgresql/core/v3/class-use/CopyOutImpl.html...
Generating /home/travis/build/passed/pgjdbc/pgjdbc/pgjdbc/target/apidocs/org/postgresql/core/v3/class-use/CopyOperationImpl.html...
Generating /home/travis/build/passed/pgjdbc/pgjdbc/pgjdbc/target/apidocs/org/postgresql/core/v3/class-use/CopyInImpl.html...
Generating /home/travis/build/passed/pgjdbc/pgjdbc/pgjdbc/target/apidocs/org/postgresql/core/v2/class-use/SocketFactoryFactory.html...
Generating /home/travis/build/passed/pgjdbc/pgjdbc/pgjdbc/target/apidocs/org/postgresql/core/v2/class-use/ConnectionFactoryImpl.html...
Generating /home/travis/build/passed/pgjdbc/pgjdbc/pgjdbc/target/apidocs/org/postgresql/core/v2/class-use/QueryExecutorImpl.html...
Generating /home/travis/build/passed/pgjdbc/pgjdbc/pgjdbc/target/apidocs/org/postgresql/largeobject/class-use/LargeObjectManager.html...
Generating /home/travis/build/passed/pgjdbc/pgjdbc/pgjdbc/target/apidocs/org/postgresql/largeobject/class-use/BlobInputStream.html...
Generating /home/travis/build/passed/pgjdbc/pgjdbc/pgjdbc/target/apidocs/org/postgresql/largeobject/class-use/BlobOutputStream.html...
Generating /home/travis/build/passed/pgjdbc/pgjdbc/pgjdbc/target/apidocs/org/postgresql/largeobject/class-use/LargeObject.html...
Generating /home/travis/build/passed/pgjdbc/pgjdbc/pgjdbc/target/apidocs/org/postgresql/util/class-use/PSQLDriverVersion.html...
Generating /home/travis/build/passed/pgjdbc/pgjdbc/pgjdbc/target/apidocs/org/postgresql/util/class-use/ByteConverter.html...
Generating /home/travis/build/passed/pgjdbc/pgjdbc/pgjdbc/target/apidocs/org/postgresql/util/class-use/PGJDBCMain.html...
Generating /home/travis/build/passed/pgjdbc/pgjdbc/pgjdbc/target/apidocs/org/postgresql/util/class-use/PGtokenizer.html...
Generating /home/travis/build/passed/pgjdbc/pgjdbc/pgjdbc/target/apidocs/org/postgresql/util/class-use/StreamWrapper.html...
Generating /home/travis/build/passed/pgjdbc/pgjdbc/pgjdbc/target/apidocs/org/postgresql/util/class-use/PSQLWarning.html...
Generating /home/travis/build/passed/pgjdbc/pgjdbc/pgjdbc/target/apidocs/org/postgresql/util/class-use/PGInterval.html...
Generating /home/travis/build/passed/pgjdbc/pgjdbc/pgjdbc/target/apidocs/org/postgresql/util/class-use/LruCache.html...
Generating /home/travis/build/passed/pgjdbc/pgjdbc/pgjdbc/target/apidocs/org/postgresql/util/class-use/LruCache.EvictAction.html...
Generating /home/travis/build/passed/pgjdbc/pgjdbc/pgjdbc/target/apidocs/org/postgresql/util/class-use/LruCache.CreateAction.html...
Generating /home/travis/build/passed/pgjdbc/pgjdbc/pgjdbc/target/apidocs/org/postgresql/util/class-use/GT.html...
Generating /home/travis/build/passed/pgjdbc/pgjdbc/pgjdbc/target/apidocs/org/postgresql/util/class-use/ObjectFactory.html...
Generating /home/travis/build/passed/pgjdbc/pgjdbc/pgjdbc/target/apidocs/org/postgresql/util/class-use/CanEstimateSize.html...
Generating /home/travis/build/passed/pgjdbc/pgjdbc/pgjdbc/target/apidocs/org/postgresql/util/class-use/PGmoney.html...
Generating /home/travis/build/passed/pgjdbc/pgjdbc/pgjdbc/target/apidocs/org/postgresql/util/class-use/HostSpec.html...
Generating /home/travis/build/passed/pgjdbc/pgjdbc/pgjdbc/target/apidocs/org/postgresql/util/class-use/PGTimestamp.html...
Generating /home/travis/build/passed/pgjdbc/pgjdbc/pgjdbc/target/apidocs/org/postgresql/util/class-use/SharedTimer.html...
Generating /home/travis/build/passed/pgjdbc/pgjdbc/pgjdbc/target/apidocs/org/postgresql/util/class-use/PSQLException.html...
Generating /home/travis/build/passed/pgjdbc/pgjdbc/pgjdbc/target/apidocs/org/postgresql/util/class-use/HStoreConverter.html...
Generating /home/travis/build/passed/pgjdbc/pgjdbc/pgjdbc/target/apidocs/org/postgresql/util/class-use/PGobject.html...
Generating /home/travis/build/passed/pgjdbc/pgjdbc/pgjdbc/target/apidocs/org/postgresql/util/class-use/ServerErrorMessage.html...
Generating /home/travis/build/passed/pgjdbc/pgjdbc/pgjdbc/target/apidocs/org/postgresql/util/class-use/PGTime.html...
Generating /home/travis/build/passed/pgjdbc/pgjdbc/pgjdbc/target/apidocs/org/postgresql/util/class-use/PSQLState.html...
Generating /home/travis/build/passed/pgjdbc/pgjdbc/pgjdbc/target/apidocs/org/postgresql/util/class-use/Base64.html...
Generating /home/travis/build/passed/pgjdbc/pgjdbc/pgjdbc/target/apidocs/org/postgresql/util/class-use/UnixCrypt.html...
Generating /home/travis/build/passed/pgjdbc/pgjdbc/pgjdbc/target/apidocs/org/postgresql/util/class-use/PGbytea.html...
Generating /home/travis/build/passed/pgjdbc/pgjdbc/pgjdbc/target/apidocs/org/postgresql/util/class-use/PGBinaryObject.html...
Generating /home/travis/build/passed/pgjdbc/pgjdbc/pgjdbc/target/apidocs/org/postgresql/util/class-use/MD5Digest.html...
Generating /home/travis/build/passed/pgjdbc/pgjdbc/pgjdbc/target/apidocs/org/postgresql/geometric/class-use/PGbox.html...
Generating /home/travis/build/passed/pgjdbc/pgjdbc/pgjdbc/target/apidocs/org/postgresql/geometric/class-use/PGcircle.html...
Generating /home/travis/build/passed/pgjdbc/pgjdbc/pgjdbc/target/apidocs/org/postgresql/geometric/class-use/PGlseg.html...
Generating /home/travis/build/passed/pgjdbc/pgjdbc/pgjdbc/target/apidocs/org/postgresql/geometric/class-use/PGpolygon.html...
Generating /home/travis/build/passed/pgjdbc/pgjdbc/pgjdbc/target/apidocs/org/postgresql/geometric/class-use/PGpoint.html...
Generating /home/travis/build/passed/pgjdbc/pgjdbc/pgjdbc/target/apidocs/org/postgresql/geometric/class-use/PGline.html...
Generating /home/travis/build/passed/pgjdbc/pgjdbc/pgjdbc/target/apidocs/org/postgresql/geometric/class-use/PGpath.html...
Generating /home/travis/build/passed/pgjdbc/pgjdbc/pgjdbc/target/apidocs/org/postgresql/xa/class-use/PGXADataSource.html...
Generating /home/travis/build/passed/pgjdbc/pgjdbc/pgjdbc/target/apidocs/org/postgresql/xa/class-use/PGXAException.html...
Generating /home/travis/build/passed/pgjdbc/pgjdbc/pgjdbc/target/apidocs/org/postgresql/xa/class-use/PGXAConnection.html...
Generating /home/travis/build/passed/pgjdbc/pgjdbc/pgjdbc/target/apidocs/org/postgresql/xa/class-use/PGXADataSourceFactory.html...
Generating /home/travis/build/passed/pgjdbc/pgjdbc/pgjdbc/target/apidocs/org/postgresql/jdbc/class-use/AbstractBlobClob.html...
Generating /home/travis/build/passed/pgjdbc/pgjdbc/pgjdbc/target/apidocs/org/postgresql/jdbc/class-use/PgArray.html...
Generating /home/travis/build/passed/pgjdbc/pgjdbc/pgjdbc/target/apidocs/org/postgresql/jdbc/class-use/ResultWrapper.html...
Generating /home/travis/build/passed/pgjdbc/pgjdbc/pgjdbc/target/apidocs/org/postgresql/jdbc/class-use/PgResultSet.html...
Generating /home/travis/build/passed/pgjdbc/pgjdbc/pgjdbc/target/apidocs/org/postgresql/jdbc/class-use/PgResultSet.CursorResultHandler.html...
Generating /home/travis/build/passed/pgjdbc/pgjdbc/pgjdbc/target/apidocs/org/postgresql/jdbc/class-use/PgClob.html...
Generating /home/travis/build/passed/pgjdbc/pgjdbc/pgjdbc/target/apidocs/org/postgresql/jdbc/class-use/PgResultSetMetaData.html...
Generating /home/travis/build/passed/pgjdbc/pgjdbc/pgjdbc/target/apidocs/org/postgresql/jdbc/class-use/TimestampUtils.html...
Generating /home/travis/build/passed/pgjdbc/pgjdbc/pgjdbc/target/apidocs/org/postgresql/jdbc/class-use/PgBlob.html...
Generating /home/travis/build/passed/pgjdbc/pgjdbc/pgjdbc/target/apidocs/org/postgresql/jdbc/class-use/PgStatement.html...
Generating /home/travis/build/passed/pgjdbc/pgjdbc/pgjdbc/target/apidocs/org/postgresql/jdbc/class-use/PgStatement.StatementResultHandler.html...
Generating /home/travis/build/passed/pgjdbc/pgjdbc/pgjdbc/target/apidocs/org/postgresql/jdbc/class-use/PgSQLXML.html...
Generating /home/travis/build/passed/pgjdbc/pgjdbc/pgjdbc/target/apidocs/org/postgresql/jdbc/class-use/UUIDArrayAssistant.html...
Generating /home/travis/build/passed/pgjdbc/pgjdbc/pgjdbc/target/apidocs/org/postgresql/jdbc/class-use/PSQLSavepoint.html...
Generating /home/travis/build/passed/pgjdbc/pgjdbc/pgjdbc/target/apidocs/org/postgresql/jdbc/class-use/TypeInfoCache.html...
Generating /home/travis/build/passed/pgjdbc/pgjdbc/pgjdbc/target/apidocs/org/postgresql/jdbc/class-use/PgConnection.html...
Generating /home/travis/build/passed/pgjdbc/pgjdbc/pgjdbc/target/apidocs/org/postgresql/jdbc/class-use/PgConnection.AbortCommand.html...
Generating /home/travis/build/passed/pgjdbc/pgjdbc/pgjdbc/target/apidocs/org/postgresql/jdbc/class-use/PgParameterMetaData.html...
Generating /home/travis/build/passed/pgjdbc/pgjdbc/pgjdbc/target/apidocs/org/postgresql/jdbc/class-use/BatchResultHandler.html...
Generating /home/travis/build/passed/pgjdbc/pgjdbc/pgjdbc/target/apidocs/org/postgresql/jdbc/class-use/EscapedFunctions.html...
Generating /home/travis/build/passed/pgjdbc/pgjdbc/pgjdbc/target/apidocs/org/postgresql/jdbc/class-use/CacheMetadata.html...
Generating /home/travis/build/passed/pgjdbc/pgjdbc/pgjdbc/target/apidocs/org/postgresql/jdbc/class-use/PgDatabaseMetaData.html...
Generating /home/travis/build/passed/pgjdbc/pgjdbc/pgjdbc/target/apidocs/org/postgresql/jdbc2/class-use/ArrayAssistant.html...
Generating /home/travis/build/passed/pgjdbc/pgjdbc/pgjdbc/target/apidocs/org/postgresql/jdbc2/class-use/ArrayAssistantRegistry.html...
Generating /home/travis/build/passed/pgjdbc/pgjdbc/pgjdbc/target/apidocs/org/postgresql/jdbc2/optional/class-use/PoolingDataSource.html...
Generating /home/travis/build/passed/pgjdbc/pgjdbc/pgjdbc/target/apidocs/org/postgresql/jdbc2/optional/class-use/ConnectionPool.html...
Generating /home/travis/build/passed/pgjdbc/pgjdbc/pgjdbc/target/apidocs/org/postgresql/jdbc2/optional/class-use/SimpleDataSource.html...
Generating /home/travis/build/passed/pgjdbc/pgjdbc/pgjdbc/target/apidocs/org/postgresql/gss/class-use/MakeGSS.html...
Generating /home/travis/build/passed/pgjdbc/pgjdbc/pgjdbc/target/apidocs/org/postgresql/gss/class-use/GSSCallbackHandler.html...
Generating /home/travis/build/passed/pgjdbc/pgjdbc/pgjdbc/target/apidocs/org/postgresql/jdbc3/class-use/Jdbc3ConnectionPool.html...
Generating /home/travis/build/passed/pgjdbc/pgjdbc/pgjdbc/target/apidocs/org/postgresql/jdbc3/class-use/Jdbc3SimpleDataSource.html...
Generating /home/travis/build/passed/pgjdbc/pgjdbc/pgjdbc/target/apidocs/org/postgresql/jdbc3/class-use/Jdbc3PoolingDataSource.html...
Generating /home/travis/build/passed/pgjdbc/pgjdbc/pgjdbc/target/apidocs/org/postgresql/class-use/Driver.html...
Generating /home/travis/build/passed/pgjdbc/pgjdbc/pgjdbc/target/apidocs/org/postgresql/class-use/PGConnection.html...
Generating /home/travis/build/passed/pgjdbc/pgjdbc/pgjdbc/target/apidocs/org/postgresql/class-use/PGRefCursorResultSet.html...
Generating /home/travis/build/passed/pgjdbc/pgjdbc/pgjdbc/target/apidocs/org/postgresql/class-use/PGStatement.html...
Generating /home/travis/build/passed/pgjdbc/pgjdbc/pgjdbc/target/apidocs/org/postgresql/class-use/PGProperty.html...
Generating /home/travis/build/passed/pgjdbc/pgjdbc/pgjdbc/target/apidocs/org/postgresql/class-use/PGNotification.html...
Generating /home/travis/build/passed/pgjdbc/pgjdbc/pgjdbc/target/apidocs/org/postgresql/class-use/PGResultSetMetaData.html...
Generating /home/travis/build/passed/pgjdbc/pgjdbc/pgjdbc/target/apidocs/org/postgresql/fastpath/class-use/FastpathArg.html...
Generating /home/travis/build/passed/pgjdbc/pgjdbc/pgjdbc/target/apidocs/org/postgresql/fastpath/class-use/Fastpath.html...
Generating /home/travis/build/passed/pgjdbc/pgjdbc/pgjdbc/target/apidocs/org/postgresql/hostchooser/class-use/HostRequirement.html...
Generating /home/travis/build/passed/pgjdbc/pgjdbc/pgjdbc/target/apidocs/org/postgresql/hostchooser/class-use/GlobalHostStatusTracker.html...
Generating /home/travis/build/passed/pgjdbc/pgjdbc/pgjdbc/target/apidocs/org/postgresql/hostchooser/class-use/SingleHostChooser.html...
Generating /home/travis/build/passed/pgjdbc/pgjdbc/pgjdbc/target/apidocs/org/postgresql/hostchooser/class-use/HostChooserFactory.html...
Generating /home/travis/build/passed/pgjdbc/pgjdbc/pgjdbc/target/apidocs/org/postgresql/hostchooser/class-use/MultiHostChooser.html...
Generating /home/travis/build/passed/pgjdbc/pgjdbc/pgjdbc/target/apidocs/org/postgresql/hostchooser/class-use/HostChooser.html...
Generating /home/travis/build/passed/pgjdbc/pgjdbc/pgjdbc/target/apidocs/org/postgresql/hostchooser/class-use/HostStatus.html...
Generating /home/travis/build/passed/pgjdbc/pgjdbc/pgjdbc/target/apidocs/org/postgresql/sspi/class-use/SSPIClient.html...
Generating /home/travis/build/passed/pgjdbc/pgjdbc/pgjdbc/target/apidocs/org/postgresql/sspi/class-use/NTDSAPIWrapper.html...
Generating /home/travis/build/passed/pgjdbc/pgjdbc/pgjdbc/target/apidocs/org/postgresql/osgi/class-use/PGDataSourceFactory.html...
Generating /home/travis/build/passed/pgjdbc/pgjdbc/pgjdbc/target/apidocs/org/postgresql/osgi/class-use/PGBundleActivator.html...
Generating /home/travis/build/passed/pgjdbc/pgjdbc/pgjdbc/target/apidocs/org/postgresql/ds/common/class-use/PGObjectFactory.html...
Generating /home/travis/build/passed/pgjdbc/pgjdbc/pgjdbc/target/apidocs/org/postgresql/ds/common/class-use/BaseDataSource.html...
Generating /home/travis/build/passed/pgjdbc/pgjdbc/pgjdbc/target/apidocs/org/postgresql/ds/class-use/PGPooledConnection.html...
Generating /home/travis/build/passed/pgjdbc/pgjdbc/pgjdbc/target/apidocs/org/postgresql/ds/class-use/PGConnectionPoolDataSource.html...
Generating /home/travis/build/passed/pgjdbc/pgjdbc/pgjdbc/target/apidocs/org/postgresql/ds/class-use/PGPoolingDataSource.html...
Generating /home/travis/build/passed/pgjdbc/pgjdbc/pgjdbc/target/apidocs/org/postgresql/ds/class-use/PGSimpleDataSource.html...
Generating /home/travis/build/passed/pgjdbc/pgjdbc/pgjdbc/target/apidocs/org/postgresql/copy/class-use/CopyOperation.html...
Generating /home/travis/build/passed/pgjdbc/pgjdbc/pgjdbc/target/apidocs/org/postgresql/copy/class-use/CopyOut.html...
Generating /home/travis/build/passed/pgjdbc/pgjdbc/pgjdbc/target/apidocs/org/postgresql/copy/class-use/PGCopyInputStream.html...
Generating /home/travis/build/passed/pgjdbc/pgjdbc/pgjdbc/target/apidocs/org/postgresql/copy/class-use/CopyManager.html...
Generating /home/travis/build/passed/pgjdbc/pgjdbc/pgjdbc/target/apidocs/org/postgresql/copy/class-use/PGCopyOutputStream.html...
Generating /home/travis/build/passed/pgjdbc/pgjdbc/pgjdbc/target/apidocs/org/postgresql/copy/class-use/CopyIn.html...
Generating /home/travis/build/passed/pgjdbc/pgjdbc/pgjdbc/target/apidocs/org/postgresql/ssl/class-use/DbKeyStoreSocketFactory.html...
Generating /home/travis/build/passed/pgjdbc/pgjdbc/pgjdbc/target/apidocs/org/postgresql/ssl/class-use/DbKeyStoreSocketFactory.DbKeyStoreSocketException.html...
Generating /home/travis/build/passed/pgjdbc/pgjdbc/pgjdbc/target/apidocs/org/postgresql/ssl/class-use/WrappedFactory.html...
Generating /home/travis/build/passed/pgjdbc/pgjdbc/pgjdbc/target/apidocs/org/postgresql/ssl/class-use/NonValidatingFactory.html...
Generating /home/travis/build/passed/pgjdbc/pgjdbc/pgjdbc/target/apidocs/org/postgresql/ssl/class-use/NonValidatingFactory.NonValidatingTM.html...
Generating /home/travis/build/passed/pgjdbc/pgjdbc/pgjdbc/target/apidocs/org/postgresql/ssl/class-use/SingleCertValidatingFactory.html...
Generating /home/travis/build/passed/pgjdbc/pgjdbc/pgjdbc/target/apidocs/org/postgresql/ssl/class-use/SingleCertValidatingFactory.SingleCertTrustManager.html...
Generating /home/travis/build/passed/pgjdbc/pgjdbc/pgjdbc/target/apidocs/org/postgresql/ssl/class-use/MakeSSL.html...
Generating /home/travis/build/passed/pgjdbc/pgjdbc/pgjdbc/target/apidocs/org/postgresql/ssl/jdbc4/class-use/LibPQFactory.html...
Generating /home/travis/build/passed/pgjdbc/pgjdbc/pgjdbc/target/apidocs/org/postgresql/ssl/jdbc4/class-use/LazyKeyManager.html...
Generating /home/travis/build/passed/pgjdbc/pgjdbc/pgjdbc/target/apidocs/org/postgresql/package-use.html...
Generating /home/travis/build/passed/pgjdbc/pgjdbc/pgjdbc/target/apidocs/org/postgresql/copy/package-use.html...
Generating /home/travis/build/passed/pgjdbc/pgjdbc/pgjdbc/target/apidocs/org/postgresql/core/package-use.html...
Generating /home/travis/build/passed/pgjdbc/pgjdbc/pgjdbc/target/apidocs/org/postgresql/core/v2/package-use.html...
Generating /home/travis/build/passed/pgjdbc/pgjdbc/pgjdbc/target/apidocs/org/postgresql/core/v3/package-use.html...
Generating /home/travis/build/passed/pgjdbc/pgjdbc/pgjdbc/target/apidocs/org/postgresql/ds/package-use.html...
Generating /home/travis/build/passed/pgjdbc/pgjdbc/pgjdbc/target/apidocs/org/postgresql/ds/common/package-use.html...
Generating /home/travis/build/passed/pgjdbc/pgjdbc/pgjdbc/target/apidocs/org/postgresql/fastpath/package-use.html...
Generating /home/travis/build/passed/pgjdbc/pgjdbc/pgjdbc/target/apidocs/org/postgresql/geometric/package-use.html...
Generating /home/travis/build/passed/pgjdbc/pgjdbc/pgjdbc/target/apidocs/org/postgresql/gss/package-use.html...
Generating /home/travis/build/passed/pgjdbc/pgjdbc/pgjdbc/target/apidocs/org/postgresql/hostchooser/package-use.html...
Generating /home/travis/build/passed/pgjdbc/pgjdbc/pgjdbc/target/apidocs/org/postgresql/jdbc/package-use.html...
Generating /home/travis/build/passed/pgjdbc/pgjdbc/pgjdbc/target/apidocs/org/postgresql/jdbc2/package-use.html...
Generating /home/travis/build/passed/pgjdbc/pgjdbc/pgjdbc/target/apidocs/org/postgresql/jdbc2/optional/package-use.html...
Generating /home/travis/build/passed/pgjdbc/pgjdbc/pgjdbc/target/apidocs/org/postgresql/jdbc3/package-use.html...
Generating /home/travis/build/passed/pgjdbc/pgjdbc/pgjdbc/target/apidocs/org/postgresql/largeobject/package-use.html...
Generating /home/travis/build/passed/pgjdbc/pgjdbc/pgjdbc/target/apidocs/org/postgresql/osgi/package-use.html...
Generating /home/travis/build/passed/pgjdbc/pgjdbc/pgjdbc/target/apidocs/org/postgresql/ssl/package-use.html...
Generating /home/travis/build/passed/pgjdbc/pgjdbc/pgjdbc/target/apidocs/org/postgresql/ssl/jdbc4/package-use.html...
Generating /home/travis/build/passed/pgjdbc/pgjdbc/pgjdbc/target/apidocs/org/postgresql/sspi/package-use.html...
Generating /home/travis/build/passed/pgjdbc/pgjdbc/pgjdbc/target/apidocs/org/postgresql/util/package-use.html...
Generating /home/travis/build/passed/pgjdbc/pgjdbc/pgjdbc/target/apidocs/org/postgresql/xa/package-use.html...
Building index for all the packages and classes...
Generating /home/travis/build/passed/pgjdbc/pgjdbc/pgjdbc/target/apidocs/overview-tree.html...
Generating /home/travis/build/passed/pgjdbc/pgjdbc/pgjdbc/target/apidocs/index-all.html...
Generating /home/travis/build/passed/pgjdbc/pgjdbc/pgjdbc/target/apidocs/deprecated-list.html...
Building index for all classes...
Generating /home/travis/build/passed/pgjdbc/pgjdbc/pgjdbc/target/apidocs/allclasses-frame.html...
Generating /home/travis/build/passed/pgjdbc/pgjdbc/pgjdbc/target/apidocs/allclasses-noframe.html...
Generating /home/travis/build/passed/pgjdbc/pgjdbc/pgjdbc/target/apidocs/index.html...
Generating /home/travis/build/passed/pgjdbc/pgjdbc/pgjdbc/target/apidocs/overview-summary.html...
Generating /home/travis/build/passed/pgjdbc/pgjdbc/pgjdbc/target/apidocs/help-doc.html...
Note: Custom tags that could override future standard tags:  @jls. To avoid potential overrides, use at least one period character (.) in custom tag names.
Note: Custom tags that were not seen:  @jls
1 warning
[WARNING] Javadoc Warnings
[WARNING] /home/travis/build/passed/pgjdbc/pgjdbc/pgjdbc/target/gen-src/org/postgresql/jdbc/TimestampUtils.java:1216: warning: no @param for timeZone
[WARNING] public static TimeZone parseBackendTimeZone(String timeZone) {
[WARNING] ^
[INFO] Building jar: /home/travis/build/passed/pgjdbc/pgjdbc/pgjdbc/target/postgresql-9.4.1209-SNAPSHOT-javadoc.jar
[INFO] 
[INFO] --- maven-assembly-plugin:2.6:single (make-assembly) @ postgresql ---
[INFO] Reading assembly descriptor: ../pgjdbc/src/assembly/dist.xml
[INFO] Building tar: /home/travis/build/passed/pgjdbc/pgjdbc/pgjdbc/target/postgresql-9.4.1209-SNAPSHOT-dist.tar.gz
[WARNING] Entry: postgresql-9.4.1209-SNAPSHOT/src/test/java/org/postgresql/test/hostchooser/MultiHostsConnectionTest.java longer than 100 characters.
[WARNING] Resulting tar file can only be processed successfully by GNU compatible tar commands
[WARNING] Entry: postgresql-9.4.1209-SNAPSHOT/src/test/java/org/postgresql/test/jdbc2/ColumnSanitiserDisabledTest.java longer than 100 characters.
[WARNING] Entry: postgresql-9.4.1209-SNAPSHOT/src/test/java/org/postgresql/test/jdbc2/ColumnSanitiserEnabledTest.java longer than 100 characters.
[WARNING] Entry: postgresql-9.4.1209-SNAPSHOT/src/test/java/org/postgresql/test/jdbc2/DatabaseMetaDataPropertiesTest.java longer than 100 characters.
[WARNING] Entry: postgresql-9.4.1209-SNAPSHOT/src/test/java/org/postgresql/test/jdbc2/PreparedStatementBinaryTest.java longer than 100 characters.
[WARNING] Entry: postgresql-9.4.1209-SNAPSHOT/src/test/java/org/postgresql/test/jdbc2/optional/BaseDataSourceTest.java longer than 100 characters.
[WARNING] Entry: postgresql-9.4.1209-SNAPSHOT/src/test/java/org/postgresql/test/jdbc2/optional/CaseOptimiserDataSourceTest.java longer than 100 characters.
[WARNING] Entry: postgresql-9.4.1209-SNAPSHOT/src/test/java/org/postgresql/test/jdbc2/optional/ConnectionPoolTest.java longer than 100 characters.
[WARNING] Entry: postgresql-9.4.1209-SNAPSHOT/src/test/java/org/postgresql/test/jdbc2/optional/OptionalTestSuite.java longer than 100 characters.
[WARNING] Entry: postgresql-9.4.1209-SNAPSHOT/src/test/java/org/postgresql/test/jdbc2/optional/PoolingDataSourceTest.java longer than 100 characters.
[WARNING] Entry: postgresql-9.4.1209-SNAPSHOT/src/test/java/org/postgresql/test/jdbc2/optional/SimpleDataSourceTest.java longer than 100 characters.
[WARNING] Entry: postgresql-9.4.1209-SNAPSHOT/src/test/java/org/postgresql/test/jdbc2/optional/SimpleDataSourceWithUrlTest.java longer than 100 characters.
[WARNING] Entry: postgresql-9.4.1209-SNAPSHOT/src/test/java/org/postgresql/test/jdbc3/Jdbc3CallableStatementTest.java longer than 100 characters.
[WARNING] Entry: postgresql-9.4.1209-SNAPSHOT/src/test/java/org/postgresql/test/jdbc4/jdbc41/CloseOnCompletionTest.java longer than 100 characters.
[WARNING] Entry: postgresql-9.4.1209-SNAPSHOT/src/test/java/org/postgresql/test/jdbc42/CustomizeDefaultFetchSizeTest.java longer than 100 characters.
[WARNING] Entry: postgresql-9.4.1209-SNAPSHOT/src/test/java/org/postgresql/test/socketfactory/CustomSocketFactory.java longer than 100 characters.
[WARNING] Entry: postgresql-9.4.1209-SNAPSHOT/src/test/java/org/postgresql/test/socketfactory/SocketFactoryTestSuite.java longer than 100 characters.
[WARNING] Entry: postgresql-9.4.1209-SNAPSHOT/src/test/java/org/postgresql/test/ssl/SingleCertValidatingFactoryTestSuite.java longer than 100 characters.
[WARNING] Entry: postgresql-9.4.1209-SNAPSHOT/doc/org/postgresql/jdbc/class-use/PgStatement.StatementResultHandler.html longer than 100 characters.
[WARNING] Entry: postgresql-9.4.1209-SNAPSHOT/doc/org/postgresql/ssl/DbKeyStoreSocketFactory.DbKeyStoreSocketException.html longer than 100 characters.
[WARNING] Entry: postgresql-9.4.1209-SNAPSHOT/doc/org/postgresql/ssl/SingleCertValidatingFactory.SingleCertTrustManager.html longer than 100 characters.
[WARNING] Entry: postgresql-9.4.1209-SNAPSHOT/doc/org/postgresql/ssl/class-use/DbKeyStoreSocketFactory.DbKeyStoreSocketException.html longer than 100 characters.
[WARNING] Entry: postgresql-9.4.1209-SNAPSHOT/doc/org/postgresql/ssl/class-use/NonValidatingFactory.NonValidatingTM.html longer than 100 characters.
[WARNING] Entry: postgresql-9.4.1209-SNAPSHOT/doc/org/postgresql/ssl/class-use/SingleCertValidatingFactory.SingleCertTrustManager.html longer than 100 characters.
[INFO]                                                                         
[INFO] ------------------------------------------------------------------------
[INFO] Building PostgreSQL JDBC Driver - benchmarks 9.4.1209-SNAPSHOT
[INFO] ------------------------------------------------------------------------
[INFO] 
[INFO] --- maven-clean-plugin:2.5:clean (default-clean) @ pgjdbc-benchmark ---
[INFO] 
[INFO] --- jacoco-maven-plugin:0.7.5.201505241946:prepare-agent (default) @ pgjdbc-benchmark ---
[INFO] argLine set to -javaagent:/home/travis/.m2/passed/org/jacoco/org.jacoco.agent/0.7.5.201505241946/org.jacoco.agent-0.7.5.201505241946-runtime.jar=destfile=/home/travis/build/passed/pgjdbc/pgjdbc/ubenchmark/target/jacoco.exec -Xmx512m
[INFO] 
[INFO] --- maven-antrun-plugin:1.7:run (create-unzipjdkant.xml) @ pgjdbc-benchmark ---
[INFO] Executing tasks

main:
     [echo] Generating /home/travis/build/passed/pgjdbc/pgjdbc/ubenchmark/target/unzip-jdk-ant.xml
[INFO] Executed tasks
[INFO] 
[INFO] --- jcp:6.0.1:preprocess (preprocessSources) @ pgjdbc-benchmark ---
[INFO] Added MAVEN property mvn.project.name=PostgreSQL JDBC Driver - benchmarks
[INFO] Added MAVEN property mvn.project.version=9.4.1209-SNAPSHOT
[INFO] Added MAVEN property mvn.project.url=https://github.com/pgjdbc/pgjdbc
[INFO] Added MAVEN property mvn.project.packaging=jar
[INFO] Added MAVEN property mvn.project.modelversion=4.0.0
[INFO] Added MAVEN property mvn.project.inceptionyear=
[INFO] Added MAVEN property mvn.project.id=org.postgresql:pgjdbc-benchmark:jar:9.4.1209-SNAPSHOT
[INFO] Added MAVEN property mvn.project.groupid=org.postgresql
[INFO] Added MAVEN property mvn.project.description=PostgreSQL JDBC Driver - benchmarks
[INFO] Added MAVEN property mvn.project.artifact.id=org.postgresql:pgjdbc-benchmark:jar:9.4.1209-SNAPSHOT
[INFO] Added MAVEN property mvn.project.artifact.artifactid=pgjdbc-benchmark
[INFO] Added MAVEN property mvn.project.artifact.baseversion=9.4.1209-SNAPSHOT
[INFO] Added MAVEN property mvn.project.artifact.dependencyconflictid=org.postgresql:pgjdbc-benchmark:jar
[INFO] Added MAVEN property mvn.project.artifact.downloadurl=
[INFO] Added MAVEN property mvn.project.artifact.groupid=org.postgresql
[INFO] Added MAVEN property mvn.project.artifact.scope=
[INFO] Added MAVEN property mvn.project.artifact.type=jar
[INFO] Added MAVEN property mvn.project.artifact.version=9.4.1209-SNAPSHOT
[INFO] Added MAVEN property mvn.project.build.directory=/home/travis/build/passed/pgjdbc/pgjdbc/ubenchmark/target
[INFO] Added MAVEN property mvn.project.build.defaultgoal=
[INFO] Added MAVEN property mvn.project.build.outputdirectory=/home/travis/build/passed/pgjdbc/pgjdbc/ubenchmark/target/classes
[INFO] Added MAVEN property mvn.project.build.scriptsourcedirectory=/home/travis/build/passed/pgjdbc/pgjdbc/ubenchmark/src/main/scripts
[INFO] Added MAVEN property mvn.project.build.sourcedirectory=/home/travis/build/passed/pgjdbc/pgjdbc/ubenchmark/src/main/java
[INFO] Added MAVEN property mvn.project.build.testoutputdirectory=/home/travis/build/passed/pgjdbc/pgjdbc/ubenchmark/target/test-classes
[INFO] Added MAVEN property mvn.project.build.testsourcedirectory=/home/travis/build/passed/pgjdbc/pgjdbc/ubenchmark/src/test/java
[INFO] Added MAVEN property mvn.project.organization.name=PostgreSQL Global Development Group
[INFO] Added MAVEN property mvn.project.organization.url=http://jdbc.postgresql.org/
[INFO] Added MAVEN property mvn.project.activeprofiles=release-artifacts;standard-with-extra-repos
[INFO] Added MAVEN property mvn.project.property.current.jdk=1.8
[INFO] Added MAVEN property mvn.project.property.postgresql.driver.fullversion=PostgreSQL JDBC${jdbc.specification.version}
[INFO] Added MAVEN property mvn.project.property.waffle-jna.version=1.7
[INFO] Added MAVEN property mvn.project.property.template.default.pg.port=5432
[INFO] Added MAVEN property mvn.project.property.skip.unzip-jdk-src=true
[INFO] Added MAVEN property mvn.project.property.jmh.version=1.11.2
[INFO] Added MAVEN property mvn.project.property.uberjar.name=benchmarks
[INFO] Added MAVEN property mvn.project.property.postgresql.jdbc.spec=JDBC${jdbc.specification.version}
[INFO] Added MAVEN property mvn.project.property.project.build.sourceencoding=UTF-8
[INFO] Added MAVEN property mvn.project.property.postgresql.preprocessed.sources.directory=/home/travis/build/passed/pgjdbc/pgjdbc/ubenchmark/target/gen-src
[INFO] Added MAVEN property mvn.project.property.unzip.jdk.ant.build.xml=/home/travis/build/passed/pgjdbc/pgjdbc/ubenchmark/target/unzip-jdk-ant.xml
[INFO] Added MAVEN property mvn.project.property.argline=-javaagent:/home/travis/.m2/passed/org/jacoco/org.jacoco.agent/0.7.5.201505241946/org.jacoco.agent-0.7.5.201505241946-runtime.jar=destfile=/home/travis/build/passed/pgjdbc/pgjdbc/ubenchmark/target/jacoco.exec -Xmx512m
[INFO] Preprocess sources : /home/travis/build/passed/pgjdbc/pgjdbc/ubenchmark/src/main/java
[INFO] Preprocess destination : /home/travis/build/passed/pgjdbc/pgjdbc/ubenchmark/target/gen-src
[INFO] -----------------------------------------------------------------
[INFO] Completed, preprocessed 13 files, copied 0 files, elapsed time 608ms
[INFO] A Compile source root has been removed from the root list [/home/travis/build/passed/pgjdbc/pgjdbc/ubenchmark/src/main/java]
[INFO] The New compile source root has been added into the list [/home/travis/build/passed/pgjdbc/pgjdbc/ubenchmark/target/gen-src]
[INFO] 
[INFO] --- maven-resources-plugin:2.6:resources (default-resources) @ pgjdbc-benchmark ---
[INFO] Using 'UTF-8' encoding to copy filtered resources.
[INFO] skip non existing resourceDirectory /home/travis/build/passed/pgjdbc/pgjdbc/ubenchmark/src/main/resources
[INFO] 
[INFO] --- maven-compiler-plugin:3.3:compile (default-compile) @ pgjdbc-benchmark ---
[INFO] Compiling 13 source files to /home/travis/build/passed/pgjdbc/pgjdbc/ubenchmark/target/classes
[INFO] 
[INFO] --- maven-resources-plugin:2.6:testResources (default-testResources) @ pgjdbc-benchmark ---
[INFO] Using 'UTF-8' encoding to copy filtered resources.
[INFO] skip non existing resourceDirectory /home/travis/build/passed/pgjdbc/pgjdbc/ubenchmark/src/test/resources
[INFO] 
[INFO] --- maven-compiler-plugin:3.3:testCompile (default-testCompile) @ pgjdbc-benchmark ---
[INFO] No sources to compile
[INFO] 
[INFO] --- maven-surefire-plugin:2.18.1:test (default-test) @ pgjdbc-benchmark ---
[INFO] No tests to run.
[INFO] 
[INFO] --- jacoco-maven-plugin:0.7.5.201505241946:report (report) @ pgjdbc-benchmark ---
[INFO] Skipping JaCoCo execution due to missing execution data file:/home/travis/build/passed/pgjdbc/pgjdbc/ubenchmark/target/jacoco.exec
[INFO] 
[INFO] --- maven-jar-plugin:2.6:jar (default-jar) @ pgjdbc-benchmark ---
[INFO] Building jar: /home/travis/build/passed/pgjdbc/pgjdbc/ubenchmark/target/pgjdbc-benchmark-9.4.1209-SNAPSHOT.jar
[INFO] 
[INFO] --- maven-shade-plugin:2.2:shade (default) @ pgjdbc-benchmark ---
[INFO] Including org.openjdk.jmh:jmh-core:jar:1.11.2 in the shaded jar.
[INFO] Including net.sf.jopt-simple:jopt-simple:jar:4.6 in the shaded jar.
[INFO] Including org.apache.commons:commons-math3:jar:3.2 in the shaded jar.
[INFO] Including org.postgresql:postgresql:jar:9.4.1209-SNAPSHOT in the shaded jar.
[INFO] Replacing /home/travis/build/passed/pgjdbc/pgjdbc/ubenchmark/target/benchmarks.jar with /home/travis/build/passed/pgjdbc/pgjdbc/ubenchmark/target/pgjdbc-benchmark-9.4.1209-SNAPSHOT-shaded.jar
[INFO] 
[INFO] --- maven-source-plugin:2.4:jar-no-fork (attach-sources-no-fork) @ pgjdbc-benchmark ---
[INFO] Building jar: /home/travis/build/passed/pgjdbc/pgjdbc/ubenchmark/target/pgjdbc-benchmark-9.4.1209-SNAPSHOT-sources.jar
[INFO] 
[INFO] --- maven-javadoc-plugin:2.10.3:jar (attach-javadocs) @ pgjdbc-benchmark ---
[INFO] 
Loading source files for package org.postgresql.benchmark.statement...
Loading source files for package org.postgresql.benchmark.profilers...
Loading source files for package org.postgresql.benchmark.encoding...
Loading source files for package org.postgresql.benchmark.time...
Loading source files for package org.postgresql.benchmark.connection...
Loading source files for package org.postgresql.util...
Constructing Javadoc information...
Standard Doclet version 1.8.0_31
Building tree for all the packages and classes...
Generating /home/travis/build/passed/pgjdbc/pgjdbc/ubenchmark/target/apidocs/org/postgresql/benchmark/statement/BindBoolean.html...
Generating /home/travis/build/passed/pgjdbc/pgjdbc/ubenchmark/target/apidocs/org/postgresql/benchmark/statement/BindTimestamp.html...
Generating /home/travis/build/passed/pgjdbc/pgjdbc/ubenchmark/target/apidocs/org/postgresql/benchmark/statement/FinalizeStatement.html...
Generating /home/travis/build/passed/pgjdbc/pgjdbc/ubenchmark/target/apidocs/org/postgresql/benchmark/statement/InsertBatch.html...
Generating /home/travis/build/passed/pgjdbc/pgjdbc/ubenchmark/target/apidocs/org/postgresql/benchmark/statement/ParseStatement.html...
Generating /home/travis/build/passed/pgjdbc/pgjdbc/ubenchmark/target/apidocs/org/postgresql/benchmark/statement/ProcessResultSet.html...
Generating /home/travis/build/passed/pgjdbc/pgjdbc/ubenchmark/target/apidocs/org/postgresql/benchmark/statement/ProcessResultSet.FieldType.html...
Generating /home/travis/build/passed/pgjdbc/pgjdbc/ubenchmark/target/apidocs/org/postgresql/benchmark/statement/ProcessResultSet.GetterType.html...
Generating /home/travis/build/passed/pgjdbc/pgjdbc/ubenchmark/target/apidocs/org/postgresql/benchmark/profilers/FlightRecorderProfiler.html...
Generating /home/travis/build/passed/pgjdbc/pgjdbc/ubenchmark/target/apidocs/org/postgresql/benchmark/encoding/UTF8Encoding.html...
Generating /home/travis/build/passed/pgjdbc/pgjdbc/ubenchmark/target/apidocs/org/postgresql/benchmark/time/AddPaddingZeros.html...
Generating /home/travis/build/passed/pgjdbc/pgjdbc/ubenchmark/target/apidocs/org/postgresql/benchmark/time/TimestampToDate.html...
Generating /home/travis/build/passed/pgjdbc/pgjdbc/ubenchmark/target/apidocs/org/postgresql/benchmark/time/TimestampToTime.html...
Generating /home/travis/build/passed/pgjdbc/pgjdbc/ubenchmark/target/apidocs/org/postgresql/benchmark/connection/FinalizeConnection.html...
Generating /home/travis/build/passed/pgjdbc/pgjdbc/ubenchmark/target/apidocs/org/postgresql/util/ConnectionUtil.html...
Generating /home/travis/build/passed/pgjdbc/pgjdbc/ubenchmark/target/apidocs/overview-frame.html...
Generating /home/travis/build/passed/pgjdbc/pgjdbc/ubenchmark/target/apidocs/org/postgresql/benchmark/connection/package-frame.html...
Generating /home/travis/build/passed/pgjdbc/pgjdbc/ubenchmark/target/apidocs/org/postgresql/benchmark/connection/package-summary.html...
Generating /home/travis/build/passed/pgjdbc/pgjdbc/ubenchmark/target/apidocs/org/postgresql/benchmark/connection/package-tree.html...
Generating /home/travis/build/passed/pgjdbc/pgjdbc/ubenchmark/target/apidocs/org/postgresql/benchmark/encoding/package-frame.html...
Generating /home/travis/build/passed/pgjdbc/pgjdbc/ubenchmark/target/apidocs/org/postgresql/benchmark/encoding/package-summary.html...
Generating /home/travis/build/passed/pgjdbc/pgjdbc/ubenchmark/target/apidocs/org/postgresql/benchmark/encoding/package-tree.html...
Generating /home/travis/build/passed/pgjdbc/pgjdbc/ubenchmark/target/apidocs/org/postgresql/benchmark/profilers/package-frame.html...
Generating /home/travis/build/passed/pgjdbc/pgjdbc/ubenchmark/target/apidocs/org/postgresql/benchmark/profilers/package-summary.html...
Generating /home/travis/build/passed/pgjdbc/pgjdbc/ubenchmark/target/apidocs/org/postgresql/benchmark/profilers/package-tree.html...
Generating /home/travis/build/passed/pgjdbc/pgjdbc/ubenchmark/target/apidocs/org/postgresql/benchmark/statement/package-frame.html...
Generating /home/travis/build/passed/pgjdbc/pgjdbc/ubenchmark/target/apidocs/org/postgresql/benchmark/statement/package-summary.html...
Generating /home/travis/build/passed/pgjdbc/pgjdbc/ubenchmark/target/apidocs/org/postgresql/benchmark/statement/package-tree.html...
Generating /home/travis/build/passed/pgjdbc/pgjdbc/ubenchmark/target/apidocs/org/postgresql/benchmark/time/package-frame.html...
Generating /home/travis/build/passed/pgjdbc/pgjdbc/ubenchmark/target/apidocs/org/postgresql/benchmark/time/package-summary.html...
Generating /home/travis/build/passed/pgjdbc/pgjdbc/ubenchmark/target/apidocs/org/postgresql/benchmark/time/package-tree.html...
Generating /home/travis/build/passed/pgjdbc/pgjdbc/ubenchmark/target/apidocs/org/postgresql/util/package-frame.html...
Generating /home/travis/build/passed/pgjdbc/pgjdbc/ubenchmark/target/apidocs/org/postgresql/util/package-summary.html...
Generating /home/travis/build/passed/pgjdbc/pgjdbc/ubenchmark/target/apidocs/org/postgresql/util/package-tree.html...
Generating /home/travis/build/passed/pgjdbc/pgjdbc/ubenchmark/target/apidocs/constant-values.html...
Generating /home/travis/build/passed/pgjdbc/pgjdbc/ubenchmark/target/apidocs/org/postgresql/benchmark/statement/class-use/BindTimestamp.html...
Generating /home/travis/build/passed/pgjdbc/pgjdbc/ubenchmark/target/apidocs/org/postgresql/benchmark/statement/class-use/ProcessResultSet.html...
Generating /home/travis/build/passed/pgjdbc/pgjdbc/ubenchmark/target/apidocs/org/postgresql/benchmark/statement/class-use/ProcessResultSet.FieldType.html...
Generating /home/travis/build/passed/pgjdbc/pgjdbc/ubenchmark/target/apidocs/org/postgresql/benchmark/statement/class-use/ProcessResultSet.GetterType.html...
Generating /home/travis/build/passed/pgjdbc/pgjdbc/ubenchmark/target/apidocs/org/postgresql/benchmark/statement/class-use/FinalizeStatement.html...
Generating /home/travis/build/passed/pgjdbc/pgjdbc/ubenchmark/target/apidocs/org/postgresql/benchmark/statement/class-use/InsertBatch.html...
Generating /home/travis/build/passed/pgjdbc/pgjdbc/ubenchmark/target/apidocs/org/postgresql/benchmark/statement/class-use/BindBoolean.html...
Generating /home/travis/build/passed/pgjdbc/pgjdbc/ubenchmark/target/apidocs/org/postgresql/benchmark/statement/class-use/ParseStatement.html...
Generating /home/travis/build/passed/pgjdbc/pgjdbc/ubenchmark/target/apidocs/org/postgresql/benchmark/profilers/class-use/FlightRecorderProfiler.html...
Generating /home/travis/build/passed/pgjdbc/pgjdbc/ubenchmark/target/apidocs/org/postgresql/benchmark/encoding/class-use/UTF8Encoding.html...
Generating /home/travis/build/passed/pgjdbc/pgjdbc/ubenchmark/target/apidocs/org/postgresql/benchmark/time/class-use/TimestampToDate.html...
Generating /home/travis/build/passed/pgjdbc/pgjdbc/ubenchmark/target/apidocs/org/postgresql/benchmark/time/class-use/AddPaddingZeros.html...
Generating /home/travis/build/passed/pgjdbc/pgjdbc/ubenchmark/target/apidocs/org/postgresql/benchmark/time/class-use/TimestampToTime.html...
Generating /home/travis/build/passed/pgjdbc/pgjdbc/ubenchmark/target/apidocs/org/postgresql/benchmark/connection/class-use/FinalizeConnection.html...
Generating /home/travis/build/passed/pgjdbc/pgjdbc/ubenchmark/target/apidocs/org/postgresql/util/class-use/ConnectionUtil.html...
Generating /home/travis/build/passed/pgjdbc/pgjdbc/ubenchmark/target/apidocs/org/postgresql/benchmark/connection/package-use.html...
Generating /home/travis/build/passed/pgjdbc/pgjdbc/ubenchmark/target/apidocs/org/postgresql/benchmark/encoding/package-use.html...
Generating /home/travis/build/passed/pgjdbc/pgjdbc/ubenchmark/target/apidocs/org/postgresql/benchmark/profilers/package-use.html...
Generating /home/travis/build/passed/pgjdbc/pgjdbc/ubenchmark/target/apidocs/org/postgresql/benchmark/statement/package-use.html...
Generating /home/travis/build/passed/pgjdbc/pgjdbc/ubenchmark/target/apidocs/org/postgresql/benchmark/time/package-use.html...
Generating /home/travis/build/passed/pgjdbc/pgjdbc/ubenchmark/target/apidocs/org/postgresql/util/package-use.html...
Building index for all the packages and classes...
Generating /home/travis/build/passed/pgjdbc/pgjdbc/ubenchmark/target/apidocs/overview-tree.html...
Generating /home/travis/build/passed/pgjdbc/pgjdbc/ubenchmark/target/apidocs/index-all.html...
Generating /home/travis/build/passed/pgjdbc/pgjdbc/ubenchmark/target/apidocs/deprecated-list.html...
Building index for all classes...
Generating /home/travis/build/passed/pgjdbc/pgjdbc/ubenchmark/target/apidocs/allclasses-frame.html...
Generating /home/travis/build/passed/pgjdbc/pgjdbc/ubenchmark/target/apidocs/allclasses-noframe.html...
Generating /home/travis/build/passed/pgjdbc/pgjdbc/ubenchmark/target/apidocs/index.html...
Generating /home/travis/build/passed/pgjdbc/pgjdbc/ubenchmark/target/apidocs/overview-summary.html...
Generating /home/travis/build/passed/pgjdbc/pgjdbc/ubenchmark/target/apidocs/help-doc.html...
[INFO] Building jar: /home/travis/build/passed/pgjdbc/pgjdbc/ubenchmark/target/pgjdbc-benchmark-9.4.1209-SNAPSHOT-javadoc.jar
[INFO]                                                                         
[INFO] ------------------------------------------------------------------------
[INFO] Building PostgreSQL JDBC Driver aggregate 9.4.1209-SNAPSHOT
[INFO] ------------------------------------------------------------------------
[INFO] 
[INFO] --- maven-clean-plugin:2.5:clean (default-clean) @ pgjdbc-aggregate ---
[INFO] 
[INFO] --- jacoco-maven-plugin:0.7.5.201505241946:prepare-agent (default) @ pgjdbc-aggregate ---
[INFO] argLine set to -javaagent:/home/travis/.m2/passed/org/jacoco/org.jacoco.agent/0.7.5.201505241946/org.jacoco.agent-0.7.5.201505241946-runtime.jar=destfile=/home/travis/build/passed/pgjdbc/pgjdbc/target/jacoco.exec -Xmx512m
[INFO] 
[INFO] --- maven-antrun-plugin:1.7:run (create-unzipjdkant.xml) @ pgjdbc-aggregate ---
[INFO] Executing tasks

main:
     [echo] Generating /home/travis/build/passed/pgjdbc/pgjdbc/target/unzip-jdk-ant.xml
[INFO] Executed tasks
[INFO] 
[INFO] --- jacoco-maven-plugin:0.7.5.201505241946:report (report) @ pgjdbc-aggregate ---
[INFO] Skipping JaCoCo execution due to missing execution data file:/home/travis/build/passed/pgjdbc/pgjdbc/target/jacoco.exec
[INFO] ------------------------------------------------------------------------
[INFO] Reactor Summary:
[INFO] 
[INFO] PostgreSQL JDBC Driver - JDBC 4.2 .................. SUCCESS [03:44 min]
[INFO] PostgreSQL JDBC Driver - benchmarks ................ SUCCESS [ 17.276 s]
[INFO] PostgreSQL JDBC Driver aggregate ................... SUCCESS [  0.812 s]
[INFO] ------------------------------------------------------------------------
[INFO] BUILD SUCCESS
[INFO] ------------------------------------------------------------------------
[INFO] Total time: 04:33 min
[INFO] Finished at: 2022-01-19T14:58:15+00:00
[INFO] Final Memory: 54M/539M
[INFO] ------------------------------------------------------------------------
+[[ Y == \Y ]]
+pip install --user codecov
Collecting codecov
  Could not find any downloads that satisfy the requirement codecov
  No distributions at all found for codecov

travis_time:end:1ace065c:start=1642604020842076069,finish=1642604309075275649,duration=288233199580[0K
[31;1mThe command "./travis_build.sh" exited with 1.[0m
travis_fold:start:before_cache[0Ktravis_time:start:24a3b54c[0K$ rm -rf $HOME/.m2/repository/org/postgresql

travis_time:end:24a3b54c:start=1642604309085855038,finish=1642604309096156064,duration=10301026[0Ktravis_fold:end:before_cache[0Ktravis_fold:start:cache.2[0Kstore build cache
travis_fold:end:cache.2[0K
Done. Your build exited with 1.
